
          -------------------------------------------------------
          Amber 18 PMEMD                              2018
          -------------------------------------------------------

| PMEMD implementation of SANDER, Release 18

| Run on 07/07/2021 at 08:21:45

|   Executable path: pmemd.cuda
| Working directory: /home/bozhanng/Abs_MD/HEPC3_Fv_crystal_PG_relaxed
|          Hostname: bf21

  [-O]verwriting output

File Assignments:
|   MDIN: heat100K.in                                                           
|  MDOUT: heat100K_HEPC3_Fv_crystal_PG_relaxed.out                              
| INPCRD: minall_HEPC3_Fv_crystal_PG_relaxed.crd                                
|   PARM: HEPC3_Fv_crystal_PG_relaxed.parm7                                     
| RESTRT: heat100K_HEPC3_Fv_crystal_PG_relaxed.crd                              
|   REFC: refc                                                                  
|  MDVEL: mdvel                                                                 
|   MDEN: mden                                                                  
|  MDCRD: heat100K_HEPC3_Fv_crystal_PG_relaxed.nc                               
| MDINFO: mdinfo                                                                
|  MDFRC: mdfrc                                                                 


 Here is the input file:

Heating from 0 to 100 K                                                        
 &cntrl                                                                        
  imin=0,         ! Molecular dynamics                                         
  ntx=1,          ! Coordinates formatted with no initial velocities           
  irest=0,        ! No restart velocities assigned                             
  ntc=2,          ! SHAKE algorithm bonds with hydrogen                        
  ntf=2,          ! No force evaluation bonds with hydrogen                    
  tol=0.0000001,  ! SHAKE tolerance                                            
  nstlim=250000,  ! Number of MD steps                                         
  ntt=3,          ! Langevin dynamics                                          
  gamma_ln=5.0,   ! Collision frequency Langevin dynamics                      
  ig=-1,          ! Random seed Langevin dynamics                              
  ntpr=2500,                                                                   
  ntwr=2500,                                                                   
  ntwx=2500,      ! Write to trajectory file every ntwx steps                  
  dt=0.0001,       ! Timestep (ps)                                             
  ntb=1,	  ! Constant volume periodic boundary conditions                      
  ntp=0,                                                                       
  cut=8.0,                                                                     
  tempi=0.0,	  ! Starting temperature is 0 K from minimization                 
  TEMP0=100.0,    ! Reference temperature (held here)                          
 &end                                                                          
END                                                                            
END                                                                            


Note: ig = -1. Setting random seed to   821714 based on wallclock time in 
      microseconds.
| irandom = 1, using AMBER's internal random number generator (default).
 
|--------------------- INFORMATION ----------------------
| GPU (CUDA) Version of PMEMD in use: NVIDIA GPU IN USE.
|                    Version 18.0.0
| 
|                      03/25/2018
| 
| Implementation by:
|                    Ross C. Walker     (SDSC)
|                    Scott Le Grand     (nVIDIA)
| 
| Version 18 performance extensions by:
|                    David Cerutti     (Rutgers)
| 
| Precision model in use:
|      [SPFP] - Single Precision Forces, 64-bit Fixed Point
|               Accumulation. (Default)
| 
|--------------------------------------------------------
 
|----------------- CITATION INFORMATION -----------------
|
|    When publishing work that utilized the CUDA version
|    of AMBER, please cite the following in addition to
|    the regular AMBER citations:
|
|  - Romelia Salomon-Ferrer; Andreas W. Goetz; Duncan
|    Poole; Scott Le Grand; Ross C. Walker "Routine
|    microsecond molecular dynamics simulations with
|    AMBER - Part II: Particle Mesh Ewald", J. Chem.
|    Theory Comput., 2013, 9 (9), pp3878-3888,
|    DOI: 10.1021/ct400314y.
|
|  - Andreas W. Goetz; Mark J. Williamson; Dong Xu;
|    Duncan Poole; Scott Le Grand; Ross C. Walker
|    "Routine microsecond molecular dynamics simulations
|    with AMBER - Part I: Generalized Born", J. Chem.
|    Theory Comput., 2012, 8 (5), pp1542-1555.
|
|  - Scott Le Grand; Andreas W. Goetz; Ross C. Walker
|    "SPFP: Speed without compromise - a mixed precision
|    model for GPU accelerated molecular dynamics
|    simulations.", Comp. Phys. Comm., 2013, 184
|    pp374-380, DOI: 10.1016/j.cpc.2012.09.022
|
|--------------------------------------------------------
 
|------------------- GPU DEVICE INFO --------------------
|
|            CUDA_VISIBLE_DEVICES: 1
|   CUDA Capable Devices Detected:      1
|           CUDA Device ID in use:      0
|                CUDA Device Name: GeForce GTX 1080
|     CUDA Device Global Mem Size:   8119 MB
| CUDA Device Num Multiprocessors:     20
|           CUDA Device Core Freq:   1.73 GHz
|
|--------------------------------------------------------
 
 
| Conditional Compilation Defines Used:
| PUBFFT
| BINTRAJ
| MKL
| CUDA
| EMIL

| Largest sphere to fit in unit cell has radius =    32.997

| New format PARM file being parsed.
| Version =    1.000 Date = 07/07/21 Time = 08:05:04

| Note: 1-4 EEL scale factors are being read from the topology file.

| Note: 1-4 VDW scale factors are being read from the topology file.
| Duplicated    0 dihedrals

| Duplicated    0 dihedrals

--------------------------------------------------------------------------------
   1.  RESOURCE   USE: 
--------------------------------------------------------------------------------

 getting box info from netcdf restart file
 NATOM  =   44179 NTYPES =      18 NBONH =   32225 MBONA  =   11992
 NTHETH =    3888 MTHETA =    2478 NPHIH =    8196 MPHIA  =    7867
 NHPARM =       0 NPARM  =       0 NNB   =   90468 NRES   =   10405
 NBONA  =   11992 NTHETA =    2478 NPHIA =    7867 NUMBND =      72
 NUMANG =     171 NPTRA  =     194 NATYP =      36 NPHB   =       1
 IFBOX  =       1 NMXRS  =      25 IFCAP =       0 NEXTRA =   10168
 NCOPY  =       0

| Coordinate Index Table dimensions:    15   14   17
| Direct force subcell size =     4.6776    4.7139    4.5181

     BOX TYPE: RECTILINEAR

--------------------------------------------------------------------------------
   2.  CONTROL  DATA  FOR  THE  RUN
--------------------------------------------------------------------------------

default_name                                                                    

General flags:
     imin    =       0, nmropt  =       0

Nature and format of input:
     ntx     =       1, irest   =       0, ntrx    =       1

Nature and format of output:
     ntxo    =       2, ntpr    =    2500, ntrx    =       1, ntwr    =    2500
     iwrap   =       0, ntwx    =    2500, ntwv    =       0, ntwe    =       0
     ioutfm  =       1, ntwprt  =       0, idecomp =       0, rbornstat=      0

Potential function:
     ntf     =       2, ntb     =       1, igb     =       0, nsnb    =      25
     ipol    =       0, gbsa    =       0, iesp    =       0
     dielc   =   1.00000, cut     =   8.00000, intdiel =   1.00000

Frozen or restrained atoms:
     ibelly  =       0, ntr     =       0

Molecular dynamics:
     nstlim  =    250000, nscm    =      1000, nrespa  =         1
     t       =   0.00000, dt      =   0.00010, vlimit  =  -1.00000

Langevin dynamics temperature regulation:
     ig      =  821714
     temp0   = 100.00000, tempi   =   0.00000, gamma_ln=   5.00000

SHAKE:
     ntc     =       2, jfastw  =       0
     tol     =   0.00000

| Intermolecular bonds treatment:
|     no_intermolecular_bonds =       1

| Energy averages sample interval:
|     ene_avg_sampling =    2500

Extra-points options:
     frameon =       1, chngmask=       1

Ewald parameters:
     verbose =       0, ew_type =       0, nbflag  =       1, use_pme =       1
     vdwmeth =       1, eedmeth =       1, netfrc  =       1
     Box X =   70.164   Box Y =   65.995   Box Z =   76.807
     Alpha =   90.000   Beta  =   90.000   Gamma =   90.000
     NFFT1 =   72       NFFT2 =   64       NFFT3 =   80
     Cutoff=    8.000   Tol   =0.100E-04
     Ewald Coefficient =  0.34864
     Interpolation order =    4
|      EXTRA_PTS, trim_bonds: num bonds BEFORE trim = 32225     0
|      EXTRA_PTS, trim_bonds: num bonds AFTER  trim = 32225     0
|      EXTRA_PTS, trim_bonds: num bonds BEFORE trim = 11992     0
|      EXTRA_PTS, trim_bonds: num bonds AFTER  trim =  1824     0
|      EXTRA_PTS, trim_theta: num angle BEFORE trim =  3888     0
|      EXTRA_PTS, trim_theta: num angle AFTER  trim =  3888     0
|      EXTRA_PTS, trim_theta: num angle BEFORE trim =  2478     0
|      EXTRA_PTS, trim_theta: num angle AFTER  trim =  2478     0
|      EXTRA_PTS, trim_phi:  num diheds BEFORE trim =  8196     0
|      EXTRA_PTS, trim_phi:  num diheds AFTER  trim =  8196     0
|      EXTRA_PTS, trim_phi:  num diheds BEFORE trim =  7867     0
|      EXTRA_PTS, trim_phi:  num diheds AFTER  trim =  7867     0

--------------------------------------------------------------------------------
   3.  ATOMIC COORDINATES AND VELOCITIES
--------------------------------------------------------------------------------

default_name                                                                    
 begin time read from input coords =    35.000 ps

 
 Number of triangulated 3-point waters found:    10168

     Sum of charges from parm topology file =   0.00005562
     Forcing neutrality...

| Dynamic Memory, Types Used:
| Reals             1292717
| Integers          2862630

| Nonbonded Pairs Initial Allocation:     7378997

| GPU memory information (estimate):
| KB of GPU memory in use:         0
| KB of CPU memory in use:         0

--------------------------------------------------------------------------------
   4.  RESULTS
--------------------------------------------------------------------------------


 NSTEP =        0   TIME(PS) =       0.000  TEMP(K) =     0.00  PRESS =     0.0
 Etot   =   -131621.6834  EKtot   =         0.0000  EPtot      =   -131621.6834
 BOND   =       661.6975  ANGLE   =      1658.3857  DIHED      =      1340.0663
 1-4 NB =       768.6322  1-4 EEL =      8837.4778  VDWAALS    =     15979.3084
 EELEC  =   -160867.2514  EHBOND  =         0.0000  RESTRAINT  =         0.0000
 ------------------------------------------------------------------------------


 NSTEP =     2500   TIME(PS) =       0.250  TEMP(K) =   127.74  PRESS =     0.0
 Etot   =   -138066.2500  EKtot   =      8859.8994  EPtot      =   -146926.1494
 BOND   =       315.1894  ANGLE   =       844.4312  DIHED      =      1122.2260
 1-4 NB =       701.5358  1-4 EEL =      8824.6381  VDWAALS    =     18457.1370
 EELEC  =   -177191.3069  EHBOND  =         0.0000  RESTRAINT  =         0.0000
 ------------------------------------------------------------------------------


 NSTEP =     5000   TIME(PS) =       0.500  TEMP(K) =   112.16  PRESS =     0.0
 Etot   =   -141093.7992  EKtot   =      7779.8335  EPtot      =   -148873.6327
 BOND   =       288.8785  ANGLE   =       807.8432  DIHED      =      1094.3163
 1-4 NB =       699.1112  1-4 EEL =      8829.2912  VDWAALS    =     19865.3377
 EELEC  =   -180458.4108  EHBOND  =         0.0000  RESTRAINT  =         0.0000
 ------------------------------------------------------------------------------


 NSTEP =     7500   TIME(PS) =       0.750  TEMP(K) =   106.04  PRESS =     0.0
 Etot   =   -142424.3102  EKtot   =      7354.9292  EPtot      =   -149779.2394
 BOND   =       288.8856  ANGLE   =       813.0216  DIHED      =      1093.2596
 1-4 NB =       687.5247  1-4 EEL =      8810.1742  VDWAALS    =     20363.9879
 EELEC  =   -181836.0930  EHBOND  =         0.0000  RESTRAINT  =         0.0000
 ------------------------------------------------------------------------------


 NSTEP =    10000   TIME(PS) =       1.000  TEMP(K) =   102.20  PRESS =     0.0
 Etot   =   -143220.8710  EKtot   =      7088.4326  EPtot      =   -150309.3036
 BOND   =       276.6301  ANGLE   =       828.9642  DIHED      =      1092.8529
 1-4 NB =       706.0216  1-4 EEL =      8818.9103  VDWAALS    =     20902.3121
 EELEC  =   -182934.9947  EHBOND  =         0.0000  RESTRAINT  =         0.0000
 ------------------------------------------------------------------------------


 NSTEP =    12500   TIME(PS) =       1.250  TEMP(K) =   102.12  PRESS =     0.0
 Etot   =   -143622.4929  EKtot   =      7082.8667  EPtot      =   -150705.3596
 BOND   =       307.4965  ANGLE   =       804.9720  DIHED      =      1097.8037
 1-4 NB =       689.6343  1-4 EEL =      8826.6814  VDWAALS    =     21111.8822
 EELEC  =   -183543.8298  EHBOND  =         0.0000  RESTRAINT  =         0.0000
 ------------------------------------------------------------------------------


 NSTEP =    15000   TIME(PS) =       1.500  TEMP(K) =   101.73  PRESS =     0.0
 Etot   =   -143821.6697  EKtot   =      7056.0454  EPtot      =   -150877.7151
 BOND   =       285.6473  ANGLE   =       804.8570  DIHED      =      1092.1187
 1-4 NB =       703.3908  1-4 EEL =      8817.5290  VDWAALS    =     21140.3806
 EELEC  =   -183721.6385  EHBOND  =         0.0000  RESTRAINT  =         0.0000
 ------------------------------------------------------------------------------


 NSTEP =    17500   TIME(PS) =       1.750  TEMP(K) =   100.27  PRESS =     0.0
 Etot   =   -144112.3606  EKtot   =      6954.8730  EPtot      =   -151067.2336
 BOND   =       288.1647  ANGLE   =       793.1167  DIHED      =      1092.4342
 1-4 NB =       690.9209  1-4 EEL =      8814.6830  VDWAALS    =     21261.8881
 EELEC  =   -184008.4413  EHBOND  =         0.0000  RESTRAINT  =         0.0000
 ------------------------------------------------------------------------------


 NSTEP =    20000   TIME(PS) =       2.000  TEMP(K) =   101.69  PRESS =     0.0
 Etot   =   -144178.8345  EKtot   =      7053.2573  EPtot      =   -151232.0918
 BOND   =       284.7130  ANGLE   =       774.2589  DIHED      =      1095.4258
 1-4 NB =       703.6404  1-4 EEL =      8830.1078  VDWAALS    =     21370.4335
 EELEC  =   -184290.6712  EHBOND  =         0.0000  RESTRAINT  =         0.0000
 ------------------------------------------------------------------------------


 NSTEP =    22500   TIME(PS) =       2.250  TEMP(K) =   100.75  PRESS =     0.0
 Etot   =   -144348.7152  EKtot   =      6987.9185  EPtot      =   -151336.6336
 BOND   =       294.5766  ANGLE   =       807.9480  DIHED      =      1101.5103
 1-4 NB =       693.6036  1-4 EEL =      8776.7277  VDWAALS    =     21465.0041
 EELEC  =   -184476.0039  EHBOND  =         0.0000  RESTRAINT  =         0.0000
 ------------------------------------------------------------------------------


 NSTEP =    25000   TIME(PS) =       2.500  TEMP(K) =   100.26  PRESS =     0.0
 Etot   =   -144399.3181  EKtot   =      6954.4722  EPtot      =   -151353.7903
 BOND   =       292.5496  ANGLE   =       791.2859  DIHED      =      1098.9161
 1-4 NB =       696.0924  1-4 EEL =      8831.0662  VDWAALS    =     21519.2525
 EELEC  =   -184582.9529  EHBOND  =         0.0000  RESTRAINT  =         0.0000
 ------------------------------------------------------------------------------


 NSTEP =    27500   TIME(PS) =       2.750  TEMP(K) =   100.13  PRESS =     0.0
 Etot   =   -144537.6647  EKtot   =      6945.0225  EPtot      =   -151482.6872
 BOND   =       289.6150  ANGLE   =       777.7481  DIHED      =      1095.3689
 1-4 NB =       700.4092  1-4 EEL =      8827.8366  VDWAALS    =     21793.7029
 EELEC  =   -184967.3679  EHBOND  =         0.0000  RESTRAINT  =         0.0000
 ------------------------------------------------------------------------------


 NSTEP =    30000   TIME(PS) =       3.000  TEMP(K) =    99.99  PRESS =     0.0
 Etot   =   -144623.6817  EKtot   =      6935.4263  EPtot      =   -151559.1079
 BOND   =       292.9472  ANGLE   =       800.5938  DIHED      =      1097.5544
 1-4 NB =       684.6492  1-4 EEL =      8824.2774  VDWAALS    =     21834.5277
 EELEC  =   -185093.6578  EHBOND  =         0.0000  RESTRAINT  =         0.0000
 ------------------------------------------------------------------------------


 NSTEP =    32500   TIME(PS) =       3.250  TEMP(K) =   101.31  PRESS =     0.0
 Etot   =   -144617.8478  EKtot   =      7026.8354  EPtot      =   -151644.6832
 BOND   =       297.8537  ANGLE   =       781.4231  DIHED      =      1099.9939
 1-4 NB =       687.4578  1-4 EEL =      8858.7208  VDWAALS    =     22071.3186
 EELEC  =   -185441.4512  EHBOND  =         0.0000  RESTRAINT  =         0.0000
 ------------------------------------------------------------------------------


 NSTEP =    35000   TIME(PS) =       3.500  TEMP(K) =    99.58  PRESS =     0.0
 Etot   =   -144774.2511  EKtot   =      6907.0654  EPtot      =   -151681.3165
 BOND   =       303.7081  ANGLE   =       775.2775  DIHED      =      1102.5518
 1-4 NB =       693.0486  1-4 EEL =      8836.5189  VDWAALS    =     21927.1405
 EELEC  =   -185319.5620  EHBOND  =         0.0000  RESTRAINT  =         0.0000
 ------------------------------------------------------------------------------


 NSTEP =    37500   TIME(PS) =       3.750  TEMP(K) =    99.25  PRESS =     0.0
 Etot   =   -144812.1389  EKtot   =      6884.2363  EPtot      =   -151696.3752
 BOND   =       291.9777  ANGLE   =       788.6824  DIHED      =      1096.1185
 1-4 NB =       702.6236  1-4 EEL =      8866.4929  VDWAALS    =     22004.1676
 EELEC  =   -185446.4379  EHBOND  =         0.0000  RESTRAINT  =         0.0000
 ------------------------------------------------------------------------------


 NSTEP =    40000   TIME(PS) =       4.000  TEMP(K) =    99.68  PRESS =     0.0
 Etot   =   -144939.6991  EKtot   =      6913.9727  EPtot      =   -151853.6718
 BOND   =       282.7990  ANGLE   =       798.5056  DIHED      =      1086.5285
 1-4 NB =       690.7532  1-4 EEL =      8823.1943  VDWAALS    =     22090.5676
 EELEC  =   -185626.0199  EHBOND  =         0.0000  RESTRAINT  =         0.0000
 ------------------------------------------------------------------------------


 NSTEP =    42500   TIME(PS) =       4.250  TEMP(K) =    98.79  PRESS =     0.0
 Etot   =   -144941.9961  EKtot   =      6852.1914  EPtot      =   -151794.1875
 BOND   =       295.3538  ANGLE   =       793.6703  DIHED      =      1098.7211
 1-4 NB =       710.4798  1-4 EEL =      8833.6181  VDWAALS    =     22353.1017
 EELEC  =   -185879.1323  EHBOND  =         0.0000  RESTRAINT  =         0.0000
 ------------------------------------------------------------------------------


 NSTEP =    45000   TIME(PS) =       4.500  TEMP(K) =    99.94  PRESS =     0.0
 Etot   =   -145025.3705  EKtot   =      6931.9741  EPtot      =   -151957.3446
 BOND   =       284.6575  ANGLE   =       780.5704  DIHED      =      1094.7123
 1-4 NB =       695.9575  1-4 EEL =      8835.1231  VDWAALS    =     22178.7610
 EELEC  =   -185827.1264  EHBOND  =         0.0000  RESTRAINT  =         0.0000
 ------------------------------------------------------------------------------


 NSTEP =    47500   TIME(PS) =       4.750  TEMP(K) =   100.67  PRESS =     0.0
 Etot   =   -144983.9478  EKtot   =      6982.6396  EPtot      =   -151966.5875
 BOND   =       281.3730  ANGLE   =       779.8843  DIHED      =      1086.5574
 1-4 NB =       710.1506  1-4 EEL =      8855.0449  VDWAALS    =     22238.0096
 EELEC  =   -185917.6073  EHBOND  =         0.0000  RESTRAINT  =         0.0000
 ------------------------------------------------------------------------------


 NSTEP =    50000   TIME(PS) =       5.000  TEMP(K) =   100.85  PRESS =     0.0
 Etot   =   -144989.5432  EKtot   =      6994.7173  EPtot      =   -151984.2605
 BOND   =       283.6817  ANGLE   =       790.6735  DIHED      =      1082.5507
 1-4 NB =       701.7812  1-4 EEL =      8807.7148  VDWAALS    =     22341.9641
 EELEC  =   -185992.6266  EHBOND  =         0.0000  RESTRAINT  =         0.0000
 ------------------------------------------------------------------------------


 NSTEP =    52500   TIME(PS) =       5.250  TEMP(K) =   100.94  PRESS =     0.0
 Etot   =   -144962.8933  EKtot   =      7001.0439  EPtot      =   -151963.9373
 BOND   =       291.7170  ANGLE   =       781.3182  DIHED      =      1082.9169
 1-4 NB =       699.3141  1-4 EEL =      8874.5095  VDWAALS    =     22340.9176
 EELEC  =   -186034.6305  EHBOND  =         0.0000  RESTRAINT  =         0.0000
 ------------------------------------------------------------------------------


 NSTEP =    55000   TIME(PS) =       5.500  TEMP(K) =    99.60  PRESS =     0.0
 Etot   =   -145158.1607  EKtot   =      6908.0083  EPtot      =   -152066.1690
 BOND   =       294.2933  ANGLE   =       789.1967  DIHED      =      1086.1115
 1-4 NB =       691.4790  1-4 EEL =      8844.2978  VDWAALS    =     22470.0566
 EELEC  =   -186241.6038  EHBOND  =         0.0000  RESTRAINT  =         0.0000
 ------------------------------------------------------------------------------


 NSTEP =    57500   TIME(PS) =       5.750  TEMP(K) =   100.33  PRESS =     0.0
 Etot   =   -145093.8381  EKtot   =      6958.6548  EPtot      =   -152052.4929
 BOND   =       295.0309  ANGLE   =       793.0335  DIHED      =      1091.3839
 1-4 NB =       692.1304  1-4 EEL =      8837.5526  VDWAALS    =     22670.3408
 EELEC  =   -186431.9649  EHBOND  =         0.0000  RESTRAINT  =         0.0000
 ------------------------------------------------------------------------------


 NSTEP =    60000   TIME(PS) =       6.000  TEMP(K) =    99.85  PRESS =     0.0
 Etot   =   -145232.0519  EKtot   =      6925.7041  EPtot      =   -152157.7560
 BOND   =       274.6462  ANGLE   =       782.1212  DIHED      =      1098.9023
 1-4 NB =       703.5558  1-4 EEL =      8839.7884  VDWAALS    =     22642.0826
 EELEC  =   -186498.8525  EHBOND  =         0.0000  RESTRAINT  =         0.0000
 ------------------------------------------------------------------------------


 NSTEP =    62500   TIME(PS) =       6.250  TEMP(K) =   100.27  PRESS =     0.0
 Etot   =   -145199.2442  EKtot   =      6954.9434  EPtot      =   -152154.1876
 BOND   =       287.7844  ANGLE   =       795.8887  DIHED      =      1094.9341
 1-4 NB =       690.5940  1-4 EEL =      8837.1919  VDWAALS    =     22453.8485
 EELEC  =   -186314.4292  EHBOND  =         0.0000  RESTRAINT  =         0.0000
 ------------------------------------------------------------------------------


 NSTEP =    65000   TIME(PS) =       6.500  TEMP(K) =   100.39  PRESS =     0.0
 Etot   =   -145177.5088  EKtot   =      6963.1519  EPtot      =   -152140.6606
 BOND   =       304.3345  ANGLE   =       804.7493  DIHED      =      1082.8282
 1-4 NB =       694.2980  1-4 EEL =      8817.6238  VDWAALS    =     22549.9734
 EELEC  =   -186394.4678  EHBOND  =         0.0000  RESTRAINT  =         0.0000
 ------------------------------------------------------------------------------


 NSTEP =    67500   TIME(PS) =       6.750  TEMP(K) =   100.22  PRESS =     0.0
 Etot   =   -145223.3493  EKtot   =      6951.5913  EPtot      =   -152174.9406
 BOND   =       306.9280  ANGLE   =       791.9404  DIHED      =      1093.7188
 1-4 NB =       707.1165  1-4 EEL =      8838.6619  VDWAALS    =     22544.0104
 EELEC  =   -186457.3166  EHBOND  =         0.0000  RESTRAINT  =         0.0000
 ------------------------------------------------------------------------------


 NSTEP =    70000   TIME(PS) =       7.000  TEMP(K) =   102.19  PRESS =     0.0
 Etot   =   -145122.4317  EKtot   =      7088.1040  EPtot      =   -152210.5357
 BOND   =       293.8845  ANGLE   =       798.5117  DIHED      =      1083.4188
 1-4 NB =       700.9783  1-4 EEL =      8797.0313  VDWAALS    =     22643.5103
 EELEC  =   -186527.8705  EHBOND  =         0.0000  RESTRAINT  =         0.0000
 ------------------------------------------------------------------------------


 NSTEP =    72500   TIME(PS) =       7.250  TEMP(K) =    99.91  PRESS =     0.0
 Etot   =   -145243.7357  EKtot   =      6929.7725  EPtot      =   -152173.5082
 BOND   =       295.8213  ANGLE   =       787.6864  DIHED      =      1092.1971
 1-4 NB =       694.1838  1-4 EEL =      8828.8210  VDWAALS    =     22683.4291
 EELEC  =   -186555.6470  EHBOND  =         0.0000  RESTRAINT  =         0.0000
 ------------------------------------------------------------------------------


 NSTEP =    75000   TIME(PS) =       7.500  TEMP(K) =   100.33  PRESS =     0.0
 Etot   =   -145311.0855  EKtot   =      6958.9404  EPtot      =   -152270.0259
 BOND   =       290.5076  ANGLE   =       764.5120  DIHED      =      1101.3998
 1-4 NB =       700.3527  1-4 EEL =      8851.5715  VDWAALS    =     22518.4763
 EELEC  =   -186496.8459  EHBOND  =         0.0000  RESTRAINT  =         0.0000
 ------------------------------------------------------------------------------


 NSTEP =    77500   TIME(PS) =       7.750  TEMP(K) =   100.20  PRESS =     0.0
 Etot   =   -145302.0666  EKtot   =      6949.9434  EPtot      =   -152252.0100
 BOND   =       294.8132  ANGLE   =       782.9350  DIHED      =      1091.9529
 1-4 NB =       701.2423  1-4 EEL =      8795.3238  VDWAALS    =     22499.1077
 EELEC  =   -186417.3847  EHBOND  =         0.0000  RESTRAINT  =         0.0000
 ------------------------------------------------------------------------------


 NSTEP =    80000   TIME(PS) =       8.000  TEMP(K) =   100.74  PRESS =     0.0
 Etot   =   -145338.4042  EKtot   =      6987.7666  EPtot      =   -152326.1708
 BOND   =       291.6486  ANGLE   =       797.5819  DIHED      =      1087.8581
 1-4 NB =       681.3403  1-4 EEL =      8828.7431  VDWAALS    =     22612.6301
 EELEC  =   -186625.9728  EHBOND  =         0.0000  RESTRAINT  =         0.0000
 ------------------------------------------------------------------------------


 NSTEP =    82500   TIME(PS) =       8.250  TEMP(K) =   100.49  PRESS =     0.0
 Etot   =   -145312.0028  EKtot   =      6970.3062  EPtot      =   -152282.3089
 BOND   =       286.1339  ANGLE   =       811.3421  DIHED      =      1090.5795
 1-4 NB =       699.9630  1-4 EEL =      8825.2228  VDWAALS    =     22573.9741
 EELEC  =   -186569.5243  EHBOND  =         0.0000  RESTRAINT  =         0.0000
 ------------------------------------------------------------------------------


 NSTEP =    85000   TIME(PS) =       8.500  TEMP(K) =   100.88  PRESS =     0.0
 Etot   =   -145311.2808  EKtot   =      6996.8672  EPtot      =   -152308.1479
 BOND   =       282.6517  ANGLE   =       806.6873  DIHED      =      1084.6184
 1-4 NB =       703.7656  1-4 EEL =      8865.3395  VDWAALS    =     22524.2317
 EELEC  =   -186575.4421  EHBOND  =         0.0000  RESTRAINT  =         0.0000
 ------------------------------------------------------------------------------


 NSTEP =    87500   TIME(PS) =       8.750  TEMP(K) =   100.30  PRESS =     0.0
 Etot   =   -145345.2077  EKtot   =      6956.8242  EPtot      =   -152302.0319
 BOND   =       299.1135  ANGLE   =       785.9527  DIHED      =      1084.9566
 1-4 NB =       695.9739  1-4 EEL =      8828.4531  VDWAALS    =     22564.3046
 EELEC  =   -186560.7862  EHBOND  =         0.0000  RESTRAINT  =         0.0000
 ------------------------------------------------------------------------------


 NSTEP =    90000   TIME(PS) =       9.000  TEMP(K) =   100.63  PRESS =     0.0
 Etot   =   -145410.4175  EKtot   =      6980.0542  EPtot      =   -152390.4717
 BOND   =       298.8111  ANGLE   =       791.2400  DIHED      =      1090.5148
 1-4 NB =       688.6514  1-4 EEL =      8831.3589  VDWAALS    =     22495.0951
 EELEC  =   -186586.1429  EHBOND  =         0.0000  RESTRAINT  =         0.0000
 ------------------------------------------------------------------------------


 NSTEP =    92500   TIME(PS) =       9.250  TEMP(K) =   101.34  PRESS =     0.0
 Etot   =   -145391.7740  EKtot   =      7029.3706  EPtot      =   -152421.1447
 BOND   =       283.3512  ANGLE   =       791.7544  DIHED      =      1092.7859
 1-4 NB =       707.8857  1-4 EEL =      8852.4517  VDWAALS    =     22571.9077
 EELEC  =   -186721.2812  EHBOND  =         0.0000  RESTRAINT  =         0.0000
 ------------------------------------------------------------------------------


 NSTEP =    95000   TIME(PS) =       9.500  TEMP(K) =   100.12  PRESS =     0.0
 Etot   =   -145446.6608  EKtot   =      6944.6157  EPtot      =   -152391.2765
 BOND   =       306.0754  ANGLE   =       794.1054  DIHED      =      1099.5311
 1-4 NB =       693.2193  1-4 EEL =      8831.5247  VDWAALS    =     22720.3182
 EELEC  =   -186836.0505  EHBOND  =         0.0000  RESTRAINT  =         0.0000
 ------------------------------------------------------------------------------


 NSTEP =    97500   TIME(PS) =       9.750  TEMP(K) =    99.45  PRESS =     0.0
 Etot   =   -145512.1879  EKtot   =      6897.7256  EPtot      =   -152409.9135
 BOND   =       293.8350  ANGLE   =       809.6837  DIHED      =      1096.8985
 1-4 NB =       687.2335  1-4 EEL =      8819.3912  VDWAALS    =     22624.8043
 EELEC  =   -186741.7597  EHBOND  =         0.0000  RESTRAINT  =         0.0000
 ------------------------------------------------------------------------------


 NSTEP =   100000   TIME(PS) =      10.000  TEMP(K) =    99.74  PRESS =     0.0
 Etot   =   -145435.4816  EKtot   =      6917.7583  EPtot      =   -152353.2399
 BOND   =       295.4777  ANGLE   =       783.0702  DIHED      =      1094.8113
 1-4 NB =       686.8273  1-4 EEL =      8776.5345  VDWAALS    =     22651.8501
 EELEC  =   -186641.8109  EHBOND  =         0.0000  RESTRAINT  =         0.0000
 ------------------------------------------------------------------------------


 NSTEP =   102500   TIME(PS) =      10.250  TEMP(K) =   100.14  PRESS =     0.0
 Etot   =   -145455.8534  EKtot   =      6945.8799  EPtot      =   -152401.7333
 BOND   =       285.3919  ANGLE   =       778.5427  DIHED      =      1097.8449
 1-4 NB =       693.8105  1-4 EEL =      8859.2137  VDWAALS    =     22606.4988
 EELEC  =   -186723.0358  EHBOND  =         0.0000  RESTRAINT  =         0.0000
 ------------------------------------------------------------------------------


 NSTEP =   105000   TIME(PS) =      10.500  TEMP(K) =    99.73  PRESS =     0.0
 Etot   =   -145534.5805  EKtot   =      6917.1411  EPtot      =   -152451.7216
 BOND   =       298.6064  ANGLE   =       790.7157  DIHED      =      1092.7532
 1-4 NB =       700.4828  1-4 EEL =      8830.9072  VDWAALS    =     22730.3341
 EELEC  =   -186895.5209  EHBOND  =         0.0000  RESTRAINT  =         0.0000
 ------------------------------------------------------------------------------


 NSTEP =   107500   TIME(PS) =      10.750  TEMP(K) =   100.81  PRESS =     0.0
 Etot   =   -145438.5050  EKtot   =      6992.2715  EPtot      =   -152430.7764
 BOND   =       298.5266  ANGLE   =       808.5852  DIHED      =      1079.0614
 1-4 NB =       697.0946  1-4 EEL =      8807.7045  VDWAALS    =     22731.5889
 EELEC  =   -186853.3378  EHBOND  =         0.0000  RESTRAINT  =         0.0000
 ------------------------------------------------------------------------------


 NSTEP =   110000   TIME(PS) =      11.000  TEMP(K) =   100.24  PRESS =     0.0
 Etot   =   -145453.6495  EKtot   =      6952.5156  EPtot      =   -152406.1652
 BOND   =       288.6799  ANGLE   =       795.9486  DIHED      =      1089.1593
 1-4 NB =       698.8933  1-4 EEL =      8853.9815  VDWAALS    =     22719.0329
 EELEC  =   -186851.8608  EHBOND  =         0.0000  RESTRAINT  =         0.0000
 ------------------------------------------------------------------------------


 NSTEP =   112500   TIME(PS) =      11.250  TEMP(K) =   100.27  PRESS =     0.0
 Etot   =   -145550.3243  EKtot   =      6954.9009  EPtot      =   -152505.2252
 BOND   =       282.4530  ANGLE   =       796.3335  DIHED      =      1087.0820
 1-4 NB =       708.0042  1-4 EEL =      8861.8185  VDWAALS    =     22879.0191
 EELEC  =   -187119.9355  EHBOND  =         0.0000  RESTRAINT  =         0.0000
 ------------------------------------------------------------------------------


 NSTEP =   115000   TIME(PS) =      11.500  TEMP(K) =    99.91  PRESS =     0.0
 Etot   =   -145495.9620  EKtot   =      6929.8867  EPtot      =   -152425.8487
 BOND   =       282.3624  ANGLE   =       791.0050  DIHED      =      1082.7897
 1-4 NB =       701.8084  1-4 EEL =      8853.6515  VDWAALS    =     22993.3755
 EELEC  =   -187130.8412  EHBOND  =         0.0000  RESTRAINT  =         0.0000
 ------------------------------------------------------------------------------


 NSTEP =   117500   TIME(PS) =      11.750  TEMP(K) =    99.95  PRESS =     0.0
 Etot   =   -145567.3347  EKtot   =      6932.3101  EPtot      =   -152499.6448
 BOND   =       280.4472  ANGLE   =       764.9609  DIHED      =      1100.2048
 1-4 NB =       714.9416  1-4 EEL =      8861.6190  VDWAALS    =     23005.2250
 EELEC  =   -187227.0434  EHBOND  =         0.0000  RESTRAINT  =         0.0000
 ------------------------------------------------------------------------------


 NSTEP =   120000   TIME(PS) =      12.000  TEMP(K) =    99.77  PRESS =     0.0
 Etot   =   -145677.9582  EKtot   =      6919.9580  EPtot      =   -152597.9162
 BOND   =       283.6801  ANGLE   =       813.8957  DIHED      =      1075.2236
 1-4 NB =       696.0033  1-4 EEL =      8845.2353  VDWAALS    =     22926.7340
 EELEC  =   -187238.6882  EHBOND  =         0.0000  RESTRAINT  =         0.0000
 ------------------------------------------------------------------------------


 NSTEP =   122500   TIME(PS) =      12.250  TEMP(K) =   100.01  PRESS =     0.0
 Etot   =   -145618.6754  EKtot   =      6937.1055  EPtot      =   -152555.7809
 BOND   =       286.9961  ANGLE   =       783.6540  DIHED      =      1093.4899
 1-4 NB =       703.6277  1-4 EEL =      8870.0067  VDWAALS    =     22921.3598
 EELEC  =   -187214.9151  EHBOND  =         0.0000  RESTRAINT  =         0.0000
 ------------------------------------------------------------------------------


 NSTEP =   125000   TIME(PS) =      12.500  TEMP(K) =    99.89  PRESS =     0.0
 Etot   =   -145600.1857  EKtot   =      6928.6475  EPtot      =   -152528.8332
 BOND   =       280.7320  ANGLE   =       802.0722  DIHED      =      1096.2376
 1-4 NB =       705.6157  1-4 EEL =      8818.0738  VDWAALS    =     22784.9478
 EELEC  =   -187016.5122  EHBOND  =         0.0000  RESTRAINT  =         0.0000
 ------------------------------------------------------------------------------


 NSTEP =   127500   TIME(PS) =      12.750  TEMP(K) =    99.66  PRESS =     0.0
 Etot   =   -145642.8052  EKtot   =      6912.7441  EPtot      =   -152555.5494
 BOND   =       288.6115  ANGLE   =       783.8133  DIHED      =      1101.0705
 1-4 NB =       696.3408  1-4 EEL =      8836.9623  VDWAALS    =     22959.5164
 EELEC  =   -187221.8643  EHBOND  =         0.0000  RESTRAINT  =         0.0000
 ------------------------------------------------------------------------------


 NSTEP =   130000   TIME(PS) =      13.000  TEMP(K) =   100.74  PRESS =     0.0
 Etot   =   -145582.5552  EKtot   =      6987.6362  EPtot      =   -152570.1914
 BOND   =       287.2617  ANGLE   =       788.8870  DIHED      =      1074.6993
 1-4 NB =       699.2475  1-4 EEL =      8845.2593  VDWAALS    =     23009.9419
 EELEC  =   -187275.4882  EHBOND  =         0.0000  RESTRAINT  =         0.0000
 ------------------------------------------------------------------------------


 NSTEP =   132500   TIME(PS) =      13.250  TEMP(K) =   100.07  PRESS =     0.0
 Etot   =   -145645.5474  EKtot   =      6940.6245  EPtot      =   -152586.1719
 BOND   =       281.2638  ANGLE   =       793.8085  DIHED      =      1088.2611
 1-4 NB =       692.6568  1-4 EEL =      8831.5907  VDWAALS    =     22932.2088
 EELEC  =   -187205.9614  EHBOND  =         0.0000  RESTRAINT  =         0.0000
 ------------------------------------------------------------------------------


 NSTEP =   135000   TIME(PS) =      13.500  TEMP(K) =    99.58  PRESS =     0.0
 Etot   =   -145714.6004  EKtot   =      6906.8857  EPtot      =   -152621.4861
 BOND   =       286.5318  ANGLE   =       784.8346  DIHED      =      1087.9092
 1-4 NB =       692.7819  1-4 EEL =      8823.3750  VDWAALS    =     22891.4824
 EELEC  =   -187188.4010  EHBOND  =         0.0000  RESTRAINT  =         0.0000
 ------------------------------------------------------------------------------


 NSTEP =   137500   TIME(PS) =      13.750  TEMP(K) =   100.29  PRESS =     0.0
 Etot   =   -145701.1251  EKtot   =      6956.2637  EPtot      =   -152657.3888
 BOND   =       283.1522  ANGLE   =       769.4209  DIHED      =      1076.1404
 1-4 NB =       693.7990  1-4 EEL =      8847.1570  VDWAALS    =     23075.5663
 EELEC  =   -187402.6245  EHBOND  =         0.0000  RESTRAINT  =         0.0000
 ------------------------------------------------------------------------------


 NSTEP =   140000   TIME(PS) =      14.000  TEMP(K) =    99.57  PRESS =     0.0
 Etot   =   -145673.2754  EKtot   =      6906.4395  EPtot      =   -152579.7149
 BOND   =       279.2965  ANGLE   =       794.6378  DIHED      =      1089.7005
 1-4 NB =       693.7446  1-4 EEL =      8819.2948  VDWAALS    =     22991.2755
 EELEC  =   -187247.6646  EHBOND  =         0.0000  RESTRAINT  =         0.0000
 ------------------------------------------------------------------------------


 NSTEP =   142500   TIME(PS) =      14.250  TEMP(K) =    99.99  PRESS =     0.0
 Etot   =   -145685.3121  EKtot   =      6935.6924  EPtot      =   -152621.0045
 BOND   =       288.5057  ANGLE   =       795.7284  DIHED      =      1083.0045
 1-4 NB =       700.9882  1-4 EEL =      8851.1083  VDWAALS    =     23048.1080
 EELEC  =   -187388.4476  EHBOND  =         0.0000  RESTRAINT  =         0.0000
 ------------------------------------------------------------------------------


 NSTEP =   145000   TIME(PS) =      14.500  TEMP(K) =    99.86  PRESS =     0.0
 Etot   =   -145717.9422  EKtot   =      6926.5142  EPtot      =   -152644.4563
 BOND   =       294.3609  ANGLE   =       776.3879  DIHED      =      1078.2112
 1-4 NB =       692.0375  1-4 EEL =      8834.8690  VDWAALS    =     22804.5211
 EELEC  =   -187124.8438  EHBOND  =         0.0000  RESTRAINT  =         0.0000
 ------------------------------------------------------------------------------


 NSTEP =   147500   TIME(PS) =      14.750  TEMP(K) =   100.52  PRESS =     0.0
 Etot   =   -145638.8252  EKtot   =      6972.0361  EPtot      =   -152610.8614
 BOND   =       277.8659  ANGLE   =       818.3793  DIHED      =      1079.6552
 1-4 NB =       692.3856  1-4 EEL =      8795.0452  VDWAALS    =     22908.7777
 EELEC  =   -187182.9702  EHBOND  =         0.0000  RESTRAINT  =         0.0000
 ------------------------------------------------------------------------------


 NSTEP =   150000   TIME(PS) =      15.000  TEMP(K) =   100.48  PRESS =     0.0
 Etot   =   -145705.1665  EKtot   =      6969.6030  EPtot      =   -152674.7695
 BOND   =       280.8426  ANGLE   =       782.9757  DIHED      =      1089.7964
 1-4 NB =       701.7561  1-4 EEL =      8847.3551  VDWAALS    =     23025.7231
 EELEC  =   -187403.2185  EHBOND  =         0.0000  RESTRAINT  =         0.0000
 ------------------------------------------------------------------------------


 NSTEP =   152500   TIME(PS) =      15.250  TEMP(K) =   100.24  PRESS =     0.0
 Etot   =   -145681.6655  EKtot   =      6952.7739  EPtot      =   -152634.4394
 BOND   =       293.5899  ANGLE   =       790.7820  DIHED      =      1086.3430
 1-4 NB =       696.1633  1-4 EEL =      8818.2984  VDWAALS    =     22952.2156
 EELEC  =   -187271.8316  EHBOND  =         0.0000  RESTRAINT  =         0.0000
 ------------------------------------------------------------------------------


 NSTEP =   155000   TIME(PS) =      15.500  TEMP(K) =   101.20  PRESS =     0.0
 Etot   =   -145611.1683  EKtot   =      7019.0488  EPtot      =   -152630.2171
 BOND   =       291.0764  ANGLE   =       782.5855  DIHED      =      1073.7635
 1-4 NB =       698.7193  1-4 EEL =      8823.3462  VDWAALS    =     22958.3622
 EELEC  =   -187258.0701  EHBOND  =         0.0000  RESTRAINT  =         0.0000
 ------------------------------------------------------------------------------


 NSTEP =   157500   TIME(PS) =      15.750  TEMP(K) =    99.75  PRESS =     0.0
 Etot   =   -145727.9449  EKtot   =      6918.5991  EPtot      =   -152646.5440
 BOND   =       295.5414  ANGLE   =       794.1830  DIHED      =      1089.9821
 1-4 NB =       698.5813  1-4 EEL =      8828.2288  VDWAALS    =     22961.5261
 EELEC  =   -187314.5867  EHBOND  =         0.0000  RESTRAINT  =         0.0000
 ------------------------------------------------------------------------------


 NSTEP =   160000   TIME(PS) =      16.000  TEMP(K) =    99.89  PRESS =     0.0
 Etot   =   -145668.5648  EKtot   =      6928.6133  EPtot      =   -152597.1781
 BOND   =       297.8226  ANGLE   =       771.6462  DIHED      =      1088.0800
 1-4 NB =       707.4077  1-4 EEL =      8848.1700  VDWAALS    =     22964.7966
 EELEC  =   -187275.1011  EHBOND  =         0.0000  RESTRAINT  =         0.0000
 ------------------------------------------------------------------------------


 NSTEP =   162500   TIME(PS) =      16.250  TEMP(K) =    99.97  PRESS =     0.0
 Etot   =   -145694.4176  EKtot   =      6934.2124  EPtot      =   -152628.6300
 BOND   =       294.8548  ANGLE   =       801.1007  DIHED      =      1096.0540
 1-4 NB =       698.8214  1-4 EEL =      8820.1102  VDWAALS    =     23078.2542
 EELEC  =   -187417.8255  EHBOND  =         0.0000  RESTRAINT  =         0.0000
 ------------------------------------------------------------------------------


 NSTEP =   165000   TIME(PS) =      16.500  TEMP(K) =   100.27  PRESS =     0.0
 Etot   =   -145680.7151  EKtot   =      6954.7134  EPtot      =   -152635.4285
 BOND   =       295.2912  ANGLE   =       806.1151  DIHED      =      1089.2413
 1-4 NB =       695.4327  1-4 EEL =      8838.3189  VDWAALS    =     23006.4444
 EELEC  =   -187366.2721  EHBOND  =         0.0000  RESTRAINT  =         0.0000
 ------------------------------------------------------------------------------


 NSTEP =   167500   TIME(PS) =      16.750  TEMP(K) =   100.24  PRESS =     0.0
 Etot   =   -145698.6501  EKtot   =      6952.8745  EPtot      =   -152651.5246
 BOND   =       286.1262  ANGLE   =       798.6004  DIHED      =      1080.9422
 1-4 NB =       704.3021  1-4 EEL =      8839.4686  VDWAALS    =     23037.3739
 EELEC  =   -187398.3380  EHBOND  =         0.0000  RESTRAINT  =         0.0000
 ------------------------------------------------------------------------------


 NSTEP =   170000   TIME(PS) =      17.000  TEMP(K) =    99.67  PRESS =     0.0
 Etot   =   -145788.3048  EKtot   =      6913.2031  EPtot      =   -152701.5079
 BOND   =       298.7304  ANGLE   =       799.6447  DIHED      =      1088.0307
 1-4 NB =       697.5445  1-4 EEL =      8826.9903  VDWAALS    =     22987.5512
 EELEC  =   -187399.9996  EHBOND  =         0.0000  RESTRAINT  =         0.0000
 ------------------------------------------------------------------------------


 NSTEP =   172500   TIME(PS) =      17.250  TEMP(K) =   100.70  PRESS =     0.0
 Etot   =   -145693.9578  EKtot   =      6984.6768  EPtot      =   -152678.6345
 BOND   =       311.5839  ANGLE   =       765.7568  DIHED      =      1093.6094
 1-4 NB =       694.2835  1-4 EEL =      8848.9763  VDWAALS    =     23210.9930
 EELEC  =   -187603.8374  EHBOND  =         0.0000  RESTRAINT  =         0.0000
 ------------------------------------------------------------------------------


 NSTEP =   175000   TIME(PS) =      17.500  TEMP(K) =   100.41  PRESS =     0.0
 Etot   =   -145792.6188  EKtot   =      6964.3037  EPtot      =   -152756.9225
 BOND   =       286.8610  ANGLE   =       804.5751  DIHED      =      1086.3870
 1-4 NB =       699.4244  1-4 EEL =      8831.5636  VDWAALS    =     23090.8018
 EELEC  =   -187556.5354  EHBOND  =         0.0000  RESTRAINT  =         0.0000
 ------------------------------------------------------------------------------


 NSTEP =   177500   TIME(PS) =      17.750  TEMP(K) =    99.61  PRESS =     0.0
 Etot   =   -145881.5365  EKtot   =      6909.0913  EPtot      =   -152790.6278
 BOND   =       293.2154  ANGLE   =       811.6069  DIHED      =      1085.4387
 1-4 NB =       701.9525  1-4 EEL =      8847.7514  VDWAALS    =     23042.9066
 EELEC  =   -187573.4994  EHBOND  =         0.0000  RESTRAINT  =         0.0000
 ------------------------------------------------------------------------------


 NSTEP =   180000   TIME(PS) =      18.000  TEMP(K) =   100.99  PRESS =     0.0
 Etot   =   -145770.8894  EKtot   =      7004.8721  EPtot      =   -152775.7614
 BOND   =       283.5711  ANGLE   =       785.4806  DIHED      =      1103.8729
 1-4 NB =       703.1748  1-4 EEL =      8825.6136  VDWAALS    =     22914.7682
 EELEC  =   -187392.2427  EHBOND  =         0.0000  RESTRAINT  =         0.0000
 ------------------------------------------------------------------------------


 NSTEP =   182500   TIME(PS) =      18.250  TEMP(K) =   100.17  PRESS =     0.0
 Etot   =   -145881.6241  EKtot   =      6948.1089  EPtot      =   -152829.7330
 BOND   =       281.5092  ANGLE   =       790.1208  DIHED      =      1080.3959
 1-4 NB =       700.0091  1-4 EEL =      8851.5035  VDWAALS    =     22978.2785
 EELEC  =   -187511.5500  EHBOND  =         0.0000  RESTRAINT  =         0.0000
 ------------------------------------------------------------------------------


 NSTEP =   185000   TIME(PS) =      18.500  TEMP(K) =    99.80  PRESS =     0.0
 Etot   =   -145870.5248  EKtot   =      6922.5400  EPtot      =   -152793.0648
 BOND   =       287.2776  ANGLE   =       800.5559  DIHED      =      1103.2782
 1-4 NB =       696.4382  1-4 EEL =      8813.9569  VDWAALS    =     22991.5127
 EELEC  =   -187486.0843  EHBOND  =         0.0000  RESTRAINT  =         0.0000
 ------------------------------------------------------------------------------


 NSTEP =   187500   TIME(PS) =      18.750  TEMP(K) =   100.05  PRESS =     0.0
 Etot   =   -145846.7610  EKtot   =      6939.4336  EPtot      =   -152786.1946
 BOND   =       284.9368  ANGLE   =       816.0019  DIHED      =      1094.0230
 1-4 NB =       691.5271  1-4 EEL =      8832.2895  VDWAALS    =     23057.7050
 EELEC  =   -187562.6778  EHBOND  =         0.0000  RESTRAINT  =         0.0000
 ------------------------------------------------------------------------------


 NSTEP =   190000   TIME(PS) =      19.000  TEMP(K) =    99.11  PRESS =     0.0
 Etot   =   -145915.6125  EKtot   =      6874.6187  EPtot      =   -152790.2311
 BOND   =       294.2534  ANGLE   =       788.3680  DIHED      =      1088.0575
 1-4 NB =       690.9207  1-4 EEL =      8807.6501  VDWAALS    =     23141.3565
 EELEC  =   -187600.8373  EHBOND  =         0.0000  RESTRAINT  =         0.0000
 ------------------------------------------------------------------------------


 NSTEP =   192500   TIME(PS) =      19.250  TEMP(K) =    99.74  PRESS =     0.0
 Etot   =   -145945.3937  EKtot   =      6918.1230  EPtot      =   -152863.5167
 BOND   =       293.5136  ANGLE   =       802.5065  DIHED      =      1087.1982
 1-4 NB =       697.1769  1-4 EEL =      8822.0907  VDWAALS    =     23330.6943
 EELEC  =   -187896.6970  EHBOND  =         0.0000  RESTRAINT  =         0.0000
 ------------------------------------------------------------------------------


 NSTEP =   195000   TIME(PS) =      19.500  TEMP(K) =    99.83  PRESS =     0.0
 Etot   =   -145797.8646  EKtot   =      6924.3911  EPtot      =   -152722.2557
 BOND   =       280.6864  ANGLE   =       812.5502  DIHED      =      1094.4704
 1-4 NB =       701.1841  1-4 EEL =      8781.4461  VDWAALS    =     23233.5066
 EELEC  =   -187626.0996  EHBOND  =         0.0000  RESTRAINT  =         0.0000
 ------------------------------------------------------------------------------


 NSTEP =   197500   TIME(PS) =      19.750  TEMP(K) =   101.16  PRESS =     0.0
 Etot   =   -145723.1889  EKtot   =      7016.5425  EPtot      =   -152739.7314
 BOND   =       293.8364  ANGLE   =       791.4314  DIHED      =      1075.1944
 1-4 NB =       696.1332  1-4 EEL =      8824.6721  VDWAALS    =     23099.2960
 EELEC  =   -187520.2948  EHBOND  =         0.0000  RESTRAINT  =         0.0000
 ------------------------------------------------------------------------------


 NSTEP =   200000   TIME(PS) =      20.000  TEMP(K) =   100.89  PRESS =     0.0
 Etot   =   -145788.8424  EKtot   =      6998.1626  EPtot      =   -152787.0050
 BOND   =       295.7812  ANGLE   =       783.9240  DIHED      =      1082.2170
 1-4 NB =       697.9379  1-4 EEL =      8822.9754  VDWAALS    =     23090.6079
 EELEC  =   -187560.4485  EHBOND  =         0.0000  RESTRAINT  =         0.0000
 ------------------------------------------------------------------------------


 NSTEP =   202500   TIME(PS) =      20.250  TEMP(K) =   101.14  PRESS =     0.0
 Etot   =   -145802.4741  EKtot   =      7015.3594  EPtot      =   -152817.8334
 BOND   =       295.6712  ANGLE   =       778.6045  DIHED      =      1094.5647
 1-4 NB =       697.5443  1-4 EEL =      8835.8822  VDWAALS    =     23156.0124
 EELEC  =   -187676.1128  EHBOND  =         0.0000  RESTRAINT  =         0.0000
 ------------------------------------------------------------------------------


 NSTEP =   205000   TIME(PS) =      20.500  TEMP(K) =   100.01  PRESS =     0.0
 Etot   =   -145897.1712  EKtot   =      6936.6880  EPtot      =   -152833.8592
 BOND   =       283.9921  ANGLE   =       794.6537  DIHED      =      1094.8469
 1-4 NB =       700.3940  1-4 EEL =      8831.4253  VDWAALS    =     23129.3459
 EELEC  =   -187668.5171  EHBOND  =         0.0000  RESTRAINT  =         0.0000
 ------------------------------------------------------------------------------


 NSTEP =   207500   TIME(PS) =      20.750  TEMP(K) =    99.97  PRESS =     0.0
 Etot   =   -145894.5383  EKtot   =      6934.2573  EPtot      =   -152828.7956
 BOND   =       289.1908  ANGLE   =       805.4453  DIHED      =      1096.6237
 1-4 NB =       695.1408  1-4 EEL =      8845.3448  VDWAALS    =     23219.8278
 EELEC  =   -187780.3688  EHBOND  =         0.0000  RESTRAINT  =         0.0000
 ------------------------------------------------------------------------------


 NSTEP =   210000   TIME(PS) =      21.000  TEMP(K) =   100.75  PRESS =     0.0
 Etot   =   -145882.9053  EKtot   =      6987.9868  EPtot      =   -152870.8921
 BOND   =       292.5726  ANGLE   =       793.3633  DIHED      =      1102.7510
 1-4 NB =       695.0763  1-4 EEL =      8809.2941  VDWAALS    =     23370.3693
 EELEC  =   -187934.3186  EHBOND  =         0.0000  RESTRAINT  =         0.0000
 ------------------------------------------------------------------------------


 NSTEP =   212500   TIME(PS) =      21.250  TEMP(K) =   100.30  PRESS =     0.0
 Etot   =   -145915.0760  EKtot   =      6957.2080  EPtot      =   -152872.2840
 BOND   =       297.0953  ANGLE   =       779.8767  DIHED      =      1097.2085
 1-4 NB =       702.0144  1-4 EEL =      8862.7047  VDWAALS    =     23280.7483
 EELEC  =   -187891.9319  EHBOND  =         0.0000  RESTRAINT  =         0.0000
 ------------------------------------------------------------------------------


 NSTEP =   215000   TIME(PS) =      21.500  TEMP(K) =   100.20  PRESS =     0.0
 Etot   =   -145952.2922  EKtot   =      6949.8765  EPtot      =   -152902.1687
 BOND   =       307.8388  ANGLE   =       785.4683  DIHED      =      1086.7298
 1-4 NB =       691.8865  1-4 EEL =      8814.2213  VDWAALS    =     23383.6777
 EELEC  =   -187971.9911  EHBOND  =         0.0000  RESTRAINT  =         0.0000
 ------------------------------------------------------------------------------


 NSTEP =   217500   TIME(PS) =      21.750  TEMP(K) =    99.38  PRESS =     0.0
 Etot   =   -146015.1052  EKtot   =      6892.7715  EPtot      =   -152907.8767
 BOND   =       283.9213  ANGLE   =       803.8382  DIHED      =      1088.2732
 1-4 NB =       699.2387  1-4 EEL =      8829.9745  VDWAALS    =     23148.2912
 EELEC  =   -187761.4139  EHBOND  =         0.0000  RESTRAINT  =         0.0000
 ------------------------------------------------------------------------------


 NSTEP =   220000   TIME(PS) =      22.000  TEMP(K) =    99.24  PRESS =     0.0
 Etot   =   -145994.1059  EKtot   =      6883.1362  EPtot      =   -152877.2421
 BOND   =       272.8404  ANGLE   =       797.1417  DIHED      =      1092.4272
 1-4 NB =       696.8394  1-4 EEL =      8860.8344  VDWAALS    =     23211.7736
 EELEC  =   -187809.0988  EHBOND  =         0.0000  RESTRAINT  =         0.0000
 ------------------------------------------------------------------------------


 NSTEP =   222500   TIME(PS) =      22.250  TEMP(K) =    99.70  PRESS =     0.0
 Etot   =   -146042.3120  EKtot   =      6915.3882  EPtot      =   -152957.7002
 BOND   =       302.1979  ANGLE   =       773.5411  DIHED      =      1085.4148
 1-4 NB =       701.6628  1-4 EEL =      8798.0639  VDWAALS    =     23170.6490
 EELEC  =   -187789.2296  EHBOND  =         0.0000  RESTRAINT  =         0.0000
 ------------------------------------------------------------------------------


 NSTEP =   225000   TIME(PS) =      22.500  TEMP(K) =    99.13  PRESS =     0.0
 Etot   =   -146059.9414  EKtot   =      6875.8213  EPtot      =   -152935.7627
 BOND   =       285.1672  ANGLE   =       779.5473  DIHED      =      1089.3945
 1-4 NB =       696.3699  1-4 EEL =      8869.4635  VDWAALS    =     23197.1766
 EELEC  =   -187852.8818  EHBOND  =         0.0000  RESTRAINT  =         0.0000
 ------------------------------------------------------------------------------


 NSTEP =   227500   TIME(PS) =      22.750  TEMP(K) =    99.45  PRESS =     0.0
 Etot   =   -145990.9533  EKtot   =      6897.7646  EPtot      =   -152888.7179
 BOND   =       302.6336  ANGLE   =       795.1150  DIHED      =      1097.0080
 1-4 NB =       700.5056  1-4 EEL =      8841.6608  VDWAALS    =     23304.7260
 EELEC  =   -187930.3670  EHBOND  =         0.0000  RESTRAINT  =         0.0000
 ------------------------------------------------------------------------------


 NSTEP =   230000   TIME(PS) =      23.000  TEMP(K) =   101.29  PRESS =     0.0
 Etot   =   -145839.7825  EKtot   =      7025.7402  EPtot      =   -152865.5227
 BOND   =       303.6601  ANGLE   =       809.8223  DIHED      =      1090.4637
 1-4 NB =       690.2677  1-4 EEL =      8811.0207  VDWAALS    =     23264.6497
 EELEC  =   -187835.4071  EHBOND  =         0.0000  RESTRAINT  =         0.0000
 ------------------------------------------------------------------------------


 NSTEP =   232500   TIME(PS) =      23.250  TEMP(K) =    99.56  PRESS =     0.0
 Etot   =   -146039.9574  EKtot   =      6905.5928  EPtot      =   -152945.5502
 BOND   =       284.1224  ANGLE   =       792.9441  DIHED      =      1093.3478
 1-4 NB =       689.0531  1-4 EEL =      8791.0241  VDWAALS    =     23220.5762
 EELEC  =   -187816.6179  EHBOND  =         0.0000  RESTRAINT  =         0.0000
 ------------------------------------------------------------------------------


 NSTEP =   235000   TIME(PS) =      23.500  TEMP(K) =    99.94  PRESS =     0.0
 Etot   =   -145982.2227  EKtot   =      6931.7109  EPtot      =   -152913.9336
 BOND   =       302.3323  ANGLE   =       790.1037  DIHED      =      1086.9716
 1-4 NB =       693.3040  1-4 EEL =      8799.1983  VDWAALS    =     23235.4165
 EELEC  =   -187821.2599  EHBOND  =         0.0000  RESTRAINT  =         0.0000
 ------------------------------------------------------------------------------


 NSTEP =   237500   TIME(PS) =      23.750  TEMP(K) =   100.57  PRESS =     0.0
 Etot   =   -145948.2132  EKtot   =      6975.3887  EPtot      =   -152923.6019
 BOND   =       302.5872  ANGLE   =       784.2366  DIHED      =      1090.6546
 1-4 NB =       695.7517  1-4 EEL =      8816.7817  VDWAALS    =     23218.7592
 EELEC  =   -187832.3729  EHBOND  =         0.0000  RESTRAINT  =         0.0000
 ------------------------------------------------------------------------------


 NSTEP =   240000   TIME(PS) =      24.000  TEMP(K) =   100.41  PRESS =     0.0
 Etot   =   -145958.3807  EKtot   =      6964.6763  EPtot      =   -152923.0569
 BOND   =       294.8149  ANGLE   =       777.7096  DIHED      =      1099.5727
 1-4 NB =       693.9273  1-4 EEL =      8845.6458  VDWAALS    =     23321.7253
 EELEC  =   -187956.4526  EHBOND  =         0.0000  RESTRAINT  =         0.0000
 ------------------------------------------------------------------------------


 NSTEP =   242500   TIME(PS) =      24.250  TEMP(K) =   100.14  PRESS =     0.0
 Etot   =   -146025.9317  EKtot   =      6945.5854  EPtot      =   -152971.5172
 BOND   =       281.7438  ANGLE   =       781.4291  DIHED      =      1093.6838
 1-4 NB =       691.7359  1-4 EEL =      8819.1182  VDWAALS    =     23334.7930
 EELEC  =   -187974.0209  EHBOND  =         0.0000  RESTRAINT  =         0.0000
 ------------------------------------------------------------------------------


 NSTEP =   245000   TIME(PS) =      24.500  TEMP(K) =   101.22  PRESS =     0.0
 Etot   =   -146016.0310  EKtot   =      7020.7871  EPtot      =   -153036.8181
 BOND   =       305.9169  ANGLE   =       779.4834  DIHED      =      1087.8178
 1-4 NB =       691.5251  1-4 EEL =      8817.0845  VDWAALS    =     23242.3522
 EELEC  =   -187960.9980  EHBOND  =         0.0000  RESTRAINT  =         0.0000
 ------------------------------------------------------------------------------


 NSTEP =   247500   TIME(PS) =      24.750  TEMP(K) =    99.85  PRESS =     0.0
 Etot   =   -146067.5426  EKtot   =      6925.4468  EPtot      =   -152992.9894
 BOND   =       304.4342  ANGLE   =       777.9296  DIHED      =      1088.8571
 1-4 NB =       695.4351  1-4 EEL =      8828.3853  VDWAALS    =     23318.9397
 EELEC  =   -188006.9704  EHBOND  =         0.0000  RESTRAINT  =         0.0000
 ------------------------------------------------------------------------------


 NSTEP =   250000   TIME(PS) =      25.000  TEMP(K) =    98.78  PRESS =     0.0
 Etot   =   -146087.3778  EKtot   =      6851.6860  EPtot      =   -152939.0638
 BOND   =       303.2182  ANGLE   =       813.4789  DIHED      =      1078.6901
 1-4 NB =       695.1303  1-4 EEL =      8833.9065  VDWAALS    =     23132.8443
 EELEC  =   -187796.3320  EHBOND  =         0.0000  RESTRAINT  =         0.0000
 ------------------------------------------------------------------------------


      A V E R A G E S   O V E R     100 S T E P S


 NSTEP =   250000   TIME(PS) =      25.000  TEMP(K) =   100.69  PRESS =     0.0
 Etot   =   -145300.3729  EKtot   =      6984.1459  EPtot      =   -152284.5188
 BOND   =       291.4514  ANGLE   =       792.8689  DIHED      =      1090.8801
 1-4 NB =       697.2485  1-4 EEL =      8830.7843  VDWAALS    =     22635.8259
 EELEC  =   -186623.5778  EHBOND  =         0.0000  RESTRAINT  =         0.0000
 ------------------------------------------------------------------------------


      R M S  F L U C T U A T I O N S


 NSTEP =   250000   TIME(PS) =      25.000  TEMP(K) =     3.09  PRESS =     0.0
 Etot   =      1052.0088  EKtot   =       214.4835  EPtot      =       872.1596
 BOND   =         8.5686  ANGLE   =        13.6848  DIHED      =         7.6705
 1-4 NB =         5.9307  1-4 EEL =        20.2324  VDWAALS    =       778.1423
 EELEC  =      1636.0261  EHBOND  =         0.0000  RESTRAINT  =         0.0000
 ------------------------------------------------------------------------------

--------------------------------------------------------------------------------
   5.  TIMINGS
--------------------------------------------------------------------------------

|  NonSetup CPU Time in Major Routines:
|
|     Routine           Sec        %
|     ------------------------------
|     Nonbond          44.00   17.37
|     Bond              0.00    0.00
|     Angle             0.00    0.00
|     Dihedral          0.00    0.00
|     Shake             6.55    2.59
|     RunMD           202.04   79.77
|     Other             0.69    0.27
|     ------------------------------
|     Total           253.28

|  PME Nonbond Pairlist CPU Time:
|
|     Routine              Sec        %
|     ---------------------------------
|     Set Up Cit           0.00    0.00
|     Build List           0.00    0.00
|     ---------------------------------
|     Total                0.00    0.00

|  PME Direct Force CPU Time:
|
|     Routine              Sec        %
|     ---------------------------------
|     NonBonded Calc       0.00    0.00
|     Exclude Masked       0.00    0.00
|     Other                0.38    0.15
|     ---------------------------------
|     Total                0.38    0.15

|  PME Reciprocal Force CPU Time:
|
|     Routine              Sec        %
|     ---------------------------------
|     1D bspline           0.00    0.00
|     Grid Charges         0.00    0.00
|     Scalar Sum           0.00    0.00
|     Gradient Sum         0.00    0.00
|     FFT                  0.00    0.00
|     ---------------------------------
|     Total                0.00    0.00

|  Final Performance Info:
|     -----------------------------------------------------
|     Average timings for last   10000 steps:
|     Elapsed(s) =      10.40 Per Step(ms) =       1.04
|         ns/day =       8.31   seconds/ns =   10396.08
|
|     Average timings for all steps:
|     Elapsed(s) =     255.69 Per Step(ms) =       1.02
|         ns/day =       8.45   seconds/ns =   10227.60
|     -----------------------------------------------------

|  Setup CPU time:            1.31 seconds
|  NonSetup CPU time:       253.28 seconds
|  Total CPU time:          254.59 seconds     0.07 hours

|  Setup wall time:           3    seconds
|  NonSetup wall time:      256    seconds
|  Total wall time:         259    seconds     0.07 hours
