
          -------------------------------------------------------
          Amber 18 PMEMD                              2018
          -------------------------------------------------------

| PMEMD implementation of SANDER, Release 18

| Run on 07/06/2021 at 21:21:29

|   Executable path: pmemd.cuda
| Working directory: /home/bozhanng/Abs_MD/HEPC3-4_Fv_straight_cm_correct_relaxed2
|          Hostname: bf21

  [-O]verwriting output

File Assignments:
|   MDIN: minpro_HEPC3-4_Fv_straight_cm_correct_relaxed2.in                     
|  MDOUT: minpro_HEPC3-4_Fv_straight_cm_correct_relaxed2.out                    
| INPCRD: minsolv_HEPC3-4_Fv_straight_cm_correct_relaxed2.crd                   
|   PARM: HEPC3-4_Fv_straight_cm_correct_relaxed2.parm7                         
| RESTRT: minpro_HEPC3-4_Fv_straight_cm_correct_relaxed2.crd                    
|   REFC: minsolv_HEPC3-4_Fv_straight_cm_correct_relaxed2.crd                   
|  MDVEL: mdvel                                                                 
|   MDEN: mden                                                                  
|  MDCRD: mdcrd                                                                 
| MDINFO: mdinfo                                                                
|  MDFRC: mdfrc                                                                 


 Here is the input file:

Initial minimization                                                           
 &cntrl                                                                        
  ntx    = 1,       irest  = 0,       ntrx   = 1,      ntxo   = 1,             
  ntpr   = 50,      ntwx   = 0,       ntwv   = 0,      ntwe   = 0,             
                                                                               
  ntf    = 1,       ntb    = 1,                                                
  cut    = 8.0,     nsnb   = 10,                                               
                                                                               
  ibelly = 0,       ntr    = 1,                                                
                                                                               
  imin   = 1,                                                                  
  maxcyc = 10000,                                                              
  ncyc   = 2000,                                                               
  ntmin  = 1,       dx0    = 0.1,     drms   = 0.0001,                         
                                                                               
  ntc    = 1,       tol    = 0.000001,                                         
                                                                               
 &end                                                                          
Hold solvent fixed                                                             
5.0                                                                            
RES   235 9999999                                                              
END                                                                            
END                                                                            


Note: ig = -1. Setting random seed to   316439 based on wallclock time in 
      microseconds.
| irandom = 1, using AMBER's internal random number generator (default).
| INFO:    The nsnb ctrl option does not affect nonbonded list update frequency.
|          It does affect steepest descent minimization freq if ntmin == 0
 
|--------------------- INFORMATION ----------------------
| GPU (CUDA) Version of PMEMD in use: NVIDIA GPU IN USE.
|                    Version 18.0.0
| 
|                      03/25/2018
| 
| Implementation by:
|                    Ross C. Walker     (SDSC)
|                    Scott Le Grand     (nVIDIA)
| 
| Version 18 performance extensions by:
|                    David Cerutti     (Rutgers)
| 
| Precision model in use:
|      [SPFP] - Single Precision Forces, 64-bit Fixed Point
|               Accumulation. (Default)
| 
|--------------------------------------------------------
 
|----------------- CITATION INFORMATION -----------------
|
|    When publishing work that utilized the CUDA version
|    of AMBER, please cite the following in addition to
|    the regular AMBER citations:
|
|  - Romelia Salomon-Ferrer; Andreas W. Goetz; Duncan
|    Poole; Scott Le Grand; Ross C. Walker "Routine
|    microsecond molecular dynamics simulations with
|    AMBER - Part II: Particle Mesh Ewald", J. Chem.
|    Theory Comput., 2013, 9 (9), pp3878-3888,
|    DOI: 10.1021/ct400314y.
|
|  - Andreas W. Goetz; Mark J. Williamson; Dong Xu;
|    Duncan Poole; Scott Le Grand; Ross C. Walker
|    "Routine microsecond molecular dynamics simulations
|    with AMBER - Part I: Generalized Born", J. Chem.
|    Theory Comput., 2012, 8 (5), pp1542-1555.
|
|  - Scott Le Grand; Andreas W. Goetz; Ross C. Walker
|    "SPFP: Speed without compromise - a mixed precision
|    model for GPU accelerated molecular dynamics
|    simulations.", Comp. Phys. Comm., 2013, 184
|    pp374-380, DOI: 10.1016/j.cpc.2012.09.022
|
|--------------------------------------------------------
 
|------------------- GPU DEVICE INFO --------------------
|
|            CUDA_VISIBLE_DEVICES: 0
|   CUDA Capable Devices Detected:      1
|           CUDA Device ID in use:      0
|                CUDA Device Name: GeForce GTX 1080
|     CUDA Device Global Mem Size:   8119 MB
| CUDA Device Num Multiprocessors:     20
|           CUDA Device Core Freq:   1.73 GHz
|
|--------------------------------------------------------
 
 
| Conditional Compilation Defines Used:
| PUBFFT
| BINTRAJ
| MKL
| CUDA
| EMIL

| Largest sphere to fit in unit cell has radius =    36.489

| New format PARM file being parsed.
| Version =    1.000 Date = 07/06/21 Time = 21:18:38

| Note: 1-4 EEL scale factors are being read from the topology file.

| Note: 1-4 VDW scale factors are being read from the topology file.
| Duplicated    0 dihedrals

| Duplicated    0 dihedrals

--------------------------------------------------------------------------------
   1.  RESOURCE   USE: 
--------------------------------------------------------------------------------

 getting new box info from bottom of inpcrd
 NATOM  =   48166 NTYPES =      18 NBONH =   35219 MBONA  =   12982
 NTHETH =    3908 MTHETA =    2472 NPHIH =    8186 MPHIA  =    7845
 NHPARM =       0 NPARM  =       0 NNB   =   97467 NRES   =   11404
 NBONA  =   12982 NTHETA =    2472 NPHIA =    7845 NUMBND =      72
 NUMANG =     171 NPTRA  =     194 NATYP =      36 NPHB   =       1
 IFBOX  =       1 NMXRS  =      25 IFCAP =       0 NEXTRA =   11163
 NCOPY  =       0

| Coordinate Index Table dimensions:    16   16   18
| Direct force subcell size =     4.7032    4.5612    4.6517

     BOX TYPE: RECTILINEAR

--------------------------------------------------------------------------------
   2.  CONTROL  DATA  FOR  THE  RUN
--------------------------------------------------------------------------------

default_name                                                                    

General flags:
     imin    =       1, nmropt  =       0

Nature and format of input:
     ntx     =       1, irest   =       0, ntrx    =       1

Nature and format of output:
     ntxo    =       1, ntpr    =      50, ntrx    =       1, ntwr    =       1
     iwrap   =       0, ntwx    =       0, ntwv    =       0, ntwe    =       0
     ioutfm  =       1, ntwprt  =       0, idecomp =       0, rbornstat=      0

Potential function:
     ntf     =       1, ntb     =       1, igb     =       0, nsnb    =      10
     ipol    =       0, gbsa    =       0, iesp    =       0
     dielc   =   1.00000, cut     =   8.00000, intdiel =   1.00000

Frozen or restrained atoms:
     ibelly  =       0, ntr     =       1
     restraint_wt =   0.00000

Energy minimization:
     maxcyc  =   10000, ncyc    =    2000, ntmin   =       1
     dx0     =   0.10000, drms    =   0.00010

| Intermolecular bonds treatment:
|     no_intermolecular_bonds =       1

| Energy averages sample interval:
|     ene_avg_sampling =       1

Extra-points options:
     frameon =       1, chngmask=       1

Ewald parameters:
     verbose =       0, ew_type =       0, nbflag  =       1, use_pme =       1
     vdwmeth =       1, eedmeth =       1, netfrc  =       0
     Box X =   75.251   Box Y =   72.979   Box Z =   83.731
     Alpha =   90.000   Beta  =   90.000   Gamma =   90.000
     NFFT1 =   80       NFFT2 =   80       NFFT3 =   84
     Cutoff=    8.000   Tol   =0.100E-04
     Ewald Coefficient =  0.34864
     Interpolation order =    4

    LOADING THE CONSTRAINED ATOMS AS GROUPS


   5.  REFERENCE ATOM COORDINATES

  default_name                                                                    
    ----- READING GROUP     1; TITLE:
 Hold solvent fixed                                                          

     GROUP    1 HAS HARMONIC CONSTRAINTS     5.00000
 GRP    1 RES  235 TO 11404
      Number of atoms in this group  = 44659
    ----- END OF GROUP READ -----
|      EXTRA_PTS, trim_bonds: num bonds BEFORE trim = 35219     0
|      EXTRA_PTS, trim_bonds: num bonds AFTER  trim = 35219     0
|      EXTRA_PTS, trim_bonds: num bonds BEFORE trim = 12982     0
|      EXTRA_PTS, trim_bonds: num bonds AFTER  trim =  1819     0
|      EXTRA_PTS, trim_theta: num angle BEFORE trim =  3908     0
|      EXTRA_PTS, trim_theta: num angle AFTER  trim =  3908     0
|      EXTRA_PTS, trim_theta: num angle BEFORE trim =  2472     0
|      EXTRA_PTS, trim_theta: num angle AFTER  trim =  2472     0
|      EXTRA_PTS, trim_phi:  num diheds BEFORE trim =  8186     0
|      EXTRA_PTS, trim_phi:  num diheds AFTER  trim =  8186     0
|      EXTRA_PTS, trim_phi:  num diheds BEFORE trim =  7845     0
|      EXTRA_PTS, trim_phi:  num diheds AFTER  trim =  7845     0

--------------------------------------------------------------------------------
   3.  ATOMIC COORDINATES AND VELOCITIES
--------------------------------------------------------------------------------

default_name                                                                    
 begin time read from input coords =     0.000 ps

 
 Number of triangulated 3-point waters found:    11163

     Sum of charges from parm topology file =   0.00006108
     Forcing neutrality...

| Dynamic Memory, Types Used:
| Reals             1444843
| Integers          3090229

| Nonbonded Pairs Initial Allocation:     8044926

| GPU memory information (estimate):
| KB of GPU memory in use:         0
| KB of CPU memory in use:         0

--------------------------------------------------------------------------------
   4.  RESULTS
--------------------------------------------------------------------------------



   NSTEP       ENERGY          RMS            GMAX         NAME    NUMBER
      1       1.3835E+07     3.5584E+01     9.3392E+03     O       13467

 BOND    =    38612.2759  ANGLE   =      349.8541  DIHED      =      938.6969
 VDWAALS = 14134365.2550  EEL     =  -348745.1598  HBOND      =        0.0000
 1-4 VDW =      748.4281  1-4 EEL =     8859.5538  RESTRAINT  =        0.0000


   NSTEP       ENERGY          RMS            GMAX         NAME    NUMBER
     50      -1.9585E+05     2.1701E-01     1.8682E+01     H2      13541

 BOND    =    38630.2194  ANGLE   =      366.7699  DIHED      =      942.4866
 VDWAALS =    46851.3531  EEL     =  -292218.7234  HBOND      =        0.0000
 1-4 VDW =      717.4754  1-4 EEL =     8832.5590  RESTRAINT  =       23.7610
 EAMBER  =  -195877.8600


   NSTEP       ENERGY          RMS            GMAX         NAME    NUMBER
    100      -1.9590E+05     3.5028E-01     3.5165E+01     H1      13248

 BOND    =    38644.5890  ANGLE   =      375.6202  DIHED      =      945.7845
 VDWAALS =    46857.3077  EEL     =  -292270.8114  HBOND      =        0.0000
 1-4 VDW =      703.5900  1-4 EEL =     8817.1284  RESTRAINT  =       27.9065
 EAMBER  =  -195926.7916


   NSTEP       ENERGY          RMS            GMAX         NAME    NUMBER
    150      -1.9593E+05     1.9902E-01     2.5513E+01     H1      13504

 BOND    =    38648.3844  ANGLE   =      380.8453  DIHED      =      947.7459
 VDWAALS =    46862.8339  EEL     =  -292304.9769  HBOND      =        0.0000
 1-4 VDW =      695.4753  1-4 EEL =     8806.1000  RESTRAINT  =       30.8662
 EAMBER  =  -195963.5922


   NSTEP       ENERGY          RMS            GMAX         NAME    NUMBER
    200      -1.9596E+05     9.3151E-02     7.6389E+00     H1      13468

 BOND    =    38655.6293  ANGLE   =      384.3353  DIHED      =      948.7093
 VDWAALS =    46866.4129  EEL     =  -292334.7132  HBOND      =        0.0000
 1-4 VDW =      689.9978  1-4 EEL =     8797.9706  RESTRAINT  =       33.1574
 EAMBER  =  -195991.6579


   NSTEP       ENERGY          RMS            GMAX         NAME    NUMBER
    250      -1.9598E+05     1.6614E-01     1.9223E+01     H2      13541

 BOND    =    38661.9833  ANGLE   =      386.9062  DIHED      =      948.4600
 VDWAALS =    46869.5708  EEL     =  -292359.4378  HBOND      =        0.0000
 1-4 VDW =      685.8334  1-4 EEL =     8791.6196  RESTRAINT  =       34.8462
 EAMBER  =  -196015.0645


   NSTEP       ENERGY          RMS            GMAX         NAME    NUMBER
    300      -1.9600E+05     7.2103E-02     6.5164E+00     HG        487

 BOND    =    38661.1348  ANGLE   =      388.7678  DIHED      =      946.9321
 VDWAALS =    46872.0179  EEL     =  -292375.1524  HBOND      =        0.0000
 1-4 VDW =      682.6528  1-4 EEL =     8786.7497  RESTRAINT  =       36.0177
 EAMBER  =  -196036.8973


   NSTEP       ENERGY          RMS            GMAX         NAME    NUMBER
    350      -1.9602E+05     1.4720E-01     1.7020E+01     H2      13541

 BOND    =    38661.2648  ANGLE   =      390.1336  DIHED      =      945.1271
 VDWAALS =    46873.7839  EEL     =  -292389.2800  HBOND      =        0.0000
 1-4 VDW =      680.0970  1-4 EEL =     8782.5338  RESTRAINT  =       36.9267
 EAMBER  =  -196056.3399


   NSTEP       ENERGY          RMS            GMAX         NAME    NUMBER
    400      -1.9603E+05     2.0660E-01     2.3987E+01     H2      13541

 BOND    =    38661.2274  ANGLE   =      391.0565  DIHED      =      943.7386
 VDWAALS =    46875.2456  EEL     =  -292400.0682  HBOND      =        0.0000
 1-4 VDW =      678.1654  1-4 EEL =     8778.7696  RESTRAINT  =       37.6114
 EAMBER  =  -196071.8651


   NSTEP       ENERGY          RMS            GMAX         NAME    NUMBER
    450      -1.9605E+05     1.2269E-01     1.2735E+01     H2      13541

 BOND    =    38673.1186  ANGLE   =      391.7123  DIHED      =      942.7261
 VDWAALS =    46876.2646  EEL     =  -292421.7675  HBOND      =        0.0000
 1-4 VDW =      676.6207  1-4 EEL =     8775.3663  RESTRAINT  =       38.1807
 EAMBER  =  -196085.9589


   NSTEP       ENERGY          RMS            GMAX         NAME    NUMBER
    500      -1.9606E+05     1.7892E-01     1.8060E+01     H2      13541

 BOND    =    38678.5116  ANGLE   =      392.2443  DIHED      =      942.1697
 VDWAALS =    46877.2797  EEL     =  -292435.2659  HBOND      =        0.0000
 1-4 VDW =      675.3307  1-4 EEL =     8772.4618  RESTRAINT  =       38.6499
 EAMBER  =  -196097.2681


   NSTEP       ENERGY          RMS            GMAX         NAME    NUMBER
    550      -1.9607E+05     1.0511E-01     9.0304E+00     H2      13541

 BOND    =    38666.4049  ANGLE   =      392.7277  DIHED      =      942.0129
 VDWAALS =    46878.6147  EEL     =  -292431.7766  HBOND      =        0.0000
 1-4 VDW =      674.2089  1-4 EEL =     8770.0245  RESTRAINT  =       39.0354
 EAMBER  =  -196107.7832


   NSTEP       ENERGY          RMS            GMAX         NAME    NUMBER
    600      -1.9608E+05     1.5135E-01     1.2055E+01     H2      13541

 BOND    =    38664.6161  ANGLE   =      393.1820  DIHED      =      942.1156
 VDWAALS =    46879.6778  EEL     =  -292437.0891  HBOND      =        0.0000
 1-4 VDW =      673.2210  1-4 EEL =     8767.9547  RESTRAINT  =       39.3784
 EAMBER  =  -196116.3219


   NSTEP       ENERGY          RMS            GMAX         NAME    NUMBER
    650      -1.9609E+05     5.8340E-02     6.2067E+00     CE3      2392

 BOND    =    38675.3206  ANGLE   =      393.6211  DIHED      =      942.3563
 VDWAALS =    46880.4763  EEL     =  -292454.9602  HBOND      =        0.0000
 1-4 VDW =      672.3119  1-4 EEL =     8766.0822  RESTRAINT  =       39.6958
 EAMBER  =  -196124.7919


   NSTEP       ENERGY          RMS            GMAX         NAME    NUMBER
    700      -1.9609E+05     3.7407E-02     2.2346E+00     CE3      2392

 BOND    =    38674.9754  ANGLE   =      394.0481  DIHED      =      942.6355
 VDWAALS =    46881.4719  EEL     =  -292461.1547  HBOND      =        0.0000
 1-4 VDW =      671.4697  1-4 EEL =     8764.3757  RESTRAINT  =       39.9787
 EAMBER  =  -196132.1783


   NSTEP       ENERGY          RMS            GMAX         NAME    NUMBER
    750      -1.9610E+05     4.4092E-02     3.5168E+00     CE3      2392

 BOND    =    38676.0512  ANGLE   =      394.4600  DIHED      =      942.8982
 VDWAALS =    46882.3755  EEL     =  -292467.9264  HBOND      =        0.0000
 1-4 VDW =      670.7148  1-4 EEL =     8762.8486  RESTRAINT  =       40.2339
 EAMBER  =  -196138.5782


   NSTEP       ENERGY          RMS            GMAX         NAME    NUMBER
    800      -1.9610E+05     1.0354E-01     1.1302E+01     CE3      2392

 BOND    =    38677.2202  ANGLE   =      394.8696  DIHED      =      943.1204
 VDWAALS =    46883.1747  EEL     =  -292474.0463  HBOND      =        0.0000
 1-4 VDW =      670.0367  1-4 EEL =     8761.4808  RESTRAINT  =       40.4661
 EAMBER  =  -196144.1440


   NSTEP       ENERGY          RMS            GMAX         NAME    NUMBER
    850      -1.9611E+05     3.4403E-02     1.7413E+00     CE3      2392

 BOND    =    38677.8273  ANGLE   =      395.2073  DIHED      =      943.2934
 VDWAALS =    46884.0882  EEL     =  -292479.7715  HBOND      =        0.0000
 1-4 VDW =      669.4082  1-4 EEL =     8760.2239  RESTRAINT  =       40.6842
 EAMBER  =  -196149.7233


   NSTEP       ENERGY          RMS            GMAX         NAME    NUMBER
    900      -1.9611E+05     9.0457E-02     7.8852E+00     CG       1380

 BOND    =    38678.7949  ANGLE   =      395.5838  DIHED      =      943.3902
 VDWAALS =    46884.9516  EEL     =  -292485.3166  HBOND      =        0.0000
 1-4 VDW =      668.7980  1-4 EEL =     8758.9928  RESTRAINT  =       40.9017
 EAMBER  =  -196154.8052


   NSTEP       ENERGY          RMS            GMAX         NAME    NUMBER
    950      -1.9612E+05     4.2694E-02     3.1738E+00     CD1      1381

 BOND    =    38679.5554  ANGLE   =      395.9285  DIHED      =      943.3793
 VDWAALS =    46885.7488  EEL     =  -292490.4819  HBOND      =        0.0000
 1-4 VDW =      668.2363  1-4 EEL =     8757.7991  RESTRAINT  =       41.1079
 EAMBER  =  -196159.8345


   NSTEP       ENERGY          RMS            GMAX         NAME    NUMBER
   1000      -1.9612E+05     8.2500E-02     8.0451E+00     CD1      1381

 BOND    =    38680.4207  ANGLE   =      396.2569  DIHED      =      943.3172
 VDWAALS =    46886.4528  EEL     =  -292495.2552  HBOND      =        0.0000
 1-4 VDW =      667.7260  1-4 EEL =     8756.6055  RESTRAINT  =       41.3050
 EAMBER  =  -196164.4760


   NSTEP       ENERGY          RMS            GMAX         NAME    NUMBER
   1050      -1.9613E+05     3.7294E-02     2.7425E+00     CG       1380

 BOND    =    38680.9702  ANGLE   =      396.5045  DIHED      =      943.2857
 VDWAALS =    46887.1626  EEL     =  -292499.4882  HBOND      =        0.0000
 1-4 VDW =      667.2667  1-4 EEL =     8755.4037  RESTRAINT  =       41.4947
 EAMBER  =  -196168.8947


   NSTEP       ENERGY          RMS            GMAX         NAME    NUMBER
   1100      -1.9613E+05     6.3834E-02     5.8419E+00     CG       1380

 BOND    =    38681.7249  ANGLE   =      396.7659  DIHED      =      943.3107
 VDWAALS =    46887.8354  EEL     =  -292503.6016  HBOND      =        0.0000
 1-4 VDW =      666.8450  1-4 EEL =     8754.1953  RESTRAINT  =       41.6779
 EAMBER  =  -196172.9243


   NSTEP       ENERGY          RMS            GMAX         NAME    NUMBER
   1150      -1.9613E+05     2.6530E-02     1.6387E+00     HG1      1007

 BOND    =    38682.2842  ANGLE   =      397.0066  DIHED      =      943.3834
 VDWAALS =    46888.4502  EEL     =  -292507.4198  HBOND      =        0.0000
 1-4 VDW =      666.4660  1-4 EEL =     8753.0499  RESTRAINT  =       41.8491
 EAMBER  =  -196176.7794


   NSTEP       ENERGY          RMS            GMAX         NAME    NUMBER
   1200      -1.9614E+05     5.7631E-02     5.2445E+00     CD1      1381

 BOND    =    38683.0068  ANGLE   =      397.2717  DIHED      =      943.4588
 VDWAALS =    46889.0353  EEL     =  -292511.2959  HBOND      =        0.0000
 1-4 VDW =      666.0969  1-4 EEL =     8751.9340  RESTRAINT  =       42.0164
 EAMBER  =  -196180.4923


   NSTEP       ENERGY          RMS            GMAX         NAME    NUMBER
   1250      -1.9614E+05     8.2688E-02     8.0398E+00     CD1      1381

 BOND    =    38683.6144  ANGLE   =      397.5452  DIHED      =      943.4579
 VDWAALS =    46889.6301  EEL     =  -292514.8562  HBOND      =        0.0000
 1-4 VDW =      665.7407  1-4 EEL =     8750.8905  RESTRAINT  =       42.1753
 EAMBER  =  -196183.9775


   NSTEP       ENERGY          RMS            GMAX         NAME    NUMBER
   1300      -1.9615E+05     3.4563E-02     2.8936E+00     HG1      1007

 BOND    =    38684.0801  ANGLE   =      397.7809  DIHED      =      943.3070
 VDWAALS =    46890.2228  EEL     =  -292518.3649  HBOND      =        0.0000
 1-4 VDW =      665.4028  1-4 EEL =     8749.9635  RESTRAINT  =       42.3220
 EAMBER  =  -196187.6079


   NSTEP       ENERGY          RMS            GMAX         NAME    NUMBER
   1350      -1.9615E+05     6.9329E-02     6.8467E+00     CG       1380

 BOND    =    38684.6749  ANGLE   =      398.0227  DIHED      =      943.0078
 VDWAALS =    46890.8418  EEL     =  -292521.8329  HBOND      =        0.0000
 1-4 VDW =      665.0614  1-4 EEL =     8749.0781  RESTRAINT  =       42.4710
 EAMBER  =  -196191.1464


   NSTEP       ENERGY          RMS            GMAX         NAME    NUMBER
   1400      -1.9615E+05     1.0089E-01     1.0275E+01     CD1      1381

 BOND    =    38685.1023  ANGLE   =      398.2102  DIHED      =      942.7766
 VDWAALS =    46891.4034  EEL     =  -292525.0619  HBOND      =        0.0000
 1-4 VDW =      664.7601  1-4 EEL =     8748.2794  RESTRAINT  =       42.6119
 EAMBER  =  -196194.5300


   NSTEP       ENERGY          RMS            GMAX         NAME    NUMBER
   1450      -1.9615E+05     8.2893E-02     2.1533E+01     CG       1328

 BOND    =    38685.7292  ANGLE   =      398.3620  DIHED      =      942.7125
 VDWAALS =    46891.9731  EEL     =  -292528.4525  HBOND      =        0.0000
 1-4 VDW =      664.5134  1-4 EEL =     8747.5504  RESTRAINT  =       42.7410
 EAMBER  =  -196197.6120


   NSTEP       ENERGY          RMS            GMAX         NAME    NUMBER
   1500      -1.9616E+05     2.2640E-02     1.9048E+00     HG1      1007

 BOND    =    38685.8505  ANGLE   =      398.4632  DIHED      =      942.7893
 VDWAALS =    46892.3656  EEL     =  -292530.9710  HBOND      =        0.0000
 1-4 VDW =      664.3219  1-4 EEL =     8746.9267  RESTRAINT  =       42.8540
 EAMBER  =  -196200.2537


   NSTEP       ENERGY          RMS            GMAX         NAME    NUMBER
   1550      -1.9616E+05     5.8028E-02     4.4859E+00     H1      46892

 BOND    =    38686.5366  ANGLE   =      398.6070  DIHED      =      942.9377
 VDWAALS =    46892.8738  EEL     =  -292534.0585  HBOND      =        0.0000
 1-4 VDW =      664.1153  1-4 EEL =     8746.2390  RESTRAINT  =       42.9773
 EAMBER  =  -196202.7490


   NSTEP       ENERGY          RMS            GMAX         NAME    NUMBER
   1600      -1.9616E+05     2.0917E-02     1.0436E+00     HG1      1007

 BOND    =    38686.6247  ANGLE   =      398.7439  DIHED      =      943.1044
 VDWAALS =    46893.3356  EEL     =  -292536.4073  HBOND      =        0.0000
 1-4 VDW =      663.9321  1-4 EEL =     8745.6341  RESTRAINT  =       43.0858
 EAMBER  =  -196205.0324


   NSTEP       ENERGY          RMS            GMAX         NAME    NUMBER
   1650      -1.9616E+05     2.7136E-02     8.6280E-01     H1      46892

 BOND    =    38687.0850  ANGLE   =      398.9081  DIHED      =      943.3142
 VDWAALS =    46893.8837  EEL     =  -292539.3062  HBOND      =        0.0000
 1-4 VDW =      663.7196  1-4 EEL =     8744.9541  RESTRAINT  =       43.2100
 EAMBER  =  -196207.4415


   NSTEP       ENERGY          RMS            GMAX         NAME    NUMBER
   1700      -1.9617E+05     2.0582E-02     8.9460E-01     CD       3437

 BOND    =    38687.4092  ANGLE   =      399.0672  DIHED      =      943.5202
 VDWAALS =    46894.4041  EEL     =  -292541.8810  HBOND      =        0.0000
 1-4 VDW =      663.5196  1-4 EEL =     8744.3373  RESTRAINT  =       43.3236
 EAMBER  =  -196209.6234


   NSTEP       ENERGY          RMS            GMAX         NAME    NUMBER
   1750      -1.9617E+05     1.9066E-02     9.5932E-01     CD       3437

 BOND    =    38687.7593  ANGLE   =      399.2131  DIHED      =      943.7091
 VDWAALS =    46894.8901  EEL     =  -292544.0996  HBOND      =        0.0000
 1-4 VDW =      663.3354  1-4 EEL =     8743.7952  RESTRAINT  =       43.4262
 EAMBER  =  -196211.3973


   NSTEP       ENERGY          RMS            GMAX         NAME    NUMBER
   1800      -1.9617E+05     5.9844E-02     2.8964E+00     H2      17685

 BOND    =    38687.4354  ANGLE   =      399.3559  DIHED      =      943.8863
 VDWAALS =    46895.3146  EEL     =  -292545.4748  HBOND      =        0.0000
 1-4 VDW =      663.1588  1-4 EEL =     8743.2943  RESTRAINT  =       43.5227
 EAMBER  =  -196213.0294


   NSTEP       ENERGY          RMS            GMAX         NAME    NUMBER
   1850      -1.9617E+05     3.0485E-02     1.3011E+00     H2      17685

 BOND    =    38689.4245  ANGLE   =      399.5178  DIHED      =      944.0912
 VDWAALS =    46895.8345  EEL     =  -292549.4723  HBOND      =        0.0000
 1-4 VDW =      662.9549  1-4 EEL =     8742.7267  RESTRAINT  =       43.6341
 EAMBER  =  -196214.9228


   NSTEP       ENERGY          RMS            GMAX         NAME    NUMBER
   1900      -1.9617E+05     5.0595E-02     2.3195E+00     CD       3437

 BOND    =    38689.8231  ANGLE   =      399.6811  DIHED      =      944.2981
 VDWAALS =    46896.3285  EEL     =  -292551.7685  HBOND      =        0.0000
 1-4 VDW =      662.7501  1-4 EEL =     8742.1665  RESTRAINT  =       43.7478
 EAMBER  =  -196216.7211


   NSTEP       ENERGY          RMS            GMAX         NAME    NUMBER
   1950      -1.9617E+05     2.0477E-02     5.4874E-01     HD22     2302

 BOND    =    38688.7371  ANGLE   =      399.8487  DIHED      =      944.4933
 VDWAALS =    46896.7807  EEL     =  -292552.5910  HBOND      =        0.0000
 1-4 VDW =      662.5457  1-4 EEL =     8741.6254  RESTRAINT  =       43.8592
 EAMBER  =  -196218.5600


   NSTEP       ENERGY          RMS            GMAX         NAME    NUMBER
   2000      -1.9618E+05     1.6756E-02     5.5500E-01     HD22     2302

 BOND    =    38689.5505  ANGLE   =      400.0041  DIHED      =      944.6846
 VDWAALS =    46897.2086  EEL     =  -292555.1060  HBOND      =        0.0000
 1-4 VDW =      662.3496  1-4 EEL =     8741.1103  RESTRAINT  =       43.9704
 EAMBER  =  -196220.1982


   NSTEP       ENERGY          RMS            GMAX         NAME    NUMBER
   2050      -1.9621E+05     5.8940E-02     5.1717E+00     CG       1696

 BOND    =    38699.9990  ANGLE   =      404.9147  DIHED      =      952.0955
 VDWAALS =    46913.4537  EEL     =  -292608.9683  HBOND      =        0.0000
 1-4 VDW =      656.6202  1-4 EEL =     8728.7481  RESTRAINT  =       47.5320
 EAMBER  =  -196253.1370


   NSTEP       ENERGY          RMS            GMAX         NAME    NUMBER
   2100      -1.9621E+05     2.4052E-02     1.4497E+00     OD1      2299

 BOND    =    38699.4030  ANGLE   =      404.2315  DIHED      =      951.5280
 VDWAALS =    46912.7410  EEL     =  -292609.4169  HBOND      =        0.0000
 1-4 VDW =      657.4663  1-4 EEL =     8729.0872  RESTRAINT  =       47.3198
 EAMBER  =  -196254.9599


   NSTEP       ENERGY          RMS            GMAX         NAME    NUMBER
   2150      -1.9621E+05     4.5619E-02     5.8889E+00     CG       1696

 BOND    =    38698.9705  ANGLE   =      404.2407  DIHED      =      951.0704
 VDWAALS =    46911.9181  EEL     =  -292612.5719  HBOND      =        0.0000
 1-4 VDW =      657.9567  1-4 EEL =     8729.3634  RESTRAINT  =       47.3323
 EAMBER  =  -196259.0521


   NSTEP       ENERGY          RMS            GMAX         NAME    NUMBER
   2200      -1.9621E+05     1.6050E-02     1.7338E+00     CG       1696

 BOND    =    38698.7273  ANGLE   =      403.6778  DIHED      =      951.0885
 VDWAALS =    46912.1311  EEL     =  -292613.4684  HBOND      =        0.0000
 1-4 VDW =      657.7607  1-4 EEL =     8729.3999  RESTRAINT  =       47.3956
 EAMBER  =  -196260.6832


   NSTEP       ENERGY          RMS            GMAX         NAME    NUMBER
   2250      -1.9623E+05     8.9966E-02     1.0304E+01     CG       1696

 BOND    =    38698.6869  ANGLE   =      403.4275  DIHED      =      952.1602
 VDWAALS =    46917.7897  EEL     =  -292635.1422  HBOND      =        0.0000
 1-4 VDW =      656.7906  1-4 EEL =     8728.4864  RESTRAINT  =       48.4471
 EAMBER  =  -196277.8007


   NSTEP       ENERGY          RMS            GMAX         NAME    NUMBER
   2300      -1.9623E+05     1.5563E-02     1.6175E+00     HB2      2827

 BOND    =    38700.6013  ANGLE   =      403.2619  DIHED      =      952.3820
 VDWAALS =    46919.3099  EEL     =  -292644.8504  HBOND      =        0.0000
 1-4 VDW =      657.2641  1-4 EEL =     8728.8370  RESTRAINT  =       48.6732
 EAMBER  =  -196283.1941


   NSTEP       ENERGY          RMS            GMAX         NAME    NUMBER
   2350      -1.9623E+05     6.8583E-01     1.1124E+02     OG1      2965

 BOND    =    38717.1889  ANGLE   =      406.1445  DIHED      =      953.6755
 VDWAALS =    46921.2122  EEL     =  -292657.0457  HBOND      =        0.0000
 1-4 VDW =      655.9246  1-4 EEL =     8728.7783  RESTRAINT  =       49.0445
 EAMBER  =  -196274.1217


   NSTEP       ENERGY          RMS            GMAX         NAME    NUMBER
   2400      -1.9624E+05     1.1959E-01     1.6229E+01     OG1      2153

 BOND    =    38702.6440  ANGLE   =      404.3884  DIHED      =      952.6093
 VDWAALS =    46921.8504  EEL     =  -292658.7642  HBOND      =        0.0000
 1-4 VDW =      656.0924  1-4 EEL =     8727.8188  RESTRAINT  =       49.1221
 EAMBER  =  -196293.3610


   NSTEP       ENERGY          RMS            GMAX         NAME    NUMBER
   2450      -1.9625E+05     5.0190E-02     5.8282E+00     OG1      2965

 BOND    =    38701.8719  ANGLE   =      404.4950  DIHED      =      951.8152
 VDWAALS =    46922.1438  EEL     =  -292661.6321  HBOND      =        0.0000
 1-4 VDW =      656.0378  1-4 EEL =     8728.6974  RESTRAINT  =       49.2213
 EAMBER  =  -196296.5710


   NSTEP       ENERGY          RMS            GMAX         NAME    NUMBER
   2500      -1.9625E+05     1.8601E-02     1.6862E+00     HB2      2827

 BOND    =    38701.9883  ANGLE   =      404.9098  DIHED      =      951.4533
 VDWAALS =    46922.3396  EEL     =  -292665.8946  HBOND      =        0.0000
 1-4 VDW =      656.1452  1-4 EEL =     8728.8837  RESTRAINT  =       49.3724
 EAMBER  =  -196300.1748


   NSTEP       ENERGY          RMS            GMAX         NAME    NUMBER
   2550      -1.9625E+05     7.3953E-02     4.9457E+00     CD       3437

 BOND    =    38700.9981  ANGLE   =      405.6451  DIHED      =      951.6692
 VDWAALS =    46922.9441  EEL     =  -292669.0665  HBOND      =        0.0000
 1-4 VDW =      655.9838  1-4 EEL =     8728.9507  RESTRAINT  =       49.5378
 EAMBER  =  -196302.8755


   NSTEP       ENERGY          RMS            GMAX         NAME    NUMBER
   2600      -1.9625E+05     1.8723E-02     1.8854E+00     HB2      2827

 BOND    =    38701.7545  ANGLE   =      405.4569  DIHED      =      951.6917
 VDWAALS =    46923.2712  EEL     =  -292670.9896  HBOND      =        0.0000
 1-4 VDW =      655.9845  1-4 EEL =     8728.3229  RESTRAINT  =       49.6017
 EAMBER  =  -196304.5079


   NSTEP       ENERGY          RMS            GMAX         NAME    NUMBER
   2650      -1.9626E+05     1.0130E-02     7.5207E-01     HG       2830

 BOND    =    38702.4996  ANGLE   =      405.9683  DIHED      =      951.9111
 VDWAALS =    46924.0550  EEL     =  -292675.7673  HBOND      =        0.0000
 1-4 VDW =      655.8880  1-4 EEL =     8727.7541  RESTRAINT  =       49.7795
 EAMBER  =  -196307.6912


   NSTEP       ENERGY          RMS            GMAX         NAME    NUMBER
   2700      -1.9626E+05     1.3430E-02     1.6027E+00     CD       3437

 BOND    =    38702.5678  ANGLE   =      406.0506  DIHED      =      951.9459
 VDWAALS =    46924.2438  EEL     =  -292676.6255  HBOND      =        0.0000
 1-4 VDW =      655.8689  1-4 EEL =     8727.6886  RESTRAINT  =       49.8132
 EAMBER  =  -196308.2598


   NSTEP       ENERGY          RMS            GMAX         NAME    NUMBER
   2750      -1.9627E+05     1.1739E-02     6.1312E-01     HB       2960

 BOND    =    38703.7237  ANGLE   =      407.3970  DIHED      =      952.9522
 VDWAALS =    46928.2334  EEL     =  -292690.2161  HBOND      =        0.0000
 1-4 VDW =      655.5161  1-4 EEL =     8726.0557  RESTRAINT  =       50.3931
 EAMBER  =  -196316.3379


   NSTEP       ENERGY          RMS            GMAX         NAME    NUMBER
   2800      -1.9627E+05     1.9083E-01     1.2265E+01     O       16179

 BOND    =    38704.8996  ANGLE   =      408.0874  DIHED      =      953.2601
 VDWAALS =    46927.1504  EEL     =  -292692.9465  HBOND      =        0.0000
 1-4 VDW =      655.5768  1-4 EEL =     8726.5790  RESTRAINT  =       50.6584
 EAMBER  =  -196317.3932


   NSTEP       ENERGY          RMS            GMAX         NAME    NUMBER
   2850      -1.9627E+05     1.8347E-02     1.1837E+00     O       21819

 BOND    =    38704.0313  ANGLE   =      407.2051  DIHED      =      953.1138
 VDWAALS =    46927.9833  EEL     =  -292694.7491  HBOND      =        0.0000
 1-4 VDW =      655.4216  1-4 EEL =     8727.1404  RESTRAINT  =       50.7469
 EAMBER  =  -196319.8536


   NSTEP       ENERGY          RMS            GMAX         NAME    NUMBER
   2900      -1.9627E+05     5.9247E-02     3.9811E+00     C        3349

 BOND    =    38705.2633  ANGLE   =      407.5421  DIHED      =      953.1154
 VDWAALS =    46928.2952  EEL     =  -292699.0969  HBOND      =        0.0000
 1-4 VDW =      655.3481  1-4 EEL =     8727.1704  RESTRAINT  =       51.0305
 EAMBER  =  -196322.3624


   NSTEP       ENERGY          RMS            GMAX         NAME    NUMBER
   2950      -1.9627E+05     2.7399E-02     4.6628E+00     OG1      2186

 BOND    =    38704.2656  ANGLE   =      407.5236  DIHED      =      951.9889
 VDWAALS =    46928.7725  EEL     =  -292700.6364  HBOND      =        0.0000
 1-4 VDW =      655.2689  1-4 EEL =     8727.6936  RESTRAINT  =       51.2036
 EAMBER  =  -196325.1232


   NSTEP       ENERGY          RMS            GMAX         NAME    NUMBER
   3000      -1.9628E+05     9.8514E-03     8.4309E-01     OG1      2186

 BOND    =    38704.5022  ANGLE   =      407.2716  DIHED      =      951.6905
 VDWAALS =    46928.8944  EEL     =  -292702.9039  HBOND      =        0.0000
 1-4 VDW =      655.2663  1-4 EEL =     8728.4160  RESTRAINT  =       51.3629
 EAMBER  =  -196326.8628


   NSTEP       ENERGY          RMS            GMAX         NAME    NUMBER
   3050      -1.9628E+05     8.1976E-02     6.5886E+00     CD       3437

 BOND    =    38704.8352  ANGLE   =      407.3190  DIHED      =      951.8891
 VDWAALS =    46929.6873  EEL     =  -292706.6707  HBOND      =        0.0000
 1-4 VDW =      655.2323  1-4 EEL =     8729.1562  RESTRAINT  =       51.5584
 EAMBER  =  -196328.5517


   NSTEP       ENERGY          RMS            GMAX         NAME    NUMBER
   3100      -1.9628E+05     4.6287E-02     6.2052E+00     CD       3437

 BOND    =    38704.6754  ANGLE   =      407.1003  DIHED      =      951.9903
 VDWAALS =    46929.8837  EEL     =  -292707.7171  HBOND      =        0.0000
 1-4 VDW =      655.2589  1-4 EEL =     8729.1947  RESTRAINT  =       51.6246
 EAMBER  =  -196329.6139


   NSTEP       ENERGY          RMS            GMAX         NAME    NUMBER
   3150      -1.9628E+05     8.4678E-03     5.6985E-01     CD       3437

 BOND    =    38704.6638  ANGLE   =      407.1913  DIHED      =      951.9626
 VDWAALS =    46929.9053  EEL     =  -292707.9356  HBOND      =        0.0000
 1-4 VDW =      655.2646  1-4 EEL =     8729.2498  RESTRAINT  =       51.6248
 EAMBER  =  -196329.6982


   NSTEP       ENERGY          RMS            GMAX         NAME    NUMBER
   3200      -1.9628E+05     1.2406E-01     1.3171E+01     CD       3437

 BOND    =    38704.5134  ANGLE   =      407.1626  DIHED      =      952.1392
 VDWAALS =    46930.8213  EEL     =  -292710.7432  HBOND      =        0.0000
 1-4 VDW =      655.2836  1-4 EEL =     8729.9449  RESTRAINT  =       51.7526
 EAMBER  =  -196330.8782


   NSTEP       ENERGY          RMS            GMAX         NAME    NUMBER
   3250      -1.9628E+05     4.9392E-02     3.1727E+00     C        3459

 BOND    =    38705.0363  ANGLE   =      407.2477  DIHED      =      952.2192
 VDWAALS =    46931.0583  EEL     =  -292712.8085  HBOND      =        0.0000
 1-4 VDW =      655.2360  1-4 EEL =     8729.9912  RESTRAINT  =       51.8064
 EAMBER  =  -196332.0199


   NSTEP       ENERGY          RMS            GMAX         NAME    NUMBER
   3300      -1.9628E+05     2.1982E-02     1.9544E+00     CD       3437

 BOND    =    38704.9837  ANGLE   =      407.1136  DIHED      =      952.3053
 VDWAALS =    46931.3545  EEL     =  -292713.8441  HBOND      =        0.0000
 1-4 VDW =      655.2377  1-4 EEL =     8730.1172  RESTRAINT  =       51.8477
 EAMBER  =  -196332.7321


   NSTEP       ENERGY          RMS            GMAX         NAME    NUMBER
   3350      -1.9628E+05     6.7134E-03     3.2774E-01     CD       3437

 BOND    =    38704.9924  ANGLE   =      407.0584  DIHED      =      952.3696
 VDWAALS =    46931.5770  EEL     =  -292714.4972  HBOND      =        0.0000
 1-4 VDW =      655.2319  1-4 EEL =     8730.1590  RESTRAINT  =       51.8671
 EAMBER  =  -196333.1089


   NSTEP       ENERGY          RMS            GMAX         NAME    NUMBER
   3400      -1.9628E+05     6.6007E-03     2.7810E-01     HH12     1517

 BOND    =    38704.9933  ANGLE   =      407.0583  DIHED      =      952.3696
 VDWAALS =    46931.5768  EEL     =  -292714.5025  HBOND      =        0.0000
 1-4 VDW =      655.2319  1-4 EEL =     8730.1592  RESTRAINT  =       51.8671
 EAMBER  =  -196333.1135


   NSTEP       ENERGY          RMS            GMAX         NAME    NUMBER
   3450      -1.9628E+05     1.3018E-02     2.3463E+00     C        3254

 BOND    =    38705.1323  ANGLE   =      407.0605  DIHED      =      952.4433
 VDWAALS =    46931.8067  EEL     =  -292715.5655  HBOND      =        0.0000
 1-4 VDW =      655.2310  1-4 EEL =     8730.2880  RESTRAINT  =       51.9062
 EAMBER  =  -196333.6038


   NSTEP       ENERGY          RMS            GMAX         NAME    NUMBER
   3500      -1.9628E+05     7.3982E-03     9.7007E-01     C        3254

 BOND    =    38705.0469  ANGLE   =      407.0406  DIHED      =      952.4318
 VDWAALS =    46931.9017  EEL     =  -292715.6737  HBOND      =        0.0000
 1-4 VDW =      655.2212  1-4 EEL =     8730.3657  RESTRAINT  =       51.9099
 EAMBER  =  -196333.6659


   NSTEP       ENERGY          RMS            GMAX         NAME    NUMBER
   3550      -1.9628E+05     1.1732E-02     1.2187E+00     C        3254

 BOND    =    38705.1443  ANGLE   =      407.0710  DIHED      =      952.5241
 VDWAALS =    46932.1891  EEL     =  -292717.0467  HBOND      =        0.0000
 1-4 VDW =      655.2104  1-4 EEL =     8730.5360  RESTRAINT  =       51.9619
 EAMBER  =  -196334.3718


   NSTEP       ENERGY          RMS            GMAX         NAME    NUMBER
   3600      -1.9628E+05     2.7985E-02     2.2470E+00     CD       3437

 BOND    =    38705.2723  ANGLE   =      407.0518  DIHED      =      952.6486
 VDWAALS =    46932.8167  EEL     =  -292719.8018  HBOND      =        0.0000
 1-4 VDW =      655.1692  1-4 EEL =     8730.9093  RESTRAINT  =       52.0722
 EAMBER  =  -196335.9340


   NSTEP       ENERGY          RMS            GMAX         NAME    NUMBER
   3650      -1.9629E+05     1.1543E-02     6.2441E-01     H        2398

 BOND    =    38705.4191  ANGLE   =      407.1503  DIHED      =      952.7851
 VDWAALS =    46933.3961  EEL     =  -292722.9239  HBOND      =        0.0000
 1-4 VDW =      655.0862  1-4 EEL =     8731.3989  RESTRAINT  =       52.2336
 EAMBER  =  -196337.6882


   NSTEP       ENERGY          RMS            GMAX         NAME    NUMBER
   3700      -1.9629E+05     8.2302E-03     8.0725E-01     C        1643

 BOND    =    38705.4607  ANGLE   =      407.1187  DIHED      =      952.8000
 VDWAALS =    46933.4334  EEL     =  -292723.3370  HBOND      =        0.0000
 1-4 VDW =      655.0966  1-4 EEL =     8731.4025  RESTRAINT  =       52.2243
 EAMBER  =  -196338.0250


   NSTEP       ENERGY          RMS            GMAX         NAME    NUMBER
   3750      -1.9629E+05     7.0459E-03     4.5840E-01     C        1643

 BOND    =    38705.4802  ANGLE   =      407.1310  DIHED      =      952.8055
 VDWAALS =    46933.5298  EEL     =  -292723.6624  HBOND      =        0.0000
 1-4 VDW =      655.0938  1-4 EEL =     8731.4228  RESTRAINT  =       52.2368
 EAMBER  =  -196338.1993


   NSTEP       ENERGY          RMS            GMAX         NAME    NUMBER
   3800      -1.9629E+05     1.0031E-02     6.7099E-01     HD21     2301

 BOND    =    38705.8459  ANGLE   =      407.3662  DIHED      =      953.0113
 VDWAALS =    46934.6573  EEL     =  -292729.2744  HBOND      =        0.0000
 1-4 VDW =      654.9368  1-4 EEL =     8732.1481  RESTRAINT  =       52.4927
 EAMBER  =  -196341.3088


   NSTEP       ENERGY          RMS            GMAX         NAME    NUMBER
   3850      -1.9629E+05     3.8120E-02     1.9357E+00     H2       7721

 BOND    =    38705.8441  ANGLE   =      407.3735  DIHED      =      953.1294
 VDWAALS =    46934.8965  EEL     =  -292730.7217  HBOND      =        0.0000
 1-4 VDW =      654.9431  1-4 EEL =     8732.2846  RESTRAINT  =       52.5752
 EAMBER  =  -196342.2505


   NSTEP       ENERGY          RMS            GMAX         NAME    NUMBER
   3900      -1.9629E+05     1.6393E-02     1.0249E+00     CD       3437

 BOND    =    38706.2345  ANGLE   =      407.6643  DIHED      =      953.3268
 VDWAALS =    46935.8439  EEL     =  -292734.9516  HBOND      =        0.0000
 1-4 VDW =      654.8213  1-4 EEL =     8732.3882  RESTRAINT  =       52.7931
 EAMBER  =  -196344.6726


   NSTEP       ENERGY          RMS            GMAX         NAME    NUMBER
   3950      -1.9629E+05     1.1218E-02     6.4902E-01     HH21     3503

 BOND    =    38706.3945  ANGLE   =      407.8052  DIHED      =      953.4673
 VDWAALS =    46936.1256  EEL     =  -292735.9807  HBOND      =        0.0000
 1-4 VDW =      654.8007  1-4 EEL =     8732.1126  RESTRAINT  =       52.8337
 EAMBER  =  -196345.2747


   NSTEP       ENERGY          RMS            GMAX         NAME    NUMBER
   4000      -1.9629E+05     3.2367E-02     4.5498E+00     CB       2204

 BOND    =    38706.8497  ANGLE   =      408.0806  DIHED      =      953.8015
 VDWAALS =    46936.8529  EEL     =  -292738.8186  HBOND      =        0.0000
 1-4 VDW =      654.7445  1-4 EEL =     8731.7829  RESTRAINT  =       52.9606
 EAMBER  =  -196346.7064


   NSTEP       ENERGY          RMS            GMAX         NAME    NUMBER
   4050      -1.9630E+05     4.6625E-02     5.1137E+00     CG       1328

 BOND    =    38707.0730  ANGLE   =      408.4995  DIHED      =      954.8480
 VDWAALS =    46938.3670  EEL     =  -292745.0988  HBOND      =        0.0000
 1-4 VDW =      654.6470  1-4 EEL =     8731.6609  RESTRAINT  =       53.2887
 EAMBER  =  -196350.0035


   NSTEP       ENERGY          RMS            GMAX         NAME    NUMBER
   4100      -1.9630E+05     9.6316E-03     6.8791E-01     HE       3497

 BOND    =    38707.2117  ANGLE   =      408.5897  DIHED      =      954.8803
 VDWAALS =    46939.0937  EEL     =  -292747.0118  HBOND      =        0.0000
 1-4 VDW =      654.5453  1-4 EEL =     8731.8490  RESTRAINT  =       53.3307
 EAMBER  =  -196350.8421


   NSTEP       ENERGY          RMS            GMAX         NAME    NUMBER
   4150      -1.9630E+05     1.2372E-02     7.7687E-01     C         162

 BOND    =    38707.2115  ANGLE   =      408.6225  DIHED      =      954.9068
 VDWAALS =    46939.0907  EEL     =  -292747.1179  HBOND      =        0.0000
 1-4 VDW =      654.5522  1-4 EEL =     8731.8417  RESTRAINT  =       53.3386
 EAMBER  =  -196350.8925


   NSTEP       ENERGY          RMS            GMAX         NAME    NUMBER
   4200      -1.9630E+05     1.1896E-02     7.4877E-01     C         162

 BOND    =    38707.2093  ANGLE   =      408.6214  DIHED      =      954.9059
 VDWAALS =    46939.0911  EEL     =  -292747.1097  HBOND      =        0.0000
 1-4 VDW =      654.5518  1-4 EEL =     8731.8433  RESTRAINT  =       53.3386
 EAMBER  =  -196350.8870


   NSTEP       ENERGY          RMS            GMAX         NAME    NUMBER
   4250      -1.9630E+05     1.5828E-02     2.2896E+00     CG       1328

 BOND    =    38707.1569  ANGLE   =      408.5910  DIHED      =      954.8844
 VDWAALS =    46939.0939  EEL     =  -292747.0521  HBOND      =        0.0000
 1-4 VDW =      654.5408  1-4 EEL =     8731.8948  RESTRAINT  =       53.3394
 EAMBER  =  -196350.8901


   NSTEP       ENERGY          RMS            GMAX         NAME    NUMBER
   4300      -1.9630E+05     2.0695E-02     2.4660E+00     CG       1328

 BOND    =    38707.1718  ANGLE   =      408.5757  DIHED      =      954.8719
 VDWAALS =    46939.2098  EEL     =  -292747.3600  HBOND      =        0.0000
 1-4 VDW =      654.5276  1-4 EEL =     8731.9644  RESTRAINT  =       53.3563
 EAMBER  =  -196351.0389


   NSTEP       ENERGY          RMS            GMAX         NAME    NUMBER
   4350      -1.9630E+05     7.1049E-02     5.1733E+00     CA        150

 BOND    =    38708.5061  ANGLE   =      408.9892  DIHED      =      954.4235
 VDWAALS =    46941.1481  EEL     =  -292753.5760  HBOND      =        0.0000
 1-4 VDW =      654.3987  1-4 EEL =     8732.1538  RESTRAINT  =       53.6433
 EAMBER  =  -196353.9568


   NSTEP       ENERGY          RMS            GMAX         NAME    NUMBER
   4400      -1.9630E+05     1.4604E-01     1.6522E+01     CG       1328

 BOND    =    38709.2117  ANGLE   =      409.3916  DIHED      =      953.4993
 VDWAALS =    46941.9878  EEL     =  -292754.7096  HBOND      =        0.0000
 1-4 VDW =      654.3964  1-4 EEL =     8730.0996  RESTRAINT  =       54.0476
 EAMBER  =  -196356.1232


   NSTEP       ENERGY          RMS            GMAX         NAME    NUMBER
   4450      -1.9630E+05     4.6914E-02     4.7914E+00     CG       1328

 BOND    =    38708.2350  ANGLE   =      409.9283  DIHED      =      953.8413
 VDWAALS =    46942.3372  EEL     =  -292757.9427  HBOND      =        0.0000
 1-4 VDW =      654.3065  1-4 EEL =     8730.7747  RESTRAINT  =       54.1272
 EAMBER  =  -196358.5198


   NSTEP       ENERGY          RMS            GMAX         NAME    NUMBER
   4500      -1.9631E+05     2.2777E-02     1.4120E+00     CG       1328

 BOND    =    38707.9911  ANGLE   =      410.1078  DIHED      =      953.6210
 VDWAALS =    46942.9601  EEL     =  -292760.1835  HBOND      =        0.0000
 1-4 VDW =      654.2010  1-4 EEL =     8730.7546  RESTRAINT  =       54.3295
 EAMBER  =  -196360.5479


   NSTEP       ENERGY          RMS            GMAX         NAME    NUMBER
   4550      -1.9631E+05     2.2292E-02     2.3667E+00     HE21     2715

 BOND    =    38708.9267  ANGLE   =      410.6040  DIHED      =      953.3688
 VDWAALS =    46945.0562  EEL     =  -292765.8295  HBOND      =        0.0000
 1-4 VDW =      654.3357  1-4 EEL =     8729.6864  RESTRAINT  =       54.5606
 EAMBER  =  -196363.8517


   NSTEP       ENERGY          RMS            GMAX         NAME    NUMBER
   4600      -1.9631E+05     7.5345E-03     1.0410E+00     CG       1328

 BOND    =    38708.8461  ANGLE   =      410.3930  DIHED      =      953.3944
 VDWAALS =    46945.0868  EEL     =  -292766.2724  HBOND      =        0.0000
 1-4 VDW =      654.2189  1-4 EEL =     8730.0814  RESTRAINT  =       54.6181
 EAMBER  =  -196364.2516


   NSTEP       ENERGY          RMS            GMAX         NAME    NUMBER
   4650      -1.9631E+05     5.8691E-03     3.5772E-01     HE22     2716

 BOND    =    38708.8507  ANGLE   =      410.3927  DIHED      =      953.3944
 VDWAALS =    46945.0897  EEL     =  -292766.2841  HBOND      =        0.0000
 1-4 VDW =      654.2188  1-4 EEL =     8730.0812  RESTRAINT  =       54.6184
 EAMBER  =  -196364.2566


   NSTEP       ENERGY          RMS            GMAX         NAME    NUMBER
   4700      -1.9631E+05     5.6753E-03     3.5468E-01     HE22     2716

 BOND    =    38708.8514  ANGLE   =      410.3926  DIHED      =      953.3944
 VDWAALS =    46945.0920  EEL     =  -292766.2732  HBOND      =        0.0000
 1-4 VDW =      654.2187  1-4 EEL =     8730.0811  RESTRAINT  =       54.6187
 EAMBER  =  -196364.2430


   NSTEP       ENERGY          RMS            GMAX         NAME    NUMBER
   4750      -1.9631E+05     1.2884E-01     2.6617E+01     CG       1328

 BOND    =    38709.5366  ANGLE   =      410.5470  DIHED      =      952.9650
 VDWAALS =    46946.4563  EEL     =  -292768.8478  HBOND      =        0.0000
 1-4 VDW =      654.2751  1-4 EEL =     8729.6461  RESTRAINT  =       54.8202
 EAMBER  =  -196365.4218


   NSTEP       ENERGY          RMS            GMAX         NAME    NUMBER
   4800      -1.9631E+05     5.7702E-03     4.8537E-01     CG       1328

 BOND    =    38709.2506  ANGLE   =      410.5114  DIHED      =      953.2170
 VDWAALS =    46946.3051  EEL     =  -292769.7742  HBOND      =        0.0000
 1-4 VDW =      654.1320  1-4 EEL =     8729.8721  RESTRAINT  =       54.8978
 EAMBER  =  -196366.4860


   NSTEP       ENERGY          RMS            GMAX         NAME    NUMBER
   4850      -1.9631E+05     1.9255E-02     1.5786E+00     CG       1328

 BOND    =    38709.4594  ANGLE   =      410.6400  DIHED      =      953.0938
 VDWAALS =    46946.6270  EEL     =  -292771.1351  HBOND      =        0.0000
 1-4 VDW =      654.0537  1-4 EEL =     8729.5412  RESTRAINT  =       55.0695
 EAMBER  =  -196367.7200


   NSTEP       ENERGY          RMS            GMAX         NAME    NUMBER
   4900      -1.9631E+05     3.6531E-02     3.6592E+00     H1      44076

 BOND    =    38709.7648  ANGLE   =      410.9334  DIHED      =      953.4114
 VDWAALS =    46946.8658  EEL     =  -292773.9014  HBOND      =        0.0000
 1-4 VDW =      654.0205  1-4 EEL =     8729.0982  RESTRAINT  =       55.4683
 EAMBER  =  -196369.8072


   NSTEP       ENERGY          RMS            GMAX         NAME    NUMBER
   4950      -1.9631E+05     1.6737E-02     1.8225E+00     C        3349

 BOND    =    38710.2690  ANGLE   =      410.8859  DIHED      =      952.8596
 VDWAALS =    46947.2197  EEL     =  -292774.3039  HBOND      =        0.0000
 1-4 VDW =      653.9713  1-4 EEL =     8729.0007  RESTRAINT  =       55.4448
 EAMBER  =  -196370.0978


   NSTEP       ENERGY          RMS            GMAX         NAME    NUMBER
   5000      -1.9632E+05     1.5658E-02     1.4833E+00     CD       3437

 BOND    =    38710.3463  ANGLE   =      411.2457  DIHED      =      952.8088
 VDWAALS =    46947.9828  EEL     =  -292776.8020  HBOND      =        0.0000
 1-4 VDW =      653.9799  1-4 EEL =     8728.4366  RESTRAINT  =       55.7759
 EAMBER  =  -196372.0020


   NSTEP       ENERGY          RMS            GMAX         NAME    NUMBER
   5050      -1.9632E+05     2.8644E-02     2.8690E+00     CD       3210

 BOND    =    38710.5920  ANGLE   =      411.3557  DIHED      =      952.7889
 VDWAALS =    46948.7811  EEL     =  -292779.1195  HBOND      =        0.0000
 1-4 VDW =      654.0327  1-4 EEL =     8728.3858  RESTRAINT  =       55.9218
 EAMBER  =  -196373.1834


   NSTEP       ENERGY          RMS            GMAX         NAME    NUMBER
   5100      -1.9632E+05     2.0239E-02     1.7072E+00     OE2      1318

 BOND    =    38711.2799  ANGLE   =      410.6757  DIHED      =      953.0724
 VDWAALS =    46950.5503  EEL     =  -292784.4330  HBOND      =        0.0000
 1-4 VDW =      654.1229  1-4 EEL =     8728.4448  RESTRAINT  =       56.2363
 EAMBER  =  -196376.2870


   NSTEP       ENERGY          RMS            GMAX         NAME    NUMBER
   5150      -1.9632E+05     1.2275E-02     1.0675E+00     HH12     3501

 BOND    =    38711.3471  ANGLE   =      410.7785  DIHED      =      953.1105
 VDWAALS =    46951.0740  EEL     =  -292785.9257  HBOND      =        0.0000
 1-4 VDW =      654.1144  1-4 EEL =     8728.4680  RESTRAINT  =       56.2562
 EAMBER  =  -196377.0332


   NSTEP       ENERGY          RMS            GMAX         NAME    NUMBER
   5200      -1.9632E+05     2.5424E-02     1.6437E+00     CD       3437

 BOND    =    38711.2131  ANGLE   =      410.7754  DIHED      =      953.1590
 VDWAALS =    46950.9142  EEL     =  -292790.0112  HBOND      =        0.0000
 1-4 VDW =      654.0871  1-4 EEL =     8728.7696  RESTRAINT  =       56.7323
 EAMBER  =  -196381.0928


   NSTEP       ENERGY          RMS            GMAX         NAME    NUMBER
   5250      -1.9632E+05     6.9780E-03     1.1983E+00     HH12     3501

 BOND    =    38711.5927  ANGLE   =      410.7234  DIHED      =      953.0584
 VDWAALS =    46951.1837  EEL     =  -292790.5664  HBOND      =        0.0000
 1-4 VDW =      654.1314  1-4 EEL =     8728.4603  RESTRAINT  =       56.7014
 EAMBER  =  -196381.4165


   NSTEP       ENERGY          RMS            GMAX         NAME    NUMBER
   5300      -1.9633E+05     1.9437E-02     1.4513E+00     HH12     3501

 BOND    =    38711.8058  ANGLE   =      410.9894  DIHED      =      953.1380
 VDWAALS =    46951.3608  EEL     =  -292792.5537  HBOND      =        0.0000
 1-4 VDW =      654.1022  1-4 EEL =     8727.6000  RESTRAINT  =       56.9580
 EAMBER  =  -196383.5575


   NSTEP       ENERGY          RMS            GMAX         NAME    NUMBER
   5350      -1.9633E+05     3.2593E-02     3.6853E+00     NH1      3499

 BOND    =    38711.8665  ANGLE   =      411.0262  DIHED      =      953.6038
 VDWAALS =    46951.2300  EEL     =  -292794.2197  HBOND      =        0.0000
 1-4 VDW =      654.1412  1-4 EEL =     8726.8557  RESTRAINT  =       57.1618
 EAMBER  =  -196385.4963


   NSTEP       ENERGY          RMS            GMAX         NAME    NUMBER
   5400      -1.9633E+05     7.4571E-03     7.1134E-01     NH1      3499

 BOND    =    38711.7468  ANGLE   =      411.0529  DIHED      =      953.6327
 VDWAALS =    46951.2310  EEL     =  -292794.4266  HBOND      =        0.0000
 1-4 VDW =      654.1311  1-4 EEL =     8727.0106  RESTRAINT  =       57.1654
 EAMBER  =  -196385.6215


   NSTEP       ENERGY          RMS            GMAX         NAME    NUMBER
   5450      -1.9633E+05     4.8011E-02     3.1825E+00     CG       2897

 BOND    =    38711.6549  ANGLE   =      411.0636  DIHED      =      953.6477
 VDWAALS =    46950.8718  EEL     =  -292794.1725  HBOND      =        0.0000
 1-4 VDW =      654.0866  1-4 EEL =     8727.1492  RESTRAINT  =       57.2307
 EAMBER  =  -196385.6987


   NSTEP       ENERGY          RMS            GMAX         NAME    NUMBER
   5500      -1.9633E+05     5.9475E-03     8.9888E-01     HH12     3501

 BOND    =    38711.7454  ANGLE   =      411.0662  DIHED      =      953.6320
 VDWAALS =    46950.9974  EEL     =  -292794.4817  HBOND      =        0.0000
 1-4 VDW =      654.0880  1-4 EEL =     8726.9828  RESTRAINT  =       57.2357
 EAMBER  =  -196385.9699


   NSTEP       ENERGY          RMS            GMAX         NAME    NUMBER
   5550      -1.9633E+05     5.9170E-03     8.9549E-01     HH12     3501

 BOND    =    38711.7452  ANGLE   =      411.0664  DIHED      =      953.6319
 VDWAALS =    46950.9975  EEL     =  -292794.4735  HBOND      =        0.0000
 1-4 VDW =      654.0879  1-4 EEL =     8726.9825  RESTRAINT  =       57.2357
 EAMBER  =  -196385.9620


   NSTEP       ENERGY          RMS            GMAX         NAME    NUMBER
   5600      -1.9633E+05     5.8708E-03     8.8857E-01     HH12     3501

 BOND    =    38711.7447  ANGLE   =      411.0668  DIHED      =      953.6322
 VDWAALS =    46950.9969  EEL     =  -292794.4750  HBOND      =        0.0000
 1-4 VDW =      654.0879  1-4 EEL =     8726.9819  RESTRAINT  =       57.2358
 EAMBER  =  -196385.9646


   NSTEP       ENERGY          RMS            GMAX         NAME    NUMBER
   5650      -1.9633E+05     7.6720E-02     7.2272E+00     O        9423

 BOND    =    38711.9887  ANGLE   =      411.4089  DIHED      =      953.9946
 VDWAALS =    46950.8554  EEL     =  -292795.4795  HBOND      =        0.0000
 1-4 VDW =      654.0182  1-4 EEL =     8726.0266  RESTRAINT  =       57.5073
 EAMBER  =  -196387.1871


   NSTEP       ENERGY          RMS            GMAX         NAME    NUMBER
   5700      -1.9633E+05     7.8383E-03     5.6307E-01     CG        443

 BOND    =    38711.7680  ANGLE   =      411.3408  DIHED      =      953.9083
 VDWAALS =    46950.5592  EEL     =  -292795.4630  HBOND      =        0.0000
 1-4 VDW =      654.0101  1-4 EEL =     8726.2250  RESTRAINT  =       57.5391
 EAMBER  =  -196387.6515


   NSTEP       ENERGY          RMS            GMAX         NAME    NUMBER
   5750      -1.9633E+05     6.7265E-03     4.2793E-01     CZ       3498

 BOND    =    38711.8203  ANGLE   =      411.4805  DIHED      =      953.9412
 VDWAALS =    46950.5053  EEL     =  -292795.5325  HBOND      =        0.0000
 1-4 VDW =      654.0050  1-4 EEL =     8725.5929  RESTRAINT  =       57.6546
 EAMBER  =  -196388.1872


   NSTEP       ENERGY          RMS            GMAX         NAME    NUMBER
   5800      -1.9633E+05     3.0364E-01     5.6714E+01     CG       2897

 BOND    =    38714.3140  ANGLE   =      413.8251  DIHED      =      955.5519
 VDWAALS =    46949.2079  EEL     =  -292796.8711  HBOND      =        0.0000
 1-4 VDW =      652.6427  1-4 EEL =     8722.2284  RESTRAINT  =       59.9510
 EAMBER  =  -196389.1011


   NSTEP       ENERGY          RMS            GMAX         NAME    NUMBER
   5850      -1.9634E+05     2.1187E-02     1.7975E+00     HH11     3500

 BOND    =    38712.4794  ANGLE   =      413.0280  DIHED      =      954.6186
 VDWAALS =    46948.4593  EEL     =  -292797.5324  HBOND      =        0.0000
 1-4 VDW =      653.6921  1-4 EEL =     8721.0268  RESTRAINT  =       58.8400
 EAMBER  =  -196394.2281


   NSTEP       ENERGY          RMS            GMAX         NAME    NUMBER
   5900      -1.9634E+05     2.9525E-02     3.0967E+00     HH11     3500

 BOND    =    38712.7467  ANGLE   =      412.4886  DIHED      =      954.8912
 VDWAALS =    46949.3951  EEL     =  -292801.7594  HBOND      =        0.0000
 1-4 VDW =      653.7006  1-4 EEL =     8722.3027  RESTRAINT  =       58.6685
 EAMBER  =  -196396.2345


   NSTEP       ENERGY          RMS            GMAX         NAME    NUMBER
   5950      -1.9634E+05     6.1115E-02     1.1336E+01     CD       3437

 BOND    =    38713.2881  ANGLE   =      412.6889  DIHED      =      953.8196
 VDWAALS =    46949.7906  EEL     =  -292804.3634  HBOND      =        0.0000
 1-4 VDW =      653.4584  1-4 EEL =     8722.4014  RESTRAINT  =       58.9170
 EAMBER  =  -196398.9164


   NSTEP       ENERGY          RMS            GMAX         NAME    NUMBER
   6000      -1.9634E+05     1.4270E-02     2.5431E+00     CD       3437

 BOND    =    38713.0778  ANGLE   =      412.7641  DIHED      =      953.6876
 VDWAALS =    46950.1030  EEL     =  -292804.2882  HBOND      =        0.0000
 1-4 VDW =      653.5085  1-4 EEL =     8721.9361  RESTRAINT  =       58.8458
 EAMBER  =  -196399.2111


   NSTEP       ENERGY          RMS            GMAX         NAME    NUMBER
   6050      -1.9634E+05     5.3151E-03     7.4470E-01     HH11      973

 BOND    =    38713.0970  ANGLE   =      412.7488  DIHED      =      953.6979
 VDWAALS =    46950.1050  EEL     =  -292804.3682  HBOND      =        0.0000
 1-4 VDW =      653.4893  1-4 EEL =     8721.9271  RESTRAINT  =       58.8530
 EAMBER  =  -196399.3030


   NSTEP       ENERGY          RMS            GMAX         NAME    NUMBER
   6100      -1.9634E+05     6.9024E-03     1.0937E+00     HH11      973

 BOND    =    38713.5108  ANGLE   =      412.9885  DIHED      =      953.6850
 VDWAALS =    46950.7265  EEL     =  -292806.0765  HBOND      =        0.0000
 1-4 VDW =      653.3402  1-4 EEL =     8721.3197  RESTRAINT  =       58.9069
 EAMBER  =  -196400.5059


   NSTEP       ENERGY          RMS            GMAX         NAME    NUMBER
   6150      -1.9634E+05     8.1646E-02     6.8848E+00     O       17855

 BOND    =    38713.5398  ANGLE   =      412.7435  DIHED      =      954.0312
 VDWAALS =    46951.6726  EEL     =  -292809.5538  HBOND      =        0.0000
 1-4 VDW =      653.3441  1-4 EEL =     8722.4993  RESTRAINT  =       58.9983
 EAMBER  =  -196401.7233


   NSTEP       ENERGY          RMS            GMAX         NAME    NUMBER
   6200      -1.9634E+05     4.6189E-03     6.2148E-01     HH11      973

 BOND    =    38713.9213  ANGLE   =      412.7146  DIHED      =      953.8831
 VDWAALS =    46952.2752  EEL     =  -292810.3152  HBOND      =        0.0000
 1-4 VDW =      653.3978  1-4 EEL =     8721.9238  RESTRAINT  =       58.9923
 EAMBER  =  -196402.1995


   NSTEP       ENERGY          RMS            GMAX         NAME    NUMBER
   6250      -1.9634E+05     8.6516E-03     6.3675E-01     HH11      973

 BOND    =    38714.2304  ANGLE   =      412.3949  DIHED      =      954.1047
 VDWAALS =    46954.1576  EEL     =  -292814.4098  HBOND      =        0.0000
 1-4 VDW =      653.4884  1-4 EEL =     8722.8951  RESTRAINT  =       59.0527
 EAMBER  =  -196403.1388


   NSTEP       ENERGY          RMS            GMAX         NAME    NUMBER
   6300      -1.9634E+05     7.5141E-03     5.6013E-01     C        1215

 BOND    =    38714.2692  ANGLE   =      412.3740  DIHED      =      954.1112
 VDWAALS =    46954.0776  EEL     =  -292814.0952  HBOND      =        0.0000
 1-4 VDW =      653.4992  1-4 EEL =     8722.5879  RESTRAINT  =       59.0589
 EAMBER  =  -196403.1759


   NSTEP       ENERGY          RMS            GMAX         NAME    NUMBER
   6350      -1.9634E+05     8.8821E-03     1.1015E+00     CD       3437

 BOND    =    38714.2956  ANGLE   =      412.3668  DIHED      =      954.1405
 VDWAALS =    46954.0542  EEL     =  -292814.3026  HBOND      =        0.0000
 1-4 VDW =      653.5051  1-4 EEL =     8722.7122  RESTRAINT  =       59.0631
 EAMBER  =  -196403.2281


   NSTEP       ENERGY          RMS            GMAX         NAME    NUMBER
   6400      -1.9634E+05     1.3355E-02     2.9664E+00     CD       3437

 BOND    =    38714.3018  ANGLE   =      412.3501  DIHED      =      954.1409
 VDWAALS =    46954.0464  EEL     =  -292814.2981  HBOND      =        0.0000
 1-4 VDW =      653.5118  1-4 EEL =     8722.6878  RESTRAINT  =       59.0662
 EAMBER  =  -196403.2592


   NSTEP       ENERGY          RMS            GMAX         NAME    NUMBER
   6450      -1.9634E+05     3.2037E-03     1.8487E-01     CD       3437

 BOND    =    38714.2798  ANGLE   =      412.3546  DIHED      =      954.1403
 VDWAALS =    46954.0559  EEL     =  -292814.2774  HBOND      =        0.0000
 1-4 VDW =      653.5104  1-4 EEL =     8722.6867  RESTRAINT  =       59.0657
 EAMBER  =  -196403.2498


   NSTEP       ENERGY          RMS            GMAX         NAME    NUMBER
   6500      -1.9634E+05     3.6132E-03     1.3823E-01     CB       1202

 BOND    =    38714.2475  ANGLE   =      412.3247  DIHED      =      954.2110
 VDWAALS =    46953.9288  EEL     =  -292814.5460  HBOND      =        0.0000
 1-4 VDW =      653.5263  1-4 EEL =     8722.8192  RESTRAINT  =       59.0856
 EAMBER  =  -196403.4884


   NSTEP       ENERGY          RMS            GMAX         NAME    NUMBER
   6550      -1.9634E+05     2.9852E-03     1.0852E-01     HA3       953

 BOND    =    38714.2685  ANGLE   =      412.3242  DIHED      =      954.2065
 VDWAALS =    46953.9539  EEL     =  -292814.5703  HBOND      =        0.0000
 1-4 VDW =      653.5274  1-4 EEL =     8722.8022  RESTRAINT  =       59.0868
 EAMBER  =  -196403.4877


   NSTEP       ENERGY          RMS            GMAX         NAME    NUMBER
   6600      -1.9635E+05     5.5174E-03     1.7482E-01     O         995

 BOND    =    38714.3176  ANGLE   =      412.1929  DIHED      =      954.6918
 VDWAALS =    46954.1495  EEL     =  -292817.0919  HBOND      =        0.0000
 1-4 VDW =      653.5946  1-4 EEL =     8723.5137  RESTRAINT  =       59.2673
 EAMBER  =  -196404.6319


   NSTEP       ENERGY          RMS            GMAX         NAME    NUMBER
   6650      -1.9635E+05     1.1652E-02     6.9719E-01     O       47075

 BOND    =    38714.2849  ANGLE   =      412.1956  DIHED      =      954.6913
 VDWAALS =    46954.1489  EEL     =  -292817.0626  HBOND      =        0.0000
 1-4 VDW =      653.5975  1-4 EEL =     8723.5194  RESTRAINT  =       59.2652
 EAMBER  =  -196404.6250


   NSTEP       ENERGY          RMS            GMAX         NAME    NUMBER
   6700      -1.9635E+05     9.0794E-03     5.5105E-01     O       47075

 BOND    =    38714.2879  ANGLE   =      412.1952  DIHED      =      954.6915
 VDWAALS =    46954.1463  EEL     =  -292817.0625  HBOND      =        0.0000
 1-4 VDW =      653.5975  1-4 EEL =     8723.5195  RESTRAINT  =       59.2651
 EAMBER  =  -196404.6246


   NSTEP       ENERGY          RMS            GMAX         NAME    NUMBER
   6750      -1.9635E+05     7.4918E-03     4.4745E-01     O       47075

 BOND    =    38714.2902  ANGLE   =      412.1949  DIHED      =      954.6914
 VDWAALS =    46954.1439  EEL     =  -292817.0624  HBOND      =        0.0000
 1-4 VDW =      653.5976  1-4 EEL =     8723.5196  RESTRAINT  =       59.2650
 EAMBER  =  -196404.6249


   NSTEP       ENERGY          RMS            GMAX         NAME    NUMBER
   6800      -1.9635E+05     6.0332E-03     3.3239E-01     O       47075

 BOND    =    38714.2928  ANGLE   =      412.1946  DIHED      =      954.6916
 VDWAALS =    46954.1433  EEL     =  -292817.0529  HBOND      =        0.0000
 1-4 VDW =      653.5977  1-4 EEL =     8723.5197  RESTRAINT  =       59.2649
 EAMBER  =  -196404.6132


   NSTEP       ENERGY          RMS            GMAX         NAME    NUMBER
   6850      -1.9635E+05     1.0318E-02     8.4303E-01     O       47075

 BOND    =    38714.2606  ANGLE   =      412.1664  DIHED      =      954.7092
 VDWAALS =    46953.9879  EEL     =  -292817.0198  HBOND      =        0.0000
 1-4 VDW =      653.6238  1-4 EEL =     8723.5851  RESTRAINT  =       59.2532
 EAMBER  =  -196404.6868


   NSTEP       ENERGY          RMS            GMAX         NAME    NUMBER
   6900      -1.9635E+05     9.4635E-03     7.5604E-01     O       47075

 BOND    =    38714.2558  ANGLE   =      412.1665  DIHED      =      954.7092
 VDWAALS =    46953.9877  EEL     =  -292817.0121  HBOND      =        0.0000
 1-4 VDW =      653.6238  1-4 EEL =     8723.5850  RESTRAINT  =       59.2532
 EAMBER  =  -196404.6841


   NSTEP       ENERGY          RMS            GMAX         NAME    NUMBER
   6950      -1.9635E+05     7.6028E-03     5.5819E-01     O       47075

 BOND    =    38714.2454  ANGLE   =      412.1667  DIHED      =      954.7091
 VDWAALS =    46953.9890  EEL     =  -292816.9974  HBOND      =        0.0000
 1-4 VDW =      653.6238  1-4 EEL =     8723.5849  RESTRAINT  =       59.2532
 EAMBER  =  -196404.6785


   NSTEP       ENERGY          RMS            GMAX         NAME    NUMBER
   7000      -1.9635E+05     5.5027E-03     4.6669E-01     CD       3210

 BOND    =    38714.2328  ANGLE   =      412.1671  DIHED      =      954.7091
 VDWAALS =    46953.9890  EEL     =  -292816.9894  HBOND      =        0.0000
 1-4 VDW =      653.6239  1-4 EEL =     8723.5847  RESTRAINT  =       59.2532
 EAMBER  =  -196404.6828


   NSTEP       ENERGY          RMS            GMAX         NAME    NUMBER
   7050      -1.9635E+05     5.7846E-03     4.1404E-01     CD       3210

 BOND    =    38714.2085  ANGLE   =      412.1732  DIHED      =      954.7133
 VDWAALS =    46954.0063  EEL     =  -292817.0074  HBOND      =        0.0000
 1-4 VDW =      653.6254  1-4 EEL =     8723.5844  RESTRAINT  =       59.2535
 EAMBER  =  -196404.6963


   NSTEP       ENERGY          RMS            GMAX         NAME    NUMBER
   7100      -1.9635E+05     6.8359E-03     4.4671E-01     C        1215

 BOND    =    38714.3293  ANGLE   =      412.1389  DIHED      =      954.7385
 VDWAALS =    46954.3383  EEL     =  -292817.6384  HBOND      =        0.0000
 1-4 VDW =      653.6413  1-4 EEL =     8723.6808  RESTRAINT  =       59.2707
 EAMBER  =  -196404.7714


   NSTEP       ENERGY          RMS            GMAX         NAME    NUMBER
   7150      -1.9635E+05     3.2664E-03     1.5552E-01     O         995

 BOND    =    38714.2807  ANGLE   =      412.1535  DIHED      =      954.7567
 VDWAALS =    46954.2327  EEL     =  -292817.5499  HBOND      =        0.0000
 1-4 VDW =      653.6444  1-4 EEL =     8723.6745  RESTRAINT  =       59.2701
 EAMBER  =  -196404.8075


   NSTEP       ENERGY          RMS            GMAX         NAME    NUMBER
   7200      -1.9635E+05     4.4489E-03     1.9753E-01     H1       4468

 BOND    =    38714.2790  ANGLE   =      412.1303  DIHED      =      954.8677
 VDWAALS =    46954.3413  EEL     =  -292818.1989  HBOND      =        0.0000
 1-4 VDW =      653.6727  1-4 EEL =     8723.8407  RESTRAINT  =       59.3103
 EAMBER  =  -196405.0672


   NSTEP       ENERGY          RMS            GMAX         NAME    NUMBER
   7250      -1.9635E+05     1.0539E-02     1.5485E+00     CG       1881

 BOND    =    38714.2919  ANGLE   =      412.1260  DIHED      =      954.9488
 VDWAALS =    46954.5405  EEL     =  -292818.7577  HBOND      =        0.0000
 1-4 VDW =      653.6876  1-4 EEL =     8723.9369  RESTRAINT  =       59.3430
 EAMBER  =  -196405.2259


   NSTEP       ENERGY          RMS            GMAX         NAME    NUMBER
   7300      -1.9635E+05     3.0488E-03     1.6465E-01     CG       1881

 BOND    =    38714.3253  ANGLE   =      412.1266  DIHED      =      954.9491
 VDWAALS =    46954.5132  EEL     =  -292818.7555  HBOND      =        0.0000
 1-4 VDW =      653.6869  1-4 EEL =     8723.9295  RESTRAINT  =       59.3434
 EAMBER  =  -196405.2249


   NSTEP       ENERGY          RMS            GMAX         NAME    NUMBER
   7350      -1.9635E+05     2.9066E-03     1.5399E-01     O         995

 BOND    =    38714.3037  ANGLE   =      412.1205  DIHED      =      955.0000
 VDWAALS =    46954.4543  EEL     =  -292818.9397  HBOND      =        0.0000
 1-4 VDW =      653.6986  1-4 EEL =     8723.9989  RESTRAINT  =       59.3628
 EAMBER  =  -196405.3637


   NSTEP       ENERGY          RMS            GMAX         NAME    NUMBER
   7400      -1.9635E+05     1.1587E-02     7.2179E-01     H1      37056

 BOND    =    38714.4766  ANGLE   =      412.1108  DIHED      =      955.1739
 VDWAALS =    46955.0929  EEL     =  -292820.5008  HBOND      =        0.0000
 1-4 VDW =      653.7212  1-4 EEL =     8724.2174  RESTRAINT  =       59.4437
 EAMBER  =  -196405.7080


   NSTEP       ENERGY          RMS            GMAX         NAME    NUMBER
   7450      -1.9635E+05     7.5448E-03     2.9263E-01     H1      37056

 BOND    =    38714.4435  ANGLE   =      412.1074  DIHED      =      955.1766
 VDWAALS =    46955.0769  EEL     =  -292820.4502  HBOND      =        0.0000
 1-4 VDW =      653.7220  1-4 EEL =     8724.2132  RESTRAINT  =       59.4430
 EAMBER  =  -196405.7106


   NSTEP       ENERGY          RMS            GMAX         NAME    NUMBER
   7500      -1.9635E+05     1.3162E-02     1.0880E+00     H1      37056

 BOND    =    38714.4428  ANGLE   =      412.1044  DIHED      =      955.1798
 VDWAALS =    46955.0358  EEL     =  -292820.3899  HBOND      =        0.0000
 1-4 VDW =      653.7232  1-4 EEL =     8724.2073  RESTRAINT  =       59.4419
 EAMBER  =  -196405.6965


   NSTEP       ENERGY          RMS            GMAX         NAME    NUMBER
   7550      -1.9635E+05     4.2286E-03     2.5965E-01     H2       6265

 BOND    =    38714.3654  ANGLE   =      412.1042  DIHED      =      955.1916
 VDWAALS =    46954.7400  EEL     =  -292820.1117  HBOND      =        0.0000
 1-4 VDW =      653.7306  1-4 EEL =     8724.2256  RESTRAINT  =       59.4394
 EAMBER  =  -196405.7543


   NSTEP       ENERGY          RMS            GMAX         NAME    NUMBER
   7600      -1.9635E+05     4.1382E-03     3.4271E-01     CD       3437

 BOND    =    38714.3217  ANGLE   =      412.0887  DIHED      =      955.3003
 VDWAALS =    46954.7437  EEL     =  -292820.5833  HBOND      =        0.0000
 1-4 VDW =      653.7559  1-4 EEL =     8724.3643  RESTRAINT  =       59.4829
 EAMBER  =  -196406.0087


   NSTEP       ENERGY          RMS            GMAX         NAME    NUMBER
   7650      -1.9635E+05     2.3956E-02     3.8899E+00     CD       3437

 BOND    =    38714.4413  ANGLE   =      412.0528  DIHED      =      955.7989
 VDWAALS =    46954.8686  EEL     =  -292822.8424  HBOND      =        0.0000
 1-4 VDW =      653.8118  1-4 EEL =     8724.8039  RESTRAINT  =       59.7056
 EAMBER  =  -196407.0653


   NSTEP       ENERGY          RMS            GMAX         NAME    NUMBER
   7700      -1.9635E+05     3.5384E-03     1.8134E-01     HG3      3209

 BOND    =    38714.5125  ANGLE   =      412.0783  DIHED      =      955.8112
 VDWAALS =    46955.3001  EEL     =  -292823.6525  HBOND      =        0.0000
 1-4 VDW =      653.8026  1-4 EEL =     8724.8776  RESTRAINT  =       59.7147
 EAMBER  =  -196407.2702


   NSTEP       ENERGY          RMS            GMAX         NAME    NUMBER
   7750      -1.9635E+05     4.2201E-03     2.8253E-01     C        2155

 BOND    =    38714.5413  ANGLE   =      412.0857  DIHED      =      955.8081
 VDWAALS =    46955.3920  EEL     =  -292823.7478  HBOND      =        0.0000
 1-4 VDW =      653.8087  1-4 EEL =     8724.8260  RESTRAINT  =       59.7192
 EAMBER  =  -196407.2859


   NSTEP       ENERGY          RMS            GMAX         NAME    NUMBER
   7800      -1.9635E+05     2.9570E-03     1.2842E-01     HG3      3209

 BOND    =    38714.5110  ANGLE   =      412.0737  DIHED      =      955.8328
 VDWAALS =    46955.3159  EEL     =  -292823.7796  HBOND      =        0.0000
 1-4 VDW =      653.8007  1-4 EEL =     8724.8782  RESTRAINT  =       59.7289
 EAMBER  =  -196407.3672


   NSTEP       ENERGY          RMS            GMAX         NAME    NUMBER
   7850      -1.9635E+05     3.7284E-03     2.6718E-01     CA        125

 BOND    =    38714.5458  ANGLE   =      412.0768  DIHED      =      955.8897
 VDWAALS =    46955.3507  EEL     =  -292824.1492  HBOND      =        0.0000
 1-4 VDW =      653.7945  1-4 EEL =     8724.8748  RESTRAINT  =       59.7691
 EAMBER  =  -196407.6169


   NSTEP       ENERGY          RMS            GMAX         NAME    NUMBER
   7900      -1.9635E+05     2.9269E-03     1.0275E-01     HZ2      2387

 BOND    =    38714.5487  ANGLE   =      412.0605  DIHED      =      955.9133
 VDWAALS =    46955.3583  EEL     =  -292824.2186  HBOND      =        0.0000
 1-4 VDW =      653.8005  1-4 EEL =     8724.8949  RESTRAINT  =       59.7749
 EAMBER  =  -196407.6424


   NSTEP       ENERGY          RMS            GMAX         NAME    NUMBER
   7950      -1.9635E+05     5.5054E-03     3.6711E-01     N        2452

 BOND    =    38714.5492  ANGLE   =      412.0607  DIHED      =      955.9522
 VDWAALS =    46955.3790  EEL     =  -292824.3593  HBOND      =        0.0000
 1-4 VDW =      653.8079  1-4 EEL =     8724.9113  RESTRAINT  =       59.7852
 EAMBER  =  -196407.6991


   NSTEP       ENERGY          RMS            GMAX         NAME    NUMBER
   8000      -1.9635E+05     3.1829E-03     2.5746E-01     C        2155

 BOND    =    38714.5590  ANGLE   =      412.0575  DIHED      =      955.9333
 VDWAALS =    46955.3641  EEL     =  -292824.2957  HBOND      =        0.0000
 1-4 VDW =      653.7967  1-4 EEL =     8724.8905  RESTRAINT  =       59.7869
 EAMBER  =  -196407.6947


   NSTEP       ENERGY          RMS            GMAX         NAME    NUMBER
   8050      -1.9635E+05     6.6080E-03     6.8560E-01     CA        125

 BOND    =    38714.5522  ANGLE   =      412.0627  DIHED      =      955.9693
 VDWAALS =    46955.3739  EEL     =  -292824.4897  HBOND      =        0.0000
 1-4 VDW =      653.7926  1-4 EEL =     8724.9140  RESTRAINT  =       59.8050
 EAMBER  =  -196407.8249


   NSTEP       ENERGY          RMS            GMAX         NAME    NUMBER
   8100      -1.9635E+05     5.8334E-03     6.1942E-01     CA        125

 BOND    =    38714.5562  ANGLE   =      412.0624  DIHED      =      955.9692
 VDWAALS =    46955.3742  EEL     =  -292824.4890  HBOND      =        0.0000
 1-4 VDW =      653.7927  1-4 EEL =     8724.9138  RESTRAINT  =       59.8050
 EAMBER  =  -196407.8205


   NSTEP       ENERGY          RMS            GMAX         NAME    NUMBER
   8150      -1.9635E+05     4.3407E-03     4.6837E-01     CA        125

 BOND    =    38714.5640  ANGLE   =      412.0616  DIHED      =      955.9696
 VDWAALS =    46955.3732  EEL     =  -292824.4951  HBOND      =        0.0000
 1-4 VDW =      653.7930  1-4 EEL =     8724.9131  RESTRAINT  =       59.8051
 EAMBER  =  -196407.8206


   NSTEP       ENERGY          RMS            GMAX         NAME    NUMBER
   8200      -1.9635E+05     6.4472E-03     4.9443E-01     O       18319

 BOND    =    38714.5479  ANGLE   =      412.0684  DIHED      =      956.0805
 VDWAALS =    46955.5301  EEL     =  -292825.1022  HBOND      =        0.0000
 1-4 VDW =      653.7874  1-4 EEL =     8724.9773  RESTRAINT  =       59.8710
 EAMBER  =  -196408.1105


   NSTEP       ENERGY          RMS            GMAX         NAME    NUMBER
   8250      -1.9635E+05     8.3429E-03     1.1092E+00     C        2155

 BOND    =    38714.6719  ANGLE   =      412.0474  DIHED      =      956.1243
 VDWAALS =    46955.6208  EEL     =  -292825.4292  HBOND      =        0.0000
 1-4 VDW =      653.7661  1-4 EEL =     8725.0336  RESTRAINT  =       59.8983
 EAMBER  =  -196408.1651

     .... RESTARTED DUE TO LINMIN FAILURE ...


   NSTEP       ENERGY          RMS            GMAX         NAME    NUMBER
   8300      -1.9635E+05     2.8079E-03     1.3084E-01     O        8607

 BOND    =    38714.6209  ANGLE   =      412.0499  DIHED      =      956.1510
 VDWAALS =    46955.4782  EEL     =  -292825.3303  HBOND      =        0.0000
 1-4 VDW =      653.7884  1-4 EEL =     8724.9659  RESTRAINT  =       59.8979
 EAMBER  =  -196408.2761


   NSTEP       ENERGY          RMS            GMAX         NAME    NUMBER
   8350      -1.9635E+05     3.7905E-03     4.3497E-01     CA       2145

 BOND    =    38714.6369  ANGLE   =      412.0494  DIHED      =      956.1605
 VDWAALS =    46955.4714  EEL     =  -292825.3770  HBOND      =        0.0000
 1-4 VDW =      653.7865  1-4 EEL =     8724.9703  RESTRAINT  =       59.9027
 EAMBER  =  -196408.3020


   NSTEP       ENERGY          RMS            GMAX         NAME    NUMBER
   8400      -1.9635E+05     3.1368E-03     2.9053E-01     CA       2145

 BOND    =    38714.6341  ANGLE   =      412.0492  DIHED      =      956.1606
 VDWAALS =    46955.4703  EEL     =  -292825.3666  HBOND      =        0.0000
 1-4 VDW =      653.7869  1-4 EEL =     8724.9703  RESTRAINT  =       59.9027
 EAMBER  =  -196408.2952


   NSTEP       ENERGY          RMS            GMAX         NAME    NUMBER
   8450      -1.9635E+05     8.4210E-03     1.3232E+00     CA       2145

 BOND    =    38714.6202  ANGLE   =      412.0538  DIHED      =      956.2441
 VDWAALS =    46955.4544  EEL     =  -292825.6578  HBOND      =        0.0000
 1-4 VDW =      653.7828  1-4 EEL =     8724.9950  RESTRAINT  =       59.9447
 EAMBER  =  -196408.5075


   NSTEP       ENERGY          RMS            GMAX         NAME    NUMBER
   8500      -1.9635E+05     2.6311E-02     1.2747E+00     CA       1821

 BOND    =    38714.7567  ANGLE   =      412.0584  DIHED      =      956.3011
 VDWAALS =    46955.4344  EEL     =  -292826.0021  HBOND      =        0.0000
 1-4 VDW =      653.7852  1-4 EEL =     8725.0294  RESTRAINT  =       59.9848
 EAMBER  =  -196408.6368


   NSTEP       ENERGY          RMS            GMAX         NAME    NUMBER
   8550      -1.9635E+05     9.8296E-03     6.4495E-01     H2      23373

 BOND    =    38714.5058  ANGLE   =      412.0428  DIHED      =      956.3244
 VDWAALS =    46955.5115  EEL     =  -292825.9365  HBOND      =        0.0000
 1-4 VDW =      653.7832  1-4 EEL =     8725.0042  RESTRAINT  =       59.9857
 EAMBER  =  -196408.7646


   NSTEP       ENERGY          RMS            GMAX         NAME    NUMBER
   8600      -1.9635E+05     4.1895E-03     3.7998E-01     N        1819

 BOND    =    38714.6971  ANGLE   =      412.0524  DIHED      =      956.3992
 VDWAALS =    46955.4798  EEL     =  -292826.4060  HBOND      =        0.0000
 1-4 VDW =      653.7760  1-4 EEL =     8725.0221  RESTRAINT  =       60.0223
 EAMBER  =  -196408.9793


   NSTEP       ENERGY          RMS            GMAX         NAME    NUMBER
   8650      -1.9635E+05     3.8334E-03     1.3723E-01     H1      42568

 BOND    =    38714.6913  ANGLE   =      412.0432  DIHED      =      956.4346
 VDWAALS =    46955.5460  EEL     =  -292826.5364  HBOND      =        0.0000
 1-4 VDW =      653.7805  1-4 EEL =     8725.0058  RESTRAINT  =       60.0361
 EAMBER  =  -196409.0350


   NSTEP       ENERGY          RMS            GMAX         NAME    NUMBER
   8700      -1.9635E+05     3.8079E-03     1.3561E-01     H1      42568

 BOND    =    38714.6914  ANGLE   =      412.0432  DIHED      =      956.4345
 VDWAALS =    46955.5463  EEL     =  -292826.5348  HBOND      =        0.0000
 1-4 VDW =      653.7806  1-4 EEL =     8725.0060  RESTRAINT  =       60.0361
 EAMBER  =  -196409.0328


   NSTEP       ENERGY          RMS            GMAX         NAME    NUMBER
   8750      -1.9635E+05     4.5675E-03     2.7325E-01     C         131

 BOND    =    38714.6974  ANGLE   =      412.0414  DIHED      =      956.4219
 VDWAALS =    46955.5321  EEL     =  -292826.5508  HBOND      =        0.0000
 1-4 VDW =      653.7876  1-4 EEL =     8725.0336  RESTRAINT  =       60.0394
 EAMBER  =  -196409.0368


   NSTEP       ENERGY          RMS            GMAX         NAME    NUMBER
   8800      -1.9635E+05     3.1983E-03     1.4494E-01     C         131

 BOND    =    38714.7045  ANGLE   =      412.0481  DIHED      =      956.4417
 VDWAALS =    46955.5175  EEL     =  -292826.5580  HBOND      =        0.0000
 1-4 VDW =      653.7749  1-4 EEL =     8725.0290  RESTRAINT  =       60.0407
 EAMBER  =  -196409.0424


   NSTEP       ENERGY          RMS            GMAX         NAME    NUMBER
   8850      -1.9635E+05     2.8070E-03     1.1456E-01     C         131

 BOND    =    38714.7072  ANGLE   =      412.0476  DIHED      =      956.4412
 VDWAALS =    46955.5179  EEL     =  -292826.5532  HBOND      =        0.0000
 1-4 VDW =      653.7753  1-4 EEL =     8725.0273  RESTRAINT  =       60.0408
 EAMBER  =  -196409.0367


   NSTEP       ENERGY          RMS            GMAX         NAME    NUMBER
   8900      -1.9635E+05     4.5203E-03     4.7749E-01     C         131

 BOND    =    38714.7074  ANGLE   =      412.0409  DIHED      =      956.4429
 VDWAALS =    46955.5265  EEL     =  -292826.6001  HBOND      =        0.0000
 1-4 VDW =      653.7862  1-4 EEL =     8725.0107  RESTRAINT  =       60.0454
 EAMBER  =  -196409.0855


   NSTEP       ENERGY          RMS            GMAX         NAME    NUMBER
   8950      -1.9635E+05     3.6231E-03     3.8864E-01     C         131

 BOND    =    38714.7289  ANGLE   =      412.0424  DIHED      =      956.4553
 VDWAALS =    46955.5257  EEL     =  -292826.6452  HBOND      =        0.0000
 1-4 VDW =      653.7761  1-4 EEL =     8725.0344  RESTRAINT  =       60.0460
 EAMBER  =  -196409.0825


   NSTEP       ENERGY          RMS            GMAX         NAME    NUMBER
   9000      -1.9635E+05     3.1228E-03     2.8628E-01     C         131

 BOND    =    38714.7171  ANGLE   =      412.0436  DIHED      =      956.4545
 VDWAALS =    46955.5266  EEL     =  -292826.6403  HBOND      =        0.0000
 1-4 VDW =      653.7768  1-4 EEL =     8725.0313  RESTRAINT  =       60.0461
 EAMBER  =  -196409.0905


   NSTEP       ENERGY          RMS            GMAX         NAME    NUMBER
   9050      -1.9635E+05     9.8620E-03     1.1742E+00     CZ       3498

 BOND    =    38714.8203  ANGLE   =      412.0536  DIHED      =      956.4739
 VDWAALS =    46955.5094  EEL     =  -292826.8279  HBOND      =        0.0000
 1-4 VDW =      653.7775  1-4 EEL =     8725.0263  RESTRAINT  =       60.0584
 EAMBER  =  -196409.1670


   NSTEP       ENERGY          RMS            GMAX         NAME    NUMBER
   9100      -1.9635E+05     6.8498E-03     1.0085E+00     CZ       3498

 BOND    =    38714.7670  ANGLE   =      412.0520  DIHED      =      956.4742
 VDWAALS =    46955.5091  EEL     =  -292826.7641  HBOND      =        0.0000
 1-4 VDW =      653.7773  1-4 EEL =     8725.0269  RESTRAINT  =       60.0584
 EAMBER  =  -196409.1576


   NSTEP       ENERGY          RMS            GMAX         NAME    NUMBER
   9150      -1.9635E+05     5.7241E-03     9.0960E-01     CZ       3498

 BOND    =    38714.7477  ANGLE   =      412.0511  DIHED      =      956.4745
 VDWAALS =    46955.5087  EEL     =  -292826.7460  HBOND      =        0.0000
 1-4 VDW =      653.7772  1-4 EEL =     8725.0271  RESTRAINT  =       60.0584
 EAMBER  =  -196409.1597


   NSTEP       ENERGY          RMS            GMAX         NAME    NUMBER
   9200      -1.9635E+05     3.6903E-03     1.9420E-01     NE       3496

 BOND    =    38714.7172  ANGLE   =      412.0438  DIHED      =      956.5245
 VDWAALS =    46955.5274  EEL     =  -292826.9114  HBOND      =        0.0000
 1-4 VDW =      653.7782  1-4 EEL =     8725.0208  RESTRAINT  =       60.0806
 EAMBER  =  -196409.2995

     .... RESTARTED DUE TO LINMIN FAILURE ...


   NSTEP       ENERGY          RMS            GMAX         NAME    NUMBER
   9250      -1.9635E+05     3.3813E-03     1.4450E-01     NH2      3502

 BOND    =    38714.7221  ANGLE   =      412.0441  DIHED      =      956.5253
 VDWAALS =    46955.5262  EEL     =  -292826.8962  HBOND      =        0.0000
 1-4 VDW =      653.7781  1-4 EEL =     8725.0224  RESTRAINT  =       60.0806
 EAMBER  =  -196409.2780


   NSTEP       ENERGY          RMS            GMAX         NAME    NUMBER
   9300      -1.9635E+05     2.7726E-03     1.1282E-01     HB2       388

 BOND    =    38714.7255  ANGLE   =      412.0443  DIHED      =      956.5420
 VDWAALS =    46955.5226  EEL     =  -292826.9758  HBOND      =        0.0000
 1-4 VDW =      653.7773  1-4 EEL =     8725.0315  RESTRAINT  =       60.0891
 EAMBER  =  -196409.3326


   NSTEP       ENERGY          RMS            GMAX         NAME    NUMBER
   9350      -1.9635E+05     2.5536E-03     1.1266E-01     HB2       388

 BOND    =    38714.7208  ANGLE   =      412.0462  DIHED      =      956.5465
 VDWAALS =    46955.5202  EEL     =  -292826.9730  HBOND      =        0.0000
 1-4 VDW =      653.7768  1-4 EEL =     8725.0323  RESTRAINT  =       60.0900
 EAMBER  =  -196409.3302


   NSTEP       ENERGY          RMS            GMAX         NAME    NUMBER
   9400      -1.9635E+05     4.0825E-03     5.2033E-01     CD       3437

 BOND    =    38714.7770  ANGLE   =      412.0580  DIHED      =      956.7461
 VDWAALS =    46955.4818  EEL     =  -292827.6922  HBOND      =        0.0000
 1-4 VDW =      653.7725  1-4 EEL =     8725.0326  RESTRAINT  =       60.1745
 EAMBER  =  -196409.8243


   NSTEP       ENERGY          RMS            GMAX         NAME    NUMBER
   9450      -1.9635E+05     9.6546E-03     4.3415E-01     H2      20041

 BOND    =    38714.7843  ANGLE   =      412.0482  DIHED      =      956.7592
 VDWAALS =    46955.4915  EEL     =  -292827.8828  HBOND      =        0.0000
 1-4 VDW =      653.7779  1-4 EEL =     8725.0822  RESTRAINT  =       60.1928
 EAMBER  =  -196409.9395


   NSTEP       ENERGY          RMS            GMAX         NAME    NUMBER
   9500      -1.9635E+05     3.1344E-03     1.2318E-01     HB2       388

 BOND    =    38714.7811  ANGLE   =      412.0508  DIHED      =      956.7646
 VDWAALS =    46955.4788  EEL     =  -292827.8709  HBOND      =        0.0000
 1-4 VDW =      653.7781  1-4 EEL =     8725.0745  RESTRAINT  =       60.1926
 EAMBER  =  -196409.9430


   NSTEP       ENERGY          RMS            GMAX         NAME    NUMBER
   9550      -1.9635E+05     2.7622E-03     1.2873E-01     O       22539

 BOND    =    38714.7680  ANGLE   =      412.0583  DIHED      =      956.7858
 VDWAALS =    46955.4510  EEL     =  -292827.8538  HBOND      =        0.0000
 1-4 VDW =      653.7773  1-4 EEL =     8725.0593  RESTRAINT  =       60.1940
 EAMBER  =  -196409.9542


   NSTEP       ENERGY          RMS            GMAX         NAME    NUMBER
   9600      -1.9635E+05     1.8787E-02     1.0941E+00     H1       4408

 BOND    =    38715.0560  ANGLE   =      412.2121  DIHED      =      957.7251
 VDWAALS =    46955.1491  EEL     =  -292831.1178  HBOND      =        0.0000
 1-4 VDW =      653.7900  1-4 EEL =     8725.0754  RESTRAINT  =       60.5282
 EAMBER  =  -196412.1101


   NSTEP       ENERGY          RMS            GMAX         NAME    NUMBER
   9650      -1.9635E+05     8.7923E-03     5.2876E-01     N         490

 BOND    =    38714.9522  ANGLE   =      412.1804  DIHED      =      957.7439
 VDWAALS =    46955.1060  EEL     =  -292831.1389  HBOND      =        0.0000
 1-4 VDW =      653.8052  1-4 EEL =     8725.1341  RESTRAINT  =       60.5095
 EAMBER  =  -196412.2171


   NSTEP       ENERGY          RMS            GMAX         NAME    NUMBER
   9700      -1.9635E+05     3.9892E-03     2.3822E-01     N         490

 BOND    =    38714.9337  ANGLE   =      412.1862  DIHED      =      957.7401
 VDWAALS =    46955.1111  EEL     =  -292831.0931  HBOND      =        0.0000
 1-4 VDW =      653.8144  1-4 EEL =     8725.1248  RESTRAINT  =       60.5091
 EAMBER  =  -196412.1827


   NSTEP       ENERGY          RMS            GMAX         NAME    NUMBER
   9750      -1.9635E+05     3.8904E-03     2.1349E-01     N         490

 BOND    =    38714.9338  ANGLE   =      412.1867  DIHED      =      957.7401
 VDWAALS =    46955.1106  EEL     =  -292831.0962  HBOND      =        0.0000
 1-4 VDW =      653.8149  1-4 EEL =     8725.1244  RESTRAINT  =       60.5091
 EAMBER  =  -196412.1858


   NSTEP       ENERGY          RMS            GMAX         NAME    NUMBER
   9800      -1.9635E+05     7.0644E-03     4.6638E-01     H1       9292

 BOND    =    38714.9677  ANGLE   =      412.2009  DIHED      =      957.7614
 VDWAALS =    46955.0949  EEL     =  -292831.1983  HBOND      =        0.0000
 1-4 VDW =      653.8232  1-4 EEL =     8725.1282  RESTRAINT  =       60.5084
 EAMBER  =  -196412.2220


   NSTEP       ENERGY          RMS            GMAX         NAME    NUMBER
   9850      -1.9635E+05     1.3788E-01     9.3779E+00     CA       1640

 BOND    =    38716.1970  ANGLE   =      412.5064  DIHED      =      958.6261
 VDWAALS =    46954.7002  EEL     =  -292834.5797  HBOND      =        0.0000
 1-4 VDW =      653.8345  1-4 EEL =     8725.6974  RESTRAINT  =       60.5831
 EAMBER  =  -196413.0180


   NSTEP       ENERGY          RMS            GMAX         NAME    NUMBER
   9900      -1.9635E+05     2.2332E-02     1.3696E+00     CA        125

 BOND    =    38715.3067  ANGLE   =      412.6615  DIHED      =      958.5549
 VDWAALS =    46955.7435  EEL     =  -292836.1393  HBOND      =        0.0000
 1-4 VDW =      654.1886  1-4 EEL =     8725.3961  RESTRAINT  =       60.2416
 EAMBER  =  -196414.2879


   NSTEP       ENERGY          RMS            GMAX         NAME    NUMBER
   9950      -1.9635E+05     1.3185E-02     1.4392E+00     CA        125

 BOND    =    38715.6159  ANGLE   =      412.6128  DIHED      =      958.6463
 VDWAALS =    46956.6490  EEL     =  -292837.8410  HBOND      =        0.0000
 1-4 VDW =      654.2177  1-4 EEL =     8725.4481  RESTRAINT  =       60.1979
 EAMBER  =  -196414.6512


   NSTEP       ENERGY          RMS            GMAX         NAME    NUMBER
  10000      -1.9636E+05     6.4246E-03     4.4125E-01     H1      30056

 BOND    =    38716.2495  ANGLE   =      412.5448  DIHED      =      958.8705
 VDWAALS =    46958.3977  EEL     =  -292841.2622  HBOND      =        0.0000
 1-4 VDW =      654.2984  1-4 EEL =     8725.6327  RESTRAINT  =       60.2536
 EAMBER  =  -196415.2687


  Maximum number of minimization cycles reached.


                    FINAL RESULTS



   NSTEP       ENERGY          RMS            GMAX         NAME    NUMBER
  10000      -1.9636E+05     6.4246E-03     4.4125E-01     H1      30056

 BOND    =    38716.2495  ANGLE   =      412.5448  DIHED      =      958.8705
 VDWAALS =    46958.3977  EEL     =  -292841.2622  HBOND      =        0.0000
 1-4 VDW =      654.2984  1-4 EEL =     8725.6327  RESTRAINT  =       60.2536
 EAMBER  =  -196415.2687
--------------------------------------------------------------------------------
   5.  TIMINGS
--------------------------------------------------------------------------------

|  NonSetup CPU Time in Major Routines:
|
|     Routine           Sec        %
|     ------------------------------
|     Nonbond          19.45   37.33
|     Bond              0.00    0.00
|     Angle             0.00    0.00
|     Dihedral          0.00    0.00
|     Shake             0.00    0.00
|     Other            32.66   62.67
|     ------------------------------
|     Total            52.11

|  PME Nonbond Pairlist CPU Time:
|
|     Routine              Sec        %
|     ---------------------------------
|     Set Up Cit           0.00    0.00
|     Build List           0.00    0.00
|     ---------------------------------
|     Total                0.00    0.00

|  PME Direct Force CPU Time:
|
|     Routine              Sec        %
|     ---------------------------------
|     NonBonded Calc       0.00    0.00
|     Exclude Masked       0.00    0.00
|     Other                0.02    0.05
|     ---------------------------------
|     Total                0.02    0.05

|  PME Reciprocal Force CPU Time:
|
|     Routine              Sec        %
|     ---------------------------------
|     1D bspline           0.00    0.00
|     Grid Charges         0.00    0.00
|     Scalar Sum           0.00    0.00
|     Gradient Sum         0.00    0.00
|     FFT                  0.00    0.00
|     ---------------------------------
|     Total                0.00    0.00

|  Setup CPU time:            2.34 seconds
|  NonSetup CPU time:        52.11 seconds
|  Total CPU time:           54.45 seconds     0.02 hours

|  Setup wall time:           3    seconds
|  NonSetup wall time:       52    seconds
|  Total wall time:          55    seconds     0.02 hours
