
          -------------------------------------------------------
          Amber 18 PMEMD                              2018
          -------------------------------------------------------

| PMEMD implementation of SANDER, Release 18

| Run on 07/07/2021 at 08:26:16

|   Executable path: pmemd.cuda
| Working directory: /home/bozhanng/Abs_MD/HEPC3_Fv_bent_cm_PG_relaxed
|          Hostname: bf21

  [-O]verwriting output

File Assignments:
|   MDIN: heat300K.in                                                           
|  MDOUT: heat300K_HEPC3_Fv_bent_cm_PG_relaxed.out                              
| INPCRD: heat100K_HEPC3_Fv_bent_cm_PG_relaxed.crd                              
|   PARM: HEPC3_Fv_bent_cm_PG_relaxed.parm7                                     
| RESTRT: heat300K_HEPC3_Fv_bent_cm_PG_relaxed.crd                              
|   REFC: refc                                                                  
|  MDVEL: mdvel                                                                 
|   MDEN: mden                                                                  
|  MDCRD: heat300K_HEPC3_Fv_bent_cm_PG_relaxed.nc                               
| MDINFO: mdinfo                                                                
|  MDFRC: mdfrc                                                                 


 Here is the input file:

Heating from 100 to 300 K                                                      
 &cntrl                                                                        
  imin=0,         ! Molecular dynamics                                         
  ntx=5,          ! Positions and velocities read NetCDF (or formatted)        
  irest=1,        ! Restart calculation                                        
  ntc=2,          ! SHAKE algorithm bonds with hydrogen                        
  ntf=2,          ! No force evaluation bonds with hydrogen                    
  tol=0.0000001,  ! SHAKE tolerance                                            
  nstlim=250000,  ! Number of MD steps                                         
  ntt=3,          ! Langevin dynamics                                          
  gamma_ln=5.0,   ! Collision frequency Langevin dynamics                      
  ig=-1,          ! Random seed Langevin dynamics                              
  ntpr=2500,                                                                   
  ntwr=2500,                                                                   
  ntwx=2500,      ! Write to trajectory file every ntwx steps                  
  dt=0.001,       ! Timestep (ps)                                              
  ntb=2,	  ! Constant pressure periodic boundary conditions                    
  ntp=1,                                                                       
  cut=8.0,                                                                     
 &end                                                                          
 &wt                                                                           
  type='TEMP0',   ! Varies the target temperature TEMP0                        
  istep1=250001,  ! Initial step                                               
  istep2=300000,  ! Final step                                                 
  value1=100.0,   ! Initial temp0 (K)                                          
  value2=300.0,   ! final temp0 (K)                                            
 &end                                                                          
 &wt                                                                           
  type='TEMP0',   ! Varies the target temperature TEMP0                        
  istep1=300001,  ! Initial step                                               
  istep2=500000,  ! Final step                                                 
  value1=300.0,   ! Initial temp0 (K)                                          
  value2=300.0,   ! final temp0 (K)                                            
 &end                                                                          
 &wt                                                                           
   type='END',                                                                 
 &end                                                                          
END                                                                            
END                                                                            


Note: ig = -1. Setting random seed to   435423 based on wallclock time in 
      microseconds.
| irandom = 1, using AMBER's internal random number generator (default).
 
|--------------------- INFORMATION ----------------------
| GPU (CUDA) Version of PMEMD in use: NVIDIA GPU IN USE.
|                    Version 18.0.0
| 
|                      03/25/2018
| 
| Implementation by:
|                    Ross C. Walker     (SDSC)
|                    Scott Le Grand     (nVIDIA)
| 
| Version 18 performance extensions by:
|                    David Cerutti     (Rutgers)
| 
| Precision model in use:
|      [SPFP] - Single Precision Forces, 64-bit Fixed Point
|               Accumulation. (Default)
| 
|--------------------------------------------------------
 
|----------------- CITATION INFORMATION -----------------
|
|    When publishing work that utilized the CUDA version
|    of AMBER, please cite the following in addition to
|    the regular AMBER citations:
|
|  - Romelia Salomon-Ferrer; Andreas W. Goetz; Duncan
|    Poole; Scott Le Grand; Ross C. Walker "Routine
|    microsecond molecular dynamics simulations with
|    AMBER - Part II: Particle Mesh Ewald", J. Chem.
|    Theory Comput., 2013, 9 (9), pp3878-3888,
|    DOI: 10.1021/ct400314y.
|
|  - Andreas W. Goetz; Mark J. Williamson; Dong Xu;
|    Duncan Poole; Scott Le Grand; Ross C. Walker
|    "Routine microsecond molecular dynamics simulations
|    with AMBER - Part I: Generalized Born", J. Chem.
|    Theory Comput., 2012, 8 (5), pp1542-1555.
|
|  - Scott Le Grand; Andreas W. Goetz; Ross C. Walker
|    "SPFP: Speed without compromise - a mixed precision
|    model for GPU accelerated molecular dynamics
|    simulations.", Comp. Phys. Comm., 2013, 184
|    pp374-380, DOI: 10.1016/j.cpc.2012.09.022
|
|--------------------------------------------------------
 
|------------------- GPU DEVICE INFO --------------------
|
|            CUDA_VISIBLE_DEVICES: 0
|   CUDA Capable Devices Detected:      1
|           CUDA Device ID in use:      0
|                CUDA Device Name: GeForce GTX 1080
|     CUDA Device Global Mem Size:   8119 MB
| CUDA Device Num Multiprocessors:     20
|           CUDA Device Core Freq:   1.73 GHz
|
|--------------------------------------------------------
 
 
| Conditional Compilation Defines Used:
| PUBFFT
| BINTRAJ
| MKL
| CUDA
| EMIL

| Largest sphere to fit in unit cell has radius =    33.475

| New format PARM file being parsed.
| Version =    1.000 Date = 07/07/21 Time = 08:04:59

| Note: 1-4 EEL scale factors are being read from the topology file.

| Note: 1-4 VDW scale factors are being read from the topology file.
| Duplicated    0 dihedrals

| Duplicated    0 dihedrals

--------------------------------------------------------------------------------
   1.  RESOURCE   USE: 
--------------------------------------------------------------------------------

 getting box info from netcdf restart file
 NATOM  =   46215 NTYPES =      18 NBONH =   33752 MBONA  =   12501
 NTHETH =    3888 MTHETA =    2478 NPHIH =    8196 MPHIA  =    7867
 NHPARM =       0 NPARM  =       0 NNB   =   94031 NRES   =   10914
 NBONA  =   12501 NTHETA =    2478 NPHIA =    7867 NUMBND =      72
 NUMANG =     171 NPTRA  =     194 NATYP =      36 NPHB   =       1
 IFBOX  =       1 NMXRS  =      25 IFCAP =       0 NEXTRA =   10677
 NCOPY  =       0

| Coordinate Index Table dimensions:    15   14   17
| Direct force subcell size =     4.6852    4.7821    4.5077

     BOX TYPE: RECTILINEAR

--------------------------------------------------------------------------------
   2.  CONTROL  DATA  FOR  THE  RUN
--------------------------------------------------------------------------------

default_name                                                                    

General flags:
     imin    =       0, nmropt  =       0

Nature and format of input:
     ntx     =       5, irest   =       1, ntrx    =       1

Nature and format of output:
     ntxo    =       2, ntpr    =    2500, ntrx    =       1, ntwr    =    2500
     iwrap   =       0, ntwx    =    2500, ntwv    =       0, ntwe    =       0
     ioutfm  =       1, ntwprt  =       0, idecomp =       0, rbornstat=      0

Potential function:
     ntf     =       2, ntb     =       2, igb     =       0, nsnb    =      25
     ipol    =       0, gbsa    =       0, iesp    =       0
     dielc   =   1.00000, cut     =   8.00000, intdiel =   1.00000

Frozen or restrained atoms:
     ibelly  =       0, ntr     =       0

Molecular dynamics:
     nstlim  =    250000, nscm    =      1000, nrespa  =         1
     t       =   0.00000, dt      =   0.00100, vlimit  =  -1.00000

Langevin dynamics temperature regulation:
     ig      =  435423
     temp0   = 300.00000, tempi   =   0.00000, gamma_ln=   5.00000

Pressure regulation:
     ntp     =       1
     pres0   =   1.00000, comp    =  44.60000, taup    =   1.00000

SHAKE:
     ntc     =       2, jfastw  =       0
     tol     =   0.00000

| Intermolecular bonds treatment:
|     no_intermolecular_bonds =       1

| Energy averages sample interval:
|     ene_avg_sampling =    2500

Extra-points options:
     frameon =       1, chngmask=       1

Ewald parameters:
     verbose =       0, ew_type =       0, nbflag  =       1, use_pme =       1
     vdwmeth =       1, eedmeth =       1, netfrc  =       1
     Box X =   70.278   Box Y =   66.950   Box Z =   76.631
     Alpha =   90.000   Beta  =   90.000   Gamma =   90.000
     NFFT1 =   72       NFFT2 =   64       NFFT3 =   80
     Cutoff=    8.000   Tol   =0.100E-04
     Ewald Coefficient =  0.34864
     Interpolation order =    4
|      EXTRA_PTS, trim_bonds: num bonds BEFORE trim = 33752     0
|      EXTRA_PTS, trim_bonds: num bonds AFTER  trim = 33752     0
|      EXTRA_PTS, trim_bonds: num bonds BEFORE trim = 12501     0
|      EXTRA_PTS, trim_bonds: num bonds AFTER  trim =  1824     0
|      EXTRA_PTS, trim_theta: num angle BEFORE trim =  3888     0
|      EXTRA_PTS, trim_theta: num angle AFTER  trim =  3888     0
|      EXTRA_PTS, trim_theta: num angle BEFORE trim =  2478     0
|      EXTRA_PTS, trim_theta: num angle AFTER  trim =  2478     0
|      EXTRA_PTS, trim_phi:  num diheds BEFORE trim =  8196     0
|      EXTRA_PTS, trim_phi:  num diheds AFTER  trim =  8196     0
|      EXTRA_PTS, trim_phi:  num diheds BEFORE trim =  7867     0
|      EXTRA_PTS, trim_phi:  num diheds AFTER  trim =  7867     0

--------------------------------------------------------------------------------
   3.  ATOMIC COORDINATES AND VELOCITIES
--------------------------------------------------------------------------------

default_name                                                                    
 begin time read from input coords =    25.000 ps

 
 Number of triangulated 3-point waters found:    10677

     Sum of charges from parm topology file =   0.00005842
     Forcing neutrality...

| Dynamic Memory, Types Used:
| Reals             1922851
| Integers          3055919

| Nonbonded Pairs Initial Allocation:     7719060

| GPU memory information (estimate):
| KB of GPU memory in use:         0
| KB of CPU memory in use:         0

--------------------------------------------------------------------------------
   4.  RESULTS
--------------------------------------------------------------------------------


 NSTEP =     2500   TIME(PS) =      27.500  TEMP(K) =   299.37  PRESS =    87.1
 Etot   =   -118357.5214  EKtot   =     21672.7109  EPtot      =   -140030.2324
 BOND   =       641.1429  ANGLE   =      1690.7090  DIHED      =      1309.6306
 1-4 NB =       767.0387  1-4 EEL =      8704.1495  VDWAALS    =     18330.3838
 EELEC  =   -171473.2868  EHBOND  =         0.0000  RESTRAINT  =         0.0000
 EKCMT  =      9539.2046  VIRIAL  =      8855.6495  VOLUME     =    363464.8204
                                                    Density    =         0.9953
 ------------------------------------------------------------------------------


 NSTEP =     5000   TIME(PS) =      30.000  TEMP(K) =   301.33  PRESS =  -259.9
 Etot   =   -117480.0716  EKtot   =     21814.7090  EPtot      =   -139294.7806
 BOND   =       712.0629  ANGLE   =      1636.7148  DIHED      =      1287.1803
 1-4 NB =       762.1772  1-4 EEL =      8784.5731  VDWAALS    =     17281.9631
 EELEC  =   -169759.4520  EHBOND  =         0.0000  RESTRAINT  =         0.0000
 EKCMT  =      9547.3580  VIRIAL  =     11564.8769  VOLUME     =    359474.5338
                                                    Density    =         1.0063
 ------------------------------------------------------------------------------


 NSTEP =     7500   TIME(PS) =      32.500  TEMP(K) =   301.45  PRESS =   -53.9
 Etot   =   -117471.7531  EKtot   =     21823.2734  EPtot      =   -139295.0265
 BOND   =       647.6098  ANGLE   =      1662.8547  DIHED      =      1320.7237
 1-4 NB =       774.3114  1-4 EEL =      8816.0348  VDWAALS    =     16989.1458
 EELEC  =   -169505.7067  EHBOND  =         0.0000  RESTRAINT  =         0.0000
 EKCMT  =      9698.4098  VIRIAL  =     10112.9835  VOLUME     =    356120.5258
                                                    Density    =         1.0158
 ------------------------------------------------------------------------------


 NSTEP =    10000   TIME(PS) =      35.000  TEMP(K) =   296.80  PRESS =   -21.4
 Etot   =   -117665.6917  EKtot   =     21487.2402  EPtot      =   -139152.9320
 BOND   =       668.8652  ANGLE   =      1637.3875  DIHED      =      1297.2002
 1-4 NB =       771.5368  1-4 EEL =      8766.9161  VDWAALS    =     17181.2646
 EELEC  =   -169476.1022  EHBOND  =         0.0000  RESTRAINT  =         0.0000
 EKCMT  =      9439.7402  VIRIAL  =      9603.2828  VOLUME     =    354089.2966
                                                    Density    =         1.0216
 ------------------------------------------------------------------------------


 NSTEP =    12500   TIME(PS) =      37.500  TEMP(K) =   302.24  PRESS =  -217.2
 Etot   =   -117157.5388  EKtot   =     21880.9414  EPtot      =   -139038.4802
 BOND   =       659.2574  ANGLE   =      1692.7549  DIHED      =      1318.3769
 1-4 NB =       745.3039  1-4 EEL =      8754.7830  VDWAALS    =     16845.5219
 EELEC  =   -169054.4782  EHBOND  =         0.0000  RESTRAINT  =         0.0000
 EKCMT  =      9569.8994  VIRIAL  =     11223.0349  VOLUME     =    352557.4373
                                                    Density    =         1.0261
 ------------------------------------------------------------------------------


 NSTEP =    15000   TIME(PS) =      40.000  TEMP(K) =   300.85  PRESS =  -143.5
 Etot   =   -117475.6336  EKtot   =     21779.9082  EPtot      =   -139255.5418
 BOND   =       683.2870  ANGLE   =      1654.2537  DIHED      =      1320.0265
 1-4 NB =       748.5611  1-4 EEL =      8702.8013  VDWAALS    =     16922.4635
 EELEC  =   -169286.9350  EHBOND  =         0.0000  RESTRAINT  =         0.0000
 EKCMT  =      9587.6832  VIRIAL  =     10678.0778  VOLUME     =    351984.9654
                                                    Density    =         1.0277
 ------------------------------------------------------------------------------


 NSTEP =    17500   TIME(PS) =      42.500  TEMP(K) =   300.31  PRESS =   -91.7
 Etot   =   -117200.9548  EKtot   =     21741.1484  EPtot      =   -138942.1032
 BOND   =       681.7682  ANGLE   =      1595.0650  DIHED      =      1322.8491
 1-4 NB =       791.3220  1-4 EEL =      8797.9238  VDWAALS    =     16778.4929
 EELEC  =   -168909.5241  EHBOND  =         0.0000  RESTRAINT  =         0.0000
 EKCMT  =      9606.5188  VIRIAL  =     10303.0332  VOLUME     =    351748.6176
                                                    Density    =         1.0284
 ------------------------------------------------------------------------------


 NSTEP =    20000   TIME(PS) =      45.000  TEMP(K) =   301.53  PRESS =  -177.2
 Etot   =   -117476.1954  EKtot   =     21829.4941  EPtot      =   -139305.6896
 BOND   =       661.0099  ANGLE   =      1673.9729  DIHED      =      1306.8906
 1-4 NB =       776.6556  1-4 EEL =      8793.8468  VDWAALS    =     17098.6503
 EELEC  =   -169616.7157  EHBOND  =         0.0000  RESTRAINT  =         0.0000
 EKCMT  =      9649.9328  VIRIAL  =     10998.8626  VOLUME     =    352612.2194
                                                    Density    =         1.0259
 ------------------------------------------------------------------------------


 NSTEP =    22500   TIME(PS) =      47.500  TEMP(K) =   299.41  PRESS =   106.4
 Etot   =   -117129.5480  EKtot   =     21676.2617  EPtot      =   -138805.8097
 BOND   =       615.6626  ANGLE   =      1689.7623  DIHED      =      1285.7569
 1-4 NB =       786.9445  1-4 EEL =      8813.2254  VDWAALS    =     16787.1670
 EELEC  =   -168784.3284  EHBOND  =         0.0000  RESTRAINT  =         0.0000
 EKCMT  =      9565.3816  VIRIAL  =      8758.5113  VOLUME     =    351138.9158
                                                    Density    =         1.0302
 ------------------------------------------------------------------------------


 NSTEP =    25000   TIME(PS) =      50.000  TEMP(K) =   299.25  PRESS =   -81.0
 Etot   =   -117304.8893  EKtot   =     21664.6016  EPtot      =   -138969.4909
 BOND   =       653.9901  ANGLE   =      1620.7431  DIHED      =      1302.6891
 1-4 NB =       766.7754  1-4 EEL =      8842.2512  VDWAALS    =     16850.2104
 EELEC  =   -169006.1503  EHBOND  =         0.0000  RESTRAINT  =         0.0000
 EKCMT  =      9561.9869  VIRIAL  =     10177.9287  VOLUME     =    352241.2483
                                                    Density    =         1.0270
 ------------------------------------------------------------------------------


 NSTEP =    27500   TIME(PS) =      52.500  TEMP(K) =   298.84  PRESS =    28.5
 Etot   =   -117373.8620  EKtot   =     21634.7910  EPtot      =   -139008.6530
 BOND   =       660.5523  ANGLE   =      1656.8579  DIHED      =      1287.8528
 1-4 NB =       735.8143  1-4 EEL =      8752.6384  VDWAALS    =     16942.4866
 EELEC  =   -169044.8553  EHBOND  =         0.0000  RESTRAINT  =         0.0000
 EKCMT  =      9559.7566  VIRIAL  =      9343.0749  VOLUME     =    351604.9800
                                                    Density    =         1.0288
 ------------------------------------------------------------------------------


 NSTEP =    30000   TIME(PS) =      55.000  TEMP(K) =   295.59  PRESS =    28.6
 Etot   =   -117807.5632  EKtot   =     21399.3984  EPtot      =   -139206.9616
 BOND   =       647.7776  ANGLE   =      1647.2292  DIHED      =      1283.1923
 1-4 NB =       783.3087  1-4 EEL =      8766.2326  VDWAALS    =     16972.7814
 EELEC  =   -169307.4833  EHBOND  =         0.0000  RESTRAINT  =         0.0000
 EKCMT  =      9377.5276  VIRIAL  =      9160.2076  VOLUME     =    351601.4143
                                                    Density    =         1.0289
 ------------------------------------------------------------------------------


 NSTEP =    32500   TIME(PS) =      57.500  TEMP(K) =   302.14  PRESS =    29.9
 Etot   =   -117378.2529  EKtot   =     21873.8535  EPtot      =   -139252.1064
 BOND   =       636.3073  ANGLE   =      1665.4716  DIHED      =      1315.6421
 1-4 NB =       783.6934  1-4 EEL =      8815.5285  VDWAALS    =     16934.5052
 EELEC  =   -169403.2545  EHBOND  =         0.0000  RESTRAINT  =         0.0000
 EKCMT  =      9616.4793  VIRIAL  =      9389.6894  VOLUME     =    351654.6880
                                                    Density    =         1.0287
 ------------------------------------------------------------------------------


 NSTEP =    35000   TIME(PS) =      60.000  TEMP(K) =   301.16  PRESS =    63.7
 Etot   =   -117311.5593  EKtot   =     21802.8203  EPtot      =   -139114.3797
 BOND   =       660.5816  ANGLE   =      1659.4031  DIHED      =      1324.4830
 1-4 NB =       768.1574  1-4 EEL =      8816.9231  VDWAALS    =     17060.7628
 EELEC  =   -169404.6907  EHBOND  =         0.0000  RESTRAINT  =         0.0000
 EKCMT  =      9598.9050  VIRIAL  =      9114.0746  VOLUME     =    352253.0483
                                                    Density    =         1.0270
 ------------------------------------------------------------------------------


 NSTEP =    37500   TIME(PS) =      62.500  TEMP(K) =   300.73  PRESS =    -1.4
 Etot   =   -117591.9495  EKtot   =     21771.5156  EPtot      =   -139363.4651
 BOND   =       663.3843  ANGLE   =      1642.9114  DIHED      =      1287.8427
 1-4 NB =       775.5708  1-4 EEL =      8770.4862  VDWAALS    =     17023.3586
 EELEC  =   -169527.0191  EHBOND  =         0.0000  RESTRAINT  =         0.0000
 EKCMT  =      9610.7346  VIRIAL  =      9621.6756  VOLUME     =    351525.7316
                                                    Density    =         1.0291
 ------------------------------------------------------------------------------


 NSTEP =    40000   TIME(PS) =      65.000  TEMP(K) =   299.48  PRESS =   102.7
 Etot   =   -117480.1831  EKtot   =     21680.9648  EPtot      =   -139161.1479
 BOND   =       677.2608  ANGLE   =      1690.1920  DIHED      =      1276.7586
 1-4 NB =       750.2529  1-4 EEL =      8724.6491  VDWAALS    =     17060.8477
 EELEC  =   -169341.1089  EHBOND  =         0.0000  RESTRAINT  =         0.0000
 EKCMT  =      9626.2239  VIRIAL  =      8846.0372  VOLUME     =    351957.5340
                                                    Density    =         1.0278
 ------------------------------------------------------------------------------


 NSTEP =    42500   TIME(PS) =      67.500  TEMP(K) =   302.57  PRESS =    65.2
 Etot   =   -117286.7122  EKtot   =     21904.8652  EPtot      =   -139191.5774
 BOND   =       653.0958  ANGLE   =      1655.5369  DIHED      =      1322.2368
 1-4 NB =       767.3026  1-4 EEL =      8804.6955  VDWAALS    =     16889.9665
 EELEC  =   -169284.4115  EHBOND  =         0.0000  RESTRAINT  =         0.0000
 EKCMT  =      9694.4374  VIRIAL  =      9200.1770  VOLUME     =    351363.1334
                                                    Density    =         1.0296
 ------------------------------------------------------------------------------


 NSTEP =    45000   TIME(PS) =      70.000  TEMP(K) =   300.38  PRESS =   133.0
 Etot   =   -117552.8680  EKtot   =     21745.8848  EPtot      =   -139298.7528
 BOND   =       657.5281  ANGLE   =      1597.2628  DIHED      =      1305.1653
 1-4 NB =       745.2918  1-4 EEL =      8740.3056  VDWAALS    =     16931.4696
 EELEC  =   -169275.7759  EHBOND  =         0.0000  RESTRAINT  =         0.0000
 EKCMT  =      9627.2178  VIRIAL  =      8621.2825  VOLUME     =    350168.9016
                                                    Density    =         1.0331
 ------------------------------------------------------------------------------


 NSTEP =    47500   TIME(PS) =      72.500  TEMP(K) =   300.94  PRESS =    67.8
 Etot   =   -117205.4471  EKtot   =     21786.5293  EPtot      =   -138991.9764
 BOND   =       690.9485  ANGLE   =      1736.3013  DIHED      =      1326.9773
 1-4 NB =       740.8044  1-4 EEL =      8708.6743  VDWAALS    =     16750.6540
 EELEC  =   -168946.3361  EHBOND  =         0.0000  RESTRAINT  =         0.0000
 EKCMT  =      9551.7092  VIRIAL  =      9038.8749  VOLUME     =    350372.6129
                                                    Density    =         1.0325
 ------------------------------------------------------------------------------


 NSTEP =    50000   TIME(PS) =      75.000  TEMP(K) =   295.52  PRESS =   164.9
 Etot   =   -117485.2898  EKtot   =     21394.5605  EPtot      =   -138879.8503
 BOND   =       657.4263  ANGLE   =      1705.3341  DIHED      =      1296.1606
 1-4 NB =       747.3709  1-4 EEL =      8728.0119  VDWAALS    =     16862.4243
 EELEC  =   -168876.5785  EHBOND  =         0.0000  RESTRAINT  =         0.0000
 EKCMT  =      9482.6159  VIRIAL  =      8236.0462  VOLUME     =    350108.3323
                                                    Density    =         1.0332
 ------------------------------------------------------------------------------


 NSTEP =    52500   TIME(PS) =      77.500  TEMP(K) =   301.16  PRESS =   174.2
 Etot   =   -117245.3261  EKtot   =     21802.4082  EPtot      =   -139047.7343
 BOND   =       702.9358  ANGLE   =      1625.2286  DIHED      =      1289.3667
 1-4 NB =       758.7370  1-4 EEL =      8757.8606  VDWAALS    =     16808.9348
 EELEC  =   -168990.7979  EHBOND  =         0.0000  RESTRAINT  =         0.0000
 EKCMT  =      9602.1184  VIRIAL  =      8284.3920  VOLUME     =    350366.0739
                                                    Density    =         1.0325
 ------------------------------------------------------------------------------


 NSTEP =    55000   TIME(PS) =      80.000  TEMP(K) =   300.03  PRESS =   -14.9
 Etot   =   -117324.4743  EKtot   =     21720.4844  EPtot      =   -139044.9587
 BOND   =       658.2422  ANGLE   =      1618.6822  DIHED      =      1294.6083
 1-4 NB =       787.5755  1-4 EEL =      8731.8658  VDWAALS    =     16852.0923
 EELEC  =   -168988.0250  EHBOND  =         0.0000  RESTRAINT  =         0.0000
 EKCMT  =      9547.5265  VIRIAL  =      9660.4840  VOLUME     =    350796.7283
                                                    Density    =         1.0312
 ------------------------------------------------------------------------------


 NSTEP =    57500   TIME(PS) =      82.500  TEMP(K) =   299.25  PRESS =    11.7
 Etot   =   -117440.1964  EKtot   =     21664.0918  EPtot      =   -139104.2882
 BOND   =       671.9535  ANGLE   =      1662.0687  DIHED      =      1300.8978
 1-4 NB =       756.7633  1-4 EEL =      8732.8902  VDWAALS    =     16836.4382
 EELEC  =   -169065.2999  EHBOND  =         0.0000  RESTRAINT  =         0.0000
 EKCMT  =      9592.3973  VIRIAL  =      9503.7797  VOLUME     =    352130.6439
                                                    Density    =         1.0273
 ------------------------------------------------------------------------------


 NSTEP =    60000   TIME(PS) =      85.000  TEMP(K) =   300.92  PRESS =  -101.6
 Etot   =   -117137.8595  EKtot   =     21785.5117  EPtot      =   -138923.3712
 BOND   =       667.2804  ANGLE   =      1658.3801  DIHED      =      1304.0206
 1-4 NB =       739.6946  1-4 EEL =      8741.2424  VDWAALS    =     16882.2331
 EELEC  =   -168916.2224  EHBOND  =         0.0000  RESTRAINT  =         0.0000
 EKCMT  =      9538.2018  VIRIAL  =     10308.0704  VOLUME     =    351091.8731
                                                    Density    =         1.0304
 ------------------------------------------------------------------------------


 NSTEP =    62500   TIME(PS) =      87.500  TEMP(K) =   298.89  PRESS =    31.1
 Etot   =   -117759.0537  EKtot   =     21638.1367  EPtot      =   -139397.1905
 BOND   =       643.4817  ANGLE   =      1641.9541  DIHED      =      1295.9101
 1-4 NB =       759.7183  1-4 EEL =      8782.6026  VDWAALS    =     16879.4914
 EELEC  =   -169400.3487  EHBOND  =         0.0000  RESTRAINT  =         0.0000
 EKCMT  =      9610.5204  VIRIAL  =      9375.0124  VOLUME     =    350210.9017
                                                    Density    =         1.0329
 ------------------------------------------------------------------------------


 NSTEP =    65000   TIME(PS) =      90.000  TEMP(K) =   302.05  PRESS =  -104.4
 Etot   =   -117245.6356  EKtot   =     21866.8105  EPtot      =   -139112.4461
 BOND   =       627.9135  ANGLE   =      1652.9489  DIHED      =      1312.5624
 1-4 NB =       775.4389  1-4 EEL =      8781.9776  VDWAALS    =     16649.4100
 EELEC  =   -168912.6974  EHBOND  =         0.0000  RESTRAINT  =         0.0000
 EKCMT  =      9632.4157  VIRIAL  =     10423.7169  VOLUME     =    351017.0130
                                                    Density    =         1.0306
 ------------------------------------------------------------------------------


 NSTEP =    67500   TIME(PS) =      92.500  TEMP(K) =   302.36  PRESS =    33.2
 Etot   =   -117172.2318  EKtot   =     21889.3867  EPtot      =   -139061.6185
 BOND   =       667.2821  ANGLE   =      1699.5048  DIHED      =      1297.9909
 1-4 NB =       762.1751  1-4 EEL =      8739.6136  VDWAALS    =     16896.2384
 EELEC  =   -169124.4235  EHBOND  =         0.0000  RESTRAINT  =         0.0000
 EKCMT  =      9635.8026  VIRIAL  =      9384.2805  VOLUME     =    351229.2938
                                                    Density    =         1.0299
 ------------------------------------------------------------------------------


 NSTEP =    70000   TIME(PS) =      95.000  TEMP(K) =   299.58  PRESS =   172.6
 Etot   =   -117440.3407  EKtot   =     21688.4531  EPtot      =   -139128.7938
 BOND   =       619.6355  ANGLE   =      1656.9941  DIHED      =      1314.9157
 1-4 NB =       772.5931  1-4 EEL =      8796.9102  VDWAALS    =     17266.0046
 EELEC  =   -169555.8470  EHBOND  =         0.0000  RESTRAINT  =         0.0000
 EKCMT  =      9498.9752  VIRIAL  =      8189.5719  VOLUME     =    351432.1607
                                                    Density    =         1.0294
 ------------------------------------------------------------------------------


 NSTEP =    72500   TIME(PS) =      97.500  TEMP(K) =   300.20  PRESS =   -60.1
 Etot   =   -117570.6486  EKtot   =     21732.8027  EPtot      =   -139303.4514
 BOND   =       664.4238  ANGLE   =      1617.9175  DIHED      =      1317.1578
 1-4 NB =       766.1305  1-4 EEL =      8777.6869  VDWAALS    =     17059.5726
 EELEC  =   -169506.3404  EHBOND  =         0.0000  RESTRAINT  =         0.0000
 EKCMT  =      9533.8594  VIRIAL  =      9989.9390  VOLUME     =    351255.4305
                                                    Density    =         1.0299
 ------------------------------------------------------------------------------


 NSTEP =    75000   TIME(PS) =     100.000  TEMP(K) =   300.40  PRESS =    23.6
 Etot   =   -117274.7177  EKtot   =     21747.4980  EPtot      =   -139022.2158
 BOND   =       634.9791  ANGLE   =      1626.8343  DIHED      =      1309.3646
 1-4 NB =       765.0480  1-4 EEL =      8806.9692  VDWAALS    =     16802.5154
 EELEC  =   -168967.9264  EHBOND  =         0.0000  RESTRAINT  =         0.0000
 EKCMT  =      9634.7125  VIRIAL  =      9455.5263  VOLUME     =    351408.8540
                                                    Density    =         1.0294
 ------------------------------------------------------------------------------


 NSTEP =    77500   TIME(PS) =     102.500  TEMP(K) =   300.20  PRESS =  -143.1
 Etot   =   -117556.7459  EKtot   =     21732.8574  EPtot      =   -139289.6034
 BOND   =       643.2837  ANGLE   =      1635.0339  DIHED      =      1306.5740
 1-4 NB =       740.2738  1-4 EEL =      8767.3737  VDWAALS    =     16866.5734
 EELEC  =   -169248.7158  EHBOND  =         0.0000  RESTRAINT  =         0.0000
 EKCMT  =      9569.7911  VIRIAL  =     10653.4065  VOLUME     =    350795.9415
                                                    Density    =         1.0312
 ------------------------------------------------------------------------------


 NSTEP =    80000   TIME(PS) =     105.000  TEMP(K) =   302.44  PRESS =    65.3
 Etot   =   -117162.0492  EKtot   =     21895.0938  EPtot      =   -139057.1429
 BOND   =       678.3448  ANGLE   =      1650.7482  DIHED      =      1311.2933
 1-4 NB =       778.6357  1-4 EEL =      8805.9501  VDWAALS    =     16929.1792
 EELEC  =   -169211.2943  EHBOND  =         0.0000  RESTRAINT  =         0.0000
 EKCMT  =      9694.5254  VIRIAL  =      9199.8502  VOLUME     =    351071.2249
                                                    Density    =         1.0304
 ------------------------------------------------------------------------------


 NSTEP =    82500   TIME(PS) =     107.500  TEMP(K) =   302.56  PRESS =   -77.4
 Etot   =   -117509.8390  EKtot   =     21904.1777  EPtot      =   -139414.0167
 BOND   =       657.1926  ANGLE   =      1681.2886  DIHED      =      1268.5755
 1-4 NB =       746.0836  1-4 EEL =      8775.7741  VDWAALS    =     16714.6235
 EELEC  =   -169257.5547  EHBOND  =         0.0000  RESTRAINT  =         0.0000
 EKCMT  =      9543.3098  VIRIAL  =     10129.8164  VOLUME     =    350801.5733
                                                    Density    =         1.0312
 ------------------------------------------------------------------------------


 NSTEP =    85000   TIME(PS) =     110.000  TEMP(K) =   301.52  PRESS =  -125.3
 Etot   =   -117256.4493  EKtot   =     21828.8848  EPtot      =   -139085.3341
 BOND   =       646.0511  ANGLE   =      1607.7797  DIHED      =      1302.1803
 1-4 NB =       760.4140  1-4 EEL =      8740.4348  VDWAALS    =     16708.5036
 EELEC  =   -168850.6975  EHBOND  =         0.0000  RESTRAINT  =         0.0000
 EKCMT  =      9582.2565  VIRIAL  =     10529.8789  VOLUME     =    350268.8551
                                                    Density    =         1.0328
 ------------------------------------------------------------------------------


 NSTEP =    87500   TIME(PS) =     112.500  TEMP(K) =   300.64  PRESS =  -226.6
 Etot   =   -117521.9723  EKtot   =     21764.9453  EPtot      =   -139286.9176
 BOND   =       625.7928  ANGLE   =      1649.5864  DIHED      =      1288.8443
 1-4 NB =       773.5632  1-4 EEL =      8800.3668  VDWAALS    =     16567.8470
 EELEC  =   -168992.9181  EHBOND  =         0.0000  RESTRAINT  =         0.0000
 EKCMT  =      9617.0023  VIRIAL  =     11332.2752  VOLUME     =    350630.3081
                                                    Density    =         1.0317
 ------------------------------------------------------------------------------


 NSTEP =    90000   TIME(PS) =     115.000  TEMP(K) =   296.69  PRESS =   139.8
 Etot   =   -117668.4857  EKtot   =     21479.0156  EPtot      =   -139147.5013
 BOND   =       663.5715  ANGLE   =      1652.0654  DIHED      =      1284.3896
 1-4 NB =       766.5768  1-4 EEL =      8822.4722  VDWAALS    =     16913.5943
 EELEC  =   -169250.1711  EHBOND  =         0.0000  RESTRAINT  =         0.0000
 EKCMT  =      9457.9056  VIRIAL  =      8397.6713  VOLUME     =    351128.6962
                                                    Density    =         1.0302
 ------------------------------------------------------------------------------


 NSTEP =    92500   TIME(PS) =     117.500  TEMP(K) =   299.77  PRESS =     5.2
 Etot   =   -117437.7960  EKtot   =     21702.3086  EPtot      =   -139140.1045
 BOND   =       627.9374  ANGLE   =      1627.7750  DIHED      =      1313.6556
 1-4 NB =       760.2144  1-4 EEL =      8811.0157  VDWAALS    =     16895.9620
 EELEC  =   -169176.6647  EHBOND  =         0.0000  RESTRAINT  =         0.0000
 EKCMT  =      9512.3230  VIRIAL  =      9472.6986  VOLUME     =    351172.7391
                                                    Density    =         1.0301
 ------------------------------------------------------------------------------


 NSTEP =    95000   TIME(PS) =     120.000  TEMP(K) =   299.32  PRESS =   -44.9
 Etot   =   -117522.7081  EKtot   =     21669.0566  EPtot      =   -139191.7648
 BOND   =       661.0973  ANGLE   =      1689.4509  DIHED      =      1287.4115
 1-4 NB =       757.6715  1-4 EEL =      8787.4844  VDWAALS    =     16834.7967
 EELEC  =   -169209.6771  EHBOND  =         0.0000  RESTRAINT  =         0.0000
 EKCMT  =      9545.6063  VIRIAL  =      9886.0325  VOLUME     =    351107.5852
                                                    Density    =         1.0303
 ------------------------------------------------------------------------------


 NSTEP =    97500   TIME(PS) =     122.500  TEMP(K) =   302.76  PRESS =   -67.6
 Etot   =   -117221.3626  EKtot   =     21918.4824  EPtot      =   -139139.8450
 BOND   =       666.0527  ANGLE   =      1667.2337  DIHED      =      1274.7962
 1-4 NB =       743.9884  1-4 EEL =      8741.1253  VDWAALS    =     16716.8356
 EELEC  =   -168949.8769  EHBOND  =         0.0000  RESTRAINT  =         0.0000
 EKCMT  =      9696.9595  VIRIAL  =     10210.6552  VOLUME     =    351734.3630
                                                    Density    =         1.0285
 ------------------------------------------------------------------------------


 NSTEP =   100000   TIME(PS) =     125.000  TEMP(K) =   298.07  PRESS =   -34.5
 Etot   =   -117500.3397  EKtot   =     21578.6523  EPtot      =   -139078.9920
 BOND   =       641.2544  ANGLE   =      1639.8892  DIHED      =      1297.0130
 1-4 NB =       778.1199  1-4 EEL =      8784.2669  VDWAALS    =     16739.7270
 EELEC  =   -168959.2623  EHBOND  =         0.0000  RESTRAINT  =         0.0000
 EKCMT  =      9610.6311  VIRIAL  =      9872.1575  VOLUME     =    351355.9235
                                                    Density    =         1.0296
 ------------------------------------------------------------------------------


 NSTEP =   102500   TIME(PS) =     127.500  TEMP(K) =   301.56  PRESS =   -56.4
 Etot   =   -117369.7000  EKtot   =     21831.5801  EPtot      =   -139201.2801
 BOND   =       660.5327  ANGLE   =      1695.9943  DIHED      =      1318.0761
 1-4 NB =       753.0006  1-4 EEL =      8856.9080  VDWAALS    =     17061.7849
 EELEC  =   -169547.5766  EHBOND  =         0.0000  RESTRAINT  =         0.0000
 EKCMT  =      9514.4808  VIRIAL  =      9942.8671  VOLUME     =    351593.7244
                                                    Density    =         1.0289
 ------------------------------------------------------------------------------


 NSTEP =   105000   TIME(PS) =     130.000  TEMP(K) =   298.45  PRESS =   322.9
 Etot   =   -117474.0481  EKtot   =     21606.3926  EPtot      =   -139080.4407
 BOND   =       649.7186  ANGLE   =      1677.9378  DIHED      =      1278.3751
 1-4 NB =       777.7129  1-4 EEL =      8825.7945  VDWAALS    =     17205.0756
 EELEC  =   -169495.0551  EHBOND  =         0.0000  RESTRAINT  =         0.0000
 EKCMT  =      9559.6139  VIRIAL  =      7114.8485  VOLUME     =    350655.6947
                                                    Density    =         1.0316
 ------------------------------------------------------------------------------


 NSTEP =   107500   TIME(PS) =     132.500  TEMP(K) =   298.31  PRESS =  -117.9
 Etot   =   -117621.2510  EKtot   =     21596.3555  EPtot      =   -139217.6065
 BOND   =       665.0582  ANGLE   =      1709.9871  DIHED      =      1269.2708
 1-4 NB =       759.9018  1-4 EEL =      8778.1031  VDWAALS    =     16834.0920
 EELEC  =   -169234.0195  EHBOND  =         0.0000  RESTRAINT  =         0.0000
 EKCMT  =      9492.9270  VIRIAL  =     10387.4371  VOLUME     =    351532.7274
                                                    Density    =         1.0291
 ------------------------------------------------------------------------------


 NSTEP =   110000   TIME(PS) =     135.000  TEMP(K) =   299.83  PRESS =    80.8
 Etot   =   -117307.6124  EKtot   =     21705.9766  EPtot      =   -139013.5890
 BOND   =       642.4471  ANGLE   =      1701.8128  DIHED      =      1308.1545
 1-4 NB =       756.3701  1-4 EEL =      8805.2688  VDWAALS    =     16896.9653
 EELEC  =   -169124.6076  EHBOND  =         0.0000  RESTRAINT  =         0.0000
 EKCMT  =      9564.8837  VIRIAL  =      8952.2517  VOLUME     =    351193.1549
                                                    Density    =         1.0301
 ------------------------------------------------------------------------------


 NSTEP =   112500   TIME(PS) =     137.500  TEMP(K) =   302.79  PRESS =  -117.1
 Etot   =   -117186.4485  EKtot   =     21920.6875  EPtot      =   -139107.1360
 BOND   =       676.6919  ANGLE   =      1638.5292  DIHED      =      1317.5105
 1-4 NB =       751.2409  1-4 EEL =      8743.4580  VDWAALS    =     16956.5391
 EELEC  =   -169191.1056  EHBOND  =         0.0000  RESTRAINT  =         0.0000
 EKCMT  =      9601.2516  VIRIAL  =     10492.2219  VOLUME     =    352266.7016
                                                    Density    =         1.0269
 ------------------------------------------------------------------------------


 NSTEP =   115000   TIME(PS) =     140.000  TEMP(K) =   298.09  PRESS =    87.1
 Etot   =   -117450.1954  EKtot   =     21580.5254  EPtot      =   -139030.7208
 BOND   =       641.9042  ANGLE   =      1662.3063  DIHED      =      1328.1943
 1-4 NB =       763.9862  1-4 EEL =      8761.3830  VDWAALS    =     16899.9987
 EELEC  =   -169088.4936  EHBOND  =         0.0000  RESTRAINT  =         0.0000
 EKCMT  =      9491.6842  VIRIAL  =      8831.1369  VOLUME     =    351321.8879
                                                    Density    =         1.0297
 ------------------------------------------------------------------------------


 NSTEP =   117500   TIME(PS) =     142.500  TEMP(K) =   300.69  PRESS =     8.5
 Etot   =   -117477.8742  EKtot   =     21768.4609  EPtot      =   -139246.3351
 BOND   =       662.3400  ANGLE   =      1610.9964  DIHED      =      1303.3818
 1-4 NB =       767.8436  1-4 EEL =      8772.5357  VDWAALS    =     16904.3491
 EELEC  =   -169267.7817  EHBOND  =         0.0000  RESTRAINT  =         0.0000
 EKCMT  =      9624.0054  VIRIAL  =      9559.4894  VOLUME     =    351712.7026
                                                    Density    =         1.0285
 ------------------------------------------------------------------------------


 NSTEP =   120000   TIME(PS) =     145.000  TEMP(K) =   298.12  PRESS =   -59.9
 Etot   =   -117573.9903  EKtot   =     21582.5254  EPtot      =   -139156.5157
 BOND   =       681.3636  ANGLE   =      1628.9027  DIHED      =      1297.8954
 1-4 NB =       733.8324  1-4 EEL =      8761.6082  VDWAALS    =     16759.3962
 EELEC  =   -169019.5142  EHBOND  =         0.0000  RESTRAINT  =         0.0000
 EKCMT  =      9529.3401  VIRIAL  =      9983.2582  VOLUME     =    350979.3786
                                                    Density    =         1.0307
 ------------------------------------------------------------------------------


 NSTEP =   122500   TIME(PS) =     147.500  TEMP(K) =   299.92  PRESS =   -14.7
 Etot   =   -117644.9519  EKtot   =     21712.9062  EPtot      =   -139357.8581
 BOND   =       675.4009  ANGLE   =      1657.0182  DIHED      =      1291.9628
 1-4 NB =       747.8437  1-4 EEL =      8734.7840  VDWAALS    =     16960.5635
 EELEC  =   -169425.4313  EHBOND  =         0.0000  RESTRAINT  =         0.0000
 EKCMT  =      9498.2388  VIRIAL  =      9609.4642  VOLUME     =    350579.2222
                                                    Density    =         1.0319
 ------------------------------------------------------------------------------


 NSTEP =   125000   TIME(PS) =     150.000  TEMP(K) =   299.64  PRESS =   -92.0
 Etot   =   -117523.3802  EKtot   =     21692.7559  EPtot      =   -139216.1361
 BOND   =       699.9568  ANGLE   =      1672.6563  DIHED      =      1318.2395
 1-4 NB =       746.1568  1-4 EEL =      8763.5540  VDWAALS    =     16952.2156
 EELEC  =   -169368.9150  EHBOND  =         0.0000  RESTRAINT  =         0.0000
 EKCMT  =      9465.4679  VIRIAL  =     10162.1861  VOLUME     =    350834.5027
                                                    Density    =         1.0311
 ------------------------------------------------------------------------------


 NSTEP =   127500   TIME(PS) =     152.500  TEMP(K) =   301.12  PRESS =   -59.9
 Etot   =   -117579.0777  EKtot   =     21799.7461  EPtot      =   -139378.8238
 BOND   =       656.2423  ANGLE   =      1679.2713  DIHED      =      1289.9385
 1-4 NB =       757.6982  1-4 EEL =      8829.4666  VDWAALS    =     16979.4329
 EELEC  =   -169570.8736  EHBOND  =         0.0000  RESTRAINT  =         0.0000
 EKCMT  =      9534.7826  VIRIAL  =      9989.7556  VOLUME     =    351505.8001
                                                    Density    =         1.0291
 ------------------------------------------------------------------------------


 NSTEP =   130000   TIME(PS) =     155.000  TEMP(K) =   301.27  PRESS =   201.3
 Etot   =   -117450.1334  EKtot   =     21810.4141  EPtot      =   -139260.5475
 BOND   =       665.9216  ANGLE   =      1617.5867  DIHED      =      1273.1983
 1-4 NB =       771.8188  1-4 EEL =      8813.8490  VDWAALS    =     17064.8948
 EELEC  =   -169467.8167  EHBOND  =         0.0000  RESTRAINT  =         0.0000
 EKCMT  =      9606.6695  VIRIAL  =      8076.3217  VOLUME     =    352096.0890
                                                    Density    =         1.0274
 ------------------------------------------------------------------------------


 NSTEP =   132500   TIME(PS) =     157.500  TEMP(K) =   300.47  PRESS =   136.3
 Etot   =   -117394.5901  EKtot   =     21752.5234  EPtot      =   -139147.1136
 BOND   =       662.0159  ANGLE   =      1636.3133  DIHED      =      1299.9690
 1-4 NB =       789.2493  1-4 EEL =      8791.9853  VDWAALS    =     17022.6565
 EELEC  =   -169349.3028  EHBOND  =         0.0000  RESTRAINT  =         0.0000
 EKCMT  =      9656.2035  VIRIAL  =      8622.1373  VOLUME     =    351265.9961
                                                    Density    =         1.0298
 ------------------------------------------------------------------------------


 NSTEP =   135000   TIME(PS) =     160.000  TEMP(K) =   302.28  PRESS =    87.8
 Etot   =   -117192.4413  EKtot   =     21883.9062  EPtot      =   -139076.3476
 BOND   =       647.1436  ANGLE   =      1686.9406  DIHED      =      1289.0670
 1-4 NB =       747.0691  1-4 EEL =      8769.5103  VDWAALS    =     17038.6653
 EELEC  =   -169254.7436  EHBOND  =         0.0000  RESTRAINT  =         0.0000
 EKCMT  =      9637.7821  VIRIAL  =      8971.4877  VOLUME     =    351438.0949
                                                    Density    =         1.0293
 ------------------------------------------------------------------------------


 NSTEP =   137500   TIME(PS) =     162.500  TEMP(K) =   301.42  PRESS =    51.1
 Etot   =   -117365.4185  EKtot   =     21821.3320  EPtot      =   -139186.7505
 BOND   =       654.5353  ANGLE   =      1628.4212  DIHED      =      1307.3545
 1-4 NB =       757.1162  1-4 EEL =      8806.3258  VDWAALS    =     16980.1117
 EELEC  =   -169320.6153  EHBOND  =         0.0000  RESTRAINT  =         0.0000
 EKCMT  =      9683.6422  VIRIAL  =      9296.4984  VOLUME     =    350940.2890
                                                    Density    =         1.0308
 ------------------------------------------------------------------------------


 NSTEP =   140000   TIME(PS) =     165.000  TEMP(K) =   297.61  PRESS =    38.4
 Etot   =   -117660.2982  EKtot   =     21545.8750  EPtot      =   -139206.1732
 BOND   =       634.7485  ANGLE   =      1681.8745  DIHED      =      1313.2339
 1-4 NB =       751.5993  1-4 EEL =      8804.7687  VDWAALS    =     16906.4341
 EELEC  =   -169298.8322  EHBOND  =         0.0000  RESTRAINT  =         0.0000
 EKCMT  =      9542.5305  VIRIAL  =      9252.2862  VOLUME     =    350207.5298
                                                    Density    =         1.0330
 ------------------------------------------------------------------------------


 NSTEP =   142500   TIME(PS) =     167.500  TEMP(K) =   299.35  PRESS =    -4.5
 Etot   =   -117587.7727  EKtot   =     21671.6211  EPtot      =   -139259.3938
 BOND   =       623.6400  ANGLE   =      1593.0982  DIHED      =      1304.5319
 1-4 NB =       776.1987  1-4 EEL =      8828.9365  VDWAALS    =     16852.1753
 EELEC  =   -169237.9744  EHBOND  =         0.0000  RESTRAINT  =         0.0000
 EKCMT  =      9538.6642  VIRIAL  =      9572.4054  VOLUME     =    350572.4461
                                                    Density    =         1.0319
 ------------------------------------------------------------------------------


 NSTEP =   145000   TIME(PS) =     170.000  TEMP(K) =   298.66  PRESS =    69.1
 Etot   =   -117356.5125  EKtot   =     21621.5762  EPtot      =   -138978.0886
 BOND   =       660.4089  ANGLE   =      1652.7053  DIHED      =      1292.7514
 1-4 NB =       754.6894  1-4 EEL =      8763.9002  VDWAALS    =     16776.3960
 EELEC  =   -168878.9398  EHBOND  =         0.0000  RESTRAINT  =         0.0000
 EKCMT  =      9462.7598  VIRIAL  =      8939.5550  VOLUME     =    350933.5209
                                                    Density    =         1.0308
 ------------------------------------------------------------------------------


 NSTEP =   147500   TIME(PS) =     172.500  TEMP(K) =   302.65  PRESS =    92.4
 Etot   =   -117181.9222  EKtot   =     21910.4473  EPtot      =   -139092.3694
 BOND   =       643.6842  ANGLE   =      1699.9650  DIHED      =      1282.2641
 1-4 NB =       758.9986  1-4 EEL =      8815.0069  VDWAALS    =     16987.5885
 EELEC  =   -169279.8767  EHBOND  =         0.0000  RESTRAINT  =         0.0000
 EKCMT  =      9748.5776  VIRIAL  =      9047.6796  VOLUME     =    351289.6171
                                                    Density    =         1.0298
 ------------------------------------------------------------------------------


 NSTEP =   150000   TIME(PS) =     175.000  TEMP(K) =   300.54  PRESS =    75.8
 Etot   =   -117499.3815  EKtot   =     21758.0605  EPtot      =   -139257.4420
 BOND   =       666.4580  ANGLE   =      1627.6481  DIHED      =      1299.7713
 1-4 NB =       736.7850  1-4 EEL =      8775.1782  VDWAALS    =     17138.8411
 EELEC  =   -169502.1237  EHBOND  =         0.0000  RESTRAINT  =         0.0000
 EKCMT  =      9577.8256  VIRIAL  =      9001.9436  VOLUME     =    351823.4754
                                                    Density    =         1.0282
 ------------------------------------------------------------------------------


 NSTEP =   152500   TIME(PS) =     177.500  TEMP(K) =   302.00  PRESS =   148.4
 Etot   =   -117624.3454  EKtot   =     21863.0508  EPtot      =   -139487.3962
 BOND   =       653.0068  ANGLE   =      1667.3022  DIHED      =      1324.1232
 1-4 NB =       754.4059  1-4 EEL =      8756.0557  VDWAALS    =     17211.3210
 EELEC  =   -169853.6111  EHBOND  =         0.0000  RESTRAINT  =         0.0000
 EKCMT  =      9592.7562  VIRIAL  =      8468.8805  VOLUME     =    350793.4838
                                                    Density    =         1.0312
 ------------------------------------------------------------------------------


 NSTEP =   155000   TIME(PS) =     180.000  TEMP(K) =   301.21  PRESS =    12.3
 Etot   =   -117537.9563  EKtot   =     21805.8828  EPtot      =   -139343.8391
 BOND   =       650.5462  ANGLE   =      1611.4458  DIHED      =      1306.7176
 1-4 NB =       763.1594  1-4 EEL =      8745.4168  VDWAALS    =     16985.6486
 EELEC  =   -169406.7735  EHBOND  =         0.0000  RESTRAINT  =         0.0000
 EKCMT  =      9578.8114  VIRIAL  =      9485.5476  VOLUME     =    351777.3440
                                                    Density    =         1.0283
 ------------------------------------------------------------------------------


 NSTEP =   157500   TIME(PS) =     182.500  TEMP(K) =   299.18  PRESS =   177.5
 Etot   =   -117590.0910  EKtot   =     21658.9570  EPtot      =   -139249.0480
 BOND   =       648.5201  ANGLE   =      1647.0254  DIHED      =      1292.1465
 1-4 NB =       770.6903  1-4 EEL =      8777.2703  VDWAALS    =     17215.1819
 EELEC  =   -169599.8825  EHBOND  =         0.0000  RESTRAINT  =         0.0000
 EKCMT  =      9472.7963  VIRIAL  =      8122.5863  VOLUME     =    352389.8261
                                                    Density    =         1.0266
 ------------------------------------------------------------------------------


 NSTEP =   160000   TIME(PS) =     185.000  TEMP(K) =   301.66  PRESS =     2.0
 Etot   =   -117149.1558  EKtot   =     21838.5996  EPtot      =   -138987.7554
 BOND   =       659.8007  ANGLE   =      1667.7676  DIHED      =      1296.1487
 1-4 NB =       761.9991  1-4 EEL =      8799.2773  VDWAALS    =     16995.8540
 EELEC  =   -169168.6027  EHBOND  =         0.0000  RESTRAINT  =         0.0000
 EKCMT  =      9573.7390  VIRIAL  =      9558.4503  VOLUME     =    351727.6374
                                                    Density    =         1.0285
 ------------------------------------------------------------------------------


 NSTEP =   162500   TIME(PS) =     187.500  TEMP(K) =   297.24  PRESS =    63.1
 Etot   =   -117619.9564  EKtot   =     21518.8887  EPtot      =   -139138.8451
 BOND   =       647.2724  ANGLE   =      1679.0511  DIHED      =      1304.4094
 1-4 NB =       743.9235  1-4 EEL =      8750.3173  VDWAALS    =     17155.7649
 EELEC  =   -169419.5837  EHBOND  =         0.0000  RESTRAINT  =         0.0000
 EKCMT  =      9492.7813  VIRIAL  =      9012.5830  VOLUME     =    352183.9658
                                                    Density    =         1.0272
 ------------------------------------------------------------------------------


 NSTEP =   165000   TIME(PS) =     190.000  TEMP(K) =   300.74  PRESS =    37.4
 Etot   =   -117108.4508  EKtot   =     21772.0000  EPtot      =   -138880.4508
 BOND   =       609.3367  ANGLE   =      1664.3248  DIHED      =      1281.2557
 1-4 NB =       757.8144  1-4 EEL =      8797.6211  VDWAALS    =     16758.9615
 EELEC  =   -168749.7650  EHBOND  =         0.0000  RESTRAINT  =         0.0000
 EKCMT  =      9576.8675  VIRIAL  =      9293.3988  VOLUME     =    351216.4604
                                                    Density    =         1.0300
 ------------------------------------------------------------------------------


 NSTEP =   167500   TIME(PS) =     192.500  TEMP(K) =   298.73  PRESS =  -177.9
 Etot   =   -117479.3124  EKtot   =     21626.4023  EPtot      =   -139105.7148
 BOND   =       662.0721  ANGLE   =      1648.5090  DIHED      =      1318.0950
 1-4 NB =       763.4784  1-4 EEL =      8808.3873  VDWAALS    =     16677.2735
 EELEC  =   -168983.5301  EHBOND  =         0.0000  RESTRAINT  =         0.0000
 EKCMT  =      9449.3156  VIRIAL  =     10795.9479  VOLUME     =    350560.5996
                                                    Density    =         1.0319
 ------------------------------------------------------------------------------


 NSTEP =   170000   TIME(PS) =     195.000  TEMP(K) =   301.66  PRESS =    -3.6
 Etot   =   -117438.6264  EKtot   =     21838.4980  EPtot      =   -139277.1244
 BOND   =       700.1792  ANGLE   =      1673.7722  DIHED      =      1269.3276
 1-4 NB =       736.5748  1-4 EEL =      8786.0167  VDWAALS    =     16872.9204
 EELEC  =   -169315.9153  EHBOND  =         0.0000  RESTRAINT  =         0.0000
 EKCMT  =      9608.7524  VIRIAL  =      9635.9830  VOLUME     =    350783.3437
                                                    Density    =         1.0313
 ------------------------------------------------------------------------------


 NSTEP =   172500   TIME(PS) =     197.500  TEMP(K) =   299.86  PRESS =    12.5
 Etot   =   -117455.5527  EKtot   =     21708.6543  EPtot      =   -139164.2070
 BOND   =       684.2781  ANGLE   =      1675.7400  DIHED      =      1316.0622
 1-4 NB =       769.1452  1-4 EEL =      8850.3478  VDWAALS    =     16829.0557
 EELEC  =   -169288.8361  EHBOND  =         0.0000  RESTRAINT  =         0.0000
 EKCMT  =      9549.7811  VIRIAL  =      9455.4854  VOLUME     =    349853.3207
                                                    Density    =         1.0340
 ------------------------------------------------------------------------------


 NSTEP =   175000   TIME(PS) =     200.000  TEMP(K) =   297.93  PRESS =  -193.5
 Etot   =   -117617.7843  EKtot   =     21569.0801  EPtot      =   -139186.8643
 BOND   =       658.9948  ANGLE   =      1670.9163  DIHED      =      1286.1256
 1-4 NB =       751.9781  1-4 EEL =      8801.1640  VDWAALS    =     16602.2978
 EELEC  =   -168958.3409  EHBOND  =         0.0000  RESTRAINT  =         0.0000
 EKCMT  =      9653.8526  VIRIAL  =     11116.3590  VOLUME     =    350072.9484
                                                    Density    =         1.0334
 ------------------------------------------------------------------------------


 NSTEP =   177500   TIME(PS) =     202.500  TEMP(K) =   302.07  PRESS =  -119.6
 Etot   =   -117467.0625  EKtot   =     21868.3125  EPtot      =   -139335.3750
 BOND   =       658.7144  ANGLE   =      1625.2771  DIHED      =      1283.4153
 1-4 NB =       771.3159  1-4 EEL =      8770.3222  VDWAALS    =     16685.4861
 EELEC  =   -169129.9060  EHBOND  =         0.0000  RESTRAINT  =         0.0000
 EKCMT  =      9563.0463  VIRIAL  =     10467.6535  VOLUME     =    350170.8560
                                                    Density    =         1.0331
 ------------------------------------------------------------------------------


 NSTEP =   180000   TIME(PS) =     205.000  TEMP(K) =   299.10  PRESS =    41.3
 Etot   =   -117525.5827  EKtot   =     21653.4648  EPtot      =   -139179.0475
 BOND   =       641.2867  ANGLE   =      1622.3371  DIHED      =      1276.7554
 1-4 NB =       764.2639  1-4 EEL =      8799.7029  VDWAALS    =     17041.0631
 EELEC  =   -169324.4566  EHBOND  =         0.0000  RESTRAINT  =         0.0000
 EKCMT  =      9586.0667  VIRIAL  =      9273.1845  VOLUME     =    351131.6058
                                                    Density    =         1.0302
 ------------------------------------------------------------------------------


 NSTEP =   182500   TIME(PS) =     207.500  TEMP(K) =   296.89  PRESS =  -139.3
 Etot   =   -117873.2584  EKtot   =     21493.5684  EPtot      =   -139366.8268
 BOND   =       646.6422  ANGLE   =      1613.9129  DIHED      =      1318.0275
 1-4 NB =       763.3168  1-4 EEL =      8837.4863  VDWAALS    =     16627.9413
 EELEC  =   -169174.1538  EHBOND  =         0.0000  RESTRAINT  =         0.0000
 EKCMT  =      9523.0689  VIRIAL  =     10578.0768  VOLUME     =    350669.8468
                                                    Density    =         1.0316
 ------------------------------------------------------------------------------


 NSTEP =   185000   TIME(PS) =     210.000  TEMP(K) =   300.40  PRESS =    51.7
 Etot   =   -117351.6851  EKtot   =     21747.3809  EPtot      =   -139099.0660
 BOND   =       665.2030  ANGLE   =      1689.7938  DIHED      =      1265.1410
 1-4 NB =       744.1162  1-4 EEL =      8737.0434  VDWAALS    =     16846.6550
 EELEC  =   -169047.0184  EHBOND  =         0.0000  RESTRAINT  =         0.0000
 EKCMT  =      9540.2897  VIRIAL  =      9147.3644  VOLUME     =    351685.8223
                                                    Density    =         1.0286
 ------------------------------------------------------------------------------


 NSTEP =   187500   TIME(PS) =     212.500  TEMP(K) =   300.26  PRESS =   -16.0
 Etot   =   -117570.4114  EKtot   =     21737.1270  EPtot      =   -139307.5384
 BOND   =       671.7750  ANGLE   =      1695.4871  DIHED      =      1275.9953
 1-4 NB =       748.3706  1-4 EEL =      8739.0068  VDWAALS    =     17046.3265
 EELEC  =   -169484.4997  EHBOND  =         0.0000  RESTRAINT  =         0.0000
 EKCMT  =      9532.5785  VIRIAL  =      9654.1625  VOLUME     =    351373.6560
                                                    Density    =         1.0295
 ------------------------------------------------------------------------------


 NSTEP =   190000   TIME(PS) =     215.000  TEMP(K) =   300.37  PRESS =   170.5
 Etot   =   -117450.2237  EKtot   =     21745.1406  EPtot      =   -139195.3643
 BOND   =       663.1528  ANGLE   =      1636.6283  DIHED      =      1283.5343
 1-4 NB =       763.5397  1-4 EEL =      8825.1282  VDWAALS    =     17028.3314
 EELEC  =   -169395.6789  EHBOND  =         0.0000  RESTRAINT  =         0.0000
 EKCMT  =      9546.9628  VIRIAL  =      8252.2454  VOLUME     =    351801.3302
                                                    Density    =         1.0283
 ------------------------------------------------------------------------------


 NSTEP =   192500   TIME(PS) =     217.500  TEMP(K) =   300.12  PRESS =    70.0
 Etot   =   -117678.0901  EKtot   =     21727.0898  EPtot      =   -139405.1800
 BOND   =       647.9738  ANGLE   =      1592.1412  DIHED      =      1309.5164
 1-4 NB =       759.0518  1-4 EEL =      8764.2470  VDWAALS    =     16919.0441
 EELEC  =   -169397.1544  EHBOND  =         0.0000  RESTRAINT  =         0.0000
 EKCMT  =      9596.8034  VIRIAL  =      9065.7440  VOLUME     =    351572.3029
                                                    Density    =         1.0289
 ------------------------------------------------------------------------------


 NSTEP =   195000   TIME(PS) =     220.000  TEMP(K) =   298.95  PRESS =   129.5
 Etot   =   -117440.4232  EKtot   =     21642.9141  EPtot      =   -139083.3373
 BOND   =       670.1838  ANGLE   =      1692.0107  DIHED      =      1259.1348
 1-4 NB =       754.0855  1-4 EEL =      8742.4435  VDWAALS    =     17130.4335
 EELEC  =   -169331.6290  EHBOND  =         0.0000  RESTRAINT  =         0.0000
 EKCMT  =      9380.2517  VIRIAL  =      8399.2118  VOLUME     =    350920.2525
                                                    Density    =         1.0309
 ------------------------------------------------------------------------------


 NSTEP =   197500   TIME(PS) =     222.500  TEMP(K) =   300.92  PRESS =   239.5
 Etot   =   -117575.0046  EKtot   =     21785.4004  EPtot      =   -139360.4050
 BOND   =       590.5745  ANGLE   =      1597.8522  DIHED      =      1269.2127
 1-4 NB =       749.2188  1-4 EEL =      8784.4370  VDWAALS    =     17081.3941
 EELEC  =   -169433.0944  EHBOND  =         0.0000  RESTRAINT  =         0.0000
 EKCMT  =      9530.6800  VIRIAL  =      7714.9350  VOLUME     =    351170.2311
                                                    Density    =         1.0301
 ------------------------------------------------------------------------------


 NSTEP =   200000   TIME(PS) =     225.000  TEMP(K) =   299.88  PRESS =  -148.5
 Etot   =   -117507.3736  EKtot   =     21709.8320  EPtot      =   -139217.2057
 BOND   =       632.0178  ANGLE   =      1669.0674  DIHED      =      1307.0686
 1-4 NB =       774.3895  1-4 EEL =      8788.5652  VDWAALS    =     16576.0701
 EELEC  =   -168964.3843  EHBOND  =         0.0000  RESTRAINT  =         0.0000
 EKCMT  =      9595.5768  VIRIAL  =     10722.7536  VOLUME     =    351540.2347
                                                    Density    =         1.0290
 ------------------------------------------------------------------------------


 NSTEP =   202500   TIME(PS) =     227.500  TEMP(K) =   301.83  PRESS =   165.5
 Etot   =   -117380.4202  EKtot   =     21851.0762  EPtot      =   -139231.4964
 BOND   =       684.7682  ANGLE   =      1672.9898  DIHED      =      1299.2005
 1-4 NB =       745.2746  1-4 EEL =      8821.0933  VDWAALS    =     16759.2052
 EELEC  =   -169214.0281  EHBOND  =         0.0000  RESTRAINT  =         0.0000
 EKCMT  =      9589.5174  VIRIAL  =      8336.8987  VOLUME     =    350633.8473
                                                    Density    =         1.0317
 ------------------------------------------------------------------------------


 NSTEP =   205000   TIME(PS) =     230.000  TEMP(K) =   298.47  PRESS =    59.1
 Etot   =   -117605.2424  EKtot   =     21608.1504  EPtot      =   -139213.3927
 BOND   =       651.1209  ANGLE   =      1659.3800  DIHED      =      1283.1908
 1-4 NB =       774.7501  1-4 EEL =      8835.4493  VDWAALS    =     16792.7716
 EELEC  =   -169210.0553  EHBOND  =         0.0000  RESTRAINT  =         0.0000
 EKCMT  =      9432.4636  VIRIAL  =      8985.0871  VOLUME     =    350490.7003
                                                    Density    =         1.0321
 ------------------------------------------------------------------------------


 NSTEP =   207500   TIME(PS) =     232.500  TEMP(K) =   300.86  PRESS =    91.3
 Etot   =   -117294.4540  EKtot   =     21780.5410  EPtot      =   -139074.9950
 BOND   =       637.8387  ANGLE   =      1696.2222  DIHED      =      1265.3061
 1-4 NB =       763.3167  1-4 EEL =      8755.2748  VDWAALS    =     16914.2831
 EELEC  =   -169107.2366  EHBOND  =         0.0000  RESTRAINT  =         0.0000
 EKCMT  =      9514.8902  VIRIAL  =      8822.4373  VOLUME     =    351215.5992
                                                    Density    =         1.0300
 ------------------------------------------------------------------------------


 NSTEP =   210000   TIME(PS) =     235.000  TEMP(K) =   302.73  PRESS =   -24.4
 Etot   =   -117486.6318  EKtot   =     21916.3906  EPtot      =   -139403.0224
 BOND   =       701.7985  ANGLE   =      1651.1897  DIHED      =      1297.0231
 1-4 NB =       762.3662  1-4 EEL =      8709.9527  VDWAALS    =     16937.7585
 EELEC  =   -169463.1110  EHBOND  =         0.0000  RESTRAINT  =         0.0000
 EKCMT  =      9717.6856  VIRIAL  =      9902.4054  VOLUME     =    351104.7542
                                                    Density    =         1.0303
 ------------------------------------------------------------------------------


 NSTEP =   212500   TIME(PS) =     237.500  TEMP(K) =   300.64  PRESS =   -98.9
 Etot   =   -117274.3306  EKtot   =     21764.7871  EPtot      =   -139039.1177
 BOND   =       661.3496  ANGLE   =      1707.1189  DIHED      =      1288.5448
 1-4 NB =       757.8853  1-4 EEL =      8765.5185  VDWAALS    =     16786.2557
 EELEC  =   -169005.7905  EHBOND  =         0.0000  RESTRAINT  =         0.0000
 EKCMT  =      9655.8663  VIRIAL  =     10406.6218  VOLUME     =    351556.8637
                                                    Density    =         1.0290
 ------------------------------------------------------------------------------


 NSTEP =   215000   TIME(PS) =     240.000  TEMP(K) =   301.85  PRESS =  -128.2
 Etot   =   -117541.4374  EKtot   =     21852.4375  EPtot      =   -139393.8749
 BOND   =       637.9001  ANGLE   =      1678.7259  DIHED      =      1271.7595
 1-4 NB =       766.2464  1-4 EEL =      8784.3176  VDWAALS    =     16898.7393
 EELEC  =   -169431.5637  EHBOND  =         0.0000  RESTRAINT  =         0.0000
 EKCMT  =      9572.3123  VIRIAL  =     10543.7120  VOLUME     =    350966.3678
                                                    Density    =         1.0307
 ------------------------------------------------------------------------------


 NSTEP =   217500   TIME(PS) =     242.500  TEMP(K) =   298.75  PRESS =   -74.2
 Etot   =   -117614.0284  EKtot   =     21628.4414  EPtot      =   -139242.4699
 BOND   =       643.0555  ANGLE   =      1643.7803  DIHED      =      1284.4085
 1-4 NB =       748.5850  1-4 EEL =      8818.9408  VDWAALS    =     16922.2262
 EELEC  =   -169303.4661  EHBOND  =         0.0000  RESTRAINT  =         0.0000
 EKCMT  =      9436.0143  VIRIAL  =      9998.1401  VOLUME     =    350958.2283
                                                    Density    =         1.0307
 ------------------------------------------------------------------------------


 NSTEP =   220000   TIME(PS) =     245.000  TEMP(K) =   299.68  PRESS =   -19.8
 Etot   =   -117706.5319  EKtot   =     21695.5430  EPtot      =   -139402.0749
 BOND   =       652.5028  ANGLE   =      1656.6382  DIHED      =      1280.9795
 1-4 NB =       743.8341  1-4 EEL =      8741.4238  VDWAALS    =     17107.8494
 EELEC  =   -169585.3027  EHBOND  =         0.0000  RESTRAINT  =         0.0000
 EKCMT  =      9549.9462  VIRIAL  =      9699.8463  VOLUME     =    351316.8699
                                                    Density    =         1.0297
 ------------------------------------------------------------------------------


 NSTEP =   222500   TIME(PS) =     247.500  TEMP(K) =   300.15  PRESS =    73.4
 Etot   =   -117275.3659  EKtot   =     21729.1387  EPtot      =   -139004.5046
 BOND   =       641.2780  ANGLE   =      1609.5053  DIHED      =      1313.9972
 1-4 NB =       766.2308  1-4 EEL =      8779.4807  VDWAALS    =     16881.8812
 EELEC  =   -168996.8778  EHBOND  =         0.0000  RESTRAINT  =         0.0000
 EKCMT  =      9541.6853  VIRIAL  =      8985.4468  VOLUME     =    351112.8581
                                                    Density    =         1.0303
 ------------------------------------------------------------------------------


 NSTEP =   225000   TIME(PS) =     250.000  TEMP(K) =   299.61  PRESS =   -11.9
 Etot   =   -117483.7584  EKtot   =     21690.0469  EPtot      =   -139173.8053
 BOND   =       661.8932  ANGLE   =      1700.6350  DIHED      =      1301.6786
 1-4 NB =       741.7681  1-4 EEL =      8755.9067  VDWAALS    =     16793.6066
 EELEC  =   -169129.2933  EHBOND  =         0.0000  RESTRAINT  =         0.0000
 EKCMT  =      9602.6722  VIRIAL  =      9692.9733  VOLUME     =    351418.6364
                                                    Density    =         1.0294
 ------------------------------------------------------------------------------


 NSTEP =   227500   TIME(PS) =     252.500  TEMP(K) =   301.37  PRESS =     1.7
 Etot   =   -117195.8275  EKtot   =     21817.8516  EPtot      =   -139013.6790
 BOND   =       703.1776  ANGLE   =      1718.4860  DIHED      =      1328.7032
 1-4 NB =       761.7687  1-4 EEL =      8773.7926  VDWAALS    =     16950.8884
 EELEC  =   -169250.4955  EHBOND  =         0.0000  RESTRAINT  =         0.0000
 EKCMT  =      9627.4450  VIRIAL  =      9614.1829  VOLUME     =    351510.5744
                                                    Density    =         1.0291
 ------------------------------------------------------------------------------


 NSTEP =   230000   TIME(PS) =     255.000  TEMP(K) =   300.08  PRESS =   129.8
 Etot   =   -117576.6683  EKtot   =     21724.5625  EPtot      =   -139301.2308
 BOND   =       663.1004  ANGLE   =      1671.1873  DIHED      =      1272.9545
 1-4 NB =       735.4639  1-4 EEL =      8703.5964  VDWAALS    =     17023.4514
 EELEC  =   -169370.9848  EHBOND  =         0.0000  RESTRAINT  =         0.0000
 EKCMT  =      9616.2863  VIRIAL  =      8632.8085  VOLUME     =    350987.3962
                                                    Density    =         1.0307
 ------------------------------------------------------------------------------


 NSTEP =   232500   TIME(PS) =     257.500  TEMP(K) =   299.17  PRESS =    48.7
 Etot   =   -117582.3037  EKtot   =     21658.4941  EPtot      =   -139240.7978
 BOND   =       641.9202  ANGLE   =      1726.6119  DIHED      =      1249.1899
 1-4 NB =       766.7679  1-4 EEL =      8743.8630  VDWAALS    =     17010.2942
 EELEC  =   -169379.4450  EHBOND  =         0.0000  RESTRAINT  =         0.0000
 EKCMT  =      9520.4265  VIRIAL  =      9151.6669  VOLUME     =    350589.2308
                                                    Density    =         1.0318
 ------------------------------------------------------------------------------


 NSTEP =   235000   TIME(PS) =     260.000  TEMP(K) =   302.59  PRESS =    14.8
 Etot   =   -117362.5464  EKtot   =     21905.9199  EPtot      =   -139268.4664
 BOND   =       666.9803  ANGLE   =      1735.7068  DIHED      =      1276.7432
 1-4 NB =       771.7318  1-4 EEL =      8788.3466  VDWAALS    =     16851.8503
 EELEC  =   -169359.8254  EHBOND  =         0.0000  RESTRAINT  =         0.0000
 EKCMT  =      9597.9587  VIRIAL  =      9486.2119  VOLUME     =    350800.5165
                                                    Density    =         1.0312
 ------------------------------------------------------------------------------


 NSTEP =   237500   TIME(PS) =     262.500  TEMP(K) =   300.10  PRESS =    77.3
 Etot   =   -117423.0920  EKtot   =     21725.9277  EPtot      =   -139149.0198
 BOND   =       662.7718  ANGLE   =      1661.6060  DIHED      =      1292.3363
 1-4 NB =       760.2801  1-4 EEL =      8766.3669  VDWAALS    =     17093.3735
 EELEC  =   -169385.7543  EHBOND  =         0.0000  RESTRAINT  =         0.0000
 EKCMT  =      9568.1214  VIRIAL  =      8982.4629  VOLUME     =    350787.5621
                                                    Density    =         1.0312
 ------------------------------------------------------------------------------


 NSTEP =   240000   TIME(PS) =     265.000  TEMP(K) =   299.22  PRESS =   -54.7
 Etot   =   -117778.5958  EKtot   =     21662.2070  EPtot      =   -139440.8028
 BOND   =       624.7070  ANGLE   =      1661.1073  DIHED      =      1286.7378
 1-4 NB =       739.8331  1-4 EEL =      8782.8801  VDWAALS    =     16881.5306
 EELEC  =   -169417.5987  EHBOND  =         0.0000  RESTRAINT  =         0.0000
 EKCMT  =      9626.8470  VIRIAL  =     10041.6197  VOLUME     =    351014.0893
                                                    Density    =         1.0306
 ------------------------------------------------------------------------------


 NSTEP =   242500   TIME(PS) =     267.500  TEMP(K) =   302.53  PRESS =    95.3
 Etot   =   -117197.9102  EKtot   =     21901.4453  EPtot      =   -139099.3555
 BOND   =       636.1033  ANGLE   =      1618.3830  DIHED      =      1277.8639
 1-4 NB =       753.2683  1-4 EEL =      8804.9312  VDWAALS    =     16825.7315
 EELEC  =   -169015.6368  EHBOND  =         0.0000  RESTRAINT  =         0.0000
 EKCMT  =      9610.5384  VIRIAL  =      8886.8817  VOLUME     =    351702.4324
                                                    Density    =         1.0286
 ------------------------------------------------------------------------------


 NSTEP =   245000   TIME(PS) =     270.000  TEMP(K) =   294.59  PRESS =    18.0
 Etot   =   -117987.8822  EKtot   =     21327.1152  EPtot      =   -139314.9974
 BOND   =       634.5155  ANGLE   =      1650.8327  DIHED      =      1271.0819
 1-4 NB =       762.0163  1-4 EEL =      8765.6219  VDWAALS    =     17099.4313
 EELEC  =   -169498.4971  EHBOND  =         0.0000  RESTRAINT  =         0.0000
 EKCMT  =      9343.9111  VIRIAL  =      9207.1817  VOLUME     =    350930.7566
                                                    Density    =         1.0308
 ------------------------------------------------------------------------------


 NSTEP =   247500   TIME(PS) =     272.500  TEMP(K) =   301.53  PRESS =   103.5
 Etot   =   -117304.1811  EKtot   =     21829.1602  EPtot      =   -139133.3413
 BOND   =       631.1933  ANGLE   =      1648.7536  DIHED      =      1259.2427
 1-4 NB =       746.0654  1-4 EEL =      8827.5343  VDWAALS    =     16840.0718
 EELEC  =   -169086.2025  EHBOND  =         0.0000  RESTRAINT  =         0.0000
 EKCMT  =      9522.8502  VIRIAL  =      8738.6104  VOLUME     =    350934.8289
                                                    Density    =         1.0308
 ------------------------------------------------------------------------------


 NSTEP =   250000   TIME(PS) =     275.000  TEMP(K) =   303.12  PRESS =   -41.9
 Etot   =   -117269.7945  EKtot   =     21944.6484  EPtot      =   -139214.4430
 BOND   =       656.5254  ANGLE   =      1688.9028  DIHED      =      1271.3461
 1-4 NB =       751.0865  1-4 EEL =      8769.6756  VDWAALS    =     16611.9247
 EELEC  =   -168963.9041  EHBOND  =         0.0000  RESTRAINT  =         0.0000
 EKCMT  =      9674.8374  VIRIAL  =      9992.1023  VOLUME     =    350629.4646
                                                    Density    =         1.0317
 ------------------------------------------------------------------------------


      A V E R A G E S   O V E R     100 S T E P S


 NSTEP =   250000   TIME(PS) =     275.000  TEMP(K) =   300.19  PRESS =    10.0
 Etot   =   -117454.6007  EKtot   =     21732.7233  EPtot      =   -139187.3239
 BOND   =       656.2447  ANGLE   =      1658.3017  DIHED      =      1295.6681
 1-4 NB =       759.8010  1-4 EEL =      8778.4708  VDWAALS    =     16927.6342
 EELEC  =   -169263.4444  EHBOND  =         0.0000  RESTRAINT  =         0.0000
 EKCMT  =      9567.6695  VIRIAL  =      9492.3968  VOLUME     =    351478.4834
                                                    Density    =         1.0292
 ------------------------------------------------------------------------------


      R M S  F L U C T U A T I O N S


 NSTEP =   250000   TIME(PS) =     275.000  TEMP(K) =     1.72  PRESS =   107.6
 Etot   =       198.7567  EKtot   =       124.5313  EPtot      =       161.5032
 BOND   =        20.8192  ANGLE   =        32.3826  DIHED      =        18.0565
 1-4 NB =        13.2322  1-4 EEL =        34.5944  VDWAALS    =       207.2760
 EELEC  =       315.2470  EHBOND  =         0.0000  RESTRAINT  =         0.0000
 EKCMT  =        73.0456  VIRIAL  =       825.9750  VOLUME     =      1663.7995
                                                    Density    =         0.0048
 ------------------------------------------------------------------------------

--------------------------------------------------------------------------------
   5.  TIMINGS
--------------------------------------------------------------------------------

|  NonSetup CPU Time in Major Routines:
|
|     Routine           Sec        %
|     ------------------------------
|     Nonbond         295.71   82.96
|     Bond              0.00    0.00
|     Angle             0.00    0.00
|     Dihedral          0.00    0.00
|     Shake             7.37    2.07
|     RunMD            52.65   14.77
|     Other             0.72    0.20
|     ------------------------------
|     Total           356.45

|  PME Nonbond Pairlist CPU Time:
|
|     Routine              Sec        %
|     ---------------------------------
|     Set Up Cit           0.00    0.00
|     Build List           0.00    0.00
|     ---------------------------------
|     Total                0.00    0.00

|  PME Direct Force CPU Time:
|
|     Routine              Sec        %
|     ---------------------------------
|     NonBonded Calc       0.00    0.00
|     Exclude Masked       0.00    0.00
|     Other                0.38    0.11
|     ---------------------------------
|     Total                0.38    0.11

|  PME Reciprocal Force CPU Time:
|
|     Routine              Sec        %
|     ---------------------------------
|     1D bspline           0.00    0.00
|     Grid Charges         0.00    0.00
|     Scalar Sum           0.00    0.00
|     Gradient Sum         0.00    0.00
|     FFT                  0.00    0.00
|     ---------------------------------
|     Total                0.00    0.00

|  Final Performance Info:
|     -----------------------------------------------------
|     Average timings for last   35000 steps:
|     Elapsed(s) =      50.54 Per Step(ms) =       1.44
|         ns/day =      59.83   seconds/ns =    1444.08
|
|     Average timings for all steps:
|     Elapsed(s) =     360.69 Per Step(ms) =       1.44
|         ns/day =      59.89   seconds/ns =    1442.76
|     -----------------------------------------------------

|  Setup CPU time:            2.06 seconds
|  NonSetup CPU time:       356.45 seconds
|  Total CPU time:          358.52 seconds     0.10 hours

|  Setup wall time:           3    seconds
|  NonSetup wall time:      361    seconds
|  Total wall time:         364    seconds     0.10 hours
