
          -------------------------------------------------------
          Amber 18 PMEMD                              2018
          -------------------------------------------------------

| PMEMD implementation of SANDER, Release 18

| Run on 07/07/2021 at 08:06:35

|   Executable path: pmemd.cuda
| Working directory: /home/bozhanng/Abs_MD/HEPC3_Fv_bent_cm_PG_relaxed
|          Hostname: bf21

  [-O]verwriting output

File Assignments:
|   MDIN: minpro_HEPC3_Fv_bent_cm_PG_relaxed.in                                 
|  MDOUT: minpro_HEPC3_Fv_bent_cm_PG_relaxed.out                                
| INPCRD: minsolv_HEPC3_Fv_bent_cm_PG_relaxed.crd                               
|   PARM: HEPC3_Fv_bent_cm_PG_relaxed.parm7                                     
| RESTRT: minpro_HEPC3_Fv_bent_cm_PG_relaxed.crd                                
|   REFC: minsolv_HEPC3_Fv_bent_cm_PG_relaxed.crd                               
|  MDVEL: mdvel                                                                 
|   MDEN: mden                                                                  
|  MDCRD: mdcrd                                                                 
| MDINFO: mdinfo                                                                
|  MDFRC: mdfrc                                                                 


 Here is the input file:

Initial minimization                                                           
 &cntrl                                                                        
  ntx    = 1,       irest  = 0,       ntrx   = 1,      ntxo   = 1,             
  ntpr   = 50,      ntwx   = 0,       ntwv   = 0,      ntwe   = 0,             
                                                                               
  ntf    = 1,       ntb    = 1,                                                
  cut    = 8.0,     nsnb   = 10,                                               
                                                                               
  ibelly = 0,       ntr    = 1,                                                
                                                                               
  imin   = 1,                                                                  
  maxcyc = 10000,                                                              
  ncyc   = 2000,                                                               
  ntmin  = 1,       dx0    = 0.1,     drms   = 0.0001,                         
                                                                               
  ntc    = 1,       tol    = 0.000001,                                         
                                                                               
 &end                                                                          
Hold solvent fixed                                                             
5.0                                                                            
RES   234 9999999                                                              
END                                                                            
END                                                                            


Note: ig = -1. Setting random seed to   316128 based on wallclock time in 
      microseconds.
| irandom = 1, using AMBER's internal random number generator (default).
| INFO:    The nsnb ctrl option does not affect nonbonded list update frequency.
|          It does affect steepest descent minimization freq if ntmin == 0
 
|--------------------- INFORMATION ----------------------
| GPU (CUDA) Version of PMEMD in use: NVIDIA GPU IN USE.
|                    Version 18.0.0
| 
|                      03/25/2018
| 
| Implementation by:
|                    Ross C. Walker     (SDSC)
|                    Scott Le Grand     (nVIDIA)
| 
| Version 18 performance extensions by:
|                    David Cerutti     (Rutgers)
| 
| Precision model in use:
|      [SPFP] - Single Precision Forces, 64-bit Fixed Point
|               Accumulation. (Default)
| 
|--------------------------------------------------------
 
|----------------- CITATION INFORMATION -----------------
|
|    When publishing work that utilized the CUDA version
|    of AMBER, please cite the following in addition to
|    the regular AMBER citations:
|
|  - Romelia Salomon-Ferrer; Andreas W. Goetz; Duncan
|    Poole; Scott Le Grand; Ross C. Walker "Routine
|    microsecond molecular dynamics simulations with
|    AMBER - Part II: Particle Mesh Ewald", J. Chem.
|    Theory Comput., 2013, 9 (9), pp3878-3888,
|    DOI: 10.1021/ct400314y.
|
|  - Andreas W. Goetz; Mark J. Williamson; Dong Xu;
|    Duncan Poole; Scott Le Grand; Ross C. Walker
|    "Routine microsecond molecular dynamics simulations
|    with AMBER - Part I: Generalized Born", J. Chem.
|    Theory Comput., 2012, 8 (5), pp1542-1555.
|
|  - Scott Le Grand; Andreas W. Goetz; Ross C. Walker
|    "SPFP: Speed without compromise - a mixed precision
|    model for GPU accelerated molecular dynamics
|    simulations.", Comp. Phys. Comm., 2013, 184
|    pp374-380, DOI: 10.1016/j.cpc.2012.09.022
|
|--------------------------------------------------------
 
|------------------- GPU DEVICE INFO --------------------
|
|            CUDA_VISIBLE_DEVICES: 0
|   CUDA Capable Devices Detected:      1
|           CUDA Device ID in use:      0
|                CUDA Device Name: GeForce GTX 1080
|     CUDA Device Global Mem Size:   8119 MB
| CUDA Device Num Multiprocessors:     20
|           CUDA Device Core Freq:   1.73 GHz
|
|--------------------------------------------------------
 
 
| Conditional Compilation Defines Used:
| PUBFFT
| BINTRAJ
| MKL
| CUDA
| EMIL

| Largest sphere to fit in unit cell has radius =    35.843

| New format PARM file being parsed.
| Version =    1.000 Date = 07/07/21 Time = 08:04:59

| Note: 1-4 EEL scale factors are being read from the topology file.

| Note: 1-4 VDW scale factors are being read from the topology file.
| Duplicated    0 dihedrals

| Duplicated    0 dihedrals

--------------------------------------------------------------------------------
   1.  RESOURCE   USE: 
--------------------------------------------------------------------------------

 getting new box info from bottom of inpcrd
 NATOM  =   46215 NTYPES =      18 NBONH =   33752 MBONA  =   12501
 NTHETH =    3888 MTHETA =    2478 NPHIH =    8196 MPHIA  =    7867
 NHPARM =       0 NPARM  =       0 NNB   =   94031 NRES   =   10914
 NBONA  =   12501 NTHETA =    2478 NPHIA =    7867 NUMBND =      72
 NUMANG =     171 NPTRA  =     194 NATYP =      36 NPHB   =       1
 IFBOX  =       1 NMXRS  =      25 IFCAP =       0 NEXTRA =   10677
 NCOPY  =       0

| Coordinate Index Table dimensions:    16   15   18
| Direct force subcell size =     4.7032    4.7791    4.5585

     BOX TYPE: RECTILINEAR

--------------------------------------------------------------------------------
   2.  CONTROL  DATA  FOR  THE  RUN
--------------------------------------------------------------------------------

default_name                                                                    

General flags:
     imin    =       1, nmropt  =       0

Nature and format of input:
     ntx     =       1, irest   =       0, ntrx    =       1

Nature and format of output:
     ntxo    =       1, ntpr    =      50, ntrx    =       1, ntwr    =       1
     iwrap   =       0, ntwx    =       0, ntwv    =       0, ntwe    =       0
     ioutfm  =       1, ntwprt  =       0, idecomp =       0, rbornstat=      0

Potential function:
     ntf     =       1, ntb     =       1, igb     =       0, nsnb    =      10
     ipol    =       0, gbsa    =       0, iesp    =       0
     dielc   =   1.00000, cut     =   8.00000, intdiel =   1.00000

Frozen or restrained atoms:
     ibelly  =       0, ntr     =       1
     restraint_wt =   0.00000

Energy minimization:
     maxcyc  =   10000, ncyc    =    2000, ntmin   =       1
     dx0     =   0.10000, drms    =   0.00010

| Intermolecular bonds treatment:
|     no_intermolecular_bonds =       1

| Energy averages sample interval:
|     ene_avg_sampling =       1

Extra-points options:
     frameon =       1, chngmask=       1

Ewald parameters:
     verbose =       0, ew_type =       0, nbflag  =       1, use_pme =       1
     vdwmeth =       1, eedmeth =       1, netfrc  =       0
     Box X =   75.251   Box Y =   71.687   Box Z =   82.053
     Alpha =   90.000   Beta  =   90.000   Gamma =   90.000
     NFFT1 =   80       NFFT2 =   72       NFFT3 =   84
     Cutoff=    8.000   Tol   =0.100E-04
     Ewald Coefficient =  0.34864
     Interpolation order =    4

    LOADING THE CONSTRAINED ATOMS AS GROUPS


   5.  REFERENCE ATOM COORDINATES

  default_name                                                                    
    ----- READING GROUP     1; TITLE:
 Hold solvent fixed                                                          

     GROUP    1 HAS HARMONIC CONSTRAINTS     5.00000
 GRP    1 RES  234 TO 10914
      Number of atoms in this group  = 42712
    ----- END OF GROUP READ -----
|      EXTRA_PTS, trim_bonds: num bonds BEFORE trim = 33752     0
|      EXTRA_PTS, trim_bonds: num bonds AFTER  trim = 33752     0
|      EXTRA_PTS, trim_bonds: num bonds BEFORE trim = 12501     0
|      EXTRA_PTS, trim_bonds: num bonds AFTER  trim =  1824     0
|      EXTRA_PTS, trim_theta: num angle BEFORE trim =  3888     0
|      EXTRA_PTS, trim_theta: num angle AFTER  trim =  3888     0
|      EXTRA_PTS, trim_theta: num angle BEFORE trim =  2478     0
|      EXTRA_PTS, trim_theta: num angle AFTER  trim =  2478     0
|      EXTRA_PTS, trim_phi:  num diheds BEFORE trim =  8196     0
|      EXTRA_PTS, trim_phi:  num diheds AFTER  trim =  8196     0
|      EXTRA_PTS, trim_phi:  num diheds BEFORE trim =  7867     0
|      EXTRA_PTS, trim_phi:  num diheds AFTER  trim =  7867     0

--------------------------------------------------------------------------------
   3.  ATOMIC COORDINATES AND VELOCITIES
--------------------------------------------------------------------------------

default_name                                                                    
 begin time read from input coords =     0.000 ps

 
 Number of triangulated 3-point waters found:    10677

     Sum of charges from parm topology file =   0.00005842
     Forcing neutrality...

| Dynamic Memory, Types Used:
| Reals             1391193
| Integers          2999059

| Nonbonded Pairs Initial Allocation:     7719060

| GPU memory information (estimate):
| KB of GPU memory in use:         0
| KB of CPU memory in use:         0

--------------------------------------------------------------------------------
   4.  RESULTS
--------------------------------------------------------------------------------



   NSTEP       ENERGY          RMS            GMAX         NAME    NUMBER
      1      -1.9461E+05     6.4903E+00     1.4685E+03     O       11868

 BOND    =    39011.4774  ANGLE   =      311.5040  DIHED      =      944.9103
 VDWAALS =    47690.2777  EEL     =  -292264.2475  HBOND      =        0.0000
 1-4 VDW =      765.4134  1-4 EEL =     8931.1904  RESTRAINT  =        0.0000


   NSTEP       ENERGY          RMS            GMAX         NAME    NUMBER
     50      -1.9611E+05     2.6068E-01     3.9093E+01     H2      11954

 BOND    =    39307.8150  ANGLE   =      314.1589  DIHED      =      946.6894
 VDWAALS =    47586.2282  EEL     =  -293947.3521  HBOND      =        0.0000
 1-4 VDW =      759.0335  1-4 EEL =     8924.9934  RESTRAINT  =        1.8772
 EAMBER  =  -196108.4336


   NSTEP       ENERGY          RMS            GMAX         NAME    NUMBER
    100      -1.9646E+05     1.7681E-01     2.2559E+01     H2      11954

 BOND    =    39319.8637  ANGLE   =      317.7388  DIHED      =      948.0146
 VDWAALS =    47584.3217  EEL     =  -294304.8528  HBOND      =        0.0000
 1-4 VDW =      753.7181  1-4 EEL =     8919.9593  RESTRAINT  =        3.0108
 EAMBER  =  -196461.2366


   NSTEP       ENERGY          RMS            GMAX         NAME    NUMBER
    150      -1.9654E+05     1.4942E-01     1.5509E+01     H2      11954

 BOND    =    39323.9592  ANGLE   =      320.1927  DIHED      =      948.8543
 VDWAALS =    47583.3494  EEL     =  -294389.2292  HBOND      =        0.0000
 1-4 VDW =      749.9467  1-4 EEL =     8916.4314  RESTRAINT  =        3.6777
 EAMBER  =  -196546.4957


   NSTEP       ENERGY          RMS            GMAX         NAME    NUMBER
    200      -1.9660E+05     1.3590E-01     1.1415E+01     H2      11954

 BOND    =    39326.5849  ANGLE   =      322.2337  DIHED      =      949.5383
 VDWAALS =    47583.2820  EEL     =  -294443.6940  HBOND      =        0.0000
 1-4 VDW =      746.6890  1-4 EEL =     8913.3978  RESTRAINT  =        4.1553
 EAMBER  =  -196601.9681


   NSTEP       ENERGY          RMS            GMAX         NAME    NUMBER
    250      -1.9663E+05     1.2674E-01     8.7425E+00     H2      11954

 BOND    =    39328.8150  ANGLE   =      324.0861  DIHED      =      950.1576
 VDWAALS =    47583.4658  EEL     =  -294477.7808  HBOND      =        0.0000
 1-4 VDW =      743.6374  1-4 EEL =     8910.5429  RESTRAINT  =        4.5349
 EAMBER  =  -196637.0761


   NSTEP       ENERGY          RMS            GMAX         NAME    NUMBER
    300      -1.9665E+05     1.2025E-01     7.0873E+00     H2      11954

 BOND    =    39330.6364  ANGLE   =      325.6358  DIHED      =      950.6785
 VDWAALS =    47583.7993  EEL     =  -294499.0431  HBOND      =        0.0000
 1-4 VDW =      741.0246  1-4 EEL =     8908.0663  RESTRAINT  =        4.8226
 EAMBER  =  -196659.2021


   NSTEP       ENERGY          RMS            GMAX         NAME    NUMBER
    350      -1.9667E+05     1.1519E-01     5.9931E+00     H2      11954

 BOND    =    39332.2131  ANGLE   =      326.9540  DIHED      =      951.1263
 VDWAALS =    47584.1535  EEL     =  -294510.6905  HBOND      =        0.0000
 1-4 VDW =      738.7676  1-4 EEL =     8905.8884  RESTRAINT  =        5.0539
 EAMBER  =  -196671.5878


   NSTEP       ENERGY          RMS            GMAX         NAME    NUMBER
    400      -1.9668E+05     1.1093E-01     5.2263E+00     H2      11954

 BOND    =    39333.5559  ANGLE   =      328.1069  DIHED      =      951.5222
 VDWAALS =    47584.6472  EEL     =  -294523.3131  HBOND      =        0.0000
 1-4 VDW =      736.7735  1-4 EEL =     8903.9255  RESTRAINT  =        5.2515
 EAMBER  =  -196684.7819


   NSTEP       ENERGY          RMS            GMAX         NAME    NUMBER
    450      -1.9669E+05     1.0766E-01     4.7929E+00     HG       3249

 BOND    =    39334.6569  ANGLE   =      329.0261  DIHED      =      951.8414
 VDWAALS =    47585.0896  EEL     =  -294530.6741  HBOND      =        0.0000
 1-4 VDW =      735.1737  1-4 EEL =     8902.3200  RESTRAINT  =        5.4091
 EAMBER  =  -196692.5664


   NSTEP       ENERGY          RMS            GMAX         NAME    NUMBER
    500      -1.9669E+05     1.0396E-01     4.5832E+00     HG       3249

 BOND    =    39335.9962  ANGLE   =      330.1037  DIHED      =      952.2200
 VDWAALS =    47585.5575  EEL     =  -294535.1692  HBOND      =        0.0000
 1-4 VDW =      733.2904  1-4 EEL =     8900.3885  RESTRAINT  =        5.5972
 EAMBER  =  -196697.6129


   NSTEP       ENERGY          RMS            GMAX         NAME    NUMBER
    550      -1.9670E+05     1.0115E-01     4.4147E+00     HG       3249

 BOND    =    39336.9555  ANGLE   =      330.9139  DIHED      =      952.5080
 VDWAALS =    47586.0741  EEL     =  -294543.4305  HBOND      =        0.0000
 1-4 VDW =      731.8708  1-4 EEL =     8898.8990  RESTRAINT  =        5.7431
 EAMBER  =  -196706.2093


   NSTEP       ENERGY          RMS            GMAX         NAME    NUMBER
    600      -1.9671E+05     9.8589E-02     4.2539E+00     HG       3249

 BOND    =    39337.8986  ANGLE   =      331.6757  DIHED      =      952.7816
 VDWAALS =    47586.5144  EEL     =  -294548.0176  HBOND      =        0.0000
 1-4 VDW =      730.5354  1-4 EEL =     8897.4695  RESTRAINT  =        5.8849
 EAMBER  =  -196711.1425


   NSTEP       ENERGY          RMS            GMAX         NAME    NUMBER
    650      -1.9671E+05     9.6040E-02     4.0851E+00     HG       3249

 BOND    =    39338.8622  ANGLE   =      332.4462  DIHED      =      953.0609
 VDWAALS =    47587.0142  EEL     =  -294552.4768  HBOND      =        0.0000
 1-4 VDW =      729.1846  1-4 EEL =     8895.9936  RESTRAINT  =        6.0343
 EAMBER  =  -196715.9152


   NSTEP       ENERGY          RMS            GMAX         NAME    NUMBER
    700      -1.9671E+05     9.3879E-02     3.9360E+00     HG       3249

 BOND    =    39339.6967  ANGLE   =      333.1094  DIHED      =      953.3040
 VDWAALS =    47587.4177  EEL     =  -294556.5775  HBOND      =        0.0000
 1-4 VDW =      728.0229  1-4 EEL =     8894.6976  RESTRAINT  =        6.1684
 EAMBER  =  -196720.3292


   NSTEP       ENERGY          RMS            GMAX         NAME    NUMBER
    750      -1.9672E+05     9.2201E-02     3.8161E+00     HG       3249

 BOND    =    39340.3631  ANGLE   =      333.6297  DIHED      =      953.4955
 VDWAALS =    47587.7479  EEL     =  -294559.0996  HBOND      =        0.0000
 1-4 VDW =      727.1127  1-4 EEL =     8893.6651  RESTRAINT  =        6.2776
 EAMBER  =  -196723.0856


   NSTEP       ENERGY          RMS            GMAX         NAME    NUMBER
    800      -1.9672E+05     9.2181E-02     3.8146E+00     HG       3249

 BOND    =    39340.3713  ANGLE   =      333.6361  DIHED      =      953.4981
 VDWAALS =    47587.7528  EEL     =  -294559.1319  HBOND      =        0.0000
 1-4 VDW =      727.1014  1-4 EEL =     8893.6522  RESTRAINT  =        6.2790
 EAMBER  =  -196723.1199


   NSTEP       ENERGY          RMS            GMAX         NAME    NUMBER
    850      -1.9672E+05     9.2177E-02     3.8143E+00     HG       3249

 BOND    =    39340.3732  ANGLE   =      333.6376  DIHED      =      953.4984
 VDWAALS =    47587.7531  EEL     =  -294559.1450  HBOND      =        0.0000
 1-4 VDW =      727.0988  1-4 EEL =     8893.6493  RESTRAINT  =        6.2793
 EAMBER  =  -196723.1346


   NSTEP       ENERGY          RMS            GMAX         NAME    NUMBER
    900      -1.9672E+05     9.2171E-02     3.8139E+00     HG       3249

 BOND    =    39340.3753  ANGLE   =      333.6393  DIHED      =      953.4992
 VDWAALS =    47587.7538  EEL     =  -294559.1184  HBOND      =        0.0000
 1-4 VDW =      727.0959  1-4 EEL =     8893.6460  RESTRAINT  =        6.2797
 EAMBER  =  -196723.1090


   NSTEP       ENERGY          RMS            GMAX         NAME    NUMBER
    950      -1.9672E+05     9.2166E-02     3.8136E+00     HG       3249

 BOND    =    39340.3772  ANGLE   =      333.6408  DIHED      =      953.4998
 VDWAALS =    47587.7569  EEL     =  -294559.1462  HBOND      =        0.0000
 1-4 VDW =      727.0933  1-4 EEL =     8893.6429  RESTRAINT  =        6.2800
 EAMBER  =  -196723.1353


   NSTEP       ENERGY          RMS            GMAX         NAME    NUMBER
   1000      -1.9672E+05     9.2161E-02     3.8132E+00     HG       3249

 BOND    =    39340.3792  ANGLE   =      333.6424  DIHED      =      953.5003
 VDWAALS =    47587.7576  EEL     =  -294559.1666  HBOND      =        0.0000
 1-4 VDW =      727.0905  1-4 EEL =     8893.6398  RESTRAINT  =        6.2803
 EAMBER  =  -196723.1568


   NSTEP       ENERGY          RMS            GMAX         NAME    NUMBER
   1050      -1.9672E+05     9.2157E-02     3.8129E+00     HG       3249

 BOND    =    39340.3806  ANGLE   =      333.6435  DIHED      =      953.5006
 VDWAALS =    47587.7587  EEL     =  -294559.1686  HBOND      =        0.0000
 1-4 VDW =      727.0886  1-4 EEL =     8893.6377  RESTRAINT  =        6.2806
 EAMBER  =  -196723.1589


   NSTEP       ENERGY          RMS            GMAX         NAME    NUMBER
   1100      -1.9672E+05     9.2152E-02     3.8125E+00     HG       3249

 BOND    =    39340.3830  ANGLE   =      333.6453  DIHED      =      953.5013
 VDWAALS =    47587.7596  EEL     =  -294559.1719  HBOND      =        0.0000
 1-4 VDW =      727.0854  1-4 EEL =     8893.6339  RESTRAINT  =        6.2810
 EAMBER  =  -196723.1633


   NSTEP       ENERGY          RMS            GMAX         NAME    NUMBER
   1150      -1.9672E+05     9.2145E-02     3.8120E+00     HG       3249

 BOND    =    39340.3855  ANGLE   =      333.6473  DIHED      =      953.5022
 VDWAALS =    47587.7600  EEL     =  -294559.1773  HBOND      =        0.0000
 1-4 VDW =      727.0819  1-4 EEL =     8893.6300  RESTRAINT  =        6.2814
 EAMBER  =  -196723.1704


   NSTEP       ENERGY          RMS            GMAX         NAME    NUMBER
   1200      -1.9672E+05     9.2140E-02     3.8116E+00     HG       3249

 BOND    =    39340.3879  ANGLE   =      333.6491  DIHED      =      953.5028
 VDWAALS =    47587.7626  EEL     =  -294559.1930  HBOND      =        0.0000
 1-4 VDW =      727.0787  1-4 EEL =     8893.6263  RESTRAINT  =        6.2818
 EAMBER  =  -196723.1856


   NSTEP       ENERGY          RMS            GMAX         NAME    NUMBER
   1250      -1.9672E+05     9.2134E-02     3.8112E+00     HG       3249

 BOND    =    39340.3901  ANGLE   =      333.6509  DIHED      =      953.5036
 VDWAALS =    47587.7630  EEL     =  -294559.2177  HBOND      =        0.0000
 1-4 VDW =      727.0756  1-4 EEL =     8893.6228  RESTRAINT  =        6.2821
 EAMBER  =  -196723.2118


   NSTEP       ENERGY          RMS            GMAX         NAME    NUMBER
   1300      -1.9672E+05     9.2130E-02     3.8109E+00     HG       3249

 BOND    =    39340.3918  ANGLE   =      333.6522  DIHED      =      953.5041
 VDWAALS =    47587.7641  EEL     =  -294559.2307  HBOND      =        0.0000
 1-4 VDW =      727.0733  1-4 EEL =     8893.6201  RESTRAINT  =        6.2824
 EAMBER  =  -196723.2251


   NSTEP       ENERGY          RMS            GMAX         NAME    NUMBER
   1350      -1.9672E+05     9.2127E-02     3.8107E+00     HG       3249

 BOND    =    39340.3932  ANGLE   =      333.6533  DIHED      =      953.5045
 VDWAALS =    47587.7650  EEL     =  -294559.2037  HBOND      =        0.0000
 1-4 VDW =      727.0713  1-4 EEL =     8893.6178  RESTRAINT  =        6.2827
 EAMBER  =  -196723.1985


   NSTEP       ENERGY          RMS            GMAX         NAME    NUMBER
   1400      -1.9672E+05     9.2121E-02     3.8103E+00     HG       3249

 BOND    =    39340.3952  ANGLE   =      333.6549  DIHED      =      953.5051
 VDWAALS =    47587.7660  EEL     =  -294559.2292  HBOND      =        0.0000
 1-4 VDW =      727.0686  1-4 EEL =     8893.6147  RESTRAINT  =        6.2830
 EAMBER  =  -196723.2248


   NSTEP       ENERGY          RMS            GMAX         NAME    NUMBER
   1450      -1.9672E+05     9.2114E-02     3.8097E+00     HG       3249

 BOND    =    39340.3982  ANGLE   =      333.6573  DIHED      =      953.5060
 VDWAALS =    47587.7656  EEL     =  -294559.2526  HBOND      =        0.0000
 1-4 VDW =      727.0644  1-4 EEL =     8893.6100  RESTRAINT  =        6.2835
 EAMBER  =  -196723.2511


   NSTEP       ENERGY          RMS            GMAX         NAME    NUMBER
   1500      -1.9672E+05     9.2110E-02     3.8094E+00     HG       3249

 BOND    =    39340.3998  ANGLE   =      333.6585  DIHED      =      953.5063
 VDWAALS =    47587.7668  EEL     =  -294559.2562  HBOND      =        0.0000
 1-4 VDW =      727.0622  1-4 EEL =     8893.6075  RESTRAINT  =        6.2838
 EAMBER  =  -196723.2551


   NSTEP       ENERGY          RMS            GMAX         NAME    NUMBER
   1550      -1.9672E+05     9.2105E-02     3.8091E+00     HG       3249

 BOND    =    39340.4015  ANGLE   =      333.6599  DIHED      =      953.5069
 VDWAALS =    47587.7668  EEL     =  -294559.2330  HBOND      =        0.0000
 1-4 VDW =      727.0599  1-4 EEL =     8893.6048  RESTRAINT  =        6.2841
 EAMBER  =  -196723.2334


   NSTEP       ENERGY          RMS            GMAX         NAME    NUMBER
   1600      -1.9672E+05     9.2101E-02     3.8088E+00     HG       3249

 BOND    =    39340.4035  ANGLE   =      333.6614  DIHED      =      953.5075
 VDWAALS =    47587.7651  EEL     =  -294559.2414  HBOND      =        0.0000
 1-4 VDW =      727.0572  1-4 EEL =     8893.6017  RESTRAINT  =        6.2844
 EAMBER  =  -196723.2450


   NSTEP       ENERGY          RMS            GMAX         NAME    NUMBER
   1650      -1.9672E+05     9.2095E-02     3.8084E+00     HG       3249

 BOND    =    39340.4057  ANGLE   =      333.6632  DIHED      =      953.5081
 VDWAALS =    47587.7655  EEL     =  -294559.2679  HBOND      =        0.0000
 1-4 VDW =      727.0541  1-4 EEL =     8893.5981  RESTRAINT  =        6.2848
 EAMBER  =  -196723.2731


   NSTEP       ENERGY          RMS            GMAX         NAME    NUMBER
   1700      -1.9672E+05     9.2091E-02     3.8081E+00     HG       3249

 BOND    =    39340.4073  ANGLE   =      333.6644  DIHED      =      953.5086
 VDWAALS =    47587.7661  EEL     =  -294559.2791  HBOND      =        0.0000
 1-4 VDW =      727.0520  1-4 EEL =     8893.5958  RESTRAINT  =        6.2850
 EAMBER  =  -196723.2850


   NSTEP       ENERGY          RMS            GMAX         NAME    NUMBER
   1750      -1.9672E+05     9.2087E-02     3.8078E+00     HG       3249

 BOND    =    39340.4091  ANGLE   =      333.6658  DIHED      =      953.5090
 VDWAALS =    47587.7676  EEL     =  -294559.2936  HBOND      =        0.0000
 1-4 VDW =      727.0496  1-4 EEL =     8893.5930  RESTRAINT  =        6.2853
 EAMBER  =  -196723.2997


   NSTEP       ENERGY          RMS            GMAX         NAME    NUMBER
   1800      -1.9672E+05     9.2083E-02     3.8075E+00     HG       3249

 BOND    =    39340.4106  ANGLE   =      333.6670  DIHED      =      953.5094
 VDWAALS =    47587.7686  EEL     =  -294559.3054  HBOND      =        0.0000
 1-4 VDW =      727.0474  1-4 EEL =     8893.5905  RESTRAINT  =        6.2856
 EAMBER  =  -196723.3118


   NSTEP       ENERGY          RMS            GMAX         NAME    NUMBER
   1850      -1.9672E+05     9.2079E-02     3.8071E+00     HG       3249

 BOND    =    39340.4123  ANGLE   =      333.6683  DIHED      =      953.5100
 VDWAALS =    47587.7698  EEL     =  -294559.2960  HBOND      =        0.0000
 1-4 VDW =      727.0451  1-4 EEL =     8893.5878  RESTRAINT  =        6.2859
 EAMBER  =  -196723.3027


   NSTEP       ENERGY          RMS            GMAX         NAME    NUMBER
   1900      -1.9672E+05     9.2071E-02     3.8066E+00     HG       3249

 BOND    =    39340.4153  ANGLE   =      333.6707  DIHED      =      953.5109
 VDWAALS =    47587.7715  EEL     =  -294559.3010  HBOND      =        0.0000
 1-4 VDW =      727.0410  1-4 EEL =     8893.5831  RESTRAINT  =        6.2864
 EAMBER  =  -196723.3085


   NSTEP       ENERGY          RMS            GMAX         NAME    NUMBER
   1950      -1.9672E+05     9.2066E-02     3.8062E+00     HG       3249

 BOND    =    39340.4176  ANGLE   =      333.6725  DIHED      =      953.5114
 VDWAALS =    47587.7725  EEL     =  -294559.3278  HBOND      =        0.0000
 1-4 VDW =      727.0379  1-4 EEL =     8893.5797  RESTRAINT  =        6.2868
 EAMBER  =  -196723.3362


   NSTEP       ENERGY          RMS            GMAX         NAME    NUMBER
   2000      -1.9672E+05     9.2061E-02     3.8059E+00     HG       3249

 BOND    =    39340.4193  ANGLE   =      333.6738  DIHED      =      953.5120
 VDWAALS =    47587.7737  EEL     =  -294559.3178  HBOND      =        0.0000
 1-4 VDW =      727.0356  1-4 EEL =     8893.5769  RESTRAINT  =        6.2870
 EAMBER  =  -196723.3265


   NSTEP       ENERGY          RMS            GMAX         NAME    NUMBER
   2050      -1.9774E+05     8.8598E-01     1.5790E+02     O       11952

 BOND    =    39336.8062  ANGLE   =      338.0817  DIHED      =      955.2133
 VDWAALS =    47610.7234  EEL     =  -295597.7180  HBOND      =        0.0000
 1-4 VDW =      719.6825  1-4 EEL =     8885.2069  RESTRAINT  =        7.3268
 EAMBER  =  -197752.0040


   NSTEP       ENERGY          RMS            GMAX         NAME    NUMBER
   2100      -1.9774E+05     8.8106E-01     1.5702E+02     O       11952

 BOND    =    39336.8579  ANGLE   =      338.0818  DIHED      =      955.2132
 VDWAALS =    47610.6102  EEL     =  -295591.6422  HBOND      =        0.0000
 1-4 VDW =      719.6824  1-4 EEL =     8885.2069  RESTRAINT  =        7.3268
 EAMBER  =  -197745.9898


   NSTEP       ENERGY          RMS            GMAX         NAME    NUMBER
   2150      -1.9773E+05     8.7611E-01     1.5613E+02     O       11952

 BOND    =    39336.9096  ANGLE   =      338.0818  DIHED      =      955.2132
 VDWAALS =    47610.4955  EEL     =  -295585.5705  HBOND      =        0.0000
 1-4 VDW =      719.6824  1-4 EEL =     8885.2069  RESTRAINT  =        7.3268
 EAMBER  =  -197739.9811


   NSTEP       ENERGY          RMS            GMAX         NAME    NUMBER
   2200      -1.9773E+05     8.7119E-01     1.5525E+02     O       11952

 BOND    =    39336.9613  ANGLE   =      338.0818  DIHED      =      955.2132
 VDWAALS =    47610.3823  EEL     =  -295579.4751  HBOND      =        0.0000
 1-4 VDW =      719.6824  1-4 EEL =     8885.2068  RESTRAINT  =        7.3268
 EAMBER  =  -197733.9472


   NSTEP       ENERGY          RMS            GMAX         NAME    NUMBER
   2250      -1.9772E+05     8.6626E-01     1.5437E+02     O       11952

 BOND    =    39337.0130  ANGLE   =      338.0819  DIHED      =      955.2133
 VDWAALS =    47610.2690  EEL     =  -295573.3861  HBOND      =        0.0000
 1-4 VDW =      719.6824  1-4 EEL =     8885.2068  RESTRAINT  =        7.3268
 EAMBER  =  -197727.9198


   NSTEP       ENERGY          RMS            GMAX         NAME    NUMBER
   2300      -1.9771E+05     8.6133E-01     1.5348E+02     O       11952

 BOND    =    39337.0647  ANGLE   =      338.0819  DIHED      =      955.2133
 VDWAALS =    47610.1554  EEL     =  -295567.3318  HBOND      =        0.0000
 1-4 VDW =      719.6823  1-4 EEL =     8885.2067  RESTRAINT  =        7.3268
 EAMBER  =  -197721.9274


   NSTEP       ENERGY          RMS            GMAX         NAME    NUMBER
   2350      -1.9771E+05     8.5641E-01     1.5260E+02     O       11952

 BOND    =    39337.1164  ANGLE   =      338.0819  DIHED      =      955.2132
 VDWAALS =    47610.0418  EEL     =  -295561.2808  HBOND      =        0.0000
 1-4 VDW =      719.6823  1-4 EEL =     8885.2067  RESTRAINT  =        7.3268
 EAMBER  =  -197715.9385


   NSTEP       ENERGY          RMS            GMAX         NAME    NUMBER
   2400      -1.9770E+05     8.5147E-01     1.5171E+02     O       11952

 BOND    =    39337.1681  ANGLE   =      338.0820  DIHED      =      955.2132
 VDWAALS =    47609.9282  EEL     =  -295555.1980  HBOND      =        0.0000
 1-4 VDW =      719.6823  1-4 EEL =     8885.2066  RESTRAINT  =        7.3268
 EAMBER  =  -197709.9177


   NSTEP       ENERGY          RMS            GMAX         NAME    NUMBER
   2450      -1.9770E+05     8.4655E-01     1.5083E+02     O       11952

 BOND    =    39337.2197  ANGLE   =      338.0820  DIHED      =      955.2133
 VDWAALS =    47609.8153  EEL     =  -295549.1488  HBOND      =        0.0000
 1-4 VDW =      719.6822  1-4 EEL =     8885.2066  RESTRAINT  =        7.3269
 EAMBER  =  -197703.9296


   NSTEP       ENERGY          RMS            GMAX         NAME    NUMBER
   2500      -1.9769E+05     8.4163E-01     1.4995E+02     O       11952

 BOND    =    39337.2714  ANGLE   =      338.0820  DIHED      =      955.2134
 VDWAALS =    47609.7020  EEL     =  -295543.1083  HBOND      =        0.0000
 1-4 VDW =      719.6822  1-4 EEL =     8885.2065  RESTRAINT  =        7.3269
 EAMBER  =  -197697.9508


   NSTEP       ENERGY          RMS            GMAX         NAME    NUMBER
   2550      -1.9768E+05     8.3672E-01     1.4907E+02     O       11952

 BOND    =    39337.3231  ANGLE   =      338.0821  DIHED      =      955.2134
 VDWAALS =    47609.5894  EEL     =  -295537.0776  HBOND      =        0.0000
 1-4 VDW =      719.6821  1-4 EEL =     8885.2064  RESTRAINT  =        7.3269
 EAMBER  =  -197691.9810


   NSTEP       ENERGY          RMS            GMAX         NAME    NUMBER
   2600      -1.9768E+05     8.3179E-01     1.4819E+02     O       11952

 BOND    =    39337.3747  ANGLE   =      338.0821  DIHED      =      955.2134
 VDWAALS =    47609.4758  EEL     =  -295531.0520  HBOND      =        0.0000
 1-4 VDW =      719.6821  1-4 EEL =     8885.2064  RESTRAINT  =        7.3269
 EAMBER  =  -197686.0176


   NSTEP       ENERGY          RMS            GMAX         NAME    NUMBER
   2650      -1.9767E+05     8.2690E-01     1.4731E+02     O       11952

 BOND    =    39337.4264  ANGLE   =      338.0822  DIHED      =      955.2134
 VDWAALS =    47609.3635  EEL     =  -295525.0302  HBOND      =        0.0000
 1-4 VDW =      719.6821  1-4 EEL =     8885.2063  RESTRAINT  =        7.3269
 EAMBER  =  -197680.0564


   NSTEP       ENERGY          RMS            GMAX         NAME    NUMBER
   2700      -1.9767E+05     8.2195E-01     1.4642E+02     O       11952

 BOND    =    39337.4780  ANGLE   =      338.0822  DIHED      =      955.2134
 VDWAALS =    47609.2491  EEL     =  -295519.0200  HBOND      =        0.0000
 1-4 VDW =      719.6820  1-4 EEL =     8885.2062  RESTRAINT  =        7.3269
 EAMBER  =  -197674.1092


   NSTEP       ENERGY          RMS            GMAX         NAME    NUMBER
   2750      -1.9766E+05     8.1706E-01     1.4555E+02     O       11952

 BOND    =    39337.5296  ANGLE   =      338.0822  DIHED      =      955.2133
 VDWAALS =    47609.1366  EEL     =  -295513.0295  HBOND      =        0.0000
 1-4 VDW =      719.6820  1-4 EEL =     8885.2062  RESTRAINT  =        7.3269
 EAMBER  =  -197668.1794


   NSTEP       ENERGY          RMS            GMAX         NAME    NUMBER
   2800      -1.9765E+05     8.1215E-01     1.4467E+02     O       11952

 BOND    =    39337.5812  ANGLE   =      338.0823  DIHED      =      955.2134
 VDWAALS =    47609.0238  EEL     =  -295507.0194  HBOND      =        0.0000
 1-4 VDW =      719.6820  1-4 EEL =     8885.2061  RESTRAINT  =        7.3269
 EAMBER  =  -197662.2307


   NSTEP       ENERGY          RMS            GMAX         NAME    NUMBER
   2850      -1.9765E+05     8.0724E-01     1.4379E+02     O       11952

 BOND    =    39337.6329  ANGLE   =      338.0823  DIHED      =      955.2133
 VDWAALS =    47608.9113  EEL     =  -295501.0272  HBOND      =        0.0000
 1-4 VDW =      719.6819  1-4 EEL =     8885.2060  RESTRAINT  =        7.3270
 EAMBER  =  -197656.2995


   NSTEP       ENERGY          RMS            GMAX         NAME    NUMBER
   2900      -1.9764E+05     8.0234E-01     1.4291E+02     O       11952

 BOND    =    39337.6845  ANGLE   =      338.0823  DIHED      =      955.2133
 VDWAALS =    47608.7985  EEL     =  -295495.0457  HBOND      =        0.0000
 1-4 VDW =      719.6819  1-4 EEL =     8885.2060  RESTRAINT  =        7.3270
 EAMBER  =  -197650.3793


   NSTEP       ENERGY          RMS            GMAX         NAME    NUMBER
   2950      -1.9764E+05     7.9743E-01     1.4202E+02     O       11952

 BOND    =    39337.7361  ANGLE   =      338.0824  DIHED      =      955.2134
 VDWAALS =    47608.6858  EEL     =  -295489.0749  HBOND      =        0.0000
 1-4 VDW =      719.6819  1-4 EEL =     8885.2059  RESTRAINT  =        7.3270
 EAMBER  =  -197644.4695


   NSTEP       ENERGY          RMS            GMAX         NAME    NUMBER
   3000      -1.9763E+05     7.9253E-01     1.4115E+02     O       11952

 BOND    =    39337.7876  ANGLE   =      338.0824  DIHED      =      955.2133
 VDWAALS =    47608.5729  EEL     =  -295483.1190  HBOND      =        0.0000
 1-4 VDW =      719.6818  1-4 EEL =     8885.2058  RESTRAINT  =        7.3270
 EAMBER  =  -197638.5751


   NSTEP       ENERGY          RMS            GMAX         NAME    NUMBER
   3050      -1.9763E+05     7.8764E-01     1.4027E+02     O       11952

 BOND    =    39337.8392  ANGLE   =      338.0824  DIHED      =      955.2134
 VDWAALS =    47608.4608  EEL     =  -295477.1663  HBOND      =        0.0000
 1-4 VDW =      719.6818  1-4 EEL =     8885.2058  RESTRAINT  =        7.3270
 EAMBER  =  -197632.6828


   NSTEP       ENERGY          RMS            GMAX         NAME    NUMBER
   3100      -1.9762E+05     7.8274E-01     1.3939E+02     O       11952

 BOND    =    39337.8908  ANGLE   =      338.0825  DIHED      =      955.2134
 VDWAALS =    47608.3482  EEL     =  -295471.1967  HBOND      =        0.0000
 1-4 VDW =      719.6818  1-4 EEL =     8885.2058  RESTRAINT  =        7.3270
 EAMBER  =  -197626.7742


   NSTEP       ENERGY          RMS            GMAX         NAME    NUMBER
   3150      -1.9761E+05     7.7784E-01     1.3851E+02     O       11952

 BOND    =    39337.9424  ANGLE   =      338.0825  DIHED      =      955.2135
 VDWAALS =    47608.2356  EEL     =  -295465.2612  HBOND      =        0.0000
 1-4 VDW =      719.6817  1-4 EEL =     8885.2056  RESTRAINT  =        7.3270
 EAMBER  =  -197620.8999


   NSTEP       ENERGY          RMS            GMAX         NAME    NUMBER
   3200      -1.9761E+05     7.7295E-01     1.3764E+02     O       11952

 BOND    =    39337.9939  ANGLE   =      338.0825  DIHED      =      955.2135
 VDWAALS =    47608.1237  EEL     =  -295459.3155  HBOND      =        0.0000
 1-4 VDW =      719.6817  1-4 EEL =     8885.2056  RESTRAINT  =        7.3270
 EAMBER  =  -197615.0146


   NSTEP       ENERGY          RMS            GMAX         NAME    NUMBER
   3250      -1.9760E+05     7.6805E-01     1.3675E+02     O       11952

 BOND    =    39338.0455  ANGLE   =      338.0826  DIHED      =      955.2136
 VDWAALS =    47608.0113  EEL     =  -295453.3655  HBOND      =        0.0000
 1-4 VDW =      719.6816  1-4 EEL =     8885.2056  RESTRAINT  =        7.3271
 EAMBER  =  -197609.1253


   NSTEP       ENERGY          RMS            GMAX         NAME    NUMBER
   3300      -1.9760E+05     7.6316E-01     1.3588E+02     O       11952

 BOND    =    39338.0970  ANGLE   =      338.0826  DIHED      =      955.2135
 VDWAALS =    47607.8994  EEL     =  -295447.4326  HBOND      =        0.0000
 1-4 VDW =      719.6816  1-4 EEL =     8885.2055  RESTRAINT  =        7.3271
 EAMBER  =  -197603.2529


   NSTEP       ENERGY          RMS            GMAX         NAME    NUMBER
   3350      -1.9759E+05     7.5828E-01     1.3500E+02     O       11952

 BOND    =    39338.1485  ANGLE   =      338.0827  DIHED      =      955.2136
 VDWAALS =    47607.7866  EEL     =  -295441.5633  HBOND      =        0.0000
 1-4 VDW =      719.6816  1-4 EEL =     8885.2054  RESTRAINT  =        7.3271
 EAMBER  =  -197597.4449


   NSTEP       ENERGY          RMS            GMAX         NAME    NUMBER
   3400      -1.9758E+05     7.5338E-01     1.3412E+02     O       11952

 BOND    =    39338.2001  ANGLE   =      338.0827  DIHED      =      955.2135
 VDWAALS =    47607.6745  EEL     =  -295435.6262  HBOND      =        0.0000
 1-4 VDW =      719.6815  1-4 EEL =     8885.2053  RESTRAINT  =        7.3271
 EAMBER  =  -197591.5685


   NSTEP       ENERGY          RMS            GMAX         NAME    NUMBER
   3450      -1.9758E+05     7.4850E-01     1.3325E+02     O       11952

 BOND    =    39338.2516  ANGLE   =      338.0827  DIHED      =      955.2136
 VDWAALS =    47607.5624  EEL     =  -295429.7247  HBOND      =        0.0000
 1-4 VDW =      719.6815  1-4 EEL =     8885.2053  RESTRAINT  =        7.3271
 EAMBER  =  -197585.7276


   NSTEP       ENERGY          RMS            GMAX         NAME    NUMBER
   3500      -1.9757E+05     7.4363E-01     1.3237E+02     O       11952

 BOND    =    39338.3031  ANGLE   =      338.0828  DIHED      =      955.2136
 VDWAALS =    47607.4505  EEL     =  -295423.8577  HBOND      =        0.0000
 1-4 VDW =      719.6814  1-4 EEL =     8885.2052  RESTRAINT  =        7.3271
 EAMBER  =  -197579.9211


   NSTEP       ENERGY          RMS            GMAX         NAME    NUMBER
   3550      -1.9757E+05     7.3875E-01     1.3150E+02     O       11952

 BOND    =    39338.3546  ANGLE   =      338.0828  DIHED      =      955.2135
 VDWAALS =    47607.3388  EEL     =  -295417.9548  HBOND      =        0.0000
 1-4 VDW =      719.6814  1-4 EEL =     8885.2051  RESTRAINT  =        7.3271
 EAMBER  =  -197574.0785


   NSTEP       ENERGY          RMS            GMAX         NAME    NUMBER
   3600      -1.9756E+05     7.3385E-01     1.3062E+02     O       11952

 BOND    =    39338.4060  ANGLE   =      338.0829  DIHED      =      955.2136
 VDWAALS =    47607.2265  EEL     =  -295412.0427  HBOND      =        0.0000
 1-4 VDW =      719.6814  1-4 EEL =     8885.2051  RESTRAINT  =        7.3272
 EAMBER  =  -197568.2273


   NSTEP       ENERGY          RMS            GMAX         NAME    NUMBER
   3650      -1.9756E+05     7.2897E-01     1.2974E+02     O       11952

 BOND    =    39338.4575  ANGLE   =      338.0829  DIHED      =      955.2135
 VDWAALS =    47607.1144  EEL     =  -295406.1599  HBOND      =        0.0000
 1-4 VDW =      719.6813  1-4 EEL =     8885.2050  RESTRAINT  =        7.3272
 EAMBER  =  -197562.4052


   NSTEP       ENERGY          RMS            GMAX         NAME    NUMBER
   3700      -1.9755E+05     7.2411E-01     1.2887E+02     O       11952

 BOND    =    39338.5090  ANGLE   =      338.0829  DIHED      =      955.2137
 VDWAALS =    47607.0028  EEL     =  -295400.3240  HBOND      =        0.0000
 1-4 VDW =      719.6813  1-4 EEL =     8885.2050  RESTRAINT  =        7.3272
 EAMBER  =  -197556.6293


   NSTEP       ENERGY          RMS            GMAX         NAME    NUMBER
   3750      -1.9754E+05     7.1923E-01     1.2800E+02     O       11952

 BOND    =    39338.5604  ANGLE   =      338.0830  DIHED      =      955.2136
 VDWAALS =    47606.8911  EEL     =  -295394.4550  HBOND      =        0.0000
 1-4 VDW =      719.6813  1-4 EEL =     8885.2049  RESTRAINT  =        7.3272
 EAMBER  =  -197550.8207


   NSTEP       ENERGY          RMS            GMAX         NAME    NUMBER
   3800      -1.9754E+05     7.1437E-01     1.2712E+02     O       11952

 BOND    =    39338.6119  ANGLE   =      338.0830  DIHED      =      955.2137
 VDWAALS =    47606.7799  EEL     =  -295388.5888  HBOND      =        0.0000
 1-4 VDW =      719.6812  1-4 EEL =     8885.2048  RESTRAINT  =        7.3272
 EAMBER  =  -197545.0143


   NSTEP       ENERGY          RMS            GMAX         NAME    NUMBER
   3850      -1.9753E+05     7.0949E-01     1.2624E+02     O       11952

 BOND    =    39338.6633  ANGLE   =      338.0831  DIHED      =      955.2136
 VDWAALS =    47606.6675  EEL     =  -295382.7576  HBOND      =        0.0000
 1-4 VDW =      719.6812  1-4 EEL =     8885.2047  RESTRAINT  =        7.3272
 EAMBER  =  -197539.2441


   NSTEP       ENERGY          RMS            GMAX         NAME    NUMBER
   3900      -1.9753E+05     7.0463E-01     1.2537E+02     O       11952

 BOND    =    39338.7147  ANGLE   =      338.0831  DIHED      =      955.2136
 VDWAALS =    47606.5561  EEL     =  -295376.9455  HBOND      =        0.0000
 1-4 VDW =      719.6812  1-4 EEL =     8885.2047  RESTRAINT  =        7.3272
 EAMBER  =  -197533.4921


   NSTEP       ENERGY          RMS            GMAX         NAME    NUMBER
   3950      -1.9752E+05     6.9976E-01     1.2450E+02     O       11952

 BOND    =    39338.7662  ANGLE   =      338.0831  DIHED      =      955.2136
 VDWAALS =    47606.4447  EEL     =  -295371.0873  HBOND      =        0.0000
 1-4 VDW =      719.6811  1-4 EEL =     8885.2046  RESTRAINT  =        7.3273
 EAMBER  =  -197527.6939


   NSTEP       ENERGY          RMS            GMAX         NAME    NUMBER
   4000      -1.9751E+05     6.9488E-01     1.2362E+02     O       11952

 BOND    =    39338.8176  ANGLE   =      338.0832  DIHED      =      955.2136
 VDWAALS =    47606.3328  EEL     =  -295365.2649  HBOND      =        0.0000
 1-4 VDW =      719.6811  1-4 EEL =     8885.2046  RESTRAINT  =        7.3273
 EAMBER  =  -197521.9321


   NSTEP       ENERGY          RMS            GMAX         NAME    NUMBER
   4050      -1.9751E+05     6.9004E-01     1.2275E+02     O       11952

 BOND    =    39338.8690  ANGLE   =      338.0832  DIHED      =      955.2136
 VDWAALS =    47606.2224  EEL     =  -295359.4448  HBOND      =        0.0000
 1-4 VDW =      719.6810  1-4 EEL =     8885.2045  RESTRAINT  =        7.3273
 EAMBER  =  -197516.1711


   NSTEP       ENERGY          RMS            GMAX         NAME    NUMBER
   4100      -1.9750E+05     6.8518E-01     1.2188E+02     O       11952

 BOND    =    39338.9203  ANGLE   =      338.0833  DIHED      =      955.2136
 VDWAALS =    47606.1107  EEL     =  -295353.6689  HBOND      =        0.0000
 1-4 VDW =      719.6810  1-4 EEL =     8885.2045  RESTRAINT  =        7.3273
 EAMBER  =  -197510.4555


   NSTEP       ENERGY          RMS            GMAX         NAME    NUMBER
   4150      -1.9750E+05     6.8032E-01     1.2100E+02     O       11952

 BOND    =    39338.9717  ANGLE   =      338.0833  DIHED      =      955.2137
 VDWAALS =    47605.9994  EEL     =  -295347.8409  HBOND      =        0.0000
 1-4 VDW =      719.6809  1-4 EEL =     8885.2044  RESTRAINT  =        7.3273
 EAMBER  =  -197504.6875


   NSTEP       ENERGY          RMS            GMAX         NAME    NUMBER
   4200      -1.9749E+05     6.7547E-01     1.2013E+02     O       11952

 BOND    =    39339.0231  ANGLE   =      338.0833  DIHED      =      955.2136
 VDWAALS =    47605.8882  EEL     =  -295342.0545  HBOND      =        0.0000
 1-4 VDW =      719.6809  1-4 EEL =     8885.2044  RESTRAINT  =        7.3273
 EAMBER  =  -197498.9610


   NSTEP       ENERGY          RMS            GMAX         NAME    NUMBER
   4250      -1.9749E+05     6.7062E-01     1.1926E+02     O       11952

 BOND    =    39339.0744  ANGLE   =      338.0834  DIHED      =      955.2136
 VDWAALS =    47605.7767  EEL     =  -295336.2761  HBOND      =        0.0000
 1-4 VDW =      719.6809  1-4 EEL =     8885.2043  RESTRAINT  =        7.3274
 EAMBER  =  -197493.2428


   NSTEP       ENERGY          RMS            GMAX         NAME    NUMBER
   4300      -1.9748E+05     6.6577E-01     1.1839E+02     O       11952

 BOND    =    39339.1258  ANGLE   =      338.0834  DIHED      =      955.2138
 VDWAALS =    47605.6658  EEL     =  -295330.4814  HBOND      =        0.0000
 1-4 VDW =      719.6808  1-4 EEL =     8885.2041  RESTRAINT  =        7.3274
 EAMBER  =  -197487.5075


   NSTEP       ENERGY          RMS            GMAX         NAME    NUMBER
   4350      -1.9747E+05     6.6093E-01     1.1752E+02     O       11952

 BOND    =    39339.1771  ANGLE   =      338.0835  DIHED      =      955.2138
 VDWAALS =    47605.5547  EEL     =  -295324.7475  HBOND      =        0.0000
 1-4 VDW =      719.6808  1-4 EEL =     8885.2041  RESTRAINT  =        7.3274
 EAMBER  =  -197481.8335


   NSTEP       ENERGY          RMS            GMAX         NAME    NUMBER
   4400      -1.9747E+05     6.5608E-01     1.1665E+02     O       11952

 BOND    =    39339.2284  ANGLE   =      338.0835  DIHED      =      955.2138
 VDWAALS =    47605.4440  EEL     =  -295318.9463  HBOND      =        0.0000
 1-4 VDW =      719.6807  1-4 EEL =     8885.2041  RESTRAINT  =        7.3274
 EAMBER  =  -197476.0918


   NSTEP       ENERGY          RMS            GMAX         NAME    NUMBER
   4450      -1.9746E+05     6.5121E-01     1.1577E+02     O       11952

 BOND    =    39339.2797  ANGLE   =      338.0836  DIHED      =      955.2137
 VDWAALS =    47605.3327  EEL     =  -295313.1654  HBOND      =        0.0000
 1-4 VDW =      719.6807  1-4 EEL =     8885.2040  RESTRAINT  =        7.3274
 EAMBER  =  -197470.3711


   NSTEP       ENERGY          RMS            GMAX         NAME    NUMBER
   4500      -1.9746E+05     6.4638E-01     1.1490E+02     O       11952

 BOND    =    39339.3310  ANGLE   =      338.0836  DIHED      =      955.2138
 VDWAALS =    47605.2222  EEL     =  -295307.4195  HBOND      =        0.0000
 1-4 VDW =      719.6807  1-4 EEL =     8885.2039  RESTRAINT  =        7.3274
 EAMBER  =  -197464.6844


   NSTEP       ENERGY          RMS            GMAX         NAME    NUMBER
   4550      -1.9745E+05     6.4157E-01     1.1403E+02     O       11952

 BOND    =    39339.3823  ANGLE   =      338.0837  DIHED      =      955.2138
 VDWAALS =    47605.1122  EEL     =  -295301.6838  HBOND      =        0.0000
 1-4 VDW =      719.6806  1-4 EEL =     8885.2038  RESTRAINT  =        7.3274
 EAMBER  =  -197459.0076


   NSTEP       ENERGY          RMS            GMAX         NAME    NUMBER
   4600      -1.9745E+05     6.3672E-01     1.1316E+02     O       11952

 BOND    =    39339.4335  ANGLE   =      338.0837  DIHED      =      955.2139
 VDWAALS =    47605.0012  EEL     =  -295295.9317  HBOND      =        0.0000
 1-4 VDW =      719.6805  1-4 EEL =     8885.2038  RESTRAINT  =        7.3275
 EAMBER  =  -197453.3151


   NSTEP       ENERGY          RMS            GMAX         NAME    NUMBER
   4650      -1.9744E+05     6.3190E-01     1.1229E+02     O       11952

 BOND    =    39339.4848  ANGLE   =      338.0837  DIHED      =      955.2139
 VDWAALS =    47604.8906  EEL     =  -295290.2164  HBOND      =        0.0000
 1-4 VDW =      719.6805  1-4 EEL =     8885.2037  RESTRAINT  =        7.3275
 EAMBER  =  -197447.6592


   NSTEP       ENERGY          RMS            GMAX         NAME    NUMBER
   4700      -1.9743E+05     6.2708E-01     1.1143E+02     O       11952

 BOND    =    39339.5360  ANGLE   =      338.0838  DIHED      =      955.2138
 VDWAALS =    47604.7803  EEL     =  -295284.5140  HBOND      =        0.0000
 1-4 VDW =      719.6805  1-4 EEL =     8885.2037  RESTRAINT  =        7.3275
 EAMBER  =  -197442.0160


   NSTEP       ENERGY          RMS            GMAX         NAME    NUMBER
   4750      -1.9743E+05     6.2224E-01     1.1056E+02     O       11952

 BOND    =    39339.5872  ANGLE   =      338.0838  DIHED      =      955.2139
 VDWAALS =    47604.6699  EEL     =  -295278.7711  HBOND      =        0.0000
 1-4 VDW =      719.6804  1-4 EEL =     8885.2036  RESTRAINT  =        7.3275
 EAMBER  =  -197436.3322


   NSTEP       ENERGY          RMS            GMAX         NAME    NUMBER
   4800      -1.9742E+05     6.1741E-01     1.0969E+02     O       11952

 BOND    =    39339.6384  ANGLE   =      338.0839  DIHED      =      955.2138
 VDWAALS =    47604.5592  EEL     =  -295273.0869  HBOND      =        0.0000
 1-4 VDW =      719.6804  1-4 EEL =     8885.2035  RESTRAINT  =        7.3275
 EAMBER  =  -197430.7077


   NSTEP       ENERGY          RMS            GMAX         NAME    NUMBER
   4850      -1.9742E+05     6.1257E-01     1.0881E+02     O       11952

 BOND    =    39339.6896  ANGLE   =      338.0839  DIHED      =      955.2139
 VDWAALS =    47604.4486  EEL     =  -295267.3540  HBOND      =        0.0000
 1-4 VDW =      719.6804  1-4 EEL =     8885.2034  RESTRAINT  =        7.3275
 EAMBER  =  -197425.0342


   NSTEP       ENERGY          RMS            GMAX         NAME    NUMBER
   4900      -1.9741E+05     6.0776E-01     1.0795E+02     O       11952

 BOND    =    39339.7408  ANGLE   =      338.0840  DIHED      =      955.2138
 VDWAALS =    47604.3384  EEL     =  -295261.6768  HBOND      =        0.0000
 1-4 VDW =      719.6803  1-4 EEL =     8885.2033  RESTRAINT  =        7.3276
 EAMBER  =  -197419.4162


   NSTEP       ENERGY          RMS            GMAX         NAME    NUMBER
   4950      -1.9741E+05     6.0295E-01     1.0708E+02     O       11952

 BOND    =    39339.7920  ANGLE   =      338.0840  DIHED      =      955.2139
 VDWAALS =    47604.2284  EEL     =  -295255.9846  HBOND      =        0.0000
 1-4 VDW =      719.6803  1-4 EEL =     8885.2033  RESTRAINT  =        7.3276
 EAMBER  =  -197413.7828


   NSTEP       ENERGY          RMS            GMAX         NAME    NUMBER
   5000      -1.9740E+05     5.9813E-01     1.0621E+02     O       11952

 BOND    =    39339.8431  ANGLE   =      338.0841  DIHED      =      955.2139
 VDWAALS =    47604.1179  EEL     =  -295250.3115  HBOND      =        0.0000
 1-4 VDW =      719.6802  1-4 EEL =     8885.2031  RESTRAINT  =        7.3276
 EAMBER  =  -197408.1692


   NSTEP       ENERGY          RMS            GMAX         NAME    NUMBER
   5050      -1.9740E+05     5.9331E-01     1.0535E+02     O       11952

 BOND    =    39339.8943  ANGLE   =      338.0841  DIHED      =      955.2138
 VDWAALS =    47604.0082  EEL     =  -295244.6069  HBOND      =        0.0000
 1-4 VDW =      719.6802  1-4 EEL =     8885.2031  RESTRAINT  =        7.3276
 EAMBER  =  -197402.5233


   NSTEP       ENERGY          RMS            GMAX         NAME    NUMBER
   5100      -1.9739E+05     5.8850E-01     1.0448E+02     O       11952

 BOND    =    39339.9454  ANGLE   =      338.0842  DIHED      =      955.2139
 VDWAALS =    47603.8985  EEL     =  -295238.9457  HBOND      =        0.0000
 1-4 VDW =      719.6801  1-4 EEL =     8885.2029  RESTRAINT  =        7.3276
 EAMBER  =  -197396.9207


   NSTEP       ENERGY          RMS            GMAX         NAME    NUMBER
   5150      -1.9738E+05     5.8371E-01     1.0362E+02     O       11952

 BOND    =    39339.9965  ANGLE   =      338.0842  DIHED      =      955.2139
 VDWAALS =    47603.7889  EEL     =  -295233.2872  HBOND      =        0.0000
 1-4 VDW =      719.6801  1-4 EEL =     8885.2029  RESTRAINT  =        7.3276
 EAMBER  =  -197391.3207


   NSTEP       ENERGY          RMS            GMAX         NAME    NUMBER
   5200      -1.9738E+05     5.7890E-01     1.0275E+02     O       11952

 BOND    =    39340.0476  ANGLE   =      338.0843  DIHED      =      955.2138
 VDWAALS =    47603.6785  EEL     =  -295227.6659  HBOND      =        0.0000
 1-4 VDW =      719.6800  1-4 EEL =     8885.2028  RESTRAINT  =        7.3277
 EAMBER  =  -197385.7589


   NSTEP       ENERGY          RMS            GMAX         NAME    NUMBER
   5250      -1.9737E+05     5.7409E-01     1.0188E+02     O       11952

 BOND    =    39340.0987  ANGLE   =      338.0843  DIHED      =      955.2139
 VDWAALS =    47603.5686  EEL     =  -295221.9954  HBOND      =        0.0000
 1-4 VDW =      719.6800  1-4 EEL =     8885.2027  RESTRAINT  =        7.3277
 EAMBER  =  -197380.1472


   NSTEP       ENERGY          RMS            GMAX         NAME    NUMBER
   5300      -1.9737E+05     5.6930E-01     1.0102E+02     O       11952

 BOND    =    39340.1497  ANGLE   =      338.0844  DIHED      =      955.2139
 VDWAALS =    47603.4589  EEL     =  -295216.3953  HBOND      =        0.0000
 1-4 VDW =      719.6799  1-4 EEL =     8885.2026  RESTRAINT  =        7.3277
 EAMBER  =  -197374.6058


   NSTEP       ENERGY          RMS            GMAX         NAME    NUMBER
   5350      -1.9736E+05     5.6451E-01     1.0015E+02     O       11952

 BOND    =    39340.2008  ANGLE   =      338.0844  DIHED      =      955.2140
 VDWAALS =    47603.3495  EEL     =  -295210.7465  HBOND      =        0.0000
 1-4 VDW =      719.6798  1-4 EEL =     8885.2025  RESTRAINT  =        7.3277
 EAMBER  =  -197369.0155


   NSTEP       ENERGY          RMS            GMAX         NAME    NUMBER
   5400      -1.9736E+05     5.5972E-01     9.9291E+01     O       11952

 BOND    =    39340.2518  ANGLE   =      338.0845  DIHED      =      955.2139
 VDWAALS =    47603.2404  EEL     =  -295205.1234  HBOND      =        0.0000
 1-4 VDW =      719.6798  1-4 EEL =     8885.2025  RESTRAINT  =        7.3277
 EAMBER  =  -197363.4505


   NSTEP       ENERGY          RMS            GMAX         NAME    NUMBER
   5450      -1.9735E+05     5.5492E-01     9.8423E+01     O       11952

 BOND    =    39340.3028  ANGLE   =      338.0845  DIHED      =      955.2138
 VDWAALS =    47603.1305  EEL     =  -295199.5077  HBOND      =        0.0000
 1-4 VDW =      719.6798  1-4 EEL =     8885.2024  RESTRAINT  =        7.3277
 EAMBER  =  -197357.8939


   NSTEP       ENERGY          RMS            GMAX         NAME    NUMBER
   5500      -1.9735E+05     5.5014E-01     9.7561E+01     O       11952

 BOND    =    39340.3538  ANGLE   =      338.0846  DIHED      =      955.2139
 VDWAALS =    47603.0213  EEL     =  -295193.9042  HBOND      =        0.0000
 1-4 VDW =      719.6797  1-4 EEL =     8885.2024  RESTRAINT  =        7.3278
 EAMBER  =  -197352.3486


   NSTEP       ENERGY          RMS            GMAX         NAME    NUMBER
   5550      -1.9734E+05     5.4533E-01     9.6692E+01     O       11952

 BOND    =    39340.4048  ANGLE   =      338.0846  DIHED      =      955.2139
 VDWAALS =    47602.9113  EEL     =  -295188.2818  HBOND      =        0.0000
 1-4 VDW =      719.6796  1-4 EEL =     8885.2022  RESTRAINT  =        7.3278
 EAMBER  =  -197346.7853


   NSTEP       ENERGY          RMS            GMAX         NAME    NUMBER
   5600      -1.9733E+05     5.4056E-01     9.5830E+01     O       11952

 BOND    =    39340.4558  ANGLE   =      338.0847  DIHED      =      955.2139
 VDWAALS =    47602.8020  EEL     =  -295182.7119  HBOND      =        0.0000
 1-4 VDW =      719.6796  1-4 EEL =     8885.2021  RESTRAINT  =        7.3278
 EAMBER  =  -197341.2739


   NSTEP       ENERGY          RMS            GMAX         NAME    NUMBER
   5650      -1.9733E+05     5.3577E-01     9.4965E+01     O       11952

 BOND    =    39340.5067  ANGLE   =      338.0847  DIHED      =      955.2139
 VDWAALS =    47602.6929  EEL     =  -295177.0951  HBOND      =        0.0000
 1-4 VDW =      719.6795  1-4 EEL =     8885.2020  RESTRAINT  =        7.3278
 EAMBER  =  -197335.7153


   NSTEP       ENERGY          RMS            GMAX         NAME    NUMBER
   5700      -1.9732E+05     5.3101E-01     9.4107E+01     O       11952

 BOND    =    39340.5576  ANGLE   =      338.0848  DIHED      =      955.2139
 VDWAALS =    47602.5844  EEL     =  -295171.5289  HBOND      =        0.0000
 1-4 VDW =      719.6795  1-4 EEL =     8885.2019  RESTRAINT  =        7.3278
 EAMBER  =  -197330.2068


   NSTEP       ENERGY          RMS            GMAX         NAME    NUMBER
   5750      -1.9732E+05     5.2624E-01     9.3242E+01     O       11952

 BOND    =    39340.6085  ANGLE   =      338.0848  DIHED      =      955.2139
 VDWAALS =    47602.4753  EEL     =  -295165.9546  HBOND      =        0.0000
 1-4 VDW =      719.6794  1-4 EEL =     8885.2018  RESTRAINT  =        7.3278
 EAMBER  =  -197324.6908


   NSTEP       ENERGY          RMS            GMAX         NAME    NUMBER
   5800      -1.9731E+05     5.2146E-01     9.2380E+01     O       11952

 BOND    =    39340.6594  ANGLE   =      338.0849  DIHED      =      955.2140
 VDWAALS =    47602.3659  EEL     =  -295160.3807  HBOND      =        0.0000
 1-4 VDW =      719.6794  1-4 EEL =     8885.2018  RESTRAINT  =        7.3279
 EAMBER  =  -197319.1753


   NSTEP       ENERGY          RMS            GMAX         NAME    NUMBER
   5850      -1.9731E+05     5.1668E-01     9.1514E+01     O       11952

 BOND    =    39340.7102  ANGLE   =      338.0849  DIHED      =      955.2140
 VDWAALS =    47602.2564  EEL     =  -295154.8312  HBOND      =        0.0000
 1-4 VDW =      719.6793  1-4 EEL =     8885.2017  RESTRAINT  =        7.3279
 EAMBER  =  -197313.6846


   NSTEP       ENERGY          RMS            GMAX         NAME    NUMBER
   5900      -1.9730E+05     5.1194E-01     9.0658E+01     O       11952

 BOND    =    39340.7611  ANGLE   =      338.0850  DIHED      =      955.2139
 VDWAALS =    47602.1484  EEL     =  -295149.2718  HBOND      =        0.0000
 1-4 VDW =      719.6792  1-4 EEL =     8885.2016  RESTRAINT  =        7.3279
 EAMBER  =  -197308.1826


   NSTEP       ENERGY          RMS            GMAX         NAME    NUMBER
   5950      -1.9730E+05     5.0718E-01     8.9796E+01     O       11952

 BOND    =    39340.8119  ANGLE   =      338.0851  DIHED      =      955.2141
 VDWAALS =    47602.0399  EEL     =  -295143.7243  HBOND      =        0.0000
 1-4 VDW =      719.6792  1-4 EEL =     8885.2015  RESTRAINT  =        7.3279
 EAMBER  =  -197302.6927


   NSTEP       ENERGY          RMS            GMAX         NAME    NUMBER
   6000      -1.9729E+05     5.0243E-01     8.8941E+01     O       11952

 BOND    =    39340.8627  ANGLE   =      338.0851  DIHED      =      955.2141
 VDWAALS =    47601.9310  EEL     =  -295138.2061  HBOND      =        0.0000
 1-4 VDW =      719.6791  1-4 EEL =     8885.2014  RESTRAINT  =        7.3279
 EAMBER  =  -197297.2326


   NSTEP       ENERGY          RMS            GMAX         NAME    NUMBER
   6050      -1.9728E+05     4.9767E-01     8.8078E+01     O       11952

 BOND    =    39340.9135  ANGLE   =      338.0852  DIHED      =      955.2140
 VDWAALS =    47601.8223  EEL     =  -295132.6754  HBOND      =        0.0000
 1-4 VDW =      719.6791  1-4 EEL =     8885.2013  RESTRAINT  =        7.3280
 EAMBER  =  -197291.7599


   NSTEP       ENERGY          RMS            GMAX         NAME    NUMBER
   6100      -1.9728E+05     4.9294E-01     8.7219E+01     O       11952

 BOND    =    39340.9642  ANGLE   =      338.0852  DIHED      =      955.2140
 VDWAALS =    47601.7147  EEL     =  -295127.1584  HBOND      =        0.0000
 1-4 VDW =      719.6790  1-4 EEL =     8885.2012  RESTRAINT  =        7.3280
 EAMBER  =  -197286.3001

     .... RESTARTED DUE TO LINMIN FAILURE ...


   NSTEP       ENERGY          RMS            GMAX         NAME    NUMBER
   6150      -1.9727E+05     4.8820E-01     8.6362E+01     O       11952

 BOND    =    39341.0150  ANGLE   =      338.0853  DIHED      =      955.2140
 VDWAALS =    47601.6062  EEL     =  -295121.6486  HBOND      =        0.0000
 1-4 VDW =      719.6790  1-4 EEL =     8885.2011  RESTRAINT  =        7.3280
 EAMBER  =  -197280.8481


   NSTEP       ENERGY          RMS            GMAX         NAME    NUMBER
   6200      -1.9727E+05     4.8344E-01     8.5499E+01     O       11952

 BOND    =    39341.0657  ANGLE   =      338.0853  DIHED      =      955.2143
 VDWAALS =    47601.4978  EEL     =  -295116.1193  HBOND      =        0.0000
 1-4 VDW =      719.6789  1-4 EEL =     8885.2010  RESTRAINT  =        7.3280
 EAMBER  =  -197275.3763


   NSTEP       ENERGY          RMS            GMAX         NAME    NUMBER
   6250      -1.9726E+05     4.7870E-01     8.4644E+01     O       11952

 BOND    =    39341.1163  ANGLE   =      338.0854  DIHED      =      955.2142
 VDWAALS =    47601.3900  EEL     =  -295110.6049  HBOND      =        0.0000
 1-4 VDW =      719.6789  1-4 EEL =     8885.2009  RESTRAINT  =        7.3280
 EAMBER  =  -197269.9192


   NSTEP       ENERGY          RMS            GMAX         NAME    NUMBER
   6300      -1.9726E+05     4.7396E-01     8.3781E+01     O       11952

 BOND    =    39341.1670  ANGLE   =      338.0855  DIHED      =      955.2141
 VDWAALS =    47601.2815  EEL     =  -295105.1269  HBOND      =        0.0000
 1-4 VDW =      719.6788  1-4 EEL =     8885.2008  RESTRAINT  =        7.3281
 EAMBER  =  -197264.4992


   NSTEP       ENERGY          RMS            GMAX         NAME    NUMBER
   6350      -1.9725E+05     4.6924E-01     8.2930E+01     O       11952

 BOND    =    39341.2176  ANGLE   =      338.0855  DIHED      =      955.2142
 VDWAALS =    47601.1734  EEL     =  -295099.6548  HBOND      =        0.0000
 1-4 VDW =      719.6787  1-4 EEL =     8885.2007  RESTRAINT  =        7.3281
 EAMBER  =  -197259.0846


   NSTEP       ENERGY          RMS            GMAX         NAME    NUMBER
   6400      -1.9725E+05     4.6452E-01     8.2071E+01     O       11952

 BOND    =    39341.2682  ANGLE   =      338.0856  DIHED      =      955.2142
 VDWAALS =    47601.0656  EEL     =  -295094.1839  HBOND      =        0.0000
 1-4 VDW =      719.6787  1-4 EEL =     8885.2006  RESTRAINT  =        7.3281
 EAMBER  =  -197253.6710


   NSTEP       ENERGY          RMS            GMAX         NAME    NUMBER
   6450      -1.9724E+05     4.5981E-01     8.1213E+01     O       11952

 BOND    =    39341.3188  ANGLE   =      338.0856  DIHED      =      955.2142
 VDWAALS =    47600.9582  EEL     =  -295088.7169  HBOND      =        0.0000
 1-4 VDW =      719.6786  1-4 EEL =     8885.2006  RESTRAINT  =        7.3281
 EAMBER  =  -197248.2608


   NSTEP       ENERGY          RMS            GMAX         NAME    NUMBER
   6500      -1.9724E+05     4.5509E-01     8.0358E+01     O       11952

 BOND    =    39341.3694  ANGLE   =      338.0857  DIHED      =      955.2143
 VDWAALS =    47600.8500  EEL     =  -295083.2572  HBOND      =        0.0000
 1-4 VDW =      719.6786  1-4 EEL =     8885.2004  RESTRAINT  =        7.3281
 EAMBER  =  -197242.8588


   NSTEP       ENERGY          RMS            GMAX         NAME    NUMBER
   6550      -1.9723E+05     4.5038E-01     7.9505E+01     O       11952

 BOND    =    39341.4199  ANGLE   =      338.0858  DIHED      =      955.2143
 VDWAALS =    47600.7425  EEL     =  -295077.7961  HBOND      =        0.0000
 1-4 VDW =      719.6785  1-4 EEL =     8885.2003  RESTRAINT  =        7.3282
 EAMBER  =  -197237.4549


   NSTEP       ENERGY          RMS            GMAX         NAME    NUMBER
   6600      -1.9722E+05     4.4567E-01     7.8647E+01     O       11952

 BOND    =    39341.4704  ANGLE   =      338.0858  DIHED      =      955.2143
 VDWAALS =    47600.6346  EEL     =  -295072.3372  HBOND      =        0.0000
 1-4 VDW =      719.6784  1-4 EEL =     8885.2001  RESTRAINT  =        7.3282
 EAMBER  =  -197232.0536


   NSTEP       ENERGY          RMS            GMAX         NAME    NUMBER
   6650      -1.9722E+05     4.4097E-01     7.7794E+01     O       11952

 BOND    =    39341.5209  ANGLE   =      338.0859  DIHED      =      955.2142
 VDWAALS =    47600.5269  EEL     =  -295066.9192  HBOND      =        0.0000
 1-4 VDW =      719.6784  1-4 EEL =     8885.2001  RESTRAINT  =        7.3282
 EAMBER  =  -197226.6929


   NSTEP       ENERGY          RMS            GMAX         NAME    NUMBER
   6700      -1.9721E+05     4.3626E-01     7.6936E+01     O       11952

 BOND    =    39341.5713  ANGLE   =      338.0860  DIHED      =      955.2143
 VDWAALS =    47600.4193  EEL     =  -295061.4696  HBOND      =        0.0000
 1-4 VDW =      719.6783  1-4 EEL =     8885.2000  RESTRAINT  =        7.3282
 EAMBER  =  -197221.3004


   NSTEP       ENERGY          RMS            GMAX         NAME    NUMBER
   6750      -1.9721E+05     4.3155E-01     7.6082E+01     O       11952

 BOND    =    39341.6217  ANGLE   =      338.0860  DIHED      =      955.2143
 VDWAALS =    47600.3111  EEL     =  -295056.0522  HBOND      =        0.0000
 1-4 VDW =      719.6782  1-4 EEL =     8885.1999  RESTRAINT  =        7.3282
 EAMBER  =  -197215.9409


   NSTEP       ENERGY          RMS            GMAX         NAME    NUMBER
   6800      -1.9720E+05     4.2690E-01     7.5235E+01     O       11952

 BOND    =    39341.6721  ANGLE   =      338.0861  DIHED      =      955.2144
 VDWAALS =    47600.2050  EEL     =  -295050.6471  HBOND      =        0.0000
 1-4 VDW =      719.6782  1-4 EEL =     8885.1998  RESTRAINT  =        7.3283
 EAMBER  =  -197210.5915


   NSTEP       ENERGY          RMS            GMAX         NAME    NUMBER
   6850      -1.9720E+05     4.2219E-01     7.4378E+01     O       11952

 BOND    =    39341.7224  ANGLE   =      338.0862  DIHED      =      955.2143
 VDWAALS =    47600.0975  EEL     =  -295045.2303  HBOND      =        0.0000
 1-4 VDW =      719.6781  1-4 EEL =     8885.1996  RESTRAINT  =        7.3283
 EAMBER  =  -197205.2321


   NSTEP       ENERGY          RMS            GMAX         NAME    NUMBER
   6900      -1.9719E+05     4.1753E-01     7.3528E+01     O       11952

 BOND    =    39341.7727  ANGLE   =      338.0862  DIHED      =      955.2143
 VDWAALS =    47599.9908  EEL     =  -295039.8440  HBOND      =        0.0000
 1-4 VDW =      719.6780  1-4 EEL =     8885.1995  RESTRAINT  =        7.3283
 EAMBER  =  -197199.9024


   NSTEP       ENERGY          RMS            GMAX         NAME    NUMBER
   6950      -1.9719E+05     4.1284E-01     7.2676E+01     O       11952

 BOND    =    39341.8230  ANGLE   =      338.0863  DIHED      =      955.2144
 VDWAALS =    47599.8832  EEL     =  -295034.4501  HBOND      =        0.0000
 1-4 VDW =      719.6780  1-4 EEL =     8885.1994  RESTRAINT  =        7.3283
 EAMBER  =  -197194.5658


   NSTEP       ENERGY          RMS            GMAX         NAME    NUMBER
   7000      -1.9718E+05     4.0818E-01     7.1825E+01     O       11952

 BOND    =    39341.8733  ANGLE   =      338.0864  DIHED      =      955.2143
 VDWAALS =    47599.7772  EEL     =  -295029.0303  HBOND      =        0.0000
 1-4 VDW =      719.6779  1-4 EEL =     8885.1993  RESTRAINT  =        7.3283
 EAMBER  =  -197189.2019


   NSTEP       ENERGY          RMS            GMAX         NAME    NUMBER
   7050      -1.9718E+05     4.0351E-01     7.0973E+01     O       11952

 BOND    =    39341.9235  ANGLE   =      338.0864  DIHED      =      955.2144
 VDWAALS =    47599.6697  EEL     =  -295023.6948  HBOND      =        0.0000
 1-4 VDW =      719.6778  1-4 EEL =     8885.1992  RESTRAINT  =        7.3284
 EAMBER  =  -197183.9238


   NSTEP       ENERGY          RMS            GMAX         NAME    NUMBER
   7100      -1.9717E+05     3.9886E-01     7.0126E+01     O       11952

 BOND    =    39341.9736  ANGLE   =      338.0865  DIHED      =      955.2144
 VDWAALS =    47599.5635  EEL     =  -295018.3256  HBOND      =        0.0000
 1-4 VDW =      719.6778  1-4 EEL =     8885.1990  RESTRAINT  =        7.3284
 EAMBER  =  -197178.6108


   NSTEP       ENERGY          RMS            GMAX         NAME    NUMBER
   7150      -1.9717E+05     3.9421E-01     6.9278E+01     O       11952

 BOND    =    39342.0238  ANGLE   =      338.0866  DIHED      =      955.2145
 VDWAALS =    47599.4570  EEL     =  -295012.9696  HBOND      =        0.0000
 1-4 VDW =      719.6777  1-4 EEL =     8885.1990  RESTRAINT  =        7.3284
 EAMBER  =  -197173.3111


   NSTEP       ENERGY          RMS            GMAX         NAME    NUMBER
   7200      -1.9716E+05     3.8955E-01     6.8426E+01     O       11952

 BOND    =    39342.0738  ANGLE   =      338.0867  DIHED      =      955.2144
 VDWAALS =    47599.3506  EEL     =  -295007.5856  HBOND      =        0.0000
 1-4 VDW =      719.6776  1-4 EEL =     8885.1988  RESTRAINT  =        7.3284
 EAMBER  =  -197167.9837


   NSTEP       ENERGY          RMS            GMAX         NAME    NUMBER
   7250      -1.9716E+05     3.8492E-01     6.7583E+01     O       11952

 BOND    =    39342.1239  ANGLE   =      338.0867  DIHED      =      955.2145
 VDWAALS =    47599.2441  EEL     =  -295002.2925  HBOND      =        0.0000
 1-4 VDW =      719.6775  1-4 EEL =     8885.1987  RESTRAINT  =        7.3284
 EAMBER  =  -197162.7471


   NSTEP       ENERGY          RMS            GMAX         NAME    NUMBER
   7300      -1.9715E+05     3.8029E-01     6.6733E+01     O       11952

 BOND    =    39342.1739  ANGLE   =      338.0868  DIHED      =      955.2146
 VDWAALS =    47599.1382  EEL     =  -294996.9448  HBOND      =        0.0000
 1-4 VDW =      719.6775  1-4 EEL =     8885.1986  RESTRAINT  =        7.3285
 EAMBER  =  -197157.4552


   NSTEP       ENERGY          RMS            GMAX         NAME    NUMBER
   7350      -1.9714E+05     3.7567E-01     6.5889E+01     O       11952

 BOND    =    39342.2239  ANGLE   =      338.0869  DIHED      =      955.2146
 VDWAALS =    47599.0324  EEL     =  -294991.6050  HBOND      =        0.0000
 1-4 VDW =      719.6774  1-4 EEL =     8885.1985  RESTRAINT  =        7.3285
 EAMBER  =  -197152.1714


   NSTEP       ENERGY          RMS            GMAX         NAME    NUMBER
   7400      -1.9714E+05     3.7104E-01     6.5038E+01     O       11952

 BOND    =    39342.2738  ANGLE   =      338.0870  DIHED      =      955.2145
 VDWAALS =    47598.9260  EEL     =  -294986.2936  HBOND      =        0.0000
 1-4 VDW =      719.6773  1-4 EEL =     8885.1983  RESTRAINT  =        7.3285
 EAMBER  =  -197146.9167


   NSTEP       ENERGY          RMS            GMAX         NAME    NUMBER
   7450      -1.9713E+05     3.6643E-01     6.4198E+01     O       11952

 BOND    =    39342.3237  ANGLE   =      338.0870  DIHED      =      955.2146
 VDWAALS =    47598.8201  EEL     =  -294980.9746  HBOND      =        0.0000
 1-4 VDW =      719.6772  1-4 EEL =     8885.1982  RESTRAINT  =        7.3285
 EAMBER  =  -197141.6538


   NSTEP       ENERGY          RMS            GMAX         NAME    NUMBER
   7500      -1.9713E+05     3.6182E-01     6.3350E+01     O       11952

 BOND    =    39342.3735  ANGLE   =      338.0871  DIHED      =      955.2145
 VDWAALS =    47598.7146  EEL     =  -294975.6842  HBOND      =        0.0000
 1-4 VDW =      719.6772  1-4 EEL =     8885.1981  RESTRAINT  =        7.3286
 EAMBER  =  -197136.4192


   NSTEP       ENERGY          RMS            GMAX         NAME    NUMBER
   7550      -1.9712E+05     3.5722E-01     6.2507E+01     O       11952

 BOND    =    39342.4233  ANGLE   =      338.0872  DIHED      =      955.2147
 VDWAALS =    47598.6092  EEL     =  -294970.3873  HBOND      =        0.0000
 1-4 VDW =      719.6771  1-4 EEL =     8885.1980  RESTRAINT  =        7.3286
 EAMBER  =  -197131.1779


   NSTEP       ENERGY          RMS            GMAX         NAME    NUMBER
   7600      -1.9712E+05     3.5263E-01     6.1663E+01     O       11952

 BOND    =    39342.4730  ANGLE   =      338.0873  DIHED      =      955.2145
 VDWAALS =    47598.5034  EEL     =  -294965.1162  HBOND      =        0.0000
 1-4 VDW =      719.6770  1-4 EEL =     8885.1978  RESTRAINT  =        7.3286
 EAMBER  =  -197125.9632


   NSTEP       ENERGY          RMS            GMAX         NAME    NUMBER
   7650      -1.9711E+05     3.4803E-01     6.0820E+01     O       11952

 BOND    =    39342.5227  ANGLE   =      338.0874  DIHED      =      955.2147
 VDWAALS =    47598.3980  EEL     =  -294959.8259  HBOND      =        0.0000
 1-4 VDW =      719.6769  1-4 EEL =     8885.1977  RESTRAINT  =        7.3286
 EAMBER  =  -197120.7285


   NSTEP       ENERGY          RMS            GMAX         NAME    NUMBER
   7700      -1.9711E+05     3.4347E-01     5.9981E+01     O       11952

 BOND    =    39342.5723  ANGLE   =      338.0874  DIHED      =      955.2146
 VDWAALS =    47598.2929  EEL     =  -294954.5797  HBOND      =        0.0000
 1-4 VDW =      719.6768  1-4 EEL =     8885.1976  RESTRAINT  =        7.3287
 EAMBER  =  -197115.5381


   NSTEP       ENERGY          RMS            GMAX         NAME    NUMBER
   7750      -1.9710E+05     3.3890E-01     5.9140E+01     O       11952

 BOND    =    39342.6219  ANGLE   =      338.0875  DIHED      =      955.2148
 VDWAALS =    47598.1880  EEL     =  -294949.3240  HBOND      =        0.0000
 1-4 VDW =      719.6767  1-4 EEL =     8885.1974  RESTRAINT  =        7.3287
 EAMBER  =  -197110.3377

     .... RESTARTED DUE TO LINMIN FAILURE ...


   NSTEP       ENERGY          RMS            GMAX         NAME    NUMBER
   7800      -1.9710E+05     3.3435E-01     5.8301E+01     O       11952

 BOND    =    39342.6714  ANGLE   =      338.0876  DIHED      =      955.2147
 VDWAALS =    47598.0831  EEL     =  -294944.0785  HBOND      =        0.0000
 1-4 VDW =      719.6767  1-4 EEL =     8885.1973  RESTRAINT  =        7.3287
 EAMBER  =  -197105.1477

     .... RESTARTED DUE TO LINMIN FAILURE ...


   NSTEP       ENERGY          RMS            GMAX         NAME    NUMBER
   7850      -1.9709E+05     3.2980E-01     5.7461E+01     O       11952

 BOND    =    39342.7209  ANGLE   =      338.0877  DIHED      =      955.2148
 VDWAALS =    47597.9779  EEL     =  -294938.8649  HBOND      =        0.0000
 1-4 VDW =      719.6766  1-4 EEL =     8885.1971  RESTRAINT  =        7.3287
 EAMBER  =  -197099.9900


   NSTEP       ENERGY          RMS            GMAX         NAME    NUMBER
   7900      -1.9709E+05     3.2524E-01     5.6626E+01     O       11952

 BOND    =    39342.7703  ANGLE   =      338.0878  DIHED      =      955.2149
 VDWAALS =    47597.8731  EEL     =  -294933.6038  HBOND      =        0.0000
 1-4 VDW =      719.6765  1-4 EEL =     8885.1969  RESTRAINT  =        7.3288
 EAMBER  =  -197094.7843


   NSTEP       ENERGY          RMS            GMAX         NAME    NUMBER
   7950      -1.9708E+05     3.2070E-01     5.5783E+01     O       11952

 BOND    =    39342.8196  ANGLE   =      338.0879  DIHED      =      955.2148
 VDWAALS =    47597.7686  EEL     =  -294928.3878  HBOND      =        0.0000
 1-4 VDW =      719.6764  1-4 EEL =     8885.1968  RESTRAINT  =        7.3288
 EAMBER  =  -197089.6238


   NSTEP       ENERGY          RMS            GMAX         NAME    NUMBER
   8000      -1.9708E+05     3.1619E-01     5.4949E+01     O       11952

 BOND    =    39342.8689  ANGLE   =      338.0880  DIHED      =      955.2147
 VDWAALS =    47597.6649  EEL     =  -294923.1797  HBOND      =        0.0000
 1-4 VDW =      719.6763  1-4 EEL =     8885.1967  RESTRAINT  =        7.3288
 EAMBER  =  -197084.4703


   NSTEP       ENERGY          RMS            GMAX         NAME    NUMBER
   8050      -1.9707E+05     3.1168E-01     5.4112E+01     O       11952

 BOND    =    39342.9181  ANGLE   =      338.0880  DIHED      =      955.2148
 VDWAALS =    47597.5609  EEL     =  -294917.9913  HBOND      =        0.0000
 1-4 VDW =      719.6762  1-4 EEL =     8885.1965  RESTRAINT  =        7.3288
 EAMBER  =  -197079.3368


   NSTEP       ENERGY          RMS            GMAX         NAME    NUMBER
   8100      -1.9707E+05     3.0717E-01     5.3276E+01     O       11952

 BOND    =    39342.9672  ANGLE   =      338.0881  DIHED      =      955.2148
 VDWAALS =    47597.4567  EEL     =  -294912.7974  HBOND      =        0.0000
 1-4 VDW =      719.6761  1-4 EEL =     8885.1964  RESTRAINT  =        7.3289
 EAMBER  =  -197074.1982


   NSTEP       ENERGY          RMS            GMAX         NAME    NUMBER
   8150      -1.9706E+05     3.0269E-01     5.2451E+01     O       11952

 BOND    =    39343.0162  ANGLE   =      338.0882  DIHED      =      955.2148
 VDWAALS =    47597.3527  EEL     =  -294907.6519  HBOND      =        0.0000
 1-4 VDW =      719.6760  1-4 EEL =     8885.1962  RESTRAINT  =        7.3289
 EAMBER  =  -197069.1077


   NSTEP       ENERGY          RMS            GMAX         NAME    NUMBER
   8200      -1.9706E+05     2.9821E-01     5.1617E+01     O       11952

 BOND    =    39343.0652  ANGLE   =      338.0883  DIHED      =      955.2148
 VDWAALS =    47597.2490  EEL     =  -294902.4836  HBOND      =        0.0000
 1-4 VDW =      719.6759  1-4 EEL =     8885.1961  RESTRAINT  =        7.3289
 EAMBER  =  -197063.9942


   NSTEP       ENERGY          RMS            GMAX         NAME    NUMBER
   8250      -1.9705E+05     2.9372E-01     5.0782E+01     O       11952

 BOND    =    39343.1141  ANGLE   =      338.0884  DIHED      =      955.2150
 VDWAALS =    47597.1450  EEL     =  -294897.3337  HBOND      =        0.0000
 1-4 VDW =      719.6758  1-4 EEL =     8885.1959  RESTRAINT  =        7.3289
 EAMBER  =  -197058.8995


   NSTEP       ENERGY          RMS            GMAX         NAME    NUMBER
   8300      -1.9705E+05     2.8927E-01     4.9951E+01     O       11952

 BOND    =    39343.1630  ANGLE   =      338.0885  DIHED      =      955.2151
 VDWAALS =    47597.0421  EEL     =  -294892.1874  HBOND      =        0.0000
 1-4 VDW =      719.6757  1-4 EEL =     8885.1957  RESTRAINT  =        7.3290
 EAMBER  =  -197053.8073


   NSTEP       ENERGY          RMS            GMAX         NAME    NUMBER
   8350      -1.9704E+05     2.8484E-01     4.9123E+01     O       11952

 BOND    =    39343.2117  ANGLE   =      338.0886  DIHED      =      955.2149
 VDWAALS =    47596.9393  EEL     =  -294887.0645  HBOND      =        0.0000
 1-4 VDW =      719.6756  1-4 EEL =     8885.1956  RESTRAINT  =        7.3290
 EAMBER  =  -197048.7388


   NSTEP       ENERGY          RMS            GMAX         NAME    NUMBER
   8400      -1.9704E+05     2.8039E-01     4.8295E+01     O       11952

 BOND    =    39343.2603  ANGLE   =      338.0887  DIHED      =      955.2150
 VDWAALS =    47596.8358  EEL     =  -294881.9323  HBOND      =        0.0000
 1-4 VDW =      719.6756  1-4 EEL =     8885.1954  RESTRAINT  =        7.3290
 EAMBER  =  -197043.6615


   NSTEP       ENERGY          RMS            GMAX         NAME    NUMBER
   8450      -1.9703E+05     2.7598E-01     4.7471E+01     O       11952

 BOND    =    39343.3089  ANGLE   =      338.0888  DIHED      =      955.2149
 VDWAALS =    47596.7334  EEL     =  -294876.8379  HBOND      =        0.0000
 1-4 VDW =      719.6754  1-4 EEL =     8885.1952  RESTRAINT  =        7.3290
 EAMBER  =  -197038.6213

     .... RESTARTED DUE TO LINMIN FAILURE ...


   NSTEP       ENERGY          RMS            GMAX         NAME    NUMBER
   8500      -1.9703E+05     2.7157E-01     4.6647E+01     O       11952

 BOND    =    39343.3573  ANGLE   =      338.0889  DIHED      =      955.2152
 VDWAALS =    47596.6305  EEL     =  -294871.7494  HBOND      =        0.0000
 1-4 VDW =      719.6753  1-4 EEL =     8885.1951  RESTRAINT  =        7.3291
 EAMBER  =  -197033.5870


   NSTEP       ENERGY          RMS            GMAX         NAME    NUMBER
   8550      -1.9702E+05     2.6719E-01     4.5821E+01     O       11952

 BOND    =    39343.4057  ANGLE   =      338.0890  DIHED      =      955.2150
 VDWAALS =    47596.5286  EEL     =  -294866.6725  HBOND      =        0.0000
 1-4 VDW =      719.6752  1-4 EEL =     8885.1948  RESTRAINT  =        7.3291
 EAMBER  =  -197028.5641


   NSTEP       ENERGY          RMS            GMAX         NAME    NUMBER
   8600      -1.9702E+05     2.6281E-01     4.5000E+01     O       11952

 BOND    =    39343.4540  ANGLE   =      338.0891  DIHED      =      955.2152
 VDWAALS =    47596.4266  EEL     =  -294861.5793  HBOND      =        0.0000
 1-4 VDW =      719.6751  1-4 EEL =     8885.1947  RESTRAINT  =        7.3291
 EAMBER  =  -197023.5247


   NSTEP       ENERGY          RMS            GMAX         NAME    NUMBER
   8650      -1.9701E+05     2.5845E-01     4.4180E+01     O       11952

 BOND    =    39343.5021  ANGLE   =      338.0892  DIHED      =      955.2152
 VDWAALS =    47596.3246  EEL     =  -294856.5358  HBOND      =        0.0000
 1-4 VDW =      719.6750  1-4 EEL =     8885.1945  RESTRAINT  =        7.3291
 EAMBER  =  -197018.5352


   NSTEP       ENERGY          RMS            GMAX         NAME    NUMBER
   8700      -1.9701E+05     2.5413E-01     4.3364E+01     O       11952

 BOND    =    39343.5502  ANGLE   =      338.0893  DIHED      =      955.2153
 VDWAALS =    47596.2235  EEL     =  -294851.5096  HBOND      =        0.0000
 1-4 VDW =      719.6749  1-4 EEL =     8885.1943  RESTRAINT  =        7.3292
 EAMBER  =  -197013.5621


   NSTEP       ENERGY          RMS            GMAX         NAME    NUMBER
   8750      -1.9700E+05     2.4980E-01     4.2546E+01     O       11952

 BOND    =    39343.5981  ANGLE   =      338.0895  DIHED      =      955.2152
 VDWAALS =    47596.1223  EEL     =  -294846.4680  HBOND      =        0.0000
 1-4 VDW =      719.6748  1-4 EEL =     8885.1941  RESTRAINT  =        7.3292
 EAMBER  =  -197008.5742


   NSTEP       ENERGY          RMS            GMAX         NAME    NUMBER
   8800      -1.9700E+05     2.4548E-01     4.1728E+01     O       11952

 BOND    =    39343.6459  ANGLE   =      338.0896  DIHED      =      955.2153
 VDWAALS =    47596.0209  EEL     =  -294841.4714  HBOND      =        0.0000
 1-4 VDW =      719.6747  1-4 EEL =     8885.1939  RESTRAINT  =        7.3292
 EAMBER  =  -197003.6312

     .... RESTARTED DUE TO LINMIN FAILURE ...


                    FINAL RESULTS



   NSTEP       ENERGY          RMS            GMAX         NAME    NUMBER
   8838      -1.9699E+05     2.4205E-01     4.1077E+01     O       11952

 BOND    =    39343.6840  ANGLE   =      338.0897  DIHED      =      955.2154
 VDWAALS =    47595.9403  EEL     =  -294837.4581  HBOND      =        0.0000
 1-4 VDW =      719.6746  1-4 EEL =     8885.1937  RESTRAINT  =        7.3293
 EAMBER  =  -196999.6606

     ***** REPEATED LINMIN FAILURE *****
--------------------------------------------------------------------------------
   5.  TIMINGS
--------------------------------------------------------------------------------

|  NonSetup CPU Time in Major Routines:
|
|     Routine           Sec        %
|     ------------------------------
|     Nonbond          16.50   39.15
|     Bond              0.00    0.00
|     Angle             0.00    0.00
|     Dihedral          0.00    0.00
|     Shake             0.00    0.00
|     Other            25.65   60.85
|     ------------------------------
|     Total            42.16

|  PME Nonbond Pairlist CPU Time:
|
|     Routine              Sec        %
|     ---------------------------------
|     Set Up Cit           0.00    0.00
|     Build List           0.00    0.00
|     ---------------------------------
|     Total                0.00    0.00

|  PME Direct Force CPU Time:
|
|     Routine              Sec        %
|     ---------------------------------
|     NonBonded Calc       0.00    0.00
|     Exclude Masked       0.00    0.00
|     Other                0.02    0.05
|     ---------------------------------
|     Total                0.02    0.05

|  PME Reciprocal Force CPU Time:
|
|     Routine              Sec        %
|     ---------------------------------
|     1D bspline           0.00    0.00
|     Grid Charges         0.00    0.00
|     Scalar Sum           0.00    0.00
|     Gradient Sum         0.00    0.00
|     FFT                  0.00    0.00
|     ---------------------------------
|     Total                0.00    0.00

|  Setup CPU time:            2.27 seconds
|  NonSetup CPU time:        42.16 seconds
|  Total CPU time:           44.43 seconds     0.01 hours

|  Setup wall time:           3    seconds
|  NonSetup wall time:       42    seconds
|  Total wall time:          45    seconds     0.01 hours
