
          -------------------------------------------------------
          Amber 18 PMEMD                              2018
          -------------------------------------------------------

| PMEMD implementation of SANDER, Release 18

| Run on 07/07/2021 at 08:05:47

|   Executable path: pmemd.cuda
| Working directory: /home/bozhanng/Abs_MD/HEPC3_Fv_bent_cm_PG_relaxed
|          Hostname: bf21

  [-O]verwriting output

File Assignments:
|   MDIN: minsolv_HEPC3_Fv_bent_cm_PG_relaxed.in                                
|  MDOUT: minsolv_HEPC3_Fv_bent_cm_PG_relaxed.out                               
| INPCRD: HEPC3_Fv_bent_cm_PG_relaxed.crd                                       
|   PARM: HEPC3_Fv_bent_cm_PG_relaxed.parm7                                     
| RESTRT: minsolv_HEPC3_Fv_bent_cm_PG_relaxed.crd                               
|   REFC: HEPC3_Fv_bent_cm_PG_relaxed.crd                                       
|  MDVEL: mdvel                                                                 
|   MDEN: mden                                                                  
|  MDCRD: mdcrd                                                                 
| MDINFO: mdinfo                                                                
|  MDFRC: mdfrc                                                                 


 Here is the input file:

Initial minimization                                                           
 &cntrl                                                                        
  ntx    = 1,       irest  = 0,       ntrx   = 1,      ntxo   = 1,             
  ntpr   = 50,      ntwx   = 0,       ntwv   = 0,      ntwe   = 0,             
                                                                               
  ntf    = 1,       ntb    = 1,                                                
  cut    = 8.0,                                                                
  ibelly = 0,       ntr    = 1,                                                
                                                                               
  imin   = 1,                                                                  
  maxcyc = 15000,                                                              
  ncyc   = 5000,                                                               
  ntmin  = 1,       dx0    = 0.1,     drms   = 0.0001,                         
                                                                               
  ntc    = 1,       tol    = 0.00001,                                          
                                                                               
 &end                                                                          
Hold protein fixed                                                             
5.0                                                                            
RES   1 233                                                                    
END                                                                            
END                                                                            


Note: ig = -1. Setting random seed to   209673 based on wallclock time in 
      microseconds.
| irandom = 1, using AMBER's internal random number generator (default).
 
|--------------------- INFORMATION ----------------------
| GPU (CUDA) Version of PMEMD in use: NVIDIA GPU IN USE.
|                    Version 18.0.0
| 
|                      03/25/2018
| 
| Implementation by:
|                    Ross C. Walker     (SDSC)
|                    Scott Le Grand     (nVIDIA)
| 
| Version 18 performance extensions by:
|                    David Cerutti     (Rutgers)
| 
| Precision model in use:
|      [SPFP] - Single Precision Forces, 64-bit Fixed Point
|               Accumulation. (Default)
| 
|--------------------------------------------------------
 
|----------------- CITATION INFORMATION -----------------
|
|    When publishing work that utilized the CUDA version
|    of AMBER, please cite the following in addition to
|    the regular AMBER citations:
|
|  - Romelia Salomon-Ferrer; Andreas W. Goetz; Duncan
|    Poole; Scott Le Grand; Ross C. Walker "Routine
|    microsecond molecular dynamics simulations with
|    AMBER - Part II: Particle Mesh Ewald", J. Chem.
|    Theory Comput., 2013, 9 (9), pp3878-3888,
|    DOI: 10.1021/ct400314y.
|
|  - Andreas W. Goetz; Mark J. Williamson; Dong Xu;
|    Duncan Poole; Scott Le Grand; Ross C. Walker
|    "Routine microsecond molecular dynamics simulations
|    with AMBER - Part I: Generalized Born", J. Chem.
|    Theory Comput., 2012, 8 (5), pp1542-1555.
|
|  - Scott Le Grand; Andreas W. Goetz; Ross C. Walker
|    "SPFP: Speed without compromise - a mixed precision
|    model for GPU accelerated molecular dynamics
|    simulations.", Comp. Phys. Comm., 2013, 184
|    pp374-380, DOI: 10.1016/j.cpc.2012.09.022
|
|--------------------------------------------------------
 
|------------------- GPU DEVICE INFO --------------------
|
|            CUDA_VISIBLE_DEVICES: 0
|   CUDA Capable Devices Detected:      1
|           CUDA Device ID in use:      0
|                CUDA Device Name: GeForce GTX 1080
|     CUDA Device Global Mem Size:   8119 MB
| CUDA Device Num Multiprocessors:     20
|           CUDA Device Core Freq:   1.73 GHz
|
|--------------------------------------------------------
 
 
| Conditional Compilation Defines Used:
| PUBFFT
| BINTRAJ
| MKL
| CUDA
| EMIL

| Largest sphere to fit in unit cell has radius =    35.843

| New format PARM file being parsed.
| Version =    1.000 Date = 07/07/21 Time = 08:04:59

| Note: 1-4 EEL scale factors are being read from the topology file.

| Note: 1-4 VDW scale factors are being read from the topology file.
| Duplicated    0 dihedrals

| Duplicated    0 dihedrals

--------------------------------------------------------------------------------
   1.  RESOURCE   USE: 
--------------------------------------------------------------------------------

 getting new box info from bottom of inpcrd
 NATOM  =   46215 NTYPES =      18 NBONH =   33752 MBONA  =   12501
 NTHETH =    3888 MTHETA =    2478 NPHIH =    8196 MPHIA  =    7867
 NHPARM =       0 NPARM  =       0 NNB   =   94031 NRES   =   10914
 NBONA  =   12501 NTHETA =    2478 NPHIA =    7867 NUMBND =      72
 NUMANG =     171 NPTRA  =     194 NATYP =      36 NPHB   =       1
 IFBOX  =       1 NMXRS  =      25 IFCAP =       0 NEXTRA =   10677
 NCOPY  =       0

| Coordinate Index Table dimensions:    16   15   18
| Direct force subcell size =     4.7032    4.7791    4.5585

     BOX TYPE: RECTILINEAR

--------------------------------------------------------------------------------
   2.  CONTROL  DATA  FOR  THE  RUN
--------------------------------------------------------------------------------

default_name                                                                    

General flags:
     imin    =       1, nmropt  =       0

Nature and format of input:
     ntx     =       1, irest   =       0, ntrx    =       1

Nature and format of output:
     ntxo    =       1, ntpr    =      50, ntrx    =       1, ntwr    =       1
     iwrap   =       0, ntwx    =       0, ntwv    =       0, ntwe    =       0
     ioutfm  =       1, ntwprt  =       0, idecomp =       0, rbornstat=      0

Potential function:
     ntf     =       1, ntb     =       1, igb     =       0, nsnb    =      25
     ipol    =       0, gbsa    =       0, iesp    =       0
     dielc   =   1.00000, cut     =   8.00000, intdiel =   1.00000

Frozen or restrained atoms:
     ibelly  =       0, ntr     =       1
     restraint_wt =   0.00000

Energy minimization:
     maxcyc  =   15000, ncyc    =    5000, ntmin   =       1
     dx0     =   0.10000, drms    =   0.00010

| Intermolecular bonds treatment:
|     no_intermolecular_bonds =       1

| Energy averages sample interval:
|     ene_avg_sampling =       1

Extra-points options:
     frameon =       1, chngmask=       1

Ewald parameters:
     verbose =       0, ew_type =       0, nbflag  =       1, use_pme =       1
     vdwmeth =       1, eedmeth =       1, netfrc  =       0
     Box X =   75.251   Box Y =   71.687   Box Z =   82.053
     Alpha =   90.000   Beta  =   90.000   Gamma =   90.000
     NFFT1 =   80       NFFT2 =   72       NFFT3 =   84
     Cutoff=    8.000   Tol   =0.100E-04
     Ewald Coefficient =  0.34864
     Interpolation order =    4

    LOADING THE CONSTRAINED ATOMS AS GROUPS


   5.  REFERENCE ATOM COORDINATES

  default_name                                                                    
    ----- READING GROUP     1; TITLE:
 Hold protein fixed                                                          

     GROUP    1 HAS HARMONIC CONSTRAINTS     5.00000
 GRP    1 RES    1 TO   233
      Number of atoms in this group  =  3503
    ----- END OF GROUP READ -----
|      EXTRA_PTS, trim_bonds: num bonds BEFORE trim = 33752     0
|      EXTRA_PTS, trim_bonds: num bonds AFTER  trim = 33752     0
|      EXTRA_PTS, trim_bonds: num bonds BEFORE trim = 12501     0
|      EXTRA_PTS, trim_bonds: num bonds AFTER  trim =  1824     0
|      EXTRA_PTS, trim_theta: num angle BEFORE trim =  3888     0
|      EXTRA_PTS, trim_theta: num angle AFTER  trim =  3888     0
|      EXTRA_PTS, trim_theta: num angle BEFORE trim =  2478     0
|      EXTRA_PTS, trim_theta: num angle AFTER  trim =  2478     0
|      EXTRA_PTS, trim_phi:  num diheds BEFORE trim =  8196     0
|      EXTRA_PTS, trim_phi:  num diheds AFTER  trim =  8196     0
|      EXTRA_PTS, trim_phi:  num diheds BEFORE trim =  7867     0
|      EXTRA_PTS, trim_phi:  num diheds AFTER  trim =  7867     0

--------------------------------------------------------------------------------
   3.  ATOMIC COORDINATES AND VELOCITIES
--------------------------------------------------------------------------------

default_name                                                                    
 begin time read from input coords =     0.000 ps

 
 Number of triangulated 3-point waters found:    10677

     Sum of charges from parm topology file =   0.00005842
     Forcing neutrality...

| Dynamic Memory, Types Used:
| Reals             1391193
| Integers          2999059

| Nonbonded Pairs Initial Allocation:     7719060

| GPU memory information (estimate):
| KB of GPU memory in use:         0
| KB of CPU memory in use:         0

--------------------------------------------------------------------------------
   4.  RESULTS
--------------------------------------------------------------------------------



   NSTEP       ENERGY          RMS            GMAX         NAME    NUMBER
      1      -1.2366E+05     1.8406E+01     9.3927E+01     O       25756

 BOND    =      200.1643  ANGLE   =      377.6386  DIHED      =      918.6481
 VDWAALS =    15539.6258  EEL     =  -150900.4150  HBOND      =        0.0000
 1-4 VDW =     1025.8673  1-4 EEL =     9176.9720  RESTRAINT  =        0.0000


   NSTEP       ENERGY          RMS            GMAX         NAME    NUMBER
     50      -1.6103E+05     3.1589E+00     1.3667E+01     CZ       2211

 BOND    =    24326.8924  ANGLE   =      300.5128  DIHED      =      948.1058
 VDWAALS =    16298.3866  EEL     =  -212764.6937  HBOND      =        0.0000
 1-4 VDW =      809.1637  1-4 EEL =     8983.4542  RESTRAINT  =       72.6550
 EAMBER  =  -161098.1782


   NSTEP       ENERGY          RMS            GMAX         NAME    NUMBER
    100      -1.6568E+05     1.1812E+00     8.1565E+00     H1      21749

 BOND    =    23364.1398  ANGLE   =      305.7221  DIHED      =      954.0328
 VDWAALS =    18969.4549  EEL     =  -219142.7327  HBOND      =        0.0000
 1-4 VDW =      783.1485  1-4 EEL =     8962.0898  RESTRAINT  =      120.1594
 EAMBER  =  -165804.1448


   NSTEP       ENERGY          RMS            GMAX         NAME    NUMBER
    150      -1.6818E+05     6.3523E-01     6.6992E+00     O       21160

 BOND    =    25203.2391  ANGLE   =      308.4913  DIHED      =      955.5229
 VDWAALS =    21180.8313  EEL     =  -225701.2802  HBOND      =        0.0000
 1-4 VDW =      774.4585  1-4 EEL =     8952.9623  RESTRAINT  =      148.2457
 EAMBER  =  -168325.7748


   NSTEP       ENERGY          RMS            GMAX         NAME    NUMBER
    200      -1.6989E+05     1.6197E+00     7.4430E+00     H1      20853

 BOND    =    27041.2840  ANGLE   =      309.6371  DIHED      =      955.4850
 VDWAALS =    23010.0145  EEL     =  -231092.6052  HBOND      =        0.0000
 1-4 VDW =      770.2538  1-4 EEL =     8948.0281  RESTRAINT  =      167.1136
 EAMBER  =  -170057.9027


   NSTEP       ENERGY          RMS            GMAX         NAME    NUMBER
    250      -1.7127E+05     4.9439E-01     5.3444E+00     H2      18950

 BOND    =    26538.0956  ANGLE   =      310.0441  DIHED      =      954.3170
 VDWAALS =    24471.9224  EEL     =  -233435.8850  HBOND      =        0.0000
 1-4 VDW =      767.8788  1-4 EEL =     8945.4279  RESTRAINT  =      180.6668
 EAMBER  =  -171448.1993


   NSTEP       ENERGY          RMS            GMAX         NAME    NUMBER
    300      -1.7236E+05     1.4083E+00     1.8616E+01     CZ3       697

 BOND    =    26402.5459  ANGLE   =      310.6108  DIHED      =      952.5725
 VDWAALS =    25717.1167  EEL     =  -235643.2127  HBOND      =        0.0000
 1-4 VDW =      766.4038  1-4 EEL =     8943.7692  RESTRAINT  =      191.9055
 EAMBER  =  -172550.1937


   NSTEP       ENERGY          RMS            GMAX         NAME    NUMBER
    350      -1.7337E+05     4.2400E-01     5.0543E+00     CZ3       697

 BOND    =    27835.7459  ANGLE   =      310.6100  DIHED      =      950.9020
 VDWAALS =    26743.7203  EEL     =  -239115.9699  HBOND      =        0.0000
 1-4 VDW =      765.3354  1-4 EEL =     8942.8299  RESTRAINT  =      200.5325
 EAMBER  =  -173566.8264


   NSTEP       ENERGY          RMS            GMAX         NAME    NUMBER
    400      -1.7424E+05     1.2033E+00     7.7584E+01     NE2      3235

 BOND    =    28421.5772  ANGLE   =      313.3925  DIHED      =      949.5818
 VDWAALS =    27694.6223  EEL     =  -241532.3369  HBOND      =        0.0000
 1-4 VDW =      764.4124  1-4 EEL =     8942.3278  RESTRAINT  =      206.9119
 EAMBER  =  -174446.4230


   NSTEP       ENERGY          RMS            GMAX         NAME    NUMBER
    450      -1.7504E+05     3.7618E-01     1.0273E+01     NE2      3235

 BOND    =    28683.0065  ANGLE   =      310.7422  DIHED      =      948.6628
 VDWAALS =    28504.6086  EEL     =  -243399.7985  HBOND      =        0.0000
 1-4 VDW =      764.4332  1-4 EEL =     8941.5603  RESTRAINT  =      210.7830
 EAMBER  =  -175246.7847


   NSTEP       ENERGY          RMS            GMAX         NAME    NUMBER
    500      -1.7571E+05     1.0543E+00     1.0080E+02     NE2      3235

 BOND    =    29100.9883  ANGLE   =      314.3617  DIHED      =      948.0495
 VDWAALS =    29262.7266  EEL     =  -245259.3864  HBOND      =        0.0000
 1-4 VDW =      764.3171  1-4 EEL =     8940.6901  RESTRAINT  =      213.6887
 EAMBER  =  -175928.2530


   NSTEP       ENERGY          RMS            GMAX         NAME    NUMBER
    550      -1.7634E+05     3.4231E-01     1.1877E+01     CE1      3233

 BOND    =    29437.8124  ANGLE   =      310.3689  DIHED      =      947.6874
 VDWAALS =    29941.7775  EEL     =  -246897.1719  HBOND      =        0.0000
 1-4 VDW =      763.9384  1-4 EEL =     8940.3354  RESTRAINT  =      215.7124
 EAMBER  =  -176555.2521


   NSTEP       ENERGY          RMS            GMAX         NAME    NUMBER
    600      -1.7689E+05     8.9173E-01     9.5193E+01     NE2      3235

 BOND    =    29793.5074  ANGLE   =      311.5599  DIHED      =      947.3495
 VDWAALS =    30599.4765  EEL     =  -248461.1568  HBOND      =        0.0000
 1-4 VDW =      763.6513  1-4 EEL =     8939.7511  RESTRAINT  =      217.7435
 EAMBER  =  -177105.8610


   NSTEP       ENERGY          RMS            GMAX         NAME    NUMBER
    650      -1.7740E+05     3.8321E-01     2.8518E+01     NE2      3235

 BOND    =    30085.8540  ANGLE   =      311.1675  DIHED      =      946.7516
 VDWAALS =    31193.4413  EEL     =  -249855.0784  HBOND      =        0.0000
 1-4 VDW =      763.6944  1-4 EEL =     8938.9215  RESTRAINT  =      219.7067
 EAMBER  =  -177615.2481


   NSTEP       ENERGY          RMS            GMAX         NAME    NUMBER
    700      -1.7784E+05     7.7896E-01     1.0395E+02     C        3501

 BOND    =    30382.3055  ANGLE   =      312.9514  DIHED      =      945.9869
 VDWAALS =    31756.7995  EEL     =  -251161.7152  HBOND      =        0.0000
 1-4 VDW =      763.6115  1-4 EEL =     8938.7176  RESTRAINT  =      221.9431
 EAMBER  =  -178061.3429


   NSTEP       ENERGY          RMS            GMAX         NAME    NUMBER
    750      -1.7823E+05     1.1724E+00     2.1810E+02     C        3501

 BOND    =    30658.7778  ANGLE   =      314.6976  DIHED      =      945.2587
 VDWAALS =    32273.0667  EEL     =  -252348.3849  HBOND      =        0.0000
 1-4 VDW =      763.5313  1-4 EEL =     8938.6314  RESTRAINT  =      224.1435
 EAMBER  =  -178454.4215


   NSTEP       ENERGY          RMS            GMAX         NAME    NUMBER
    800      -1.7864E+05     4.7102E-01     5.3196E+01     CE1      3233

 BOND    =    30896.7389  ANGLE   =      310.9992  DIHED      =      944.8007
 VDWAALS =    32776.8805  EEL     =  -253497.3591  HBOND      =        0.0000
 1-4 VDW =      763.2397  1-4 EEL =     8937.7878  RESTRAINT  =      225.9151
 EAMBER  =  -178866.9123


   NSTEP       ENERGY          RMS            GMAX         NAME    NUMBER
    850      -1.7897E+05     8.9346E-01     1.2535E+02     NE2      3235

 BOND    =    31139.7064  ANGLE   =      312.4890  DIHED      =      944.5426
 VDWAALS =    33232.9060  EEL     =  -254526.7664  HBOND      =        0.0000
 1-4 VDW =      763.1155  1-4 EEL =     8937.6833  RESTRAINT  =      227.1827
 EAMBER  =  -179196.3237


   NSTEP       ENERGY          RMS            GMAX         NAME    NUMBER
    900      -1.7930E+05     3.5142E-01     3.6884E+01     NE2      3235

 BOND    =    31339.5867  ANGLE   =      311.4928  DIHED      =      944.2725
 VDWAALS =    33655.5093  EEL     =  -255475.3757  HBOND      =        0.0000
 1-4 VDW =      763.1198  1-4 EEL =     8937.1138  RESTRAINT  =      227.9219
 EAMBER  =  -179524.2808


   NSTEP       ENERGY          RMS            GMAX         NAME    NUMBER
    950      -1.7957E+05     7.7098E-01     1.0773E+02     NE2      3235

 BOND    =    31543.0370  ANGLE   =      313.7980  DIHED      =      944.0682
 VDWAALS =    34040.0926  EEL     =  -256338.2646  HBOND      =        0.0000
 1-4 VDW =      763.1119  1-4 EEL =     8936.9111  RESTRAINT  =      228.4591
 EAMBER  =  -179797.2458


   NSTEP       ENERGY          RMS            GMAX         NAME    NUMBER
   1000      -1.7984E+05     2.2636E-01     9.4511E+00     NE2      3235

 BOND    =    31714.1990  ANGLE   =      311.0522  DIHED      =      943.9206
 VDWAALS =    34394.6346  EEL     =  -257134.9989  HBOND      =        0.0000
 1-4 VDW =      762.9692  1-4 EEL =     8936.8591  RESTRAINT  =      228.8093
 EAMBER  =  -180071.3643


   NSTEP       ENERGY          RMS            GMAX         NAME    NUMBER
   1050      -1.8008E+05     7.8174E-01     1.1092E+02     C        3501

 BOND    =    31899.9154  ANGLE   =      312.3986  DIHED      =      943.8060
 VDWAALS =    34739.2638  EEL     =  -257909.6424  HBOND      =        0.0000
 1-4 VDW =      762.9187  1-4 EEL =     8937.3792  RESTRAINT  =      229.2038
 EAMBER  =  -180313.9607


   NSTEP       ENERGY          RMS            GMAX         NAME    NUMBER
   1100      -1.8032E+05     2.3122E-01     1.6399E+01     NE2      3235

 BOND    =    32045.4154  ANGLE   =      311.4062  DIHED      =      943.7021
 VDWAALS =    35041.7028  EEL     =  -258591.4460  HBOND      =        0.0000
 1-4 VDW =      762.9021  1-4 EEL =     8936.7675  RESTRAINT  =      229.4050
 EAMBER  =  -180549.5499


   NSTEP       ENERGY          RMS            GMAX         NAME    NUMBER
   1150      -1.8053E+05     5.5521E-01     7.6053E+01     NE2      3235

 BOND    =    32203.3184  ANGLE   =      312.7747  DIHED      =      943.6661
 VDWAALS =    35339.2340  EEL     =  -259262.9292  HBOND      =        0.0000
 1-4 VDW =      762.9240  1-4 EEL =     8936.8639  RESTRAINT  =      229.6572
 EAMBER  =  -180764.1481


   NSTEP       ENERGY          RMS            GMAX         NAME    NUMBER
   1200      -1.8075E+05     2.4962E-01     2.4898E+01     NE2      3235

 BOND    =    32344.9035  ANGLE   =      311.1149  DIHED      =      943.6585
 VDWAALS =    35618.9874  EEL     =  -259896.1765  HBOND      =        0.0000
 1-4 VDW =      762.8502  1-4 EEL =     8937.0879  RESTRAINT  =      229.8014
 EAMBER  =  -180977.5742


   NSTEP       ENERGY          RMS            GMAX         NAME    NUMBER
   1250      -1.8094E+05     5.1786E-01     6.1309E+01     C        3501

 BOND    =    32487.8668  ANGLE   =      311.5354  DIHED      =      943.6228
 VDWAALS =    35885.1598  EEL     =  -260502.3304  HBOND      =        0.0000
 1-4 VDW =      762.8584  1-4 EEL =     8937.5380  RESTRAINT  =      229.7233
 EAMBER  =  -181173.7491


   NSTEP       ENERGY          RMS            GMAX         NAME    NUMBER
   1300      -1.8113E+05     7.9775E-01     1.4510E+02     C        3501

 BOND    =    32629.0101  ANGLE   =      312.3263  DIHED      =      943.5651
 VDWAALS =    36140.4868  EEL     =  -261089.7791  HBOND      =        0.0000
 1-4 VDW =      762.9055  1-4 EEL =     8937.9928  RESTRAINT  =      229.4460
 EAMBER  =  -181363.4926


   NSTEP       ENERGY          RMS            GMAX         NAME    NUMBER
   1350      -1.8133E+05     1.9936E-01     1.1347E+01     NE2      3235

 BOND    =    32745.2255  ANGLE   =      311.2085  DIHED      =      943.4606
 VDWAALS =    36375.3904  EEL     =  -261636.1360  HBOND      =        0.0000
 1-4 VDW =      762.8944  1-4 EEL =     8937.2877  RESTRAINT  =      229.0564
 EAMBER  =  -181560.6690


   NSTEP       ENERGY          RMS            GMAX         NAME    NUMBER
   1400      -1.8151E+05     6.2964E-01     8.2142E+01     NE2      3235

 BOND    =    32876.6115  ANGLE   =      312.7772  DIHED      =      943.3635
 VDWAALS =    36607.8356  EEL     =  -262180.2048  HBOND      =        0.0000
 1-4 VDW =      762.9555  1-4 EEL =     8937.5234  RESTRAINT  =      228.6434
 EAMBER  =  -181739.1383


   NSTEP       ENERGY          RMS            GMAX         NAME    NUMBER
   1450      -1.8170E+05     3.2027E-01     4.1708E+01     NE2      3235

 BOND    =    32993.6653  ANGLE   =      310.9683  DIHED      =      943.2819
 VDWAALS =    36830.8252  EEL     =  -262702.7390  HBOND      =        0.0000
 1-4 VDW =      762.8771  1-4 EEL =     8937.5098  RESTRAINT  =      228.1705
 EAMBER  =  -181923.6114


   NSTEP       ENERGY          RMS            GMAX         NAME    NUMBER
   1500      -1.8187E+05     5.1123E-01     6.7053E+01     NE2      3235

 BOND    =    33115.0107  ANGLE   =      311.3056  DIHED      =      943.1855
 VDWAALS =    37046.8889  EEL     =  -263212.7138  HBOND      =        0.0000
 1-4 VDW =      762.8444  1-4 EEL =     8937.5087  RESTRAINT  =      227.8044
 EAMBER  =  -182095.9700


   NSTEP       ENERGY          RMS            GMAX         NAME    NUMBER
   1550      -1.8204E+05     1.8778E-01     1.0058E+01     NE2      3235

 BOND    =    33220.1917  ANGLE   =      311.0062  DIHED      =      943.0660
 VDWAALS =    37246.9904  EEL     =  -263687.3906  HBOND      =        0.0000
 1-4 VDW =      762.8968  1-4 EEL =     8937.6466  RESTRAINT  =      227.5389
 EAMBER  =  -182265.5929


   NSTEP       ENERGY          RMS            GMAX         NAME    NUMBER
   1600      -1.8220E+05     4.7405E-01     6.1472E+01     C        3501

 BOND    =    33334.6108  ANGLE   =      311.9140  DIHED      =      942.9468
 VDWAALS =    37448.1842  EEL     =  -264166.7730  HBOND      =        0.0000
 1-4 VDW =      762.8937  1-4 EEL =     8937.4261  RESTRAINT  =      227.4164
 EAMBER  =  -182428.7974


   NSTEP       ENERGY          RMS            GMAX         NAME    NUMBER
   1650      -1.8235E+05     6.5033E-01     8.0053E+01     NE2      3235

 BOND    =    33441.8005  ANGLE   =      312.8456  DIHED      =      942.8375
 VDWAALS =    37636.8938  EEL     =  -264615.3580  HBOND      =        0.0000
 1-4 VDW =      762.9652  1-4 EEL =     8938.0169  RESTRAINT  =      227.4051
 EAMBER  =  -182579.9985


   NSTEP       ENERGY          RMS            GMAX         NAME    NUMBER
   1700      -1.8251E+05     2.9179E-01     3.5714E+01     NE2      3235

 BOND    =    33535.9224  ANGLE   =      310.8942  DIHED      =      942.7580
 VDWAALS =    37818.9162  EEL     =  -265045.7812  HBOND      =        0.0000
 1-4 VDW =      762.8665  1-4 EEL =     8938.1664  RESTRAINT  =      227.4358
 EAMBER  =  -182736.2575


   NSTEP       ENERGY          RMS            GMAX         NAME    NUMBER
   1750      -1.8265E+05     5.1498E-01     7.3860E+01     NE2      3235

 BOND    =    33636.8962  ANGLE   =      311.3040  DIHED      =      942.6636
 VDWAALS =    37996.0873  EEL     =  -265467.1125  HBOND      =        0.0000
 1-4 VDW =      762.8485  1-4 EEL =     8938.3806  RESTRAINT  =      227.5893
 EAMBER  =  -182878.9324


   NSTEP       ENERGY          RMS            GMAX         NAME    NUMBER
   1800      -1.8280E+05     2.9218E-01     3.7890E+01     NE2      3235

 BOND    =    33728.8716  ANGLE   =      311.4608  DIHED      =      942.5330
 VDWAALS =    38170.6847  EEL     =  -265884.4186  HBOND      =        0.0000
 1-4 VDW =      762.8772  1-4 EEL =     8938.3071  RESTRAINT  =      227.7702
 EAMBER  =  -183029.6841


   NSTEP       ENERGY          RMS            GMAX         NAME    NUMBER
   1850      -1.8294E+05     4.5657E-01     6.5345E+01     NE2      3235

 BOND    =    33820.3121  ANGLE   =      312.1510  DIHED      =      942.4329
 VDWAALS =    38332.6969  EEL     =  -266273.6427  HBOND      =        0.0000
 1-4 VDW =      762.8815  1-4 EEL =     8938.3819  RESTRAINT  =      227.9345
 EAMBER  =  -183164.7864


   NSTEP       ENERGY          RMS            GMAX         NAME    NUMBER
   1900      -1.8308E+05     2.2430E-01     2.7151E+01     NE2      3235

 BOND    =    33906.4988  ANGLE   =      310.9350  DIHED      =      942.3624
 VDWAALS =    38494.6130  EEL     =  -266660.5126  HBOND      =        0.0000
 1-4 VDW =      762.8383  1-4 EEL =     8938.6979  RESTRAINT  =      228.0336
 EAMBER  =  -183304.5672


   NSTEP       ENERGY          RMS            GMAX         NAME    NUMBER
   1950      -1.8320E+05     4.1427E-01     5.9658E+01     NE2      3235

 BOND    =    33994.7496  ANGLE   =      311.2373  DIHED      =      942.2940
 VDWAALS =    38651.9703  EEL     =  -267033.3407  HBOND      =        0.0000
 1-4 VDW =      762.7967  1-4 EEL =     8938.7755  RESTRAINT  =      228.1500
 EAMBER  =  -183431.5172


   NSTEP       ENERGY          RMS            GMAX         NAME    NUMBER
   2000      -1.8332E+05     6.0966E-01     7.9191E+01     NE2      3235

 BOND    =    34081.1825  ANGLE   =      311.6814  DIHED      =      942.2343
 VDWAALS =    38803.2987  EEL     =  -267391.7541  HBOND      =        0.0000
 1-4 VDW =      762.8075  1-4 EEL =     8939.1895  RESTRAINT  =      228.2466
 EAMBER  =  -183551.3601


   NSTEP       ENERGY          RMS            GMAX         NAME    NUMBER
   2050      -1.8345E+05     2.7310E-01     3.3251E+01     NE2      3235

 BOND    =    34157.3630  ANGLE   =      311.5247  DIHED      =      942.1503
 VDWAALS =    38953.8993  EEL     =  -267745.8639  HBOND      =        0.0000
 1-4 VDW =      762.8277  1-4 EEL =     8938.6438  RESTRAINT  =      228.2657
 EAMBER  =  -183679.4553


   NSTEP       ENERGY          RMS            GMAX         NAME    NUMBER
   2100      -1.8357E+05     4.7034E-01     6.9174E+01     NE2      3235

 BOND    =    34240.2126  ANGLE   =      312.2915  DIHED      =      942.0991
 VDWAALS =    39101.3872  EEL     =  -268091.6216  HBOND      =        0.0000
 1-4 VDW =      762.8876  1-4 EEL =     8938.7949  RESTRAINT  =      228.1607
 EAMBER  =  -183793.9486


   NSTEP       ENERGY          RMS            GMAX         NAME    NUMBER
   2150      -1.8368E+05     1.5826E-01     1.0604E+01     NE2      3235

 BOND    =    34313.6651  ANGLE   =      310.9729  DIHED      =      942.0804
 VDWAALS =    39243.9875  EEL     =  -268422.0008  HBOND      =        0.0000
 1-4 VDW =      762.8943  1-4 EEL =     8938.8503  RESTRAINT  =      227.8356
 EAMBER  =  -183909.5502


   NSTEP       ENERGY          RMS            GMAX         NAME    NUMBER
   2200      -1.8379E+05     4.5345E-01     7.8161E+01     C        3501

 BOND    =    34393.7634  ANGLE   =      311.0581  DIHED      =      942.0719
 VDWAALS =    39388.2035  EEL     =  -268751.0262  HBOND      =        0.0000
 1-4 VDW =      762.9906  1-4 EEL =     8939.1531  RESTRAINT  =      227.3516
 EAMBER  =  -184013.7856


   NSTEP       ENERGY          RMS            GMAX         NAME    NUMBER
   2250      -1.8389E+05     1.4419E-01     8.3685E+00     NE2      3235

 BOND    =    34463.9385  ANGLE   =      310.8129  DIHED      =      942.0655
 VDWAALS =    39528.6302  EEL     =  -269065.6521  HBOND      =        0.0000
 1-4 VDW =      763.0821  1-4 EEL =     8938.7234  RESTRAINT  =      226.7185
 EAMBER  =  -184118.3996


   NSTEP       ENERGY          RMS            GMAX         NAME    NUMBER
   2300      -1.8399E+05     3.5453E-01     5.1213E+01     NE2      3235

 BOND    =    34535.6879  ANGLE   =      311.3872  DIHED      =      942.0872
 VDWAALS =    39661.8744  EEL     =  -269364.7933  HBOND      =        0.0000
 1-4 VDW =      763.2089  1-4 EEL =     8938.5668  RESTRAINT  =      226.0084
 EAMBER  =  -184211.9808


   NSTEP       ENERGY          RMS            GMAX         NAME    NUMBER
   2350      -1.8407E+05     5.3398E-01     8.2822E+01     NE2      3235

 BOND    =    34605.1530  ANGLE   =      312.0923  DIHED      =      942.1362
 VDWAALS =    39788.8975  EEL     =  -269649.8203  HBOND      =        0.0000
 1-4 VDW =      763.3205  1-4 EEL =     8938.3853  RESTRAINT  =      225.2396
 EAMBER  =  -184299.8355


   NSTEP       ENERGY          RMS            GMAX         NAME    NUMBER
   2400      -1.8417E+05     2.3977E-01     3.2838E+01     NE2      3235

 BOND    =    34665.9754  ANGLE   =      310.3005  DIHED      =      942.2261
 VDWAALS =    39911.5769  EEL     =  -269925.4608  HBOND      =        0.0000
 1-4 VDW =      763.3946  1-4 EEL =     8938.5557  RESTRAINT  =      224.3689
 EAMBER  =  -184393.4316


   NSTEP       ENERGY          RMS            GMAX         NAME    NUMBER
   2450      -1.8425E+05     4.5898E-01     6.8358E+01     NE2      3235

 BOND    =    34730.7690  ANGLE   =      310.5425  DIHED      =      942.3122
 VDWAALS =    40028.9441  EEL     =  -270188.8109  HBOND      =        0.0000
 1-4 VDW =      763.4843  1-4 EEL =     8938.5160  RESTRAINT  =      223.5321
 EAMBER  =  -184474.2429


   NSTEP       ENERGY          RMS            GMAX         NAME    NUMBER
   2500      -1.8434E+05     1.8137E-01     1.9407E+01     NE2      3235

 BOND    =    34786.7868  ANGLE   =      310.1864  DIHED      =      942.3564
 VDWAALS =    40142.3110  EEL     =  -270443.4814  HBOND      =        0.0000
 1-4 VDW =      763.6205  1-4 EEL =     8938.5677  RESTRAINT  =      222.7434
 EAMBER  =  -184559.6526


   NSTEP       ENERGY          RMS            GMAX         NAME    NUMBER
   2550      -1.8441E+05     4.0077E-01     5.4900E+01     NE2      3235

 BOND    =    34846.8107  ANGLE   =      310.8126  DIHED      =      942.3825
 VDWAALS =    40253.2073  EEL     =  -270690.5070  HBOND      =        0.0000
 1-4 VDW =      763.6846  1-4 EEL =     8938.2210  RESTRAINT  =      222.0978
 EAMBER  =  -184635.3883


   NSTEP       ENERGY          RMS            GMAX         NAME    NUMBER
   2600      -1.8449E+05     1.3350E-01     1.0830E+01     NE2      3235

 BOND    =    34898.7214  ANGLE   =      309.8257  DIHED      =      942.4005
 VDWAALS =    40358.0995  EEL     =  -270922.7724  HBOND      =        0.0000
 1-4 VDW =      763.7360  1-4 EEL =     8938.4247  RESTRAINT  =      221.5779
 EAMBER  =  -184711.5645


   NSTEP       ENERGY          RMS            GMAX         NAME    NUMBER
   2650      -1.8456E+05     3.3045E-01     4.4436E+01     NE2      3235

 BOND    =    34954.8148  ANGLE   =      309.8626  DIHED      =      942.4137
 VDWAALS =    40464.4250  EEL     =  -271154.6912  HBOND      =        0.0000
 1-4 VDW =      763.7873  1-4 EEL =     8938.4741  RESTRAINT  =      221.1695
 EAMBER  =  -184780.9137


   NSTEP       ENERGY          RMS            GMAX         NAME    NUMBER
   2700      -1.8463E+05     4.9121E-01     6.4407E+01     NE2      3235

 BOND    =    35009.1244  ANGLE   =      310.2570  DIHED      =      942.4299
 VDWAALS =    40566.5721  EEL     =  -271376.3040  HBOND      =        0.0000
 1-4 VDW =      763.8055  1-4 EEL =     8938.0799  RESTRAINT  =      220.8395
 EAMBER  =  -184846.0353


   NSTEP       ENERGY          RMS            GMAX         NAME    NUMBER
   2750      -1.8469E+05     2.9188E-01     4.2400E+01     NE2      3235

 BOND    =    35053.6969  ANGLE   =      310.2914  DIHED      =      942.4207
 VDWAALS =    40660.4363  EEL     =  -271581.3726  HBOND      =        0.0000
 1-4 VDW =      763.9134  1-4 EEL =     8938.0060  RESTRAINT  =      220.5687
 EAMBER  =  -184912.6079


   NSTEP       ENERGY          RMS            GMAX         NAME    NUMBER
   2800      -1.8476E+05     1.2812E-01     1.0739E+01     NE2      3235

 BOND    =    35098.6873  ANGLE   =      309.6174  DIHED      =      942.4470
 VDWAALS =    40750.5707  EEL     =  -271779.2710  HBOND      =        0.0000
 1-4 VDW =      763.9414  1-4 EEL =     8938.0882  RESTRAINT  =      220.3121
 EAMBER  =  -184975.9190


   NSTEP       ENERGY          RMS            GMAX         NAME    NUMBER
   2850      -1.8482E+05     1.8233E-01     2.1678E+01     NE2      3235

 BOND    =    35143.2370  ANGLE   =      309.5393  DIHED      =      942.4673
 VDWAALS =    40836.9065  EEL     =  -271970.4951  HBOND      =        0.0000
 1-4 VDW =      763.9858  1-4 EEL =     8938.1012  RESTRAINT  =      220.0976
 EAMBER  =  -185036.2580


   NSTEP       ENERGY          RMS            GMAX         NAME    NUMBER
   2900      -1.8487E+05     3.4105E-01     4.5455E+01     NE2      3235

 BOND    =    35188.3818  ANGLE   =      309.6783  DIHED      =      942.4939
 VDWAALS =    40921.6958  EEL     =  -272159.0194  HBOND      =        0.0000
 1-4 VDW =      764.0041  1-4 EEL =     8937.9562  RESTRAINT  =      219.9054
 EAMBER  =  -185094.8093


   NSTEP       ENERGY          RMS            GMAX         NAME    NUMBER
   2950      -1.8493E+05     1.1569E-01     8.1138E+00     NE2      3235

 BOND    =    35226.9402  ANGLE   =      309.5478  DIHED      =      942.5015
 VDWAALS =    41000.8010  EEL     =  -272336.3144  HBOND      =        0.0000
 1-4 VDW =      764.0672  1-4 EEL =     8937.9870  RESTRAINT  =      219.7420
 EAMBER  =  -185154.4697


   NSTEP       ENERGY          RMS            GMAX         NAME    NUMBER
   3000      -1.8499E+05     3.3900E-01     4.3901E+01     NE2      3235

 BOND    =    35269.3281  ANGLE   =      309.9886  DIHED      =      942.5139
 VDWAALS =    41079.5850  EEL     =  -272512.7872  HBOND      =        0.0000
 1-4 VDW =      764.1251  1-4 EEL =     8938.0568  RESTRAINT  =      219.6066
 EAMBER  =  -185209.1896


   NSTEP       ENERGY          RMS            GMAX         NAME    NUMBER
   3050      -1.8504E+05     4.5791E-01     7.0970E+01     C        3501

 BOND    =    35310.9481  ANGLE   =      310.4219  DIHED      =      942.5344
 VDWAALS =    41156.8335  EEL     =  -272685.4060  HBOND      =        0.0000
 1-4 VDW =      764.1327  1-4 EEL =     8937.6582  RESTRAINT  =      219.4796
 EAMBER  =  -185262.8773


   NSTEP       ENERGY          RMS            GMAX         NAME    NUMBER
   3100      -1.8510E+05     2.5305E-01     3.7702E+01     NE2      3235

 BOND    =    35348.0061  ANGLE   =      309.2844  DIHED      =      942.5720
 VDWAALS =    41230.9179  EEL     =  -272853.7426  HBOND      =        0.0000
 1-4 VDW =      764.1459  1-4 EEL =     8938.0900  RESTRAINT  =      219.3429
 EAMBER  =  -185320.7263


   NSTEP       ENERGY          RMS            GMAX         NAME    NUMBER
   3150      -1.8515E+05     3.8083E-01     5.3994E+01     NE2      3235

 BOND    =    35386.8692  ANGLE   =      309.4495  DIHED      =      942.5990
 VDWAALS =    41300.4594  EEL     =  -273013.3037  HBOND      =        0.0000
 1-4 VDW =      764.1547  1-4 EEL =     8938.0253  RESTRAINT  =      219.2494
 EAMBER  =  -185371.7467


   NSTEP       ENERGY          RMS            GMAX         NAME    NUMBER
   3200      -1.8521E+05     1.5069E-01     1.6535E+01     NE2      3235

 BOND    =    35420.3123  ANGLE   =      309.2811  DIHED      =      942.6053
 VDWAALS =    41366.5011  EEL     =  -273168.1763  HBOND      =        0.0000
 1-4 VDW =      764.2233  1-4 EEL =     8938.0659  RESTRAINT  =      219.1721
 EAMBER  =  -185427.1873


   NSTEP       ENERGY          RMS            GMAX         NAME    NUMBER
   3250      -1.8526E+05     3.1232E-01     4.1479E+01     NE2      3235

 BOND    =    35456.9524  ANGLE   =      309.7001  DIHED      =      942.6238
 VDWAALS =    41431.5746  EEL     =  -273321.2575  HBOND      =        0.0000
 1-4 VDW =      764.2482  1-4 EEL =     8937.8715  RESTRAINT  =      219.1127
 EAMBER  =  -185478.2868


   NSTEP       ENERGY          RMS            GMAX         NAME    NUMBER
   3300      -1.8531E+05     1.0959E-01     7.9746E+00     NE2      3235

 BOND    =    35489.7804  ANGLE   =      308.9787  DIHED      =      942.6543
 VDWAALS =    41494.9164  EEL     =  -273470.0415  HBOND      =        0.0000
 1-4 VDW =      764.2634  1-4 EEL =     8938.0654  RESTRAINT  =      219.0454
 EAMBER  =  -185531.3829


   NSTEP       ENERGY          RMS            GMAX         NAME    NUMBER
   3350      -1.8536E+05     2.7534E-01     3.5521E+01     NE2      3235

 BOND    =    35525.2927  ANGLE   =      308.8994  DIHED      =      942.6827
 VDWAALS =    41558.6866  EEL     =  -273619.4566  HBOND      =        0.0000
 1-4 VDW =      764.2906  1-4 EEL =     8938.2045  RESTRAINT  =      219.0013
 EAMBER  =  -185581.4000


   NSTEP       ENERGY          RMS            GMAX         NAME    NUMBER
   3400      -1.8541E+05     1.1926E-01     1.0870E+01     NE2      3235

 BOND    =    35556.6723  ANGLE   =      308.9633  DIHED      =      942.6965
 VDWAALS =    41620.4137  EEL     =  -273763.2667  HBOND      =        0.0000
 1-4 VDW =      764.3240  1-4 EEL =     8937.9659  RESTRAINT  =      218.9667
 EAMBER  =  -185632.2310


   NSTEP       ENERGY          RMS            GMAX         NAME    NUMBER
   3450      -1.8546E+05     2.3507E-01     3.2413E+01     NE2      3235

 BOND    =    35590.1649  ANGLE   =      309.2213  DIHED      =      942.7169
 VDWAALS =    41682.2883  EEL     =  -273907.8723  HBOND      =        0.0000
 1-4 VDW =      764.3462  1-4 EEL =     8937.7914  RESTRAINT  =      218.9446
 EAMBER  =  -185681.3434


   NSTEP       ENERGY          RMS            GMAX         NAME    NUMBER
   3500      -1.8551E+05     3.5014E-01     4.4890E+01     C        3501

 BOND    =    35623.9021  ANGLE   =      309.3332  DIHED      =      942.7396
 VDWAALS =    41743.2547  EEL     =  -274051.1110  HBOND      =        0.0000
 1-4 VDW =      764.3839  1-4 EEL =     8937.8609  RESTRAINT  =      218.9352
 EAMBER  =  -185729.6366


   NSTEP       ENERGY          RMS            GMAX         NAME    NUMBER
   3550      -1.8556E+05     1.3694E-01     1.3400E+01     NE2      3235

 BOND    =    35654.5619  ANGLE   =      308.6841  DIHED      =      942.7805
 VDWAALS =    41804.4685  EEL     =  -274192.9890  HBOND      =        0.0000
 1-4 VDW =      764.3453  1-4 EEL =     8937.6611  RESTRAINT  =      218.9044
 EAMBER  =  -185780.4875


   NSTEP       ENERGY          RMS            GMAX         NAME    NUMBER
   3600      -1.8561E+05     3.1063E-01     5.7651E+01     C        3501

 BOND    =    35688.0387  ANGLE   =      308.8157  DIHED      =      942.8162
 VDWAALS =    41865.2277  EEL     =  -274333.0955  HBOND      =        0.0000
 1-4 VDW =      764.3270  1-4 EEL =     8937.4151  RESTRAINT  =      218.9018
 EAMBER  =  -185826.4551


   NSTEP       ENERGY          RMS            GMAX         NAME    NUMBER
   3650      -1.8565E+05     1.4627E-01     1.6133E+01     NE2      3235

 BOND    =    35717.4796  ANGLE   =      308.8038  DIHED      =      942.8344
 VDWAALS =    41923.6464  EEL     =  -274468.3064  HBOND      =        0.0000
 1-4 VDW =      764.3619  1-4 EEL =     8937.3555  RESTRAINT  =      218.9173
 EAMBER  =  -185873.8248


   NSTEP       ENERGY          RMS            GMAX         NAME    NUMBER
   3700      -1.8570E+05     2.6223E-01     3.3396E+01     NE2      3235

 BOND    =    35748.7749  ANGLE   =      309.0105  DIHED      =      942.8576
 VDWAALS =    41981.1952  EEL     =  -274600.9776  HBOND      =        0.0000
 1-4 VDW =      764.3763  1-4 EEL =     8937.2751  RESTRAINT  =      218.9419
 EAMBER  =  -185917.4879


   NSTEP       ENERGY          RMS            GMAX         NAME    NUMBER
   3750      -1.8574E+05     3.6188E-01     5.0234E+01     NE2      3235

 BOND    =    35779.7343  ANGLE   =      309.3837  DIHED      =      942.8783
 VDWAALS =    42037.8989  EEL     =  -274730.7834  HBOND      =        0.0000
 1-4 VDW =      764.3754  1-4 EEL =     8937.0407  RESTRAINT  =      218.9666
 EAMBER  =  -185959.4722


   NSTEP       ENERGY          RMS            GMAX         NAME    NUMBER
   3800      -1.8579E+05     2.1069E-01     2.8404E+01     NE2      3235

 BOND    =    35808.5043  ANGLE   =      308.5345  DIHED      =      942.9123
 VDWAALS =    42094.6414  EEL     =  -274860.7357  HBOND      =        0.0000
 1-4 VDW =      764.3427  1-4 EEL =     8937.0659  RESTRAINT  =      218.9618
 EAMBER  =  -186004.7346


   NSTEP       ENERGY          RMS            GMAX         NAME    NUMBER
   3850      -1.8583E+05     9.8664E-02     7.4533E+00     NE2      3235

 BOND    =    35836.3483  ANGLE   =      308.5868  DIHED      =      942.9157
 VDWAALS =    42148.2918  EEL     =  -274983.9592  HBOND      =        0.0000
 1-4 VDW =      764.3595  1-4 EEL =     8936.9316  RESTRAINT  =      218.9705
 EAMBER  =  -186046.5255


   NSTEP       ENERGY          RMS            GMAX         NAME    NUMBER
   3900      -1.8587E+05     1.6859E-01     2.1470E+01     NE2      3235

 BOND    =    35864.5786  ANGLE   =      308.7498  DIHED      =      942.9181
 VDWAALS =    42200.1831  EEL     =  -275103.8791  HBOND      =        0.0000
 1-4 VDW =      764.3667  1-4 EEL =     8936.7954  RESTRAINT  =      218.9645
 EAMBER  =  -186086.2874


   NSTEP       ENERGY          RMS            GMAX         NAME    NUMBER
   3950      -1.8591E+05     2.8100E-01     5.2480E+01     C        3501

 BOND    =    35892.7543  ANGLE   =      308.9853  DIHED      =      942.9170
 VDWAALS =    42250.5672  EEL     =  -275220.7355  HBOND      =        0.0000
 1-4 VDW =      764.3641  1-4 EEL =     8936.5677  RESTRAINT  =      218.9400
 EAMBER  =  -186124.5799


   NSTEP       ENERGY          RMS            GMAX         NAME    NUMBER
   4000      -1.8595E+05     9.3600E-02     5.9923E+00     NE2      3235

 BOND    =    35918.4809  ANGLE   =      308.4497  DIHED      =      942.9175
 VDWAALS =    42299.0423  EEL     =  -275334.5678  HBOND      =        0.0000
 1-4 VDW =      764.3695  1-4 EEL =     8936.7465  RESTRAINT  =      218.8998
 EAMBER  =  -186164.5614


   NSTEP       ENERGY          RMS            GMAX         NAME    NUMBER
   4050      -1.8598E+05     2.4274E-01     3.5762E+01     C        3501

 BOND    =    35947.0107  ANGLE   =      308.5412  DIHED      =      942.9152
 VDWAALS =    42349.0098  EEL     =  -275452.0527  HBOND      =        0.0000
 1-4 VDW =      764.3566  1-4 EEL =     8936.6114  RESTRAINT  =      218.8554
 EAMBER  =  -186203.6077


   NSTEP       ENERGY          RMS            GMAX         NAME    NUMBER
   4100      -1.8602E+05     9.5708E-02     7.1284E+00     NE2      3235

 BOND    =    35971.9386  ANGLE   =      308.5163  DIHED      =      942.8991
 VDWAALS =    42395.3021  EEL     =  -275562.4730  HBOND      =        0.0000
 1-4 VDW =      764.3834  1-4 EEL =     8936.6167  RESTRAINT  =      218.8219
 EAMBER  =  -186242.8168


   NSTEP       ENERGY          RMS            GMAX         NAME    NUMBER
   4150      -1.8606E+05     8.9813E-02     4.8920E+00     NE2      3235

 BOND    =    35997.9042  ANGLE   =      308.4931  DIHED      =      942.8911
 VDWAALS =    42441.1879  EEL     =  -275672.7614  HBOND      =        0.0000
 1-4 VDW =      764.3843  1-4 EEL =     8936.5774  RESTRAINT  =      218.7893
 EAMBER  =  -186281.3234


   NSTEP       ENERGY          RMS            GMAX         NAME    NUMBER
   4200      -1.8610E+05     2.7726E-01     4.0720E+01     C        3501

 BOND    =    36025.6031  ANGLE   =      308.9769  DIHED      =      942.8789
 VDWAALS =    42487.8304  EEL     =  -275785.9790  HBOND      =        0.0000
 1-4 VDW =      764.3827  1-4 EEL =     8936.3411  RESTRAINT  =      218.7742
 EAMBER  =  -186319.9658


   NSTEP       ENERGY          RMS            GMAX         NAME    NUMBER
   4250      -1.8614E+05     4.1458E-01     5.5884E+01     NE2      3235

 BOND    =    36052.9714  ANGLE   =      309.2497  DIHED      =      942.8677
 VDWAALS =    42531.9563  EEL     =  -275894.3310  HBOND      =        0.0000
 1-4 VDW =      764.4098  1-4 EEL =     8936.5668  RESTRAINT  =      218.7875
 EAMBER  =  -186356.3092


   NSTEP       ENERGY          RMS            GMAX         NAME    NUMBER
   4300      -1.8618E+05     2.3859E-01     3.1559E+01     NE2      3235

 BOND    =    36075.5891  ANGLE   =      308.5447  DIHED      =      942.8776
 VDWAALS =    42573.6400  EEL     =  -275997.4343  HBOND      =        0.0000
 1-4 VDW =      764.3470  1-4 EEL =     8936.4139  RESTRAINT  =      218.7742
 EAMBER  =  -186396.0221


   NSTEP       ENERGY          RMS            GMAX         NAME    NUMBER
   4350      -1.8622E+05     1.0756E-01     1.1253E+01     NE2      3235

 BOND    =    36098.8935  ANGLE   =      308.5872  DIHED      =      942.8652
 VDWAALS =    42614.2555  EEL     =  -276100.1893  HBOND      =        0.0000
 1-4 VDW =      764.3556  1-4 EEL =     8936.3665  RESTRAINT  =      218.8093
 EAMBER  =  -186434.8658


   NSTEP       ENERGY          RMS            GMAX         NAME    NUMBER
   4400      -1.8625E+05     1.4038E-01     1.7750E+01     NE2      3235

 BOND    =    36122.9339  ANGLE   =      308.6607  DIHED      =      942.8590
 VDWAALS =    42653.7695  EEL     =  -276200.7342  HBOND      =        0.0000
 1-4 VDW =      764.3483  1-4 EEL =     8936.3272  RESTRAINT  =      218.8484
 EAMBER  =  -186471.8356


   NSTEP       ENERGY          RMS            GMAX         NAME    NUMBER
   4450      -1.8629E+05     9.3166E-02     7.1885E+00     NE2      3235

 BOND    =    36146.3476  ANGLE   =      308.4954  DIHED      =      942.8567
 VDWAALS =    42692.4176  EEL     =  -276298.8676  HBOND      =        0.0000
 1-4 VDW =      764.3257  1-4 EEL =     8936.3132  RESTRAINT  =      218.8736
 EAMBER  =  -186508.1113


   NSTEP       ENERGY          RMS            GMAX         NAME    NUMBER
   4500      -1.8632E+05     8.7115E-02     5.0903E+00     NE2      3235

 BOND    =    36169.1957  ANGLE   =      308.5029  DIHED      =      942.8509
 VDWAALS =    42730.5394  EEL     =  -276394.6070  HBOND      =        0.0000
 1-4 VDW =      764.3196  1-4 EEL =     8936.2743  RESTRAINT  =      218.8843
 EAMBER  =  -186542.9242


   NSTEP       ENERGY          RMS            GMAX         NAME    NUMBER
   4550      -1.8636E+05     2.3988E-01     3.4738E+01     NE2      3235

 BOND    =    36193.2000  ANGLE   =      308.5245  DIHED      =      942.8505
 VDWAALS =    42769.5155  EEL     =  -276490.3539  HBOND      =        0.0000
 1-4 VDW =      764.3080  1-4 EEL =     8936.2891  RESTRAINT  =      218.8753
 EAMBER  =  -186575.6662


   NSTEP       ENERGY          RMS            GMAX         NAME    NUMBER
   4600      -1.8639E+05     1.2780E-01     1.5643E+01     NE2      3235

 BOND    =    36214.0550  ANGLE   =      308.6794  DIHED      =      942.8387
 VDWAALS =    42807.4984  EEL     =  -276582.3517  HBOND      =        0.0000
 1-4 VDW =      764.3224  1-4 EEL =     8936.1314  RESTRAINT  =      218.8589
 EAMBER  =  -186608.8264


   NSTEP       ENERGY          RMS            GMAX         NAME    NUMBER
   4650      -1.8642E+05     2.1024E-01     3.0605E+01     NE2      3235

 BOND    =    36235.5824  ANGLE   =      308.8624  DIHED      =      942.8346
 VDWAALS =    42844.6639  EEL     =  -276672.2412  HBOND      =        0.0000
 1-4 VDW =      764.3316  1-4 EEL =     8936.0854  RESTRAINT  =      218.8392
 EAMBER  =  -186639.8809


   NSTEP       ENERGY          RMS            GMAX         NAME    NUMBER
   4700      -1.8645E+05     9.4368E-02     9.5201E+00     NE2      3235

 BOND    =    36256.0821  ANGLE   =      308.4977  DIHED      =      942.8380
 VDWAALS =    42882.2842  EEL     =  -276762.2492  HBOND      =        0.0000
 1-4 VDW =      764.3235  1-4 EEL =     8936.1074  RESTRAINT  =      218.8049
 EAMBER  =  -186672.1163


   NSTEP       ENERGY          RMS            GMAX         NAME    NUMBER
   4750      -1.8648E+05     1.9641E-01     2.7683E+01     C        3501

 BOND    =    36276.7685  ANGLE   =      308.4582  DIHED      =      942.8378
 VDWAALS =    42918.4941  EEL     =  -276848.8392  HBOND      =        0.0000
 1-4 VDW =      764.3325  1-4 EEL =     8936.1843  RESTRAINT  =      218.7836
 EAMBER  =  -186701.7638


   NSTEP       ENERGY          RMS            GMAX         NAME    NUMBER
   4800      -1.8651E+05     3.0632E-01     6.7717E+01     C        3501

 BOND    =    36296.9675  ANGLE   =      308.7408  DIHED      =      942.8377
 VDWAALS =    42953.7190  EEL     =  -276932.9365  HBOND      =        0.0000
 1-4 VDW =      764.3124  1-4 EEL =     8935.8462  RESTRAINT  =      218.7573
 EAMBER  =  -186730.5129


   NSTEP       ENERGY          RMS            GMAX         NAME    NUMBER
   4850      -1.8654E+05     1.5478E-01     2.1288E+01     NE2      3235

 BOND    =    36314.6389  ANGLE   =      308.7335  DIHED      =      942.8272
 VDWAALS =    42988.1638  EEL     =  -277015.4280  HBOND      =        0.0000
 1-4 VDW =      764.3482  1-4 EEL =     8935.9257  RESTRAINT  =      218.7462
 EAMBER  =  -186760.7907


   NSTEP       ENERGY          RMS            GMAX         NAME    NUMBER
   4900      -1.8657E+05     2.4279E-01     4.4594E+01     C        3501

 BOND    =    36333.9258  ANGLE   =      308.9043  DIHED      =      942.8250
 VDWAALS =    43022.1070  EEL     =  -277097.3969  HBOND      =        0.0000
 1-4 VDW =      764.3470  1-4 EEL =     8935.7833  RESTRAINT  =      218.7316
 EAMBER  =  -186789.5045


   NSTEP       ENERGY          RMS            GMAX         NAME    NUMBER
   4950      -1.8660E+05     8.1415E-02     5.5340E+00     NE2      3235

 BOND    =    36351.7567  ANGLE   =      308.4923  DIHED      =      942.8250
 VDWAALS =    43055.3685  EEL     =  -277178.3485  HBOND      =        0.0000
 1-4 VDW =      764.3547  1-4 EEL =     8935.9589  RESTRAINT  =      218.7165
 EAMBER  =  -186819.5923


   NSTEP       ENERGY          RMS            GMAX         NAME    NUMBER
   5000      -1.8663E+05     2.0623E-01     2.8307E+01     NE2      3235

 BOND    =    36371.5284  ANGLE   =      308.5129  DIHED      =      942.8278
 VDWAALS =    43089.3921  EEL     =  -277260.9032  HBOND      =        0.0000
 1-4 VDW =      764.3483  1-4 EEL =     8935.9442  RESTRAINT  =      218.7075
 EAMBER  =  -186848.3496


   NSTEP       ENERGY          RMS            GMAX         NAME    NUMBER
   5050      -1.8687E+05     4.0857E-01     3.7816E+01     O       29012

 BOND    =    36564.8617  ANGLE   =      308.4995  DIHED      =      942.7087
 VDWAALS =    43454.9736  EEL     =  -278059.3478  HBOND      =        0.0000
 1-4 VDW =      764.4588  1-4 EEL =     8935.6063  RESTRAINT  =      218.6927
 EAMBER  =  -187088.2393


   NSTEP       ENERGY          RMS            GMAX         NAME    NUMBER
   5100      -1.8696E+05     3.6560E-01     5.1807E+01     CD       1327

 BOND    =    36625.4826  ANGLE   =      308.8891  DIHED      =      943.1664
 VDWAALS =    43582.9663  EEL     =  -278336.9054  HBOND      =        0.0000
 1-4 VDW =      764.3752  1-4 EEL =     8935.2518  RESTRAINT  =      218.6566
 EAMBER  =  -187176.7740


   NSTEP       ENERGY          RMS            GMAX         NAME    NUMBER
   5150      -1.8704E+05     2.7295E-01     1.7090E+01     CD       1327

 BOND    =    36685.3524  ANGLE   =      308.8710  DIHED      =      943.2183
 VDWAALS =    43686.2867  EEL     =  -278585.6007  HBOND      =        0.0000
 1-4 VDW =      764.3783  1-4 EEL =     8934.7254  RESTRAINT  =      218.6543
 EAMBER  =  -187262.7685


   NSTEP       ENERGY          RMS            GMAX         NAME    NUMBER
   5200      -1.8712E+05     2.6263E-01     1.3477E+01     CD       1327

 BOND    =    36740.0373  ANGLE   =      308.9359  DIHED      =      943.1475
 VDWAALS =    43787.7252  EEL     =  -278820.6540  HBOND      =        0.0000
 1-4 VDW =      764.3152  1-4 EEL =     8934.4546  RESTRAINT  =      218.6222
 EAMBER  =  -187342.0383


   NSTEP       ENERGY          RMS            GMAX         NAME    NUMBER
   5250      -1.8719E+05     2.3808E-01     1.2502E+01     CE1      3233

 BOND    =    36793.8218  ANGLE   =      308.7874  DIHED      =      943.1253
 VDWAALS =    43885.4129  EEL     =  -279042.4440  HBOND      =        0.0000
 1-4 VDW =      764.2925  1-4 EEL =     8934.3049  RESTRAINT  =      218.5928
 EAMBER  =  -187412.6991


   NSTEP       ENERGY          RMS            GMAX         NAME    NUMBER
   5300      -1.8725E+05     2.1192E-01     1.3078E+01     CB       3228

 BOND    =    36834.6219  ANGLE   =      308.7442  DIHED      =      943.0159
 VDWAALS =    43969.7806  EEL     =  -279226.4562  HBOND      =        0.0000
 1-4 VDW =      764.3155  1-4 EEL =     8934.1396  RESTRAINT  =      218.5517
 EAMBER  =  -187471.8384


   NSTEP       ENERGY          RMS            GMAX         NAME    NUMBER
   5350      -1.8731E+05     1.8219E-01     1.2125E+01     C         374

 BOND    =    36875.1471  ANGLE   =      308.9136  DIHED      =      943.2448
 VDWAALS =    44059.3938  EEL     =  -279411.3786  HBOND      =        0.0000
 1-4 VDW =      764.3644  1-4 EEL =     8933.8826  RESTRAINT  =      218.5168
 EAMBER  =  -187526.4323


   NSTEP       ENERGY          RMS            GMAX         NAME    NUMBER
   5400      -1.8735E+05     1.5602E-01     1.8702E+01     C        3501

 BOND    =    36910.9572  ANGLE   =      308.6878  DIHED      =      943.0014
 VDWAALS =    44130.0367  EEL     =  -279562.7012  HBOND      =        0.0000
 1-4 VDW =      764.3416  1-4 EEL =     8933.9990  RESTRAINT  =      218.5034
 EAMBER  =  -187571.6775


   NSTEP       ENERGY          RMS            GMAX         NAME    NUMBER
   5450      -1.8740E+05     1.3892E-01     9.3571E+00     H2      15458

 BOND    =    36957.9932  ANGLE   =      308.6790  DIHED      =      943.0468
 VDWAALS =    44219.4451  EEL     =  -279746.7270  HBOND      =        0.0000
 1-4 VDW =      764.3603  1-4 EEL =     8933.8186  RESTRAINT  =      218.5159
 EAMBER  =  -187619.3841


   NSTEP       ENERGY          RMS            GMAX         NAME    NUMBER
   5500      -1.8745E+05     2.2740E-01     1.7165E+01     C        3501

 BOND    =    37015.8233  ANGLE   =      308.8916  DIHED      =      943.1479
 VDWAALS =    44299.8482  EEL     =  -279930.3928  HBOND      =        0.0000
 1-4 VDW =      764.4021  1-4 EEL =     8933.5833  RESTRAINT  =      218.5252
 EAMBER  =  -187664.6966


   NSTEP       ENERGY          RMS            GMAX         NAME    NUMBER
   5550      -1.8749E+05     1.7843E-01     9.0303E+00     H2      15458

 BOND    =    37032.0383  ANGLE   =      308.6991  DIHED      =      943.0175
 VDWAALS =    44363.8213  EEL     =  -280054.7780  HBOND      =        0.0000
 1-4 VDW =      764.3993  1-4 EEL =     8933.6874  RESTRAINT  =      218.5073
 EAMBER  =  -187709.1152


   NSTEP       ENERGY          RMS            GMAX         NAME    NUMBER
   5600      -1.8753E+05     2.0746E-01     1.1509E+01     C         374

 BOND    =    37067.4103  ANGLE   =      308.8031  DIHED      =      943.1814
 VDWAALS =    44427.7021  EEL     =  -280198.0560  HBOND      =        0.0000
 1-4 VDW =      764.4383  1-4 EEL =     8933.5387  RESTRAINT  =      218.5333
 EAMBER  =  -187752.9821


   NSTEP       ENERGY          RMS            GMAX         NAME    NUMBER
   5650      -1.8758E+05     2.2100E-01     1.1227E+01     CD2      3237

 BOND    =    37102.8282  ANGLE   =      308.6440  DIHED      =      943.0217
 VDWAALS =    44490.2357  EEL     =  -280345.8590  HBOND      =        0.0000
 1-4 VDW =      764.4731  1-4 EEL =     8933.4078  RESTRAINT  =      218.6442
 EAMBER  =  -187803.2485


   NSTEP       ENERGY          RMS            GMAX         NAME    NUMBER
   5700      -1.8764E+05     2.5287E-01     1.4163E+01     CD2      3237

 BOND    =    37154.7587  ANGLE   =      308.6124  DIHED      =      942.8949
 VDWAALS =    44592.3071  EEL     =  -280556.8450  HBOND      =        0.0000
 1-4 VDW =      764.5069  1-4 EEL =     8933.0243  RESTRAINT  =      218.9185
 EAMBER  =  -187860.7407


   NSTEP       ENERGY          RMS            GMAX         NAME    NUMBER
   5750      -1.8775E+05     3.5738E-01     5.6065E+01     H2       7010

 BOND    =    37253.4162  ANGLE   =      308.4327  DIHED      =      942.5987
 VDWAALS =    44821.2232  EEL     =  -280993.7591  HBOND      =        0.0000
 1-4 VDW =      764.5109  1-4 EEL =     8932.5112  RESTRAINT  =      219.7472
 EAMBER  =  -187971.0661


   NSTEP       ENERGY          RMS            GMAX         NAME    NUMBER
   5800      -1.8784E+05     2.4551E-01     1.8305E+01     C         374

 BOND    =    37284.7186  ANGLE   =      309.0990  DIHED      =      943.0560
 VDWAALS =    44883.5826  EEL     =  -281173.3776  HBOND      =        0.0000
 1-4 VDW =      764.4793  1-4 EEL =     8932.4397  RESTRAINT  =      220.0205
 EAMBER  =  -188056.0024


   NSTEP       ENERGY          RMS            GMAX         NAME    NUMBER
   5850      -1.8788E+05     1.8975E-01     1.6058E+01     C         374

 BOND    =    37314.7805  ANGLE   =      309.0638  DIHED      =      942.8411
 VDWAALS =    44943.9314  EEL     =  -281306.3544  HBOND      =        0.0000
 1-4 VDW =      764.4711  1-4 EEL =     8931.8970  RESTRAINT  =      220.4764
 EAMBER  =  -188099.3694


   NSTEP       ENERGY          RMS            GMAX         NAME    NUMBER
   5900      -1.8791E+05     3.3963E-01     3.1175E+01     C        3501

 BOND    =    37353.4173  ANGLE   =      309.3006  DIHED      =      942.5711
 VDWAALS =    45027.3820  EEL     =  -281463.6246  HBOND      =        0.0000
 1-4 VDW =      764.5332  1-4 EEL =     8931.2889  RESTRAINT  =      221.2640
 EAMBER  =  -188135.1316


   NSTEP       ENERGY          RMS            GMAX         NAME    NUMBER
   5950      -1.8796E+05     1.8225E-01     1.2286E+01     N         376

 BOND    =    37392.4606  ANGLE   =      309.1623  DIHED      =      942.2761
 VDWAALS =    45100.7772  EEL     =  -281620.7040  HBOND      =        0.0000
 1-4 VDW =      764.3574  1-4 EEL =     8930.7749  RESTRAINT  =      221.9006
 EAMBER  =  -188180.8954


   NSTEP       ENERGY          RMS            GMAX         NAME    NUMBER
   6000      -1.8802E+05     2.3490E-01     1.6410E+01     C        3501

 BOND    =    37447.8262  ANGLE   =      309.3774  DIHED      =      941.9378
 VDWAALS =    45252.7524  EEL     =  -281894.5618  HBOND      =        0.0000
 1-4 VDW =      764.4047  1-4 EEL =     8930.8154  RESTRAINT  =      223.1552
 EAMBER  =  -188247.4478


   NSTEP       ENERGY          RMS            GMAX         NAME    NUMBER
   6050      -1.8808E+05     1.9066E-01     1.3503E+01     O       33740

 BOND    =    37493.6186  ANGLE   =      309.4578  DIHED      =      942.3784
 VDWAALS =    45343.3233  EEL     =  -282087.0188  HBOND      =        0.0000
 1-4 VDW =      764.2944  1-4 EEL =     8930.9702  RESTRAINT  =      221.1546
 EAMBER  =  -188302.9761


   NSTEP       ENERGY          RMS            GMAX         NAME    NUMBER
   6100      -1.8813E+05     1.9664E-01     1.0676E+01     C         374

 BOND    =    37525.1049  ANGLE   =      309.2286  DIHED      =      942.3178
 VDWAALS =    45409.8904  EEL     =  -282228.9843  HBOND      =        0.0000
 1-4 VDW =      764.5439  1-4 EEL =     8930.3321  RESTRAINT  =      221.4337
 EAMBER  =  -188347.5666


   NSTEP       ENERGY          RMS            GMAX         NAME    NUMBER
   6150      -1.8819E+05     2.4946E-01     2.6910E+01     H2      11066

 BOND    =    37579.4388  ANGLE   =      309.4350  DIHED      =      942.7879
 VDWAALS =    45536.9330  EEL     =  -282469.3300  HBOND      =        0.0000
 1-4 VDW =      764.4940  1-4 EEL =     8930.9189  RESTRAINT  =      219.8506
 EAMBER  =  -188405.3224


   NSTEP       ENERGY          RMS            GMAX         NAME    NUMBER
   6200      -1.8824E+05     1.6799E-01     8.4061E+00     N         376

 BOND    =    37615.6626  ANGLE   =      308.7648  DIHED      =      942.7115
 VDWAALS =    45590.1111  EEL     =  -282609.8541  HBOND      =        0.0000
 1-4 VDW =      764.4809  1-4 EEL =     8930.2683  RESTRAINT  =      221.4435
 EAMBER  =  -188457.8549


   NSTEP       ENERGY          RMS            GMAX         NAME    NUMBER
   6250      -1.8827E+05     1.7031E-01     7.5721E+00     O       12208

 BOND    =    37651.0248  ANGLE   =      308.8866  DIHED      =      942.9315
 VDWAALS =    45641.3465  EEL     =  -282732.7338  HBOND      =        0.0000
 1-4 VDW =      764.5014  1-4 EEL =     8930.5419  RESTRAINT  =      220.5275
 EAMBER  =  -188493.5011


   NSTEP       ENERGY          RMS            GMAX         NAME    NUMBER
   6300      -1.8831E+05     1.9186E-01     1.0837E+01     C         374

 BOND    =    37681.5781  ANGLE   =      309.0047  DIHED      =      943.2267
 VDWAALS =    45697.8779  EEL     =  -282857.6172  HBOND      =        0.0000
 1-4 VDW =      764.3849  1-4 EEL =     8930.3575  RESTRAINT  =      220.7257
 EAMBER  =  -188531.1874


   NSTEP       ENERGY          RMS            GMAX         NAME    NUMBER
   6350      -1.8834E+05     1.4807E-01     9.7728E+00     CB       3483

 BOND    =    37682.9152  ANGLE   =      308.9101  DIHED      =      943.1594
 VDWAALS =    45733.2602  EEL     =  -282925.7014  HBOND      =        0.0000
 1-4 VDW =      764.4464  1-4 EEL =     8930.4380  RESTRAINT  =      220.6869
 EAMBER  =  -188562.5722


   NSTEP       ENERGY          RMS            GMAX         NAME    NUMBER
   6400      -1.8837E+05     1.6553E-01     1.2424E+01     CB       3483

 BOND    =    37699.6740  ANGLE   =      308.9725  DIHED      =      943.2641
 VDWAALS =    45771.6983  EEL     =  -283011.2306  HBOND      =        0.0000
 1-4 VDW =      764.3890  1-4 EEL =     8930.3025  RESTRAINT  =      220.7222
 EAMBER  =  -188592.9302


   NSTEP       ENERGY          RMS            GMAX         NAME    NUMBER
   6450      -1.8840E+05     1.9996E-01     1.6861E+01     C        3501

 BOND    =    37726.7505  ANGLE   =      309.0772  DIHED      =      943.3567
 VDWAALS =    45816.9502  EEL     =  -283116.1503  HBOND      =        0.0000
 1-4 VDW =      764.3106  1-4 EEL =     8930.2319  RESTRAINT  =      220.7219
 EAMBER  =  -188625.4731


   NSTEP       ENERGY          RMS            GMAX         NAME    NUMBER
   6500      -1.8843E+05     1.7169E-01     1.3442E+01     CG       1877

 BOND    =    37742.3141  ANGLE   =      309.2621  DIHED      =      943.4763
 VDWAALS =    45858.3827  EEL     =  -283201.0136  HBOND      =        0.0000
 1-4 VDW =      764.2358  1-4 EEL =     8930.1711  RESTRAINT  =      220.9479
 EAMBER  =  -188653.1715


   NSTEP       ENERGY          RMS            GMAX         NAME    NUMBER
   6550      -1.8846E+05     1.5314E-01     1.0543E+01     CG       1877

 BOND    =    37761.3986  ANGLE   =      309.5230  DIHED      =      943.5495
 VDWAALS =    45897.0921  EEL     =  -283287.6707  HBOND      =        0.0000
 1-4 VDW =      764.1499  1-4 EEL =     8930.1118  RESTRAINT  =      221.3253
 EAMBER  =  -188681.8459


   NSTEP       ENERGY          RMS            GMAX         NAME    NUMBER
   6600      -1.8850E+05     8.4939E-02     8.2113E+00     O       12208

 BOND    =    37785.8743  ANGLE   =      309.4610  DIHED      =      943.5756
 VDWAALS =    45947.9567  EEL     =  -283399.0444  HBOND      =        0.0000
 1-4 VDW =      764.2541  1-4 EEL =     8930.1084  RESTRAINT  =      221.4167
 EAMBER  =  -188717.8143


   NSTEP       ENERGY          RMS            GMAX         NAME    NUMBER
   6650      -1.8854E+05     8.8127E-02     5.1555E+00     O       12208

 BOND    =    37823.8926  ANGLE   =      309.2006  DIHED      =      943.7588
 VDWAALS =    46020.3007  EEL     =  -283549.3653  HBOND      =        0.0000
 1-4 VDW =      764.5966  1-4 EEL =     8929.9160  RESTRAINT  =      220.5905
 EAMBER  =  -188757.7000


   NSTEP       ENERGY          RMS            GMAX         NAME    NUMBER
   6700      -1.8858E+05     9.2235E-02     5.5709E+00     CE3      2388

 BOND    =    37851.9244  ANGLE   =      309.5354  DIHED      =      943.9653
 VDWAALS =    46088.4557  EEL     =  -283688.6655  HBOND      =        0.0000
 1-4 VDW =      764.4493  1-4 EEL =     8929.9657  RESTRAINT  =      220.4418
 EAMBER  =  -188800.3698


   NSTEP       ENERGY          RMS            GMAX         NAME    NUMBER
   6750      -1.8860E+05     1.0914E-01     7.7422E+00     O       11988

 BOND    =    37871.4226  ANGLE   =      309.5948  DIHED      =      944.0996
 VDWAALS =    46127.7552  EEL     =  -283772.1242  HBOND      =        0.0000
 1-4 VDW =      764.5002  1-4 EEL =     8929.8014  RESTRAINT  =      220.3938
 EAMBER  =  -188824.9504


   NSTEP       ENERGY          RMS            GMAX         NAME    NUMBER
   6800      -1.8862E+05     1.3469E-01     7.5120E+00     O       11988

 BOND    =    37888.3306  ANGLE   =      309.6815  DIHED      =      944.2046
 VDWAALS =    46157.8851  EEL     =  -283839.3207  HBOND      =        0.0000
 1-4 VDW =      764.4209  1-4 EEL =     8929.7666  RESTRAINT  =      220.3227
 EAMBER  =  -188845.0315


   NSTEP       ENERGY          RMS            GMAX         NAME    NUMBER
   6850      -1.8865E+05     1.7912E-01     1.4701E+01     CG       1477

 BOND    =    37908.6741  ANGLE   =      310.0270  DIHED      =      944.4162
 VDWAALS =    46193.9411  EEL     =  -283920.5204  HBOND      =        0.0000
 1-4 VDW =      764.4394  1-4 EEL =     8929.4680  RESTRAINT  =      220.2698
 EAMBER  =  -188869.5545


   NSTEP       ENERGY          RMS            GMAX         NAME    NUMBER
   6900      -1.8868E+05     1.8531E-01     1.0903E+01     CE3      2388

 BOND    =    37932.1872  ANGLE   =      309.9153  DIHED      =      944.5827
 VDWAALS =    46240.5593  EEL     =  -284019.3629  HBOND      =        0.0000
 1-4 VDW =      764.3773  1-4 EEL =     8929.7315  RESTRAINT  =      220.2136
 EAMBER  =  -188898.0097


   NSTEP       ENERGY          RMS            GMAX         NAME    NUMBER
   6950      -1.8871E+05     2.6278E-01     2.2334E+01     CA        378

 BOND    =    37960.9973  ANGLE   =      310.2332  DIHED      =      944.7718
 VDWAALS =    46290.0648  EEL     =  -284128.5978  HBOND      =        0.0000
 1-4 VDW =      764.3532  1-4 EEL =     8929.6701  RESTRAINT  =      220.1779
 EAMBER  =  -188928.5075


   NSTEP       ENERGY          RMS            GMAX         NAME    NUMBER
   7000      -1.8874E+05     1.7775E-01     1.2006E+01     O       30908

 BOND    =    37977.9386  ANGLE   =      310.1881  DIHED      =      944.7832
 VDWAALS =    46333.1224  EEL     =  -284215.4437  HBOND      =        0.0000
 1-4 VDW =      764.2407  1-4 EEL =     8929.7318  RESTRAINT  =      220.1842
 EAMBER  =  -188955.4389


   NSTEP       ENERGY          RMS            GMAX         NAME    NUMBER
   7050      -1.8876E+05     1.7187E-01     1.2206E+01     C        3501

 BOND    =    38002.4363  ANGLE   =      310.9740  DIHED      =      944.7630
 VDWAALS =    46389.1199  EEL     =  -284323.9292  HBOND      =        0.0000
 1-4 VDW =      763.8759  1-4 EEL =     8929.9295  RESTRAINT  =      220.6565
 EAMBER  =  -188982.8306


   NSTEP       ENERGY          RMS            GMAX         NAME    NUMBER
   7100      -1.8880E+05     1.7460E-01     1.7785E+01     C        3501

 BOND    =    38029.9498  ANGLE   =      310.2345  DIHED      =      944.8567
 VDWAALS =    46448.7777  EEL     =  -284446.7070  HBOND      =        0.0000
 1-4 VDW =      764.2045  1-4 EEL =     8929.7638  RESTRAINT  =      220.4988
 EAMBER  =  -189018.9199


   NSTEP       ENERGY          RMS            GMAX         NAME    NUMBER
   7150      -1.8883E+05     2.3751E-01     1.9231E+01     CD       1214

 BOND    =    38057.1573  ANGLE   =      310.7337  DIHED      =      944.8521
 VDWAALS =    46491.2961  EEL     =  -284546.9111  HBOND      =        0.0000
 1-4 VDW =      764.0367  1-4 EEL =     8929.3350  RESTRAINT  =      220.3227
 EAMBER  =  -189049.5001


   NSTEP       ENERGY          RMS            GMAX         NAME    NUMBER
   7200      -1.8886E+05     1.8799E-01     9.2410E+00     H1      32145

 BOND    =    38074.3192  ANGLE   =      310.3338  DIHED      =      944.5926
 VDWAALS =    46533.6124  EEL     =  -284636.1607  HBOND      =        0.0000
 1-4 VDW =      764.4603  1-4 EEL =     8929.5933  RESTRAINT  =      220.1245
 EAMBER  =  -189079.2490


   NSTEP       ENERGY          RMS            GMAX         NAME    NUMBER
   7250      -1.8888E+05     1.4098E-01     5.0791E+00     C        2170

 BOND    =    38088.1128  ANGLE   =      310.2549  DIHED      =      944.5631
 VDWAALS =    46559.5470  EEL     =  -284700.2763  HBOND      =        0.0000
 1-4 VDW =      764.4200  1-4 EEL =     8929.7479  RESTRAINT  =      220.0284
 EAMBER  =  -189103.6307


   NSTEP       ENERGY          RMS            GMAX         NAME    NUMBER
   7300      -1.8891E+05     1.5540E-01     7.0819E+00     CB        387

 BOND    =    38104.9691  ANGLE   =      309.9396  DIHED      =      944.6549
 VDWAALS =    46597.3478  EEL     =  -284778.2172  HBOND      =        0.0000
 1-4 VDW =      764.4883  1-4 EEL =     8929.8670  RESTRAINT  =      219.8934
 EAMBER  =  -189126.9505


   NSTEP       ENERGY          RMS            GMAX         NAME    NUMBER
   7350      -1.8893E+05     1.4331E-01     9.2507E+00     CD       1097

 BOND    =    38115.6765  ANGLE   =      309.9285  DIHED      =      944.7069
 VDWAALS =    46621.4714  EEL     =  -284836.7935  HBOND      =        0.0000
 1-4 VDW =      764.4966  1-4 EEL =     8929.8867  RESTRAINT  =      219.8040
 EAMBER  =  -189150.6271


   NSTEP       ENERGY          RMS            GMAX         NAME    NUMBER
   7400      -1.8895E+05     1.3758E-01     5.6353E+00     CD       1097

 BOND    =    38128.5154  ANGLE   =      309.8482  DIHED      =      944.7452
 VDWAALS =    46647.8551  EEL     =  -284895.2670  HBOND      =        0.0000
 1-4 VDW =      764.5127  1-4 EEL =     8930.0537  RESTRAINT  =      219.6652
 EAMBER  =  -189169.7367


   NSTEP       ENERGY          RMS            GMAX         NAME    NUMBER
   7450      -1.8897E+05     1.5257E-01     8.8982E+00     C        3501

 BOND    =    38139.9008  ANGLE   =      309.9255  DIHED      =      944.7496
 VDWAALS =    46675.1769  EEL     =  -284952.4221  HBOND      =        0.0000
 1-4 VDW =      764.5328  1-4 EEL =     8930.1327  RESTRAINT  =      219.5304
 EAMBER  =  -189188.0040


   NSTEP       ENERGY          RMS            GMAX         NAME    NUMBER
   7500      -1.8899E+05     1.4308E-01     1.0345E+01     O        8012

 BOND    =    38152.3454  ANGLE   =      309.9105  DIHED      =      944.7863
 VDWAALS =    46701.1474  EEL     =  -285009.5067  HBOND      =        0.0000
 1-4 VDW =      764.5994  1-4 EEL =     8930.4930  RESTRAINT  =      219.4036
 EAMBER  =  -189206.2246


   NSTEP       ENERGY          RMS            GMAX         NAME    NUMBER
   7550      -1.8901E+05     1.9157E-01     7.7326E+00     CA       3226

 BOND    =    38170.7828  ANGLE   =      309.9478  DIHED      =      944.9628
 VDWAALS =    46735.9445  EEL     =  -285083.0786  HBOND      =        0.0000
 1-4 VDW =      764.8007  1-4 EEL =     8930.3701  RESTRAINT  =      219.3169
 EAMBER  =  -189226.2699


   NSTEP       ENERGY          RMS            GMAX         NAME    NUMBER
   7600      -1.8903E+05     1.4991E-01     6.9085E+00     O       23900

 BOND    =    38188.6297  ANGLE   =      309.7172  DIHED      =      944.9407
 VDWAALS =    46767.9455  EEL     =  -285153.0222  HBOND      =        0.0000
 1-4 VDW =      764.7246  1-4 EEL =     8930.7626  RESTRAINT  =      219.2568
 EAMBER  =  -189246.3019


   NSTEP       ENERGY          RMS            GMAX         NAME    NUMBER
   7650      -1.8905E+05     1.9330E-01     1.5371E+01     CG       1477

 BOND    =    38209.2938  ANGLE   =      309.6974  DIHED      =      944.8816
 VDWAALS =    46802.0174  EEL     =  -285228.1551  HBOND      =        0.0000
 1-4 VDW =      764.7863  1-4 EEL =     8930.8110  RESTRAINT  =      219.2266
 EAMBER  =  -189266.6677


   NSTEP       ENERGY          RMS            GMAX         NAME    NUMBER
   7700      -1.8906E+05     1.2223E-01     1.1922E+01     C        3501

 BOND    =    38199.6424  ANGLE   =      309.6894  DIHED      =      945.0028
 VDWAALS =    46823.8097  EEL     =  -285255.8310  HBOND      =        0.0000
 1-4 VDW =      764.7800  1-4 EEL =     8930.6591  RESTRAINT  =      219.2361
 EAMBER  =  -189282.2476


   NSTEP       ENERGY          RMS            GMAX         NAME    NUMBER
   7750      -1.8908E+05     1.0752E-01     7.7917E+00     O        8012

 BOND    =    38214.5647  ANGLE   =      309.5854  DIHED      =      945.0793
 VDWAALS =    46850.5968  EEL     =  -285316.3469  HBOND      =        0.0000
 1-4 VDW =      764.8023  1-4 EEL =     8930.8134  RESTRAINT  =      219.1900
 EAMBER  =  -189300.9050


   NSTEP       ENERGY          RMS            GMAX         NAME    NUMBER
   7800      -1.8910E+05     1.5418E-01     9.5331E+00     O        8012

 BOND    =    38225.7895  ANGLE   =      309.5315  DIHED      =      945.2080
 VDWAALS =    46875.3726  EEL     =  -285373.7035  HBOND      =        0.0000
 1-4 VDW =      764.8769  1-4 EEL =     8931.0936  RESTRAINT  =      219.1465
 EAMBER  =  -189321.8315


   NSTEP       ENERGY          RMS            GMAX         NAME    NUMBER
   7850      -1.8912E+05     1.2487E-01     1.2416E+01     O        8012

 BOND    =    38237.0005  ANGLE   =      309.5837  DIHED      =      945.2519
 VDWAALS =    46902.2579  EEL     =  -285432.5601  HBOND      =        0.0000
 1-4 VDW =      764.9845  1-4 EEL =     8931.1592  RESTRAINT  =      219.1487
 EAMBER  =  -189342.3224


   NSTEP       ENERGY          RMS            GMAX         NAME    NUMBER
   7900      -1.8914E+05     2.0113E-01     1.8393E+01     C        3501

 BOND    =    38265.9416  ANGLE   =      309.9644  DIHED      =      945.3312
 VDWAALS =    46936.5714  EEL     =  -285517.2325  HBOND      =        0.0000
 1-4 VDW =      764.9579  1-4 EEL =     8931.2863  RESTRAINT  =      219.0927
 EAMBER  =  -189363.1797


   NSTEP       ENERGY          RMS            GMAX         NAME    NUMBER
   7950      -1.8917E+05     9.4240E-02     3.5453E+00     H2      29070

 BOND    =    38270.1568  ANGLE   =      309.3305  DIHED      =      945.4010
 VDWAALS =    46965.2771  EEL     =  -285571.6982  HBOND      =        0.0000
 1-4 VDW =      765.1352  1-4 EEL =     8931.2006  RESTRAINT  =      219.0436
 EAMBER  =  -189385.1969


   NSTEP       ENERGY          RMS            GMAX         NAME    NUMBER
   8000      -1.8919E+05     9.9470E-02     6.0353E+00     O        8012

 BOND    =    38280.8636  ANGLE   =      309.3052  DIHED      =      945.4140
 VDWAALS =    46995.6263  EEL     =  -285631.9374  HBOND      =        0.0000
 1-4 VDW =      765.1668  1-4 EEL =     8931.2960  RESTRAINT  =      219.0052
 EAMBER  =  -189404.2656


   NSTEP       ENERGY          RMS            GMAX         NAME    NUMBER
   8050      -1.8921E+05     1.0648E-01     5.4064E+00     O        8012

 BOND    =    38300.0516  ANGLE   =      309.4338  DIHED      =      945.3216
 VDWAALS =    47030.9022  EEL     =  -285707.5881  HBOND      =        0.0000
 1-4 VDW =      765.2170  1-4 EEL =     8931.2205  RESTRAINT  =      218.9503
 EAMBER  =  -189425.4414


   NSTEP       ENERGY          RMS            GMAX         NAME    NUMBER
   8100      -1.8923E+05     6.8899E-02     5.0392E+00     O        8012

 BOND    =    38319.2014  ANGLE   =      309.3980  DIHED      =      945.3025
 VDWAALS =    47069.3250  EEL     =  -285789.0334  HBOND      =        0.0000
 1-4 VDW =      765.2802  1-4 EEL =     8931.4601  RESTRAINT  =      218.8740
 EAMBER  =  -189449.0663


   NSTEP       ENERGY          RMS            GMAX         NAME    NUMBER
   8150      -1.8925E+05     5.7322E-02     3.0203E+00     O        8012

 BOND    =    38338.8165  ANGLE   =      309.4068  DIHED      =      945.2399
 VDWAALS =    47106.3704  EEL     =  -285866.6496  HBOND      =        0.0000
 1-4 VDW =      765.2961  1-4 EEL =     8931.4685  RESTRAINT  =      218.7728
 EAMBER  =  -189470.0514


   NSTEP       ENERGY          RMS            GMAX         NAME    NUMBER
   8200      -1.8928E+05     6.1143E-02     4.1930E+00     CA        378

 BOND    =    38357.8436  ANGLE   =      309.4423  DIHED      =      945.1348
 VDWAALS =    47148.3950  EEL     =  -285953.3292  HBOND      =        0.0000
 1-4 VDW =      765.3087  1-4 EEL =     8931.6508  RESTRAINT  =      218.6509
 EAMBER  =  -189495.5539


   NSTEP       ENERGY          RMS            GMAX         NAME    NUMBER
   8250      -1.8931E+05     6.1287E-02     4.2855E+00     CD       1327

 BOND    =    38380.7147  ANGLE   =      309.4438  DIHED      =      945.0249
 VDWAALS =    47203.6418  EEL     =  -286065.9198  HBOND      =        0.0000
 1-4 VDW =      765.3148  1-4 EEL =     8931.5389  RESTRAINT  =      218.5934
 EAMBER  =  -189530.2408


   NSTEP       ENERGY          RMS            GMAX         NAME    NUMBER
   8300      -1.8934E+05     7.3317E-02     3.1818E+00     CG       1477

 BOND    =    38405.4746  ANGLE   =      309.4896  DIHED      =      944.8867
 VDWAALS =    47248.7843  EEL     =  -286161.1699  HBOND      =        0.0000
 1-4 VDW =      765.3708  1-4 EEL =     8931.5768  RESTRAINT  =      218.5635
 EAMBER  =  -189555.5872


   NSTEP       ENERGY          RMS            GMAX         NAME    NUMBER
   8350      -1.8936E+05     6.4702E-02     2.4005E+00     CB       2157

 BOND    =    38418.0830  ANGLE   =      309.4215  DIHED      =      944.8050
 VDWAALS =    47282.4094  EEL     =  -286228.3416  HBOND      =        0.0000
 1-4 VDW =      765.3512  1-4 EEL =     8931.7218  RESTRAINT  =      218.5252
 EAMBER  =  -189576.5497


   NSTEP       ENERGY          RMS            GMAX         NAME    NUMBER
   8400      -1.8948E+05     5.1226E-01     9.0285E+01     O       11952

 BOND    =    38469.6455  ANGLE   =      312.4566  DIHED      =      946.0509
 VDWAALS =    47365.9354  EEL     =  -286487.5186  HBOND      =        0.0000
 1-4 VDW =      765.7152  1-4 EEL =     8930.7247  RESTRAINT  =      218.6591
 EAMBER  =  -189696.9903


   NSTEP       ENERGY          RMS            GMAX         NAME    NUMBER
   8450      -1.9335E+05     9.3153E+00     2.2231E+03     O       11868

 BOND    =    38999.7853  ANGLE   =      311.5792  DIHED      =      944.9145
 VDWAALS =    47783.8735  EEL     =  -291303.3616  HBOND      =        0.0000
 1-4 VDW =      765.4128  1-4 EEL =     8931.1942  RESTRAINT  =      218.6166
 EAMBER  =  -193566.6021

     .... RESTARTED DUE TO LINMIN FAILURE ...

     .... RESTARTED DUE TO LINMIN FAILURE ...


   NSTEP       ENERGY          RMS            GMAX         NAME    NUMBER
   8500      -1.9342E+05     9.1779E+00     2.1901E+03     O       11868

 BOND    =    39000.2714  ANGLE   =      311.5764  DIHED      =      944.9142
 VDWAALS =    47779.7365  EEL     =  -291376.4794  HBOND      =        0.0000
 1-4 VDW =      765.4129  1-4 EEL =     8931.1941  RESTRAINT  =      218.6166
 EAMBER  =  -193643.3739

     .... RESTARTED DUE TO LINMIN FAILURE ...

     .... RESTARTED DUE TO LINMIN FAILURE ...


   NSTEP       ENERGY          RMS            GMAX         NAME    NUMBER
   8550      -1.9350E+05     9.0447E+00     2.1579E+03     O       11868

 BOND    =    39000.7449  ANGLE   =      311.5737  DIHED      =      944.9140
 VDWAALS =    47775.7324  EEL     =  -291448.6730  HBOND      =        0.0000
 1-4 VDW =      765.4129  1-4 EEL =     8931.1939  RESTRAINT  =      218.6165
 EAMBER  =  -193719.1012


   NSTEP       ENERGY          RMS            GMAX         NAME    NUMBER
   8600      -1.9458E+05     6.5199E+00     1.4900E+03     O       11868

 BOND    =    39011.2413  ANGLE   =      311.5067  DIHED      =      944.9103
 VDWAALS =    47698.6419  EEL     =  -292462.0498  HBOND      =        0.0000
 1-4 VDW =      765.4134  1-4 EEL =     8931.1906  RESTRAINT  =      218.6151
 EAMBER  =  -194799.1456


   NSTEP       ENERGY          RMS            GMAX         NAME    NUMBER
   8650      -1.9458E+05     6.4647E+00     1.4727E+03     O       11868

 BOND    =    39011.4705  ANGLE   =      311.5041  DIHED      =      944.9102
 VDWAALS =    47696.9810  EEL     =  -292461.5832  HBOND      =        0.0000
 1-4 VDW =      765.4134  1-4 EEL =     8931.1904  RESTRAINT  =      218.6151
 EAMBER  =  -194800.1137

     .... RESTARTED DUE TO LINMIN FAILURE ...


                    FINAL RESULTS



   NSTEP       ENERGY          RMS            GMAX         NAME    NUMBER
   8673      -1.9458E+05     6.4630E+00     1.4722E+03     O       11868

 BOND    =    39011.4775  ANGLE   =      311.5040  DIHED      =      944.9101
 VDWAALS =    47696.9304  EEL     =  -292461.5163  HBOND      =        0.0000
 1-4 VDW =      765.4134  1-4 EEL =     8931.1904  RESTRAINT  =      218.6151
 EAMBER  =  -194800.0906

     ***** REPEATED LINMIN FAILURE *****
--------------------------------------------------------------------------------
   5.  TIMINGS
--------------------------------------------------------------------------------

|  NonSetup CPU Time in Major Routines:
|
|     Routine           Sec        %
|     ------------------------------
|     Nonbond          15.67   35.98
|     Bond              0.00    0.00
|     Angle             0.00    0.00
|     Dihedral          0.00    0.00
|     Shake             0.00    0.00
|     Other            27.88   64.02
|     ------------------------------
|     Total            43.56

|  PME Nonbond Pairlist CPU Time:
|
|     Routine              Sec        %
|     ---------------------------------
|     Set Up Cit           0.00    0.00
|     Build List           0.00    0.00
|     ---------------------------------
|     Total                0.00    0.00

|  PME Direct Force CPU Time:
|
|     Routine              Sec        %
|     ---------------------------------
|     NonBonded Calc       0.00    0.00
|     Exclude Masked       0.00    0.00
|     Other                0.02    0.04
|     ---------------------------------
|     Total                0.02    0.04

|  PME Reciprocal Force CPU Time:
|
|     Routine              Sec        %
|     ---------------------------------
|     1D bspline           0.00    0.00
|     Grid Charges         0.00    0.00
|     Scalar Sum           0.00    0.00
|     Gradient Sum         0.00    0.00
|     FFT                  0.00    0.00
|     ---------------------------------
|     Total                0.00    0.00

|  Setup CPU time:            2.38 seconds
|  NonSetup CPU time:        43.56 seconds
|  Total CPU time:           45.94 seconds     0.01 hours

|  Setup wall time:           5    seconds
|  NonSetup wall time:       43    seconds
|  Total wall time:          48    seconds     0.01 hours
