
          -------------------------------------------------------
          Amber 18 PMEMD                              2018
          -------------------------------------------------------

| PMEMD implementation of SANDER, Release 18

| Run on 07/02/2021 at 13:17:00

|   Executable path: pmemd.cuda
| Working directory: /home/bozhanng/Abs_MD/HEPC3-4_Fv_full_relaxed2
|          Hostname: bf21

  [-O]verwriting output

File Assignments:
|   MDIN: heat300K.in                                                           
|  MDOUT: heat300K_HEPC3-4_Fv_full_relaxed2.out                                 
| INPCRD: heat100K_HEPC3-4_Fv_full_relaxed2.crd                                 
|   PARM: HEPC3-4_Fv_full_relaxed2.parm7                                        
| RESTRT: heat300K_HEPC3-4_Fv_full_relaxed2.crd                                 
|   REFC: refc                                                                  
|  MDVEL: mdvel                                                                 
|   MDEN: mden                                                                  
|  MDCRD: heat300K_HEPC3-4_Fv_full_relaxed2.nc                                  
| MDINFO: mdinfo                                                                
|  MDFRC: mdfrc                                                                 


 Here is the input file:

Heating from 100 to 300 K                                                      
 &cntrl                                                                        
  imin=0,         ! Molecular dynamics                                         
  ntx=5,          ! Positions and velocities read NetCDF (or formatted)        
  irest=1,        ! Restart calculation                                        
  ntc=2,          ! SHAKE algorithm bonds with hydrogen                        
  ntf=2,          ! No force evaluation bonds with hydrogen                    
  tol=0.0000001,  ! SHAKE tolerance                                            
  nstlim=250000,  ! Number of MD steps                                         
  ntt=3,          ! Langevin dynamics                                          
  gamma_ln=5.0,   ! Collision frequency Langevin dynamics                      
  ig=-1,          ! Random seed Langevin dynamics                              
  ntpr=2500,                                                                   
  ntwr=2500,                                                                   
  ntwx=2500,      ! Write to trajectory file every ntwx steps                  
  dt=0.001,       ! Timestep (ps)                                              
  ntb=2,	  ! Constant pressure periodic boundary conditions                    
  ntp=1,                                                                       
  cut=8.0,                                                                     
 &end                                                                          
 &wt                                                                           
  type='TEMP0',   ! Varies the target temperature TEMP0                        
  istep1=250001,  ! Initial step                                               
  istep2=300000,  ! Final step                                                 
  value1=100.0,   ! Initial temp0 (K)                                          
  value2=300.0,   ! final temp0 (K)                                            
 &end                                                                          
 &wt                                                                           
  type='TEMP0',   ! Varies the target temperature TEMP0                        
  istep1=300001,  ! Initial step                                               
  istep2=500000,  ! Final step                                                 
  value1=300.0,   ! Initial temp0 (K)                                          
  value2=300.0,   ! final temp0 (K)                                            
 &end                                                                          
 &wt                                                                           
   type='END',                                                                 
 &end                                                                          
END                                                                            
END                                                                            


Note: ig = -1. Setting random seed to   508604 based on wallclock time in 
      microseconds.
| irandom = 1, using AMBER's internal random number generator (default).
 
|--------------------- INFORMATION ----------------------
| GPU (CUDA) Version of PMEMD in use: NVIDIA GPU IN USE.
|                    Version 18.0.0
| 
|                      03/25/2018
| 
| Implementation by:
|                    Ross C. Walker     (SDSC)
|                    Scott Le Grand     (nVIDIA)
| 
| Version 18 performance extensions by:
|                    David Cerutti     (Rutgers)
| 
| Precision model in use:
|      [SPFP] - Single Precision Forces, 64-bit Fixed Point
|               Accumulation. (Default)
| 
|--------------------------------------------------------
 
|----------------- CITATION INFORMATION -----------------
|
|    When publishing work that utilized the CUDA version
|    of AMBER, please cite the following in addition to
|    the regular AMBER citations:
|
|  - Romelia Salomon-Ferrer; Andreas W. Goetz; Duncan
|    Poole; Scott Le Grand; Ross C. Walker "Routine
|    microsecond molecular dynamics simulations with
|    AMBER - Part II: Particle Mesh Ewald", J. Chem.
|    Theory Comput., 2013, 9 (9), pp3878-3888,
|    DOI: 10.1021/ct400314y.
|
|  - Andreas W. Goetz; Mark J. Williamson; Dong Xu;
|    Duncan Poole; Scott Le Grand; Ross C. Walker
|    "Routine microsecond molecular dynamics simulations
|    with AMBER - Part I: Generalized Born", J. Chem.
|    Theory Comput., 2012, 8 (5), pp1542-1555.
|
|  - Scott Le Grand; Andreas W. Goetz; Ross C. Walker
|    "SPFP: Speed without compromise - a mixed precision
|    model for GPU accelerated molecular dynamics
|    simulations.", Comp. Phys. Comm., 2013, 184
|    pp374-380, DOI: 10.1016/j.cpc.2012.09.022
|
|--------------------------------------------------------
 
|------------------- GPU DEVICE INFO --------------------
|
|            CUDA_VISIBLE_DEVICES: 2
|   CUDA Capable Devices Detected:      1
|           CUDA Device ID in use:      0
|                CUDA Device Name: GeForce GTX 1080
|     CUDA Device Global Mem Size:   8119 MB
| CUDA Device Num Multiprocessors:     20
|           CUDA Device Core Freq:   1.73 GHz
|
|--------------------------------------------------------
 
 
| Conditional Compilation Defines Used:
| PUBFFT
| BINTRAJ
| MKL
| CUDA
| EMIL

| Largest sphere to fit in unit cell has radius =    35.137

| New format PARM file being parsed.
| Version =    1.000 Date = 07/02/21 Time = 13:04:14

| Note: 1-4 EEL scale factors are being read from the topology file.

| Note: 1-4 VDW scale factors are being read from the topology file.
| Duplicated    0 dihedrals

| Duplicated    0 dihedrals

--------------------------------------------------------------------------------
   1.  RESOURCE   USE: 
--------------------------------------------------------------------------------

 getting box info from netcdf restart file
 NATOM  =   48002 NTYPES =      18 NBONH =   35096 MBONA  =   12941
 NTHETH =    3908 MTHETA =    2472 NPHIH =    8186 MPHIA  =    7845
 NHPARM =       0 NPARM  =       0 NNB   =   97180 NRES   =   11363
 NBONA  =   12941 NTHETA =    2472 NPHIA =    7845 NUMBND =      72
 NUMANG =     171 NPTRA  =     194 NATYP =      36 NPHB   =       1
 IFBOX  =       1 NMXRS  =      25 IFCAP =       0 NEXTRA =   11122
 NCOPY  =       0

| Coordinate Index Table dimensions:    17   15   18
| Direct force subcell size =     4.5653    4.6850    4.6461

     BOX TYPE: RECTILINEAR

--------------------------------------------------------------------------------
   2.  CONTROL  DATA  FOR  THE  RUN
--------------------------------------------------------------------------------

default_name                                                                    

General flags:
     imin    =       0, nmropt  =       0

Nature and format of input:
     ntx     =       5, irest   =       1, ntrx    =       1

Nature and format of output:
     ntxo    =       2, ntpr    =    2500, ntrx    =       1, ntwr    =    2500
     iwrap   =       0, ntwx    =    2500, ntwv    =       0, ntwe    =       0
     ioutfm  =       1, ntwprt  =       0, idecomp =       0, rbornstat=      0

Potential function:
     ntf     =       2, ntb     =       2, igb     =       0, nsnb    =      25
     ipol    =       0, gbsa    =       0, iesp    =       0
     dielc   =   1.00000, cut     =   8.00000, intdiel =   1.00000

Frozen or restrained atoms:
     ibelly  =       0, ntr     =       0

Molecular dynamics:
     nstlim  =    250000, nscm    =      1000, nrespa  =         1
     t       =   0.00000, dt      =   0.00100, vlimit  =  -1.00000

Langevin dynamics temperature regulation:
     ig      =  508604
     temp0   = 300.00000, tempi   =   0.00000, gamma_ln=   5.00000

Pressure regulation:
     ntp     =       1
     pres0   =   1.00000, comp    =  44.60000, taup    =   1.00000

SHAKE:
     ntc     =       2, jfastw  =       0
     tol     =   0.00000

| Intermolecular bonds treatment:
|     no_intermolecular_bonds =       1

| Energy averages sample interval:
|     ene_avg_sampling =    2500

Extra-points options:
     frameon =       1, chngmask=       1

Ewald parameters:
     verbose =       0, ew_type =       0, nbflag  =       1, use_pme =       1
     vdwmeth =       1, eedmeth =       1, netfrc  =       1
     Box X =   77.610   Box Y =   70.275   Box Z =   83.630
     Alpha =   90.000   Beta  =   90.000   Gamma =   90.000
     NFFT1 =   80       NFFT2 =   72       NFFT3 =   84
     Cutoff=    8.000   Tol   =0.100E-04
     Ewald Coefficient =  0.34864
     Interpolation order =    4
|      EXTRA_PTS, trim_bonds: num bonds BEFORE trim = 35096     0
|      EXTRA_PTS, trim_bonds: num bonds AFTER  trim = 35096     0
|      EXTRA_PTS, trim_bonds: num bonds BEFORE trim = 12941     0
|      EXTRA_PTS, trim_bonds: num bonds AFTER  trim =  1819     0
|      EXTRA_PTS, trim_theta: num angle BEFORE trim =  3908     0
|      EXTRA_PTS, trim_theta: num angle AFTER  trim =  3908     0
|      EXTRA_PTS, trim_theta: num angle BEFORE trim =  2472     0
|      EXTRA_PTS, trim_theta: num angle AFTER  trim =  2472     0
|      EXTRA_PTS, trim_phi:  num diheds BEFORE trim =  8186     0
|      EXTRA_PTS, trim_phi:  num diheds AFTER  trim =  8186     0
|      EXTRA_PTS, trim_phi:  num diheds BEFORE trim =  7845     0
|      EXTRA_PTS, trim_phi:  num diheds AFTER  trim =  7845     0

--------------------------------------------------------------------------------
   3.  ATOMIC COORDINATES AND VELOCITIES
--------------------------------------------------------------------------------

default_name                                                                    
 begin time read from input coords =    25.000 ps

 
 Number of triangulated 3-point waters found:    11122

     Sum of charges from parm topology file =   0.00006086
     Forcing neutrality...

| Dynamic Memory, Types Used:
| Reals             1993036
| Integers          3141639

| Nonbonded Pairs Initial Allocation:     8017534

| GPU memory information (estimate):
| KB of GPU memory in use:         0
| KB of CPU memory in use:         0

--------------------------------------------------------------------------------
   4.  RESULTS
--------------------------------------------------------------------------------


 NSTEP =     2500   TIME(PS) =      27.500  TEMP(K) =   299.33  PRESS =  -543.5
 Etot   =   -118536.1499  EKtot   =     22467.5625  EPtot      =   -141003.7124
 BOND   =       661.8504  ANGLE   =      1702.3565  DIHED      =      1300.8214
 1-4 NB =       759.7820  1-4 EEL =      8782.3498  VDWAALS    =     18544.8864
 EELEC  =   -172755.7589  EHBOND  =         0.0000  RESTRAINT  =         0.0000
 EKCMT  =     10008.9547  VIRIAL  =     15189.6309  VOLUME     =    441469.6766
                                                    Density    =         0.8496
 ------------------------------------------------------------------------------


 NSTEP =     5000   TIME(PS) =      30.000  TEMP(K) =   297.55  PRESS =  -319.1
 Etot   =   -119494.6230  EKtot   =     22333.9629  EPtot      =   -141828.5859
 BOND   =       623.6554  ANGLE   =      1766.8390  DIHED      =      1309.3645
 1-4 NB =       770.5152  1-4 EEL =      8712.6397  VDWAALS    =     18173.3474
 EELEC  =   -173184.9471  EHBOND  =         0.0000  RESTRAINT  =         0.0000
 EKCMT  =      9819.9557  VIRIAL  =     12693.7588  VOLUME     =    417083.1016
                                                    Density    =         0.8993
 ------------------------------------------------------------------------------


 NSTEP =     7500   TIME(PS) =      32.500  TEMP(K) =   300.37  PRESS =  -284.0
 Etot   =   -120117.8844  EKtot   =     22546.1270  EPtot      =   -142664.0113
 BOND   =       683.8809  ANGLE   =      1675.7811  DIHED      =      1333.6182
 1-4 NB =       773.7757  1-4 EEL =      8796.7412  VDWAALS    =     18152.3221
 EELEC  =   -174080.1305  EHBOND  =         0.0000  RESTRAINT  =         0.0000
 EKCMT  =      9966.5268  VIRIAL  =     12425.9115  VOLUME     =    401129.1735
                                                    Density    =         0.9351
 ------------------------------------------------------------------------------


 NSTEP =    10000   TIME(PS) =      35.000  TEMP(K) =   300.17  PRESS =  -110.5
 Etot   =   -120581.4447  EKtot   =     22530.6504  EPtot      =   -143112.0951
 BOND   =       613.5951  ANGLE   =      1693.4141  DIHED      =      1334.2982
 1-4 NB =       785.8849  1-4 EEL =      8778.4767  VDWAALS    =     18163.4543
 EELEC  =   -174481.2185  EHBOND  =         0.0000  RESTRAINT  =         0.0000
 EKCMT  =      9900.2105  VIRIAL  =     10830.6653  VOLUME     =    390125.6060
                                                    Density    =         0.9615
 ------------------------------------------------------------------------------


 NSTEP =    12500   TIME(PS) =      37.500  TEMP(K) =   303.15  PRESS =  -244.7
 Etot   =   -120988.2190  EKtot   =     22754.2773  EPtot      =   -143742.4964
 BOND   =       636.9590  ANGLE   =      1629.1281  DIHED      =      1295.5099
 1-4 NB =       780.0479  1-4 EEL =      8766.1240  VDWAALS    =     17966.5233
 EELEC  =   -174816.7886  EHBOND  =         0.0000  RESTRAINT  =         0.0000
 EKCMT  =     10102.2492  VIRIAL  =     12124.6865  VOLUME     =    382733.9354
                                                    Density    =         0.9800
 ------------------------------------------------------------------------------


 NSTEP =    15000   TIME(PS) =      40.000  TEMP(K) =   298.18  PRESS =    -5.3
 Etot   =   -121441.9826  EKtot   =     22381.2656  EPtot      =   -143823.2482
 BOND   =       666.4369  ANGLE   =      1737.3395  DIHED      =      1322.5463
 1-4 NB =       776.6113  1-4 EEL =      8754.7430  VDWAALS    =     17787.5720
 EELEC  =   -174868.4973  EHBOND  =         0.0000  RESTRAINT  =         0.0000
 EKCMT  =      9870.3631  VIRIAL  =      9913.4805  VOLUME     =    377495.1014
                                                    Density    =         0.9936
 ------------------------------------------------------------------------------


 NSTEP =    17500   TIME(PS) =      42.500  TEMP(K) =   301.76  PRESS =    44.7
 Etot   =   -121355.0118  EKtot   =     22650.2461  EPtot      =   -144005.2579
 BOND   =       662.9553  ANGLE   =      1679.9430  DIHED      =      1308.7301
 1-4 NB =       762.2958  1-4 EEL =      8783.3805  VDWAALS    =     17681.7640
 EELEC  =   -174884.3266  EHBOND  =         0.0000  RESTRAINT  =         0.0000
 EKCMT  =     10062.8877  VIRIAL  =      9702.8837  VOLUME     =    373346.0263
                                                    Density    =         1.0047
 ------------------------------------------------------------------------------


 NSTEP =    20000   TIME(PS) =      45.000  TEMP(K) =   301.61  PRESS =   -17.6
 Etot   =   -121545.0631  EKtot   =     22638.6836  EPtot      =   -144183.7467
 BOND   =       676.2246  ANGLE   =      1679.0948  DIHED      =      1322.5309
 1-4 NB =       760.5471  1-4 EEL =      8729.9949  VDWAALS    =     17703.5240
 EELEC  =   -175055.6630  EHBOND  =         0.0000  RESTRAINT  =         0.0000
 EKCMT  =     10078.0491  VIRIAL  =     10219.2882  VOLUME     =    371027.8832
                                                    Density    =         1.0110
 ------------------------------------------------------------------------------


 NSTEP =    22500   TIME(PS) =      47.500  TEMP(K) =   302.02  PRESS =    45.4
 Etot   =   -121511.4894  EKtot   =     22669.6680  EPtot      =   -144181.1573
 BOND   =       673.0203  ANGLE   =      1713.4876  DIHED      =      1278.6781
 1-4 NB =       742.2298  1-4 EEL =      8733.1394  VDWAALS    =     17854.0145
 EELEC  =   -175175.7270  EHBOND  =         0.0000  RESTRAINT  =         0.0000
 EKCMT  =     10057.6137  VIRIAL  =      9695.4902  VOLUME     =    369467.0838
                                                    Density    =         1.0152
 ------------------------------------------------------------------------------


 NSTEP =    25000   TIME(PS) =      50.000  TEMP(K) =   300.35  PRESS =  -246.8
 Etot   =   -121836.8940  EKtot   =     22544.4824  EPtot      =   -144381.3764
 BOND   =       649.5841  ANGLE   =      1738.1196  DIHED      =      1323.0168
 1-4 NB =       762.0802  1-4 EEL =      8755.6017  VDWAALS    =     17527.0719
 EELEC  =   -175136.8508  EHBOND  =         0.0000  RESTRAINT  =         0.0000
 EKCMT  =      9891.4725  VIRIAL  =     11853.3001  VOLUME     =    368168.0971
                                                    Density    =         1.0188
 ------------------------------------------------------------------------------


 NSTEP =    27500   TIME(PS) =      52.500  TEMP(K) =   300.48  PRESS =  -104.8
 Etot   =   -121676.6523  EKtot   =     22554.4531  EPtot      =   -144231.1054
 BOND   =       658.4080  ANGLE   =      1736.5612  DIHED      =      1310.8549
 1-4 NB =       764.9131  1-4 EEL =      8742.9121  VDWAALS    =     17635.9894
 EELEC  =   -175080.7439  EHBOND  =         0.0000  RESTRAINT  =         0.0000
 EKCMT  =      9891.0546  VIRIAL  =     10719.9618  VOLUME     =    366498.7948
                                                    Density    =         1.0235
 ------------------------------------------------------------------------------


 NSTEP =    30000   TIME(PS) =      55.000  TEMP(K) =   297.93  PRESS =   141.4
 Etot   =   -122053.8218  EKtot   =     22362.8926  EPtot      =   -144416.7144
 BOND   =       677.9520  ANGLE   =      1712.0255  DIHED      =      1295.4677
 1-4 NB =       775.1512  1-4 EEL =      8761.6050  VDWAALS    =     17994.1507
 EELEC  =   -175633.0664  EHBOND  =         0.0000  RESTRAINT  =         0.0000
 EKCMT  =      9764.5417  VIRIAL  =      8646.9780  VOLUME     =    365980.0846
                                                    Density    =         1.0249
 ------------------------------------------------------------------------------


 NSTEP =    32500   TIME(PS) =      57.500  TEMP(K) =   299.28  PRESS =   -27.9
 Etot   =   -121899.6082  EKtot   =     22463.8398  EPtot      =   -144363.4481
 BOND   =       661.3571  ANGLE   =      1733.1565  DIHED      =      1314.3885
 1-4 NB =       765.4142  1-4 EEL =      8743.9800  VDWAALS    =     17712.1094
 EELEC  =   -175293.8537  EHBOND  =         0.0000  RESTRAINT  =         0.0000
 EKCMT  =      9963.1385  VIRIAL  =     10183.4972  VOLUME     =    366177.3406
                                                    Density    =         1.0243
 ------------------------------------------------------------------------------


 NSTEP =    35000   TIME(PS) =      60.000  TEMP(K) =   299.23  PRESS =  -105.7
 Etot   =   -122170.9119  EKtot   =     22460.1973  EPtot      =   -144631.1092
 BOND   =       679.1734  ANGLE   =      1696.5586  DIHED      =      1298.9237
 1-4 NB =       771.1213  1-4 EEL =      8697.5090  VDWAALS    =     17587.9398
 EELEC  =   -175362.3350  EHBOND  =         0.0000  RESTRAINT  =         0.0000
 EKCMT  =      9976.2883  VIRIAL  =     10810.0313  VOLUME     =    365275.6013
                                                    Density    =         1.0269
 ------------------------------------------------------------------------------


 NSTEP =    37500   TIME(PS) =      62.500  TEMP(K) =   302.04  PRESS =   -23.9
 Etot   =   -121881.6251  EKtot   =     22670.8340  EPtot      =   -144552.4591
 BOND   =       652.9535  ANGLE   =      1700.0152  DIHED      =      1314.2812
 1-4 NB =       755.6769  1-4 EEL =      8776.4575  VDWAALS    =     17758.5989
 EELEC  =   -175510.4424  EHBOND  =         0.0000  RESTRAINT  =         0.0000
 EKCMT  =     10038.5311  VIRIAL  =     10226.7084  VOLUME     =    364774.9084
                                                    Density    =         1.0283
 ------------------------------------------------------------------------------


 NSTEP =    40000   TIME(PS) =      65.000  TEMP(K) =   302.27  PRESS =   -41.1
 Etot   =   -121748.8311  EKtot   =     22688.1465  EPtot      =   -144436.9776
 BOND   =       651.4945  ANGLE   =      1757.2587  DIHED      =      1273.0295
 1-4 NB =       759.6995  1-4 EEL =      8784.8759  VDWAALS    =     17657.9149
 EELEC  =   -175321.2505  EHBOND  =         0.0000  RESTRAINT  =         0.0000
 EKCMT  =     10091.2103  VIRIAL  =     10415.4149  VOLUME     =    365128.1427
                                                    Density    =         1.0273
 ------------------------------------------------------------------------------


 NSTEP =    42500   TIME(PS) =      67.500  TEMP(K) =   300.94  PRESS =   -25.6
 Etot   =   -121797.3067  EKtot   =     22588.5547  EPtot      =   -144385.8614
 BOND   =       655.5135  ANGLE   =      1760.4840  DIHED      =      1304.8578
 1-4 NB =       780.1712  1-4 EEL =      8765.2293  VDWAALS    =     17448.2643
 EELEC  =   -175100.3815  EHBOND  =         0.0000  RESTRAINT  =         0.0000
 EKCMT  =     10106.0188  VIRIAL  =     10307.3089  VOLUME     =    364640.4713
                                                    Density    =         1.0287
 ------------------------------------------------------------------------------


 NSTEP =    45000   TIME(PS) =      70.000  TEMP(K) =   300.36  PRESS =   -60.8
 Etot   =   -122179.0217  EKtot   =     22545.4453  EPtot      =   -144724.4671
 BOND   =       640.3249  ANGLE   =      1665.9660  DIHED      =      1317.4648
 1-4 NB =       763.8254  1-4 EEL =      8727.9209  VDWAALS    =     17658.2406
 EELEC  =   -175498.2096  EHBOND  =         0.0000  RESTRAINT  =         0.0000
 EKCMT  =      9979.7086  VIRIAL  =     10458.8285  VOLUME     =    364858.5434
                                                    Density    =         1.0281
 ------------------------------------------------------------------------------


 NSTEP =    47500   TIME(PS) =      72.500  TEMP(K) =   297.35  PRESS =  -203.2
 Etot   =   -122360.7884  EKtot   =     22318.9199  EPtot      =   -144679.7083
 BOND   =       693.1227  ANGLE   =      1691.0237  DIHED      =      1280.0735
 1-4 NB =       752.2682  1-4 EEL =      8732.5602  VDWAALS    =     17561.1947
 EELEC  =   -175389.9512  EHBOND  =         0.0000  RESTRAINT  =         0.0000
 EKCMT  =      9807.0335  VIRIAL  =     11407.2688  VOLUME     =    364818.6546
                                                    Density    =         1.0282
 ------------------------------------------------------------------------------


 NSTEP =    50000   TIME(PS) =      75.000  TEMP(K) =   299.67  PRESS =   232.7
 Etot   =   -121897.1753  EKtot   =     22493.0801  EPtot      =   -144390.2554
 BOND   =       624.4956  ANGLE   =      1700.8920  DIHED      =      1311.5969
 1-4 NB =       771.9435  1-4 EEL =      8728.3574  VDWAALS    =     17721.8062
 EELEC  =   -175249.3470  EHBOND  =         0.0000  RESTRAINT  =         0.0000
 EKCMT  =      9973.3203  VIRIAL  =      8140.1921  VOLUME     =    364865.6058
                                                    Density    =         1.0280
 ------------------------------------------------------------------------------


 NSTEP =    52500   TIME(PS) =      77.500  TEMP(K) =   301.20  PRESS =   156.4
 Etot   =   -122143.3574  EKtot   =     22608.0977  EPtot      =   -144751.4551
 BOND   =       690.0507  ANGLE   =      1629.1103  DIHED      =      1324.9275
 1-4 NB =       757.9710  1-4 EEL =      8796.1707  VDWAALS    =     17964.4564
 EELEC  =   -175914.1417  EHBOND  =         0.0000  RESTRAINT  =         0.0000
 EKCMT  =     10030.0206  VIRIAL  =      8797.5795  VOLUME     =    365059.4914
                                                    Density    =         1.0275
 ------------------------------------------------------------------------------


 NSTEP =    55000   TIME(PS) =      80.000  TEMP(K) =   299.58  PRESS =   -84.3
 Etot   =   -122215.9299  EKtot   =     22486.4844  EPtot      =   -144702.4143
 BOND   =       669.3906  ANGLE   =      1651.7135  DIHED      =      1297.0875
 1-4 NB =       752.4339  1-4 EEL =      8769.1277  VDWAALS    =     17577.6238
 EELEC  =   -175419.7912  EHBOND  =         0.0000  RESTRAINT  =         0.0000
 EKCMT  =      9924.4610  VIRIAL  =     10589.4047  VOLUME     =    365475.0017
                                                    Density    =         1.0263
 ------------------------------------------------------------------------------


 NSTEP =    57500   TIME(PS) =      82.500  TEMP(K) =   301.71  PRESS =  -195.3
 Etot   =   -122312.4008  EKtot   =     22646.7012  EPtot      =   -144959.1019
 BOND   =       618.3518  ANGLE   =      1731.3114  DIHED      =      1273.8571
 1-4 NB =       752.5839  1-4 EEL =      8750.0202  VDWAALS    =     17654.8789
 EELEC  =   -175740.1052  EHBOND  =         0.0000  RESTRAINT  =         0.0000
 EKCMT  =      9979.9110  VIRIAL  =     11521.1057  VOLUME     =    365568.3212
                                                    Density    =         1.0261
 ------------------------------------------------------------------------------


 NSTEP =    60000   TIME(PS) =      85.000  TEMP(K) =   299.83  PRESS =   146.3
 Etot   =   -122220.7817  EKtot   =     22505.2070  EPtot      =   -144725.9887
 BOND   =       659.7146  ANGLE   =      1656.8344  DIHED      =      1312.6559
 1-4 NB =       777.1811  1-4 EEL =      8727.8869  VDWAALS    =     17832.5426
 EELEC  =   -175692.8043  EHBOND  =         0.0000  RESTRAINT  =         0.0000
 EKCMT  =      9931.4258  VIRIAL  =      8775.5660  VOLUME     =    365913.2506
                                                    Density    =         1.0251
 ------------------------------------------------------------------------------


 NSTEP =    62500   TIME(PS) =      87.500  TEMP(K) =   298.97  PRESS =   126.0
 Etot   =   -122550.4970  EKtot   =     22440.8633  EPtot      =   -144991.3603
 BOND   =       702.3605  ANGLE   =      1691.0334  DIHED      =      1268.0667
 1-4 NB =       753.4865  1-4 EEL =      8796.4675  VDWAALS    =     18031.5024
 EELEC  =   -176234.2773  EHBOND  =         0.0000  RESTRAINT  =         0.0000
 EKCMT  =     10026.9854  VIRIAL  =      9034.7743  VOLUME     =    364737.6403
                                                    Density    =         1.0284
 ------------------------------------------------------------------------------


 NSTEP =    65000   TIME(PS) =      90.000  TEMP(K) =   301.41  PRESS =   118.6
 Etot   =   -122058.7163  EKtot   =     22624.2285  EPtot      =   -144682.9448
 BOND   =       656.7690  ANGLE   =      1701.9903  DIHED      =      1293.8557
 1-4 NB =       736.2025  1-4 EEL =      8743.2693  VDWAALS    =     17745.6263
 EELEC  =   -175560.6579  EHBOND  =         0.0000  RESTRAINT  =         0.0000
 EKCMT  =     10062.6075  VIRIAL  =      9129.9226  VOLUME     =    364320.0000
                                                    Density    =         1.0296
 ------------------------------------------------------------------------------


 NSTEP =    67500   TIME(PS) =      92.500  TEMP(K) =   299.85  PRESS =  -140.7
 Etot   =   -122419.0162  EKtot   =     22506.8086  EPtot      =   -144925.8248
 BOND   =       668.2959  ANGLE   =      1645.5222  DIHED      =      1292.8685
 1-4 NB =       755.1852  1-4 EEL =      8790.9336  VDWAALS    =     17558.7211
 EELEC  =   -175637.3513  EHBOND  =         0.0000  RESTRAINT  =         0.0000
 EKCMT  =      9898.0063  VIRIAL  =     11003.9694  VOLUME     =    364174.0740
                                                    Density    =         1.0300
 ------------------------------------------------------------------------------


 NSTEP =    70000   TIME(PS) =      95.000  TEMP(K) =   298.73  PRESS =  -134.6
 Etot   =   -122116.1267  EKtot   =     22422.9141  EPtot      =   -144539.0407
 BOND   =       647.7604  ANGLE   =      1706.6648  DIHED      =      1302.4175
 1-4 NB =       760.1016  1-4 EEL =      8729.7192  VDWAALS    =     17394.2549
 EELEC  =   -175079.9590  EHBOND  =         0.0000  RESTRAINT  =         0.0000
 EKCMT  =      9905.3975  VIRIAL  =     10966.4093  VOLUME     =    365017.7450
                                                    Density    =         1.0276
 ------------------------------------------------------------------------------


 NSTEP =    72500   TIME(PS) =      97.500  TEMP(K) =   297.95  PRESS =   -35.8
 Etot   =   -122206.9835  EKtot   =     22364.4453  EPtot      =   -144571.4289
 BOND   =       619.0569  ANGLE   =      1715.5083  DIHED      =      1321.7046
 1-4 NB =       755.0837  1-4 EEL =      8732.8542  VDWAALS    =     17588.4578
 EELEC  =   -175304.0944  EHBOND  =         0.0000  RESTRAINT  =         0.0000
 EKCMT  =      9864.0127  VIRIAL  =     10146.6612  VOLUME     =    365396.8747
                                                    Density    =         1.0265
 ------------------------------------------------------------------------------


 NSTEP =    75000   TIME(PS) =     100.000  TEMP(K) =   299.48  PRESS =    35.3
 Etot   =   -122252.8160  EKtot   =     22479.1562  EPtot      =   -144731.9722
 BOND   =       674.1318  ANGLE   =      1650.9163  DIHED      =      1275.3336
 1-4 NB =       760.2627  1-4 EEL =      8753.8540  VDWAALS    =     17832.8422
 EELEC  =   -175679.3129  EHBOND  =         0.0000  RESTRAINT  =         0.0000
 EKCMT  =      9934.4957  VIRIAL  =      9656.0560  VOLUME     =    365054.5790
                                                    Density    =         1.0275
 ------------------------------------------------------------------------------


 NSTEP =    77500   TIME(PS) =     102.500  TEMP(K) =   300.79  PRESS =    -0.4
 Etot   =   -122166.4635  EKtot   =     22577.1895  EPtot      =   -144743.6529
 BOND   =       698.6359  ANGLE   =      1764.5192  DIHED      =      1279.0750
 1-4 NB =       762.0577  1-4 EEL =      8774.3049  VDWAALS    =     17850.0738
 EELEC  =   -175872.3195  EHBOND  =         0.0000  RESTRAINT  =         0.0000
 EKCMT  =      9917.7810  VIRIAL  =      9920.9593  VOLUME     =    364695.5940
                                                    Density    =         1.0285
 ------------------------------------------------------------------------------


 NSTEP =    80000   TIME(PS) =     105.000  TEMP(K) =   297.62  PRESS =   282.2
 Etot   =   -122073.1602  EKtot   =     22339.1973  EPtot      =   -144412.3575
 BOND   =       656.9748  ANGLE   =      1705.3286  DIHED      =      1301.8613
 1-4 NB =       759.9709  1-4 EEL =      8816.1297  VDWAALS    =     17792.3284
 EELEC  =   -175444.9512  EHBOND  =         0.0000  RESTRAINT  =         0.0000
 EKCMT  =      9851.8690  VIRIAL  =      7626.0901  VOLUME     =    365290.7269
                                                    Density    =         1.0268
 ------------------------------------------------------------------------------


 NSTEP =    82500   TIME(PS) =     107.500  TEMP(K) =   300.49  PRESS =    11.5
 Etot   =   -121928.2560  EKtot   =     22554.6738  EPtot      =   -144482.9298
 BOND   =       656.6383  ANGLE   =      1673.0325  DIHED      =      1293.7735
 1-4 NB =       756.2033  1-4 EEL =      8809.4599  VDWAALS    =     17665.8370
 EELEC  =   -175337.8745  EHBOND  =         0.0000  RESTRAINT  =         0.0000
 EKCMT  =     10059.8172  VIRIAL  =      9969.1575  VOLUME     =    365628.9904
                                                    Density    =         1.0259
 ------------------------------------------------------------------------------


 NSTEP =    85000   TIME(PS) =     110.000  TEMP(K) =   299.05  PRESS =   -86.7
 Etot   =   -122415.0580  EKtot   =     22446.7656  EPtot      =   -144861.8236
 BOND   =       650.7153  ANGLE   =      1660.1868  DIHED      =      1315.0629
 1-4 NB =       761.0445  1-4 EEL =      8802.1240  VDWAALS    =     17609.9457
 EELEC  =   -175660.9028  EHBOND  =         0.0000  RESTRAINT  =         0.0000
 EKCMT  =      9924.0258  VIRIAL  =     10608.1515  VOLUME     =    365543.2194
                                                    Density    =         1.0261
 ------------------------------------------------------------------------------


 NSTEP =    87500   TIME(PS) =     112.500  TEMP(K) =   298.30  PRESS =    67.3
 Etot   =   -122482.5740  EKtot   =     22390.3555  EPtot      =   -144872.9295
 BOND   =       654.8565  ANGLE   =      1693.2352  DIHED      =      1284.8218
 1-4 NB =       748.6998  1-4 EEL =      8760.5368  VDWAALS    =     17749.8976
 EELEC  =   -175764.9772  EHBOND  =         0.0000  RESTRAINT  =         0.0000
 EKCMT  =      9962.5752  VIRIAL  =      9433.5854  VOLUME     =    364281.2072
                                                    Density    =         1.0297
 ------------------------------------------------------------------------------


 NSTEP =    90000   TIME(PS) =     115.000  TEMP(K) =   300.10  PRESS =    55.0
 Etot   =   -122349.2745  EKtot   =     22525.3652  EPtot      =   -144874.6397
 BOND   =       599.8673  ANGLE   =      1654.8990  DIHED      =      1292.1797
 1-4 NB =       764.0428  1-4 EEL =      8755.8085  VDWAALS    =     17882.1791
 EELEC  =   -175823.6162  EHBOND  =         0.0000  RESTRAINT  =         0.0000
 EKCMT  =      9866.9568  VIRIAL  =      9434.5049  VOLUME     =    364453.5916
                                                    Density    =         1.0292
 ------------------------------------------------------------------------------


 NSTEP =    92500   TIME(PS) =     117.500  TEMP(K) =   299.84  PRESS =   114.3
 Etot   =   -122161.4402  EKtot   =     22505.8281  EPtot      =   -144667.2684
 BOND   =       639.8199  ANGLE   =      1689.7113  DIHED      =      1288.3839
 1-4 NB =       771.7941  1-4 EEL =      8757.9379  VDWAALS    =     17938.5783
 EELEC  =   -175753.4937  EHBOND  =         0.0000  RESTRAINT  =         0.0000
 EKCMT  =     10054.3151  VIRIAL  =      9154.2882  VOLUME     =    364798.8952
                                                    Density    =         1.0282
 ------------------------------------------------------------------------------


 NSTEP =    95000   TIME(PS) =     120.000  TEMP(K) =   299.46  PRESS =    53.6
 Etot   =   -122350.0380  EKtot   =     22477.7305  EPtot      =   -144827.7685
 BOND   =       675.4036  ANGLE   =      1663.6824  DIHED      =      1293.9831
 1-4 NB =       760.3126  1-4 EEL =      8769.5400  VDWAALS    =     17656.1587
 EELEC  =   -175646.8489  EHBOND  =         0.0000  RESTRAINT  =         0.0000
 EKCMT  =      9924.7812  VIRIAL  =      9504.1622  VOLUME     =    363712.2350
                                                    Density    =         1.0313
 ------------------------------------------------------------------------------


 NSTEP =    97500   TIME(PS) =     122.500  TEMP(K) =   301.97  PRESS =    -7.0
 Etot   =   -122196.7608  EKtot   =     22666.2617  EPtot      =   -144863.0225
 BOND   =       648.3753  ANGLE   =      1594.3224  DIHED      =      1247.3292
 1-4 NB =       756.4951  1-4 EEL =      8802.6525  VDWAALS    =     17633.6032
 EELEC  =   -175545.8002  EHBOND  =         0.0000  RESTRAINT  =         0.0000
 EKCMT  =      9934.0365  VIRIAL  =      9989.0055  VOLUME     =    363920.8884
                                                    Density    =         1.0307
 ------------------------------------------------------------------------------


 NSTEP =   100000   TIME(PS) =     125.000  TEMP(K) =   300.69  PRESS =    13.8
 Etot   =   -122062.1031  EKtot   =     22569.9062  EPtot      =   -144632.0094
 BOND   =       645.2368  ANGLE   =      1642.7508  DIHED      =      1280.5405
 1-4 NB =       751.3011  1-4 EEL =      8781.3438  VDWAALS    =     17755.1330
 EELEC  =   -175488.3153  EHBOND  =         0.0000  RESTRAINT  =         0.0000
 EKCMT  =     10020.1092  VIRIAL  =      9911.4314  VOLUME     =    365201.8643
                                                    Density    =         1.0271
 ------------------------------------------------------------------------------


 NSTEP =   102500   TIME(PS) =     127.500  TEMP(K) =   301.06  PRESS =   156.2
 Etot   =   -121839.1612  EKtot   =     22597.2891  EPtot      =   -144436.4503
 BOND   =       638.3222  ANGLE   =      1640.2537  DIHED      =      1304.3548
 1-4 NB =       780.7117  1-4 EEL =      8823.2673  VDWAALS    =     17681.5580
 EELEC  =   -175304.9178  EHBOND  =         0.0000  RESTRAINT  =         0.0000
 EKCMT  =      9970.4832  VIRIAL  =      8741.3841  VOLUME     =    364450.9862
                                                    Density    =         1.0292
 ------------------------------------------------------------------------------


 NSTEP =   105000   TIME(PS) =     130.000  TEMP(K) =   298.75  PRESS =    19.2
 Etot   =   -122175.2267  EKtot   =     22424.5234  EPtot      =   -144599.7501
 BOND   =       672.3106  ANGLE   =      1683.9828  DIHED      =      1297.6947
 1-4 NB =       749.5662  1-4 EEL =      8675.9073  VDWAALS    =     17666.7545
 EELEC  =   -175345.9662  EHBOND  =         0.0000  RESTRAINT  =         0.0000
 EKCMT  =      9974.7441  VIRIAL  =      9823.5452  VOLUME     =    364441.3608
                                                    Density    =         1.0292
 ------------------------------------------------------------------------------


 NSTEP =   107500   TIME(PS) =     132.500  TEMP(K) =   298.13  PRESS =   -26.3
 Etot   =   -121932.6031  EKtot   =     22377.9219  EPtot      =   -144310.5250
 BOND   =       668.2124  ANGLE   =      1729.3250  DIHED      =      1267.2009
 1-4 NB =       758.5596  1-4 EEL =      8749.3660  VDWAALS    =     17549.6189
 EELEC  =   -175032.8078  EHBOND  =         0.0000  RESTRAINT  =         0.0000
 EKCMT  =      9937.4020  VIRIAL  =     10144.3807  VOLUME     =    365015.1412
                                                    Density    =         1.0276
 ------------------------------------------------------------------------------


 NSTEP =   110000   TIME(PS) =     135.000  TEMP(K) =   300.59  PRESS =    82.8
 Etot   =   -122014.2214  EKtot   =     22562.0293  EPtot      =   -144576.2507
 BOND   =       648.5622  ANGLE   =      1671.4803  DIHED      =      1304.0833
 1-4 NB =       737.4261  1-4 EEL =      8780.1233  VDWAALS    =     17723.8856
 EELEC  =   -175441.8115  EHBOND  =         0.0000  RESTRAINT  =         0.0000
 EKCMT  =      9956.2651  VIRIAL  =      9304.0085  VOLUME     =    364752.8413
                                                    Density    =         1.0283
 ------------------------------------------------------------------------------


 NSTEP =   112500   TIME(PS) =     137.500  TEMP(K) =   304.65  PRESS =   161.1
 Etot   =   -122056.0152  EKtot   =     22867.0566  EPtot      =   -144923.0719
 BOND   =       698.3476  ANGLE   =      1626.6794  DIHED      =      1292.5355
 1-4 NB =       737.0228  1-4 EEL =      8743.1287  VDWAALS    =     18081.5561
 EELEC  =   -176102.3420  EHBOND  =         0.0000  RESTRAINT  =         0.0000
 EKCMT  =     10034.9829  VIRIAL  =      8764.2556  VOLUME     =    365332.8201
                                                    Density    =         1.0267
 ------------------------------------------------------------------------------


 NSTEP =   115000   TIME(PS) =     140.000  TEMP(K) =   300.11  PRESS =   -61.7
 Etot   =   -122128.3305  EKtot   =     22526.3281  EPtot      =   -144654.6587
 BOND   =       693.4777  ANGLE   =      1706.3939  DIHED      =      1325.3943
 1-4 NB =       764.9858  1-4 EEL =      8776.9605  VDWAALS    =     17841.5097
 EELEC  =   -175763.3805  EHBOND  =         0.0000  RESTRAINT  =         0.0000
 EKCMT  =      9984.3015  VIRIAL  =     10471.6501  VOLUME     =    365536.8106
                                                    Density    =         1.0261
 ------------------------------------------------------------------------------


 NSTEP =   117500   TIME(PS) =     142.500  TEMP(K) =   299.46  PRESS =  -108.6
 Etot   =   -122145.5203  EKtot   =     22477.2910  EPtot      =   -144622.8113
 BOND   =       625.8188  ANGLE   =      1680.2070  DIHED      =      1293.2730
 1-4 NB =       765.4531  1-4 EEL =      8829.0455  VDWAALS    =     17572.6887
 EELEC  =   -175389.2975  EHBOND  =         0.0000  RESTRAINT  =         0.0000
 EKCMT  =      9947.7573  VIRIAL  =     10804.3819  VOLUME     =    365390.6846
                                                    Density    =         1.0266
 ------------------------------------------------------------------------------


 NSTEP =   120000   TIME(PS) =     145.000  TEMP(K) =   300.59  PRESS =  -110.1
 Etot   =   -121924.8719  EKtot   =     22562.5801  EPtot      =   -144487.4520
 BOND   =       663.5823  ANGLE   =      1703.1944  DIHED      =      1294.8673
 1-4 NB =       748.6930  1-4 EEL =      8755.0793  VDWAALS    =     17721.2275
 EELEC  =   -175374.0958  EHBOND  =         0.0000  RESTRAINT  =         0.0000
 EKCMT  =      9927.2349  VIRIAL  =     10795.4954  VOLUME     =    365314.8719
                                                    Density    =         1.0268
 ------------------------------------------------------------------------------


 NSTEP =   122500   TIME(PS) =     147.500  TEMP(K) =   301.48  PRESS =    43.1
 Etot   =   -122100.0917  EKtot   =     22629.3828  EPtot      =   -144729.4745
 BOND   =       686.8482  ANGLE   =      1764.6429  DIHED      =      1312.5182
 1-4 NB =       750.9481  1-4 EEL =      8750.5635  VDWAALS    =     17949.1222
 EELEC  =   -175944.1176  EHBOND  =         0.0000  RESTRAINT  =         0.0000
 EKCMT  =      9979.9867  VIRIAL  =      9640.1261  VOLUME     =    364958.2031
                                                    Density    =         1.0278
 ------------------------------------------------------------------------------


 NSTEP =   125000   TIME(PS) =     150.000  TEMP(K) =   299.00  PRESS =    70.1
 Etot   =   -122458.8608  EKtot   =     22443.2852  EPtot      =   -144902.1460
 BOND   =       662.2187  ANGLE   =      1704.2619  DIHED      =      1302.7373
 1-4 NB =       775.9446  1-4 EEL =      8784.7921  VDWAALS    =     17849.1872
 EELEC  =   -175981.2877  EHBOND  =         0.0000  RESTRAINT  =         0.0000
 EKCMT  =      9995.6014  VIRIAL  =      9442.9691  VOLUME     =    364887.7935
                                                    Density    =         1.0280
 ------------------------------------------------------------------------------


 NSTEP =   127500   TIME(PS) =     152.500  TEMP(K) =   300.46  PRESS =    14.3
 Etot   =   -122331.6048  EKtot   =     22552.9473  EPtot      =   -144884.5521
 BOND   =       626.3738  ANGLE   =      1710.2903  DIHED      =      1323.2215
 1-4 NB =       736.5105  1-4 EEL =      8749.8367  VDWAALS    =     17684.0577
 EELEC  =   -175714.8426  EHBOND  =         0.0000  RESTRAINT  =         0.0000
 EKCMT  =      9978.8863  VIRIAL  =      9866.4820  VOLUME     =    365093.8070
                                                    Density    =         1.0274
 ------------------------------------------------------------------------------


 NSTEP =   130000   TIME(PS) =     155.000  TEMP(K) =   298.14  PRESS =   -28.1
 Etot   =   -122235.6510  EKtot   =     22378.5117  EPtot      =   -144614.1627
 BOND   =       652.9761  ANGLE   =      1608.0208  DIHED      =      1290.8511
 1-4 NB =       759.2863  1-4 EEL =      8819.5102  VDWAALS    =     17566.2644
 EELEC  =   -175311.0715  EHBOND  =         0.0000  RESTRAINT  =         0.0000
 EKCMT  =     10017.3704  VIRIAL  =     10239.4712  VOLUME     =    365503.8138
                                                    Density    =         1.0262
 ------------------------------------------------------------------------------


 NSTEP =   132500   TIME(PS) =     157.500  TEMP(K) =   299.23  PRESS =    40.6
 Etot   =   -122003.4006  EKtot   =     22460.2441  EPtot      =   -144463.6448
 BOND   =       596.7905  ANGLE   =      1637.9438  DIHED      =      1311.2171
 1-4 NB =       776.3243  1-4 EEL =      8815.9860  VDWAALS    =     17712.4127
 EELEC  =   -175314.3192  EHBOND  =         0.0000  RESTRAINT  =         0.0000
 EKCMT  =      9859.7689  VIRIAL  =      9539.0982  VOLUME     =    365575.6929
                                                    Density    =         1.0260
 ------------------------------------------------------------------------------


 NSTEP =   135000   TIME(PS) =     160.000  TEMP(K) =   300.03  PRESS =   103.0
 Etot   =   -121900.8187  EKtot   =     22520.0801  EPtot      =   -144420.8988
 BOND   =       662.4501  ANGLE   =      1727.7384  DIHED      =      1298.9116
 1-4 NB =       762.8804  1-4 EEL =      8794.6938  VDWAALS    =     17573.5324
 EELEC  =   -175241.1056  EHBOND  =         0.0000  RESTRAINT  =         0.0000
 EKCMT  =     10030.2190  VIRIAL  =      9219.8293  VOLUME     =    364469.9634
                                                    Density    =         1.0291
 ------------------------------------------------------------------------------


 NSTEP =   137500   TIME(PS) =     162.500  TEMP(K) =   300.59  PRESS =   -38.2
 Etot   =   -122061.8715  EKtot   =     22562.5840  EPtot      =   -144624.4555
 BOND   =       659.6235  ANGLE   =      1689.7940  DIHED      =      1264.8978
 1-4 NB =       767.2020  1-4 EEL =      8766.0542  VDWAALS    =     17821.2068
 EELEC  =   -175593.2338  EHBOND  =         0.0000  RESTRAINT  =         0.0000
 EKCMT  =     10029.1532  VIRIAL  =     10330.1700  VOLUME     =    365062.5185
                                                    Density    =         1.0275
 ------------------------------------------------------------------------------


 NSTEP =   140000   TIME(PS) =     165.000  TEMP(K) =   301.08  PRESS =   108.4
 Etot   =   -121994.0164  EKtot   =     22598.8086  EPtot      =   -144592.8250
 BOND   =       667.8947  ANGLE   =      1725.8072  DIHED      =      1279.0899
 1-4 NB =       746.1785  1-4 EEL =      8780.9278  VDWAALS    =     17967.8250
 EELEC  =   -175760.5481  EHBOND  =         0.0000  RESTRAINT  =         0.0000
 EKCMT  =      9964.5367  VIRIAL  =      9108.8429  VOLUME     =    365598.3154
                                                    Density    =         1.0260
 ------------------------------------------------------------------------------


 NSTEP =   142500   TIME(PS) =     167.500  TEMP(K) =   300.85  PRESS =    48.8
 Etot   =   -122114.1460  EKtot   =     22581.9043  EPtot      =   -144696.0503
 BOND   =       632.1473  ANGLE   =      1621.2119  DIHED      =      1304.2721
 1-4 NB =       742.3135  1-4 EEL =      8787.3729  VDWAALS    =     17721.3243
 EELEC  =   -175504.6922  EHBOND  =         0.0000  RESTRAINT  =         0.0000
 EKCMT  =      9992.2098  VIRIAL  =      9607.8004  VOLUME     =    364723.2703
                                                    Density    =         1.0284
 ------------------------------------------------------------------------------


 NSTEP =   145000   TIME(PS) =     170.000  TEMP(K) =   300.77  PRESS =   -35.7
 Etot   =   -121952.9228  EKtot   =     22575.8340  EPtot      =   -144528.7568
 BOND   =       667.6797  ANGLE   =      1684.9408  DIHED      =      1280.9853
 1-4 NB =       736.8971  1-4 EEL =      8747.6399  VDWAALS    =     17559.3121
 EELEC  =   -175206.2117  EHBOND  =         0.0000  RESTRAINT  =         0.0000
 EKCMT  =     10071.6052  VIRIAL  =     10352.0079  VOLUME     =    364118.6958
                                                    Density    =         1.0301
 ------------------------------------------------------------------------------


 NSTEP =   147500   TIME(PS) =     172.500  TEMP(K) =   300.39  PRESS =    85.9
 Etot   =   -122349.6483  EKtot   =     22547.3340  EPtot      =   -144896.9823
 BOND   =       651.3868  ANGLE   =      1711.5439  DIHED      =      1300.9645
 1-4 NB =       749.1622  1-4 EEL =      8764.7319  VDWAALS    =     17846.5470
 EELEC  =   -175921.3186  EHBOND  =         0.0000  RESTRAINT  =         0.0000
 EKCMT  =      9907.0598  VIRIAL  =      9229.8843  VOLUME     =    365030.8139
                                                    Density    =         1.0276
 ------------------------------------------------------------------------------


 NSTEP =   150000   TIME(PS) =     175.000  TEMP(K) =   301.34  PRESS =    32.4
 Etot   =   -121967.0979  EKtot   =     22618.9824  EPtot      =   -144586.0803
 BOND   =       641.4755  ANGLE   =      1683.7241  DIHED      =      1279.2660
 1-4 NB =       751.4907  1-4 EEL =      8716.4223  VDWAALS    =     17654.2197
 EELEC  =   -175312.6787  EHBOND  =         0.0000  RESTRAINT  =         0.0000
 EKCMT  =     10043.4862  VIRIAL  =      9788.0933  VOLUME     =    364575.0395
                                                    Density    =         1.0289
 ------------------------------------------------------------------------------


 NSTEP =   152500   TIME(PS) =     177.500  TEMP(K) =   302.39  PRESS =  -157.0
 Etot   =   -122024.9283  EKtot   =     22697.5625  EPtot      =   -144722.4908
 BOND   =       644.5995  ANGLE   =      1682.8412  DIHED      =      1294.6602
 1-4 NB =       759.1747  1-4 EEL =      8774.3734  VDWAALS    =     17346.1207
 EELEC  =   -175224.2605  EHBOND  =         0.0000  RESTRAINT  =         0.0000
 EKCMT  =     10080.7804  VIRIAL  =     11317.5069  VOLUME     =    364789.9503
                                                    Density    =         1.0282
 ------------------------------------------------------------------------------


 NSTEP =   155000   TIME(PS) =     180.000  TEMP(K) =   298.55  PRESS =    54.0
 Etot   =   -122452.4617  EKtot   =     22409.5273  EPtot      =   -144861.9890
 BOND   =       670.7069  ANGLE   =      1691.7083  DIHED      =      1319.4064
 1-4 NB =       747.2744  1-4 EEL =      8783.9997  VDWAALS    =     17896.9743
 EELEC  =   -175972.0590  EHBOND  =         0.0000  RESTRAINT  =         0.0000
 EKCMT  =      9999.3517  VIRIAL  =      9573.3246  VOLUME     =    365356.5180
                                                    Density    =         1.0266
 ------------------------------------------------------------------------------


 NSTEP =   157500   TIME(PS) =     182.500  TEMP(K) =   300.18  PRESS =    62.5
 Etot   =   -122315.0957  EKtot   =     22531.2090  EPtot      =   -144846.3047
 BOND   =       661.8731  ANGLE   =      1699.9066  DIHED      =      1294.7195
 1-4 NB =       760.2836  1-4 EEL =      8785.8070  VDWAALS    =     17801.7504
 EELEC  =   -175850.6449  EHBOND  =         0.0000  RESTRAINT  =         0.0000
 EKCMT  =     10044.5760  VIRIAL  =      9551.4966  VOLUME     =    365483.8379
                                                    Density    =         1.0263
 ------------------------------------------------------------------------------


 NSTEP =   160000   TIME(PS) =     185.000  TEMP(K) =   298.70  PRESS =    50.9
 Etot   =   -122606.8258  EKtot   =     22420.3262  EPtot      =   -145027.1520
 BOND   =       654.5599  ANGLE   =      1661.4920  DIHED      =      1314.2225
 1-4 NB =       756.9265  1-4 EEL =      8794.6704  VDWAALS    =     17845.6580
 EELEC  =   -176054.6812  EHBOND  =         0.0000  RESTRAINT  =         0.0000
 EKCMT  =      9820.6585  VIRIAL  =      9419.5536  VOLUME     =    364816.9199
                                                    Density    =         1.0282
 ------------------------------------------------------------------------------


 NSTEP =   162500   TIME(PS) =     187.500  TEMP(K) =   300.63  PRESS =   179.9
 Etot   =   -121969.3519  EKtot   =     22565.4980  EPtot      =   -144534.8499
 BOND   =       671.9128  ANGLE   =      1689.3380  DIHED      =      1302.1035
 1-4 NB =       778.4930  1-4 EEL =      8793.3278  VDWAALS    =     17802.1378
 EELEC  =   -175572.1629  EHBOND  =         0.0000  RESTRAINT  =         0.0000
 EKCMT  =     10001.8045  VIRIAL  =      8582.7927  VOLUME     =    365354.4924
                                                    Density    =         1.0267
 ------------------------------------------------------------------------------


 NSTEP =   165000   TIME(PS) =     190.000  TEMP(K) =   298.00  PRESS =  -203.5
 Etot   =   -122094.8852  EKtot   =     22367.7285  EPtot      =   -144462.6137
 BOND   =       682.9222  ANGLE   =      1701.3632  DIHED      =      1315.3496
 1-4 NB =       759.9357  1-4 EEL =      8784.8228  VDWAALS    =     17531.9765
 EELEC  =   -175238.9837  EHBOND  =         0.0000  RESTRAINT  =         0.0000
 EKCMT  =      9901.2324  VIRIAL  =     11506.2283  VOLUME     =    365253.5847
                                                    Density    =         1.0269
 ------------------------------------------------------------------------------


 NSTEP =   167500   TIME(PS) =     192.500  TEMP(K) =   300.05  PRESS =    82.6
 Etot   =   -122092.7739  EKtot   =     22521.9180  EPtot      =   -144614.6918
 BOND   =       621.3274  ANGLE   =      1688.8862  DIHED      =      1277.7175
 1-4 NB =       774.1885  1-4 EEL =      8769.9426  VDWAALS    =     17506.4066
 EELEC  =   -175253.1607  EHBOND  =         0.0000  RESTRAINT  =         0.0000
 EKCMT  =      9922.9696  VIRIAL  =      9273.5096  VOLUME     =    364087.6198
                                                    Density    =         1.0302
 ------------------------------------------------------------------------------


 NSTEP =   170000   TIME(PS) =     195.000  TEMP(K) =   301.59  PRESS =   -17.8
 Etot   =   -122400.1608  EKtot   =     22637.6582  EPtot      =   -145037.8190
 BOND   =       657.0592  ANGLE   =      1642.7382  DIHED      =      1313.2523
 1-4 NB =       771.9892  1-4 EEL =      8776.2007  VDWAALS    =     17739.3196
 EELEC  =   -175938.3783  EHBOND  =         0.0000  RESTRAINT  =         0.0000
 EKCMT  =     10063.9500  VIRIAL  =     10204.1813  VOLUME     =    364818.2705
                                                    Density    =         1.0282
 ------------------------------------------------------------------------------


 NSTEP =   172500   TIME(PS) =     197.500  TEMP(K) =   300.29  PRESS =  -167.2
 Etot   =   -122438.9959  EKtot   =     22540.1973  EPtot      =   -144979.1932
 BOND   =       657.5112  ANGLE   =      1728.0159  DIHED      =      1269.9295
 1-4 NB =       761.7987  1-4 EEL =      8789.3638  VDWAALS    =     17517.7778
 EELEC  =   -175703.5901  EHBOND  =         0.0000  RESTRAINT  =         0.0000
 EKCMT  =      9899.1074  VIRIAL  =     11213.6582  VOLUME     =    364189.7891
                                                    Density    =         1.0299
 ------------------------------------------------------------------------------


 NSTEP =   175000   TIME(PS) =     200.000  TEMP(K) =   297.72  PRESS =   -20.9
 Etot   =   -122651.3220  EKtot   =     22346.9512  EPtot      =   -144998.2732
 BOND   =       667.2630  ANGLE   =      1698.7554  DIHED      =      1278.5745
 1-4 NB =       752.5710  1-4 EEL =      8816.7171  VDWAALS    =     17749.4686
 EELEC  =   -175961.6229  EHBOND  =         0.0000  RESTRAINT  =         0.0000
 EKCMT  =      9864.2792  VIRIAL  =     10028.6417  VOLUME     =    364127.1417
                                                    Density    =         1.0301
 ------------------------------------------------------------------------------


 NSTEP =   177500   TIME(PS) =     202.500  TEMP(K) =   296.30  PRESS =  -149.5
 Etot   =   -122516.0383  EKtot   =     22240.3086  EPtot      =   -144756.3469
 BOND   =       662.1907  ANGLE   =      1676.5422  DIHED      =      1316.0693
 1-4 NB =       764.8013  1-4 EEL =      8820.7328  VDWAALS    =     17554.4475
 EELEC  =   -175551.1306  EHBOND  =         0.0000  RESTRAINT  =         0.0000
 EKCMT  =      9863.1517  VIRIAL  =     11036.2716  VOLUME     =    363535.9513
                                                    Density    =         1.0318
 ------------------------------------------------------------------------------


 NSTEP =   180000   TIME(PS) =     205.000  TEMP(K) =   297.93  PRESS =  -180.4
 Etot   =   -122384.9487  EKtot   =     22363.0508  EPtot      =   -144747.9995
 BOND   =       657.2135  ANGLE   =      1692.2025  DIHED      =      1292.1169
 1-4 NB =       767.8406  1-4 EEL =      8774.2394  VDWAALS    =     17589.3563
 EELEC  =   -175520.9687  EHBOND  =         0.0000  RESTRAINT  =         0.0000
 EKCMT  =      9801.0529  VIRIAL  =     11221.9491  VOLUME     =    364733.3232
                                                    Density    =         1.0284
 ------------------------------------------------------------------------------


 NSTEP =   182500   TIME(PS) =     207.500  TEMP(K) =   298.42  PRESS =    -0.3
 Etot   =   -122580.5175  EKtot   =     22399.3242  EPtot      =   -144979.8417
 BOND   =       701.1841  ANGLE   =      1669.0184  DIHED      =      1283.7095
 1-4 NB =       762.2736  1-4 EEL =      8809.6649  VDWAALS    =     17988.8710
 EELEC  =   -176194.5631  EHBOND  =         0.0000  RESTRAINT  =         0.0000
 EKCMT  =      9871.0527  VIRIAL  =      9873.2246  VOLUME     =    364745.8032
                                                    Density    =         1.0284
 ------------------------------------------------------------------------------


 NSTEP =   185000   TIME(PS) =     210.000  TEMP(K) =   300.76  PRESS =  -145.4
 Etot   =   -122312.2821  EKtot   =     22574.9941  EPtot      =   -144887.2762
 BOND   =       635.3903  ANGLE   =      1655.8087  DIHED      =      1297.5493
 1-4 NB =       758.8617  1-4 EEL =      8787.1256  VDWAALS    =     17582.3876
 EELEC  =   -175604.3995  EHBOND  =         0.0000  RESTRAINT  =         0.0000
 EKCMT  =      9932.8995  VIRIAL  =     11079.2088  VOLUME     =    365042.1589
                                                    Density    =         1.0275
 ------------------------------------------------------------------------------


 NSTEP =   187500   TIME(PS) =     212.500  TEMP(K) =   300.85  PRESS =   -13.3
 Etot   =   -122048.1647  EKtot   =     22581.7129  EPtot      =   -144629.8776
 BOND   =       651.8490  ANGLE   =      1643.4387  DIHED      =      1319.2573
 1-4 NB =       758.1316  1-4 EEL =      8798.4509  VDWAALS    =     17791.4379
 EELEC  =   -175592.4430  EHBOND  =         0.0000  RESTRAINT  =         0.0000
 EKCMT  =      9990.5738  VIRIAL  =     10094.8270  VOLUME     =    364394.7910
                                                    Density    =         1.0294
 ------------------------------------------------------------------------------


 NSTEP =   190000   TIME(PS) =     215.000  TEMP(K) =   298.27  PRESS =    33.3
 Etot   =   -122399.9676  EKtot   =     22388.1133  EPtot      =   -144788.0809
 BOND   =       679.6093  ANGLE   =      1701.4468  DIHED      =      1322.7618
 1-4 NB =       747.0749  1-4 EEL =      8749.3421  VDWAALS    =     17796.1903
 EELEC  =   -175784.5061  EHBOND  =         0.0000  RESTRAINT  =         0.0000
 EKCMT  =      9914.7347  VIRIAL  =      9653.3705  VOLUME     =    363905.0087
                                                    Density    =         1.0307
 ------------------------------------------------------------------------------


 NSTEP =   192500   TIME(PS) =     217.500  TEMP(K) =   302.05  PRESS =   138.1
 Etot   =   -122238.4402  EKtot   =     22672.0039  EPtot      =   -144910.4441
 BOND   =       630.6106  ANGLE   =      1675.2100  DIHED      =      1291.3794
 1-4 NB =       780.3749  1-4 EEL =      8807.6309  VDWAALS    =     17872.0385
 EELEC  =   -175967.6884  EHBOND  =         0.0000  RESTRAINT  =         0.0000
 EKCMT  =     10062.7533  VIRIAL  =      8974.3234  VOLUME     =    365100.3017
                                                    Density    =         1.0274
 ------------------------------------------------------------------------------


 NSTEP =   195000   TIME(PS) =     220.000  TEMP(K) =   299.20  PRESS =    58.6
 Etot   =   -122168.6723  EKtot   =     22457.9336  EPtot      =   -144626.6058
 BOND   =       694.4978  ANGLE   =      1666.1937  DIHED      =      1290.1679
 1-4 NB =       781.6687  1-4 EEL =      8741.6560  VDWAALS    =     17836.0955
 EELEC  =   -175636.8854  EHBOND  =         0.0000  RESTRAINT  =         0.0000
 EKCMT  =      9928.4500  VIRIAL  =      9465.8166  VOLUME     =    365637.3603
                                                    Density    =         1.0259
 ------------------------------------------------------------------------------


 NSTEP =   197500   TIME(PS) =     222.500  TEMP(K) =   299.52  PRESS =     7.1
 Etot   =   -122078.4235  EKtot   =     22482.3047  EPtot      =   -144560.7282
 BOND   =       644.7034  ANGLE   =      1682.7534  DIHED      =      1318.3011
 1-4 NB =       778.9474  1-4 EEL =      8800.0558  VDWAALS    =     17725.8381
 EELEC  =   -175511.3274  EHBOND  =         0.0000  RESTRAINT  =         0.0000
 EKCMT  =      9972.9336  VIRIAL  =      9917.0032  VOLUME     =    365583.4106
                                                    Density    =         1.0260
 ------------------------------------------------------------------------------


 NSTEP =   200000   TIME(PS) =     225.000  TEMP(K) =   300.54  PRESS =    11.9
 Etot   =   -122061.5804  EKtot   =     22558.2227  EPtot      =   -144619.8031
 BOND   =       703.5312  ANGLE   =      1725.1039  DIHED      =      1289.9438
 1-4 NB =       748.1154  1-4 EEL =      8818.6722  VDWAALS    =     17789.8771
 EELEC  =   -175695.0466  EHBOND  =         0.0000  RESTRAINT  =         0.0000
 EKCMT  =      9948.0485  VIRIAL  =      9854.5383  VOLUME     =    365226.0482
                                                    Density    =         1.0270
 ------------------------------------------------------------------------------


 NSTEP =   202500   TIME(PS) =     227.500  TEMP(K) =   299.56  PRESS =   -92.8
 Etot   =   -122668.2540  EKtot   =     22484.8516  EPtot      =   -145153.1055
 BOND   =       643.1726  ANGLE   =      1666.5956  DIHED      =      1283.6800
 1-4 NB =       766.6523  1-4 EEL =      8752.0373  VDWAALS    =     17849.2149
 EELEC  =   -176114.4583  EHBOND  =         0.0000  RESTRAINT  =         0.0000
 EKCMT  =      9927.7628  VIRIAL  =     10660.8280  VOLUME     =    365695.7818
                                                    Density    =         1.0257
 ------------------------------------------------------------------------------


 NSTEP =   205000   TIME(PS) =     230.000  TEMP(K) =   298.70  PRESS =    -7.3
 Etot   =   -122415.4918  EKtot   =     22420.6562  EPtot      =   -144836.1481
 BOND   =       661.1702  ANGLE   =      1717.7742  DIHED      =      1299.5603
 1-4 NB =       750.8308  1-4 EEL =      8809.1772  VDWAALS    =     18017.3929
 EELEC  =   -176092.0536  EHBOND  =         0.0000  RESTRAINT  =         0.0000
 EKCMT  =      9850.3464  VIRIAL  =      9908.0483  VOLUME     =    365518.5811
                                                    Density    =         1.0262
 ------------------------------------------------------------------------------


 NSTEP =   207500   TIME(PS) =     232.500  TEMP(K) =   301.13  PRESS =  -101.1
 Etot   =   -122470.7156  EKtot   =     22602.8574  EPtot      =   -145073.5730
 BOND   =       726.6390  ANGLE   =      1630.2741  DIHED      =      1322.3217
 1-4 NB =       752.1872  1-4 EEL =      8714.1442  VDWAALS    =     18035.4512
 EELEC  =   -176254.5904  EHBOND  =         0.0000  RESTRAINT  =         0.0000
 EKCMT  =     10064.7263  VIRIAL  =     10863.6051  VOLUME     =    365889.2596
                                                    Density    =         1.0252
 ------------------------------------------------------------------------------


 NSTEP =   210000   TIME(PS) =     235.000  TEMP(K) =   299.33  PRESS =   -32.8
 Etot   =   -122637.7039  EKtot   =     22467.6484  EPtot      =   -145105.3524
 BOND   =       674.0450  ANGLE   =      1660.3836  DIHED      =      1299.8464
 1-4 NB =       758.0226  1-4 EEL =      8775.5224  VDWAALS    =     17723.1638
 EELEC  =   -175996.3361  EHBOND  =         0.0000  RESTRAINT  =         0.0000
 EKCMT  =      9936.1042  VIRIAL  =     10194.5524  VOLUME     =    365156.4519
                                                    Density    =         1.0272
 ------------------------------------------------------------------------------


 NSTEP =   212500   TIME(PS) =     237.500  TEMP(K) =   299.21  PRESS =  -178.5
 Etot   =   -121958.8299  EKtot   =     22458.4395  EPtot      =   -144417.2693
 BOND   =       674.9601  ANGLE   =      1711.6887  DIHED      =      1308.7108
 1-4 NB =       758.0510  1-4 EEL =      8777.5056  VDWAALS    =     17472.5382
 EELEC  =   -175120.7236  EHBOND  =         0.0000  RESTRAINT  =         0.0000
 EKCMT  =      9908.5937  VIRIAL  =     11315.0976  VOLUME     =    364876.1568
                                                    Density    =         1.0280
 ------------------------------------------------------------------------------


 NSTEP =   215000   TIME(PS) =     240.000  TEMP(K) =   301.19  PRESS =    33.9
 Etot   =   -122368.4121  EKtot   =     22607.5781  EPtot      =   -144975.9903
 BOND   =       649.0043  ANGLE   =      1645.5887  DIHED      =      1281.6714
 1-4 NB =       775.2185  1-4 EEL =      8838.5751  VDWAALS    =     18090.3893
 EELEC  =   -176256.4376  EHBOND  =         0.0000  RESTRAINT  =         0.0000
 EKCMT  =     10058.0509  VIRIAL  =      9790.9077  VOLUME     =    365458.0271
                                                    Density    =         1.0264
 ------------------------------------------------------------------------------


 NSTEP =   217500   TIME(PS) =     242.500  TEMP(K) =   298.92  PRESS =  -104.3
 Etot   =   -122279.0400  EKtot   =     22437.3242  EPtot      =   -144716.3642
 BOND   =       673.9910  ANGLE   =      1671.3986  DIHED      =      1316.7623
 1-4 NB =       745.5331  1-4 EEL =      8748.0745  VDWAALS    =     17622.9800
 EELEC  =   -175495.1038  EHBOND  =         0.0000  RESTRAINT  =         0.0000
 EKCMT  =      9915.0925  VIRIAL  =     10736.9108  VOLUME     =    364884.6693
                                                    Density    =         1.0280
 ------------------------------------------------------------------------------


 NSTEP =   220000   TIME(PS) =     245.000  TEMP(K) =   300.81  PRESS =   123.1
 Etot   =   -122150.3682  EKtot   =     22578.6699  EPtot      =   -144729.0381
 BOND   =       669.9292  ANGLE   =      1679.2083  DIHED      =      1299.5679
 1-4 NB =       758.5692  1-4 EEL =      8784.1619  VDWAALS    =     17736.6862
 EELEC  =   -175657.1607  EHBOND  =         0.0000  RESTRAINT  =         0.0000
 EKCMT  =      9999.0071  VIRIAL  =      9028.2659  VOLUME     =    365362.2194
                                                    Density    =         1.0266
 ------------------------------------------------------------------------------


 NSTEP =   222500   TIME(PS) =     247.500  TEMP(K) =   300.87  PRESS =   -69.6
 Etot   =   -122228.4915  EKtot   =     22583.5859  EPtot      =   -144812.0774
 BOND   =       677.7776  ANGLE   =      1683.2700  DIHED      =      1278.5252
 1-4 NB =       755.1622  1-4 EEL =      8762.4060  VDWAALS    =     17907.0787
 EELEC  =   -175876.2971  EHBOND  =         0.0000  RESTRAINT  =         0.0000
 EKCMT  =      9999.6369  VIRIAL  =     10547.8062  VOLUME     =    364810.3353
                                                    Density    =         1.0282
 ------------------------------------------------------------------------------


 NSTEP =   225000   TIME(PS) =     250.000  TEMP(K) =   297.84  PRESS =    39.6
 Etot   =   -122178.1830  EKtot   =     22356.0742  EPtot      =   -144534.2572
 BOND   =       640.4577  ANGLE   =      1690.8849  DIHED      =      1277.2828
 1-4 NB =       743.7750  1-4 EEL =      8792.3853  VDWAALS    =     17633.7228
 EELEC  =   -175312.7657  EHBOND  =         0.0000  RESTRAINT  =         0.0000
 EKCMT  =      9831.7163  VIRIAL  =      9520.1379  VOLUME     =    364211.7814
                                                    Density    =         1.0299
 ------------------------------------------------------------------------------


 NSTEP =   227500   TIME(PS) =     252.500  TEMP(K) =   296.68  PRESS =   -11.2
 Etot   =   -122044.0139  EKtot   =     22268.6562  EPtot      =   -144312.6702
 BOND   =       668.9538  ANGLE   =      1671.6583  DIHED      =      1281.9768
 1-4 NB =       748.3100  1-4 EEL =      8721.6051  VDWAALS    =     17700.4398
 EELEC  =   -175105.6139  EHBOND  =         0.0000  RESTRAINT  =         0.0000
 EKCMT  =      9825.6985  VIRIAL  =      9914.0868  VOLUME     =    365042.6235
                                                    Density    =         1.0275
 ------------------------------------------------------------------------------


 NSTEP =   230000   TIME(PS) =     255.000  TEMP(K) =   298.80  PRESS =    30.3
 Etot   =   -122249.9103  EKtot   =     22427.7012  EPtot      =   -144677.6115
 BOND   =       663.8365  ANGLE   =      1691.8076  DIHED      =      1331.6608
 1-4 NB =       765.0214  1-4 EEL =      8760.8537  VDWAALS    =     17906.2848
 EELEC  =   -175797.0762  EHBOND  =         0.0000  RESTRAINT  =         0.0000
 EKCMT  =      9976.5719  VIRIAL  =      9738.3101  VOLUME     =    364305.1611
                                                    Density    =         1.0296
 ------------------------------------------------------------------------------


 NSTEP =   232500   TIME(PS) =     257.500  TEMP(K) =   301.97  PRESS =   -72.9
 Etot   =   -122092.9892  EKtot   =     22665.8848  EPtot      =   -144758.8739
 BOND   =       651.9889  ANGLE   =      1706.6234  DIHED      =      1284.5155
 1-4 NB =       759.8980  1-4 EEL =      8722.9572  VDWAALS    =     17753.6244
 EELEC  =   -175638.4814  EHBOND  =         0.0000  RESTRAINT  =         0.0000
 EKCMT  =      9989.1302  VIRIAL  =     10563.9706  VOLUME     =    365455.3338
                                                    Density    =         1.0264
 ------------------------------------------------------------------------------


 NSTEP =   235000   TIME(PS) =     260.000  TEMP(K) =   299.92  PRESS =   -32.4
 Etot   =   -122384.3222  EKtot   =     22512.2676  EPtot      =   -144896.5898
 BOND   =       652.7910  ANGLE   =      1685.5987  DIHED      =      1317.0137
 1-4 NB =       745.5985  1-4 EEL =      8714.9951  VDWAALS    =     17790.0987
 EELEC  =   -175802.6857  EHBOND  =         0.0000  RESTRAINT  =         0.0000
 EKCMT  =     10009.0011  VIRIAL  =     10263.8353  VOLUME     =    364721.0204
                                                    Density    =         1.0284
 ------------------------------------------------------------------------------


 NSTEP =   237500   TIME(PS) =     262.500  TEMP(K) =   300.71  PRESS =  -243.6
 Etot   =   -122251.1093  EKtot   =     22571.0195  EPtot      =   -144822.1288
 BOND   =       655.8703  ANGLE   =      1687.6590  DIHED      =      1283.6915
 1-4 NB =       755.6455  1-4 EEL =      8717.7214  VDWAALS    =     17376.7762
 EELEC  =   -175299.4926  EHBOND  =         0.0000  RESTRAINT  =         0.0000
 EKCMT  =      9978.3503  VIRIAL  =     11898.0580  VOLUME     =    365021.7835
                                                    Density    =         1.0276
 ------------------------------------------------------------------------------


 NSTEP =   240000   TIME(PS) =     265.000  TEMP(K) =   300.58  PRESS =   -92.1
 Etot   =   -122224.9375  EKtot   =     22561.4844  EPtot      =   -144786.4219
 BOND   =       673.6860  ANGLE   =      1689.0616  DIHED      =      1277.3477
 1-4 NB =       761.2514  1-4 EEL =      8787.3171  VDWAALS    =     17680.4653
 EELEC  =   -175655.5509  EHBOND  =         0.0000  RESTRAINT  =         0.0000
 EKCMT  =      9898.1368  VIRIAL  =     10622.4006  VOLUME     =    364401.7949
                                                    Density    =         1.0293
 ------------------------------------------------------------------------------


 NSTEP =   242500   TIME(PS) =     267.500  TEMP(K) =   297.80  PRESS =    35.6
 Etot   =   -122243.7420  EKtot   =     22352.8984  EPtot      =   -144596.6405
 BOND   =       680.1914  ANGLE   =      1713.4367  DIHED      =      1283.3266
 1-4 NB =       754.6886  1-4 EEL =      8747.0096  VDWAALS    =     17835.7059
 EELEC  =   -175610.9993  EHBOND  =         0.0000  RESTRAINT  =         0.0000
 EKCMT  =      9759.2512  VIRIAL  =      9479.4538  VOLUME     =    364252.0933
                                                    Density    =         1.0298
 ------------------------------------------------------------------------------


 NSTEP =   245000   TIME(PS) =     270.000  TEMP(K) =   300.00  PRESS =   205.4
 Etot   =   -122440.0944  EKtot   =     22518.3164  EPtot      =   -144958.4108
 BOND   =       673.4696  ANGLE   =      1773.7046  DIHED      =      1283.5422
 1-4 NB =       754.2084  1-4 EEL =      8719.7929  VDWAALS    =     18140.3553
 EELEC  =   -176303.4839  EHBOND  =         0.0000  RESTRAINT  =         0.0000
 EKCMT  =      9953.3580  VIRIAL  =      8334.8293  VOLUME     =    365042.4538
                                                    Density    =         1.0275
 ------------------------------------------------------------------------------


 NSTEP =   247500   TIME(PS) =     272.500  TEMP(K) =   301.43  PRESS =    75.2
 Etot   =   -122162.4742  EKtot   =     22625.1406  EPtot      =   -144787.6148
 BOND   =       657.9586  ANGLE   =      1632.7994  DIHED      =      1290.1812
 1-4 NB =       749.8033  1-4 EEL =      8781.1637  VDWAALS    =     17763.8707
 EELEC  =   -175663.3917  EHBOND  =         0.0000  RESTRAINT  =         0.0000
 EKCMT  =     10061.0419  VIRIAL  =      9469.1373  VOLUME     =    364742.9323
                                                    Density    =         1.0284
 ------------------------------------------------------------------------------


 NSTEP =   250000   TIME(PS) =     275.000  TEMP(K) =   299.56  PRESS =  -134.9
 Etot   =   -122279.7954  EKtot   =     22485.3730  EPtot      =   -144765.1684
 BOND   =       670.4370  ANGLE   =      1718.4460  DIHED      =      1282.7162
 1-4 NB =       752.2344  1-4 EEL =      8697.2117  VDWAALS    =     17738.1009
 EELEC  =   -175624.3145  EHBOND  =         0.0000  RESTRAINT  =         0.0000
 EKCMT  =      9892.8278  VIRIAL  =     10955.6067  VOLUME     =    364877.1433
                                                    Density    =         1.0280
 ------------------------------------------------------------------------------


      A V E R A G E S   O V E R     100 S T E P S


 NSTEP =   250000   TIME(PS) =     275.000  TEMP(K) =   299.95  PRESS =   -18.5
 Etot   =   -122050.0705  EKtot   =     22514.0936  EPtot      =   -144564.1641
 BOND   =       659.8271  ANGLE   =      1688.0378  DIHED      =      1298.0327
 1-4 NB =       759.6531  1-4 EEL =      8767.8756  VDWAALS    =     17757.8761
 EELEC  =   -175495.4665  EHBOND  =         0.0000  RESTRAINT  =         0.0000
 EKCMT  =      9957.4454  VIRIAL  =     10119.9922  VOLUME     =    367390.4935
                                                    Density    =         1.0217
 ------------------------------------------------------------------------------


      R M S  F L U C T U A T I O N S


 NSTEP =   250000   TIME(PS) =     275.000  TEMP(K) =     1.45  PRESS =   126.5
 Etot   =       577.0189  EKtot   =       109.1243  EPtot      =       576.0600
 BOND   =        22.4428  ANGLE   =        35.6588  DIHED      =        17.4725
 1-4 NB =        11.3044  1-4 EEL =        32.5807  VDWAALS    =       192.1349
 EELEC  =       521.2004  EHBOND  =         0.0000  RESTRAINT  =         0.0000
 EKCMT  =        78.5970  VIRIAL  =      1046.6652  VOLUME     =     10276.1175
                                                    Density    =         0.0249
 ------------------------------------------------------------------------------

--------------------------------------------------------------------------------
   5.  TIMINGS
--------------------------------------------------------------------------------

|  NonSetup CPU Time in Major Routines:
|
|     Routine           Sec        %
|     ------------------------------
|     Nonbond         323.45   84.28
|     Bond              0.00    0.00
|     Angle             0.00    0.00
|     Dihedral          0.00    0.00
|     Shake             7.41    1.93
|     RunMD            52.23   13.61
|     Other             0.68    0.18
|     ------------------------------
|     Total           383.78

|  PME Nonbond Pairlist CPU Time:
|
|     Routine              Sec        %
|     ---------------------------------
|     Set Up Cit           0.00    0.00
|     Build List           0.00    0.00
|     ---------------------------------
|     Total                0.00    0.00

|  PME Direct Force CPU Time:
|
|     Routine              Sec        %
|     ---------------------------------
|     NonBonded Calc       0.00    0.00
|     Exclude Masked       0.00    0.00
|     Other                0.37    0.10
|     ---------------------------------
|     Total                0.37    0.10

|  PME Reciprocal Force CPU Time:
|
|     Routine              Sec        %
|     ---------------------------------
|     1D bspline           0.00    0.00
|     Grid Charges         0.00    0.00
|     Scalar Sum           0.00    0.00
|     Gradient Sum         0.00    0.00
|     FFT                  0.00    0.00
|     ---------------------------------
|     Total                0.00    0.00

|  Final Performance Info:
|     -----------------------------------------------------
|     Average timings for last    7500 steps:
|     Elapsed(s) =      11.70 Per Step(ms) =       1.56
|         ns/day =      55.41   seconds/ns =    1559.35
|
|     Average timings for all steps:
|     Elapsed(s) =     386.10 Per Step(ms) =       1.54
|         ns/day =      55.94   seconds/ns =    1544.40
|     -----------------------------------------------------

|  Setup CPU time:            1.93 seconds
|  NonSetup CPU time:       383.78 seconds
|  Total CPU time:          385.71 seconds     0.11 hours

|  Setup wall time:           2    seconds
|  NonSetup wall time:      386    seconds
|  Total wall time:         388    seconds     0.11 hours
