
          -------------------------------------------------------
          Amber 18 PMEMD                              2018
          -------------------------------------------------------

| PMEMD implementation of SANDER, Release 18

| Run on 07/02/2021 at 13:12:20

|   Executable path: pmemd.cuda
| Working directory: /home/bozhanng/Abs_MD/HEPC3-4_Fv_full_relaxed2
|          Hostname: bf21

  [-O]verwriting output

File Assignments:
|   MDIN: heat100K.in                                                           
|  MDOUT: heat100K_HEPC3-4_Fv_full_relaxed2.out                                 
| INPCRD: minall_HEPC3-4_Fv_full_relaxed2.crd                                   
|   PARM: HEPC3-4_Fv_full_relaxed2.parm7                                        
| RESTRT: heat100K_HEPC3-4_Fv_full_relaxed2.crd                                 
|   REFC: refc                                                                  
|  MDVEL: mdvel                                                                 
|   MDEN: mden                                                                  
|  MDCRD: heat100K_HEPC3-4_Fv_full_relaxed2.nc                                  
| MDINFO: mdinfo                                                                
|  MDFRC: mdfrc                                                                 


 Here is the input file:

Heating from 0 to 100 K                                                        
 &cntrl                                                                        
  imin=0,         ! Molecular dynamics                                         
  ntx=1,          ! Coordinates formatted with no initial velocities           
  irest=0,        ! No restart velocities assigned                             
  ntc=2,          ! SHAKE algorithm bonds with hydrogen                        
  ntf=2,          ! No force evaluation bonds with hydrogen                    
  tol=0.0000001,  ! SHAKE tolerance                                            
  nstlim=250000,  ! Number of MD steps                                         
  ntt=3,          ! Langevin dynamics                                          
  gamma_ln=5.0,   ! Collision frequency Langevin dynamics                      
  ig=-1,          ! Random seed Langevin dynamics                              
  ntpr=2500,                                                                   
  ntwr=2500,                                                                   
  ntwx=2500,      ! Write to trajectory file every ntwx steps                  
  dt=0.0001,       ! Timestep (ps)                                             
  ntb=1,	  ! Constant volume periodic boundary conditions                      
  ntp=0,                                                                       
  cut=8.0,                                                                     
  tempi=0.0,	  ! Starting temperature is 0 K from minimization                 
  TEMP0=100.0,    ! Reference temperature (held here)                          
 &end                                                                          
END                                                                            
END                                                                            


Note: ig = -1. Setting random seed to   387623 based on wallclock time in 
      microseconds.
| irandom = 1, using AMBER's internal random number generator (default).
 
|--------------------- INFORMATION ----------------------
| GPU (CUDA) Version of PMEMD in use: NVIDIA GPU IN USE.
|                    Version 18.0.0
| 
|                      03/25/2018
| 
| Implementation by:
|                    Ross C. Walker     (SDSC)
|                    Scott Le Grand     (nVIDIA)
| 
| Version 18 performance extensions by:
|                    David Cerutti     (Rutgers)
| 
| Precision model in use:
|      [SPFP] - Single Precision Forces, 64-bit Fixed Point
|               Accumulation. (Default)
| 
|--------------------------------------------------------
 
|----------------- CITATION INFORMATION -----------------
|
|    When publishing work that utilized the CUDA version
|    of AMBER, please cite the following in addition to
|    the regular AMBER citations:
|
|  - Romelia Salomon-Ferrer; Andreas W. Goetz; Duncan
|    Poole; Scott Le Grand; Ross C. Walker "Routine
|    microsecond molecular dynamics simulations with
|    AMBER - Part II: Particle Mesh Ewald", J. Chem.
|    Theory Comput., 2013, 9 (9), pp3878-3888,
|    DOI: 10.1021/ct400314y.
|
|  - Andreas W. Goetz; Mark J. Williamson; Dong Xu;
|    Duncan Poole; Scott Le Grand; Ross C. Walker
|    "Routine microsecond molecular dynamics simulations
|    with AMBER - Part I: Generalized Born", J. Chem.
|    Theory Comput., 2012, 8 (5), pp1542-1555.
|
|  - Scott Le Grand; Andreas W. Goetz; Ross C. Walker
|    "SPFP: Speed without compromise - a mixed precision
|    model for GPU accelerated molecular dynamics
|    simulations.", Comp. Phys. Comm., 2013, 184
|    pp374-380, DOI: 10.1016/j.cpc.2012.09.022
|
|--------------------------------------------------------
 
|------------------- GPU DEVICE INFO --------------------
|
|            CUDA_VISIBLE_DEVICES: 2
|   CUDA Capable Devices Detected:      1
|           CUDA Device ID in use:      0
|                CUDA Device Name: GeForce GTX 1080
|     CUDA Device Global Mem Size:   8119 MB
| CUDA Device Num Multiprocessors:     20
|           CUDA Device Core Freq:   1.73 GHz
|
|--------------------------------------------------------
 
 
| Conditional Compilation Defines Used:
| PUBFFT
| BINTRAJ
| MKL
| CUDA
| EMIL

| Largest sphere to fit in unit cell has radius =    35.137

| New format PARM file being parsed.
| Version =    1.000 Date = 07/02/21 Time = 13:04:14

| Note: 1-4 EEL scale factors are being read from the topology file.

| Note: 1-4 VDW scale factors are being read from the topology file.
| Duplicated    0 dihedrals

| Duplicated    0 dihedrals

--------------------------------------------------------------------------------
   1.  RESOURCE   USE: 
--------------------------------------------------------------------------------

 getting new box info from bottom of inpcrd
 NATOM  =   48002 NTYPES =      18 NBONH =   35096 MBONA  =   12941
 NTHETH =    3908 MTHETA =    2472 NPHIH =    8186 MPHIA  =    7845
 NHPARM =       0 NPARM  =       0 NNB   =   97180 NRES   =   11363
 NBONA  =   12941 NTHETA =    2472 NPHIA =    7845 NUMBND =      72
 NUMANG =     171 NPTRA  =     194 NATYP =      36 NPHB   =       1
 IFBOX  =       1 NMXRS  =      25 IFCAP =       0 NEXTRA =   11122
 NCOPY  =       0

| Coordinate Index Table dimensions:    17   15   18
| Direct force subcell size =     4.5653    4.6850    4.6461

     BOX TYPE: RECTILINEAR

--------------------------------------------------------------------------------
   2.  CONTROL  DATA  FOR  THE  RUN
--------------------------------------------------------------------------------

default_name                                                                    

General flags:
     imin    =       0, nmropt  =       0

Nature and format of input:
     ntx     =       1, irest   =       0, ntrx    =       1

Nature and format of output:
     ntxo    =       2, ntpr    =    2500, ntrx    =       1, ntwr    =    2500
     iwrap   =       0, ntwx    =    2500, ntwv    =       0, ntwe    =       0
     ioutfm  =       1, ntwprt  =       0, idecomp =       0, rbornstat=      0

Potential function:
     ntf     =       2, ntb     =       1, igb     =       0, nsnb    =      25
     ipol    =       0, gbsa    =       0, iesp    =       0
     dielc   =   1.00000, cut     =   8.00000, intdiel =   1.00000

Frozen or restrained atoms:
     ibelly  =       0, ntr     =       0

Molecular dynamics:
     nstlim  =    250000, nscm    =      1000, nrespa  =         1
     t       =   0.00000, dt      =   0.00010, vlimit  =  -1.00000

Langevin dynamics temperature regulation:
     ig      =  387623
     temp0   = 100.00000, tempi   =   0.00000, gamma_ln=   5.00000

SHAKE:
     ntc     =       2, jfastw  =       0
     tol     =   0.00000

| Intermolecular bonds treatment:
|     no_intermolecular_bonds =       1

| Energy averages sample interval:
|     ene_avg_sampling =    2500

Extra-points options:
     frameon =       1, chngmask=       1

Ewald parameters:
     verbose =       0, ew_type =       0, nbflag  =       1, use_pme =       1
     vdwmeth =       1, eedmeth =       1, netfrc  =       1
     Box X =   77.610   Box Y =   70.275   Box Z =   83.630
     Alpha =   90.000   Beta  =   90.000   Gamma =   90.000
     NFFT1 =   80       NFFT2 =   72       NFFT3 =   84
     Cutoff=    8.000   Tol   =0.100E-04
     Ewald Coefficient =  0.34864
     Interpolation order =    4
|      EXTRA_PTS, trim_bonds: num bonds BEFORE trim = 35096     0
|      EXTRA_PTS, trim_bonds: num bonds AFTER  trim = 35096     0
|      EXTRA_PTS, trim_bonds: num bonds BEFORE trim = 12941     0
|      EXTRA_PTS, trim_bonds: num bonds AFTER  trim =  1819     0
|      EXTRA_PTS, trim_theta: num angle BEFORE trim =  3908     0
|      EXTRA_PTS, trim_theta: num angle AFTER  trim =  3908     0
|      EXTRA_PTS, trim_theta: num angle BEFORE trim =  2472     0
|      EXTRA_PTS, trim_theta: num angle AFTER  trim =  2472     0
|      EXTRA_PTS, trim_phi:  num diheds BEFORE trim =  8186     0
|      EXTRA_PTS, trim_phi:  num diheds AFTER  trim =  8186     0
|      EXTRA_PTS, trim_phi:  num diheds BEFORE trim =  7845     0
|      EXTRA_PTS, trim_phi:  num diheds AFTER  trim =  7845     0

--------------------------------------------------------------------------------
   3.  ATOMIC COORDINATES AND VELOCITIES
--------------------------------------------------------------------------------

default_name                                                                    
 begin time read from input coords =     0.000 ps

 
 Number of triangulated 3-point waters found:    11122

     Sum of charges from parm topology file =   0.00006086
     Forcing neutrality...

| Dynamic Memory, Types Used:
| Reals             1394053
| Integers          3037979

| Nonbonded Pairs Initial Allocation:     8017534

| GPU memory information (estimate):
| KB of GPU memory in use:         0
| KB of CPU memory in use:         0

--------------------------------------------------------------------------------
   4.  RESULTS
--------------------------------------------------------------------------------


 NSTEP =        0   TIME(PS) =       0.000  TEMP(K) =     0.00  PRESS =     0.0
 Etot   =   -247467.9998  EKtot   =         0.0000  EPtot      =   -247467.9998
 BOND   =        95.9149  ANGLE   =       345.2524  DIHED      =       950.4597
 1-4 NB =       701.6484  1-4 EEL =      8877.2331  VDWAALS    =     51726.4331
 EELEC  =   -310164.9415  EHBOND  =         0.0000  RESTRAINT  =         0.0000
 ------------------------------------------------------------------------------


 NSTEP =     2500   TIME(PS) =       0.250  TEMP(K) =   374.01  PRESS =     0.0
 Etot   =   -130529.9554  EKtot   =     28073.2480  EPtot      =   -158603.2034
 BOND   =       231.2613  ANGLE   =       686.9487  DIHED      =      1032.0045
 1-4 NB =       704.8684  1-4 EEL =      8792.8531  VDWAALS    =     26042.1474
 EELEC  =   -196093.2868  EHBOND  =         0.0000  RESTRAINT  =         0.0000
 ------------------------------------------------------------------------------


 NSTEP =     5000   TIME(PS) =       0.500  TEMP(K) =   121.89  PRESS =     0.0
 Etot   =   -149153.1369  EKtot   =      9149.0117  EPtot      =   -158302.1486
 BOND   =       279.2508  ANGLE   =       776.3427  DIHED      =      1090.2148
 1-4 NB =       701.2433  1-4 EEL =      8766.0506  VDWAALS    =     26515.9819
 EELEC  =   -196431.2326  EHBOND  =         0.0000  RESTRAINT  =         0.0000
 ------------------------------------------------------------------------------


 NSTEP =     7500   TIME(PS) =       0.750  TEMP(K) =   102.38  PRESS =     0.0
 Etot   =   -150754.4199  EKtot   =      7684.4126  EPtot      =   -158438.8325
 BOND   =       284.9256  ANGLE   =       801.3435  DIHED      =      1084.0668
 1-4 NB =       709.7285  1-4 EEL =      8752.1587  VDWAALS    =     26018.6703
 EELEC  =   -196089.7259  EHBOND  =         0.0000  RESTRAINT  =         0.0000
 ------------------------------------------------------------------------------


 NSTEP =    10000   TIME(PS) =       1.000  TEMP(K) =   101.67  PRESS =     0.0
 Etot   =   -151128.7636  EKtot   =      7631.4404  EPtot      =   -158760.2041
 BOND   =       287.0243  ANGLE   =       804.1918  DIHED      =      1074.5472
 1-4 NB =       706.8368  1-4 EEL =      8800.1514  VDWAALS    =     26071.1929
 EELEC  =   -196504.1484  EHBOND  =         0.0000  RESTRAINT  =         0.0000
 ------------------------------------------------------------------------------


 NSTEP =    12500   TIME(PS) =       1.250  TEMP(K) =   101.55  PRESS =     0.0
 Etot   =   -151408.8069  EKtot   =      7622.2686  EPtot      =   -159031.0755
 BOND   =       282.0049  ANGLE   =       835.9579  DIHED      =      1085.7479
 1-4 NB =       696.3275  1-4 EEL =      8734.9997  VDWAALS    =     26213.2586
 EELEC  =   -196879.3720  EHBOND  =         0.0000  RESTRAINT  =         0.0000
 ------------------------------------------------------------------------------


 NSTEP =    15000   TIME(PS) =       1.500  TEMP(K) =   100.64  PRESS =     0.0
 Etot   =   -151577.2687  EKtot   =      7553.9595  EPtot      =   -159131.2281
 BOND   =       293.0759  ANGLE   =       834.3388  DIHED      =      1099.1824
 1-4 NB =       692.4919  1-4 EEL =      8748.3929  VDWAALS    =     26171.1180
 EELEC  =   -196969.8282  EHBOND  =         0.0000  RESTRAINT  =         0.0000
 ------------------------------------------------------------------------------


 NSTEP =    17500   TIME(PS) =       1.750  TEMP(K) =   100.50  PRESS =     0.0
 Etot   =   -151833.8026  EKtot   =      7543.7690  EPtot      =   -159377.5717
 BOND   =       284.7219  ANGLE   =       822.4721  DIHED      =      1078.3691
 1-4 NB =       698.7107  1-4 EEL =      8740.7505  VDWAALS    =     25824.3325
 EELEC  =   -196826.9287  EHBOND  =         0.0000  RESTRAINT  =         0.0000
 ------------------------------------------------------------------------------


 NSTEP =    20000   TIME(PS) =       2.000  TEMP(K) =   100.05  PRESS =     0.0
 Etot   =   -152055.9539  EKtot   =      7509.8643  EPtot      =   -159565.8182
 BOND   =       295.2431  ANGLE   =       808.8658  DIHED      =      1074.8029
 1-4 NB =       709.5222  1-4 EEL =      8752.0701  VDWAALS    =     25887.0528
 EELEC  =   -197093.3750  EHBOND  =         0.0000  RESTRAINT  =         0.0000
 ------------------------------------------------------------------------------


 NSTEP =    22500   TIME(PS) =       2.250  TEMP(K) =   100.73  PRESS =     0.0
 Etot   =   -152061.4919  EKtot   =      7560.8525  EPtot      =   -159622.3445
 BOND   =       303.8051  ANGLE   =       824.2901  DIHED      =      1090.0721
 1-4 NB =       699.5136  1-4 EEL =      8730.6694  VDWAALS    =     26037.9069
 EELEC  =   -197308.6018  EHBOND  =         0.0000  RESTRAINT  =         0.0000
 ------------------------------------------------------------------------------


 NSTEP =    25000   TIME(PS) =       2.500  TEMP(K) =   100.75  PRESS =     0.0
 Etot   =   -152288.2096  EKtot   =      7561.9429  EPtot      =   -159850.1525
 BOND   =       296.7185  ANGLE   =       845.0371  DIHED      =      1079.9894
 1-4 NB =       698.9324  1-4 EEL =      8739.9836  VDWAALS    =     26003.9291
 EELEC  =   -197514.7425  EHBOND  =         0.0000  RESTRAINT  =         0.0000
 ------------------------------------------------------------------------------


 NSTEP =    27500   TIME(PS) =       2.750  TEMP(K) =   100.75  PRESS =     0.0
 Etot   =   -152429.8589  EKtot   =      7562.3687  EPtot      =   -159992.2276
 BOND   =       313.4878  ANGLE   =       866.8155  DIHED      =      1087.4833
 1-4 NB =       686.4371  1-4 EEL =      8743.5896  VDWAALS    =     26021.5550
 EELEC  =   -197711.5959  EHBOND  =         0.0000  RESTRAINT  =         0.0000
 ------------------------------------------------------------------------------


 NSTEP =    30000   TIME(PS) =       3.000  TEMP(K) =   100.98  PRESS =     0.0
 Etot   =   -152432.4250  EKtot   =      7579.6880  EPtot      =   -160012.1129
 BOND   =       304.6998  ANGLE   =       820.9034  DIHED      =      1088.0062
 1-4 NB =       701.5051  1-4 EEL =      8750.7260  VDWAALS    =     26073.3494
 EELEC  =   -197751.3029  EHBOND  =         0.0000  RESTRAINT  =         0.0000
 ------------------------------------------------------------------------------


 NSTEP =    32500   TIME(PS) =       3.250  TEMP(K) =   101.20  PRESS =     0.0
 Etot   =   -152484.9449  EKtot   =      7596.1553  EPtot      =   -160081.1002
 BOND   =       305.7773  ANGLE   =       835.0885  DIHED      =      1084.8748
 1-4 NB =       708.5678  1-4 EEL =      8736.2919  VDWAALS    =     26125.5471
 EELEC  =   -197877.2477  EHBOND  =         0.0000  RESTRAINT  =         0.0000
 ------------------------------------------------------------------------------


 NSTEP =    35000   TIME(PS) =       3.500  TEMP(K) =    99.28  PRESS =     0.0
 Etot   =   -152777.0012  EKtot   =      7451.7666  EPtot      =   -160228.7678
 BOND   =       305.1194  ANGLE   =       814.8927  DIHED      =      1086.7050
 1-4 NB =       693.8389  1-4 EEL =      8759.2070  VDWAALS    =     26134.5561
 EELEC  =   -198023.0869  EHBOND  =         0.0000  RESTRAINT  =         0.0000
 ------------------------------------------------------------------------------


 NSTEP =    37500   TIME(PS) =       3.750  TEMP(K) =   100.47  PRESS =     0.0
 Etot   =   -152800.3861  EKtot   =      7541.6289  EPtot      =   -160342.0150
 BOND   =       302.0586  ANGLE   =       815.5489  DIHED      =      1087.7882
 1-4 NB =       685.5694  1-4 EEL =      8717.3327  VDWAALS    =     25987.2311
 EELEC  =   -197937.5439  EHBOND  =         0.0000  RESTRAINT  =         0.0000
 ------------------------------------------------------------------------------


 NSTEP =    40000   TIME(PS) =       4.000  TEMP(K) =   100.75  PRESS =     0.0
 Etot   =   -152807.1541  EKtot   =      7562.3989  EPtot      =   -160369.5530
 BOND   =       298.2384  ANGLE   =       820.9161  DIHED      =      1085.1021
 1-4 NB =       691.5918  1-4 EEL =      8734.9750  VDWAALS    =     26152.5021
 EELEC  =   -198152.8785  EHBOND  =         0.0000  RESTRAINT  =         0.0000
 ------------------------------------------------------------------------------


 NSTEP =    42500   TIME(PS) =       4.250  TEMP(K) =   101.24  PRESS =     0.0
 Etot   =   -152882.8779  EKtot   =      7599.3555  EPtot      =   -160482.2334
 BOND   =       299.1810  ANGLE   =       826.3959  DIHED      =      1083.8543
 1-4 NB =       697.1290  1-4 EEL =      8705.3578  VDWAALS    =     26113.0329
 EELEC  =   -198207.1842  EHBOND  =         0.0000  RESTRAINT  =         0.0000
 ------------------------------------------------------------------------------


 NSTEP =    45000   TIME(PS) =       4.500  TEMP(K) =    99.62  PRESS =     0.0
 Etot   =   -153076.2753  EKtot   =      7477.4600  EPtot      =   -160553.7353
 BOND   =       283.3077  ANGLE   =       810.6029  DIHED      =      1082.2246
 1-4 NB =       702.3773  1-4 EEL =      8754.7502  VDWAALS    =     26110.7952
 EELEC  =   -198297.7932  EHBOND  =         0.0000  RESTRAINT  =         0.0000
 ------------------------------------------------------------------------------


 NSTEP =    47500   TIME(PS) =       4.750  TEMP(K) =   100.00  PRESS =     0.0
 Etot   =   -153111.2509  EKtot   =      7506.3296  EPtot      =   -160617.5805
 BOND   =       306.9933  ANGLE   =       829.9745  DIHED      =      1082.0860
 1-4 NB =       702.0682  1-4 EEL =      8757.4606  VDWAALS    =     26124.0732
 EELEC  =   -198420.2363  EHBOND  =         0.0000  RESTRAINT  =         0.0000
 ------------------------------------------------------------------------------


 NSTEP =    50000   TIME(PS) =       5.000  TEMP(K) =   100.56  PRESS =     0.0
 Etot   =   -153076.9850  EKtot   =      7547.8521  EPtot      =   -160624.8370
 BOND   =       308.3212  ANGLE   =       800.2933  DIHED      =      1105.9934
 1-4 NB =       689.3953  1-4 EEL =      8748.9419  VDWAALS    =     26116.5868
 EELEC  =   -198394.3689  EHBOND  =         0.0000  RESTRAINT  =         0.0000
 ------------------------------------------------------------------------------


 NSTEP =    52500   TIME(PS) =       5.250  TEMP(K) =   100.35  PRESS =     0.0
 Etot   =   -153170.5879  EKtot   =      7532.4644  EPtot      =   -160703.0523
 BOND   =       308.2107  ANGLE   =       815.7434  DIHED      =      1092.7798
 1-4 NB =       693.9207  1-4 EEL =      8713.8728  VDWAALS    =     26146.0229
 EELEC  =   -198473.6027  EHBOND  =         0.0000  RESTRAINT  =         0.0000
 ------------------------------------------------------------------------------


 NSTEP =    55000   TIME(PS) =       5.500  TEMP(K) =    99.70  PRESS =     0.0
 Etot   =   -153287.2055  EKtot   =      7483.6655  EPtot      =   -160770.8710
 BOND   =       290.6886  ANGLE   =       801.7297  DIHED      =      1092.7012
 1-4 NB =       705.6248  1-4 EEL =      8750.3054  VDWAALS    =     26133.8118
 EELEC  =   -198545.7325  EHBOND  =         0.0000  RESTRAINT  =         0.0000
 ------------------------------------------------------------------------------


 NSTEP =    57500   TIME(PS) =       5.750  TEMP(K) =   100.68  PRESS =     0.0
 Etot   =   -153270.2034  EKtot   =      7556.9380  EPtot      =   -160827.1414
 BOND   =       295.8557  ANGLE   =       823.9037  DIHED      =      1072.6301
 1-4 NB =       693.2568  1-4 EEL =      8727.0588  VDWAALS    =     26156.7757
 EELEC  =   -198596.6223  EHBOND  =         0.0000  RESTRAINT  =         0.0000
 ------------------------------------------------------------------------------


 NSTEP =    60000   TIME(PS) =       6.000  TEMP(K) =   100.65  PRESS =     0.0
 Etot   =   -153271.2275  EKtot   =      7554.6221  EPtot      =   -160825.8495
 BOND   =       290.1143  ANGLE   =       812.7079  DIHED      =      1086.8727
 1-4 NB =       694.0816  1-4 EEL =      8735.2400  VDWAALS    =     26097.9738
 EELEC  =   -198542.8399  EHBOND  =         0.0000  RESTRAINT  =         0.0000
 ------------------------------------------------------------------------------


 NSTEP =    62500   TIME(PS) =       6.250  TEMP(K) =    99.99  PRESS =     0.0
 Etot   =   -153427.1923  EKtot   =      7505.1011  EPtot      =   -160932.2934
 BOND   =       296.8353  ANGLE   =       810.5246  DIHED      =      1093.0197
 1-4 NB =       690.1830  1-4 EEL =      8753.4166  VDWAALS    =     26247.0532
 EELEC  =   -198823.3259  EHBOND  =         0.0000  RESTRAINT  =         0.0000
 ------------------------------------------------------------------------------


 NSTEP =    65000   TIME(PS) =       6.500  TEMP(K) =   100.21  PRESS =     0.0
 Etot   =   -153348.9271  EKtot   =      7521.5503  EPtot      =   -160870.4774
 BOND   =       289.9111  ANGLE   =       814.5610  DIHED      =      1097.3153
 1-4 NB =       696.6020  1-4 EEL =      8739.4977  VDWAALS    =     26079.9302
 EELEC  =   -198588.2946  EHBOND  =         0.0000  RESTRAINT  =         0.0000
 ------------------------------------------------------------------------------


 NSTEP =    67500   TIME(PS) =       6.750  TEMP(K) =   100.14  PRESS =     0.0
 Etot   =   -153400.4465  EKtot   =      7516.7617  EPtot      =   -160917.2082
 BOND   =       296.5288  ANGLE   =       825.7751  DIHED      =      1086.1576
 1-4 NB =       696.6271  1-4 EEL =      8736.5034  VDWAALS    =     26275.6497
 EELEC  =   -198834.4500  EHBOND  =         0.0000  RESTRAINT  =         0.0000
 ------------------------------------------------------------------------------


 NSTEP =    70000   TIME(PS) =       7.000  TEMP(K) =    99.83  PRESS =     0.0
 Etot   =   -153520.5017  EKtot   =      7493.5298  EPtot      =   -161014.0315
 BOND   =       313.7447  ANGLE   =       818.6061  DIHED      =      1087.3104
 1-4 NB =       695.2127  1-4 EEL =      8713.0184  VDWAALS    =     26348.4599
 EELEC  =   -198990.3837  EHBOND  =         0.0000  RESTRAINT  =         0.0000
 ------------------------------------------------------------------------------


 NSTEP =    72500   TIME(PS) =       7.250  TEMP(K) =   100.80  PRESS =     0.0
 Etot   =   -153463.6556  EKtot   =      7565.9419  EPtot      =   -161029.5975
 BOND   =       295.8066  ANGLE   =       824.9923  DIHED      =      1078.7101
 1-4 NB =       702.5995  1-4 EEL =      8745.8349  VDWAALS    =     26207.4158
 EELEC  =   -198884.9568  EHBOND  =         0.0000  RESTRAINT  =         0.0000
 ------------------------------------------------------------------------------


 NSTEP =    75000   TIME(PS) =       7.500  TEMP(K) =   100.70  PRESS =     0.0
 Etot   =   -153468.1258  EKtot   =      7558.4780  EPtot      =   -161026.6038
 BOND   =       299.2334  ANGLE   =       826.2570  DIHED      =      1088.4165
 1-4 NB =       696.3903  1-4 EEL =      8762.3637  VDWAALS    =     26257.4080
 EELEC  =   -198956.6725  EHBOND  =         0.0000  RESTRAINT  =         0.0000
 ------------------------------------------------------------------------------


 NSTEP =    77500   TIME(PS) =       7.750  TEMP(K) =   100.24  PRESS =     0.0
 Etot   =   -153521.4846  EKtot   =      7524.1309  EPtot      =   -161045.6154
 BOND   =       280.7324  ANGLE   =       819.7482  DIHED      =      1095.7632
 1-4 NB =       702.5859  1-4 EEL =      8727.3622  VDWAALS    =     26347.6755
 EELEC  =   -199019.4828  EHBOND  =         0.0000  RESTRAINT  =         0.0000
 ------------------------------------------------------------------------------


 NSTEP =    80000   TIME(PS) =       8.000  TEMP(K) =   100.88  PRESS =     0.0
 Etot   =   -153618.8052  EKtot   =      7572.2148  EPtot      =   -161191.0201
 BOND   =       278.1727  ANGLE   =       830.4514  DIHED      =      1065.9783
 1-4 NB =       696.9286  1-4 EEL =      8724.4249  VDWAALS    =     26280.1869
 EELEC  =   -199067.1630  EHBOND  =         0.0000  RESTRAINT  =         0.0000
 ------------------------------------------------------------------------------


 NSTEP =    82500   TIME(PS) =       8.250  TEMP(K) =    99.39  PRESS =     0.0
 Etot   =   -153677.0318  EKtot   =      7459.8779  EPtot      =   -161136.9097
 BOND   =       279.6056  ANGLE   =       836.1624  DIHED      =      1076.2270
 1-4 NB =       700.3225  1-4 EEL =      8710.7795  VDWAALS    =     26278.4430
 EELEC  =   -199018.4497  EHBOND  =         0.0000  RESTRAINT  =         0.0000
 ------------------------------------------------------------------------------


 NSTEP =    85000   TIME(PS) =       8.500  TEMP(K) =   100.70  PRESS =     0.0
 Etot   =   -153594.1893  EKtot   =      7558.8101  EPtot      =   -161152.9993
 BOND   =       293.5232  ANGLE   =       812.9627  DIHED      =      1079.2507
 1-4 NB =       695.9920  1-4 EEL =      8737.0803  VDWAALS    =     26327.0151
 EELEC  =   -199098.8234  EHBOND  =         0.0000  RESTRAINT  =         0.0000
 ------------------------------------------------------------------------------


 NSTEP =    87500   TIME(PS) =       8.750  TEMP(K) =   100.57  PRESS =     0.0
 Etot   =   -153650.8192  EKtot   =      7548.9287  EPtot      =   -161199.7479
 BOND   =       278.9753  ANGLE   =       829.2855  DIHED      =      1095.6210
 1-4 NB =       696.0946  1-4 EEL =      8731.2594  VDWAALS    =     26374.3510
 EELEC  =   -199205.3347  EHBOND  =         0.0000  RESTRAINT  =         0.0000
 ------------------------------------------------------------------------------


 NSTEP =    90000   TIME(PS) =       9.000  TEMP(K) =   100.55  PRESS =     0.0
 Etot   =   -153657.2013  EKtot   =      7547.1855  EPtot      =   -161204.3868
 BOND   =       292.1608  ANGLE   =       832.9637  DIHED      =      1074.0090
 1-4 NB =       698.3484  1-4 EEL =      8768.7941  VDWAALS    =     26252.2293
 EELEC  =   -199122.8922  EHBOND  =         0.0000  RESTRAINT  =         0.0000
 ------------------------------------------------------------------------------


 NSTEP =    92500   TIME(PS) =       9.250  TEMP(K) =   100.18  PRESS =     0.0
 Etot   =   -153758.7515  EKtot   =      7519.4146  EPtot      =   -161278.1661
 BOND   =       284.9537  ANGLE   =       837.0389  DIHED      =      1078.6768
 1-4 NB =       706.8949  1-4 EEL =      8749.6616  VDWAALS    =     26257.8965
 EELEC  =   -199193.2885  EHBOND  =         0.0000  RESTRAINT  =         0.0000
 ------------------------------------------------------------------------------


 NSTEP =    95000   TIME(PS) =       9.500  TEMP(K) =   101.16  PRESS =     0.0
 Etot   =   -153739.8865  EKtot   =      7592.9038  EPtot      =   -161332.7903
 BOND   =       297.2484  ANGLE   =       813.7697  DIHED      =      1094.9490
 1-4 NB =       696.9358  1-4 EEL =      8775.8391  VDWAALS    =     26498.8793
 EELEC  =   -199510.4116  EHBOND  =         0.0000  RESTRAINT  =         0.0000
 ------------------------------------------------------------------------------


 NSTEP =    97500   TIME(PS) =       9.750  TEMP(K) =   100.00  PRESS =     0.0
 Etot   =   -153877.5551  EKtot   =      7505.8442  EPtot      =   -161383.3993
 BOND   =       288.4430  ANGLE   =       816.6105  DIHED      =      1059.4796
 1-4 NB =       704.5870  1-4 EEL =      8773.0361  VDWAALS    =     26320.1217
 EELEC  =   -199345.6772  EHBOND  =         0.0000  RESTRAINT  =         0.0000
 ------------------------------------------------------------------------------


 NSTEP =   100000   TIME(PS) =      10.000  TEMP(K) =   100.37  PRESS =     0.0
 Etot   =   -153884.9957  EKtot   =      7533.6099  EPtot      =   -161418.6055
 BOND   =       297.0182  ANGLE   =       820.4966  DIHED      =      1080.1697
 1-4 NB =       695.9502  1-4 EEL =      8759.7537  VDWAALS    =     26448.7325
 EELEC  =   -199520.7265  EHBOND  =         0.0000  RESTRAINT  =         0.0000
 ------------------------------------------------------------------------------


 NSTEP =   102500   TIME(PS) =      10.250  TEMP(K) =   100.55  PRESS =     0.0
 Etot   =   -153918.4872  EKtot   =      7547.3555  EPtot      =   -161465.8427
 BOND   =       290.2148  ANGLE   =       810.6003  DIHED      =      1078.3278
 1-4 NB =       704.9676  1-4 EEL =      8738.8305  VDWAALS    =     26452.4068
 EELEC  =   -199541.1905  EHBOND  =         0.0000  RESTRAINT  =         0.0000
 ------------------------------------------------------------------------------


 NSTEP =   105000   TIME(PS) =      10.500  TEMP(K) =    99.94  PRESS =     0.0
 Etot   =   -153927.1525  EKtot   =      7501.3267  EPtot      =   -161428.4792
 BOND   =       298.8485  ANGLE   =       788.7795  DIHED      =      1080.9761
 1-4 NB =       696.2933  1-4 EEL =      8758.5192  VDWAALS    =     26567.1788
 EELEC  =   -199619.0747  EHBOND  =         0.0000  RESTRAINT  =         0.0000
 ------------------------------------------------------------------------------


 NSTEP =   107500   TIME(PS) =      10.750  TEMP(K) =    99.23  PRESS =     0.0
 Etot   =   -154025.6549  EKtot   =      7448.1025  EPtot      =   -161473.7574
 BOND   =       295.7487  ANGLE   =       817.4465  DIHED      =      1074.5755
 1-4 NB =       704.1916  1-4 EEL =      8729.9200  VDWAALS    =     26372.4735
 EELEC  =   -199468.1133  EHBOND  =         0.0000  RESTRAINT  =         0.0000
 ------------------------------------------------------------------------------


 NSTEP =   110000   TIME(PS) =      11.000  TEMP(K) =    99.45  PRESS =     0.0
 Etot   =   -154091.6007  EKtot   =      7464.9722  EPtot      =   -161556.5728
 BOND   =       286.6828  ANGLE   =       815.3022  DIHED      =      1083.8118
 1-4 NB =       693.7179  1-4 EEL =      8765.6099  VDWAALS    =     26499.9405
 EELEC  =   -199701.6379  EHBOND  =         0.0000  RESTRAINT  =         0.0000
 ------------------------------------------------------------------------------


 NSTEP =   112500   TIME(PS) =      11.250  TEMP(K) =    99.57  PRESS =     0.0
 Etot   =   -153990.0374  EKtot   =      7473.5972  EPtot      =   -161463.6345
 BOND   =       296.3982  ANGLE   =       836.7302  DIHED      =      1080.5831
 1-4 NB =       704.7934  1-4 EEL =      8728.5922  VDWAALS    =     26353.6661
 EELEC  =   -199464.3977  EHBOND  =         0.0000  RESTRAINT  =         0.0000
 ------------------------------------------------------------------------------


 NSTEP =   115000   TIME(PS) =      11.500  TEMP(K) =   100.89  PRESS =     0.0
 Etot   =   -153892.7720  EKtot   =      7572.6816  EPtot      =   -161465.4536
 BOND   =       301.2349  ANGLE   =       835.8840  DIHED      =      1084.5256
 1-4 NB =       689.3038  1-4 EEL =      8724.0598  VDWAALS    =     26310.5813
 EELEC  =   -199411.0430  EHBOND  =         0.0000  RESTRAINT  =         0.0000
 ------------------------------------------------------------------------------


 NSTEP =   117500   TIME(PS) =      11.750  TEMP(K) =   100.21  PRESS =     0.0
 Etot   =   -154073.9784  EKtot   =      7521.6147  EPtot      =   -161595.5932
 BOND   =       288.4265  ANGLE   =       809.3407  DIHED      =      1070.9753
 1-4 NB =       706.3640  1-4 EEL =      8781.5751  VDWAALS    =     26336.2082
 EELEC  =   -199588.4830  EHBOND  =         0.0000  RESTRAINT  =         0.0000
 ------------------------------------------------------------------------------


 NSTEP =   120000   TIME(PS) =      12.000  TEMP(K) =    99.94  PRESS =     0.0
 Etot   =   -154099.0293  EKtot   =      7501.6021  EPtot      =   -161600.6313
 BOND   =       290.3177  ANGLE   =       814.1953  DIHED      =      1079.9685
 1-4 NB =       691.3470  1-4 EEL =      8752.9515  VDWAALS    =     26445.5295
 EELEC  =   -199674.9407  EHBOND  =         0.0000  RESTRAINT  =         0.0000
 ------------------------------------------------------------------------------


 NSTEP =   122500   TIME(PS) =      12.250  TEMP(K) =    99.75  PRESS =     0.0
 Etot   =   -154115.1613  EKtot   =      7487.2749  EPtot      =   -161602.4362
 BOND   =       284.3354  ANGLE   =       821.8132  DIHED      =      1065.5670
 1-4 NB =       701.6577  1-4 EEL =      8755.1078  VDWAALS    =     26533.3271
 EELEC  =   -199764.2444  EHBOND  =         0.0000  RESTRAINT  =         0.0000
 ------------------------------------------------------------------------------


 NSTEP =   125000   TIME(PS) =      12.500  TEMP(K) =   100.58  PRESS =     0.0
 Etot   =   -154126.1935  EKtot   =      7549.7598  EPtot      =   -161675.9533
 BOND   =       291.7470  ANGLE   =       805.8666  DIHED      =      1095.5148
 1-4 NB =       696.6435  1-4 EEL =      8751.6396  VDWAALS    =     26494.1816
 EELEC  =   -199811.5463  EHBOND  =         0.0000  RESTRAINT  =         0.0000
 ------------------------------------------------------------------------------


 NSTEP =   127500   TIME(PS) =      12.750  TEMP(K) =   100.23  PRESS =     0.0
 Etot   =   -154101.6251  EKtot   =      7523.5142  EPtot      =   -161625.1392
 BOND   =       292.6334  ANGLE   =       840.0929  DIHED      =      1077.3515
 1-4 NB =       700.7226  1-4 EEL =      8736.6507  VDWAALS    =     26440.1335
 EELEC  =   -199712.7238  EHBOND  =         0.0000  RESTRAINT  =         0.0000
 ------------------------------------------------------------------------------


 NSTEP =   130000   TIME(PS) =      13.000  TEMP(K) =   100.00  PRESS =     0.0
 Etot   =   -154125.4593  EKtot   =      7505.9399  EPtot      =   -161631.3992
 BOND   =       293.1890  ANGLE   =       810.0898  DIHED      =      1081.8762
 1-4 NB =       701.4534  1-4 EEL =      8735.6855  VDWAALS    =     26577.8522
 EELEC  =   -199831.5452  EHBOND  =         0.0000  RESTRAINT  =         0.0000
 ------------------------------------------------------------------------------


 NSTEP =   132500   TIME(PS) =      13.250  TEMP(K) =   100.17  PRESS =     0.0
 Etot   =   -154082.7403  EKtot   =      7519.0249  EPtot      =   -161601.7652
 BOND   =       271.8753  ANGLE   =       825.9546  DIHED      =      1086.5600
 1-4 NB =       709.1511  1-4 EEL =      8766.4743  VDWAALS    =     26405.2786
 EELEC  =   -199667.0590  EHBOND  =         0.0000  RESTRAINT  =         0.0000
 ------------------------------------------------------------------------------


 NSTEP =   135000   TIME(PS) =      13.500  TEMP(K) =   101.53  PRESS =     0.0
 Etot   =   -154176.9780  EKtot   =      7620.8940  EPtot      =   -161797.8720
 BOND   =       288.8905  ANGLE   =       825.2840  DIHED      =      1093.9211
 1-4 NB =       693.6312  1-4 EEL =      8732.8984  VDWAALS    =     26552.3059
 EELEC  =   -199984.8030  EHBOND  =         0.0000  RESTRAINT  =         0.0000
 ------------------------------------------------------------------------------


 NSTEP =   137500   TIME(PS) =      13.750  TEMP(K) =   100.19  PRESS =     0.0
 Etot   =   -154259.6335  EKtot   =      7520.5547  EPtot      =   -161780.1882
 BOND   =       300.7432  ANGLE   =       819.1404  DIHED      =      1097.5740
 1-4 NB =       699.4098  1-4 EEL =      8759.8167  VDWAALS    =     26627.7078
 EELEC  =   -200084.5801  EHBOND  =         0.0000  RESTRAINT  =         0.0000
 ------------------------------------------------------------------------------


 NSTEP =   140000   TIME(PS) =      14.000  TEMP(K) =    99.40  PRESS =     0.0
 Etot   =   -154295.0262  EKtot   =      7460.9370  EPtot      =   -161755.9632
 BOND   =       303.1381  ANGLE   =       807.1728  DIHED      =      1087.1179
 1-4 NB =       686.7914  1-4 EEL =      8742.7050  VDWAALS    =     26431.0255
 EELEC  =   -199813.9139  EHBOND  =         0.0000  RESTRAINT  =         0.0000
 ------------------------------------------------------------------------------


 NSTEP =   142500   TIME(PS) =      14.250  TEMP(K) =   100.33  PRESS =     0.0
 Etot   =   -154267.3877  EKtot   =      7530.8086  EPtot      =   -161798.1963
 BOND   =       296.7781  ANGLE   =       840.1389  DIHED      =      1092.0348
 1-4 NB =       692.2394  1-4 EEL =      8719.6646  VDWAALS    =     26663.1271
 EELEC  =   -200102.1790  EHBOND  =         0.0000  RESTRAINT  =         0.0000
 ------------------------------------------------------------------------------


 NSTEP =   145000   TIME(PS) =      14.500  TEMP(K) =   100.48  PRESS =     0.0
 Etot   =   -154263.8421  EKtot   =      7541.7671  EPtot      =   -161805.6092
 BOND   =       292.1315  ANGLE   =       823.6486  DIHED      =      1088.8366
 1-4 NB =       701.4448  1-4 EEL =      8753.5028  VDWAALS    =     26576.2679
 EELEC  =   -200041.4414  EHBOND  =         0.0000  RESTRAINT  =         0.0000
 ------------------------------------------------------------------------------


 NSTEP =   147500   TIME(PS) =      14.750  TEMP(K) =    99.93  PRESS =     0.0
 Etot   =   -154295.8383  EKtot   =      7500.9946  EPtot      =   -161796.8329
 BOND   =       301.3705  ANGLE   =       814.7507  DIHED      =      1078.5372
 1-4 NB =       694.0194  1-4 EEL =      8740.4498  VDWAALS    =     26666.4398
 EELEC  =   -200092.4003  EHBOND  =         0.0000  RESTRAINT  =         0.0000
 ------------------------------------------------------------------------------


 NSTEP =   150000   TIME(PS) =      15.000  TEMP(K) =   100.69  PRESS =     0.0
 Etot   =   -154287.8276  EKtot   =      7557.9385  EPtot      =   -161845.7660
 BOND   =       288.0772  ANGLE   =       829.7146  DIHED      =      1076.6986
 1-4 NB =       697.7937  1-4 EEL =      8766.4298  VDWAALS    =     26634.8262
 EELEC  =   -200139.3061  EHBOND  =         0.0000  RESTRAINT  =         0.0000
 ------------------------------------------------------------------------------


 NSTEP =   152500   TIME(PS) =      15.250  TEMP(K) =   100.47  PRESS =     0.0
 Etot   =   -154324.3627  EKtot   =      7541.0259  EPtot      =   -161865.3886
 BOND   =       283.6536  ANGLE   =       850.0361  DIHED      =      1085.5912
 1-4 NB =       696.0606  1-4 EEL =      8740.2861  VDWAALS    =     26503.9090
 EELEC  =   -200024.9251  EHBOND  =         0.0000  RESTRAINT  =         0.0000
 ------------------------------------------------------------------------------


 NSTEP =   155000   TIME(PS) =      15.500  TEMP(K) =    99.86  PRESS =     0.0
 Etot   =   -154370.6897  EKtot   =      7495.8755  EPtot      =   -161866.5651
 BOND   =       286.6865  ANGLE   =       825.1782  DIHED      =      1093.2587
 1-4 NB =       703.9648  1-4 EEL =      8749.6307  VDWAALS    =     26429.5695
 EELEC  =   -199954.8534  EHBOND  =         0.0000  RESTRAINT  =         0.0000
 ------------------------------------------------------------------------------


 NSTEP =   157500   TIME(PS) =      15.750  TEMP(K) =    99.75  PRESS =     0.0
 Etot   =   -154385.1127  EKtot   =      7487.5020  EPtot      =   -161872.6147
 BOND   =       290.8209  ANGLE   =       817.2872  DIHED      =      1101.1230
 1-4 NB =       706.6635  1-4 EEL =      8746.9979  VDWAALS    =     26521.8830
 EELEC  =   -200057.3901  EHBOND  =         0.0000  RESTRAINT  =         0.0000
 ------------------------------------------------------------------------------


 NSTEP =   160000   TIME(PS) =      16.000  TEMP(K) =    99.59  PRESS =     0.0
 Etot   =   -154378.2923  EKtot   =      7474.8784  EPtot      =   -161853.1707
 BOND   =       292.0554  ANGLE   =       843.8698  DIHED      =      1089.4495
 1-4 NB =       687.3245  1-4 EEL =      8745.3615  VDWAALS    =     26507.4784
 EELEC  =   -200018.7098  EHBOND  =         0.0000  RESTRAINT  =         0.0000
 ------------------------------------------------------------------------------


 NSTEP =   162500   TIME(PS) =      16.250  TEMP(K) =    99.60  PRESS =     0.0
 Etot   =   -154425.2289  EKtot   =      7476.2441  EPtot      =   -161901.4731
 BOND   =       306.0202  ANGLE   =       827.3768  DIHED      =      1074.8797
 1-4 NB =       696.7506  1-4 EEL =      8735.5832  VDWAALS    =     26346.1343
 EELEC  =   -199888.2179  EHBOND  =         0.0000  RESTRAINT  =         0.0000
 ------------------------------------------------------------------------------


 NSTEP =   165000   TIME(PS) =      16.500  TEMP(K) =    99.87  PRESS =     0.0
 Etot   =   -154429.3346  EKtot   =      7496.3872  EPtot      =   -161925.7218
 BOND   =       283.1575  ANGLE   =       827.5883  DIHED      =      1085.3259
 1-4 NB =       695.6064  1-4 EEL =      8734.0535  VDWAALS    =     26567.0359
 EELEC  =   -200118.4892  EHBOND  =         0.0000  RESTRAINT  =         0.0000
 ------------------------------------------------------------------------------


 NSTEP =   167500   TIME(PS) =      16.750  TEMP(K) =   100.13  PRESS =     0.0
 Etot   =   -154458.6793  EKtot   =      7516.1338  EPtot      =   -161974.8130
 BOND   =       299.6755  ANGLE   =       825.0876  DIHED      =      1083.0960
 1-4 NB =       693.1691  1-4 EEL =      8716.6816  VDWAALS    =     26511.5794
 EELEC  =   -200104.1023  EHBOND  =         0.0000  RESTRAINT  =         0.0000
 ------------------------------------------------------------------------------


 NSTEP =   170000   TIME(PS) =      17.000  TEMP(K) =    99.84  PRESS =     0.0
 Etot   =   -154460.8532  EKtot   =      7493.8945  EPtot      =   -161954.7478
 BOND   =       297.0560  ANGLE   =       811.8372  DIHED      =      1094.5521
 1-4 NB =       696.9640  1-4 EEL =      8765.3861  VDWAALS    =     26506.4720
 EELEC  =   -200127.0153  EHBOND  =         0.0000  RESTRAINT  =         0.0000
 ------------------------------------------------------------------------------


 NSTEP =   172500   TIME(PS) =      17.250  TEMP(K) =   100.09  PRESS =     0.0
 Etot   =   -154529.0273  EKtot   =      7513.1104  EPtot      =   -162042.1377
 BOND   =       286.4122  ANGLE   =       818.6098  DIHED      =      1090.2194
 1-4 NB =       702.0242  1-4 EEL =      8749.5721  VDWAALS    =     26397.2949
 EELEC  =   -200086.2702  EHBOND  =         0.0000  RESTRAINT  =         0.0000
 ------------------------------------------------------------------------------


 NSTEP =   175000   TIME(PS) =      17.500  TEMP(K) =    99.97  PRESS =     0.0
 Etot   =   -154500.7786  EKtot   =      7504.0010  EPtot      =   -162004.7796
 BOND   =       281.5987  ANGLE   =       839.2519  DIHED      =      1074.0762
 1-4 NB =       699.2825  1-4 EEL =      8753.1929  VDWAALS    =     26500.4678
 EELEC  =   -200152.6495  EHBOND  =         0.0000  RESTRAINT  =         0.0000
 ------------------------------------------------------------------------------


 NSTEP =   177500   TIME(PS) =      17.750  TEMP(K) =    99.92  PRESS =     0.0
 Etot   =   -154539.9341  EKtot   =      7499.8267  EPtot      =   -162039.7608
 BOND   =       294.7938  ANGLE   =       829.6196  DIHED      =      1084.8241
 1-4 NB =       692.4549  1-4 EEL =      8735.2576  VDWAALS    =     26684.7301
 EELEC  =   -200361.4409  EHBOND  =         0.0000  RESTRAINT  =         0.0000
 ------------------------------------------------------------------------------


 NSTEP =   180000   TIME(PS) =      18.000  TEMP(K) =    99.13  PRESS =     0.0
 Etot   =   -154622.9938  EKtot   =      7441.0815  EPtot      =   -162064.0753
 BOND   =       280.7235  ANGLE   =       802.2160  DIHED      =      1076.1741
 1-4 NB =       702.3954  1-4 EEL =      8765.9019  VDWAALS    =     26540.9825
 EELEC  =   -200232.4687  EHBOND  =         0.0000  RESTRAINT  =         0.0000
 ------------------------------------------------------------------------------


 NSTEP =   182500   TIME(PS) =      18.250  TEMP(K) =   100.34  PRESS =     0.0
 Etot   =   -154466.7799  EKtot   =      7531.5059  EPtot      =   -161998.2858
 BOND   =       293.1970  ANGLE   =       836.2234  DIHED      =      1073.3372
 1-4 NB =       696.2502  1-4 EEL =      8733.8042  VDWAALS    =     26683.1835
 EELEC  =   -200314.2813  EHBOND  =         0.0000  RESTRAINT  =         0.0000
 ------------------------------------------------------------------------------


 NSTEP =   185000   TIME(PS) =      18.500  TEMP(K) =    99.75  PRESS =     0.0
 Etot   =   -154520.8964  EKtot   =      7487.3813  EPtot      =   -162008.2778
 BOND   =       292.4002  ANGLE   =       815.3291  DIHED      =      1099.4121
 1-4 NB =       699.8384  1-4 EEL =      8773.6529  VDWAALS    =     26417.6067
 EELEC  =   -200106.5172  EHBOND  =         0.0000  RESTRAINT  =         0.0000
 ------------------------------------------------------------------------------


 NSTEP =   187500   TIME(PS) =      18.750  TEMP(K) =    99.95  PRESS =     0.0
 Etot   =   -154566.8061  EKtot   =      7502.2432  EPtot      =   -162069.0492
 BOND   =       300.3206  ANGLE   =       830.4026  DIHED      =      1077.5668
 1-4 NB =       705.0734  1-4 EEL =      8732.8083  VDWAALS    =     26675.9154
 EELEC  =   -200391.1363  EHBOND  =         0.0000  RESTRAINT  =         0.0000
 ------------------------------------------------------------------------------


 NSTEP =   190000   TIME(PS) =      19.000  TEMP(K) =    99.87  PRESS =     0.0
 Etot   =   -154584.6062  EKtot   =      7496.3872  EPtot      =   -162080.9934
 BOND   =       300.2867  ANGLE   =       850.1348  DIHED      =      1074.9603
 1-4 NB =       705.7474  1-4 EEL =      8718.4956  VDWAALS    =     26708.3047
 EELEC  =   -200438.9228  EHBOND  =         0.0000  RESTRAINT  =         0.0000
 ------------------------------------------------------------------------------


 NSTEP =   192500   TIME(PS) =      19.250  TEMP(K) =    99.68  PRESS =     0.0
 Etot   =   -154620.4774  EKtot   =      7481.8130  EPtot      =   -162102.2904
 BOND   =       293.3488  ANGLE   =       812.0843  DIHED      =      1093.8965
 1-4 NB =       702.8099  1-4 EEL =      8742.8395  VDWAALS    =     26431.4529
 EELEC  =   -200178.7224  EHBOND  =         0.0000  RESTRAINT  =         0.0000
 ------------------------------------------------------------------------------


 NSTEP =   195000   TIME(PS) =      19.500  TEMP(K) =   100.06  PRESS =     0.0
 Etot   =   -154633.0720  EKtot   =      7510.5825  EPtot      =   -162143.6545
 BOND   =       282.0696  ANGLE   =       802.3158  DIHED      =      1093.8287
 1-4 NB =       707.5466  1-4 EEL =      8759.9733  VDWAALS    =     26501.3265
 EELEC  =   -200290.7150  EHBOND  =         0.0000  RESTRAINT  =         0.0000
 ------------------------------------------------------------------------------


 NSTEP =   197500   TIME(PS) =      19.750  TEMP(K) =   100.38  PRESS =     0.0
 Etot   =   -154593.4857  EKtot   =      7534.2632  EPtot      =   -162127.7489
 BOND   =       280.3320  ANGLE   =       798.8556  DIHED      =      1093.2691
 1-4 NB =       705.0800  1-4 EEL =      8790.0222  VDWAALS    =     26621.1812
 EELEC  =   -200416.4890  EHBOND  =         0.0000  RESTRAINT  =         0.0000
 ------------------------------------------------------------------------------


 NSTEP =   200000   TIME(PS) =      20.000  TEMP(K) =   100.52  PRESS =     0.0
 Etot   =   -154555.7283  EKtot   =      7545.2759  EPtot      =   -162101.0042
 BOND   =       282.6437  ANGLE   =       830.9037  DIHED      =      1089.1167
 1-4 NB =       703.4111  1-4 EEL =      8759.7041  VDWAALS    =     26547.2767
 EELEC  =   -200314.0602  EHBOND  =         0.0000  RESTRAINT  =         0.0000
 ------------------------------------------------------------------------------


 NSTEP =   202500   TIME(PS) =      20.250  TEMP(K) =   100.23  PRESS =     0.0
 Etot   =   -154609.2205  EKtot   =      7523.3672  EPtot      =   -162132.5877
 BOND   =       286.3130  ANGLE   =       798.8213  DIHED      =      1095.6005
 1-4 NB =       709.6136  1-4 EEL =      8756.6716  VDWAALS    =     26576.0566
 EELEC  =   -200355.6642  EHBOND  =         0.0000  RESTRAINT  =         0.0000
 ------------------------------------------------------------------------------


 NSTEP =   205000   TIME(PS) =      20.500  TEMP(K) =   100.43  PRESS =     0.0
 Etot   =   -154553.6746  EKtot   =      7538.0225  EPtot      =   -162091.6970
 BOND   =       283.9592  ANGLE   =       842.4213  DIHED      =      1088.5999
 1-4 NB =       702.2775  1-4 EEL =      8733.6626  VDWAALS    =     26778.5949
 EELEC  =   -200521.2122  EHBOND  =         0.0000  RESTRAINT  =         0.0000
 ------------------------------------------------------------------------------


 NSTEP =   207500   TIME(PS) =      20.750  TEMP(K) =   100.39  PRESS =     0.0
 Etot   =   -154671.8713  EKtot   =      7535.4053  EPtot      =   -162207.2766
 BOND   =       309.6706  ANGLE   =       809.8724  DIHED      =      1084.4691
 1-4 NB =       703.5982  1-4 EEL =      8747.2683  VDWAALS    =     26655.1433
 EELEC  =   -200517.2984  EHBOND  =         0.0000  RESTRAINT  =         0.0000
 ------------------------------------------------------------------------------


 NSTEP =   210000   TIME(PS) =      21.000  TEMP(K) =   100.23  PRESS =     0.0
 Etot   =   -154667.9451  EKtot   =      7523.0625  EPtot      =   -162191.0076
 BOND   =       287.8349  ANGLE   =       807.1839  DIHED      =      1088.4335
 1-4 NB =       701.1369  1-4 EEL =      8750.0601  VDWAALS    =     26667.8192
 EELEC  =   -200493.4761  EHBOND  =         0.0000  RESTRAINT  =         0.0000
 ------------------------------------------------------------------------------


 NSTEP =   212500   TIME(PS) =      21.250  TEMP(K) =   100.43  PRESS =     0.0
 Etot   =   -154604.0907  EKtot   =      7538.2588  EPtot      =   -162142.3494
 BOND   =       301.8215  ANGLE   =       813.0676  DIHED      =      1080.3442
 1-4 NB =       696.0052  1-4 EEL =      8775.2559  VDWAALS    =     26572.3482
 EELEC  =   -200381.1921  EHBOND  =         0.0000  RESTRAINT  =         0.0000
 ------------------------------------------------------------------------------


 NSTEP =   215000   TIME(PS) =      21.500  TEMP(K) =    98.32  PRESS =     0.0
 Etot   =   -154775.0237  EKtot   =      7380.1611  EPtot      =   -162155.1848
 BOND   =       284.5836  ANGLE   =       817.3147  DIHED      =      1099.2153
 1-4 NB =       705.6407  1-4 EEL =      8764.0515  VDWAALS    =     26695.4767
 EELEC  =   -200521.4673  EHBOND  =         0.0000  RESTRAINT  =         0.0000
 ------------------------------------------------------------------------------


 NSTEP =   217500   TIME(PS) =      21.750  TEMP(K) =   100.35  PRESS =     0.0
 Etot   =   -154659.7423  EKtot   =      7532.4697  EPtot      =   -162192.2121
 BOND   =       287.9720  ANGLE   =       829.1355  DIHED      =      1076.3744
 1-4 NB =       693.5180  1-4 EEL =      8763.5359  VDWAALS    =     26804.8867
 EELEC  =   -200647.6345  EHBOND  =         0.0000  RESTRAINT  =         0.0000
 ------------------------------------------------------------------------------


 NSTEP =   220000   TIME(PS) =      22.000  TEMP(K) =    99.97  PRESS =     0.0
 Etot   =   -154720.4625  EKtot   =      7503.8887  EPtot      =   -162224.3511
 BOND   =       311.7980  ANGLE   =       806.7392  DIHED      =      1090.6668
 1-4 NB =       692.8368  1-4 EEL =      8760.1213  VDWAALS    =     26789.0755
 EELEC  =   -200675.5888  EHBOND  =         0.0000  RESTRAINT  =         0.0000
 ------------------------------------------------------------------------------


 NSTEP =   222500   TIME(PS) =      22.250  TEMP(K) =    99.42  PRESS =     0.0
 Etot   =   -154808.9836  EKtot   =      7462.6338  EPtot      =   -162271.6173
 BOND   =       295.9982  ANGLE   =       809.2438  DIHED      =      1092.9964
 1-4 NB =       703.0473  1-4 EEL =      8733.6490  VDWAALS    =     26666.8369
 EELEC  =   -200573.3888  EHBOND  =         0.0000  RESTRAINT  =         0.0000
 ------------------------------------------------------------------------------


 NSTEP =   225000   TIME(PS) =      22.500  TEMP(K) =    99.73  PRESS =     0.0
 Etot   =   -154771.9363  EKtot   =      7485.5903  EPtot      =   -162257.5267
 BOND   =       299.4074  ANGLE   =       829.3673  DIHED      =      1085.0139
 1-4 NB =       694.0879  1-4 EEL =      8734.7199  VDWAALS    =     26566.6782
 EELEC  =   -200466.8012  EHBOND  =         0.0000  RESTRAINT  =         0.0000
 ------------------------------------------------------------------------------


 NSTEP =   227500   TIME(PS) =      22.750  TEMP(K) =   100.70  PRESS =     0.0
 Etot   =   -154661.6962  EKtot   =      7558.2041  EPtot      =   -162219.9003
 BOND   =       299.3957  ANGLE   =       805.1018  DIHED      =      1085.1829
 1-4 NB =       695.9979  1-4 EEL =      8765.7005  VDWAALS    =     26654.0102
 EELEC  =   -200525.2893  EHBOND  =         0.0000  RESTRAINT  =         0.0000
 ------------------------------------------------------------------------------


 NSTEP =   230000   TIME(PS) =      23.000  TEMP(K) =    99.71  PRESS =     0.0
 Etot   =   -154732.3992  EKtot   =      7484.0293  EPtot      =   -162216.4285
 BOND   =       287.0677  ANGLE   =       820.4720  DIHED      =      1089.0290
 1-4 NB =       712.9358  1-4 EEL =      8735.5394  VDWAALS    =     26649.0848
 EELEC  =   -200510.5574  EHBOND  =         0.0000  RESTRAINT  =         0.0000
 ------------------------------------------------------------------------------


 NSTEP =   232500   TIME(PS) =      23.250  TEMP(K) =    99.66  PRESS =     0.0
 Etot   =   -154784.3890  EKtot   =      7480.8604  EPtot      =   -162265.2493
 BOND   =       282.7461  ANGLE   =       805.8008  DIHED      =      1095.0298
 1-4 NB =       704.5254  1-4 EEL =      8743.5863  VDWAALS    =     26571.9778
 EELEC  =   -200468.9154  EHBOND  =         0.0000  RESTRAINT  =         0.0000
 ------------------------------------------------------------------------------


 NSTEP =   235000   TIME(PS) =      23.500  TEMP(K) =   100.76  PRESS =     0.0
 Etot   =   -154593.8812  EKtot   =      7563.1211  EPtot      =   -162157.0023
 BOND   =       292.3674  ANGLE   =       823.1520  DIHED      =      1086.0456
 1-4 NB =       691.5492  1-4 EEL =      8734.9863  VDWAALS    =     26419.3995
 EELEC  =   -200204.5023  EHBOND  =         0.0000  RESTRAINT  =         0.0000
 ------------------------------------------------------------------------------


 NSTEP =   237500   TIME(PS) =      23.750  TEMP(K) =   100.12  PRESS =     0.0
 Etot   =   -154652.3533  EKtot   =      7514.9438  EPtot      =   -162167.2972
 BOND   =       286.0534  ANGLE   =       844.2814  DIHED      =      1078.5588
 1-4 NB =       695.0423  1-4 EEL =      8768.9047  VDWAALS    =     26353.5666
 EELEC  =   -200193.7044  EHBOND  =         0.0000  RESTRAINT  =         0.0000
 ------------------------------------------------------------------------------


 NSTEP =   240000   TIME(PS) =      24.000  TEMP(K) =   100.68  PRESS =     0.0
 Etot   =   -154665.8525  EKtot   =      7556.7656  EPtot      =   -162222.6181
 BOND   =       291.0921  ANGLE   =       826.2075  DIHED      =      1092.7747
 1-4 NB =       708.7031  1-4 EEL =      8738.8098  VDWAALS    =     26467.9936
 EELEC  =   -200348.1989  EHBOND  =         0.0000  RESTRAINT  =         0.0000
 ------------------------------------------------------------------------------


 NSTEP =   242500   TIME(PS) =      24.250  TEMP(K) =    99.82  PRESS =     0.0
 Etot   =   -154697.9430  EKtot   =      7492.2295  EPtot      =   -162190.1725
 BOND   =       293.8096  ANGLE   =       832.3943  DIHED      =      1087.6481
 1-4 NB =       700.7163  1-4 EEL =      8734.4303  VDWAALS    =     26591.5142
 EELEC  =   -200430.6853  EHBOND  =         0.0000  RESTRAINT  =         0.0000
 ------------------------------------------------------------------------------


 NSTEP =   245000   TIME(PS) =      24.500  TEMP(K) =   100.47  PRESS =     0.0
 Etot   =   -154725.3462  EKtot   =      7541.4814  EPtot      =   -162266.8276
 BOND   =       292.5510  ANGLE   =       817.1494  DIHED      =      1100.9499
 1-4 NB =       695.8325  1-4 EEL =      8723.2240  VDWAALS    =     26276.0134
 EELEC  =   -200172.5478  EHBOND  =         0.0000  RESTRAINT  =         0.0000
 ------------------------------------------------------------------------------


 NSTEP =   247500   TIME(PS) =      24.750  TEMP(K) =   100.26  PRESS =     0.0
 Etot   =   -154689.9266  EKtot   =      7525.7129  EPtot      =   -162215.6395
 BOND   =       297.4612  ANGLE   =       840.5469  DIHED      =      1103.4887
 1-4 NB =       703.9912  1-4 EEL =      8720.1146  VDWAALS    =     26762.2291
 EELEC  =   -200643.4712  EHBOND  =         0.0000  RESTRAINT  =         0.0000
 ------------------------------------------------------------------------------


 NSTEP =   250000   TIME(PS) =      25.000  TEMP(K) =    99.96  PRESS =     0.0
 Etot   =   -154761.2105  EKtot   =      7502.6724  EPtot      =   -162263.8828
 BOND   =       291.4066  ANGLE   =       805.7751  DIHED      =      1097.4840
 1-4 NB =       705.7720  1-4 EEL =      8763.3091  VDWAALS    =     26506.2871
 EELEC  =   -200433.9169  EHBOND  =         0.0000  RESTRAINT  =         0.0000
 ------------------------------------------------------------------------------


      A V E R A G E S   O V E R     100 S T E P S


 NSTEP =   250000   TIME(PS) =      25.000  TEMP(K) =   103.20  PRESS =     0.0
 Etot   =   -153574.7127  EKtot   =      7745.9070  EPtot      =   -161320.6197
 BOND   =       292.3632  ANGLE   =       819.7571  DIHED      =      1085.2035
 1-4 NB =       699.1698  1-4 EEL =      8746.3970  VDWAALS    =     26396.5009
 EELEC  =   -199360.0112  EHBOND  =         0.0000  RESTRAINT  =         0.0000
 ------------------------------------------------------------------------------


      R M S  F L U C T U A T I O N S


 NSTEP =   250000   TIME(PS) =      25.000  TEMP(K) =    27.31  PRESS =     0.0
 Etot   =      2527.1738  EKtot   =      2049.8249  EPtot      =       965.1661
 BOND   =        10.5429  ANGLE   =        19.4265  DIHED      =        10.2093
 1-4 NB =         5.9122  1-4 EEL =        18.3014  VDWAALS    =       224.8679
 EELEC  =      1156.8172  EHBOND  =         0.0000  RESTRAINT  =         0.0000
 ------------------------------------------------------------------------------

--------------------------------------------------------------------------------
   5.  TIMINGS
--------------------------------------------------------------------------------

|  NonSetup CPU Time in Major Routines:
|
|     Routine           Sec        %
|     ------------------------------
|     Nonbond          40.80   14.85
|     Bond              0.00    0.00
|     Angle             0.00    0.00
|     Dihedral          0.00    0.00
|     Shake             7.28    2.65
|     RunMD           225.99   82.25
|     Other             0.68    0.25
|     ------------------------------
|     Total           274.75

|  PME Nonbond Pairlist CPU Time:
|
|     Routine              Sec        %
|     ---------------------------------
|     Set Up Cit           0.00    0.00
|     Build List           0.00    0.00
|     ---------------------------------
|     Total                0.00    0.00

|  PME Direct Force CPU Time:
|
|     Routine              Sec        %
|     ---------------------------------
|     NonBonded Calc       0.00    0.00
|     Exclude Masked       0.00    0.00
|     Other                0.37    0.13
|     ---------------------------------
|     Total                0.37    0.13

|  PME Reciprocal Force CPU Time:
|
|     Routine              Sec        %
|     ---------------------------------
|     1D bspline           0.00    0.00
|     Grid Charges         0.00    0.00
|     Scalar Sum           0.00    0.00
|     Gradient Sum         0.00    0.00
|     FFT                  0.00    0.00
|     ---------------------------------
|     Total                0.00    0.00

|  Final Performance Info:
|     -----------------------------------------------------
|     Average timings for last   30000 steps:
|     Elapsed(s) =      33.60 Per Step(ms) =       1.12
|         ns/day =       7.71   seconds/ns =   11199.64
|
|     Average timings for all steps:
|     Elapsed(s) =     277.17 Per Step(ms) =       1.11
|         ns/day =       7.79   seconds/ns =   11086.67
|     -----------------------------------------------------

|  Setup CPU time:            1.07 seconds
|  NonSetup CPU time:       274.75 seconds
|  Total CPU time:          275.81 seconds     0.08 hours

|  Setup wall time:           3    seconds
|  NonSetup wall time:      277    seconds
|  Total wall time:         280    seconds     0.08 hours
