
          -------------------------------------------------------
          Amber 18 PMEMD                              2018
          -------------------------------------------------------

| PMEMD implementation of SANDER, Release 18

| Run on 07/02/2021 at 13:07:47

|   Executable path: pmemd.cuda
| Working directory: /home/bozhanng/Abs_MD/HEPC3-4_Fv_full_relaxed2
|          Hostname: bf21

  [-O]verwriting output

File Assignments:
|   MDIN: minall_HEPC3-4_Fv_full_relaxed2.in                                    
|  MDOUT: minall_HEPC3-4_Fv_full_relaxed2.out                                   
| INPCRD: minpro_HEPC3-4_Fv_full_relaxed2.crd                                   
|   PARM: HEPC3-4_Fv_full_relaxed2.parm7                                        
| RESTRT: minall_HEPC3-4_Fv_full_relaxed2.crd                                   
|   REFC: refc                                                                  
|  MDVEL: mdvel                                                                 
|   MDEN: mden                                                                  
|  MDCRD: mdcrd                                                                 
| MDINFO: mdinfo                                                                
|  MDFRC: mdfrc                                                                 


 Here is the input file:

Initial minimization                                                           
 &cntrl                                                                        
  ntx    = 1,       irest  = 0,       ntrx   = 1,      ntxo   = 1,             
  ntpr   = 50,      ntwx   = 0,       ntwv   = 0,      ntwe   = 0,             
                                                                               
  ntf    = 1,       ntb    = 1,                                                
  cut    = 8.0,     nsnb   = 10,                                               
                                                                               
  ibelly = 0,       ntr    = 0,                                                
                                                                               
  imin   = 1,                                                                  
  maxcyc = 10000,                                                              
  ncyc   = 500,                                                                
  ntmin  = 1,       dx0    = 0.1,     dxm    = 0.5,     drms   = 0.0001,       
                                                                               
  ntc    = 1,       tol    = 0.000001,                                         
                                                                               
 &end                                                                          


Note: ig = -1. Setting random seed to    63618 based on wallclock time in 
      microseconds.
| irandom = 1, using AMBER's internal random number generator (default).
| INFO:    The nsnb ctrl option does not affect nonbonded list update frequency.
|          It does affect steepest descent minimization freq if ntmin == 0
| INFO:    The dxm ctrl option is deprecated and ignored.
 
|--------------------- INFORMATION ----------------------
| GPU (CUDA) Version of PMEMD in use: NVIDIA GPU IN USE.
|                    Version 18.0.0
| 
|                      03/25/2018
| 
| Implementation by:
|                    Ross C. Walker     (SDSC)
|                    Scott Le Grand     (nVIDIA)
| 
| Version 18 performance extensions by:
|                    David Cerutti     (Rutgers)
| 
| Precision model in use:
|      [SPFP] - Single Precision Forces, 64-bit Fixed Point
|               Accumulation. (Default)
| 
|--------------------------------------------------------
 
|----------------- CITATION INFORMATION -----------------
|
|    When publishing work that utilized the CUDA version
|    of AMBER, please cite the following in addition to
|    the regular AMBER citations:
|
|  - Romelia Salomon-Ferrer; Andreas W. Goetz; Duncan
|    Poole; Scott Le Grand; Ross C. Walker "Routine
|    microsecond molecular dynamics simulations with
|    AMBER - Part II: Particle Mesh Ewald", J. Chem.
|    Theory Comput., 2013, 9 (9), pp3878-3888,
|    DOI: 10.1021/ct400314y.
|
|  - Andreas W. Goetz; Mark J. Williamson; Dong Xu;
|    Duncan Poole; Scott Le Grand; Ross C. Walker
|    "Routine microsecond molecular dynamics simulations
|    with AMBER - Part I: Generalized Born", J. Chem.
|    Theory Comput., 2012, 8 (5), pp1542-1555.
|
|  - Scott Le Grand; Andreas W. Goetz; Ross C. Walker
|    "SPFP: Speed without compromise - a mixed precision
|    model for GPU accelerated molecular dynamics
|    simulations.", Comp. Phys. Comm., 2013, 184
|    pp374-380, DOI: 10.1016/j.cpc.2012.09.022
|
|--------------------------------------------------------
 
|------------------- GPU DEVICE INFO --------------------
|
|            CUDA_VISIBLE_DEVICES: 2
|   CUDA Capable Devices Detected:      1
|           CUDA Device ID in use:      0
|                CUDA Device Name: GeForce GTX 1080
|     CUDA Device Global Mem Size:   8119 MB
| CUDA Device Num Multiprocessors:     20
|           CUDA Device Core Freq:   1.73 GHz
|
|--------------------------------------------------------
 
 
| Conditional Compilation Defines Used:
| PUBFFT
| BINTRAJ
| MKL
| CUDA
| EMIL

| Largest sphere to fit in unit cell has radius =    35.137

| New format PARM file being parsed.
| Version =    1.000 Date = 07/02/21 Time = 13:04:14

| Note: 1-4 EEL scale factors are being read from the topology file.

| Note: 1-4 VDW scale factors are being read from the topology file.
| Duplicated    0 dihedrals

| Duplicated    0 dihedrals

--------------------------------------------------------------------------------
   1.  RESOURCE   USE: 
--------------------------------------------------------------------------------

 getting new box info from bottom of inpcrd
 NATOM  =   48002 NTYPES =      18 NBONH =   35096 MBONA  =   12941
 NTHETH =    3908 MTHETA =    2472 NPHIH =    8186 MPHIA  =    7845
 NHPARM =       0 NPARM  =       0 NNB   =   97180 NRES   =   11363
 NBONA  =   12941 NTHETA =    2472 NPHIA =    7845 NUMBND =      72
 NUMANG =     171 NPTRA  =     194 NATYP =      36 NPHB   =       1
 IFBOX  =       1 NMXRS  =      25 IFCAP =       0 NEXTRA =   11122
 NCOPY  =       0

| Coordinate Index Table dimensions:    17   15   18
| Direct force subcell size =     4.5653    4.6850    4.6461

     BOX TYPE: RECTILINEAR

--------------------------------------------------------------------------------
   2.  CONTROL  DATA  FOR  THE  RUN
--------------------------------------------------------------------------------

default_name                                                                    

General flags:
     imin    =       1, nmropt  =       0

Nature and format of input:
     ntx     =       1, irest   =       0, ntrx    =       1

Nature and format of output:
     ntxo    =       1, ntpr    =      50, ntrx    =       1, ntwr    =       1
     iwrap   =       0, ntwx    =       0, ntwv    =       0, ntwe    =       0
     ioutfm  =       1, ntwprt  =       0, idecomp =       0, rbornstat=      0

Potential function:
     ntf     =       1, ntb     =       1, igb     =       0, nsnb    =      10
     ipol    =       0, gbsa    =       0, iesp    =       0
     dielc   =   1.00000, cut     =   8.00000, intdiel =   1.00000

Frozen or restrained atoms:
     ibelly  =       0, ntr     =       0

Energy minimization:
     maxcyc  =   10000, ncyc    =     500, ntmin   =       1
     dx0     =   0.10000, drms    =   0.00010

| Intermolecular bonds treatment:
|     no_intermolecular_bonds =       1

| Energy averages sample interval:
|     ene_avg_sampling =       1

Extra-points options:
     frameon =       1, chngmask=       1

Ewald parameters:
     verbose =       0, ew_type =       0, nbflag  =       1, use_pme =       1
     vdwmeth =       1, eedmeth =       1, netfrc  =       0
     Box X =   77.610   Box Y =   70.275   Box Z =   83.630
     Alpha =   90.000   Beta  =   90.000   Gamma =   90.000
     NFFT1 =   80       NFFT2 =   72       NFFT3 =   84
     Cutoff=    8.000   Tol   =0.100E-04
     Ewald Coefficient =  0.34864
     Interpolation order =    4
|      EXTRA_PTS, trim_bonds: num bonds BEFORE trim = 35096     0
|      EXTRA_PTS, trim_bonds: num bonds AFTER  trim = 35096     0
|      EXTRA_PTS, trim_bonds: num bonds BEFORE trim = 12941     0
|      EXTRA_PTS, trim_bonds: num bonds AFTER  trim =  1819     0
|      EXTRA_PTS, trim_theta: num angle BEFORE trim =  3908     0
|      EXTRA_PTS, trim_theta: num angle AFTER  trim =  3908     0
|      EXTRA_PTS, trim_theta: num angle BEFORE trim =  2472     0
|      EXTRA_PTS, trim_theta: num angle AFTER  trim =  2472     0
|      EXTRA_PTS, trim_phi:  num diheds BEFORE trim =  8186     0
|      EXTRA_PTS, trim_phi:  num diheds AFTER  trim =  8186     0
|      EXTRA_PTS, trim_phi:  num diheds BEFORE trim =  7845     0
|      EXTRA_PTS, trim_phi:  num diheds AFTER  trim =  7845     0

--------------------------------------------------------------------------------
   3.  ATOMIC COORDINATES AND VELOCITIES
--------------------------------------------------------------------------------

default_name                                                                    
 begin time read from input coords =     0.000 ps

 
 Number of triangulated 3-point waters found:    11122

     Sum of charges from parm topology file =   0.00006086
     Forcing neutrality...

| Dynamic Memory, Types Used:
| Reals             1248317
| Integers          3034519

| Nonbonded Pairs Initial Allocation:     8017534

| GPU memory information (estimate):
| KB of GPU memory in use:         0
| KB of CPU memory in use:         0

--------------------------------------------------------------------------------
   4.  RESULTS
--------------------------------------------------------------------------------



   NSTEP       ENERGY          RMS            GMAX         NAME    NUMBER
      1      -2.0567E+05     3.0552E-01     7.5293E+01     O       32815

 BOND    =    41777.5048  ANGLE   =      334.4241  DIHED      =      948.4916
 VDWAALS =    51717.9552  EEL     =  -310075.1520  HBOND      =        0.0000
 1-4 VDW =      717.0069  1-4 EEL =     8913.3366  RESTRAINT  =        0.0000


   NSTEP       ENERGY          RMS            GMAX         NAME    NUMBER
     50      -2.0540E+05     9.2156E-02     3.8110E+00     H1      20572

 BOND    =    41783.6839  ANGLE   =      335.4029  DIHED      =      948.6012
 VDWAALS =    51711.5412  EEL     =  -309809.6917  HBOND      =        0.0000
 1-4 VDW =      715.7628  1-4 EEL =     8910.1766  RESTRAINT  =        0.0000


   NSTEP       ENERGY          RMS            GMAX         NAME    NUMBER
    100      -2.0541E+05     9.0821E-02     3.6818E+00     HG       2666

 BOND    =    41784.2612  ANGLE   =      335.8550  DIHED      =      948.6626
 VDWAALS =    51711.8583  EEL     =  -309815.7904  HBOND      =        0.0000
 1-4 VDW =      715.0797  1-4 EEL =     8908.5379  RESTRAINT  =        0.0000


   NSTEP       ENERGY          RMS            GMAX         NAME    NUMBER
    150      -2.0541E+05     9.0748E-02     3.6804E+00     HG       2666

 BOND    =    41784.2957  ANGLE   =      335.8815  DIHED      =      948.6662
 VDWAALS =    51711.8805  EEL     =  -309816.0858  HBOND      =        0.0000
 1-4 VDW =      715.0394  1-4 EEL =     8908.4421  RESTRAINT  =        0.0000


   NSTEP       ENERGY          RMS            GMAX         NAME    NUMBER
    200      -2.0541E+05     9.0745E-02     3.6804E+00     HG       2666

 BOND    =    41784.2975  ANGLE   =      335.8828  DIHED      =      948.6664
 VDWAALS =    51711.8813  EEL     =  -309816.1759  HBOND      =        0.0000
 1-4 VDW =      715.0374  1-4 EEL =     8908.4375  RESTRAINT  =        0.0000


   NSTEP       ENERGY          RMS            GMAX         NAME    NUMBER
    250      -2.0541E+05     9.0741E-02     3.6803E+00     HG       2666

 BOND    =    41784.2992  ANGLE   =      335.8841  DIHED      =      948.6665
 VDWAALS =    51711.8836  EEL     =  -309816.1858  HBOND      =        0.0000
 1-4 VDW =      715.0355  1-4 EEL =     8908.4328  RESTRAINT  =        0.0000


   NSTEP       ENERGY          RMS            GMAX         NAME    NUMBER
    300      -2.0541E+05     9.0737E-02     3.6802E+00     HG       2666

 BOND    =    41784.3007  ANGLE   =      335.8852  DIHED      =      948.6666
 VDWAALS =    51711.8847  EEL     =  -309816.2409  HBOND      =        0.0000
 1-4 VDW =      715.0338  1-4 EEL =     8908.4286  RESTRAINT  =        0.0000


   NSTEP       ENERGY          RMS            GMAX         NAME    NUMBER
    350      -2.0541E+05     9.0733E-02     3.6802E+00     HG       2666

 BOND    =    41784.3029  ANGLE   =      335.8868  DIHED      =      948.6671
 VDWAALS =    51711.8869  EEL     =  -309816.2385  HBOND      =        0.0000
 1-4 VDW =      715.0313  1-4 EEL =     8908.4227  RESTRAINT  =        0.0000


   NSTEP       ENERGY          RMS            GMAX         NAME    NUMBER
    400      -2.0541E+05     9.0730E-02     3.6801E+00     HG       2666

 BOND    =    41784.3045  ANGLE   =      335.8880  DIHED      =      948.6672
 VDWAALS =    51711.8876  EEL     =  -309816.2120  HBOND      =        0.0000
 1-4 VDW =      715.0294  1-4 EEL =     8908.4183  RESTRAINT  =        0.0000


   NSTEP       ENERGY          RMS            GMAX         NAME    NUMBER
    450      -2.0541E+05     9.0727E-02     3.6800E+00     HG       2666

 BOND    =    41784.3060  ANGLE   =      335.8892  DIHED      =      948.6672
 VDWAALS =    51711.8879  EEL     =  -309816.2172  HBOND      =        0.0000
 1-4 VDW =      715.0277  1-4 EEL =     8908.4143  RESTRAINT  =        0.0000


   NSTEP       ENERGY          RMS            GMAX         NAME    NUMBER
    500      -2.0541E+05     9.0723E-02     3.6800E+00     HG       2666

 BOND    =    41784.3075  ANGLE   =      335.8903  DIHED      =      948.6674
 VDWAALS =    51711.8884  EEL     =  -309816.2506  HBOND      =        0.0000
 1-4 VDW =      715.0260  1-4 EEL =     8908.4101  RESTRAINT  =        0.0000


   NSTEP       ENERGY          RMS            GMAX         NAME    NUMBER
    550      -2.0588E+05     3.5516E-01     8.4618E+01     O       32815

 BOND    =    41792.9001  ANGLE   =      345.2496  DIHED      =      950.4599
 VDWAALS =    51728.5246  EEL     =  -310274.3974  HBOND      =        0.0000
 1-4 VDW =      701.6494  1-4 EEL =     8877.2382  RESTRAINT  =        0.0000


   NSTEP       ENERGY          RMS            GMAX         NAME    NUMBER
    600      -2.0587E+05     3.5071E-01     8.3492E+01     O       32815

 BOND    =    41792.9478  ANGLE   =      345.2498  DIHED      =      950.4599
 VDWAALS =    51728.4199  EEL     =  -310268.9369  HBOND      =        0.0000
 1-4 VDW =      701.6493  1-4 EEL =     8877.2380  RESTRAINT  =        0.0000


   NSTEP       ENERGY          RMS            GMAX         NAME    NUMBER
    650      -2.0587E+05     3.4627E-01     8.2365E+01     O       32815

 BOND    =    41792.9953  ANGLE   =      345.2499  DIHED      =      950.4598
 VDWAALS =    51728.3152  EEL     =  -310263.5016  HBOND      =        0.0000
 1-4 VDW =      701.6493  1-4 EEL =     8877.2377  RESTRAINT  =        0.0000


   NSTEP       ENERGY          RMS            GMAX         NAME    NUMBER
    700      -2.0586E+05     3.4181E-01     8.1241E+01     O       32815

 BOND    =    41793.0428  ANGLE   =      345.2500  DIHED      =      950.4598
 VDWAALS =    51728.2119  EEL     =  -310257.9622  HBOND      =        0.0000
 1-4 VDW =      701.6492  1-4 EEL =     8877.2375  RESTRAINT  =        0.0000


   NSTEP       ENERGY          RMS            GMAX         NAME    NUMBER
    750      -2.0586E+05     3.3737E-01     8.0113E+01     O       32815

 BOND    =    41793.0902  ANGLE   =      345.2501  DIHED      =      950.4599
 VDWAALS =    51728.1071  EEL     =  -310252.5390  HBOND      =        0.0000
 1-4 VDW =      701.6492  1-4 EEL =     8877.2373  RESTRAINT  =        0.0000

     .... RESTARTED DUE TO LINMIN FAILURE ...


   NSTEP       ENERGY          RMS            GMAX         NAME    NUMBER
    800      -2.0585E+05     3.3294E-01     7.8994E+01     O       32815

 BOND    =    41793.1375  ANGLE   =      345.2502  DIHED      =      950.4599
 VDWAALS =    51728.0033  EEL     =  -310247.0311  HBOND      =        0.0000
 1-4 VDW =      701.6492  1-4 EEL =     8877.2371  RESTRAINT  =        0.0000


   NSTEP       ENERGY          RMS            GMAX         NAME    NUMBER
    850      -2.0585E+05     3.2850E-01     7.7867E+01     O       32815

 BOND    =    41793.1848  ANGLE   =      345.2504  DIHED      =      950.4599
 VDWAALS =    51727.8988  EEL     =  -310241.5736  HBOND      =        0.0000
 1-4 VDW =      701.6491  1-4 EEL =     8877.2369  RESTRAINT  =        0.0000


   NSTEP       ENERGY          RMS            GMAX         NAME    NUMBER
    900      -2.0584E+05     3.2411E-01     7.6748E+01     O       32815

 BOND    =    41793.2319  ANGLE   =      345.2505  DIHED      =      950.4598
 VDWAALS =    51727.7950  EEL     =  -310236.1709  HBOND      =        0.0000
 1-4 VDW =      701.6491  1-4 EEL =     8877.2366  RESTRAINT  =        0.0000


   NSTEP       ENERGY          RMS            GMAX         NAME    NUMBER
    950      -2.0584E+05     3.1973E-01     7.5637E+01     O       32815

 BOND    =    41793.2790  ANGLE   =      345.2506  DIHED      =      950.4599
 VDWAALS =    51727.6921  EEL     =  -310230.7879  HBOND      =        0.0000
 1-4 VDW =      701.6490  1-4 EEL =     8877.2364  RESTRAINT  =        0.0000


   NSTEP       ENERGY          RMS            GMAX         NAME    NUMBER
   1000      -2.0583E+05     3.1536E-01     7.4523E+01     O       32815

 BOND    =    41793.3259  ANGLE   =      345.2508  DIHED      =      950.4599
 VDWAALS =    51727.5896  EEL     =  -310225.3658  HBOND      =        0.0000
 1-4 VDW =      701.6490  1-4 EEL =     8877.2361  RESTRAINT  =        0.0000


   NSTEP       ENERGY          RMS            GMAX         NAME    NUMBER
   1050      -2.0582E+05     3.1087E-01     7.3376E+01     O       32815

 BOND    =    41793.3740  ANGLE   =      345.2509  DIHED      =      950.4599
 VDWAALS =    51727.4834  EEL     =  -310219.8394  HBOND      =        0.0000
 1-4 VDW =      701.6489  1-4 EEL =     8877.2359  RESTRAINT  =        0.0000

     .... RESTARTED DUE TO LINMIN FAILURE ...


   NSTEP       ENERGY          RMS            GMAX         NAME    NUMBER
   1100      -2.0582E+05     3.0647E-01     7.2257E+01     O       32815

 BOND    =    41793.4208  ANGLE   =      345.2510  DIHED      =      950.4598
 VDWAALS =    51727.3805  EEL     =  -310214.3513  HBOND      =        0.0000
 1-4 VDW =      701.6489  1-4 EEL =     8877.2356  RESTRAINT  =        0.0000


   NSTEP       ENERGY          RMS            GMAX         NAME    NUMBER
   1150      -2.0581E+05     3.0211E-01     7.1145E+01     O       32815

 BOND    =    41793.4674  ANGLE   =      345.2512  DIHED      =      950.4597
 VDWAALS =    51727.2779  EEL     =  -310208.9626  HBOND      =        0.0000
 1-4 VDW =      701.6488  1-4 EEL =     8877.2353  RESTRAINT  =        0.0000


   NSTEP       ENERGY          RMS            GMAX         NAME    NUMBER
   1200      -2.0581E+05     2.9778E-01     7.0030E+01     O       32815

 BOND    =    41793.5140  ANGLE   =      345.2513  DIHED      =      950.4598
 VDWAALS =    51727.1746  EEL     =  -310203.6563  HBOND      =        0.0000
 1-4 VDW =      701.6488  1-4 EEL =     8877.2351  RESTRAINT  =        0.0000

     .... RESTARTED DUE TO LINMIN FAILURE ...


   NSTEP       ENERGY          RMS            GMAX         NAME    NUMBER
   1250      -2.0580E+05     2.9345E-01     6.8924E+01     O       32815

 BOND    =    41793.5604  ANGLE   =      345.2515  DIHED      =      950.4597
 VDWAALS =    51727.0723  EEL     =  -310198.3123  HBOND      =        0.0000
 1-4 VDW =      701.6488  1-4 EEL =     8877.2348  RESTRAINT  =        0.0000


   NSTEP       ENERGY          RMS            GMAX         NAME    NUMBER
   1300      -2.0580E+05     2.8911E-01     6.7808E+01     O       32815

 BOND    =    41793.6067  ANGLE   =      345.2516  DIHED      =      950.4597
 VDWAALS =    51726.9693  EEL     =  -310192.9275  HBOND      =        0.0000
 1-4 VDW =      701.6487  1-4 EEL =     8877.2346  RESTRAINT  =        0.0000


   NSTEP       ENERGY          RMS            GMAX         NAME    NUMBER
   1350      -2.0579E+05     2.8480E-01     6.6704E+01     O       32815

 BOND    =    41793.6529  ANGLE   =      345.2518  DIHED      =      950.4598
 VDWAALS =    51726.8670  EEL     =  -310187.5957  HBOND      =        0.0000
 1-4 VDW =      701.6487  1-4 EEL =     8877.2343  RESTRAINT  =        0.0000


   NSTEP       ENERGY          RMS            GMAX         NAME    NUMBER
   1400      -2.0579E+05     2.8052E-01     6.5601E+01     O       32815

 BOND    =    41793.6990  ANGLE   =      345.2519  DIHED      =      950.4597
 VDWAALS =    51726.7657  EEL     =  -310182.3002  HBOND      =        0.0000
 1-4 VDW =      701.6486  1-4 EEL =     8877.2340  RESTRAINT  =        0.0000


   NSTEP       ENERGY          RMS            GMAX         NAME    NUMBER
   1450      -2.0578E+05     2.7622E-01     6.4491E+01     O       32815

 BOND    =    41793.7450  ANGLE   =      345.2521  DIHED      =      950.4598
 VDWAALS =    51726.6634  EEL     =  -310176.9656  HBOND      =        0.0000
 1-4 VDW =      701.6486  1-4 EEL =     8877.2337  RESTRAINT  =        0.0000

     .... RESTARTED DUE TO LINMIN FAILURE ...


   NSTEP       ENERGY          RMS            GMAX         NAME    NUMBER
   1500      -2.0578E+05     2.7080E-01     6.3093E+01     O       32815

 BOND    =    41793.8036  ANGLE   =      345.2523  DIHED      =      950.4599
 VDWAALS =    51726.5353  EEL     =  -310170.1883  HBOND      =        0.0000
 1-4 VDW =      701.6485  1-4 EEL =     8877.2334  RESTRAINT  =        0.0000

     .... RESTARTED DUE TO LINMIN FAILURE ...


                    FINAL RESULTS



   NSTEP       ENERGY          RMS            GMAX         NAME    NUMBER
   1549      -2.0577E+05     2.6654E-01     6.1990E+01     O       32815

 BOND    =    41793.8492  ANGLE   =      345.2524  DIHED      =      950.4598
 VDWAALS =    51726.4335  EEL     =  -310164.9458  HBOND      =        0.0000
 1-4 VDW =      701.6484  1-4 EEL =     8877.2331  RESTRAINT  =        0.0000

     ***** REPEATED LINMIN FAILURE *****
--------------------------------------------------------------------------------
   5.  TIMINGS
--------------------------------------------------------------------------------

|  NonSetup CPU Time in Major Routines:
|
|     Routine           Sec        %
|     ------------------------------
|     Nonbond           2.96   32.15
|     Bond              0.00    0.00
|     Angle             0.00    0.00
|     Dihedral          0.00    0.00
|     Shake             0.00    0.00
|     Other             6.24   67.85
|     ------------------------------
|     Total             9.19

|  PME Nonbond Pairlist CPU Time:
|
|     Routine              Sec        %
|     ---------------------------------
|     Set Up Cit           0.00    0.00
|     Build List           0.00    0.00
|     ---------------------------------
|     Total                0.00    0.00

|  PME Direct Force CPU Time:
|
|     Routine              Sec        %
|     ---------------------------------
|     NonBonded Calc       0.00    0.00
|     Exclude Masked       0.00    0.00
|     Other                0.00    0.05
|     ---------------------------------
|     Total                0.00    0.05

|  PME Reciprocal Force CPU Time:
|
|     Routine              Sec        %
|     ---------------------------------
|     1D bspline           0.00    0.00
|     Grid Charges         0.00    0.00
|     Scalar Sum           0.00    0.00
|     Gradient Sum         0.00    0.00
|     FFT                  0.00    0.00
|     ---------------------------------
|     Total                0.00    0.00

|  Setup CPU time:            2.17 seconds
|  NonSetup CPU time:         9.19 seconds
|  Total CPU time:           11.36 seconds     0.00 hours

|  Setup wall time:           2    seconds
|  NonSetup wall time:       10    seconds
|  Total wall time:          12    seconds     0.00 hours
