
          -------------------------------------------------------
          Amber 18 PMEMD                              2018
          -------------------------------------------------------

| PMEMD implementation of SANDER, Release 18

| Run on 07/02/2021 at 13:06:48

|   Executable path: pmemd.cuda
| Working directory: /home/bozhanng/Abs_MD/HEPC3-4_Fv_full_relaxed2
|          Hostname: bf21

  [-O]verwriting output

File Assignments:
|   MDIN: minpro_HEPC3-4_Fv_full_relaxed2.in                                    
|  MDOUT: minpro_HEPC3-4_Fv_full_relaxed2.out                                   
| INPCRD: minsolv_HEPC3-4_Fv_full_relaxed2.crd                                  
|   PARM: HEPC3-4_Fv_full_relaxed2.parm7                                        
| RESTRT: minpro_HEPC3-4_Fv_full_relaxed2.crd                                   
|   REFC: minsolv_HEPC3-4_Fv_full_relaxed2.crd                                  
|  MDVEL: mdvel                                                                 
|   MDEN: mden                                                                  
|  MDCRD: mdcrd                                                                 
| MDINFO: mdinfo                                                                
|  MDFRC: mdfrc                                                                 


 Here is the input file:

Initial minimization                                                           
 &cntrl                                                                        
  ntx    = 1,       irest  = 0,       ntrx   = 1,      ntxo   = 1,             
  ntpr   = 50,      ntwx   = 0,       ntwv   = 0,      ntwe   = 0,             
                                                                               
  ntf    = 1,       ntb    = 1,                                                
  cut    = 8.0,     nsnb   = 10,                                               
                                                                               
  ibelly = 0,       ntr    = 1,                                                
                                                                               
  imin   = 1,                                                                  
  maxcyc = 10000,                                                              
  ncyc   = 2000,                                                               
  ntmin  = 1,       dx0    = 0.1,     drms   = 0.0001,                         
                                                                               
  ntc    = 1,       tol    = 0.000001,                                         
                                                                               
 &end                                                                          
Hold solvent fixed                                                             
5.0                                                                            
RES   235 9999999                                                              
END                                                                            
END                                                                            


Note: ig = -1. Setting random seed to   136184 based on wallclock time in 
      microseconds.
| irandom = 1, using AMBER's internal random number generator (default).
| INFO:    The nsnb ctrl option does not affect nonbonded list update frequency.
|          It does affect steepest descent minimization freq if ntmin == 0
 
|--------------------- INFORMATION ----------------------
| GPU (CUDA) Version of PMEMD in use: NVIDIA GPU IN USE.
|                    Version 18.0.0
| 
|                      03/25/2018
| 
| Implementation by:
|                    Ross C. Walker     (SDSC)
|                    Scott Le Grand     (nVIDIA)
| 
| Version 18 performance extensions by:
|                    David Cerutti     (Rutgers)
| 
| Precision model in use:
|      [SPFP] - Single Precision Forces, 64-bit Fixed Point
|               Accumulation. (Default)
| 
|--------------------------------------------------------
 
|----------------- CITATION INFORMATION -----------------
|
|    When publishing work that utilized the CUDA version
|    of AMBER, please cite the following in addition to
|    the regular AMBER citations:
|
|  - Romelia Salomon-Ferrer; Andreas W. Goetz; Duncan
|    Poole; Scott Le Grand; Ross C. Walker "Routine
|    microsecond molecular dynamics simulations with
|    AMBER - Part II: Particle Mesh Ewald", J. Chem.
|    Theory Comput., 2013, 9 (9), pp3878-3888,
|    DOI: 10.1021/ct400314y.
|
|  - Andreas W. Goetz; Mark J. Williamson; Dong Xu;
|    Duncan Poole; Scott Le Grand; Ross C. Walker
|    "Routine microsecond molecular dynamics simulations
|    with AMBER - Part I: Generalized Born", J. Chem.
|    Theory Comput., 2012, 8 (5), pp1542-1555.
|
|  - Scott Le Grand; Andreas W. Goetz; Ross C. Walker
|    "SPFP: Speed without compromise - a mixed precision
|    model for GPU accelerated molecular dynamics
|    simulations.", Comp. Phys. Comm., 2013, 184
|    pp374-380, DOI: 10.1016/j.cpc.2012.09.022
|
|--------------------------------------------------------
 
|------------------- GPU DEVICE INFO --------------------
|
|            CUDA_VISIBLE_DEVICES: 2
|   CUDA Capable Devices Detected:      1
|           CUDA Device ID in use:      0
|                CUDA Device Name: GeForce GTX 1080
|     CUDA Device Global Mem Size:   8119 MB
| CUDA Device Num Multiprocessors:     20
|           CUDA Device Core Freq:   1.73 GHz
|
|--------------------------------------------------------
 
 
| Conditional Compilation Defines Used:
| PUBFFT
| BINTRAJ
| MKL
| CUDA
| EMIL

| Largest sphere to fit in unit cell has radius =    35.137

| New format PARM file being parsed.
| Version =    1.000 Date = 07/02/21 Time = 13:04:14

| Note: 1-4 EEL scale factors are being read from the topology file.

| Note: 1-4 VDW scale factors are being read from the topology file.
| Duplicated    0 dihedrals

| Duplicated    0 dihedrals

--------------------------------------------------------------------------------
   1.  RESOURCE   USE: 
--------------------------------------------------------------------------------

 getting new box info from bottom of inpcrd
 NATOM  =   48002 NTYPES =      18 NBONH =   35096 MBONA  =   12941
 NTHETH =    3908 MTHETA =    2472 NPHIH =    8186 MPHIA  =    7845
 NHPARM =       0 NPARM  =       0 NNB   =   97180 NRES   =   11363
 NBONA  =   12941 NTHETA =    2472 NPHIA =    7845 NUMBND =      72
 NUMANG =     171 NPTRA  =     194 NATYP =      36 NPHB   =       1
 IFBOX  =       1 NMXRS  =      25 IFCAP =       0 NEXTRA =   11122
 NCOPY  =       0

| Coordinate Index Table dimensions:    17   15   18
| Direct force subcell size =     4.5653    4.6850    4.6461

     BOX TYPE: RECTILINEAR

--------------------------------------------------------------------------------
   2.  CONTROL  DATA  FOR  THE  RUN
--------------------------------------------------------------------------------

default_name                                                                    

General flags:
     imin    =       1, nmropt  =       0

Nature and format of input:
     ntx     =       1, irest   =       0, ntrx    =       1

Nature and format of output:
     ntxo    =       1, ntpr    =      50, ntrx    =       1, ntwr    =       1
     iwrap   =       0, ntwx    =       0, ntwv    =       0, ntwe    =       0
     ioutfm  =       1, ntwprt  =       0, idecomp =       0, rbornstat=      0

Potential function:
     ntf     =       1, ntb     =       1, igb     =       0, nsnb    =      10
     ipol    =       0, gbsa    =       0, iesp    =       0
     dielc   =   1.00000, cut     =   8.00000, intdiel =   1.00000

Frozen or restrained atoms:
     ibelly  =       0, ntr     =       1
     restraint_wt =   0.00000

Energy minimization:
     maxcyc  =   10000, ncyc    =    2000, ntmin   =       1
     dx0     =   0.10000, drms    =   0.00010

| Intermolecular bonds treatment:
|     no_intermolecular_bonds =       1

| Energy averages sample interval:
|     ene_avg_sampling =       1

Extra-points options:
     frameon =       1, chngmask=       1

Ewald parameters:
     verbose =       0, ew_type =       0, nbflag  =       1, use_pme =       1
     vdwmeth =       1, eedmeth =       1, netfrc  =       0
     Box X =   77.610   Box Y =   70.275   Box Z =   83.630
     Alpha =   90.000   Beta  =   90.000   Gamma =   90.000
     NFFT1 =   80       NFFT2 =   72       NFFT3 =   84
     Cutoff=    8.000   Tol   =0.100E-04
     Ewald Coefficient =  0.34864
     Interpolation order =    4

    LOADING THE CONSTRAINED ATOMS AS GROUPS


   5.  REFERENCE ATOM COORDINATES

  default_name                                                                    
    ----- READING GROUP     1; TITLE:
 Hold solvent fixed                                                          

     GROUP    1 HAS HARMONIC CONSTRAINTS     5.00000
 GRP    1 RES  235 TO 11363
      Number of atoms in this group  = 44495
    ----- END OF GROUP READ -----
|      EXTRA_PTS, trim_bonds: num bonds BEFORE trim = 35096     0
|      EXTRA_PTS, trim_bonds: num bonds AFTER  trim = 35096     0
|      EXTRA_PTS, trim_bonds: num bonds BEFORE trim = 12941     0
|      EXTRA_PTS, trim_bonds: num bonds AFTER  trim =  1819     0
|      EXTRA_PTS, trim_theta: num angle BEFORE trim =  3908     0
|      EXTRA_PTS, trim_theta: num angle AFTER  trim =  3908     0
|      EXTRA_PTS, trim_theta: num angle BEFORE trim =  2472     0
|      EXTRA_PTS, trim_theta: num angle AFTER  trim =  2472     0
|      EXTRA_PTS, trim_phi:  num diheds BEFORE trim =  8186     0
|      EXTRA_PTS, trim_phi:  num diheds AFTER  trim =  8186     0
|      EXTRA_PTS, trim_phi:  num diheds BEFORE trim =  7845     0
|      EXTRA_PTS, trim_phi:  num diheds AFTER  trim =  7845     0

--------------------------------------------------------------------------------
   3.  ATOMIC COORDINATES AND VELOCITIES
--------------------------------------------------------------------------------

default_name                                                                    
 begin time read from input coords =     0.000 ps

 
 Number of triangulated 3-point waters found:    11122

     Sum of charges from parm topology file =   0.00006086
     Forcing neutrality...

| Dynamic Memory, Types Used:
| Reals             1440325
| Integers          3082521

| Nonbonded Pairs Initial Allocation:     8017534

| GPU memory information (estimate):
| KB of GPU memory in use:         0
| KB of CPU memory in use:         0

--------------------------------------------------------------------------------
   4.  RESULTS
--------------------------------------------------------------------------------



   NSTEP       ENERGY          RMS            GMAX         NAME    NUMBER
      1      -2.0110E+05     6.1956E+00     1.8388E+03     O       32815

 BOND    =    41409.4119  ANGLE   =      297.7948  DIHED      =      940.6073
 VDWAALS =    51837.2023  EEL     =  -305342.6275  HBOND      =        0.0000
 1-4 VDW =      764.2214  1-4 EEL =     8997.0796  RESTRAINT  =        0.0000


   NSTEP       ENERGY          RMS            GMAX         NAME    NUMBER
     50      -2.0453E+05     4.2065E-01     9.3346E+01     O       20571

 BOND    =    41753.7119  ANGLE   =      302.9703  DIHED      =      942.4106
 VDWAALS =    51708.1224  EEL     =  -308980.5232  HBOND      =        0.0000
 1-4 VDW =      758.2081  1-4 EEL =     8987.1197  RESTRAINT  =        2.8672
 EAMBER  =  -204527.9802


   NSTEP       ENERGY          RMS            GMAX         NAME    NUMBER
    100      -2.0508E+05     1.7074E-01     1.4344E+01     H1      20572

 BOND    =    41756.9595  ANGLE   =      307.0682  DIHED      =      943.4386
 VDWAALS =    51712.9730  EEL     =  -309533.5917  HBOND      =        0.0000
 1-4 VDW =      753.4342  1-4 EEL =     8979.3023  RESTRAINT  =        3.5027
 EAMBER  =  -205080.4159


   NSTEP       ENERGY          RMS            GMAX         NAME    NUMBER
    150      -2.0514E+05     1.5049E-01     8.9969E+00     H1      20572

 BOND    =    41760.1264  ANGLE   =      310.3342  DIHED      =      944.1538
 VDWAALS =    51711.2135  EEL     =  -309595.0198  HBOND      =        0.0000
 1-4 VDW =      749.4373  1-4 EEL =     8972.7305  RESTRAINT  =        4.0065
 EAMBER  =  -205147.0240


   NSTEP       ENERGY          RMS            GMAX         NAME    NUMBER
    200      -2.0518E+05     1.4020E-01     6.4053E+00     H1      20572

 BOND    =    41762.1034  ANGLE   =      312.7198  DIHED      =      944.6373
 VDWAALS =    51710.4483  EEL     =  -309632.5766  HBOND      =        0.0000
 1-4 VDW =      746.4038  1-4 EEL =     8967.6915  RESTRAINT  =        4.3578
 EAMBER  =  -205188.5726


   NSTEP       ENERGY          RMS            GMAX         NAME    NUMBER
    250      -2.0521E+05     1.3210E-01     4.9878E+00     HG1      3321

 BOND    =    41764.0065  ANGLE   =      315.0824  DIHED      =      945.0917
 VDWAALS =    51709.8836  EEL     =  -309659.3933  HBOND      =        0.0000
 1-4 VDW =      743.3134  1-4 EEL =     8962.4867  RESTRAINT  =        4.6845
 EAMBER  =  -205219.5290


   NSTEP       ENERGY          RMS            GMAX         NAME    NUMBER
    300      -2.0523E+05     1.2636E-01     4.8903E+00     HG1      3321

 BOND    =    41765.7360  ANGLE   =      317.1077  DIHED      =      945.4641
 VDWAALS =    51709.3091  EEL     =  -309667.1287  HBOND      =        0.0000
 1-4 VDW =      740.6044  1-4 EEL =     8957.8432  RESTRAINT  =        4.9475
 EAMBER  =  -205231.0642


   NSTEP       ENERGY          RMS            GMAX         NAME    NUMBER
    350      -2.0525E+05     1.2159E-01     4.7827E+00     HG1      3321

 BOND    =    41767.0276  ANGLE   =      318.8075  DIHED      =      945.7664
 VDWAALS =    51709.3032  EEL     =  -309686.1278  HBOND      =        0.0000
 1-4 VDW =      738.2950  1-4 EEL =     8953.8119  RESTRAINT  =        5.1583
 EAMBER  =  -205253.1161


   NSTEP       ENERGY          RMS            GMAX         NAME    NUMBER
    400      -2.0526E+05     1.1793E-01     4.6711E+00     HG1      3321

 BOND    =    41768.2187  ANGLE   =      320.2577  DIHED      =      946.0175
 VDWAALS =    51709.2174  EEL     =  -309693.8372  HBOND      =        0.0000
 1-4 VDW =      736.3035  1-4 EEL =     8950.2733  RESTRAINT  =        5.3331
 EAMBER  =  -205263.5490


   NSTEP       ENERGY          RMS            GMAX         NAME    NUMBER
    450      -2.0527E+05     1.1386E-01     4.5172E+00     HG1      3321

 BOND    =    41769.6209  ANGLE   =      321.9366  DIHED      =      946.3021
 VDWAALS =    51709.2065  EEL     =  -309700.6925  HBOND      =        0.0000
 1-4 VDW =      733.9780  1-4 EEL =     8946.0593  RESTRAINT  =        5.5325
 EAMBER  =  -205273.5890


   NSTEP       ENERGY          RMS            GMAX         NAME    NUMBER
    500      -2.0528E+05     1.1073E-01     4.3767E+00     HG1      3321

 BOND    =    41770.7318  ANGLE   =      323.2690  DIHED      =      946.5234
 VDWAALS =    51709.2984  EEL     =  -309707.2166  HBOND      =        0.0000
 1-4 VDW =      732.1199  1-4 EEL =     8942.6238  RESTRAINT  =        5.6906
 EAMBER  =  -205282.6504


   NSTEP       ENERGY          RMS            GMAX         NAME    NUMBER
    550      -2.0528E+05     1.0815E-01     4.2453E+00     HG1      3321

 BOND    =    41771.6933  ANGLE   =      324.3899  DIHED      =      946.7069
 VDWAALS =    51709.3967  EEL     =  -309711.2296  HBOND      =        0.0000
 1-4 VDW =      730.5498  1-4 EEL =     8939.6700  RESTRAINT  =        5.8250
 EAMBER  =  -205288.8230


   NSTEP       ENERGY          RMS            GMAX         NAME    NUMBER
    600      -2.0528E+05     1.0776E-01     4.2240E+00     HG1      3321

 BOND    =    41771.8413  ANGLE   =      324.5614  DIHED      =      946.7347
 VDWAALS =    51709.4203  EEL     =  -309711.7931  HBOND      =        0.0000
 1-4 VDW =      730.3089  1-4 EEL =     8939.2125  RESTRAINT  =        5.8458
 EAMBER  =  -205289.7140


   NSTEP       ENERGY          RMS            GMAX         NAME    NUMBER
    650      -2.0528E+05     1.0775E-01     4.2236E+00     HG1      3321

 BOND    =    41771.8442  ANGLE   =      324.5647  DIHED      =      946.7352
 VDWAALS =    51709.4206  EEL     =  -309711.8202  HBOND      =        0.0000
 1-4 VDW =      730.3042  1-4 EEL =     8939.2035  RESTRAINT  =        5.8462
 EAMBER  =  -205289.7479


   NSTEP       ENERGY          RMS            GMAX         NAME    NUMBER
    700      -2.0528E+05     1.0775E-01     4.2233E+00     HG1      3321

 BOND    =    41771.8463  ANGLE   =      324.5672  DIHED      =      946.7355
 VDWAALS =    51709.4214  EEL     =  -309711.9271  HBOND      =        0.0000
 1-4 VDW =      730.3007  1-4 EEL =     8939.1969  RESTRAINT  =        5.8465
 EAMBER  =  -205289.8591


   NSTEP       ENERGY          RMS            GMAX         NAME    NUMBER
    750      -2.0528E+05     1.0774E-01     4.2230E+00     HG1      3321

 BOND    =    41771.8481  ANGLE   =      324.5693  DIHED      =      946.7360
 VDWAALS =    51709.4217  EEL     =  -309711.9292  HBOND      =        0.0000
 1-4 VDW =      730.2978  1-4 EEL =     8939.1913  RESTRAINT  =        5.8467
 EAMBER  =  -205289.8651


   NSTEP       ENERGY          RMS            GMAX         NAME    NUMBER
    800      -2.0528E+05     1.0774E-01     4.2227E+00     HG1      3321

 BOND    =    41771.8500  ANGLE   =      324.5715  DIHED      =      946.7363
 VDWAALS =    51709.4213  EEL     =  -309711.8833  HBOND      =        0.0000
 1-4 VDW =      730.2946  1-4 EEL =     8939.1854  RESTRAINT  =        5.8470
 EAMBER  =  -205289.8242


   NSTEP       ENERGY          RMS            GMAX         NAME    NUMBER
    850      -2.0528E+05     1.0773E-01     4.2224E+00     HG1      3321

 BOND    =    41771.8521  ANGLE   =      324.5739  DIHED      =      946.7369
 VDWAALS =    51709.4213  EEL     =  -309711.9072  HBOND      =        0.0000
 1-4 VDW =      730.2913  1-4 EEL =     8939.1789  RESTRAINT  =        5.8473
 EAMBER  =  -205289.8528


   NSTEP       ENERGY          RMS            GMAX         NAME    NUMBER
    900      -2.0528E+05     1.0773E-01     4.2222E+00     HG1      3321

 BOND    =    41771.8538  ANGLE   =      324.5759  DIHED      =      946.7371
 VDWAALS =    51709.4215  EEL     =  -309711.8510  HBOND      =        0.0000
 1-4 VDW =      730.2885  1-4 EEL =     8939.1737  RESTRAINT  =        5.8475
 EAMBER  =  -205289.8005


   NSTEP       ENERGY          RMS            GMAX         NAME    NUMBER
    950      -2.0528E+05     1.0772E-01     4.2217E+00     HG1      3321

 BOND    =    41771.8572  ANGLE   =      324.5798  DIHED      =      946.7377
 VDWAALS =    51709.4232  EEL     =  -309711.9497  HBOND      =        0.0000
 1-4 VDW =      730.2830  1-4 EEL =     8939.1632  RESTRAINT  =        5.8480
 EAMBER  =  -205289.9056


   NSTEP       ENERGY          RMS            GMAX         NAME    NUMBER
   1000      -2.0528E+05     1.0771E-01     4.2213E+00     HG1      3321

 BOND    =    41771.8602  ANGLE   =      324.5832  DIHED      =      946.7383
 VDWAALS =    51709.4230  EEL     =  -309711.9524  HBOND      =        0.0000
 1-4 VDW =      730.2782  1-4 EEL =     8939.1541  RESTRAINT  =        5.8484
 EAMBER  =  -205289.9155


   NSTEP       ENERGY          RMS            GMAX         NAME    NUMBER
   1050      -2.0528E+05     1.0770E-01     4.2209E+00     HG1      3321

 BOND    =    41771.8626  ANGLE   =      324.5860  DIHED      =      946.7387
 VDWAALS =    51709.4234  EEL     =  -309711.9543  HBOND      =        0.0000
 1-4 VDW =      730.2743  1-4 EEL =     8939.1465  RESTRAINT  =        5.8488
 EAMBER  =  -205289.9228


   NSTEP       ENERGY          RMS            GMAX         NAME    NUMBER
   1100      -2.0528E+05     1.0770E-01     4.2207E+00     HG1      3321

 BOND    =    41771.8641  ANGLE   =      324.5878  DIHED      =      946.7390
 VDWAALS =    51709.4240  EEL     =  -309711.9643  HBOND      =        0.0000
 1-4 VDW =      730.2718  1-4 EEL =     8939.1418  RESTRAINT  =        5.8490
 EAMBER  =  -205289.9357


   NSTEP       ENERGY          RMS            GMAX         NAME    NUMBER
   1150      -2.0528E+05     1.0769E-01     4.2204E+00     HG1      3321

 BOND    =    41771.8659  ANGLE   =      324.5898  DIHED      =      946.7393
 VDWAALS =    51709.4252  EEL     =  -309711.9520  HBOND      =        0.0000
 1-4 VDW =      730.2689  1-4 EEL =     8939.1364  RESTRAINT  =        5.8492
 EAMBER  =  -205289.9264


   NSTEP       ENERGY          RMS            GMAX         NAME    NUMBER
   1200      -2.0528E+05     1.0769E-01     4.2201E+00     HG1      3321

 BOND    =    41771.8681  ANGLE   =      324.5923  DIHED      =      946.7397
 VDWAALS =    51709.4253  EEL     =  -309711.9948  HBOND      =        0.0000
 1-4 VDW =      730.2654  1-4 EEL =     8939.1297  RESTRAINT  =        5.8495
 EAMBER  =  -205289.9742


   NSTEP       ENERGY          RMS            GMAX         NAME    NUMBER
   1250      -2.0528E+05     1.0768E-01     4.2199E+00     HG1      3321

 BOND    =    41771.8698  ANGLE   =      324.5943  DIHED      =      946.7402
 VDWAALS =    51709.4247  EEL     =  -309712.0107  HBOND      =        0.0000
 1-4 VDW =      730.2627  1-4 EEL =     8939.1245  RESTRAINT  =        5.8498
 EAMBER  =  -205289.9946


   NSTEP       ENERGY          RMS            GMAX         NAME    NUMBER
   1300      -2.0528E+05     1.0768E-01     4.2197E+00     HG1      3321

 BOND    =    41771.8713  ANGLE   =      324.5960  DIHED      =      946.7402
 VDWAALS =    51709.4248  EEL     =  -309711.9762  HBOND      =        0.0000
 1-4 VDW =      730.2602  1-4 EEL =     8939.1198  RESTRAINT  =        5.8500
 EAMBER  =  -205289.9639


   NSTEP       ENERGY          RMS            GMAX         NAME    NUMBER
   1350      -2.0528E+05     1.0768E-01     4.2195E+00     HG1      3321

 BOND    =    41771.8731  ANGLE   =      324.5981  DIHED      =      946.7405
 VDWAALS =    51709.4256  EEL     =  -309711.9694  HBOND      =        0.0000
 1-4 VDW =      730.2573  1-4 EEL =     8939.1142  RESTRAINT  =        5.8502
 EAMBER  =  -205289.9607


   NSTEP       ENERGY          RMS            GMAX         NAME    NUMBER
   1400      -2.0528E+05     1.0767E-01     4.2190E+00     HG1      3321

 BOND    =    41771.8762  ANGLE   =      324.6016  DIHED      =      946.7411
 VDWAALS =    51709.4250  EEL     =  -309712.0186  HBOND      =        0.0000
 1-4 VDW =      730.2523  1-4 EEL =     8939.1048  RESTRAINT  =        5.8506
 EAMBER  =  -205290.0176


   NSTEP       ENERGY          RMS            GMAX         NAME    NUMBER
   1450      -2.0528E+05     1.0766E-01     4.2188E+00     HG1      3321

 BOND    =    41771.8778  ANGLE   =      324.6036  DIHED      =      946.7415
 VDWAALS =    51709.4264  EEL     =  -309711.9593  HBOND      =        0.0000
 1-4 VDW =      730.2496  1-4 EEL =     8939.0996  RESTRAINT  =        5.8509
 EAMBER  =  -205289.9608


   NSTEP       ENERGY          RMS            GMAX         NAME    NUMBER
   1500      -2.0528E+05     1.0766E-01     4.2184E+00     HG1      3321

 BOND    =    41771.8802  ANGLE   =      324.6063  DIHED      =      946.7419
 VDWAALS =    51709.4260  EEL     =  -309712.0349  HBOND      =        0.0000
 1-4 VDW =      730.2458  1-4 EEL =     8939.0924  RESTRAINT  =        5.8512
 EAMBER  =  -205290.0424


   NSTEP       ENERGY          RMS            GMAX         NAME    NUMBER
   1550      -2.0528E+05     1.0765E-01     4.2181E+00     HG1      3321

 BOND    =    41771.8827  ANGLE   =      324.6092  DIHED      =      946.7424
 VDWAALS =    51709.4268  EEL     =  -309712.0635  HBOND      =        0.0000
 1-4 VDW =      730.2418  1-4 EEL =     8939.0847  RESTRAINT  =        5.8516
 EAMBER  =  -205290.0760


   NSTEP       ENERGY          RMS            GMAX         NAME    NUMBER
   1600      -2.0528E+05     1.0764E-01     4.2177E+00     HG1      3321

 BOND    =    41771.8854  ANGLE   =      324.6123  DIHED      =      946.7431
 VDWAALS =    51709.4273  EEL     =  -309712.0587  HBOND      =        0.0000
 1-4 VDW =      730.2374  1-4 EEL =     8939.0764  RESTRAINT  =        5.8519
 EAMBER  =  -205290.0768


   NSTEP       ENERGY          RMS            GMAX         NAME    NUMBER
   1650      -2.0528E+05     1.0764E-01     4.2173E+00     HG1      3321

 BOND    =    41771.8881  ANGLE   =      324.6153  DIHED      =      946.7434
 VDWAALS =    51709.4274  EEL     =  -309712.0456  HBOND      =        0.0000
 1-4 VDW =      730.2331  1-4 EEL =     8939.0683  RESTRAINT  =        5.8523
 EAMBER  =  -205290.0701


   NSTEP       ENERGY          RMS            GMAX         NAME    NUMBER
   1700      -2.0528E+05     1.0763E-01     4.2170E+00     HG1      3321

 BOND    =    41771.8904  ANGLE   =      324.6180  DIHED      =      946.7440
 VDWAALS =    51709.4277  EEL     =  -309712.0290  HBOND      =        0.0000
 1-4 VDW =      730.2294  1-4 EEL =     8939.0611  RESTRAINT  =        5.8526
 EAMBER  =  -205290.0584


   NSTEP       ENERGY          RMS            GMAX         NAME    NUMBER
   1750      -2.0528E+05     1.0762E-01     4.2166E+00     HG1      3321

 BOND    =    41771.8929  ANGLE   =      324.6208  DIHED      =      946.7442
 VDWAALS =    51709.4276  EEL     =  -309712.0721  HBOND      =        0.0000
 1-4 VDW =      730.2254  1-4 EEL =     8939.0536  RESTRAINT  =        5.8530
 EAMBER  =  -205290.1075


   NSTEP       ENERGY          RMS            GMAX         NAME    NUMBER
   1800      -2.0528E+05     1.0762E-01     4.2164E+00     HG1      3321

 BOND    =    41771.8945  ANGLE   =      324.6226  DIHED      =      946.7447
 VDWAALS =    51709.4289  EEL     =  -309712.0750  HBOND      =        0.0000
 1-4 VDW =      730.2229  1-4 EEL =     8939.0487  RESTRAINT  =        5.8532
 EAMBER  =  -205290.1127


   NSTEP       ENERGY          RMS            GMAX         NAME    NUMBER
   1850      -2.0528E+05     1.0762E-01     4.2162E+00     HG1      3321

 BOND    =    41771.8958  ANGLE   =      324.6242  DIHED      =      946.7448
 VDWAALS =    51709.4271  EEL     =  -309712.1100  HBOND      =        0.0000
 1-4 VDW =      730.2207  1-4 EEL =     8939.0446  RESTRAINT  =        5.8534
 EAMBER  =  -205290.1528


   NSTEP       ENERGY          RMS            GMAX         NAME    NUMBER
   1900      -2.0528E+05     1.0761E-01     4.2158E+00     HG1      3321

 BOND    =    41771.8986  ANGLE   =      324.6273  DIHED      =      946.7453
 VDWAALS =    51709.4285  EEL     =  -309712.1018  HBOND      =        0.0000
 1-4 VDW =      730.2162  1-4 EEL =     8939.0361  RESTRAINT  =        5.8538
 EAMBER  =  -205290.1497


   NSTEP       ENERGY          RMS            GMAX         NAME    NUMBER
   1950      -2.0528E+05     1.0761E-01     4.2155E+00     HG1      3321

 BOND    =    41771.9003  ANGLE   =      324.6293  DIHED      =      946.7457
 VDWAALS =    51709.4271  EEL     =  -309712.1077  HBOND      =        0.0000
 1-4 VDW =      730.2136  1-4 EEL =     8939.0309  RESTRAINT  =        5.8540
 EAMBER  =  -205290.1609


   NSTEP       ENERGY          RMS            GMAX         NAME    NUMBER
   2000      -2.0528E+05     1.0760E-01     4.2153E+00     HG1      3321

 BOND    =    41771.9022  ANGLE   =      324.6314  DIHED      =      946.7460
 VDWAALS =    51709.4274  EEL     =  -309712.1047  HBOND      =        0.0000
 1-4 VDW =      730.2105  1-4 EEL =     8939.0251  RESTRAINT  =        5.8543
 EAMBER  =  -205290.1621


   NSTEP       ENERGY          RMS            GMAX         NAME    NUMBER
   2050      -2.0645E+05     9.5134E-01     2.3243E+02     O       32815

 BOND    =    41770.4530  ANGLE   =      334.4131  DIHED      =      948.4908
 VDWAALS =    51733.1756  EEL     =  -310869.6592  HBOND      =        0.0000
 1-4 VDW =      717.0156  1-4 EEL =     8913.3603  RESTRAINT  =        7.2202
 EAMBER  =  -206452.7507


   NSTEP       ENERGY          RMS            GMAX         NAME    NUMBER
   2100      -2.0644E+05     9.4644E-01     2.3123E+02     O       32815

 BOND    =    41770.5049  ANGLE   =      334.4132  DIHED      =      948.4908
 VDWAALS =    51733.0573  EEL     =  -310863.2608  HBOND      =        0.0000
 1-4 VDW =      717.0155  1-4 EEL =     8913.3602  RESTRAINT  =        7.2202
 EAMBER  =  -206446.4189


   NSTEP       ENERGY          RMS            GMAX         NAME    NUMBER
   2150      -2.0643E+05     9.4161E-01     2.3004E+02     O       32815

 BOND    =    41770.5568  ANGLE   =      334.4132  DIHED      =      948.4908
 VDWAALS =    51732.9432  EEL     =  -310857.0587  HBOND      =        0.0000
 1-4 VDW =      717.0155  1-4 EEL =     8913.3601  RESTRAINT  =        7.2202
 EAMBER  =  -206440.2790


   NSTEP       ENERGY          RMS            GMAX         NAME    NUMBER
   2200      -2.0643E+05     9.3675E-01     2.2883E+02     O       32815

 BOND    =    41770.6088  ANGLE   =      334.4133  DIHED      =      948.4910
 VDWAALS =    51732.8283  EEL     =  -310850.7728  HBOND      =        0.0000
 1-4 VDW =      717.0155  1-4 EEL =     8913.3600  RESTRAINT  =        7.2201
 EAMBER  =  -206434.0560


   NSTEP       ENERGY          RMS            GMAX         NAME    NUMBER
   2250      -2.0642E+05     9.3192E-01     2.2764E+02     O       32815

 BOND    =    41770.6607  ANGLE   =      334.4133  DIHED      =      948.4909
 VDWAALS =    51732.7143  EEL     =  -310844.5943  HBOND      =        0.0000
 1-4 VDW =      717.0154  1-4 EEL =     8913.3599  RESTRAINT  =        7.2201
 EAMBER  =  -206427.9397


   NSTEP       ENERGY          RMS            GMAX         NAME    NUMBER
   2300      -2.0641E+05     9.2571E-01     2.2611E+02     O       32815

 BOND    =    41770.7271  ANGLE   =      334.4134  DIHED      =      948.4909
 VDWAALS =    51732.5678  EEL     =  -310836.6100  HBOND      =        0.0000
 1-4 VDW =      717.0154  1-4 EEL =     8913.3598  RESTRAINT  =        7.2201
 EAMBER  =  -206420.0357


   NSTEP       ENERGY          RMS            GMAX         NAME    NUMBER
   2350      -2.0641E+05     9.2084E-01     2.2491E+02     O       32815

 BOND    =    41770.7790  ANGLE   =      334.4134  DIHED      =      948.4909
 VDWAALS =    51732.4528  EEL     =  -310830.3507  HBOND      =        0.0000
 1-4 VDW =      717.0154  1-4 EEL =     8913.3597  RESTRAINT  =        7.2200
 EAMBER  =  -206413.8394


   NSTEP       ENERGY          RMS            GMAX         NAME    NUMBER
   2400      -2.0640E+05     9.1461E-01     2.2337E+02     O       32815

 BOND    =    41770.8454  ANGLE   =      334.4135  DIHED      =      948.4909
 VDWAALS =    51732.3056  EEL     =  -310822.3619  HBOND      =        0.0000
 1-4 VDW =      717.0153  1-4 EEL =     8913.3595  RESTRAINT  =        7.2200
 EAMBER  =  -206405.9317


   NSTEP       ENERGY          RMS            GMAX         NAME    NUMBER
   2450      -2.0639E+05     9.0977E-01     2.2218E+02     O       32815

 BOND    =    41770.8973  ANGLE   =      334.4136  DIHED      =      948.4910
 VDWAALS =    51732.1917  EEL     =  -310816.1448  HBOND      =        0.0000
 1-4 VDW =      717.0153  1-4 EEL =     8913.3594  RESTRAINT  =        7.2200
 EAMBER  =  -206399.7767


   NSTEP       ENERGY          RMS            GMAX         NAME    NUMBER
   2500      -2.0639E+05     9.0494E-01     2.2098E+02     O       32815

 BOND    =    41770.9491  ANGLE   =      334.4136  DIHED      =      948.4909
 VDWAALS =    51732.0774  EEL     =  -310809.9762  HBOND      =        0.0000
 1-4 VDW =      717.0152  1-4 EEL =     8913.3593  RESTRAINT  =        7.2199
 EAMBER  =  -206393.6706


   NSTEP       ENERGY          RMS            GMAX         NAME    NUMBER
   2550      -2.0638E+05     9.0012E-01     2.1979E+02     O       32815

 BOND    =    41771.0010  ANGLE   =      334.4137  DIHED      =      948.4909
 VDWAALS =    51731.9640  EEL     =  -310803.7740  HBOND      =        0.0000
 1-4 VDW =      717.0152  1-4 EEL =     8913.3592  RESTRAINT  =        7.2199
 EAMBER  =  -206387.5300


   NSTEP       ENERGY          RMS            GMAX         NAME    NUMBER
   2600      -2.0637E+05     8.9525E-01     2.1859E+02     O       32815

 BOND    =    41771.0528  ANGLE   =      334.4137  DIHED      =      948.4910
 VDWAALS =    51731.8487  EEL     =  -310797.5604  HBOND      =        0.0000
 1-4 VDW =      717.0151  1-4 EEL =     8913.3591  RESTRAINT  =        7.2199
 EAMBER  =  -206381.3800


   NSTEP       ENERGY          RMS            GMAX         NAME    NUMBER
   2650      -2.0637E+05     8.9043E-01     2.1740E+02     O       32815

 BOND    =    41771.1047  ANGLE   =      334.4138  DIHED      =      948.4908
 VDWAALS =    51731.7350  EEL     =  -310791.4478  HBOND      =        0.0000
 1-4 VDW =      717.0151  1-4 EEL =     8913.3590  RESTRAINT  =        7.2199
 EAMBER  =  -206375.3295


   NSTEP       ENERGY          RMS            GMAX         NAME    NUMBER
   2700      -2.0636E+05     8.8423E-01     2.1587E+02     O       32815

 BOND    =    41771.1710  ANGLE   =      334.4138  DIHED      =      948.4909
 VDWAALS =    51731.5886  EEL     =  -310783.5387  HBOND      =        0.0000
 1-4 VDW =      717.0151  1-4 EEL =     8913.3588  RESTRAINT  =        7.2198
 EAMBER  =  -206367.5004


   NSTEP       ENERGY          RMS            GMAX         NAME    NUMBER
   2750      -2.0635E+05     8.7939E-01     2.1468E+02     O       32815

 BOND    =    41771.2229  ANGLE   =      334.4139  DIHED      =      948.4909
 VDWAALS =    51731.4746  EEL     =  -310777.3355  HBOND      =        0.0000
 1-4 VDW =      717.0150  1-4 EEL =     8913.3588  RESTRAINT  =        7.2198
 EAMBER  =  -206361.3595


   NSTEP       ENERGY          RMS            GMAX         NAME    NUMBER
   2800      -2.0635E+05     8.7456E-01     2.1349E+02     O       32815

 BOND    =    41771.2747  ANGLE   =      334.4139  DIHED      =      948.4910
 VDWAALS =    51731.3611  EEL     =  -310771.1684  HBOND      =        0.0000
 1-4 VDW =      717.0150  1-4 EEL =     8913.3586  RESTRAINT  =        7.2198
 EAMBER  =  -206355.2540


   NSTEP       ENERGY          RMS            GMAX         NAME    NUMBER
   2850      -2.0634E+05     8.6838E-01     2.1196E+02     O       32815

 BOND    =    41771.3410  ANGLE   =      334.4140  DIHED      =      948.4909
 VDWAALS =    51731.2162  EEL     =  -310763.2603  HBOND      =        0.0000
 1-4 VDW =      717.0149  1-4 EEL =     8913.3585  RESTRAINT  =        7.2197
 EAMBER  =  -206347.4247


   NSTEP       ENERGY          RMS            GMAX         NAME    NUMBER
   2900      -2.0633E+05     8.6356E-01     2.1076E+02     O       32815

 BOND    =    41771.3928  ANGLE   =      334.4140  DIHED      =      948.4911
 VDWAALS =    51731.1019  EEL     =  -310757.1548  HBOND      =        0.0000
 1-4 VDW =      717.0149  1-4 EEL =     8913.3584  RESTRAINT  =        7.2197
 EAMBER  =  -206341.3817


   NSTEP       ENERGY          RMS            GMAX         NAME    NUMBER
   2950      -2.0633E+05     8.5873E-01     2.0958E+02     O       32815

 BOND    =    41771.4446  ANGLE   =      334.4141  DIHED      =      948.4910
 VDWAALS =    51730.9886  EEL     =  -310751.0079  HBOND      =        0.0000
 1-4 VDW =      717.0149  1-4 EEL =     8913.3583  RESTRAINT  =        7.2197
 EAMBER  =  -206335.2965


   NSTEP       ENERGY          RMS            GMAX         NAME    NUMBER
   3000      -2.0632E+05     8.5255E-01     2.0805E+02     O       32815

 BOND    =    41771.5109  ANGLE   =      334.4142  DIHED      =      948.4910
 VDWAALS =    51730.8425  EEL     =  -310743.1642  HBOND      =        0.0000
 1-4 VDW =      717.0148  1-4 EEL =     8913.3582  RESTRAINT  =        7.2196
 EAMBER  =  -206327.5326


   NSTEP       ENERGY          RMS            GMAX         NAME    NUMBER
   3050      -2.0631E+05     8.4775E-01     2.0686E+02     O       32815

 BOND    =    41771.5627  ANGLE   =      334.4142  DIHED      =      948.4911
 VDWAALS =    51730.7292  EEL     =  -310737.1356  HBOND      =        0.0000
 1-4 VDW =      717.0148  1-4 EEL =     8913.3581  RESTRAINT  =        7.2196
 EAMBER  =  -206321.5655


   NSTEP       ENERGY          RMS            GMAX         NAME    NUMBER
   3100      -2.0631E+05     8.4291E-01     2.0567E+02     O       32815

 BOND    =    41771.6145  ANGLE   =      334.4143  DIHED      =      948.4910
 VDWAALS =    51730.6154  EEL     =  -310730.9902  HBOND      =        0.0000
 1-4 VDW =      717.0147  1-4 EEL =     8913.3580  RESTRAINT  =        7.2196
 EAMBER  =  -206315.4823


   NSTEP       ENERGY          RMS            GMAX         NAME    NUMBER
   3150      -2.0630E+05     8.3809E-01     2.0448E+02     O       32815

 BOND    =    41771.6663  ANGLE   =      334.4143  DIHED      =      948.4911
 VDWAALS =    51730.5020  EEL     =  -310724.8898  HBOND      =        0.0000
 1-4 VDW =      717.0147  1-4 EEL =     8913.3578  RESTRAINT  =        7.2196
 EAMBER  =  -206309.4437


   NSTEP       ENERGY          RMS            GMAX         NAME    NUMBER
   3200      -2.0629E+05     8.3191E-01     2.0295E+02     O       32815

 BOND    =    41771.7325  ANGLE   =      334.4144  DIHED      =      948.4910
 VDWAALS =    51730.3563  EEL     =  -310717.0777  HBOND      =        0.0000
 1-4 VDW =      717.0146  1-4 EEL =     8913.3576  RESTRAINT  =        7.2195
 EAMBER  =  -206301.7112


   NSTEP       ENERGY          RMS            GMAX         NAME    NUMBER
   3250      -2.0629E+05     8.2577E-01     2.0143E+02     O       32815

 BOND    =    41771.7988  ANGLE   =      334.4145  DIHED      =      948.4911
 VDWAALS =    51730.2125  EEL     =  -310709.2685  HBOND      =        0.0000
 1-4 VDW =      717.0146  1-4 EEL =     8913.3575  RESTRAINT  =        7.2195
 EAMBER  =  -206293.9796


   NSTEP       ENERGY          RMS            GMAX         NAME    NUMBER
   3300      -2.0628E+05     8.2097E-01     2.0025E+02     O       32815

 BOND    =    41771.8505  ANGLE   =      334.4145  DIHED      =      948.4911
 VDWAALS =    51730.0992  EEL     =  -310703.2322  HBOND      =        0.0000
 1-4 VDW =      717.0145  1-4 EEL =     8913.3574  RESTRAINT  =        7.2195
 EAMBER  =  -206288.0050


   NSTEP       ENERGY          RMS            GMAX         NAME    NUMBER
   3350      -2.0627E+05     8.1616E-01     1.9906E+02     O       32815

 BOND    =    41771.9022  ANGLE   =      334.4146  DIHED      =      948.4911
 VDWAALS =    51729.9864  EEL     =  -310697.1346  HBOND      =        0.0000
 1-4 VDW =      717.0145  1-4 EEL =     8913.3573  RESTRAINT  =        7.2194
 EAMBER  =  -206281.9686


   NSTEP       ENERGY          RMS            GMAX         NAME    NUMBER
   3400      -2.0627E+05     8.1131E-01     1.9787E+02     O       32815

 BOND    =    41771.9540  ANGLE   =      334.4146  DIHED      =      948.4910
 VDWAALS =    51729.8720  EEL     =  -310691.0613  HBOND      =        0.0000
 1-4 VDW =      717.0144  1-4 EEL =     8913.3571  RESTRAINT  =        7.2194
 EAMBER  =  -206275.9582


   NSTEP       ENERGY          RMS            GMAX         NAME    NUMBER
   3450      -2.0626E+05     8.0653E-01     1.9668E+02     O       32815

 BOND    =    41772.0057  ANGLE   =      334.4147  DIHED      =      948.4910
 VDWAALS =    51729.7593  EEL     =  -310685.0578  HBOND      =        0.0000
 1-4 VDW =      717.0144  1-4 EEL =     8913.3570  RESTRAINT  =        7.2194
 EAMBER  =  -206270.0158


   NSTEP       ENERGY          RMS            GMAX         NAME    NUMBER
   3500      -2.0626E+05     8.0037E-01     1.9516E+02     O       32815

 BOND    =    41772.0719  ANGLE   =      334.4147  DIHED      =      948.4910
 VDWAALS =    51729.6141  EEL     =  -310677.3159  HBOND      =        0.0000
 1-4 VDW =      717.0143  1-4 EEL =     8913.3568  RESTRAINT  =        7.2194
 EAMBER  =  -206262.3530


   NSTEP       ENERGY          RMS            GMAX         NAME    NUMBER
   3550      -2.0625E+05     7.9556E-01     1.9397E+02     O       32815

 BOND    =    41772.1236  ANGLE   =      334.4148  DIHED      =      948.4910
 VDWAALS =    51729.5014  EEL     =  -310671.2425  HBOND      =        0.0000
 1-4 VDW =      717.0143  1-4 EEL =     8913.3568  RESTRAINT  =        7.2193
 EAMBER  =  -206256.3407


   NSTEP       ENERGY          RMS            GMAX         NAME    NUMBER
   3600      -2.0624E+05     7.9076E-01     1.9278E+02     O       32815

 BOND    =    41772.1753  ANGLE   =      334.4149  DIHED      =      948.4910
 VDWAALS =    51729.3879  EEL     =  -310665.2863  HBOND      =        0.0000
 1-4 VDW =      717.0142  1-4 EEL =     8913.3566  RESTRAINT  =        7.2193
 EAMBER  =  -206250.4464


   NSTEP       ENERGY          RMS            GMAX         NAME    NUMBER
   3650      -2.0624E+05     7.8464E-01     1.9127E+02     O       32815

 BOND    =    41772.2414  ANGLE   =      334.4149  DIHED      =      948.4909
 VDWAALS =    51729.2445  EEL     =  -310657.5782  HBOND      =        0.0000
 1-4 VDW =      717.0142  1-4 EEL =     8913.3565  RESTRAINT  =        7.2193
 EAMBER  =  -206242.8157


   NSTEP       ENERGY          RMS            GMAX         NAME    NUMBER
   3700      -2.0623E+05     7.7986E-01     1.9008E+02     O       32815

 BOND    =    41772.2931  ANGLE   =      334.4150  DIHED      =      948.4910
 VDWAALS =    51729.1320  EEL     =  -310651.5977  HBOND      =        0.0000
 1-4 VDW =      717.0142  1-4 EEL =     8913.3564  RESTRAINT  =        7.2192
 EAMBER  =  -206236.8960

     .... RESTARTED DUE TO LINMIN FAILURE ...


   NSTEP       ENERGY          RMS            GMAX         NAME    NUMBER
   3750      -2.0622E+05     7.7504E-01     1.8890E+02     O       32815

 BOND    =    41772.3448  ANGLE   =      334.4150  DIHED      =      948.4911
 VDWAALS =    51729.0191  EEL     =  -310645.5131  HBOND      =        0.0000
 1-4 VDW =      717.0141  1-4 EEL =     8913.3562  RESTRAINT  =        7.2192
 EAMBER  =  -206230.8727


   NSTEP       ENERGY          RMS            GMAX         NAME    NUMBER
   3800      -2.0622E+05     7.7024E-01     1.8771E+02     O       32815

 BOND    =    41772.3964  ANGLE   =      334.4151  DIHED      =      948.4911
 VDWAALS =    51728.9066  EEL     =  -310639.5030  HBOND      =        0.0000
 1-4 VDW =      717.0141  1-4 EEL =     8913.3560  RESTRAINT  =        7.2192
 EAMBER  =  -206224.9237


   NSTEP       ENERGY          RMS            GMAX         NAME    NUMBER
   3850      -2.0621E+05     7.6410E-01     1.8620E+02     O       32815

 BOND    =    41772.4625  ANGLE   =      334.4152  DIHED      =      948.4911
 VDWAALS =    51728.7615  EEL     =  -310631.8712  HBOND      =        0.0000
 1-4 VDW =      717.0140  1-4 EEL =     8913.3559  RESTRAINT  =        7.2192
 EAMBER  =  -206217.3711


   NSTEP       ENERGY          RMS            GMAX         NAME    NUMBER
   3900      -2.0620E+05     7.5933E-01     1.8501E+02     O       32815

 BOND    =    41772.5142  ANGLE   =      334.4152  DIHED      =      948.4911
 VDWAALS =    51728.6488  EEL     =  -310625.9329  HBOND      =        0.0000
 1-4 VDW =      717.0139  1-4 EEL =     8913.3558  RESTRAINT  =        7.2191
 EAMBER  =  -206211.4938


   NSTEP       ENERGY          RMS            GMAX         NAME    NUMBER
   3950      -2.0620E+05     7.5455E-01     1.8383E+02     O       32815

 BOND    =    41772.5658  ANGLE   =      334.4153  DIHED      =      948.4911
 VDWAALS =    51728.5367  EEL     =  -310619.9527  HBOND      =        0.0000
 1-4 VDW =      717.0139  1-4 EEL =     8913.3556  RESTRAINT  =        7.2191
 EAMBER  =  -206205.5743


   NSTEP       ENERGY          RMS            GMAX         NAME    NUMBER
   4000      -2.0619E+05     7.4841E-01     1.8231E+02     O       32815

 BOND    =    41772.6318  ANGLE   =      334.4154  DIHED      =      948.4911
 VDWAALS =    51728.3926  EEL     =  -310612.2854  HBOND      =        0.0000
 1-4 VDW =      717.0138  1-4 EEL =     8913.3555  RESTRAINT  =        7.2191
 EAMBER  =  -206197.9851


   NSTEP       ENERGY          RMS            GMAX         NAME    NUMBER
   4050      -2.0618E+05     7.4365E-01     1.8114E+02     O       32815

 BOND    =    41772.6834  ANGLE   =      334.4154  DIHED      =      948.4912
 VDWAALS =    51728.2805  EEL     =  -310606.3943  HBOND      =        0.0000
 1-4 VDW =      717.0138  1-4 EEL =     8913.3553  RESTRAINT  =        7.2190
 EAMBER  =  -206192.1546

     .... RESTARTED DUE TO LINMIN FAILURE ...


   NSTEP       ENERGY          RMS            GMAX         NAME    NUMBER
   4100      -2.0618E+05     7.3811E-01     1.7977E+02     O       32815

 BOND    =    41772.7433  ANGLE   =      334.4155  DIHED      =      948.4912
 VDWAALS =    51728.1504  EEL     =  -310599.4962  HBOND      =        0.0000
 1-4 VDW =      717.0137  1-4 EEL =     8913.3552  RESTRAINT  =        7.2190
 EAMBER  =  -206185.3269


   NSTEP       ENERGY          RMS            GMAX         NAME    NUMBER
   4150      -2.0617E+05     7.3410E-01     1.7877E+02     O       32815

 BOND    =    41772.7866  ANGLE   =      334.4155  DIHED      =      948.4912
 VDWAALS =    51728.0561  EEL     =  -310594.5034  HBOND      =        0.0000
 1-4 VDW =      717.0137  1-4 EEL =     8913.3551  RESTRAINT  =        7.2190
 EAMBER  =  -206180.3851


   NSTEP       ENERGY          RMS            GMAX         NAME    NUMBER
   4200      -2.0617E+05     7.2930E-01     1.7759E+02     O       32815

 BOND    =    41772.8382  ANGLE   =      334.4156  DIHED      =      948.4911
 VDWAALS =    51727.9436  EEL     =  -310588.5389  HBOND      =        0.0000
 1-4 VDW =      717.0136  1-4 EEL =     8913.3550  RESTRAINT  =        7.2190
 EAMBER  =  -206174.4818


   NSTEP       ENERGY          RMS            GMAX         NAME    NUMBER
   4250      -2.0616E+05     7.2452E-01     1.7640E+02     O       32815

 BOND    =    41772.8898  ANGLE   =      334.4157  DIHED      =      948.4912
 VDWAALS =    51727.8306  EEL     =  -310582.6578  HBOND      =        0.0000
 1-4 VDW =      717.0136  1-4 EEL =     8913.3549  RESTRAINT  =        7.2189
 EAMBER  =  -206168.6621


   NSTEP       ENERGY          RMS            GMAX         NAME    NUMBER
   4300      -2.0616E+05     7.1978E-01     1.7523E+02     O       32815

 BOND    =    41772.9413  ANGLE   =      334.4157  DIHED      =      948.4912
 VDWAALS =    51727.7201  EEL     =  -310576.7355  HBOND      =        0.0000
 1-4 VDW =      717.0136  1-4 EEL =     8913.3547  RESTRAINT  =        7.2189
 EAMBER  =  -206162.7988


   NSTEP       ENERGY          RMS            GMAX         NAME    NUMBER
   4350      -2.0615E+05     7.1366E-01     1.7372E+02     O       32815

 BOND    =    41773.0073  ANGLE   =      334.4158  DIHED      =      948.4912
 VDWAALS =    51727.5766  EEL     =  -310569.1245  HBOND      =        0.0000
 1-4 VDW =      717.0135  1-4 EEL =     8913.3545  RESTRAINT  =        7.2189
 EAMBER  =  -206155.2656


   NSTEP       ENERGY          RMS            GMAX         NAME    NUMBER
   4400      -2.0614E+05     7.0892E-01     1.7254E+02     O       32815

 BOND    =    41773.0588  ANGLE   =      334.4159  DIHED      =      948.4912
 VDWAALS =    51727.4653  EEL     =  -310563.2827  HBOND      =        0.0000
 1-4 VDW =      717.0134  1-4 EEL =     8913.3544  RESTRAINT  =        7.2189
 EAMBER  =  -206149.4837


   NSTEP       ENERGY          RMS            GMAX         NAME    NUMBER
   4450      -2.0614E+05     7.0415E-01     1.7136E+02     O       32815

 BOND    =    41773.1103  ANGLE   =      334.4159  DIHED      =      948.4912
 VDWAALS =    51727.3531  EEL     =  -310557.4043  HBOND      =        0.0000
 1-4 VDW =      717.0134  1-4 EEL =     8913.3543  RESTRAINT  =        7.2188
 EAMBER  =  -206143.6660


   NSTEP       ENERGY          RMS            GMAX         NAME    NUMBER
   4500      -2.0613E+05     6.9942E-01     1.7019E+02     O       32815

 BOND    =    41773.1618  ANGLE   =      334.4160  DIHED      =      948.4912
 VDWAALS =    51727.2434  EEL     =  -310551.4982  HBOND      =        0.0000
 1-4 VDW =      717.0133  1-4 EEL =     8913.3542  RESTRAINT  =        7.2188
 EAMBER  =  -206137.8183


   NSTEP       ENERGY          RMS            GMAX         NAME    NUMBER
   4550      -2.0612E+05     6.9465E-01     1.6901E+02     O       32815

 BOND    =    41773.2133  ANGLE   =      334.4161  DIHED      =      948.4912
 VDWAALS =    51727.1312  EEL     =  -310545.6205  HBOND      =        0.0000
 1-4 VDW =      717.0133  1-4 EEL =     8913.3540  RESTRAINT  =        7.2188
 EAMBER  =  -206132.0015


   NSTEP       ENERGY          RMS            GMAX         NAME    NUMBER
   4600      -2.0612E+05     6.8986E-01     1.6783E+02     O       32815

 BOND    =    41773.2648  ANGLE   =      334.4161  DIHED      =      948.4912
 VDWAALS =    51727.0187  EEL     =  -310539.7310  HBOND      =        0.0000
 1-4 VDW =      717.0132  1-4 EEL =     8913.3539  RESTRAINT  =        7.2188
 EAMBER  =  -206126.1731


   NSTEP       ENERGY          RMS            GMAX         NAME    NUMBER
   4650      -2.0611E+05     6.8511E-01     1.6665E+02     O       32815

 BOND    =    41773.3163  ANGLE   =      334.4162  DIHED      =      948.4912
 VDWAALS =    51726.9069  EEL     =  -310533.8570  HBOND      =        0.0000
 1-4 VDW =      717.0132  1-4 EEL =     8913.3538  RESTRAINT  =        7.2187
 EAMBER  =  -206120.3595


   NSTEP       ENERGY          RMS            GMAX         NAME    NUMBER
   4700      -2.0611E+05     6.8037E-01     1.6547E+02     O       32815

 BOND    =    41773.3677  ANGLE   =      334.4163  DIHED      =      948.4911
 VDWAALS =    51726.7953  EEL     =  -310528.0472  HBOND      =        0.0000
 1-4 VDW =      717.0131  1-4 EEL =     8913.3536  RESTRAINT  =        7.2187
 EAMBER  =  -206114.6100


   NSTEP       ENERGY          RMS            GMAX         NAME    NUMBER
   4750      -2.0610E+05     6.7565E-01     1.6431E+02     O       32815

 BOND    =    41773.4192  ANGLE   =      334.4163  DIHED      =      948.4912
 VDWAALS =    51726.6850  EEL     =  -310522.2487  HBOND      =        0.0000
 1-4 VDW =      717.0131  1-4 EEL =     8913.3534  RESTRAINT  =        7.2187
 EAMBER  =  -206108.8705


   NSTEP       ENERGY          RMS            GMAX         NAME    NUMBER
   4800      -2.0610E+05     6.7088E-01     1.6312E+02     O       32815

 BOND    =    41773.4706  ANGLE   =      334.4164  DIHED      =      948.4912
 VDWAALS =    51726.5735  EEL     =  -310516.3339  HBOND      =        0.0000
 1-4 VDW =      717.0130  1-4 EEL =     8913.3533  RESTRAINT  =        7.2187
 EAMBER  =  -206103.0160


   NSTEP       ENERGY          RMS            GMAX         NAME    NUMBER
   4850      -2.0609E+05     6.6614E-01     1.6195E+02     O       32815

 BOND    =    41773.5220  ANGLE   =      334.4165  DIHED      =      948.4912
 VDWAALS =    51726.4615  EEL     =  -310510.5496  HBOND      =        0.0000
 1-4 VDW =      717.0130  1-4 EEL =     8913.3531  RESTRAINT  =        7.2186
 EAMBER  =  -206097.2923


   NSTEP       ENERGY          RMS            GMAX         NAME    NUMBER
   4900      -2.0608E+05     6.6141E-01     1.6078E+02     O       32815

 BOND    =    41773.5734  ANGLE   =      334.4165  DIHED      =      948.4912
 VDWAALS =    51726.3512  EEL     =  -310504.6856  HBOND      =        0.0000
 1-4 VDW =      717.0129  1-4 EEL =     8913.3530  RESTRAINT  =        7.2186
 EAMBER  =  -206091.4873


   NSTEP       ENERGY          RMS            GMAX         NAME    NUMBER
   4950      -2.0608E+05     6.5664E-01     1.5960E+02     O       32815

 BOND    =    41773.6248  ANGLE   =      334.4166  DIHED      =      948.4912
 VDWAALS =    51726.2397  EEL     =  -310498.8153  HBOND      =        0.0000
 1-4 VDW =      717.0128  1-4 EEL =     8913.3529  RESTRAINT  =        7.2186
 EAMBER  =  -206085.6772


   NSTEP       ENERGY          RMS            GMAX         NAME    NUMBER
   5000      -2.0607E+05     6.5194E-01     1.5843E+02     O       32815

 BOND    =    41773.6762  ANGLE   =      334.4167  DIHED      =      948.4913
 VDWAALS =    51726.1294  EEL     =  -310493.0638  HBOND      =        0.0000
 1-4 VDW =      717.0128  1-4 EEL =     8913.3528  RESTRAINT  =        7.2186
 EAMBER  =  -206079.9847


   NSTEP       ENERGY          RMS            GMAX         NAME    NUMBER
   5050      -2.0607E+05     6.4722E-01     1.5726E+02     O       32815

 BOND    =    41773.7276  ANGLE   =      334.4167  DIHED      =      948.4913
 VDWAALS =    51726.0185  EEL     =  -310487.2865  HBOND      =        0.0000
 1-4 VDW =      717.0127  1-4 EEL =     8913.3526  RESTRAINT  =        7.2185
 EAMBER  =  -206074.2670


   NSTEP       ENERGY          RMS            GMAX         NAME    NUMBER
   5100      -2.0606E+05     6.4245E-01     1.5608E+02     O       32815

 BOND    =    41773.7790  ANGLE   =      334.4168  DIHED      =      948.4913
 VDWAALS =    51725.9067  EEL     =  -310481.4364  HBOND      =        0.0000
 1-4 VDW =      717.0127  1-4 EEL =     8913.3524  RESTRAINT  =        7.2185
 EAMBER  =  -206068.4775


   NSTEP       ENERGY          RMS            GMAX         NAME    NUMBER
   5150      -2.0606E+05     6.3774E-01     1.5491E+02     O       32815

 BOND    =    41773.8303  ANGLE   =      334.4169  DIHED      =      948.4914
 VDWAALS =    51725.7958  EEL     =  -310475.6871  HBOND      =        0.0000
 1-4 VDW =      717.0126  1-4 EEL =     8913.3523  RESTRAINT  =        7.2185
 EAMBER  =  -206062.7879


   NSTEP       ENERGY          RMS            GMAX         NAME    NUMBER
   5200      -2.0605E+05     6.3303E-01     1.5374E+02     O       32815

 BOND    =    41773.8816  ANGLE   =      334.4169  DIHED      =      948.4914
 VDWAALS =    51725.6856  EEL     =  -310469.9339  HBOND      =        0.0000
 1-4 VDW =      717.0126  1-4 EEL =     8913.3521  RESTRAINT  =        7.2185
 EAMBER  =  -206057.0936


   NSTEP       ENERGY          RMS            GMAX         NAME    NUMBER
   5250      -2.0604E+05     6.2830E-01     1.5257E+02     O       32815

 BOND    =    41773.9330  ANGLE   =      334.4170  DIHED      =      948.4913
 VDWAALS =    51725.5748  EEL     =  -310464.1434  HBOND      =        0.0000
 1-4 VDW =      717.0125  1-4 EEL =     8913.3520  RESTRAINT  =        7.2184
 EAMBER  =  -206051.3627


   NSTEP       ENERGY          RMS            GMAX         NAME    NUMBER
   5300      -2.0604E+05     6.2357E-01     1.5140E+02     O       32815

 BOND    =    41773.9843  ANGLE   =      334.4171  DIHED      =      948.4913
 VDWAALS =    51725.4636  EEL     =  -310458.3842  HBOND      =        0.0000
 1-4 VDW =      717.0125  1-4 EEL =     8913.3518  RESTRAINT  =        7.2184
 EAMBER  =  -206045.6637


   NSTEP       ENERGY          RMS            GMAX         NAME    NUMBER
   5350      -2.0603E+05     6.1883E-01     1.5022E+02     O       32815

 BOND    =    41774.0356  ANGLE   =      334.4172  DIHED      =      948.4914
 VDWAALS =    51725.3522  EEL     =  -310452.6444  HBOND      =        0.0000
 1-4 VDW =      717.0124  1-4 EEL =     8913.3517  RESTRAINT  =        7.2184
 EAMBER  =  -206039.9841


   NSTEP       ENERGY          RMS            GMAX         NAME    NUMBER
   5400      -2.0603E+05     6.1414E-01     1.4906E+02     O       32815

 BOND    =    41774.0868  ANGLE   =      334.4172  DIHED      =      948.4913
 VDWAALS =    51725.2427  EEL     =  -310446.8543  HBOND      =        0.0000
 1-4 VDW =      717.0124  1-4 EEL =     8913.3515  RESTRAINT  =        7.2184
 EAMBER  =  -206034.2523


   NSTEP       ENERGY          RMS            GMAX         NAME    NUMBER
   5450      -2.0602E+05     6.0943E-01     1.4789E+02     O       32815

 BOND    =    41774.1381  ANGLE   =      334.4173  DIHED      =      948.4913
 VDWAALS =    51725.1319  EEL     =  -310441.1485  HBOND      =        0.0000
 1-4 VDW =      717.0123  1-4 EEL =     8913.3513  RESTRAINT  =        7.2183
 EAMBER  =  -206028.6062


   NSTEP       ENERGY          RMS            GMAX         NAME    NUMBER
   5500      -2.0602E+05     6.0472E-01     1.4672E+02     O       32815

 BOND    =    41774.1893  ANGLE   =      334.4174  DIHED      =      948.4914
 VDWAALS =    51725.0212  EEL     =  -310435.4296  HBOND      =        0.0000
 1-4 VDW =      717.0123  1-4 EEL =     8913.3512  RESTRAINT  =        7.2183
 EAMBER  =  -206022.9470


   NSTEP       ENERGY          RMS            GMAX         NAME    NUMBER
   5550      -2.0601E+05     6.0004E-01     1.4556E+02     O       32815

 BOND    =    41774.2406  ANGLE   =      334.4174  DIHED      =      948.4913
 VDWAALS =    51724.9122  EEL     =  -310429.6785  HBOND      =        0.0000
 1-4 VDW =      717.0122  1-4 EEL =     8913.3510  RESTRAINT  =        7.2183
 EAMBER  =  -206017.2538


   NSTEP       ENERGY          RMS            GMAX         NAME    NUMBER
   5600      -2.0600E+05     5.9529E-01     1.4438E+02     O       32815

 BOND    =    41774.2918  ANGLE   =      334.4175  DIHED      =      948.4914
 VDWAALS =    51724.8014  EEL     =  -310423.8750  HBOND      =        0.0000
 1-4 VDW =      717.0121  1-4 EEL =     8913.3509  RESTRAINT  =        7.2183
 EAMBER  =  -206011.5099


   NSTEP       ENERGY          RMS            GMAX         NAME    NUMBER
   5650      -2.0600E+05     5.9058E-01     1.4321E+02     O       32815

 BOND    =    41774.3430  ANGLE   =      334.4176  DIHED      =      948.4914
 VDWAALS =    51724.6906  EEL     =  -310418.1983  HBOND      =        0.0000
 1-4 VDW =      717.0121  1-4 EEL =     8913.3507  RESTRAINT  =        7.2183
 EAMBER  =  -206005.8930


   NSTEP       ENERGY          RMS            GMAX         NAME    NUMBER
   5700      -2.0599E+05     5.8589E-01     1.4205E+02     O       32815

 BOND    =    41774.3942  ANGLE   =      334.4177  DIHED      =      948.4912
 VDWAALS =    51724.5817  EEL     =  -310412.4266  HBOND      =        0.0000
 1-4 VDW =      717.0120  1-4 EEL =     8913.3506  RESTRAINT  =        7.2182
 EAMBER  =  -206000.1793

     .... RESTARTED DUE TO LINMIN FAILURE ...


   NSTEP       ENERGY          RMS            GMAX         NAME    NUMBER
   5750      -2.0599E+05     5.8120E-01     1.4088E+02     O       32815

 BOND    =    41774.4453  ANGLE   =      334.4177  DIHED      =      948.4914
 VDWAALS =    51724.4707  EEL     =  -310406.7787  HBOND      =        0.0000
 1-4 VDW =      717.0119  1-4 EEL =     8913.3503  RESTRAINT  =        7.2182
 EAMBER  =  -205994.5914


   NSTEP       ENERGY          RMS            GMAX         NAME    NUMBER
   5800      -2.0598E+05     5.7653E-01     1.3972E+02     O       32815

 BOND    =    41774.4965  ANGLE   =      334.4178  DIHED      =      948.4913
 VDWAALS =    51724.3609  EEL     =  -310401.1518  HBOND      =        0.0000
 1-4 VDW =      717.0119  1-4 EEL =     8913.3502  RESTRAINT  =        7.2182
 EAMBER  =  -205989.0234


   NSTEP       ENERGY          RMS            GMAX         NAME    NUMBER
   5850      -2.0597E+05     5.7050E-01     1.3823E+02     O       32815

 BOND    =    41774.5619  ANGLE   =      334.4179  DIHED      =      948.4913
 VDWAALS =    51724.2201  EEL     =  -310393.8209  HBOND      =        0.0000
 1-4 VDW =      717.0118  1-4 EEL =     8913.3500  RESTRAINT  =        7.2182
 EAMBER  =  -205981.7678


   NSTEP       ENERGY          RMS            GMAX         NAME    NUMBER
   5900      -2.0597E+05     5.6585E-01     1.3707E+02     O       32815

 BOND    =    41774.6130  ANGLE   =      334.4180  DIHED      =      948.4912
 VDWAALS =    51724.1123  EEL     =  -310388.1158  HBOND      =        0.0000
 1-4 VDW =      717.0118  1-4 EEL =     8913.3498  RESTRAINT  =        7.2181
 EAMBER  =  -205976.1197


   NSTEP       ENERGY          RMS            GMAX         NAME    NUMBER
   5950      -2.0596E+05     5.6116E-01     1.3590E+02     O       32815

 BOND    =    41774.6641  ANGLE   =      334.4181  DIHED      =      948.4913
 VDWAALS =    51724.0021  EEL     =  -310382.4602  HBOND      =        0.0000
 1-4 VDW =      717.0117  1-4 EEL =     8913.3496  RESTRAINT  =        7.2181
 EAMBER  =  -205970.5232


   NSTEP       ENERGY          RMS            GMAX         NAME    NUMBER
   6000      -2.0596E+05     5.5644E-01     1.3473E+02     O       32815

 BOND    =    41774.7152  ANGLE   =      334.4182  DIHED      =      948.4914
 VDWAALS =    51723.8913  EEL     =  -310376.7758  HBOND      =        0.0000
 1-4 VDW =      717.0116  1-4 EEL =     8913.3495  RESTRAINT  =        7.2181
 EAMBER  =  -205964.8988


   NSTEP       ENERGY          RMS            GMAX         NAME    NUMBER
   6050      -2.0595E+05     5.5178E-01     1.3357E+02     O       32815

 BOND    =    41774.7662  ANGLE   =      334.4182  DIHED      =      948.4914
 VDWAALS =    51723.7821  EEL     =  -310371.1339  HBOND      =        0.0000
 1-4 VDW =      717.0116  1-4 EEL =     8913.3493  RESTRAINT  =        7.2181
 EAMBER  =  -205959.3151


   NSTEP       ENERGY          RMS            GMAX         NAME    NUMBER
   6100      -2.0595E+05     5.4713E-01     1.3241E+02     O       32815

 BOND    =    41774.8173  ANGLE   =      334.4183  DIHED      =      948.4914
 VDWAALS =    51723.6731  EEL     =  -310365.5379  HBOND      =        0.0000
 1-4 VDW =      717.0115  1-4 EEL =     8913.3491  RESTRAINT  =        7.2180
 EAMBER  =  -205953.7772


   NSTEP       ENERGY          RMS            GMAX         NAME    NUMBER
   6150      -2.0594E+05     5.4114E-01     1.3092E+02     O       32815

 BOND    =    41774.8826  ANGLE   =      334.4184  DIHED      =      948.4913
 VDWAALS =    51723.5322  EEL     =  -310358.3348  HBOND      =        0.0000
 1-4 VDW =      717.0114  1-4 EEL =     8913.3489  RESTRAINT  =        7.2180
 EAMBER  =  -205946.6500


   NSTEP       ENERGY          RMS            GMAX         NAME    NUMBER
   6200      -2.0593E+05     5.3650E-01     1.2977E+02     O       32815

 BOND    =    41774.9335  ANGLE   =      334.4185  DIHED      =      948.4913
 VDWAALS =    51723.4247  EEL     =  -310352.6520  HBOND      =        0.0000
 1-4 VDW =      717.0113  1-4 EEL =     8913.3487  RESTRAINT  =        7.2180
 EAMBER  =  -205941.0239


   NSTEP       ENERGY          RMS            GMAX         NAME    NUMBER
   6250      -2.0593E+05     5.3181E-01     1.2860E+02     O       32815

 BOND    =    41774.9845  ANGLE   =      334.4186  DIHED      =      948.4914
 VDWAALS =    51723.3143  EEL     =  -310347.0607  HBOND      =        0.0000
 1-4 VDW =      717.0113  1-4 EEL =     8913.3485  RESTRAINT  =        7.2180
 EAMBER  =  -205935.4921


   NSTEP       ENERGY          RMS            GMAX         NAME    NUMBER
   6300      -2.0592E+05     5.2720E-01     1.2745E+02     O       32815

 BOND    =    41775.0355  ANGLE   =      334.4187  DIHED      =      948.4913
 VDWAALS =    51723.2057  EEL     =  -310341.5318  HBOND      =        0.0000
 1-4 VDW =      717.0112  1-4 EEL =     8913.3484  RESTRAINT  =        7.2179
 EAMBER  =  -205930.0213


   NSTEP       ENERGY          RMS            GMAX         NAME    NUMBER
   6350      -2.0592E+05     5.2252E-01     1.2628E+02     O       32815

 BOND    =    41775.0864  ANGLE   =      334.4188  DIHED      =      948.4913
 VDWAALS =    51723.0967  EEL     =  -310335.8582  HBOND      =        0.0000
 1-4 VDW =      717.0111  1-4 EEL =     8913.3483  RESTRAINT  =        7.2179
 EAMBER  =  -205924.4057


   NSTEP       ENERGY          RMS            GMAX         NAME    NUMBER
   6400      -2.0591E+05     5.1789E-01     1.2513E+02     O       32815

 BOND    =    41775.1373  ANGLE   =      334.4188  DIHED      =      948.4914
 VDWAALS =    51722.9881  EEL     =  -310330.3039  HBOND      =        0.0000
 1-4 VDW =      717.0111  1-4 EEL =     8913.3481  RESTRAINT  =        7.2179
 EAMBER  =  -205918.9093


   NSTEP       ENERGY          RMS            GMAX         NAME    NUMBER
   6450      -2.0591E+05     5.1323E-01     1.2397E+02     O       32815

 BOND    =    41775.1882  ANGLE   =      334.4189  DIHED      =      948.4914
 VDWAALS =    51722.8783  EEL     =  -310324.7081  HBOND      =        0.0000
 1-4 VDW =      717.0110  1-4 EEL =     8913.3478  RESTRAINT  =        7.2179
 EAMBER  =  -205913.3725


   NSTEP       ENERGY          RMS            GMAX         NAME    NUMBER
   6500      -2.0590E+05     5.0859E-01     1.2281E+02     O       32815

 BOND    =    41775.2390  ANGLE   =      334.4190  DIHED      =      948.4915
 VDWAALS =    51722.7705  EEL     =  -310319.0584  HBOND      =        0.0000
 1-4 VDW =      717.0109  1-4 EEL =     8913.3476  RESTRAINT  =        7.2179
 EAMBER  =  -205907.7798


   NSTEP       ENERGY          RMS            GMAX         NAME    NUMBER
   6550      -2.0590E+05     5.0394E-01     1.2165E+02     O       32815

 BOND    =    41775.2899  ANGLE   =      334.4191  DIHED      =      948.4914
 VDWAALS =    51722.6613  EEL     =  -310313.5101  HBOND      =        0.0000
 1-4 VDW =      717.0108  1-4 EEL =     8913.3474  RESTRAINT  =        7.2178
 EAMBER  =  -205902.2902


   NSTEP       ENERGY          RMS            GMAX         NAME    NUMBER
   6600      -2.0589E+05     4.9933E-01     1.2050E+02     O       32815

 BOND    =    41775.3407  ANGLE   =      334.4192  DIHED      =      948.4912
 VDWAALS =    51722.5531  EEL     =  -310308.0304  HBOND      =        0.0000
 1-4 VDW =      717.0108  1-4 EEL =     8913.3472  RESTRAINT  =        7.2178
 EAMBER  =  -205896.8683


   NSTEP       ENERGY          RMS            GMAX         NAME    NUMBER
   6650      -2.0588E+05     4.9466E-01     1.1934E+02     O       32815

 BOND    =    41775.3915  ANGLE   =      334.4193  DIHED      =      948.4913
 VDWAALS =    51722.4436  EEL     =  -310302.4020  HBOND      =        0.0000
 1-4 VDW =      717.0107  1-4 EEL =     8913.3470  RESTRAINT  =        7.2178
 EAMBER  =  -205891.2987


   NSTEP       ENERGY          RMS            GMAX         NAME    NUMBER
   6700      -2.0588E+05     4.9006E-01     1.1819E+02     O       32815

 BOND    =    41775.4422  ANGLE   =      334.4194  DIHED      =      948.4913
 VDWAALS =    51722.3357  EEL     =  -310296.8858  HBOND      =        0.0000
 1-4 VDW =      717.0106  1-4 EEL =     8913.3468  RESTRAINT  =        7.2178
 EAMBER  =  -205885.8399


   NSTEP       ENERGY          RMS            GMAX         NAME    NUMBER
   6750      -2.0587E+05     4.8542E-01     1.1703E+02     O       32815

 BOND    =    41775.4930  ANGLE   =      334.4195  DIHED      =      948.4914
 VDWAALS =    51722.2273  EEL     =  -310291.3043  HBOND      =        0.0000
 1-4 VDW =      717.0106  1-4 EEL =     8913.3467  RESTRAINT  =        7.2178
 EAMBER  =  -205880.3159


   NSTEP       ENERGY          RMS            GMAX         NAME    NUMBER
   6800      -2.0587E+05     4.8081E-01     1.1588E+02     O       32815

 BOND    =    41775.5437  ANGLE   =      334.4196  DIHED      =      948.4915
 VDWAALS =    51722.1193  EEL     =  -310285.7614  HBOND      =        0.0000
 1-4 VDW =      717.0105  1-4 EEL =     8913.3465  RESTRAINT  =        7.2177
 EAMBER  =  -205874.8304


   NSTEP       ENERGY          RMS            GMAX         NAME    NUMBER
   6850      -2.0586E+05     4.7491E-01     1.1440E+02     O       32815

 BOND    =    41775.6086  ANGLE   =      334.4197  DIHED      =      948.4913
 VDWAALS =    51721.9803  EEL     =  -310278.7175  HBOND      =        0.0000
 1-4 VDW =      717.0104  1-4 EEL =     8913.3462  RESTRAINT  =        7.2177
 EAMBER  =  -205867.8611


   NSTEP       ENERGY          RMS            GMAX         NAME    NUMBER
   6900      -2.0586E+05     4.7032E-01     1.1326E+02     O       32815

 BOND    =    41775.6592  ANGLE   =      334.4198  DIHED      =      948.4913
 VDWAALS =    51721.8733  EEL     =  -310273.2083  HBOND      =        0.0000
 1-4 VDW =      717.0103  1-4 EEL =     8913.3459  RESTRAINT  =        7.2177
 EAMBER  =  -205862.4085


   NSTEP       ENERGY          RMS            GMAX         NAME    NUMBER
   6950      -2.0585E+05     4.6569E-01     1.1210E+02     O       32815

 BOND    =    41775.7098  ANGLE   =      334.4199  DIHED      =      948.4914
 VDWAALS =    51721.7648  EEL     =  -310267.6420  HBOND      =        0.0000
 1-4 VDW =      717.0103  1-4 EEL =     8913.3458  RESTRAINT  =        7.2177
 EAMBER  =  -205856.9001


   NSTEP       ENERGY          RMS            GMAX         NAME    NUMBER
   7000      -2.0584E+05     4.6107E-01     1.1095E+02     O       32815

 BOND    =    41775.7604  ANGLE   =      334.4200  DIHED      =      948.4915
 VDWAALS =    51721.6565  EEL     =  -310262.1262  HBOND      =        0.0000
 1-4 VDW =      717.0101  1-4 EEL =     8913.3456  RESTRAINT  =        7.2177
 EAMBER  =  -205851.4421


   NSTEP       ENERGY          RMS            GMAX         NAME    NUMBER
   7050      -2.0584E+05     4.5652E-01     1.0981E+02     O       32815

 BOND    =    41775.8110  ANGLE   =      334.4200  DIHED      =      948.4914
 VDWAALS =    51721.5495  EEL     =  -310256.6972  HBOND      =        0.0000
 1-4 VDW =      717.0101  1-4 EEL =     8913.3453  RESTRAINT  =        7.2176
 EAMBER  =  -205846.0699


   NSTEP       ENERGY          RMS            GMAX         NAME    NUMBER
   7100      -2.0583E+05     4.5190E-01     1.0865E+02     O       32815

 BOND    =    41775.8615  ANGLE   =      334.4201  DIHED      =      948.4913
 VDWAALS =    51721.4415  EEL     =  -310251.1429  HBOND      =        0.0000
 1-4 VDW =      717.0100  1-4 EEL =     8913.3451  RESTRAINT  =        7.2176
 EAMBER  =  -205840.5733


   NSTEP       ENERGY          RMS            GMAX         NAME    NUMBER
   7150      -2.0583E+05     4.4733E-01     1.0750E+02     O       32815

 BOND    =    41775.9120  ANGLE   =      334.4202  DIHED      =      948.4913
 VDWAALS =    51721.3334  EEL     =  -310245.7518  HBOND      =        0.0000
 1-4 VDW =      717.0099  1-4 EEL =     8913.3449  RESTRAINT  =        7.2176
 EAMBER  =  -205835.2400


   NSTEP       ENERGY          RMS            GMAX         NAME    NUMBER
   7200      -2.0582E+05     4.4276E-01     1.0636E+02     O       32815

 BOND    =    41775.9625  ANGLE   =      334.4203  DIHED      =      948.4914
 VDWAALS =    51721.2267  EEL     =  -310240.2887  HBOND      =        0.0000
 1-4 VDW =      717.0099  1-4 EEL =     8913.3446  RESTRAINT  =        7.2176
 EAMBER  =  -205829.8333


   NSTEP       ENERGY          RMS            GMAX         NAME    NUMBER
   7250      -2.0582E+05     4.3816E-01     1.0521E+02     O       32815

 BOND    =    41776.0129  ANGLE   =      334.4204  DIHED      =      948.4913
 VDWAALS =    51721.1193  EEL     =  -310234.7404  HBOND      =        0.0000
 1-4 VDW =      717.0098  1-4 EEL =     8913.3444  RESTRAINT  =        7.2176
 EAMBER  =  -205824.3422


   NSTEP       ENERGY          RMS            GMAX         NAME    NUMBER
   7300      -2.0581E+05     4.3362E-01     1.0407E+02     O       32815

 BOND    =    41776.0633  ANGLE   =      334.4205  DIHED      =      948.4914
 VDWAALS =    51721.0124  EEL     =  -310229.3510  HBOND      =        0.0000
 1-4 VDW =      717.0097  1-4 EEL =     8913.3442  RESTRAINT  =        7.2175
 EAMBER  =  -205819.0093


   NSTEP       ENERGY          RMS            GMAX         NAME    NUMBER
   7350      -2.0581E+05     4.2902E-01     1.0291E+02     O       32815

 BOND    =    41776.1137  ANGLE   =      334.4206  DIHED      =      948.4914
 VDWAALS =    51720.9035  EEL     =  -310223.8780  HBOND      =        0.0000
 1-4 VDW =      717.0096  1-4 EEL =     8913.3440  RESTRAINT  =        7.2175
 EAMBER  =  -205813.5950


   NSTEP       ENERGY          RMS            GMAX         NAME    NUMBER
   7400      -2.0580E+05     4.2448E-01     1.0178E+02     O       32815

 BOND    =    41776.1640  ANGLE   =      334.4208  DIHED      =      948.4915
 VDWAALS =    51720.7969  EEL     =  -310218.4827  HBOND      =        0.0000
 1-4 VDW =      717.0095  1-4 EEL =     8913.3438  RESTRAINT  =        7.2175
 EAMBER  =  -205808.2561


   NSTEP       ENERGY          RMS            GMAX         NAME    NUMBER
   7450      -2.0580E+05     4.1991E-01     1.0063E+02     O       32815

 BOND    =    41776.2143  ANGLE   =      334.4209  DIHED      =      948.4914
 VDWAALS =    51720.6898  EEL     =  -310213.0185  HBOND      =        0.0000
 1-4 VDW =      717.0094  1-4 EEL =     8913.3436  RESTRAINT  =        7.2175
 EAMBER  =  -205802.8492


   NSTEP       ENERGY          RMS            GMAX         NAME    NUMBER
   7500      -2.0579E+05     4.1540E-01     9.9493E+01     O       32815

 BOND    =    41776.2646  ANGLE   =      334.4210  DIHED      =      948.4914
 VDWAALS =    51720.5838  EEL     =  -310207.6442  HBOND      =        0.0000
 1-4 VDW =      717.0094  1-4 EEL =     8913.3434  RESTRAINT  =        7.2175
 EAMBER  =  -205797.5307


   NSTEP       ENERGY          RMS            GMAX         NAME    NUMBER
   7550      -2.0578E+05     4.1083E-01     9.8348E+01     O       32815

 BOND    =    41776.3148  ANGLE   =      334.4211  DIHED      =      948.4914
 VDWAALS =    51720.4773  EEL     =  -310202.1386  HBOND      =        0.0000
 1-4 VDW =      717.0093  1-4 EEL =     8913.3431  RESTRAINT  =        7.2174
 EAMBER  =  -205792.0816


   NSTEP       ENERGY          RMS            GMAX         NAME    NUMBER
   7600      -2.0578E+05     4.0632E-01     9.7210E+01     O       32815

 BOND    =    41776.3650  ANGLE   =      334.4212  DIHED      =      948.4914
 VDWAALS =    51720.3711  EEL     =  -310196.7846  HBOND      =        0.0000
 1-4 VDW =      717.0092  1-4 EEL =     8913.3429  RESTRAINT  =        7.2174
 EAMBER  =  -205786.7839


   NSTEP       ENERGY          RMS            GMAX         NAME    NUMBER
   7650      -2.0577E+05     4.0179E-01     9.6071E+01     O       32815

 BOND    =    41776.4152  ANGLE   =      334.4213  DIHED      =      948.4913
 VDWAALS =    51720.2648  EEL     =  -310191.3865  HBOND      =        0.0000
 1-4 VDW =      717.0091  1-4 EEL =     8913.3427  RESTRAINT  =        7.2174
 EAMBER  =  -205781.4422


   NSTEP       ENERGY          RMS            GMAX         NAME    NUMBER
   7700      -2.0577E+05     3.9728E-01     9.4930E+01     O       32815

 BOND    =    41776.4653  ANGLE   =      334.4214  DIHED      =      948.4915
 VDWAALS =    51720.1585  EEL     =  -310186.0124  HBOND      =        0.0000
 1-4 VDW =      717.0090  1-4 EEL =     8913.3424  RESTRAINT  =        7.2174
 EAMBER  =  -205776.1243


   NSTEP       ENERGY          RMS            GMAX         NAME    NUMBER
   7750      -2.0576E+05     3.9276E-01     9.3796E+01     O       32815

 BOND    =    41776.5153  ANGLE   =      334.4215  DIHED      =      948.4916
 VDWAALS =    51720.0519  EEL     =  -310180.6633  HBOND      =        0.0000
 1-4 VDW =      717.0089  1-4 EEL =     8913.3422  RESTRAINT  =        7.2174
 EAMBER  =  -205770.8318


   NSTEP       ENERGY          RMS            GMAX         NAME    NUMBER
   7800      -2.0576E+05     3.8824E-01     9.2657E+01     O       32815

 BOND    =    41776.5653  ANGLE   =      334.4216  DIHED      =      948.4916
 VDWAALS =    51719.9452  EEL     =  -310175.2813  HBOND      =        0.0000
 1-4 VDW =      717.0089  1-4 EEL =     8913.3419  RESTRAINT  =        7.2173
 EAMBER  =  -205765.5067


   NSTEP       ENERGY          RMS            GMAX         NAME    NUMBER
   7850      -2.0575E+05     3.8378E-01     9.1528E+01     O       32815

 BOND    =    41776.6153  ANGLE   =      334.4217  DIHED      =      948.4915
 VDWAALS =    51719.8402  EEL     =  -310169.9900  HBOND      =        0.0000
 1-4 VDW =      717.0088  1-4 EEL =     8913.3417  RESTRAINT  =        7.2173
 EAMBER  =  -205760.2709


   NSTEP       ENERGY          RMS            GMAX         NAME    NUMBER
   7900      -2.0575E+05     3.7924E-01     9.0383E+01     O       32815

 BOND    =    41776.6652  ANGLE   =      334.4218  DIHED      =      948.4915
 VDWAALS =    51719.7332  EEL     =  -310164.5741  HBOND      =        0.0000
 1-4 VDW =      717.0087  1-4 EEL =     8913.3415  RESTRAINT  =        7.2173
 EAMBER  =  -205754.9122


   NSTEP       ENERGY          RMS            GMAX         NAME    NUMBER
   7950      -2.0574E+05     3.7474E-01     8.9248E+01     O       32815

 BOND    =    41776.7151  ANGLE   =      334.4220  DIHED      =      948.4916
 VDWAALS =    51719.6272  EEL     =  -310159.2115  HBOND      =        0.0000
 1-4 VDW =      717.0086  1-4 EEL =     8913.3412  RESTRAINT  =        7.2173
 EAMBER  =  -205749.6060


   NSTEP       ENERGY          RMS            GMAX         NAME    NUMBER
   8000      -2.0574E+05     3.7028E-01     8.8114E+01     O       32815

 BOND    =    41776.7650  ANGLE   =      334.4221  DIHED      =      948.4914
 VDWAALS =    51719.5213  EEL     =  -310153.9121  HBOND      =        0.0000
 1-4 VDW =      717.0085  1-4 EEL =     8913.3409  RESTRAINT  =        7.2173
 EAMBER  =  -205744.3629


   NSTEP       ENERGY          RMS            GMAX         NAME    NUMBER
   8050      -2.0573E+05     3.6583E-01     8.6987E+01     O       32815

 BOND    =    41776.8147  ANGLE   =      334.4222  DIHED      =      948.4915
 VDWAALS =    51719.4166  EEL     =  -310148.6154  HBOND      =        0.0000
 1-4 VDW =      717.0084  1-4 EEL =     8913.3406  RESTRAINT  =        7.2173
 EAMBER  =  -205739.1215


   NSTEP       ENERGY          RMS            GMAX         NAME    NUMBER
   8100      -2.0573E+05     3.6132E-01     8.5847E+01     O       32815

 BOND    =    41776.8645  ANGLE   =      334.4223  DIHED      =      948.4915
 VDWAALS =    51719.3096  EEL     =  -310143.2697  HBOND      =        0.0000
 1-4 VDW =      717.0083  1-4 EEL =     8913.3403  RESTRAINT  =        7.2172
 EAMBER  =  -205733.8331


   NSTEP       ENERGY          RMS            GMAX         NAME    NUMBER
   8150      -2.0572E+05     3.5692E-01     8.4730E+01     O       32815

 BOND    =    41776.9141  ANGLE   =      334.4224  DIHED      =      948.4915
 VDWAALS =    51719.2064  EEL     =  -310137.9876  HBOND      =        0.0000
 1-4 VDW =      717.0082  1-4 EEL =     8913.3401  RESTRAINT  =        7.2172
 EAMBER  =  -205728.6049


   NSTEP       ENERGY          RMS            GMAX         NAME    NUMBER
   8200      -2.0572E+05     3.5245E-01     8.3603E+01     O       32815

 BOND    =    41776.9637  ANGLE   =      334.4226  DIHED      =      948.4915
 VDWAALS =    51719.1009  EEL     =  -310132.6757  HBOND      =        0.0000
 1-4 VDW =      717.0081  1-4 EEL =     8913.3399  RESTRAINT  =        7.2172
 EAMBER  =  -205723.3491


   NSTEP       ENERGY          RMS            GMAX         NAME    NUMBER
   8250      -2.0571E+05     3.4799E-01     8.2471E+01     O       32815

 BOND    =    41777.0133  ANGLE   =      334.4227  DIHED      =      948.4916
 VDWAALS =    51718.9956  EEL     =  -310127.3473  HBOND      =        0.0000
 1-4 VDW =      717.0080  1-4 EEL =     8913.3395  RESTRAINT  =        7.2172
 EAMBER  =  -205718.0766

     .... RESTARTED DUE TO LINMIN FAILURE ...


   NSTEP       ENERGY          RMS            GMAX         NAME    NUMBER
   8300      -2.0571E+05     3.4355E-01     8.1337E+01     O       32815

 BOND    =    41777.0628  ANGLE   =      334.4228  DIHED      =      948.4915
 VDWAALS =    51718.8896  EEL     =  -310122.0915  HBOND      =        0.0000
 1-4 VDW =      717.0079  1-4 EEL =     8913.3393  RESTRAINT  =        7.2172
 EAMBER  =  -205712.8777


   NSTEP       ENERGY          RMS            GMAX         NAME    NUMBER
   8350      -2.0570E+05     3.3917E-01     8.0223E+01     O       32815

 BOND    =    41777.1122  ANGLE   =      334.4230  DIHED      =      948.4915
 VDWAALS =    51718.7867  EEL     =  -310116.8484  HBOND      =        0.0000
 1-4 VDW =      717.0078  1-4 EEL =     8913.3390  RESTRAINT  =        7.2172
 EAMBER  =  -205707.6882


   NSTEP       ENERGY          RMS            GMAX         NAME    NUMBER
   8400      -2.0570E+05     3.3476E-01     7.9100E+01     O       32815

 BOND    =    41777.1616  ANGLE   =      334.4231  DIHED      =      948.4915
 VDWAALS =    51718.6820  EEL     =  -310111.6191  HBOND      =        0.0000
 1-4 VDW =      717.0077  1-4 EEL =     8913.3388  RESTRAINT  =        7.2172
 EAMBER  =  -205702.5145


   NSTEP       ENERGY          RMS            GMAX         NAME    NUMBER
   8450      -2.0569E+05     3.3033E-01     7.7972E+01     O       32815

 BOND    =    41777.2109  ANGLE   =      334.4232  DIHED      =      948.4915
 VDWAALS =    51718.5768  EEL     =  -310106.3249  HBOND      =        0.0000
 1-4 VDW =      717.0075  1-4 EEL =     8913.3385  RESTRAINT  =        7.2171
 EAMBER  =  -205697.2764


   NSTEP       ENERGY          RMS            GMAX         NAME    NUMBER
   8500      -2.0568E+05     3.2595E-01     7.6857E+01     O       32815

 BOND    =    41777.2602  ANGLE   =      334.4233  DIHED      =      948.4916
 VDWAALS =    51718.4732  EEL     =  -310101.1121  HBOND      =        0.0000
 1-4 VDW =      717.0075  1-4 EEL =     8913.3381  RESTRAINT  =        7.2171
 EAMBER  =  -205692.1183


   NSTEP       ENERGY          RMS            GMAX         NAME    NUMBER
   8550      -2.0568E+05     3.2160E-01     7.5739E+01     O       32815

 BOND    =    41777.3093  ANGLE   =      334.4235  DIHED      =      948.4917
 VDWAALS =    51718.3688  EEL     =  -310095.9705  HBOND      =        0.0000
 1-4 VDW =      717.0073  1-4 EEL =     8913.3379  RESTRAINT  =        7.2171
 EAMBER  =  -205687.0319


   NSTEP       ENERGY          RMS            GMAX         NAME    NUMBER
   8600      -2.0567E+05     3.1724E-01     7.4626E+01     O       32815

 BOND    =    41777.3584  ANGLE   =      334.4236  DIHED      =      948.4917
 VDWAALS =    51718.2651  EEL     =  -310090.7897  HBOND      =        0.0000
 1-4 VDW =      717.0072  1-4 EEL =     8913.3375  RESTRAINT  =        7.2171
 EAMBER  =  -205681.9062


   NSTEP       ENERGY          RMS            GMAX         NAME    NUMBER
   8650      -2.0567E+05     3.1289E-01     7.3513E+01     O       32815

 BOND    =    41777.4075  ANGLE   =      334.4238  DIHED      =      948.4916
 VDWAALS =    51718.1624  EEL     =  -310085.5190  HBOND      =        0.0000
 1-4 VDW =      717.0071  1-4 EEL =     8913.3372  RESTRAINT  =        7.2171
 EAMBER  =  -205676.6895


   NSTEP       ENERGY          RMS            GMAX         NAME    NUMBER
   8700      -2.0566E+05     3.0852E-01     7.2393E+01     O       32815

 BOND    =    41777.4564  ANGLE   =      334.4239  DIHED      =      948.4917
 VDWAALS =    51718.0579  EEL     =  -310080.3294  HBOND      =        0.0000
 1-4 VDW =      717.0070  1-4 EEL =     8913.3369  RESTRAINT  =        7.2171
 EAMBER  =  -205671.5556

     .... RESTARTED DUE TO LINMIN FAILURE ...


                    FINAL RESULTS



   NSTEP       ENERGY          RMS            GMAX         NAME    NUMBER
   8749      -2.0566E+05     3.0420E-01     7.1286E+01     O       32815

 BOND    =    41777.5053  ANGLE   =      334.4240  DIHED      =      948.4917
 VDWAALS =    51717.9553  EEL     =  -310075.1509  HBOND      =        0.0000
 1-4 VDW =      717.0069  1-4 EEL =     8913.3366  RESTRAINT  =        7.2170
 EAMBER  =  -205666.4311

     ***** REPEATED LINMIN FAILURE *****
--------------------------------------------------------------------------------
   5.  TIMINGS
--------------------------------------------------------------------------------

|  NonSetup CPU Time in Major Routines:
|
|     Routine           Sec        %
|     ------------------------------
|     Nonbond          17.22   30.31
|     Bond              0.00    0.00
|     Angle             0.00    0.00
|     Dihedral          0.00    0.00
|     Shake             0.00    0.00
|     Other            39.59   69.69
|     ------------------------------
|     Total            56.81

|  PME Nonbond Pairlist CPU Time:
|
|     Routine              Sec        %
|     ---------------------------------
|     Set Up Cit           0.00    0.00
|     Build List           0.00    0.00
|     ---------------------------------
|     Total                0.00    0.00

|  PME Direct Force CPU Time:
|
|     Routine              Sec        %
|     ---------------------------------
|     NonBonded Calc       0.00    0.00
|     Exclude Masked       0.00    0.00
|     Other                0.03    0.06
|     ---------------------------------
|     Total                0.03    0.06

|  PME Reciprocal Force CPU Time:
|
|     Routine              Sec        %
|     ---------------------------------
|     1D bspline           0.00    0.00
|     Grid Charges         0.00    0.00
|     Scalar Sum           0.00    0.00
|     Gradient Sum         0.00    0.00
|     FFT                  0.00    0.00
|     ---------------------------------
|     Total                0.00    0.00

|  Setup CPU time:            1.82 seconds
|  NonSetup CPU time:        56.81 seconds
|  Total CPU time:           58.63 seconds     0.02 hours

|  Setup wall time:           2    seconds
|  NonSetup wall time:       57    seconds
|  Total wall time:          59    seconds     0.02 hours
