
          -------------------------------------------------------
          Amber 18 PMEMD                              2018
          -------------------------------------------------------

| PMEMD implementation of SANDER, Release 18

| Run on 07/07/2021 at 08:07:20

|   Executable path: pmemd.cuda
| Working directory: /home/bozhanng/Abs_MD/HEPC3_Fv_bent_cm_PG_relaxed
|          Hostname: bf21

  [-O]verwriting output

File Assignments:
|   MDIN: minall_HEPC3_Fv_bent_cm_PG_relaxed.in                                 
|  MDOUT: minall_HEPC3_Fv_bent_cm_PG_relaxed.out                                
| INPCRD: minpro_HEPC3_Fv_bent_cm_PG_relaxed.crd                                
|   PARM: HEPC3_Fv_bent_cm_PG_relaxed.parm7                                     
| RESTRT: minall_HEPC3_Fv_bent_cm_PG_relaxed.crd                                
|   REFC: refc                                                                  
|  MDVEL: mdvel                                                                 
|   MDEN: mden                                                                  
|  MDCRD: mdcrd                                                                 
| MDINFO: mdinfo                                                                
|  MDFRC: mdfrc                                                                 


 Here is the input file:

Initial minimization                                                           
 &cntrl                                                                        
  ntx    = 1,       irest  = 0,       ntrx   = 1,      ntxo   = 1,             
  ntpr   = 50,      ntwx   = 0,       ntwv   = 0,      ntwe   = 0,             
                                                                               
  ntf    = 1,       ntb    = 1,                                                
  cut    = 8.0,     nsnb   = 10,                                               
                                                                               
  ibelly = 0,       ntr    = 0,                                                
                                                                               
  imin   = 1,                                                                  
  maxcyc = 10000,                                                              
  ncyc   = 500,                                                                
  ntmin  = 1,       dx0    = 0.1,     dxm    = 0.5,     drms   = 0.0001,       
                                                                               
  ntc    = 1,       tol    = 0.000001,                                         
                                                                               
 &end                                                                          


Note: ig = -1. Setting random seed to   323677 based on wallclock time in 
      microseconds.
| irandom = 1, using AMBER's internal random number generator (default).
| INFO:    The nsnb ctrl option does not affect nonbonded list update frequency.
|          It does affect steepest descent minimization freq if ntmin == 0
| INFO:    The dxm ctrl option is deprecated and ignored.
 
|--------------------- INFORMATION ----------------------
| GPU (CUDA) Version of PMEMD in use: NVIDIA GPU IN USE.
|                    Version 18.0.0
| 
|                      03/25/2018
| 
| Implementation by:
|                    Ross C. Walker     (SDSC)
|                    Scott Le Grand     (nVIDIA)
| 
| Version 18 performance extensions by:
|                    David Cerutti     (Rutgers)
| 
| Precision model in use:
|      [SPFP] - Single Precision Forces, 64-bit Fixed Point
|               Accumulation. (Default)
| 
|--------------------------------------------------------
 
|----------------- CITATION INFORMATION -----------------
|
|    When publishing work that utilized the CUDA version
|    of AMBER, please cite the following in addition to
|    the regular AMBER citations:
|
|  - Romelia Salomon-Ferrer; Andreas W. Goetz; Duncan
|    Poole; Scott Le Grand; Ross C. Walker "Routine
|    microsecond molecular dynamics simulations with
|    AMBER - Part II: Particle Mesh Ewald", J. Chem.
|    Theory Comput., 2013, 9 (9), pp3878-3888,
|    DOI: 10.1021/ct400314y.
|
|  - Andreas W. Goetz; Mark J. Williamson; Dong Xu;
|    Duncan Poole; Scott Le Grand; Ross C. Walker
|    "Routine microsecond molecular dynamics simulations
|    with AMBER - Part I: Generalized Born", J. Chem.
|    Theory Comput., 2012, 8 (5), pp1542-1555.
|
|  - Scott Le Grand; Andreas W. Goetz; Ross C. Walker
|    "SPFP: Speed without compromise - a mixed precision
|    model for GPU accelerated molecular dynamics
|    simulations.", Comp. Phys. Comm., 2013, 184
|    pp374-380, DOI: 10.1016/j.cpc.2012.09.022
|
|--------------------------------------------------------
 
|------------------- GPU DEVICE INFO --------------------
|
|            CUDA_VISIBLE_DEVICES: 0
|   CUDA Capable Devices Detected:      1
|           CUDA Device ID in use:      0
|                CUDA Device Name: GeForce GTX 1080
|     CUDA Device Global Mem Size:   8119 MB
| CUDA Device Num Multiprocessors:     20
|           CUDA Device Core Freq:   1.73 GHz
|
|--------------------------------------------------------
 
 
| Conditional Compilation Defines Used:
| PUBFFT
| BINTRAJ
| MKL
| CUDA
| EMIL

| Largest sphere to fit in unit cell has radius =    35.843

| New format PARM file being parsed.
| Version =    1.000 Date = 07/07/21 Time = 08:04:59

| Note: 1-4 EEL scale factors are being read from the topology file.

| Note: 1-4 VDW scale factors are being read from the topology file.
| Duplicated    0 dihedrals

| Duplicated    0 dihedrals

--------------------------------------------------------------------------------
   1.  RESOURCE   USE: 
--------------------------------------------------------------------------------

 getting new box info from bottom of inpcrd
 NATOM  =   46215 NTYPES =      18 NBONH =   33752 MBONA  =   12501
 NTHETH =    3888 MTHETA =    2478 NPHIH =    8196 MPHIA  =    7867
 NHPARM =       0 NPARM  =       0 NNB   =   94031 NRES   =   10914
 NBONA  =   12501 NTHETA =    2478 NPHIA =    7867 NUMBND =      72
 NUMANG =     171 NPTRA  =     194 NATYP =      36 NPHB   =       1
 IFBOX  =       1 NMXRS  =      25 IFCAP =       0 NEXTRA =   10677
 NCOPY  =       0

| Coordinate Index Table dimensions:    16   15   18
| Direct force subcell size =     4.7032    4.7791    4.5585

     BOX TYPE: RECTILINEAR

--------------------------------------------------------------------------------
   2.  CONTROL  DATA  FOR  THE  RUN
--------------------------------------------------------------------------------

default_name                                                                    

General flags:
     imin    =       1, nmropt  =       0

Nature and format of input:
     ntx     =       1, irest   =       0, ntrx    =       1

Nature and format of output:
     ntxo    =       1, ntpr    =      50, ntrx    =       1, ntwr    =       1
     iwrap   =       0, ntwx    =       0, ntwv    =       0, ntwe    =       0
     ioutfm  =       1, ntwprt  =       0, idecomp =       0, rbornstat=      0

Potential function:
     ntf     =       1, ntb     =       1, igb     =       0, nsnb    =      10
     ipol    =       0, gbsa    =       0, iesp    =       0
     dielc   =   1.00000, cut     =   8.00000, intdiel =   1.00000

Frozen or restrained atoms:
     ibelly  =       0, ntr     =       0

Energy minimization:
     maxcyc  =   10000, ncyc    =     500, ntmin   =       1
     dx0     =   0.10000, drms    =   0.00010

| Intermolecular bonds treatment:
|     no_intermolecular_bonds =       1

| Energy averages sample interval:
|     ene_avg_sampling =       1

Extra-points options:
     frameon =       1, chngmask=       1

Ewald parameters:
     verbose =       0, ew_type =       0, nbflag  =       1, use_pme =       1
     vdwmeth =       1, eedmeth =       1, netfrc  =       0
     Box X =   75.251   Box Y =   71.687   Box Z =   82.053
     Alpha =   90.000   Beta  =   90.000   Gamma =   90.000
     NFFT1 =   80       NFFT2 =   72       NFFT3 =   84
     Cutoff=    8.000   Tol   =0.100E-04
     Ewald Coefficient =  0.34864
     Interpolation order =    4
|      EXTRA_PTS, trim_bonds: num bonds BEFORE trim = 33752     0
|      EXTRA_PTS, trim_bonds: num bonds AFTER  trim = 33752     0
|      EXTRA_PTS, trim_bonds: num bonds BEFORE trim = 12501     0
|      EXTRA_PTS, trim_bonds: num bonds AFTER  trim =  1824     0
|      EXTRA_PTS, trim_theta: num angle BEFORE trim =  3888     0
|      EXTRA_PTS, trim_theta: num angle AFTER  trim =  3888     0
|      EXTRA_PTS, trim_theta: num angle BEFORE trim =  2478     0
|      EXTRA_PTS, trim_theta: num angle AFTER  trim =  2478     0
|      EXTRA_PTS, trim_phi:  num diheds BEFORE trim =  8196     0
|      EXTRA_PTS, trim_phi:  num diheds AFTER  trim =  8196     0
|      EXTRA_PTS, trim_phi:  num diheds BEFORE trim =  7867     0
|      EXTRA_PTS, trim_phi:  num diheds AFTER  trim =  7867     0

--------------------------------------------------------------------------------
   3.  ATOMIC COORDINATES AND VELOCITIES
--------------------------------------------------------------------------------

default_name                                                                    
 begin time read from input coords =     0.000 ps

 
 Number of triangulated 3-point waters found:    10677

     Sum of charges from parm topology file =   0.00005842
     Forcing neutrality...

| Dynamic Memory, Types Used:
| Reals             1206333
| Integers          2952844

| Nonbonded Pairs Initial Allocation:     7719060

| GPU memory information (estimate):
| KB of GPU memory in use:         0
| KB of CPU memory in use:         0

--------------------------------------------------------------------------------
   4.  RESULTS
--------------------------------------------------------------------------------



   NSTEP       ENERGY          RMS            GMAX         NAME    NUMBER
      1      -1.9700E+05     2.4639E-01     4.1076E+01     O       11868

 BOND    =    39343.6840  ANGLE   =      338.0897  DIHED      =      955.2153
 VDWAALS =    47595.9403  EEL     =  -294837.4645  HBOND      =        0.0000
 1-4 VDW =      719.6746  1-4 EEL =     8885.1938  RESTRAINT  =        0.0000


   NSTEP       ENERGY          RMS            GMAX         NAME    NUMBER
     50      -1.9680E+05     8.4665E-02     4.7610E+00     H2      11954

 BOND    =    39349.5388  ANGLE   =      338.8493  DIHED      =      955.4889
 VDWAALS =    47591.4831  EEL     =  -294633.3243  HBOND      =        0.0000
 1-4 VDW =      718.5134  1-4 EEL =     8883.4525  RESTRAINT  =        0.0000


   NSTEP       ENERGY          RMS            GMAX         NAME    NUMBER
    100      -1.9680E+05     8.3266E-02     4.0963E+00     H2      11954

 BOND    =    39350.1753  ANGLE   =      339.2083  DIHED      =      955.6313
 VDWAALS =    47591.9280  EEL     =  -294639.9927  HBOND      =        0.0000
 1-4 VDW =      717.8889  1-4 EEL =     8882.5589  RESTRAINT  =        0.0000


   NSTEP       ENERGY          RMS            GMAX         NAME    NUMBER
    150      -1.9681E+05     8.2077E-02     3.5985E+00     H2      11954

 BOND    =    39350.8264  ANGLE   =      339.5653  DIHED      =      955.7712
 VDWAALS =    47592.4750  EEL     =  -294645.1977  HBOND      =        0.0000
 1-4 VDW =      717.2689  1-4 EEL =     8881.6728  RESTRAINT  =        0.0000


   NSTEP       ENERGY          RMS            GMAX         NAME    NUMBER
    200      -1.9681E+05     8.1201E-02     3.2829E+00     H2      11954

 BOND    =    39351.3553  ANGLE   =      339.8532  DIHED      =      955.8826
 VDWAALS =    47592.9227  EEL     =  -294649.1221  HBOND      =        0.0000
 1-4 VDW =      716.7705  1-4 EEL =     8880.9590  RESTRAINT  =        0.0000


   NSTEP       ENERGY          RMS            GMAX         NAME    NUMBER
    250      -1.9681E+05     8.0261E-02     2.9909E+00     H2      11954

 BOND    =    39351.9674  ANGLE   =      340.1810  DIHED      =      956.0083
 VDWAALS =    47593.4441  EEL     =  -294652.7325  HBOND      =        0.0000
 1-4 VDW =      716.2053  1-4 EEL =     8880.1467  RESTRAINT  =        0.0000


   NSTEP       ENERGY          RMS            GMAX         NAME    NUMBER
    300      -1.9682E+05     7.9427E-02     2.7839E+00     H3       1871

 BOND    =    39352.5443  ANGLE   =      340.4863  DIHED      =      956.1244
 VDWAALS =    47593.9491  EEL     =  -294655.6723  HBOND      =        0.0000
 1-4 VDW =      715.6807  1-4 EEL =     8879.3892  RESTRAINT  =        0.0000


   NSTEP       ENERGY          RMS            GMAX         NAME    NUMBER
    350      -1.9682E+05     7.8766E-02     2.7686E+00     H3       1871

 BOND    =    39353.0183  ANGLE   =      340.7359  DIHED      =      956.2187
 VDWAALS =    47594.3820  EEL     =  -294658.0206  HBOND      =        0.0000
 1-4 VDW =      715.2534  1-4 EEL =     8878.7695  RESTRAINT  =        0.0000


   NSTEP       ENERGY          RMS            GMAX         NAME    NUMBER
    400      -1.9682E+05     7.8710E-02     2.7672E+00     H3       1871

 BOND    =    39353.0595  ANGLE   =      340.7572  DIHED      =      956.2265
 VDWAALS =    47594.4204  EEL     =  -294658.1694  HBOND      =        0.0000
 1-4 VDW =      715.2170  1-4 EEL =     8878.7165  RESTRAINT  =        0.0000


   NSTEP       ENERGY          RMS            GMAX         NAME    NUMBER
    450      -1.9682E+05     7.8708E-02     2.7672E+00     H3       1871

 BOND    =    39353.0612  ANGLE   =      340.7581  DIHED      =      956.2269
 VDWAALS =    47594.4229  EEL     =  -294658.1695  HBOND      =        0.0000
 1-4 VDW =      715.2154  1-4 EEL =     8878.7143  RESTRAINT  =        0.0000


   NSTEP       ENERGY          RMS            GMAX         NAME    NUMBER
    500      -1.9682E+05     7.8706E-02     2.7671E+00     H3       1871

 BOND    =    39353.0625  ANGLE   =      340.7588  DIHED      =      956.2272
 VDWAALS =    47594.4241  EEL     =  -294658.1903  HBOND      =        0.0000
 1-4 VDW =      715.2142  1-4 EEL =     8878.7126  RESTRAINT  =        0.0000


   NSTEP       ENERGY          RMS            GMAX         NAME    NUMBER
    550      -1.9785E+05     8.9839E-01     1.5147E+02     O       11952

 BOND    =    39344.6010  ANGLE   =      341.3600  DIHED      =      956.4547
 VDWAALS =    47615.7470  EEL     =  -295695.2181  HBOND      =        0.0000
 1-4 VDW =      714.1934  1-4 EEL =     8877.2311  RESTRAINT  =        0.0000


   NSTEP       ENERGY          RMS            GMAX         NAME    NUMBER
    600      -1.9784E+05     8.9345E-01     1.5063E+02     O       11952

 BOND    =    39344.6536  ANGLE   =      341.3600  DIHED      =      956.4547
 VDWAALS =    47615.6325  EEL     =  -295689.0447  HBOND      =        0.0000
 1-4 VDW =      714.1934  1-4 EEL =     8877.2311  RESTRAINT  =        0.0000


   NSTEP       ENERGY          RMS            GMAX         NAME    NUMBER
    650      -1.9783E+05     8.8851E-01     1.4979E+02     O       11952

 BOND    =    39344.7062  ANGLE   =      341.3601  DIHED      =      956.4546
 VDWAALS =    47615.5188  EEL     =  -295682.8308  HBOND      =        0.0000
 1-4 VDW =      714.1933  1-4 EEL =     8877.2311  RESTRAINT  =        0.0000


   NSTEP       ENERGY          RMS            GMAX         NAME    NUMBER
    700      -1.9783E+05     8.8357E-01     1.4896E+02     O       11952

 BOND    =    39344.7588  ANGLE   =      341.3601  DIHED      =      956.4546
 VDWAALS =    47615.4042  EEL     =  -295676.6662  HBOND      =        0.0000
 1-4 VDW =      714.1933  1-4 EEL =     8877.2310  RESTRAINT  =        0.0000


   NSTEP       ENERGY          RMS            GMAX         NAME    NUMBER
    750      -1.9782E+05     8.7863E-01     1.4812E+02     O       11952

 BOND    =    39344.8114  ANGLE   =      341.3601  DIHED      =      956.4545
 VDWAALS =    47615.2902  EEL     =  -295670.4760  HBOND      =        0.0000
 1-4 VDW =      714.1933  1-4 EEL =     8877.2309  RESTRAINT  =        0.0000


   NSTEP       ENERGY          RMS            GMAX         NAME    NUMBER
    800      -1.9782E+05     8.7370E-01     1.4728E+02     O       11952

 BOND    =    39344.8639  ANGLE   =      341.3601  DIHED      =      956.4546
 VDWAALS =    47615.1760  EEL     =  -295664.3278  HBOND      =        0.0000
 1-4 VDW =      714.1933  1-4 EEL =     8877.2309  RESTRAINT  =        0.0000


   NSTEP       ENERGY          RMS            GMAX         NAME    NUMBER
    850      -1.9781E+05     8.6875E-01     1.4645E+02     O       11952

 BOND    =    39344.9165  ANGLE   =      341.3601  DIHED      =      956.4545
 VDWAALS =    47615.0622  EEL     =  -295658.1293  HBOND      =        0.0000
 1-4 VDW =      714.1933  1-4 EEL =     8877.2309  RESTRAINT  =        0.0000


   NSTEP       ENERGY          RMS            GMAX         NAME    NUMBER
    900      -1.9780E+05     8.6381E-01     1.4561E+02     O       11952

 BOND    =    39344.9691  ANGLE   =      341.3601  DIHED      =      956.4546
 VDWAALS =    47614.9478  EEL     =  -295651.9880  HBOND      =        0.0000
 1-4 VDW =      714.1932  1-4 EEL =     8877.2308  RESTRAINT  =        0.0000


   NSTEP       ENERGY          RMS            GMAX         NAME    NUMBER
    950      -1.9780E+05     8.5890E-01     1.4478E+02     O       11952

 BOND    =    39345.0217  ANGLE   =      341.3602  DIHED      =      956.4546
 VDWAALS =    47614.8343  EEL     =  -295645.8723  HBOND      =        0.0000
 1-4 VDW =      714.1932  1-4 EEL =     8877.2308  RESTRAINT  =        0.0000


   NSTEP       ENERGY          RMS            GMAX         NAME    NUMBER
   1000      -1.9779E+05     8.5396E-01     1.4394E+02     O       11952

 BOND    =    39345.0742  ANGLE   =      341.3602  DIHED      =      956.4547
 VDWAALS =    47614.7205  EEL     =  -295639.7153  HBOND      =        0.0000
 1-4 VDW =      714.1932  1-4 EEL =     8877.2307  RESTRAINT  =        0.0000


   NSTEP       ENERGY          RMS            GMAX         NAME    NUMBER
   1050      -1.9778E+05     8.4903E-01     1.4311E+02     O       11952

 BOND    =    39345.1268  ANGLE   =      341.3602  DIHED      =      956.4547
 VDWAALS =    47614.6064  EEL     =  -295633.6009  HBOND      =        0.0000
 1-4 VDW =      714.1931  1-4 EEL =     8877.2307  RESTRAINT  =        0.0000


   NSTEP       ENERGY          RMS            GMAX         NAME    NUMBER
   1100      -1.9778E+05     8.4410E-01     1.4227E+02     O       11952

 BOND    =    39345.1793  ANGLE   =      341.3602  DIHED      =      956.4547
 VDWAALS =    47614.4929  EEL     =  -295627.4663  HBOND      =        0.0000
 1-4 VDW =      714.1931  1-4 EEL =     8877.2306  RESTRAINT  =        0.0000


   NSTEP       ENERGY          RMS            GMAX         NAME    NUMBER
   1150      -1.9777E+05     8.3918E-01     1.4144E+02     O       11952

 BOND    =    39345.2319  ANGLE   =      341.3602  DIHED      =      956.4547
 VDWAALS =    47614.3792  EEL     =  -295621.3695  HBOND      =        0.0000
 1-4 VDW =      714.1931  1-4 EEL =     8877.2307  RESTRAINT  =        0.0000


   NSTEP       ENERGY          RMS            GMAX         NAME    NUMBER
   1200      -1.9777E+05     8.3425E-01     1.4060E+02     O       11952

 BOND    =    39345.2844  ANGLE   =      341.3602  DIHED      =      956.4547
 VDWAALS =    47614.2650  EEL     =  -295615.2685  HBOND      =        0.0000
 1-4 VDW =      714.1930  1-4 EEL =     8877.2306  RESTRAINT  =        0.0000


   NSTEP       ENERGY          RMS            GMAX         NAME    NUMBER
   1250      -1.9776E+05     8.2934E-01     1.3977E+02     O       11952

 BOND    =    39345.3370  ANGLE   =      341.3603  DIHED      =      956.4547
 VDWAALS =    47614.1523  EEL     =  -295609.1564  HBOND      =        0.0000
 1-4 VDW =      714.1930  1-4 EEL =     8877.2305  RESTRAINT  =        0.0000


   NSTEP       ENERGY          RMS            GMAX         NAME    NUMBER
   1300      -1.9775E+05     8.2441E-01     1.3894E+02     O       11952

 BOND    =    39345.3895  ANGLE   =      341.3603  DIHED      =      956.4547
 VDWAALS =    47614.0390  EEL     =  -295603.0404  HBOND      =        0.0000
 1-4 VDW =      714.1930  1-4 EEL =     8877.2305  RESTRAINT  =        0.0000


   NSTEP       ENERGY          RMS            GMAX         NAME    NUMBER
   1350      -1.9775E+05     8.1949E-01     1.3810E+02     O       11952

 BOND    =    39345.4421  ANGLE   =      341.3603  DIHED      =      956.4547
 VDWAALS =    47613.9249  EEL     =  -295596.9798  HBOND      =        0.0000
 1-4 VDW =      714.1930  1-4 EEL =     8877.2304  RESTRAINT  =        0.0000


   NSTEP       ENERGY          RMS            GMAX         NAME    NUMBER
   1400      -1.9774E+05     8.1457E-01     1.3727E+02     O       11952

 BOND    =    39345.4946  ANGLE   =      341.3603  DIHED      =      956.4547
 VDWAALS =    47613.8117  EEL     =  -295590.8936  HBOND      =        0.0000
 1-4 VDW =      714.1929  1-4 EEL =     8877.2304  RESTRAINT  =        0.0000


   NSTEP       ENERGY          RMS            GMAX         NAME    NUMBER
   1450      -1.9774E+05     8.0965E-01     1.3644E+02     O       11952

 BOND    =    39345.5471  ANGLE   =      341.3603  DIHED      =      956.4546
 VDWAALS =    47613.6981  EEL     =  -295584.8153  HBOND      =        0.0000
 1-4 VDW =      714.1929  1-4 EEL =     8877.2304  RESTRAINT  =        0.0000


   NSTEP       ENERGY          RMS            GMAX         NAME    NUMBER
   1500      -1.9773E+05     8.0476E-01     1.3561E+02     O       11952

 BOND    =    39345.5997  ANGLE   =      341.3603  DIHED      =      956.4547
 VDWAALS =    47613.5854  EEL     =  -295578.7625  HBOND      =        0.0000
 1-4 VDW =      714.1928  1-4 EEL =     8877.2303  RESTRAINT  =        0.0000


   NSTEP       ENERGY          RMS            GMAX         NAME    NUMBER
   1550      -1.9772E+05     7.9983E-01     1.3478E+02     O       11952

 BOND    =    39345.6522  ANGLE   =      341.3604  DIHED      =      956.4548
 VDWAALS =    47613.4715  EEL     =  -295572.7177  HBOND      =        0.0000
 1-4 VDW =      714.1928  1-4 EEL =     8877.2302  RESTRAINT  =        0.0000


   NSTEP       ENERGY          RMS            GMAX         NAME    NUMBER
   1600      -1.9772E+05     7.9492E-01     1.3395E+02     O       11952

 BOND    =    39345.7047  ANGLE   =      341.3604  DIHED      =      956.4547
 VDWAALS =    47613.3583  EEL     =  -295566.6544  HBOND      =        0.0000
 1-4 VDW =      714.1928  1-4 EEL =     8877.2303  RESTRAINT  =        0.0000


   NSTEP       ENERGY          RMS            GMAX         NAME    NUMBER
   1650      -1.9771E+05     7.9003E-01     1.3312E+02     O       11952

 BOND    =    39345.7572  ANGLE   =      341.3604  DIHED      =      956.4547
 VDWAALS =    47613.2457  EEL     =  -295560.6261  HBOND      =        0.0000
 1-4 VDW =      714.1928  1-4 EEL =     8877.2302  RESTRAINT  =        0.0000


   NSTEP       ENERGY          RMS            GMAX         NAME    NUMBER
   1700      -1.9771E+05     7.8512E-01     1.3229E+02     O       11952

 BOND    =    39345.8097  ANGLE   =      341.3604  DIHED      =      956.4548
 VDWAALS =    47613.1321  EEL     =  -295554.6083  HBOND      =        0.0000
 1-4 VDW =      714.1928  1-4 EEL =     8877.2302  RESTRAINT  =        0.0000


   NSTEP       ENERGY          RMS            GMAX         NAME    NUMBER
   1750      -1.9770E+05     7.8021E-01     1.3145E+02     O       11952

 BOND    =    39345.8622  ANGLE   =      341.3604  DIHED      =      956.4547
 VDWAALS =    47613.0186  EEL     =  -295548.5929  HBOND      =        0.0000
 1-4 VDW =      714.1927  1-4 EEL =     8877.2301  RESTRAINT  =        0.0000


   NSTEP       ENERGY          RMS            GMAX         NAME    NUMBER
   1800      -1.9769E+05     7.7531E-01     1.3062E+02     O       11952

 BOND    =    39345.9147  ANGLE   =      341.3604  DIHED      =      956.4547
 VDWAALS =    47612.9058  EEL     =  -295542.5663  HBOND      =        0.0000
 1-4 VDW =      714.1927  1-4 EEL =     8877.2300  RESTRAINT  =        0.0000


   NSTEP       ENERGY          RMS            GMAX         NAME    NUMBER
   1850      -1.9769E+05     7.7040E-01     1.2979E+02     O       11952

 BOND    =    39345.9672  ANGLE   =      341.3605  DIHED      =      956.4548
 VDWAALS =    47612.7926  EEL     =  -295536.5428  HBOND      =        0.0000
 1-4 VDW =      714.1927  1-4 EEL =     8877.2300  RESTRAINT  =        0.0000


   NSTEP       ENERGY          RMS            GMAX         NAME    NUMBER
   1900      -1.9768E+05     7.6552E-01     1.2897E+02     O       11952

 BOND    =    39346.0197  ANGLE   =      341.3605  DIHED      =      956.4548
 VDWAALS =    47612.6800  EEL     =  -295530.5500  HBOND      =        0.0000
 1-4 VDW =      714.1926  1-4 EEL =     8877.2300  RESTRAINT  =        0.0000


   NSTEP       ENERGY          RMS            GMAX         NAME    NUMBER
   1950      -1.9768E+05     7.6061E-01     1.2814E+02     O       11952

 BOND    =    39346.0722  ANGLE   =      341.3605  DIHED      =      956.4547
 VDWAALS =    47612.5670  EEL     =  -295524.5472  HBOND      =        0.0000
 1-4 VDW =      714.1926  1-4 EEL =     8877.2300  RESTRAINT  =        0.0000


   NSTEP       ENERGY          RMS            GMAX         NAME    NUMBER
   2000      -1.9767E+05     7.5572E-01     1.2731E+02     O       11952

 BOND    =    39346.1246  ANGLE   =      341.3605  DIHED      =      956.4548
 VDWAALS =    47612.4541  EEL     =  -295518.5710  HBOND      =        0.0000
 1-4 VDW =      714.1926  1-4 EEL =     8877.2299  RESTRAINT  =        0.0000


   NSTEP       ENERGY          RMS            GMAX         NAME    NUMBER
   2050      -1.9766E+05     7.5083E-01     1.2648E+02     O       11952

 BOND    =    39346.1771  ANGLE   =      341.3605  DIHED      =      956.4548
 VDWAALS =    47612.3417  EEL     =  -295512.5897  HBOND      =        0.0000
 1-4 VDW =      714.1926  1-4 EEL =     8877.2299  RESTRAINT  =        0.0000


   NSTEP       ENERGY          RMS            GMAX         NAME    NUMBER
   2100      -1.9766E+05     7.4593E-01     1.2565E+02     O       11952

 BOND    =    39346.2296  ANGLE   =      341.3606  DIHED      =      956.4548
 VDWAALS =    47612.2288  EEL     =  -295506.6069  HBOND      =        0.0000
 1-4 VDW =      714.1925  1-4 EEL =     8877.2298  RESTRAINT  =        0.0000


   NSTEP       ENERGY          RMS            GMAX         NAME    NUMBER
   2150      -1.9765E+05     7.4105E-01     1.2483E+02     O       11952

 BOND    =    39346.2820  ANGLE   =      341.3606  DIHED      =      956.4548
 VDWAALS =    47612.1166  EEL     =  -295500.6487  HBOND      =        0.0000
 1-4 VDW =      714.1925  1-4 EEL =     8877.2297  RESTRAINT  =        0.0000


   NSTEP       ENERGY          RMS            GMAX         NAME    NUMBER
   2200      -1.9765E+05     7.3618E-01     1.2400E+02     O       11952

 BOND    =    39346.3345  ANGLE   =      341.3606  DIHED      =      956.4548
 VDWAALS =    47612.0041  EEL     =  -295494.7283  HBOND      =        0.0000
 1-4 VDW =      714.1925  1-4 EEL =     8877.2297  RESTRAINT  =        0.0000


   NSTEP       ENERGY          RMS            GMAX         NAME    NUMBER
   2250      -1.9764E+05     7.3126E-01     1.2316E+02     O       11952

 BOND    =    39346.3869  ANGLE   =      341.3606  DIHED      =      956.4548
 VDWAALS =    47611.8906  EEL     =  -295488.7539  HBOND      =        0.0000
 1-4 VDW =      714.1924  1-4 EEL =     8877.2296  RESTRAINT  =        0.0000


   NSTEP       ENERGY          RMS            GMAX         NAME    NUMBER
   2300      -1.9764E+05     7.2639E-01     1.2234E+02     O       11952

 BOND    =    39346.4394  ANGLE   =      341.3606  DIHED      =      956.4549
 VDWAALS =    47611.7789  EEL     =  -295482.8038  HBOND      =        0.0000
 1-4 VDW =      714.1924  1-4 EEL =     8877.2296  RESTRAINT  =        0.0000


   NSTEP       ENERGY          RMS            GMAX         NAME    NUMBER
   2350      -1.9763E+05     7.2151E-01     1.2151E+02     O       11952

 BOND    =    39346.4918  ANGLE   =      341.3607  DIHED      =      956.4548
 VDWAALS =    47611.6664  EEL     =  -295476.8623  HBOND      =        0.0000
 1-4 VDW =      714.1924  1-4 EEL =     8877.2296  RESTRAINT  =        0.0000


   NSTEP       ENERGY          RMS            GMAX         NAME    NUMBER
   2400      -1.9762E+05     7.1664E-01     1.2069E+02     O       11952

 BOND    =    39346.5443  ANGLE   =      341.3607  DIHED      =      956.4549
 VDWAALS =    47611.5546  EEL     =  -295470.9475  HBOND      =        0.0000
 1-4 VDW =      714.1923  1-4 EEL =     8877.2296  RESTRAINT  =        0.0000


   NSTEP       ENERGY          RMS            GMAX         NAME    NUMBER
   2450      -1.9762E+05     7.1176E-01     1.1986E+02     O       11952

 BOND    =    39346.5967  ANGLE   =      341.3607  DIHED      =      956.4549
 VDWAALS =    47611.4422  EEL     =  -295465.0425  HBOND      =        0.0000
 1-4 VDW =      714.1923  1-4 EEL =     8877.2295  RESTRAINT  =        0.0000


   NSTEP       ENERGY          RMS            GMAX         NAME    NUMBER
   2500      -1.9761E+05     7.0689E-01     1.1904E+02     O       11952

 BOND    =    39346.6491  ANGLE   =      341.3607  DIHED      =      956.4548
 VDWAALS =    47611.3307  EEL     =  -295459.1037  HBOND      =        0.0000
 1-4 VDW =      714.1922  1-4 EEL =     8877.2295  RESTRAINT  =        0.0000


   NSTEP       ENERGY          RMS            GMAX         NAME    NUMBER
   2550      -1.9761E+05     7.0202E-01     1.1821E+02     O       11952

 BOND    =    39346.7015  ANGLE   =      341.3607  DIHED      =      956.4550
 VDWAALS =    47611.2182  EEL     =  -295453.2139  HBOND      =        0.0000
 1-4 VDW =      714.1922  1-4 EEL =     8877.2294  RESTRAINT  =        0.0000


   NSTEP       ENERGY          RMS            GMAX         NAME    NUMBER
   2600      -1.9760E+05     6.9715E-01     1.1739E+02     O       11952

 BOND    =    39346.7539  ANGLE   =      341.3608  DIHED      =      956.4549
 VDWAALS =    47611.1062  EEL     =  -295447.3149  HBOND      =        0.0000
 1-4 VDW =      714.1922  1-4 EEL =     8877.2293  RESTRAINT  =        0.0000


   NSTEP       ENERGY          RMS            GMAX         NAME    NUMBER
   2650      -1.9759E+05     6.9227E-01     1.1656E+02     O       11952

 BOND    =    39346.8063  ANGLE   =      341.3608  DIHED      =      956.4549
 VDWAALS =    47610.9940  EEL     =  -295441.4361  HBOND      =        0.0000
 1-4 VDW =      714.1922  1-4 EEL =     8877.2293  RESTRAINT  =        0.0000


   NSTEP       ENERGY          RMS            GMAX         NAME    NUMBER
   2700      -1.9759E+05     6.8741E-01     1.1574E+02     O       11952

 BOND    =    39346.8587  ANGLE   =      341.3608  DIHED      =      956.4549
 VDWAALS =    47610.8820  EEL     =  -295435.5537  HBOND      =        0.0000
 1-4 VDW =      714.1921  1-4 EEL =     8877.2292  RESTRAINT  =        0.0000


   NSTEP       ENERGY          RMS            GMAX         NAME    NUMBER
   2750      -1.9758E+05     6.8255E-01     1.1492E+02     O       11952

 BOND    =    39346.9111  ANGLE   =      341.3608  DIHED      =      956.4548
 VDWAALS =    47610.7705  EEL     =  -295429.6755  HBOND      =        0.0000
 1-4 VDW =      714.1921  1-4 EEL =     8877.2292  RESTRAINT  =        0.0000


   NSTEP       ENERGY          RMS            GMAX         NAME    NUMBER
   2800      -1.9758E+05     6.7769E-01     1.1409E+02     O       11952

 BOND    =    39346.9635  ANGLE   =      341.3608  DIHED      =      956.4547
 VDWAALS =    47610.6585  EEL     =  -295423.8189  HBOND      =        0.0000
 1-4 VDW =      714.1920  1-4 EEL =     8877.2291  RESTRAINT  =        0.0000


   NSTEP       ENERGY          RMS            GMAX         NAME    NUMBER
   2850      -1.9757E+05     6.7280E-01     1.1327E+02     O       11952

 BOND    =    39347.0159  ANGLE   =      341.3609  DIHED      =      956.4548
 VDWAALS =    47610.5468  EEL     =  -295417.9118  HBOND      =        0.0000
 1-4 VDW =      714.1920  1-4 EEL =     8877.2291  RESTRAINT  =        0.0000


   NSTEP       ENERGY          RMS            GMAX         NAME    NUMBER
   2900      -1.9757E+05     6.6796E-01     1.1244E+02     O       11952

 BOND    =    39347.0683  ANGLE   =      341.3609  DIHED      =      956.4549
 VDWAALS =    47610.4355  EEL     =  -295412.0894  HBOND      =        0.0000
 1-4 VDW =      714.1920  1-4 EEL =     8877.2290  RESTRAINT  =        0.0000


   NSTEP       ENERGY          RMS            GMAX         NAME    NUMBER
   2950      -1.9756E+05     6.6313E-01     1.1162E+02     O       11952

 BOND    =    39347.1206  ANGLE   =      341.3609  DIHED      =      956.4548
 VDWAALS =    47610.3242  EEL     =  -295406.2789  HBOND      =        0.0000
 1-4 VDW =      714.1920  1-4 EEL =     8877.2290  RESTRAINT  =        0.0000


   NSTEP       ENERGY          RMS            GMAX         NAME    NUMBER
   3000      -1.9755E+05     6.5823E-01     1.1080E+02     O       11952

 BOND    =    39347.1730  ANGLE   =      341.3609  DIHED      =      956.4549
 VDWAALS =    47610.2112  EEL     =  -295400.4045  HBOND      =        0.0000
 1-4 VDW =      714.1919  1-4 EEL =     8877.2289  RESTRAINT  =        0.0000


   NSTEP       ENERGY          RMS            GMAX         NAME    NUMBER
   3050      -1.9755E+05     6.5340E-01     1.0998E+02     O       11952

 BOND    =    39347.2253  ANGLE   =      341.3609  DIHED      =      956.4550
 VDWAALS =    47610.1005  EEL     =  -295394.5752  HBOND      =        0.0000
 1-4 VDW =      714.1919  1-4 EEL =     8877.2288  RESTRAINT  =        0.0000


   NSTEP       ENERGY          RMS            GMAX         NAME    NUMBER
   3100      -1.9754E+05     6.4855E-01     1.0915E+02     O       11952

 BOND    =    39347.2777  ANGLE   =      341.3610  DIHED      =      956.4550
 VDWAALS =    47609.9890  EEL     =  -295388.7652  HBOND      =        0.0000
 1-4 VDW =      714.1918  1-4 EEL =     8877.2287  RESTRAINT  =        0.0000


   NSTEP       ENERGY          RMS            GMAX         NAME    NUMBER
   3150      -1.9754E+05     6.4372E-01     1.0834E+02     O       11952

 BOND    =    39347.3300  ANGLE   =      341.3610  DIHED      =      956.4551
 VDWAALS =    47609.8783  EEL     =  -295382.9474  HBOND      =        0.0000
 1-4 VDW =      714.1918  1-4 EEL =     8877.2287  RESTRAINT  =        0.0000


   NSTEP       ENERGY          RMS            GMAX         NAME    NUMBER
   3200      -1.9753E+05     6.3886E-01     1.0751E+02     O       11952

 BOND    =    39347.3824  ANGLE   =      341.3610  DIHED      =      956.4549
 VDWAALS =    47609.7661  EEL     =  -295377.1266  HBOND      =        0.0000
 1-4 VDW =      714.1918  1-4 EEL =     8877.2286  RESTRAINT  =        0.0000


   NSTEP       ENERGY          RMS            GMAX         NAME    NUMBER
   3250      -1.9753E+05     6.3401E-01     1.0669E+02     O       11952

 BOND    =    39347.4347  ANGLE   =      341.3610  DIHED      =      956.4549
 VDWAALS =    47609.6545  EEL     =  -295371.3273  HBOND      =        0.0000
 1-4 VDW =      714.1917  1-4 EEL =     8877.2287  RESTRAINT  =        0.0000


   NSTEP       ENERGY          RMS            GMAX         NAME    NUMBER
   3300      -1.9752E+05     6.2917E-01     1.0587E+02     O       11952

 BOND    =    39347.4870  ANGLE   =      341.3610  DIHED      =      956.4550
 VDWAALS =    47609.5430  EEL     =  -295365.5594  HBOND      =        0.0000
 1-4 VDW =      714.1917  1-4 EEL =     8877.2286  RESTRAINT  =        0.0000


   NSTEP       ENERGY          RMS            GMAX         NAME    NUMBER
   3350      -1.9751E+05     6.2434E-01     1.0505E+02     O       11952

 BOND    =    39347.5393  ANGLE   =      341.3611  DIHED      =      956.4551
 VDWAALS =    47609.4324  EEL     =  -295359.7486  HBOND      =        0.0000
 1-4 VDW =      714.1916  1-4 EEL =     8877.2285  RESTRAINT  =        0.0000


   NSTEP       ENERGY          RMS            GMAX         NAME    NUMBER
   3400      -1.9751E+05     6.1952E-01     1.0423E+02     O       11952

 BOND    =    39347.5916  ANGLE   =      341.3611  DIHED      =      956.4550
 VDWAALS =    47609.3212  EEL     =  -295354.0086  HBOND      =        0.0000
 1-4 VDW =      714.1916  1-4 EEL =     8877.2284  RESTRAINT  =        0.0000


   NSTEP       ENERGY          RMS            GMAX         NAME    NUMBER
   3450      -1.9750E+05     6.1468E-01     1.0341E+02     O       11952

 BOND    =    39347.6439  ANGLE   =      341.3611  DIHED      =      956.4549
 VDWAALS =    47609.2105  EEL     =  -295348.2241  HBOND      =        0.0000
 1-4 VDW =      714.1916  1-4 EEL =     8877.2283  RESTRAINT  =        0.0000


   NSTEP       ENERGY          RMS            GMAX         NAME    NUMBER
   3500      -1.9750E+05     6.0985E-01     1.0260E+02     O       11952

 BOND    =    39347.6962  ANGLE   =      341.3611  DIHED      =      956.4550
 VDWAALS =    47609.0998  EEL     =  -295342.4292  HBOND      =        0.0000
 1-4 VDW =      714.1915  1-4 EEL =     8877.2283  RESTRAINT  =        0.0000


   NSTEP       ENERGY          RMS            GMAX         NAME    NUMBER
   3550      -1.9749E+05     6.0502E-01     1.0178E+02     O       11952

 BOND    =    39347.7484  ANGLE   =      341.3612  DIHED      =      956.4550
 VDWAALS =    47608.9885  EEL     =  -295336.6785  HBOND      =        0.0000
 1-4 VDW =      714.1915  1-4 EEL =     8877.2283  RESTRAINT  =        0.0000


   NSTEP       ENERGY          RMS            GMAX         NAME    NUMBER
   3600      -1.9749E+05     6.0021E-01     1.0096E+02     O       11952

 BOND    =    39347.8007  ANGLE   =      341.3612  DIHED      =      956.4550
 VDWAALS =    47608.8780  EEL     =  -295330.9524  HBOND      =        0.0000
 1-4 VDW =      714.1914  1-4 EEL =     8877.2282  RESTRAINT  =        0.0000


   NSTEP       ENERGY          RMS            GMAX         NAME    NUMBER
   3650      -1.9748E+05     5.9536E-01     1.0014E+02     O       11952

 BOND    =    39347.8530  ANGLE   =      341.3612  DIHED      =      956.4549
 VDWAALS =    47608.7671  EEL     =  -295325.1795  HBOND      =        0.0000
 1-4 VDW =      714.1914  1-4 EEL =     8877.2282  RESTRAINT  =        0.0000


   NSTEP       ENERGY          RMS            GMAX         NAME    NUMBER
   3700      -1.9747E+05     5.9054E-01     9.9322E+01     O       11952

 BOND    =    39347.9052  ANGLE   =      341.3612  DIHED      =      956.4551
 VDWAALS =    47608.6563  EEL     =  -295319.4563  HBOND      =        0.0000
 1-4 VDW =      714.1914  1-4 EEL =     8877.2281  RESTRAINT  =        0.0000


   NSTEP       ENERGY          RMS            GMAX         NAME    NUMBER
   3750      -1.9747E+05     5.8573E-01     9.8504E+01     O       11952

 BOND    =    39347.9575  ANGLE   =      341.3613  DIHED      =      956.4550
 VDWAALS =    47608.5456  EEL     =  -295313.7329  HBOND      =        0.0000
 1-4 VDW =      714.1913  1-4 EEL =     8877.2281  RESTRAINT  =        0.0000


   NSTEP       ENERGY          RMS            GMAX         NAME    NUMBER
   3800      -1.9746E+05     5.8092E-01     9.7688E+01     O       11952

 BOND    =    39348.0097  ANGLE   =      341.3613  DIHED      =      956.4550
 VDWAALS =    47608.4352  EEL     =  -295308.0429  HBOND      =        0.0000
 1-4 VDW =      714.1913  1-4 EEL =     8877.2280  RESTRAINT  =        0.0000


   NSTEP       ENERGY          RMS            GMAX         NAME    NUMBER
   3850      -1.9746E+05     5.7610E-01     9.6872E+01     O       11952

 BOND    =    39348.0619  ANGLE   =      341.3613  DIHED      =      956.4550
 VDWAALS =    47608.3247  EEL     =  -295302.3048  HBOND      =        0.0000
 1-4 VDW =      714.1912  1-4 EEL =     8877.2279  RESTRAINT  =        0.0000


   NSTEP       ENERGY          RMS            GMAX         NAME    NUMBER
   3900      -1.9745E+05     5.7129E-01     9.6056E+01     O       11952

 BOND    =    39348.1141  ANGLE   =      341.3613  DIHED      =      956.4551
 VDWAALS =    47608.2144  EEL     =  -295296.6075  HBOND      =        0.0000
 1-4 VDW =      714.1912  1-4 EEL =     8877.2279  RESTRAINT  =        0.0000


   NSTEP       ENERGY          RMS            GMAX         NAME    NUMBER
   3950      -1.9745E+05     5.6649E-01     9.5241E+01     O       11952

 BOND    =    39348.1663  ANGLE   =      341.3614  DIHED      =      956.4551
 VDWAALS =    47608.1041  EEL     =  -295290.9045  HBOND      =        0.0000
 1-4 VDW =      714.1912  1-4 EEL =     8877.2278  RESTRAINT  =        0.0000


   NSTEP       ENERGY          RMS            GMAX         NAME    NUMBER
   4000      -1.9744E+05     5.6167E-01     9.4424E+01     O       11952

 BOND    =    39348.2185  ANGLE   =      341.3614  DIHED      =      956.4551
 VDWAALS =    47607.9933  EEL     =  -295285.2137  HBOND      =        0.0000
 1-4 VDW =      714.1911  1-4 EEL =     8877.2278  RESTRAINT  =        0.0000


   NSTEP       ENERGY          RMS            GMAX         NAME    NUMBER
   4050      -1.9743E+05     5.5688E-01     9.3610E+01     O       11952

 BOND    =    39348.2707  ANGLE   =      341.3614  DIHED      =      956.4552
 VDWAALS =    47607.8835  EEL     =  -295279.5354  HBOND      =        0.0000
 1-4 VDW =      714.1911  1-4 EEL =     8877.2276  RESTRAINT  =        0.0000


   NSTEP       ENERGY          RMS            GMAX         NAME    NUMBER
   4100      -1.9743E+05     5.5209E-01     9.2797E+01     O       11952

 BOND    =    39348.3229  ANGLE   =      341.3614  DIHED      =      956.4551
 VDWAALS =    47607.7738  EEL     =  -295273.8635  HBOND      =        0.0000
 1-4 VDW =      714.1910  1-4 EEL =     8877.2276  RESTRAINT  =        0.0000


   NSTEP       ENERGY          RMS            GMAX         NAME    NUMBER
   4150      -1.9742E+05     5.4729E-01     9.1982E+01     O       11952

 BOND    =    39348.3750  ANGLE   =      341.3615  DIHED      =      956.4551
 VDWAALS =    47607.6637  EEL     =  -295268.1853  HBOND      =        0.0000
 1-4 VDW =      714.1910  1-4 EEL =     8877.2275  RESTRAINT  =        0.0000


   NSTEP       ENERGY          RMS            GMAX         NAME    NUMBER
   4200      -1.9742E+05     5.4249E-01     9.1168E+01     O       11952

 BOND    =    39348.4272  ANGLE   =      341.3615  DIHED      =      956.4550
 VDWAALS =    47607.5532  EEL     =  -295262.5200  HBOND      =        0.0000
 1-4 VDW =      714.1909  1-4 EEL =     8877.2274  RESTRAINT  =        0.0000


   NSTEP       ENERGY          RMS            GMAX         NAME    NUMBER
   4250      -1.9741E+05     5.3769E-01     9.0354E+01     O       11952

 BOND    =    39348.4793  ANGLE   =      341.3615  DIHED      =      956.4551
 VDWAALS =    47607.4433  EEL     =  -295256.8827  HBOND      =        0.0000
 1-4 VDW =      714.1909  1-4 EEL =     8877.2274  RESTRAINT  =        0.0000


   NSTEP       ENERGY          RMS            GMAX         NAME    NUMBER
   4300      -1.9741E+05     5.3293E-01     8.9544E+01     O       11952

 BOND    =    39348.5314  ANGLE   =      341.3615  DIHED      =      956.4551
 VDWAALS =    47607.3342  EEL     =  -295251.2538  HBOND      =        0.0000
 1-4 VDW =      714.1909  1-4 EEL =     8877.2273  RESTRAINT  =        0.0000


   NSTEP       ENERGY          RMS            GMAX         NAME    NUMBER
   4350      -1.9740E+05     5.2813E-01     8.8730E+01     O       11952

 BOND    =    39348.5835  ANGLE   =      341.3616  DIHED      =      956.4553
 VDWAALS =    47607.2241  EEL     =  -295245.6032  HBOND      =        0.0000
 1-4 VDW =      714.1908  1-4 EEL =     8877.2273  RESTRAINT  =        0.0000


   NSTEP       ENERGY          RMS            GMAX         NAME    NUMBER
   4400      -1.9739E+05     5.2336E-01     8.7920E+01     O       11952

 BOND    =    39348.6356  ANGLE   =      341.3616  DIHED      =      956.4551
 VDWAALS =    47607.1147  EEL     =  -295239.9708  HBOND      =        0.0000
 1-4 VDW =      714.1908  1-4 EEL =     8877.2272  RESTRAINT  =        0.0000


   NSTEP       ENERGY          RMS            GMAX         NAME    NUMBER
   4450      -1.9739E+05     5.1857E-01     8.7105E+01     O       11952

 BOND    =    39348.6877  ANGLE   =      341.3616  DIHED      =      956.4552
 VDWAALS =    47607.0049  EEL     =  -295234.3650  HBOND      =        0.0000
 1-4 VDW =      714.1907  1-4 EEL =     8877.2271  RESTRAINT  =        0.0000


   NSTEP       ENERGY          RMS            GMAX         NAME    NUMBER
   4500      -1.9738E+05     5.1379E-01     8.6294E+01     O       11952

 BOND    =    39348.7398  ANGLE   =      341.3616  DIHED      =      956.4551
 VDWAALS =    47606.8951  EEL     =  -295228.7132  HBOND      =        0.0000
 1-4 VDW =      714.1907  1-4 EEL =     8877.2270  RESTRAINT  =        0.0000


   NSTEP       ENERGY          RMS            GMAX         NAME    NUMBER
   4550      -1.9738E+05     5.0902E-01     8.5483E+01     O       11952

 BOND    =    39348.7919  ANGLE   =      341.3617  DIHED      =      956.4551
 VDWAALS =    47606.7857  EEL     =  -295223.1308  HBOND      =        0.0000
 1-4 VDW =      714.1906  1-4 EEL =     8877.2270  RESTRAINT  =        0.0000


   NSTEP       ENERGY          RMS            GMAX         NAME    NUMBER
   4600      -1.9737E+05     5.0425E-01     8.4672E+01     O       11952

 BOND    =    39348.8439  ANGLE   =      341.3617  DIHED      =      956.4551
 VDWAALS =    47606.6759  EEL     =  -295217.5250  HBOND      =        0.0000
 1-4 VDW =      714.1906  1-4 EEL =     8877.2270  RESTRAINT  =        0.0000


   NSTEP       ENERGY          RMS            GMAX         NAME    NUMBER
   4650      -1.9737E+05     4.9950E-01     8.3864E+01     O       11952

 BOND    =    39348.8959  ANGLE   =      341.3617  DIHED      =      956.4553
 VDWAALS =    47606.5673  EEL     =  -295211.9424  HBOND      =        0.0000
 1-4 VDW =      714.1905  1-4 EEL =     8877.2269  RESTRAINT  =        0.0000


   NSTEP       ENERGY          RMS            GMAX         NAME    NUMBER
   4700      -1.9736E+05     4.9473E-01     8.3054E+01     O       11952

 BOND    =    39348.9480  ANGLE   =      341.3617  DIHED      =      956.4552
 VDWAALS =    47606.4580  EEL     =  -295206.3421  HBOND      =        0.0000
 1-4 VDW =      714.1905  1-4 EEL =     8877.2268  RESTRAINT  =        0.0000


   NSTEP       ENERGY          RMS            GMAX         NAME    NUMBER
   4750      -1.9736E+05     4.8998E-01     8.2244E+01     O       11952

 BOND    =    39349.0000  ANGLE   =      341.3618  DIHED      =      956.4552
 VDWAALS =    47606.3489  EEL     =  -295200.7816  HBOND      =        0.0000
 1-4 VDW =      714.1905  1-4 EEL =     8877.2267  RESTRAINT  =        0.0000


   NSTEP       ENERGY          RMS            GMAX         NAME    NUMBER
   4800      -1.9735E+05     4.8523E-01     8.1436E+01     O       11952

 BOND    =    39349.0520  ANGLE   =      341.3618  DIHED      =      956.4552
 VDWAALS =    47606.2397  EEL     =  -295195.2367  HBOND      =        0.0000
 1-4 VDW =      714.1904  1-4 EEL =     8877.2266  RESTRAINT  =        0.0000


   NSTEP       ENERGY          RMS            GMAX         NAME    NUMBER
   4850      -1.9735E+05     4.8046E-01     8.0627E+01     O       11952

 BOND    =    39349.1039  ANGLE   =      341.3618  DIHED      =      956.4552
 VDWAALS =    47606.1305  EEL     =  -295189.6429  HBOND      =        0.0000
 1-4 VDW =      714.1904  1-4 EEL =     8877.2265  RESTRAINT  =        0.0000


   NSTEP       ENERGY          RMS            GMAX         NAME    NUMBER
   4900      -1.9734E+05     4.7573E-01     7.9821E+01     O       11952

 BOND    =    39349.1559  ANGLE   =      341.3619  DIHED      =      956.4553
 VDWAALS =    47606.0220  EEL     =  -295184.1037  HBOND      =        0.0000
 1-4 VDW =      714.1903  1-4 EEL =     8877.2265  RESTRAINT  =        0.0000


   NSTEP       ENERGY          RMS            GMAX         NAME    NUMBER
   4950      -1.9733E+05     4.7098E-01     7.9013E+01     O       11952

 BOND    =    39349.2078  ANGLE   =      341.3619  DIHED      =      956.4552
 VDWAALS =    47605.9130  EEL     =  -295178.5489  HBOND      =        0.0000
 1-4 VDW =      714.1902  1-4 EEL =     8877.2264  RESTRAINT  =        0.0000


   NSTEP       ENERGY          RMS            GMAX         NAME    NUMBER
   5000      -1.9733E+05     4.6623E-01     7.8205E+01     O       11952

 BOND    =    39349.2598  ANGLE   =      341.3619  DIHED      =      956.4552
 VDWAALS =    47605.8037  EEL     =  -295173.0255  HBOND      =        0.0000
 1-4 VDW =      714.1902  1-4 EEL =     8877.2264  RESTRAINT  =        0.0000


   NSTEP       ENERGY          RMS            GMAX         NAME    NUMBER
   5050      -1.9732E+05     4.6151E-01     7.7403E+01     O       11952

 BOND    =    39349.3117  ANGLE   =      341.3620  DIHED      =      956.4552
 VDWAALS =    47605.6958  EEL     =  -295167.4801  HBOND      =        0.0000
 1-4 VDW =      714.1901  1-4 EEL =     8877.2263  RESTRAINT  =        0.0000


   NSTEP       ENERGY          RMS            GMAX         NAME    NUMBER
   5100      -1.9732E+05     4.5676E-01     7.6592E+01     O       11952

 BOND    =    39349.3636  ANGLE   =      341.3620  DIHED      =      956.4552
 VDWAALS =    47605.5863  EEL     =  -295161.9539  HBOND      =        0.0000
 1-4 VDW =      714.1901  1-4 EEL =     8877.2262  RESTRAINT  =        0.0000


   NSTEP       ENERGY          RMS            GMAX         NAME    NUMBER
   5150      -1.9731E+05     4.5203E-01     7.5785E+01     O       11952

 BOND    =    39349.4154  ANGLE   =      341.3620  DIHED      =      956.4553
 VDWAALS =    47605.4773  EEL     =  -295156.4550  HBOND      =        0.0000
 1-4 VDW =      714.1900  1-4 EEL =     8877.2262  RESTRAINT  =        0.0000


   NSTEP       ENERGY          RMS            GMAX         NAME    NUMBER
   5200      -1.9731E+05     4.4732E-01     7.4981E+01     O       11952

 BOND    =    39349.4673  ANGLE   =      341.3620  DIHED      =      956.4553
 VDWAALS =    47605.3692  EEL     =  -295150.9753  HBOND      =        0.0000
 1-4 VDW =      714.1900  1-4 EEL =     8877.2261  RESTRAINT  =        0.0000


   NSTEP       ENERGY          RMS            GMAX         NAME    NUMBER
   5250      -1.9730E+05     4.4260E-01     7.4179E+01     O       11952

 BOND    =    39349.5191  ANGLE   =      341.3621  DIHED      =      956.4553
 VDWAALS =    47605.2608  EEL     =  -295145.4422  HBOND      =        0.0000
 1-4 VDW =      714.1899  1-4 EEL =     8877.2260  RESTRAINT  =        0.0000


   NSTEP       ENERGY          RMS            GMAX         NAME    NUMBER
   5300      -1.9730E+05     4.3790E-01     7.3377E+01     O       11952

 BOND    =    39349.5710  ANGLE   =      341.3621  DIHED      =      956.4553
 VDWAALS =    47605.1528  EEL     =  -295139.9749  HBOND      =        0.0000
 1-4 VDW =      714.1899  1-4 EEL =     8877.2259  RESTRAINT  =        0.0000


   NSTEP       ENERGY          RMS            GMAX         NAME    NUMBER
   5350      -1.9729E+05     4.3318E-01     7.2573E+01     O       11952

 BOND    =    39349.6228  ANGLE   =      341.3621  DIHED      =      956.4553
 VDWAALS =    47605.0441  EEL     =  -295134.4964  HBOND      =        0.0000
 1-4 VDW =      714.1898  1-4 EEL =     8877.2258  RESTRAINT  =        0.0000


   NSTEP       ENERGY          RMS            GMAX         NAME    NUMBER
   5400      -1.9729E+05     4.2848E-01     7.1770E+01     O       11952

 BOND    =    39349.6745  ANGLE   =      341.3622  DIHED      =      956.4554
 VDWAALS =    47604.9360  EEL     =  -295129.0221  HBOND      =        0.0000
 1-4 VDW =      714.1898  1-4 EEL =     8877.2258  RESTRAINT  =        0.0000


   NSTEP       ENERGY          RMS            GMAX         NAME    NUMBER
   5450      -1.9728E+05     4.2378E-01     7.0968E+01     O       11952

 BOND    =    39349.7263  ANGLE   =      341.3622  DIHED      =      956.4554
 VDWAALS =    47604.8278  EEL     =  -295123.5621  HBOND      =        0.0000
 1-4 VDW =      714.1897  1-4 EEL =     8877.2257  RESTRAINT  =        0.0000


   NSTEP       ENERGY          RMS            GMAX         NAME    NUMBER
   5500      -1.9727E+05     4.1908E-01     7.0167E+01     O       11952

 BOND    =    39349.7780  ANGLE   =      341.3622  DIHED      =      956.4554
 VDWAALS =    47604.7198  EEL     =  -295118.1077  HBOND      =        0.0000
 1-4 VDW =      714.1897  1-4 EEL =     8877.2256  RESTRAINT  =        0.0000


   NSTEP       ENERGY          RMS            GMAX         NAME    NUMBER
   5550      -1.9727E+05     4.1438E-01     6.9363E+01     O       11952

 BOND    =    39349.8297  ANGLE   =      341.3623  DIHED      =      956.4554
 VDWAALS =    47604.6116  EEL     =  -295112.6571  HBOND      =        0.0000
 1-4 VDW =      714.1896  1-4 EEL =     8877.2255  RESTRAINT  =        0.0000


   NSTEP       ENERGY          RMS            GMAX         NAME    NUMBER
   5600      -1.9726E+05     4.0970E-01     6.8564E+01     O       11952

 BOND    =    39349.8814  ANGLE   =      341.3623  DIHED      =      956.4554
 VDWAALS =    47604.5041  EEL     =  -295107.2091  HBOND      =        0.0000
 1-4 VDW =      714.1895  1-4 EEL =     8877.2254  RESTRAINT  =        0.0000


   NSTEP       ENERGY          RMS            GMAX         NAME    NUMBER
   5650      -1.9726E+05     4.0503E-01     6.7766E+01     O       11952

 BOND    =    39349.9331  ANGLE   =      341.3623  DIHED      =      956.4555
 VDWAALS =    47604.3969  EEL     =  -295101.7891  HBOND      =        0.0000
 1-4 VDW =      714.1895  1-4 EEL =     8877.2254  RESTRAINT  =        0.0000


   NSTEP       ENERGY          RMS            GMAX         NAME    NUMBER
   5700      -1.9725E+05     4.0033E-01     6.6963E+01     O       11952

 BOND    =    39349.9847  ANGLE   =      341.3624  DIHED      =      956.4554
 VDWAALS =    47604.2886  EEL     =  -295096.3494  HBOND      =        0.0000
 1-4 VDW =      714.1894  1-4 EEL =     8877.2252  RESTRAINT  =        0.0000


   NSTEP       ENERGY          RMS            GMAX         NAME    NUMBER
   5750      -1.9725E+05     3.9566E-01     6.6165E+01     O       11952

 BOND    =    39350.0364  ANGLE   =      341.3624  DIHED      =      956.4555
 VDWAALS =    47604.1810  EEL     =  -295090.9375  HBOND      =        0.0000
 1-4 VDW =      714.1894  1-4 EEL =     8877.2252  RESTRAINT  =        0.0000


   NSTEP       ENERGY          RMS            GMAX         NAME    NUMBER
   5800      -1.9724E+05     3.9102E-01     6.5370E+01     O       11952

 BOND    =    39350.0879  ANGLE   =      341.3624  DIHED      =      956.4554
 VDWAALS =    47604.0738  EEL     =  -295085.5538  HBOND      =        0.0000
 1-4 VDW =      714.1893  1-4 EEL =     8877.2251  RESTRAINT  =        0.0000


   NSTEP       ENERGY          RMS            GMAX         NAME    NUMBER
   5850      -1.9724E+05     3.8633E-01     6.4568E+01     O       11952

 BOND    =    39350.1395  ANGLE   =      341.3625  DIHED      =      956.4556
 VDWAALS =    47603.9656  EEL     =  -295080.1383  HBOND      =        0.0000
 1-4 VDW =      714.1893  1-4 EEL =     8877.2250  RESTRAINT  =        0.0000


   NSTEP       ENERGY          RMS            GMAX         NAME    NUMBER
   5900      -1.9723E+05     3.8168E-01     6.3771E+01     O       11952

 BOND    =    39350.1910  ANGLE   =      341.3625  DIHED      =      956.4555
 VDWAALS =    47603.8581  EEL     =  -295074.7571  HBOND      =        0.0000
 1-4 VDW =      714.1892  1-4 EEL =     8877.2249  RESTRAINT  =        0.0000


   NSTEP       ENERGY          RMS            GMAX         NAME    NUMBER
   5950      -1.9723E+05     3.7704E-01     6.2976E+01     O       11952

 BOND    =    39350.2425  ANGLE   =      341.3626  DIHED      =      956.4556
 VDWAALS =    47603.7513  EEL     =  -295069.3896  HBOND      =        0.0000
 1-4 VDW =      714.1891  1-4 EEL =     8877.2248  RESTRAINT  =        0.0000


   NSTEP       ENERGY          RMS            GMAX         NAME    NUMBER
   6000      -1.9722E+05     3.7240E-01     6.2182E+01     O       11952

 BOND    =    39350.2940  ANGLE   =      341.3626  DIHED      =      956.4556
 VDWAALS =    47603.6449  EEL     =  -295064.0051  HBOND      =        0.0000
 1-4 VDW =      714.1891  1-4 EEL =     8877.2247  RESTRAINT  =        0.0000


   NSTEP       ENERGY          RMS            GMAX         NAME    NUMBER
   6050      -1.9722E+05     3.6777E-01     6.1387E+01     O       11952

 BOND    =    39350.3455  ANGLE   =      341.3626  DIHED      =      956.4556
 VDWAALS =    47603.5380  EEL     =  -295058.6376  HBOND      =        0.0000
 1-4 VDW =      714.1890  1-4 EEL =     8877.2246  RESTRAINT  =        0.0000


   NSTEP       ENERGY          RMS            GMAX         NAME    NUMBER
   6100      -1.9721E+05     3.6313E-01     6.0591E+01     O       11952

 BOND    =    39350.3969  ANGLE   =      341.3627  DIHED      =      956.4556
 VDWAALS =    47603.4307  EEL     =  -295053.2871  HBOND      =        0.0000
 1-4 VDW =      714.1889  1-4 EEL =     8877.2245  RESTRAINT  =        0.0000


   NSTEP       ENERGY          RMS            GMAX         NAME    NUMBER
   6150      -1.9720E+05     3.5851E-01     5.9799E+01     O       11952

 BOND    =    39350.4483  ANGLE   =      341.3627  DIHED      =      956.4555
 VDWAALS =    47603.3241  EEL     =  -295047.9472  HBOND      =        0.0000
 1-4 VDW =      714.1889  1-4 EEL =     8877.2245  RESTRAINT  =        0.0000


   NSTEP       ENERGY          RMS            GMAX         NAME    NUMBER
   6200      -1.9720E+05     3.5391E-01     5.9009E+01     O       11952

 BOND    =    39350.4996  ANGLE   =      341.3627  DIHED      =      956.4556
 VDWAALS =    47603.2178  EEL     =  -295042.6297  HBOND      =        0.0000
 1-4 VDW =      714.1888  1-4 EEL =     8877.2243  RESTRAINT  =        0.0000


   NSTEP       ENERGY          RMS            GMAX         NAME    NUMBER
   6250      -1.9719E+05     3.4930E-01     5.8215E+01     O       11952

 BOND    =    39350.5509  ANGLE   =      341.3628  DIHED      =      956.4557
 VDWAALS =    47603.1112  EEL     =  -295037.2993  HBOND      =        0.0000
 1-4 VDW =      714.1887  1-4 EEL =     8877.2242  RESTRAINT  =        0.0000


   NSTEP       ENERGY          RMS            GMAX         NAME    NUMBER
   6300      -1.9719E+05     3.4470E-01     5.7423E+01     O       11952

 BOND    =    39350.6022  ANGLE   =      341.3628  DIHED      =      956.4556
 VDWAALS =    47603.0049  EEL     =  -295031.9977  HBOND      =        0.0000
 1-4 VDW =      714.1887  1-4 EEL =     8877.2241  RESTRAINT  =        0.0000


   NSTEP       ENERGY          RMS            GMAX         NAME    NUMBER
   6350      -1.9718E+05     3.4011E-01     5.6632E+01     O       11952

 BOND    =    39350.6534  ANGLE   =      341.3629  DIHED      =      956.4556
 VDWAALS =    47602.8987  EEL     =  -295026.6825  HBOND      =        0.0000
 1-4 VDW =      714.1886  1-4 EEL =     8877.2240  RESTRAINT  =        0.0000


   NSTEP       ENERGY          RMS            GMAX         NAME    NUMBER
   6400      -1.9718E+05     3.3551E-01     5.5843E+01     O       11952

 BOND    =    39350.7046  ANGLE   =      341.3629  DIHED      =      956.4556
 VDWAALS =    47602.7924  EEL     =  -295021.3707  HBOND      =        0.0000
 1-4 VDW =      714.1885  1-4 EEL =     8877.2239  RESTRAINT  =        0.0000


   NSTEP       ENERGY          RMS            GMAX         NAME    NUMBER
   6450      -1.9717E+05     3.3093E-01     5.5051E+01     O       11952

 BOND    =    39350.7557  ANGLE   =      341.3630  DIHED      =      956.4557
 VDWAALS =    47602.6854  EEL     =  -295016.0843  HBOND      =        0.0000
 1-4 VDW =      714.1885  1-4 EEL =     8877.2238  RESTRAINT  =        0.0000


   NSTEP       ENERGY          RMS            GMAX         NAME    NUMBER
   6500      -1.9717E+05     3.2637E-01     5.4267E+01     O       11952

 BOND    =    39350.8068  ANGLE   =      341.3630  DIHED      =      956.4556
 VDWAALS =    47602.5808  EEL     =  -295010.8046  HBOND      =        0.0000
 1-4 VDW =      714.1884  1-4 EEL =     8877.2237  RESTRAINT  =        0.0000


   NSTEP       ENERGY          RMS            GMAX         NAME    NUMBER
   6550      -1.9716E+05     3.2180E-01     5.3478E+01     O       11952

 BOND    =    39350.8579  ANGLE   =      341.3630  DIHED      =      956.4556
 VDWAALS =    47602.4749  EEL     =  -295005.5341  HBOND      =        0.0000
 1-4 VDW =      714.1883  1-4 EEL =     8877.2236  RESTRAINT  =        0.0000


   NSTEP       ENERGY          RMS            GMAX         NAME    NUMBER
   6600      -1.9716E+05     3.1725E-01     5.2691E+01     O       11952

 BOND    =    39350.9089  ANGLE   =      341.3631  DIHED      =      956.4555
 VDWAALS =    47602.3691  EEL     =  -295000.2936  HBOND      =        0.0000
 1-4 VDW =      714.1883  1-4 EEL =     8877.2235  RESTRAINT  =        0.0000


   NSTEP       ENERGY          RMS            GMAX         NAME    NUMBER
   6650      -1.9715E+05     3.1271E-01     5.1908E+01     O       11952

 BOND    =    39350.9599  ANGLE   =      341.3631  DIHED      =      956.4556
 VDWAALS =    47602.2645  EEL     =  -294995.0304  HBOND      =        0.0000
 1-4 VDW =      714.1882  1-4 EEL =     8877.2234  RESTRAINT  =        0.0000


   NSTEP       ENERGY          RMS            GMAX         NAME    NUMBER
   6700      -1.9715E+05     3.0816E-01     5.1121E+01     O       11952

 BOND    =    39351.0108  ANGLE   =      341.3632  DIHED      =      956.4556
 VDWAALS =    47602.1589  EEL     =  -294989.7920  HBOND      =        0.0000
 1-4 VDW =      714.1881  1-4 EEL =     8877.2232  RESTRAINT  =        0.0000


   NSTEP       ENERGY          RMS            GMAX         NAME    NUMBER
   6750      -1.9714E+05     3.0364E-01     5.0338E+01     O       11952

 BOND    =    39351.0617  ANGLE   =      341.3632  DIHED      =      956.4557
 VDWAALS =    47602.0539  EEL     =  -294984.5710  HBOND      =        0.0000
 1-4 VDW =      714.1880  1-4 EEL =     8877.2232  RESTRAINT  =        0.0000


   NSTEP       ENERGY          RMS            GMAX         NAME    NUMBER
   6800      -1.9714E+05     2.9914E-01     4.9558E+01     O       11952

 BOND    =    39351.1125  ANGLE   =      341.3633  DIHED      =      956.4557
 VDWAALS =    47601.9494  EEL     =  -294979.3475  HBOND      =        0.0000
 1-4 VDW =      714.1879  1-4 EEL =     8877.2231  RESTRAINT  =        0.0000


   NSTEP       ENERGY          RMS            GMAX         NAME    NUMBER
   6850      -1.9713E+05     2.9463E-01     4.8774E+01     O       11952

 BOND    =    39351.1632  ANGLE   =      341.3633  DIHED      =      956.4557
 VDWAALS =    47601.8434  EEL     =  -294974.1770  HBOND      =        0.0000
 1-4 VDW =      714.1879  1-4 EEL =     8877.2229  RESTRAINT  =        0.0000


   NSTEP       ENERGY          RMS            GMAX         NAME    NUMBER
   6900      -1.9713E+05     2.9015E-01     4.7995E+01     O       11952

 BOND    =    39351.2139  ANGLE   =      341.3634  DIHED      =      956.4558
 VDWAALS =    47601.7391  EEL     =  -294968.9583  HBOND      =        0.0000
 1-4 VDW =      714.1878  1-4 EEL =     8877.2228  RESTRAINT  =        0.0000


   NSTEP       ENERGY          RMS            GMAX         NAME    NUMBER
   6950      -1.9712E+05     2.8567E-01     4.7218E+01     O       11952

 BOND    =    39351.2645  ANGLE   =      341.3634  DIHED      =      956.4558
 VDWAALS =    47601.6348  EEL     =  -294963.7802  HBOND      =        0.0000
 1-4 VDW =      714.1877  1-4 EEL =     8877.2226  RESTRAINT  =        0.0000


   NSTEP       ENERGY          RMS            GMAX         NAME    NUMBER
   7000      -1.9712E+05     2.8119E-01     4.6437E+01     O       11952

 BOND    =    39351.3151  ANGLE   =      341.3635  DIHED      =      956.4559
 VDWAALS =    47601.5298  EEL     =  -294958.6236  HBOND      =        0.0000
 1-4 VDW =      714.1876  1-4 EEL =     8877.2225  RESTRAINT  =        0.0000


   NSTEP       ENERGY          RMS            GMAX         NAME    NUMBER
   7050      -1.9711E+05     2.7674E-01     4.5660E+01     O       11952

 BOND    =    39351.3656  ANGLE   =      341.3635  DIHED      =      956.4559
 VDWAALS =    47601.4258  EEL     =  -294953.4648  HBOND      =        0.0000
 1-4 VDW =      714.1876  1-4 EEL =     8877.2224  RESTRAINT  =        0.0000


   NSTEP       ENERGY          RMS            GMAX         NAME    NUMBER
   7100      -1.9711E+05     2.7230E-01     4.4885E+01     O       11952

 BOND    =    39351.4160  ANGLE   =      341.3636  DIHED      =      956.4559
 VDWAALS =    47601.3220  EEL     =  -294948.3323  HBOND      =        0.0000
 1-4 VDW =      714.1875  1-4 EEL =     8877.2223  RESTRAINT  =        0.0000


   NSTEP       ENERGY          RMS            GMAX         NAME    NUMBER
   7150      -1.9710E+05     2.6789E-01     4.4114E+01     O       11952

 BOND    =    39351.4663  ANGLE   =      341.3636  DIHED      =      956.4560
 VDWAALS =    47601.2188  EEL     =  -294943.2062  HBOND      =        0.0000
 1-4 VDW =      714.1874  1-4 EEL =     8877.2221  RESTRAINT  =        0.0000

     .... RESTARTED DUE TO LINMIN FAILURE ...


   NSTEP       ENERGY          RMS            GMAX         NAME    NUMBER
   7200      -1.9710E+05     2.6347E-01     4.3339E+01     O       11952

 BOND    =    39351.5166  ANGLE   =      341.3637  DIHED      =      956.4559
 VDWAALS =    47601.1149  EEL     =  -294938.0996  HBOND      =        0.0000
 1-4 VDW =      714.1873  1-4 EEL =     8877.2221  RESTRAINT  =        0.0000


   NSTEP       ENERGY          RMS            GMAX         NAME    NUMBER
   7250      -1.9709E+05     2.5905E-01     4.2568E+01     O       11952

 BOND    =    39351.5668  ANGLE   =      341.3637  DIHED      =      956.4560
 VDWAALS =    47601.0113  EEL     =  -294932.9487  HBOND      =        0.0000
 1-4 VDW =      714.1872  1-4 EEL =     8877.2219  RESTRAINT  =        0.0000


   NSTEP       ENERGY          RMS            GMAX         NAME    NUMBER
   7300      -1.9709E+05     2.5469E-01     4.1800E+01     O       11952

 BOND    =    39351.6169  ANGLE   =      341.3638  DIHED      =      956.4559
 VDWAALS =    47600.9085  EEL     =  -294927.8922  HBOND      =        0.0000
 1-4 VDW =      714.1871  1-4 EEL =     8877.2217  RESTRAINT  =        0.0000


   NSTEP       ENERGY          RMS            GMAX         NAME    NUMBER
   7350      -1.9708E+05     2.5031E-01     4.1032E+01     O       11952

 BOND    =    39351.6669  ANGLE   =      341.3638  DIHED      =      956.4559
 VDWAALS =    47600.8055  EEL     =  -294922.8073  HBOND      =        0.0000
 1-4 VDW =      714.1870  1-4 EEL =     8877.2216  RESTRAINT  =        0.0000

     .... RESTARTED DUE TO LINMIN FAILURE ...


   NSTEP       ENERGY          RMS            GMAX         NAME    NUMBER
   7400      -1.9708E+05     2.4598E-01     4.0267E+01     O       11952

 BOND    =    39351.7168  ANGLE   =      341.3639  DIHED      =      956.4559
 VDWAALS =    47600.7035  EEL     =  -294917.7557  HBOND      =        0.0000
 1-4 VDW =      714.1869  1-4 EEL =     8877.2216  RESTRAINT  =        0.0000

     .... RESTARTED DUE TO LINMIN FAILURE ...


   NSTEP       ENERGY          RMS            GMAX         NAME    NUMBER
   7450      -1.9707E+05     2.4162E-01     3.9498E+01     O       11952

 BOND    =    39351.7666  ANGLE   =      341.3639  DIHED      =      956.4559
 VDWAALS =    47600.6007  EEL     =  -294912.6827  HBOND      =        0.0000
 1-4 VDW =      714.1868  1-4 EEL =     8877.2215  RESTRAINT  =        0.0000


   NSTEP       ENERGY          RMS            GMAX         NAME    NUMBER
   7500      -1.9707E+05     2.3732E-01     3.8739E+01     O       11952

 BOND    =    39351.8163  ANGLE   =      341.3640  DIHED      =      956.4561
 VDWAALS =    47600.4988  EEL     =  -294907.6576  HBOND      =        0.0000
 1-4 VDW =      714.1867  1-4 EEL =     8877.2213  RESTRAINT  =        0.0000


   NSTEP       ENERGY          RMS            GMAX         NAME    NUMBER
   7550      -1.9706E+05     2.3302E-01     3.7975E+01     O       11952

 BOND    =    39351.8659  ANGLE   =      341.3641  DIHED      =      956.4561
 VDWAALS =    47600.3961  EEL     =  -294902.6568  HBOND      =        0.0000
 1-4 VDW =      714.1866  1-4 EEL =     8877.2211  RESTRAINT  =        0.0000

     .... RESTARTED DUE TO LINMIN FAILURE ...


   NSTEP       ENERGY          RMS            GMAX         NAME    NUMBER
   7600      -1.9706E+05     2.2876E-01     3.7218E+01     O       11952

 BOND    =    39351.9154  ANGLE   =      341.3641  DIHED      =      956.4561
 VDWAALS =    47600.2952  EEL     =  -294897.6672  HBOND      =        0.0000
 1-4 VDW =      714.1865  1-4 EEL =     8877.2209  RESTRAINT  =        0.0000


   NSTEP       ENERGY          RMS            GMAX         NAME    NUMBER
   7650      -1.9705E+05     2.2450E-01     3.6459E+01     O       11952

 BOND    =    39351.9648  ANGLE   =      341.3642  DIHED      =      956.4562
 VDWAALS =    47600.1944  EEL     =  -294892.6734  HBOND      =        0.0000
 1-4 VDW =      714.1864  1-4 EEL =     8877.2208  RESTRAINT  =        0.0000


   NSTEP       ENERGY          RMS            GMAX         NAME    NUMBER
   7700      -1.9705E+05     2.2028E-01     3.5706E+01     O       11952

 BOND    =    39352.0140  ANGLE   =      341.3642  DIHED      =      956.4562
 VDWAALS =    47600.0939  EEL     =  -294887.7083  HBOND      =        0.0000
 1-4 VDW =      714.1863  1-4 EEL =     8877.2207  RESTRAINT  =        0.0000


   NSTEP       ENERGY          RMS            GMAX         NAME    NUMBER
   7750      -1.9704E+05     2.1607E-01     3.4953E+01     O       11952

 BOND    =    39352.0631  ANGLE   =      341.3643  DIHED      =      956.4562
 VDWAALS =    47599.9927  EEL     =  -294882.7690  HBOND      =        0.0000
 1-4 VDW =      714.1862  1-4 EEL =     8877.2205  RESTRAINT  =        0.0000

     .... RESTARTED DUE TO LINMIN FAILURE ...


                    FINAL RESULTS



   NSTEP       ENERGY          RMS            GMAX         NAME    NUMBER
   7789      -1.9704E+05     2.1274E-01     3.4357E+01     O       11952

 BOND    =    39352.1023  ANGLE   =      341.3644  DIHED      =      956.4561
 VDWAALS =    47599.9133  EEL     =  -294878.8166  HBOND      =        0.0000
 1-4 VDW =      714.1861  1-4 EEL =     8877.2204  RESTRAINT  =        0.0000

     ***** REPEATED LINMIN FAILURE *****
--------------------------------------------------------------------------------
   5.  TIMINGS
--------------------------------------------------------------------------------

|  NonSetup CPU Time in Major Routines:
|
|     Routine           Sec        %
|     ------------------------------
|     Nonbond          14.08   37.92
|     Bond              0.00    0.00
|     Angle             0.00    0.00
|     Dihedral          0.00    0.00
|     Shake             0.00    0.00
|     Other            23.06   62.08
|     ------------------------------
|     Total            37.14

|  PME Nonbond Pairlist CPU Time:
|
|     Routine              Sec        %
|     ---------------------------------
|     Set Up Cit           0.00    0.00
|     Build List           0.00    0.00
|     ---------------------------------
|     Total                0.00    0.00

|  PME Direct Force CPU Time:
|
|     Routine              Sec        %
|     ---------------------------------
|     NonBonded Calc       0.00    0.00
|     Exclude Masked       0.00    0.00
|     Other                0.02    0.05
|     ---------------------------------
|     Total                0.02    0.05

|  PME Reciprocal Force CPU Time:
|
|     Routine              Sec        %
|     ---------------------------------
|     1D bspline           0.00    0.00
|     Grid Charges         0.00    0.00
|     Scalar Sum           0.00    0.00
|     Gradient Sum         0.00    0.00
|     FFT                  0.00    0.00
|     ---------------------------------
|     Total                0.00    0.00

|  Setup CPU time:            2.17 seconds
|  NonSetup CPU time:        37.14 seconds
|  Total CPU time:           39.32 seconds     0.01 hours

|  Setup wall time:           3    seconds
|  NonSetup wall time:       37    seconds
|  Total wall time:          40    seconds     0.01 hours
