
          -------------------------------------------------------
          Amber 18 PMEMD                              2018
          -------------------------------------------------------

| PMEMD implementation of SANDER, Release 18

| Run on 07/02/2021 at 13:06:37

|   Executable path: pmemd.cuda
| Working directory: /home/bozhanng/Abs_MD/HEPC3-1_Fv_full_relaxed2
|          Hostname: bf21

  [-O]verwriting output

File Assignments:
|   MDIN: minall_HEPC3-1_Fv_full_relaxed2.in                                    
|  MDOUT: minall_HEPC3-1_Fv_full_relaxed2.out                                   
| INPCRD: minpro_HEPC3-1_Fv_full_relaxed2.crd                                   
|   PARM: HEPC3-1_Fv_full_relaxed2.parm7                                        
| RESTRT: minall_HEPC3-1_Fv_full_relaxed2.crd                                   
|   REFC: refc                                                                  
|  MDVEL: mdvel                                                                 
|   MDEN: mden                                                                  
|  MDCRD: mdcrd                                                                 
| MDINFO: mdinfo                                                                
|  MDFRC: mdfrc                                                                 


 Here is the input file:

Initial minimization                                                           
 &cntrl                                                                        
  ntx    = 1,       irest  = 0,       ntrx   = 1,      ntxo   = 1,             
  ntpr   = 50,      ntwx   = 0,       ntwv   = 0,      ntwe   = 0,             
                                                                               
  ntf    = 1,       ntb    = 1,                                                
  cut    = 8.0,     nsnb   = 10,                                               
                                                                               
  ibelly = 0,       ntr    = 0,                                                
                                                                               
  imin   = 1,                                                                  
  maxcyc = 10000,                                                              
  ncyc   = 500,                                                                
  ntmin  = 1,       dx0    = 0.1,     dxm    = 0.5,     drms   = 0.0001,       
                                                                               
  ntc    = 1,       tol    = 0.000001,                                         
                                                                               
 &end                                                                          


Note: ig = -1. Setting random seed to   494421 based on wallclock time in 
      microseconds.
| irandom = 1, using AMBER's internal random number generator (default).
| INFO:    The nsnb ctrl option does not affect nonbonded list update frequency.
|          It does affect steepest descent minimization freq if ntmin == 0
| INFO:    The dxm ctrl option is deprecated and ignored.
 
|--------------------- INFORMATION ----------------------
| GPU (CUDA) Version of PMEMD in use: NVIDIA GPU IN USE.
|                    Version 18.0.0
| 
|                      03/25/2018
| 
| Implementation by:
|                    Ross C. Walker     (SDSC)
|                    Scott Le Grand     (nVIDIA)
| 
| Version 18 performance extensions by:
|                    David Cerutti     (Rutgers)
| 
| Precision model in use:
|      [SPFP] - Single Precision Forces, 64-bit Fixed Point
|               Accumulation. (Default)
| 
|--------------------------------------------------------
 
|----------------- CITATION INFORMATION -----------------
|
|    When publishing work that utilized the CUDA version
|    of AMBER, please cite the following in addition to
|    the regular AMBER citations:
|
|  - Romelia Salomon-Ferrer; Andreas W. Goetz; Duncan
|    Poole; Scott Le Grand; Ross C. Walker "Routine
|    microsecond molecular dynamics simulations with
|    AMBER - Part II: Particle Mesh Ewald", J. Chem.
|    Theory Comput., 2013, 9 (9), pp3878-3888,
|    DOI: 10.1021/ct400314y.
|
|  - Andreas W. Goetz; Mark J. Williamson; Dong Xu;
|    Duncan Poole; Scott Le Grand; Ross C. Walker
|    "Routine microsecond molecular dynamics simulations
|    with AMBER - Part I: Generalized Born", J. Chem.
|    Theory Comput., 2012, 8 (5), pp1542-1555.
|
|  - Scott Le Grand; Andreas W. Goetz; Ross C. Walker
|    "SPFP: Speed without compromise - a mixed precision
|    model for GPU accelerated molecular dynamics
|    simulations.", Comp. Phys. Comm., 2013, 184
|    pp374-380, DOI: 10.1016/j.cpc.2012.09.022
|
|--------------------------------------------------------
 
|------------------- GPU DEVICE INFO --------------------
|
|            CUDA_VISIBLE_DEVICES: 0
|   CUDA Capable Devices Detected:      1
|           CUDA Device ID in use:      0
|                CUDA Device Name: GeForce GTX 1080
|     CUDA Device Global Mem Size:   8119 MB
| CUDA Device Num Multiprocessors:     20
|           CUDA Device Core Freq:   1.73 GHz
|
|--------------------------------------------------------
 
 
| Conditional Compilation Defines Used:
| PUBFFT
| BINTRAJ
| MKL
| CUDA
| EMIL

| Largest sphere to fit in unit cell has radius =    35.843

| New format PARM file being parsed.
| Version =    1.000 Date = 07/02/21 Time = 13:04:03

| Note: 1-4 EEL scale factors are being read from the topology file.

| Note: 1-4 VDW scale factors are being read from the topology file.
| Duplicated    0 dihedrals

| Duplicated    0 dihedrals

--------------------------------------------------------------------------------
   1.  RESOURCE   USE: 
--------------------------------------------------------------------------------

 getting new box info from bottom of inpcrd
 NATOM  =   45159 NTYPES =      18 NBONH =   32966 MBONA  =   12227
 NTHETH =    3878 MTHETA =    2456 NPHIH =    8128 MPHIA  =    7794
 NHPARM =       0 NPARM  =       0 NNB   =   92099 NRES   =   10657
 NBONA  =   12227 NTHETA =    2456 NPHIA =    7794 NUMBND =      72
 NUMANG =     171 NPTRA  =     194 NATYP =      36 NPHB   =       1
 IFBOX  =       1 NMXRS  =      25 IFCAP =       0 NEXTRA =   10416
 NCOPY  =       0

| Coordinate Index Table dimensions:    16   15   18
| Direct force subcell size =     4.6376    4.7791    4.5126

     BOX TYPE: RECTILINEAR

--------------------------------------------------------------------------------
   2.  CONTROL  DATA  FOR  THE  RUN
--------------------------------------------------------------------------------

default_name                                                                    

General flags:
     imin    =       1, nmropt  =       0

Nature and format of input:
     ntx     =       1, irest   =       0, ntrx    =       1

Nature and format of output:
     ntxo    =       1, ntpr    =      50, ntrx    =       1, ntwr    =       1
     iwrap   =       0, ntwx    =       0, ntwv    =       0, ntwe    =       0
     ioutfm  =       1, ntwprt  =       0, idecomp =       0, rbornstat=      0

Potential function:
     ntf     =       1, ntb     =       1, igb     =       0, nsnb    =      10
     ipol    =       0, gbsa    =       0, iesp    =       0
     dielc   =   1.00000, cut     =   8.00000, intdiel =   1.00000

Frozen or restrained atoms:
     ibelly  =       0, ntr     =       0

Energy minimization:
     maxcyc  =   10000, ncyc    =     500, ntmin   =       1
     dx0     =   0.10000, drms    =   0.00010

| Intermolecular bonds treatment:
|     no_intermolecular_bonds =       1

| Energy averages sample interval:
|     ene_avg_sampling =       1

Extra-points options:
     frameon =       1, chngmask=       1

Ewald parameters:
     verbose =       0, ew_type =       0, nbflag  =       1, use_pme =       1
     vdwmeth =       1, eedmeth =       1, netfrc  =       0
     Box X =   74.202   Box Y =   71.687   Box Z =   81.227
     Alpha =   90.000   Beta  =   90.000   Gamma =   90.000
     NFFT1 =   80       NFFT2 =   72       NFFT3 =   84
     Cutoff=    8.000   Tol   =0.100E-04
     Ewald Coefficient =  0.34864
     Interpolation order =    4
|      EXTRA_PTS, trim_bonds: num bonds BEFORE trim = 32966     0
|      EXTRA_PTS, trim_bonds: num bonds AFTER  trim = 32966     0
|      EXTRA_PTS, trim_bonds: num bonds BEFORE trim = 12227     0
|      EXTRA_PTS, trim_bonds: num bonds AFTER  trim =  1811     0
|      EXTRA_PTS, trim_theta: num angle BEFORE trim =  3878     0
|      EXTRA_PTS, trim_theta: num angle AFTER  trim =  3878     0
|      EXTRA_PTS, trim_theta: num angle BEFORE trim =  2456     0
|      EXTRA_PTS, trim_theta: num angle AFTER  trim =  2456     0
|      EXTRA_PTS, trim_phi:  num diheds BEFORE trim =  8128     0
|      EXTRA_PTS, trim_phi:  num diheds AFTER  trim =  8128     0
|      EXTRA_PTS, trim_phi:  num diheds BEFORE trim =  7794     0
|      EXTRA_PTS, trim_phi:  num diheds AFTER  trim =  7794     0

--------------------------------------------------------------------------------
   3.  ATOMIC COORDINATES AND VELOCITIES
--------------------------------------------------------------------------------

default_name                                                                    
 begin time read from input coords =     0.000 ps

 
 Number of triangulated 3-point waters found:    10416

     Sum of charges from parm topology file =   0.00005696
     Forcing neutrality...

| Dynamic Memory, Types Used:
| Reals             1181535
| Integers          2897761

| Nonbonded Pairs Initial Allocation:     7542681

| GPU memory information (estimate):
| KB of GPU memory in use:         0
| KB of CPU memory in use:         0

--------------------------------------------------------------------------------
   4.  RESULTS
--------------------------------------------------------------------------------



   NSTEP       ENERGY          RMS            GMAX         NAME    NUMBER
      1      -1.9241E+05     2.8641E-01     7.0477E+01     O       30532

 BOND    =    38252.6174  ANGLE   =      302.3499  DIHED      =      916.1696
 VDWAALS =    46380.0390  EEL     =  -288161.7265  HBOND      =        0.0000
 1-4 VDW =      713.2087  1-4 EEL =     9186.1212  RESTRAINT  =        0.0000


   NSTEP       ENERGY          RMS            GMAX         NAME    NUMBER
     50      -1.9215E+05     9.4212E-02     4.4339E+00     O         382

 BOND    =    38257.8254  ANGLE   =      303.4347  DIHED      =      916.4258
 VDWAALS =    46374.9768  EEL     =  -287896.3873  HBOND      =        0.0000
 1-4 VDW =      712.0056  1-4 EEL =     9183.3360  RESTRAINT  =        0.0000


   NSTEP       ENERGY          RMS            GMAX         NAME    NUMBER
    100      -1.9215E+05     9.2983E-02     4.4177E+00     O         382

 BOND    =    38258.4755  ANGLE   =      303.9248  DIHED      =      916.5569
 VDWAALS =    46375.4147  EEL     =  -287902.3054  HBOND      =        0.0000
 1-4 VDW =      711.3932  1-4 EEL =     9181.9979  RESTRAINT  =        0.0000


   NSTEP       ENERGY          RMS            GMAX         NAME    NUMBER
    150      -1.9216E+05     9.1832E-02     4.4020E+00     O         382

 BOND    =    38259.1889  ANGLE   =      304.4490  DIHED      =      916.6974
 VDWAALS =    46375.9721  EEL     =  -287907.8782  HBOND      =        0.0000
 1-4 VDW =      710.7380  1-4 EEL =     9180.5746  RESTRAINT  =        0.0000


   NSTEP       ENERGY          RMS            GMAX         NAME    NUMBER
    200      -1.9216E+05     9.1337E-02     4.3952E+00     O         382

 BOND    =    38259.5269  ANGLE   =      304.6944  DIHED      =      916.7630
 VDWAALS =    46376.2326  EEL     =  -287910.3370  HBOND      =        0.0000
 1-4 VDW =      710.4324  1-4 EEL =     9179.9113  RESTRAINT  =        0.0000


   NSTEP       ENERGY          RMS            GMAX         NAME    NUMBER
    250      -1.9216E+05     9.1334E-02     4.3951E+00     O         382

 BOND    =    38259.5289  ANGLE   =      304.6959  DIHED      =      916.7635
 VDWAALS =    46376.2341  EEL     =  -287910.4102  HBOND      =        0.0000
 1-4 VDW =      710.4306  1-4 EEL =     9179.9075  RESTRAINT  =        0.0000


   NSTEP       ENERGY          RMS            GMAX         NAME    NUMBER
    300      -1.9216E+05     9.1332E-02     4.3951E+00     O         382

 BOND    =    38259.5304  ANGLE   =      304.6969  DIHED      =      916.7637
 VDWAALS =    46376.2354  EEL     =  -287910.3962  HBOND      =        0.0000
 1-4 VDW =      710.4292  1-4 EEL =     9179.9045  RESTRAINT  =        0.0000


   NSTEP       ENERGY          RMS            GMAX         NAME    NUMBER
    350      -1.9216E+05     9.1329E-02     4.3950E+00     O         382

 BOND    =    38259.5325  ANGLE   =      304.6985  DIHED      =      916.7641
 VDWAALS =    46376.2382  EEL     =  -287910.3900  HBOND      =        0.0000
 1-4 VDW =      710.4273  1-4 EEL =     9179.9003  RESTRAINT  =        0.0000


   NSTEP       ENERGY          RMS            GMAX         NAME    NUMBER
    400      -1.9216E+05     9.1326E-02     4.3950E+00     O         382

 BOND    =    38259.5348  ANGLE   =      304.7001  DIHED      =      916.7645
 VDWAALS =    46376.2403  EEL     =  -287910.4895  HBOND      =        0.0000
 1-4 VDW =      710.4253  1-4 EEL =     9179.8960  RESTRAINT  =        0.0000


   NSTEP       ENERGY          RMS            GMAX         NAME    NUMBER
    450      -1.9216E+05     9.1324E-02     4.3949E+00     O         382

 BOND    =    38259.5364  ANGLE   =      304.7013  DIHED      =      916.7648
 VDWAALS =    46376.2404  EEL     =  -287910.4478  HBOND      =        0.0000
 1-4 VDW =      710.4239  1-4 EEL =     9179.8928  RESTRAINT  =        0.0000


   NSTEP       ENERGY          RMS            GMAX         NAME    NUMBER
    500      -1.9216E+05     9.1320E-02     4.3949E+00     O         382

 BOND    =    38259.5389  ANGLE   =      304.7031  DIHED      =      916.7654
 VDWAALS =    46376.2432  EEL     =  -287910.5008  HBOND      =        0.0000
 1-4 VDW =      710.4216  1-4 EEL =     9179.8879  RESTRAINT  =        0.0000


   NSTEP       ENERGY          RMS            GMAX         NAME    NUMBER
    550      -1.9508E+05     2.1582E+00     5.4032E+02     O       30456

 BOND    =    38246.0261  ANGLE   =      311.5025  DIHED      =      918.6974
 VDWAALS =    46432.5766  EEL     =  -290853.8420  HBOND      =        0.0000
 1-4 VDW =      702.2122  1-4 EEL =     9162.3258  RESTRAINT  =        0.0000


   NSTEP       ENERGY          RMS            GMAX         NAME    NUMBER
    600      -1.9507E+05     2.1529E+00     5.3904E+02     O       30456

 BOND    =    38246.0784  ANGLE   =      311.5026  DIHED      =      918.6974
 VDWAALS =    46432.4514  EEL     =  -290844.9816  HBOND      =        0.0000
 1-4 VDW =      702.2122  1-4 EEL =     9162.3258  RESTRAINT  =        0.0000


   NSTEP       ENERGY          RMS            GMAX         NAME    NUMBER
    650      -1.9506E+05     2.1476E+00     5.3775E+02     O       30456

 BOND    =    38246.1308  ANGLE   =      311.5026  DIHED      =      918.6973
 VDWAALS =    46432.3236  EEL     =  -290836.1292  HBOND      =        0.0000
 1-4 VDW =      702.2122  1-4 EEL =     9162.3258  RESTRAINT  =        0.0000


   NSTEP       ENERGY          RMS            GMAX         NAME    NUMBER
    700      -1.9505E+05     2.1423E+00     5.3646E+02     O       30456

 BOND    =    38246.1831  ANGLE   =      311.5026  DIHED      =      918.6974
 VDWAALS =    46432.1984  EEL     =  -290827.1926  HBOND      =        0.0000
 1-4 VDW =      702.2122  1-4 EEL =     9162.3257  RESTRAINT  =        0.0000


   NSTEP       ENERGY          RMS            GMAX         NAME    NUMBER
    750      -1.9505E+05     2.1370E+00     5.3518E+02     O       30456

 BOND    =    38246.2354  ANGLE   =      311.5027  DIHED      =      918.6974
 VDWAALS =    46432.0729  EEL     =  -290818.3413  HBOND      =        0.0000
 1-4 VDW =      702.2122  1-4 EEL =     9162.3257  RESTRAINT  =        0.0000


   NSTEP       ENERGY          RMS            GMAX         NAME    NUMBER
    800      -1.9504E+05     2.1317E+00     5.3389E+02     O       30456

 BOND    =    38246.2878  ANGLE   =      311.5027  DIHED      =      918.6974
 VDWAALS =    46431.9462  EEL     =  -290809.5526  HBOND      =        0.0000
 1-4 VDW =      702.2122  1-4 EEL =     9162.3257  RESTRAINT  =        0.0000


   NSTEP       ENERGY          RMS            GMAX         NAME    NUMBER
    850      -1.9503E+05     2.1264E+00     5.3260E+02     O       30456

 BOND    =    38246.3401  ANGLE   =      311.5027  DIHED      =      918.6974
 VDWAALS =    46431.8209  EEL     =  -290800.7220  HBOND      =        0.0000
 1-4 VDW =      702.2122  1-4 EEL =     9162.3257  RESTRAINT  =        0.0000


   NSTEP       ENERGY          RMS            GMAX         NAME    NUMBER
    900      -1.9502E+05     2.1211E+00     5.3131E+02     O       30456

 BOND    =    38246.3924  ANGLE   =      311.5028  DIHED      =      918.6974
 VDWAALS =    46431.6939  EEL     =  -290791.8494  HBOND      =        0.0000
 1-4 VDW =      702.2122  1-4 EEL =     9162.3256  RESTRAINT  =        0.0000


   NSTEP       ENERGY          RMS            GMAX         NAME    NUMBER
    950      -1.9501E+05     2.1158E+00     5.3005E+02     O       30456

 BOND    =    38246.4448  ANGLE   =      311.5028  DIHED      =      918.6974
 VDWAALS =    46431.5692  EEL     =  -290783.1692  HBOND      =        0.0000
 1-4 VDW =      702.2122  1-4 EEL =     9162.3256  RESTRAINT  =        0.0000


   NSTEP       ENERGY          RMS            GMAX         NAME    NUMBER
   1000      -1.9500E+05     2.1105E+00     5.2876E+02     O       30456

 BOND    =    38246.4971  ANGLE   =      311.5028  DIHED      =      918.6974
 VDWAALS =    46431.4423  EEL     =  -290774.4073  HBOND      =        0.0000
 1-4 VDW =      702.2122  1-4 EEL =     9162.3255  RESTRAINT  =        0.0000


   NSTEP       ENERGY          RMS            GMAX         NAME    NUMBER
   1050      -1.9499E+05     2.1052E+00     5.2748E+02     O       30456

 BOND    =    38246.5494  ANGLE   =      311.5029  DIHED      =      918.6975
 VDWAALS =    46431.3173  EEL     =  -290765.6358  HBOND      =        0.0000
 1-4 VDW =      702.2122  1-4 EEL =     9162.3255  RESTRAINT  =        0.0000


   NSTEP       ENERGY          RMS            GMAX         NAME    NUMBER
   1100      -1.9498E+05     2.0999E+00     5.2618E+02     O       30456

 BOND    =    38246.6017  ANGLE   =      311.5029  DIHED      =      918.6975
 VDWAALS =    46431.1900  EEL     =  -290756.8985  HBOND      =        0.0000
 1-4 VDW =      702.2122  1-4 EEL =     9162.3255  RESTRAINT  =        0.0000


   NSTEP       ENERGY          RMS            GMAX         NAME    NUMBER
   1150      -1.9498E+05     2.0946E+00     5.2491E+02     O       30456

 BOND    =    38246.6540  ANGLE   =      311.5029  DIHED      =      918.6975
 VDWAALS =    46431.0649  EEL     =  -290748.1065  HBOND      =        0.0000
 1-4 VDW =      702.2121  1-4 EEL =     9162.3255  RESTRAINT  =        0.0000


   NSTEP       ENERGY          RMS            GMAX         NAME    NUMBER
   1200      -1.9497E+05     2.0894E+00     5.2363E+02     O       30456

 BOND    =    38246.7064  ANGLE   =      311.5029  DIHED      =      918.6975
 VDWAALS =    46430.9404  EEL     =  -290739.4755  HBOND      =        0.0000
 1-4 VDW =      702.2121  1-4 EEL =     9162.3255  RESTRAINT  =        0.0000


   NSTEP       ENERGY          RMS            GMAX         NAME    NUMBER
   1250      -1.9496E+05     2.0840E+00     5.2234E+02     O       30456

 BOND    =    38246.7587  ANGLE   =      311.5030  DIHED      =      918.6975
 VDWAALS =    46430.8141  EEL     =  -290730.6703  HBOND      =        0.0000
 1-4 VDW =      702.2121  1-4 EEL =     9162.3254  RESTRAINT  =        0.0000


   NSTEP       ENERGY          RMS            GMAX         NAME    NUMBER
   1300      -1.9495E+05     2.0788E+00     5.2107E+02     O       30456

 BOND    =    38246.8110  ANGLE   =      311.5030  DIHED      =      918.6975
 VDWAALS =    46430.6897  EEL     =  -290721.9940  HBOND      =        0.0000
 1-4 VDW =      702.2121  1-4 EEL =     9162.3254  RESTRAINT  =        0.0000


   NSTEP       ENERGY          RMS            GMAX         NAME    NUMBER
   1350      -1.9494E+05     2.0735E+00     5.1978E+02     O       30456

 BOND    =    38246.8633  ANGLE   =      311.5030  DIHED      =      918.6974
 VDWAALS =    46430.5629  EEL     =  -290713.3905  HBOND      =        0.0000
 1-4 VDW =      702.2121  1-4 EEL =     9162.3254  RESTRAINT  =        0.0000


   NSTEP       ENERGY          RMS            GMAX         NAME    NUMBER
   1400      -1.9493E+05     2.0682E+00     5.1849E+02     O       30456

 BOND    =    38246.9156  ANGLE   =      311.5031  DIHED      =      918.6974
 VDWAALS =    46430.4382  EEL     =  -290704.5457  HBOND      =        0.0000
 1-4 VDW =      702.2121  1-4 EEL =     9162.3254  RESTRAINT  =        0.0000


   NSTEP       ENERGY          RMS            GMAX         NAME    NUMBER
   1450      -1.9492E+05     2.0629E+00     5.1721E+02     O       30456

 BOND    =    38246.9679  ANGLE   =      311.5031  DIHED      =      918.6974
 VDWAALS =    46430.3118  EEL     =  -290695.9181  HBOND      =        0.0000
 1-4 VDW =      702.2121  1-4 EEL =     9162.3253  RESTRAINT  =        0.0000

     .... RESTARTED DUE TO LINMIN FAILURE ...


   NSTEP       ENERGY          RMS            GMAX         NAME    NUMBER
   1500      -1.9492E+05     2.0576E+00     5.1593E+02     O       30456

 BOND    =    38247.0202  ANGLE   =      311.5031  DIHED      =      918.6974
 VDWAALS =    46430.1872  EEL     =  -290687.3586  HBOND      =        0.0000
 1-4 VDW =      702.2121  1-4 EEL =     9162.3253  RESTRAINT  =        0.0000


   NSTEP       ENERGY          RMS            GMAX         NAME    NUMBER
   1550      -1.9491E+05     2.0523E+00     5.1464E+02     O       30456

 BOND    =    38247.0725  ANGLE   =      311.5032  DIHED      =      918.6974
 VDWAALS =    46430.0613  EEL     =  -290678.6405  HBOND      =        0.0000
 1-4 VDW =      702.2121  1-4 EEL =     9162.3253  RESTRAINT  =        0.0000


   NSTEP       ENERGY          RMS            GMAX         NAME    NUMBER
   1600      -1.9490E+05     2.0471E+00     5.1337E+02     O       30456

 BOND    =    38247.1248  ANGLE   =      311.5032  DIHED      =      918.6974
 VDWAALS =    46429.9369  EEL     =  -290669.9565  HBOND      =        0.0000
 1-4 VDW =      702.2120  1-4 EEL =     9162.3252  RESTRAINT  =        0.0000


   NSTEP       ENERGY          RMS            GMAX         NAME    NUMBER
   1650      -1.9489E+05     2.0418E+00     5.1208E+02     O       30456

 BOND    =    38247.1771  ANGLE   =      311.5032  DIHED      =      918.6975
 VDWAALS =    46429.8104  EEL     =  -290661.4367  HBOND      =        0.0000
 1-4 VDW =      702.2120  1-4 EEL =     9162.3251  RESTRAINT  =        0.0000


   NSTEP       ENERGY          RMS            GMAX         NAME    NUMBER
   1700      -1.9488E+05     2.0365E+00     5.1081E+02     O       30456

 BOND    =    38247.2294  ANGLE   =      311.5033  DIHED      =      918.6975
 VDWAALS =    46429.6863  EEL     =  -290652.8563  HBOND      =        0.0000
 1-4 VDW =      702.2120  1-4 EEL =     9162.3251  RESTRAINT  =        0.0000


   NSTEP       ENERGY          RMS            GMAX         NAME    NUMBER
   1750      -1.9487E+05     2.0312E+00     5.0952E+02     O       30456

 BOND    =    38247.2817  ANGLE   =      311.5033  DIHED      =      918.6975
 VDWAALS =    46429.5608  EEL     =  -290644.1912  HBOND      =        0.0000
 1-4 VDW =      702.2120  1-4 EEL =     9162.3251  RESTRAINT  =        0.0000


   NSTEP       ENERGY          RMS            GMAX         NAME    NUMBER
   1800      -1.9486E+05     2.0260E+00     5.0824E+02     O       30456

 BOND    =    38247.3340  ANGLE   =      311.5033  DIHED      =      918.6975
 VDWAALS =    46429.4360  EEL     =  -290635.6929  HBOND      =        0.0000
 1-4 VDW =      702.2120  1-4 EEL =     9162.3251  RESTRAINT  =        0.0000


   NSTEP       ENERGY          RMS            GMAX         NAME    NUMBER
   1850      -1.9486E+05     2.0207E+00     5.0696E+02     O       30456

 BOND    =    38247.3862  ANGLE   =      311.5034  DIHED      =      918.6974
 VDWAALS =    46429.3107  EEL     =  -290626.9884  HBOND      =        0.0000
 1-4 VDW =      702.2120  1-4 EEL =     9162.3250  RESTRAINT  =        0.0000


   NSTEP       ENERGY          RMS            GMAX         NAME    NUMBER
   1900      -1.9485E+05     2.0154E+00     5.0568E+02     O       30456

 BOND    =    38247.4385  ANGLE   =      311.5034  DIHED      =      918.6976
 VDWAALS =    46429.1868  EEL     =  -290618.3611  HBOND      =        0.0000
 1-4 VDW =      702.2120  1-4 EEL =     9162.3250  RESTRAINT  =        0.0000


   NSTEP       ENERGY          RMS            GMAX         NAME    NUMBER
   1950      -1.9484E+05     2.0101E+00     5.0439E+02     O       30456

 BOND    =    38247.4908  ANGLE   =      311.5034  DIHED      =      918.6975
 VDWAALS =    46429.0603  EEL     =  -290609.9170  HBOND      =        0.0000
 1-4 VDW =      702.2120  1-4 EEL =     9162.3250  RESTRAINT  =        0.0000


   NSTEP       ENERGY          RMS            GMAX         NAME    NUMBER
   2000      -1.9483E+05     2.0049E+00     5.0313E+02     O       30456

 BOND    =    38247.5431  ANGLE   =      311.5035  DIHED      =      918.6975
 VDWAALS =    46428.9383  EEL     =  -290601.4061  HBOND      =        0.0000
 1-4 VDW =      702.2120  1-4 EEL =     9162.3250  RESTRAINT  =        0.0000


   NSTEP       ENERGY          RMS            GMAX         NAME    NUMBER
   2050      -1.9482E+05     1.9996E+00     5.0184E+02     O       30456

 BOND    =    38247.5954  ANGLE   =      311.5035  DIHED      =      918.6974
 VDWAALS =    46428.8122  EEL     =  -290592.8143  HBOND      =        0.0000
 1-4 VDW =      702.2120  1-4 EEL =     9162.3250  RESTRAINT  =        0.0000


   NSTEP       ENERGY          RMS            GMAX         NAME    NUMBER
   2100      -1.9481E+05     1.9944E+00     5.0058E+02     O       30456

 BOND    =    38247.6476  ANGLE   =      311.5035  DIHED      =      918.6974
 VDWAALS =    46428.6889  EEL     =  -290584.3576  HBOND      =        0.0000
 1-4 VDW =      702.2120  1-4 EEL =     9162.3249  RESTRAINT  =        0.0000


   NSTEP       ENERGY          RMS            GMAX         NAME    NUMBER
   2150      -1.9480E+05     1.9891E+00     4.9930E+02     O       30456

 BOND    =    38247.6999  ANGLE   =      311.5036  DIHED      =      918.6974
 VDWAALS =    46428.5634  EEL     =  -290575.8644  HBOND      =        0.0000
 1-4 VDW =      702.2120  1-4 EEL =     9162.3249  RESTRAINT  =        0.0000


   NSTEP       ENERGY          RMS            GMAX         NAME    NUMBER
   2200      -1.9480E+05     1.9839E+00     4.9802E+02     O       30456

 BOND    =    38247.7522  ANGLE   =      311.5036  DIHED      =      918.6974
 VDWAALS =    46428.4400  EEL     =  -290567.3110  HBOND      =        0.0000
 1-4 VDW =      702.2120  1-4 EEL =     9162.3249  RESTRAINT  =        0.0000


   NSTEP       ENERGY          RMS            GMAX         NAME    NUMBER
   2250      -1.9479E+05     1.9786E+00     4.9674E+02     O       30456

 BOND    =    38247.8044  ANGLE   =      311.5036  DIHED      =      918.6974
 VDWAALS =    46428.3141  EEL     =  -290558.9511  HBOND      =        0.0000
 1-4 VDW =      702.2120  1-4 EEL =     9162.3249  RESTRAINT  =        0.0000

     .... RESTARTED DUE TO LINMIN FAILURE ...


   NSTEP       ENERGY          RMS            GMAX         NAME    NUMBER
   2300      -1.9478E+05     1.9733E+00     4.9547E+02     O       30456

 BOND    =    38247.8567  ANGLE   =      311.5037  DIHED      =      918.6975
 VDWAALS =    46428.1906  EEL     =  -290550.5213  HBOND      =        0.0000
 1-4 VDW =      702.2120  1-4 EEL =     9162.3248  RESTRAINT  =        0.0000


   NSTEP       ENERGY          RMS            GMAX         NAME    NUMBER
   2350      -1.9477E+05     1.9681E+00     4.9418E+02     O       30456

 BOND    =    38247.9089  ANGLE   =      311.5037  DIHED      =      918.6974
 VDWAALS =    46428.0655  EEL     =  -290541.9368  HBOND      =        0.0000
 1-4 VDW =      702.2120  1-4 EEL =     9162.3248  RESTRAINT  =        0.0000


   NSTEP       ENERGY          RMS            GMAX         NAME    NUMBER
   2400      -1.9476E+05     1.9628E+00     4.9290E+02     O       30456

 BOND    =    38247.9612  ANGLE   =      311.5037  DIHED      =      918.6974
 VDWAALS =    46427.9404  EEL     =  -290533.5945  HBOND      =        0.0000
 1-4 VDW =      702.2120  1-4 EEL =     9162.3247  RESTRAINT  =        0.0000


   NSTEP       ENERGY          RMS            GMAX         NAME    NUMBER
   2450      -1.9475E+05     1.9576E+00     4.9163E+02     O       30456

 BOND    =    38248.0134  ANGLE   =      311.5038  DIHED      =      918.6974
 VDWAALS =    46427.8186  EEL     =  -290525.0072  HBOND      =        0.0000
 1-4 VDW =      702.2119  1-4 EEL =     9162.3247  RESTRAINT  =        0.0000


   NSTEP       ENERGY          RMS            GMAX         NAME    NUMBER
   2500      -1.9475E+05     1.9523E+00     4.9035E+02     O       30456

 BOND    =    38248.0657  ANGLE   =      311.5038  DIHED      =      918.6974
 VDWAALS =    46427.6935  EEL     =  -290516.6211  HBOND      =        0.0000
 1-4 VDW =      702.2119  1-4 EEL =     9162.3247  RESTRAINT  =        0.0000


   NSTEP       ENERGY          RMS            GMAX         NAME    NUMBER
   2550      -1.9474E+05     1.9471E+00     4.8909E+02     O       30456

 BOND    =    38248.1179  ANGLE   =      311.5038  DIHED      =      918.6974
 VDWAALS =    46427.5706  EEL     =  -290508.3355  HBOND      =        0.0000
 1-4 VDW =      702.2119  1-4 EEL =     9162.3246  RESTRAINT  =        0.0000


   NSTEP       ENERGY          RMS            GMAX         NAME    NUMBER
   2600      -1.9473E+05     1.9418E+00     4.8780E+02     O       30456

 BOND    =    38248.1702  ANGLE   =      311.5039  DIHED      =      918.6974
 VDWAALS =    46427.4448  EEL     =  -290499.7920  HBOND      =        0.0000
 1-4 VDW =      702.2119  1-4 EEL =     9162.3246  RESTRAINT  =        0.0000


   NSTEP       ENERGY          RMS            GMAX         NAME    NUMBER
   2650      -1.9472E+05     1.9366E+00     4.8653E+02     O       30456

 BOND    =    38248.2224  ANGLE   =      311.5039  DIHED      =      918.6975
 VDWAALS =    46427.3216  EEL     =  -290491.4508  HBOND      =        0.0000
 1-4 VDW =      702.2119  1-4 EEL =     9162.3246  RESTRAINT  =        0.0000


   NSTEP       ENERGY          RMS            GMAX         NAME    NUMBER
   2700      -1.9471E+05     1.9313E+00     4.8525E+02     O       30456

 BOND    =    38248.2747  ANGLE   =      311.5039  DIHED      =      918.6975
 VDWAALS =    46427.1965  EEL     =  -290483.1992  HBOND      =        0.0000
 1-4 VDW =      702.2119  1-4 EEL =     9162.3246  RESTRAINT  =        0.0000


   NSTEP       ENERGY          RMS            GMAX         NAME    NUMBER
   2750      -1.9470E+05     1.9261E+00     4.8398E+02     O       30456

 BOND    =    38248.3269  ANGLE   =      311.5040  DIHED      =      918.6974
 VDWAALS =    46427.0739  EEL     =  -290474.7882  HBOND      =        0.0000
 1-4 VDW =      702.2119  1-4 EEL =     9162.3246  RESTRAINT  =        0.0000


   NSTEP       ENERGY          RMS            GMAX         NAME    NUMBER
   2800      -1.9470E+05     1.9209E+00     4.8271E+02     O       30456

 BOND    =    38248.3791  ANGLE   =      311.5040  DIHED      =      918.6974
 VDWAALS =    46426.9509  EEL     =  -290466.4460  HBOND      =        0.0000
 1-4 VDW =      702.2119  1-4 EEL =     9162.3245  RESTRAINT  =        0.0000


   NSTEP       ENERGY          RMS            GMAX         NAME    NUMBER
   2850      -1.9469E+05     1.9156E+00     4.8144E+02     O       30456

 BOND    =    38248.4314  ANGLE   =      311.5041  DIHED      =      918.6973
 VDWAALS =    46426.8278  EEL     =  -290458.0894  HBOND      =        0.0000
 1-4 VDW =      702.2119  1-4 EEL =     9162.3245  RESTRAINT  =        0.0000


   NSTEP       ENERGY          RMS            GMAX         NAME    NUMBER
   2900      -1.9468E+05     1.9104E+00     4.8016E+02     O       30456

 BOND    =    38248.4836  ANGLE   =      311.5041  DIHED      =      918.6974
 VDWAALS =    46426.7035  EEL     =  -290449.7086  HBOND      =        0.0000
 1-4 VDW =      702.2119  1-4 EEL =     9162.3245  RESTRAINT  =        0.0000


   NSTEP       ENERGY          RMS            GMAX         NAME    NUMBER
   2950      -1.9467E+05     1.9051E+00     4.7889E+02     O       30456

 BOND    =    38248.5358  ANGLE   =      311.5041  DIHED      =      918.6974
 VDWAALS =    46426.5786  EEL     =  -290441.5228  HBOND      =        0.0000
 1-4 VDW =      702.2119  1-4 EEL =     9162.3245  RESTRAINT  =        0.0000


   NSTEP       ENERGY          RMS            GMAX         NAME    NUMBER
   3000      -1.9466E+05     1.8999E+00     4.7761E+02     O       30456

 BOND    =    38248.5880  ANGLE   =      311.5042  DIHED      =      918.6975
 VDWAALS =    46426.4554  EEL     =  -290433.1668  HBOND      =        0.0000
 1-4 VDW =      702.2119  1-4 EEL =     9162.3244  RESTRAINT  =        0.0000


   NSTEP       ENERGY          RMS            GMAX         NAME    NUMBER
   3050      -1.9466E+05     1.8947E+00     4.7635E+02     O       30456

 BOND    =    38248.6403  ANGLE   =      311.5042  DIHED      =      918.6975
 VDWAALS =    46426.3324  EEL     =  -290424.9190  HBOND      =        0.0000
 1-4 VDW =      702.2119  1-4 EEL =     9162.3244  RESTRAINT  =        0.0000


   NSTEP       ENERGY          RMS            GMAX         NAME    NUMBER
   3100      -1.9465E+05     1.8895E+00     4.7508E+02     O       30456

 BOND    =    38248.6925  ANGLE   =      311.5042  DIHED      =      918.6975
 VDWAALS =    46426.2098  EEL     =  -290416.6474  HBOND      =        0.0000
 1-4 VDW =      702.2119  1-4 EEL =     9162.3244  RESTRAINT  =        0.0000


   NSTEP       ENERGY          RMS            GMAX         NAME    NUMBER
   3150      -1.9464E+05     1.8842E+00     4.7380E+02     O       30456

 BOND    =    38248.7447  ANGLE   =      311.5043  DIHED      =      918.6975
 VDWAALS =    46426.0851  EEL     =  -290408.2639  HBOND      =        0.0000
 1-4 VDW =      702.2119  1-4 EEL =     9162.3243  RESTRAINT  =        0.0000


   NSTEP       ENERGY          RMS            GMAX         NAME    NUMBER
   3200      -1.9463E+05     1.8790E+00     4.7253E+02     O       30456

 BOND    =    38248.7969  ANGLE   =      311.5043  DIHED      =      918.6974
 VDWAALS =    46425.9624  EEL     =  -290400.1324  HBOND      =        0.0000
 1-4 VDW =      702.2118  1-4 EEL =     9162.3243  RESTRAINT  =        0.0000


   NSTEP       ENERGY          RMS            GMAX         NAME    NUMBER
   3250      -1.9462E+05     1.8737E+00     4.7125E+02     O       30456

 BOND    =    38248.8491  ANGLE   =      311.5043  DIHED      =      918.6975
 VDWAALS =    46425.8386  EEL     =  -290391.8416  HBOND      =        0.0000
 1-4 VDW =      702.2118  1-4 EEL =     9162.3242  RESTRAINT  =        0.0000


   NSTEP       ENERGY          RMS            GMAX         NAME    NUMBER
   3300      -1.9461E+05     1.8685E+00     4.6999E+02     O       30456

 BOND    =    38248.9013  ANGLE   =      311.5044  DIHED      =      918.6975
 VDWAALS =    46425.7159  EEL     =  -290383.6517  HBOND      =        0.0000
 1-4 VDW =      702.2118  1-4 EEL =     9162.3242  RESTRAINT  =        0.0000


   NSTEP       ENERGY          RMS            GMAX         NAME    NUMBER
   3350      -1.9461E+05     1.8633E+00     4.6872E+02     O       30456

 BOND    =    38248.9535  ANGLE   =      311.5044  DIHED      =      918.6974
 VDWAALS =    46425.5939  EEL     =  -290375.4441  HBOND      =        0.0000
 1-4 VDW =      702.2118  1-4 EEL =     9162.3242  RESTRAINT  =        0.0000


   NSTEP       ENERGY          RMS            GMAX         NAME    NUMBER
   3400      -1.9460E+05     1.8581E+00     4.6744E+02     O       30456

 BOND    =    38249.0057  ANGLE   =      311.5044  DIHED      =      918.6974
 VDWAALS =    46425.4691  EEL     =  -290367.1210  HBOND      =        0.0000
 1-4 VDW =      702.2118  1-4 EEL =     9162.3242  RESTRAINT  =        0.0000


   NSTEP       ENERGY          RMS            GMAX         NAME    NUMBER
   3450      -1.9459E+05     1.8529E+00     4.6618E+02     O       30456

 BOND    =    38249.0579  ANGLE   =      311.5045  DIHED      =      918.6975
 VDWAALS =    46425.3471  EEL     =  -290358.9902  HBOND      =        0.0000
 1-4 VDW =      702.2118  1-4 EEL =     9162.3241  RESTRAINT  =        0.0000


   NSTEP       ENERGY          RMS            GMAX         NAME    NUMBER
   3500      -1.9458E+05     1.8476E+00     4.6490E+02     O       30456

 BOND    =    38249.1101  ANGLE   =      311.5045  DIHED      =      918.6975
 VDWAALS =    46425.2229  EEL     =  -290350.8105  HBOND      =        0.0000
 1-4 VDW =      702.2118  1-4 EEL =     9162.3241  RESTRAINT  =        0.0000


   NSTEP       ENERGY          RMS            GMAX         NAME    NUMBER
   3550      -1.9457E+05     1.8424E+00     4.6364E+02     O       30456

 BOND    =    38249.1623  ANGLE   =      311.5046  DIHED      =      918.6975
 VDWAALS =    46425.1011  EEL     =  -290342.6808  HBOND      =        0.0000
 1-4 VDW =      702.2118  1-4 EEL =     9162.3241  RESTRAINT  =        0.0000


   NSTEP       ENERGY          RMS            GMAX         NAME    NUMBER
   3600      -1.9457E+05     1.8372E+00     4.6236E+02     O       30456

 BOND    =    38249.2145  ANGLE   =      311.5046  DIHED      =      918.6975
 VDWAALS =    46424.9785  EEL     =  -290334.4600  HBOND      =        0.0000
 1-4 VDW =      702.2118  1-4 EEL =     9162.3240  RESTRAINT  =        0.0000


   NSTEP       ENERGY          RMS            GMAX         NAME    NUMBER
   3650      -1.9456E+05     1.8320E+00     4.6109E+02     O       30456

 BOND    =    38249.2667  ANGLE   =      311.5046  DIHED      =      918.6975
 VDWAALS =    46424.8548  EEL     =  -290326.3533  HBOND      =        0.0000
 1-4 VDW =      702.2118  1-4 EEL =     9162.3240  RESTRAINT  =        0.0000


   NSTEP       ENERGY          RMS            GMAX         NAME    NUMBER
   3700      -1.9455E+05     1.8268E+00     4.5985E+02     O       30456

 BOND    =    38249.3189  ANGLE   =      311.5047  DIHED      =      918.6974
 VDWAALS =    46424.7348  EEL     =  -290318.1948  HBOND      =        0.0000
 1-4 VDW =      702.2118  1-4 EEL =     9162.3240  RESTRAINT  =        0.0000


   NSTEP       ENERGY          RMS            GMAX         NAME    NUMBER
   3750      -1.9454E+05     1.8216E+00     4.5857E+02     O       30456

 BOND    =    38249.3710  ANGLE   =      311.5047  DIHED      =      918.6974
 VDWAALS =    46424.6114  EEL     =  -290310.0799  HBOND      =        0.0000
 1-4 VDW =      702.2117  1-4 EEL =     9162.3239  RESTRAINT  =        0.0000


   NSTEP       ENERGY          RMS            GMAX         NAME    NUMBER
   3800      -1.9453E+05     1.8164E+00     4.5729E+02     O       30456

 BOND    =    38249.4232  ANGLE   =      311.5047  DIHED      =      918.6975
 VDWAALS =    46424.4875  EEL     =  -290301.9442  HBOND      =        0.0000
 1-4 VDW =      702.2117  1-4 EEL =     9162.3239  RESTRAINT  =        0.0000


   NSTEP       ENERGY          RMS            GMAX         NAME    NUMBER
   3850      -1.9453E+05     1.8112E+00     4.5602E+02     O       30456

 BOND    =    38249.4754  ANGLE   =      311.5048  DIHED      =      918.6975
 VDWAALS =    46424.3655  EEL     =  -290293.8529  HBOND      =        0.0000
 1-4 VDW =      702.2117  1-4 EEL =     9162.3238  RESTRAINT  =        0.0000


   NSTEP       ENERGY          RMS            GMAX         NAME    NUMBER
   3900      -1.9452E+05     1.8060E+00     4.5476E+02     O       30456

 BOND    =    38249.5276  ANGLE   =      311.5048  DIHED      =      918.6974
 VDWAALS =    46424.2430  EEL     =  -290285.8212  HBOND      =        0.0000
 1-4 VDW =      702.2117  1-4 EEL =     9162.3238  RESTRAINT  =        0.0000


   NSTEP       ENERGY          RMS            GMAX         NAME    NUMBER
   3950      -1.9451E+05     1.8007E+00     4.5348E+02     O       30456

 BOND    =    38249.5797  ANGLE   =      311.5048  DIHED      =      918.6974
 VDWAALS =    46424.1194  EEL     =  -290277.5456  HBOND      =        0.0000
 1-4 VDW =      702.2117  1-4 EEL =     9162.3238  RESTRAINT  =        0.0000


   NSTEP       ENERGY          RMS            GMAX         NAME    NUMBER
   4000      -1.9450E+05     1.7955E+00     4.5222E+02     O       30456

 BOND    =    38249.6319  ANGLE   =      311.5049  DIHED      =      918.6975
 VDWAALS =    46423.9979  EEL     =  -290269.5555  HBOND      =        0.0000
 1-4 VDW =      702.2117  1-4 EEL =     9162.3237  RESTRAINT  =        0.0000


   NSTEP       ENERGY          RMS            GMAX         NAME    NUMBER
   4050      -1.9449E+05     1.7903E+00     4.5095E+02     O       30456

 BOND    =    38249.6841  ANGLE   =      311.5049  DIHED      =      918.6974
 VDWAALS =    46423.8757  EEL     =  -290261.4695  HBOND      =        0.0000
 1-4 VDW =      702.2117  1-4 EEL =     9162.3237  RESTRAINT  =        0.0000


   NSTEP       ENERGY          RMS            GMAX         NAME    NUMBER
   4100      -1.9449E+05     1.7852E+00     4.4970E+02     O       30456

 BOND    =    38249.7362  ANGLE   =      311.5050  DIHED      =      918.6974
 VDWAALS =    46423.7547  EEL     =  -290253.5300  HBOND      =        0.0000
 1-4 VDW =      702.2117  1-4 EEL =     9162.3237  RESTRAINT  =        0.0000


   NSTEP       ENERGY          RMS            GMAX         NAME    NUMBER
   4150      -1.9448E+05     1.7800E+00     4.4843E+02     O       30456

 BOND    =    38249.7884  ANGLE   =      311.5050  DIHED      =      918.6975
 VDWAALS =    46423.6315  EEL     =  -290245.4683  HBOND      =        0.0000
 1-4 VDW =      702.2117  1-4 EEL =     9162.3236  RESTRAINT  =        0.0000


   NSTEP       ENERGY          RMS            GMAX         NAME    NUMBER
   4200      -1.9447E+05     1.7747E+00     4.4715E+02     O       30456

 BOND    =    38249.8405  ANGLE   =      311.5050  DIHED      =      918.6975
 VDWAALS =    46423.5079  EEL     =  -290237.4016  HBOND      =        0.0000
 1-4 VDW =      702.2117  1-4 EEL =     9162.3236  RESTRAINT  =        0.0000


   NSTEP       ENERGY          RMS            GMAX         NAME    NUMBER
   4250      -1.9446E+05     1.7696E+00     4.4591E+02     O       30456

 BOND    =    38249.8927  ANGLE   =      311.5051  DIHED      =      918.6974
 VDWAALS =    46423.3883  EEL     =  -290229.4554  HBOND      =        0.0000
 1-4 VDW =      702.2117  1-4 EEL =     9162.3236  RESTRAINT  =        0.0000


   NSTEP       ENERGY          RMS            GMAX         NAME    NUMBER
   4300      -1.9445E+05     1.7643E+00     4.4462E+02     O       30456

 BOND    =    38249.9448  ANGLE   =      311.5051  DIHED      =      918.6975
 VDWAALS =    46423.2650  EEL     =  -290221.3161  HBOND      =        0.0000
 1-4 VDW =      702.2117  1-4 EEL =     9162.3235  RESTRAINT  =        0.0000


   NSTEP       ENERGY          RMS            GMAX         NAME    NUMBER
   4350      -1.9445E+05     1.7592E+00     4.4336E+02     O       30456

 BOND    =    38249.9970  ANGLE   =      311.5051  DIHED      =      918.6975
 VDWAALS =    46423.1420  EEL     =  -290213.4530  HBOND      =        0.0000
 1-4 VDW =      702.2116  1-4 EEL =     9162.3235  RESTRAINT  =        0.0000


   NSTEP       ENERGY          RMS            GMAX         NAME    NUMBER
   4400      -1.9444E+05     1.7540E+00     4.4211E+02     O       30456

 BOND    =    38250.0491  ANGLE   =      311.5052  DIHED      =      918.6976
 VDWAALS =    46423.0225  EEL     =  -290205.4267  HBOND      =        0.0000
 1-4 VDW =      702.2116  1-4 EEL =     9162.3234  RESTRAINT  =        0.0000


   NSTEP       ENERGY          RMS            GMAX         NAME    NUMBER
   4450      -1.9443E+05     1.7488E+00     4.4084E+02     O       30456

 BOND    =    38250.1012  ANGLE   =      311.5052  DIHED      =      918.6976
 VDWAALS =    46422.8995  EEL     =  -290197.4750  HBOND      =        0.0000
 1-4 VDW =      702.2116  1-4 EEL =     9162.3234  RESTRAINT  =        0.0000


   NSTEP       ENERGY          RMS            GMAX         NAME    NUMBER
   4500      -1.9442E+05     1.7436E+00     4.3957E+02     O       30456

 BOND    =    38250.1534  ANGLE   =      311.5053  DIHED      =      918.6975
 VDWAALS =    46422.7783  EEL     =  -290189.4774  HBOND      =        0.0000
 1-4 VDW =      702.2116  1-4 EEL =     9162.3234  RESTRAINT  =        0.0000


   NSTEP       ENERGY          RMS            GMAX         NAME    NUMBER
   4550      -1.9441E+05     1.7385E+00     4.3832E+02     O       30456

 BOND    =    38250.2055  ANGLE   =      311.5053  DIHED      =      918.6976
 VDWAALS =    46422.6573  EEL     =  -290181.5427  HBOND      =        0.0000
 1-4 VDW =      702.2116  1-4 EEL =     9162.3233  RESTRAINT  =        0.0000


   NSTEP       ENERGY          RMS            GMAX         NAME    NUMBER
   4600      -1.9441E+05     1.7332E+00     4.3704E+02     O       30456

 BOND    =    38250.2576  ANGLE   =      311.5053  DIHED      =      918.6976
 VDWAALS =    46422.5339  EEL     =  -290173.5292  HBOND      =        0.0000
 1-4 VDW =      702.2116  1-4 EEL =     9162.3233  RESTRAINT  =        0.0000


   NSTEP       ENERGY          RMS            GMAX         NAME    NUMBER
   4650      -1.9440E+05     1.7281E+00     4.3578E+02     O       30456

 BOND    =    38250.3098  ANGLE   =      311.5054  DIHED      =      918.6976
 VDWAALS =    46422.4130  EEL     =  -290165.6810  HBOND      =        0.0000
 1-4 VDW =      702.2116  1-4 EEL =     9162.3233  RESTRAINT  =        0.0000


   NSTEP       ENERGY          RMS            GMAX         NAME    NUMBER
   4700      -1.9439E+05     1.7229E+00     4.3451E+02     O       30456

 BOND    =    38250.3619  ANGLE   =      311.5054  DIHED      =      918.6976
 VDWAALS =    46422.2916  EEL     =  -290157.6966  HBOND      =        0.0000
 1-4 VDW =      702.2116  1-4 EEL =     9162.3233  RESTRAINT  =        0.0000


   NSTEP       ENERGY          RMS            GMAX         NAME    NUMBER
   4750      -1.9438E+05     1.7177E+00     4.3326E+02     O       30456

 BOND    =    38250.4140  ANGLE   =      311.5055  DIHED      =      918.6975
 VDWAALS =    46422.1712  EEL     =  -290149.8653  HBOND      =        0.0000
 1-4 VDW =      702.2116  1-4 EEL =     9162.3233  RESTRAINT  =        0.0000


   NSTEP       ENERGY          RMS            GMAX         NAME    NUMBER
   4800      -1.9437E+05     1.7125E+00     4.3199E+02     O       30456

 BOND    =    38250.4661  ANGLE   =      311.5055  DIHED      =      918.6975
 VDWAALS =    46422.0485  EEL     =  -290141.9923  HBOND      =        0.0000
 1-4 VDW =      702.2116  1-4 EEL =     9162.3232  RESTRAINT  =        0.0000


   NSTEP       ENERGY          RMS            GMAX         NAME    NUMBER
   4850      -1.9437E+05     1.7074E+00     4.3073E+02     O       30456

 BOND    =    38250.5182  ANGLE   =      311.5055  DIHED      =      918.6975
 VDWAALS =    46421.9278  EEL     =  -290134.0874  HBOND      =        0.0000
 1-4 VDW =      702.2116  1-4 EEL =     9162.3232  RESTRAINT  =        0.0000


   NSTEP       ENERGY          RMS            GMAX         NAME    NUMBER
   4900      -1.9436E+05     1.7022E+00     4.2947E+02     O       30456

 BOND    =    38250.5704  ANGLE   =      311.5056  DIHED      =      918.6976
 VDWAALS =    46421.8070  EEL     =  -290126.1437  HBOND      =        0.0000
 1-4 VDW =      702.2116  1-4 EEL =     9162.3231  RESTRAINT  =        0.0000


   NSTEP       ENERGY          RMS            GMAX         NAME    NUMBER
   4950      -1.9435E+05     1.6970E+00     4.2820E+02     O       30456

 BOND    =    38250.6225  ANGLE   =      311.5056  DIHED      =      918.6976
 VDWAALS =    46421.6851  EEL     =  -290118.3084  HBOND      =        0.0000
 1-4 VDW =      702.2115  1-4 EEL =     9162.3231  RESTRAINT  =        0.0000


   NSTEP       ENERGY          RMS            GMAX         NAME    NUMBER
   5000      -1.9434E+05     1.6919E+00     4.2696E+02     O       30456

 BOND    =    38250.6746  ANGLE   =      311.5057  DIHED      =      918.6975
 VDWAALS =    46421.5662  EEL     =  -290110.4169  HBOND      =        0.0000
 1-4 VDW =      702.2115  1-4 EEL =     9162.3231  RESTRAINT  =        0.0000


   NSTEP       ENERGY          RMS            GMAX         NAME    NUMBER
   5050      -1.9434E+05     1.6867E+00     4.2570E+02     O       30456

 BOND    =    38250.7267  ANGLE   =      311.5057  DIHED      =      918.6976
 VDWAALS =    46421.4441  EEL     =  -290102.6908  HBOND      =        0.0000
 1-4 VDW =      702.2115  1-4 EEL =     9162.3231  RESTRAINT  =        0.0000


   NSTEP       ENERGY          RMS            GMAX         NAME    NUMBER
   5100      -1.9433E+05     1.6815E+00     4.2443E+02     O       30456

 BOND    =    38250.7788  ANGLE   =      311.5057  DIHED      =      918.6976
 VDWAALS =    46421.3229  EEL     =  -290094.7632  HBOND      =        0.0000
 1-4 VDW =      702.2115  1-4 EEL =     9162.3230  RESTRAINT  =        0.0000


   NSTEP       ENERGY          RMS            GMAX         NAME    NUMBER
   5150      -1.9432E+05     1.6763E+00     4.2317E+02     O       30456

 BOND    =    38250.8309  ANGLE   =      311.5058  DIHED      =      918.6975
 VDWAALS =    46421.2011  EEL     =  -290087.0601  HBOND      =        0.0000
 1-4 VDW =      702.2115  1-4 EEL =     9162.3230  RESTRAINT  =        0.0000


   NSTEP       ENERGY          RMS            GMAX         NAME    NUMBER
   5200      -1.9431E+05     1.6712E+00     4.2190E+02     O       30456

 BOND    =    38250.8829  ANGLE   =      311.5058  DIHED      =      918.6976
 VDWAALS =    46421.0804  EEL     =  -290079.1474  HBOND      =        0.0000
 1-4 VDW =      702.2115  1-4 EEL =     9162.3229  RESTRAINT  =        0.0000


   NSTEP       ENERGY          RMS            GMAX         NAME    NUMBER
   5250      -1.9430E+05     1.6660E+00     4.2065E+02     O       30456

 BOND    =    38250.9350  ANGLE   =      311.5058  DIHED      =      918.6975
 VDWAALS =    46420.9603  EEL     =  -290071.3179  HBOND      =        0.0000
 1-4 VDW =      702.2115  1-4 EEL =     9162.3229  RESTRAINT  =        0.0000


   NSTEP       ENERGY          RMS            GMAX         NAME    NUMBER
   5300      -1.9430E+05     1.6608E+00     4.1938E+02     O       30456

 BOND    =    38250.9871  ANGLE   =      311.5059  DIHED      =      918.6975
 VDWAALS =    46420.8381  EEL     =  -290063.5299  HBOND      =        0.0000
 1-4 VDW =      702.2115  1-4 EEL =     9162.3229  RESTRAINT  =        0.0000


   NSTEP       ENERGY          RMS            GMAX         NAME    NUMBER
   5350      -1.9429E+05     1.6557E+00     4.1813E+02     O       30456

 BOND    =    38251.0392  ANGLE   =      311.5059  DIHED      =      918.6976
 VDWAALS =    46420.7195  EEL     =  -290055.7974  HBOND      =        0.0000
 1-4 VDW =      702.2115  1-4 EEL =     9162.3229  RESTRAINT  =        0.0000


   NSTEP       ENERGY          RMS            GMAX         NAME    NUMBER
   5400      -1.9428E+05     1.6505E+00     4.1687E+02     O       30456

 BOND    =    38251.0913  ANGLE   =      311.5060  DIHED      =      918.6976
 VDWAALS =    46420.5972  EEL     =  -290048.0013  HBOND      =        0.0000
 1-4 VDW =      702.2115  1-4 EEL =     9162.3228  RESTRAINT  =        0.0000


   NSTEP       ENERGY          RMS            GMAX         NAME    NUMBER
   5450      -1.9427E+05     1.6454E+00     4.1561E+02     O       30456

 BOND    =    38251.1434  ANGLE   =      311.5060  DIHED      =      918.6975
 VDWAALS =    46420.4773  EEL     =  -290040.2371  HBOND      =        0.0000
 1-4 VDW =      702.2115  1-4 EEL =     9162.3228  RESTRAINT  =        0.0000


   NSTEP       ENERGY          RMS            GMAX         NAME    NUMBER
   5500      -1.9427E+05     1.6402E+00     4.1435E+02     O       30456

 BOND    =    38251.1954  ANGLE   =      311.5061  DIHED      =      918.6976
 VDWAALS =    46420.3554  EEL     =  -290032.6066  HBOND      =        0.0000
 1-4 VDW =      702.2114  1-4 EEL =     9162.3227  RESTRAINT  =        0.0000


   NSTEP       ENERGY          RMS            GMAX         NAME    NUMBER
   5550      -1.9426E+05     1.6351E+00     4.1310E+02     O       30456

 BOND    =    38251.2475  ANGLE   =      311.5061  DIHED      =      918.6977
 VDWAALS =    46420.2372  EEL     =  -290024.7803  HBOND      =        0.0000
 1-4 VDW =      702.2115  1-4 EEL =     9162.3227  RESTRAINT  =        0.0000


   NSTEP       ENERGY          RMS            GMAX         NAME    NUMBER
   5600      -1.9425E+05     1.6299E+00     4.1184E+02     O       30456

 BOND    =    38251.2996  ANGLE   =      311.5061  DIHED      =      918.6977
 VDWAALS =    46420.1154  EEL     =  -290017.1314  HBOND      =        0.0000
 1-4 VDW =      702.2114  1-4 EEL =     9162.3227  RESTRAINT  =        0.0000


   NSTEP       ENERGY          RMS            GMAX         NAME    NUMBER
   5650      -1.9424E+05     1.6248E+00     4.1058E+02     O       30456

 BOND    =    38251.3516  ANGLE   =      311.5062  DIHED      =      918.6976
 VDWAALS =    46419.9957  EEL     =  -290009.3047  HBOND      =        0.0000
 1-4 VDW =      702.2114  1-4 EEL =     9162.3226  RESTRAINT  =        0.0000


   NSTEP       ENERGY          RMS            GMAX         NAME    NUMBER
   5700      -1.9424E+05     1.6196E+00     4.0932E+02     O       30456

 BOND    =    38251.4037  ANGLE   =      311.5062  DIHED      =      918.6976
 VDWAALS =    46419.8737  EEL     =  -290001.6605  HBOND      =        0.0000
 1-4 VDW =      702.2114  1-4 EEL =     9162.3225  RESTRAINT  =        0.0000


   NSTEP       ENERGY          RMS            GMAX         NAME    NUMBER
   5750      -1.9423E+05     1.6145E+00     4.0807E+02     O       30456

 BOND    =    38251.4557  ANGLE   =      311.5063  DIHED      =      918.6976
 VDWAALS =    46419.7555  EEL     =  -289993.9397  HBOND      =        0.0000
 1-4 VDW =      702.2114  1-4 EEL =     9162.3225  RESTRAINT  =        0.0000


   NSTEP       ENERGY          RMS            GMAX         NAME    NUMBER
   5800      -1.9422E+05     1.6093E+00     4.0681E+02     O       30456

 BOND    =    38251.5078  ANGLE   =      311.5063  DIHED      =      918.6976
 VDWAALS =    46419.6337  EEL     =  -289986.3111  HBOND      =        0.0000
 1-4 VDW =      702.2114  1-4 EEL =     9162.3224  RESTRAINT  =        0.0000


   NSTEP       ENERGY          RMS            GMAX         NAME    NUMBER
   5850      -1.9421E+05     1.6042E+00     4.0556E+02     O       30456

 BOND    =    38251.5598  ANGLE   =      311.5063  DIHED      =      918.6975
 VDWAALS =    46419.5147  EEL     =  -289978.6364  HBOND      =        0.0000
 1-4 VDW =      702.2114  1-4 EEL =     9162.3225  RESTRAINT  =        0.0000


   NSTEP       ENERGY          RMS            GMAX         NAME    NUMBER
   5900      -1.9421E+05     1.5990E+00     4.0429E+02     O       30456

 BOND    =    38251.6119  ANGLE   =      311.5064  DIHED      =      918.6976
 VDWAALS =    46419.3948  EEL     =  -289970.9215  HBOND      =        0.0000
 1-4 VDW =      702.2114  1-4 EEL =     9162.3224  RESTRAINT  =        0.0000


   NSTEP       ENERGY          RMS            GMAX         NAME    NUMBER
   5950      -1.9420E+05     1.5939E+00     4.0305E+02     O       30456

 BOND    =    38251.6639  ANGLE   =      311.5064  DIHED      =      918.6975
 VDWAALS =    46419.2753  EEL     =  -289963.2944  HBOND      =        0.0000
 1-4 VDW =      702.2114  1-4 EEL =     9162.3224  RESTRAINT  =        0.0000


   NSTEP       ENERGY          RMS            GMAX         NAME    NUMBER
   6000      -1.9419E+05     1.5888E+00     4.0179E+02     O       30456

 BOND    =    38251.7160  ANGLE   =      311.5065  DIHED      =      918.6975
 VDWAALS =    46419.1559  EEL     =  -289955.6303  HBOND      =        0.0000
 1-4 VDW =      702.2114  1-4 EEL =     9162.3224  RESTRAINT  =        0.0000


   NSTEP       ENERGY          RMS            GMAX         NAME    NUMBER
   6050      -1.9418E+05     1.5836E+00     4.0053E+02     O       30456

 BOND    =    38251.7680  ANGLE   =      311.5065  DIHED      =      918.6976
 VDWAALS =    46419.0344  EEL     =  -289947.9805  HBOND      =        0.0000
 1-4 VDW =      702.2113  1-4 EEL =     9162.3224  RESTRAINT  =        0.0000


   NSTEP       ENERGY          RMS            GMAX         NAME    NUMBER
   6100      -1.9417E+05     1.5785E+00     3.9928E+02     O       30456

 BOND    =    38251.8200  ANGLE   =      311.5065  DIHED      =      918.6974
 VDWAALS =    46418.9149  EEL     =  -289940.4173  HBOND      =        0.0000
 1-4 VDW =      702.2113  1-4 EEL =     9162.3223  RESTRAINT  =        0.0000


   NSTEP       ENERGY          RMS            GMAX         NAME    NUMBER
   6150      -1.9417E+05     1.5733E+00     3.9801E+02     O       30456

 BOND    =    38251.8720  ANGLE   =      311.5066  DIHED      =      918.6975
 VDWAALS =    46418.7934  EEL     =  -289932.8112  HBOND      =        0.0000
 1-4 VDW =      702.2113  1-4 EEL =     9162.3222  RESTRAINT  =        0.0000


   NSTEP       ENERGY          RMS            GMAX         NAME    NUMBER
   6200      -1.9416E+05     1.5682E+00     3.9677E+02     O       30456

 BOND    =    38251.9241  ANGLE   =      311.5066  DIHED      =      918.6976
 VDWAALS =    46418.6759  EEL     =  -289925.2433  HBOND      =        0.0000
 1-4 VDW =      702.2113  1-4 EEL =     9162.3222  RESTRAINT  =        0.0000


   NSTEP       ENERGY          RMS            GMAX         NAME    NUMBER
   6250      -1.9415E+05     1.5631E+00     3.9551E+02     O       30456

 BOND    =    38251.9761  ANGLE   =      311.5067  DIHED      =      918.6976
 VDWAALS =    46418.5551  EEL     =  -289917.6613  HBOND      =        0.0000
 1-4 VDW =      702.2113  1-4 EEL =     9162.3222  RESTRAINT  =        0.0000


   NSTEP       ENERGY          RMS            GMAX         NAME    NUMBER
   6300      -1.9414E+05     1.5580E+00     3.9425E+02     O       30456

 BOND    =    38252.0281  ANGLE   =      311.5067  DIHED      =      918.6977
 VDWAALS =    46418.4358  EEL     =  -289910.0528  HBOND      =        0.0000
 1-4 VDW =      702.2113  1-4 EEL =     9162.3221  RESTRAINT  =        0.0000


   NSTEP       ENERGY          RMS            GMAX         NAME    NUMBER
   6350      -1.9414E+05     1.5528E+00     3.9301E+02     O       30456

 BOND    =    38252.0801  ANGLE   =      311.5068  DIHED      =      918.6976
 VDWAALS =    46418.3169  EEL     =  -289902.4104  HBOND      =        0.0000
 1-4 VDW =      702.2113  1-4 EEL =     9162.3221  RESTRAINT  =        0.0000


   NSTEP       ENERGY          RMS            GMAX         NAME    NUMBER
   6400      -1.9413E+05     1.5477E+00     3.9175E+02     O       30456

 BOND    =    38252.1321  ANGLE   =      311.5068  DIHED      =      918.6975
 VDWAALS =    46418.1974  EEL     =  -289894.9068  HBOND      =        0.0000
 1-4 VDW =      702.2113  1-4 EEL =     9162.3221  RESTRAINT  =        0.0000


   NSTEP       ENERGY          RMS            GMAX         NAME    NUMBER
   6450      -1.9412E+05     1.5426E+00     3.9050E+02     O       30456

 BOND    =    38252.1841  ANGLE   =      311.5068  DIHED      =      918.6976
 VDWAALS =    46418.0782  EEL     =  -289887.2790  HBOND      =        0.0000
 1-4 VDW =      702.2113  1-4 EEL =     9162.3221  RESTRAINT  =        0.0000


   NSTEP       ENERGY          RMS            GMAX         NAME    NUMBER
   6500      -1.9411E+05     1.5375E+00     3.8926E+02     O       30456

 BOND    =    38252.2361  ANGLE   =      311.5069  DIHED      =      918.6976
 VDWAALS =    46417.9591  EEL     =  -289879.8735  HBOND      =        0.0000
 1-4 VDW =      702.2113  1-4 EEL =     9162.3220  RESTRAINT  =        0.0000


   NSTEP       ENERGY          RMS            GMAX         NAME    NUMBER
   6550      -1.9411E+05     1.5323E+00     3.8799E+02     O       30456

 BOND    =    38252.2881  ANGLE   =      311.5069  DIHED      =      918.6976
 VDWAALS =    46417.8386  EEL     =  -289872.2663  HBOND      =        0.0000
 1-4 VDW =      702.2113  1-4 EEL =     9162.3220  RESTRAINT  =        0.0000


   NSTEP       ENERGY          RMS            GMAX         NAME    NUMBER
   6600      -1.9410E+05     1.5272E+00     3.8674E+02     O       30456

 BOND    =    38252.3401  ANGLE   =      311.5070  DIHED      =      918.6976
 VDWAALS =    46417.7195  EEL     =  -289864.8101  HBOND      =        0.0000
 1-4 VDW =      702.2113  1-4 EEL =     9162.3220  RESTRAINT  =        0.0000


   NSTEP       ENERGY          RMS            GMAX         NAME    NUMBER
   6650      -1.9409E+05     1.5221E+00     3.8549E+02     O       30456

 BOND    =    38252.3921  ANGLE   =      311.5070  DIHED      =      918.6977
 VDWAALS =    46417.6006  EEL     =  -289857.2861  HBOND      =        0.0000
 1-4 VDW =      702.2112  1-4 EEL =     9162.3219  RESTRAINT  =        0.0000


   NSTEP       ENERGY          RMS            GMAX         NAME    NUMBER
   6700      -1.9409E+05     1.5170E+00     3.8424E+02     O       30456

 BOND    =    38252.4441  ANGLE   =      311.5071  DIHED      =      918.6978
 VDWAALS =    46417.4818  EEL     =  -289849.7721  HBOND      =        0.0000
 1-4 VDW =      702.2112  1-4 EEL =     9162.3219  RESTRAINT  =        0.0000


   NSTEP       ENERGY          RMS            GMAX         NAME    NUMBER
   6750      -1.9408E+05     1.5119E+00     3.8299E+02     O       30456

 BOND    =    38252.4961  ANGLE   =      311.5071  DIHED      =      918.6977
 VDWAALS =    46417.3629  EEL     =  -289842.2949  HBOND      =        0.0000
 1-4 VDW =      702.2112  1-4 EEL =     9162.3218  RESTRAINT  =        0.0000


   NSTEP       ENERGY          RMS            GMAX         NAME    NUMBER
   6800      -1.9407E+05     1.5068E+00     3.8174E+02     O       30456

 BOND    =    38252.5480  ANGLE   =      311.5072  DIHED      =      918.6976
 VDWAALS =    46417.2443  EEL     =  -289834.8406  HBOND      =        0.0000
 1-4 VDW =      702.2112  1-4 EEL =     9162.3218  RESTRAINT  =        0.0000


   NSTEP       ENERGY          RMS            GMAX         NAME    NUMBER
   6850      -1.9406E+05     1.5016E+00     3.8048E+02     O       30456

 BOND    =    38252.6000  ANGLE   =      311.5072  DIHED      =      918.6976
 VDWAALS =    46417.1240  EEL     =  -289827.2833  HBOND      =        0.0000
 1-4 VDW =      702.2112  1-4 EEL =     9162.3218  RESTRAINT  =        0.0000


   NSTEP       ENERGY          RMS            GMAX         NAME    NUMBER
   6900      -1.9406E+05     1.4965E+00     3.7923E+02     O       30456

 BOND    =    38252.6520  ANGLE   =      311.5072  DIHED      =      918.6977
 VDWAALS =    46417.0053  EEL     =  -289819.8845  HBOND      =        0.0000
 1-4 VDW =      702.2112  1-4 EEL =     9162.3217  RESTRAINT  =        0.0000


   NSTEP       ENERGY          RMS            GMAX         NAME    NUMBER
   6950      -1.9405E+05     1.4914E+00     3.7798E+02     O       30456

 BOND    =    38252.7040  ANGLE   =      311.5073  DIHED      =      918.6976
 VDWAALS =    46416.8864  EEL     =  -289812.4503  HBOND      =        0.0000
 1-4 VDW =      702.2112  1-4 EEL =     9162.3216  RESTRAINT  =        0.0000


   NSTEP       ENERGY          RMS            GMAX         NAME    NUMBER
   7000      -1.9404E+05     1.4863E+00     3.7673E+02     O       30456

 BOND    =    38252.7559  ANGLE   =      311.5073  DIHED      =      918.6976
 VDWAALS =    46416.7686  EEL     =  -289804.9759  HBOND      =        0.0000
 1-4 VDW =      702.2112  1-4 EEL =     9162.3216  RESTRAINT  =        0.0000


   NSTEP       ENERGY          RMS            GMAX         NAME    NUMBER
   7050      -1.9403E+05     1.4813E+00     3.7549E+02     O       30456

 BOND    =    38252.8079  ANGLE   =      311.5074  DIHED      =      918.6977
 VDWAALS =    46416.6504  EEL     =  -289797.6164  HBOND      =        0.0000
 1-4 VDW =      702.2112  1-4 EEL =     9162.3216  RESTRAINT  =        0.0000


   NSTEP       ENERGY          RMS            GMAX         NAME    NUMBER
   7100      -1.9403E+05     1.4762E+00     3.7424E+02     O       30456

 BOND    =    38252.8598  ANGLE   =      311.5074  DIHED      =      918.6977
 VDWAALS =    46416.5319  EEL     =  -289790.2187  HBOND      =        0.0000
 1-4 VDW =      702.2112  1-4 EEL =     9162.3215  RESTRAINT  =        0.0000


   NSTEP       ENERGY          RMS            GMAX         NAME    NUMBER
   7150      -1.9402E+05     1.4710E+00     3.7298E+02     O       30456

 BOND    =    38252.9118  ANGLE   =      311.5075  DIHED      =      918.6977
 VDWAALS =    46416.4113  EEL     =  -289782.7893  HBOND      =        0.0000
 1-4 VDW =      702.2111  1-4 EEL =     9162.3215  RESTRAINT  =        0.0000


   NSTEP       ENERGY          RMS            GMAX         NAME    NUMBER
   7200      -1.9401E+05     1.4659E+00     3.7173E+02     O       30456

 BOND    =    38252.9637  ANGLE   =      311.5075  DIHED      =      918.6977
 VDWAALS =    46416.2928  EEL     =  -289775.4058  HBOND      =        0.0000
 1-4 VDW =      702.2111  1-4 EEL =     9162.3214  RESTRAINT  =        0.0000


   NSTEP       ENERGY          RMS            GMAX         NAME    NUMBER
   7250      -1.9400E+05     1.4608E+00     3.7049E+02     O       30456

 BOND    =    38253.0157  ANGLE   =      311.5076  DIHED      =      918.6978
 VDWAALS =    46416.1745  EEL     =  -289768.0678  HBOND      =        0.0000
 1-4 VDW =      702.2111  1-4 EEL =     9162.3214  RESTRAINT  =        0.0000


   NSTEP       ENERGY          RMS            GMAX         NAME    NUMBER
   7300      -1.9400E+05     1.4557E+00     3.6924E+02     O       30456

 BOND    =    38253.0676  ANGLE   =      311.5076  DIHED      =      918.6978
 VDWAALS =    46416.0563  EEL     =  -289760.5717  HBOND      =        0.0000
 1-4 VDW =      702.2111  1-4 EEL =     9162.3213  RESTRAINT  =        0.0000


   NSTEP       ENERGY          RMS            GMAX         NAME    NUMBER
   7350      -1.9399E+05     1.4507E+00     3.6801E+02     O       30456

 BOND    =    38253.1196  ANGLE   =      311.5076  DIHED      =      918.6978
 VDWAALS =    46415.9402  EEL     =  -289753.2981  HBOND      =        0.0000
 1-4 VDW =      702.2111  1-4 EEL =     9162.3213  RESTRAINT  =        0.0000


   NSTEP       ENERGY          RMS            GMAX         NAME    NUMBER
   7400      -1.9398E+05     1.4455E+00     3.6674E+02     O       30456

 BOND    =    38253.1715  ANGLE   =      311.5077  DIHED      =      918.6977
 VDWAALS =    46415.8204  EEL     =  -289745.8747  HBOND      =        0.0000
 1-4 VDW =      702.2111  1-4 EEL =     9162.3213  RESTRAINT  =        0.0000


   NSTEP       ENERGY          RMS            GMAX         NAME    NUMBER
   7450      -1.9397E+05     1.4405E+00     3.6550E+02     O       30456

 BOND    =    38253.2234  ANGLE   =      311.5077  DIHED      =      918.6977
 VDWAALS =    46415.7023  EEL     =  -289738.5713  HBOND      =        0.0000
 1-4 VDW =      702.2111  1-4 EEL =     9162.3212  RESTRAINT  =        0.0000


   NSTEP       ENERGY          RMS            GMAX         NAME    NUMBER
   7500      -1.9397E+05     1.4354E+00     3.6425E+02     O       30456

 BOND    =    38253.2753  ANGLE   =      311.5078  DIHED      =      918.6978
 VDWAALS =    46415.5841  EEL     =  -289731.1703  HBOND      =        0.0000
 1-4 VDW =      702.2111  1-4 EEL =     9162.3212  RESTRAINT  =        0.0000


   NSTEP       ENERGY          RMS            GMAX         NAME    NUMBER
   7550      -1.9396E+05     1.4303E+00     3.6300E+02     O       30456

 BOND    =    38253.3273  ANGLE   =      311.5078  DIHED      =      918.6977
 VDWAALS =    46415.4660  EEL     =  -289723.9075  HBOND      =        0.0000
 1-4 VDW =      702.2110  1-4 EEL =     9162.3211  RESTRAINT  =        0.0000


   NSTEP       ENERGY          RMS            GMAX         NAME    NUMBER
   7600      -1.9395E+05     1.4252E+00     3.6174E+02     O       30456

 BOND    =    38253.3792  ANGLE   =      311.5079  DIHED      =      918.6978
 VDWAALS =    46415.3466  EEL     =  -289716.5869  HBOND      =        0.0000
 1-4 VDW =      702.2110  1-4 EEL =     9162.3211  RESTRAINT  =        0.0000


   NSTEP       ENERGY          RMS            GMAX         NAME    NUMBER
   7650      -1.9395E+05     1.4201E+00     3.6050E+02     O       30456

 BOND    =    38253.4311  ANGLE   =      311.5079  DIHED      =      918.6978
 VDWAALS =    46415.2288  EEL     =  -289709.2967  HBOND      =        0.0000
 1-4 VDW =      702.2110  1-4 EEL =     9162.3210  RESTRAINT  =        0.0000


   NSTEP       ENERGY          RMS            GMAX         NAME    NUMBER
   7700      -1.9394E+05     1.4150E+00     3.5926E+02     O       30456

 BOND    =    38253.4830  ANGLE   =      311.5080  DIHED      =      918.6978
 VDWAALS =    46415.1112  EEL     =  -289702.0666  HBOND      =        0.0000
 1-4 VDW =      702.2110  1-4 EEL =     9162.3210  RESTRAINT  =        0.0000


   NSTEP       ENERGY          RMS            GMAX         NAME    NUMBER
   7750      -1.9393E+05     1.4099E+00     3.5801E+02     O       30456

 BOND    =    38253.5349  ANGLE   =      311.5080  DIHED      =      918.6978
 VDWAALS =    46414.9932  EEL     =  -289694.7211  HBOND      =        0.0000
 1-4 VDW =      702.2110  1-4 EEL =     9162.3209  RESTRAINT  =        0.0000


   NSTEP       ENERGY          RMS            GMAX         NAME    NUMBER
   7800      -1.9392E+05     1.4049E+00     3.5678E+02     O       30456

 BOND    =    38253.5868  ANGLE   =      311.5081  DIHED      =      918.6978
 VDWAALS =    46414.8776  EEL     =  -289687.4308  HBOND      =        0.0000
 1-4 VDW =      702.2110  1-4 EEL =     9162.3208  RESTRAINT  =        0.0000


   NSTEP       ENERGY          RMS            GMAX         NAME    NUMBER
   7850      -1.9392E+05     1.3998E+00     3.5553E+02     O       30456

 BOND    =    38253.6387  ANGLE   =      311.5081  DIHED      =      918.6977
 VDWAALS =    46414.7597  EEL     =  -289680.0560  HBOND      =        0.0000
 1-4 VDW =      702.2110  1-4 EEL =     9162.3208  RESTRAINT  =        0.0000

     .... RESTARTED DUE TO LINMIN FAILURE ...


   NSTEP       ENERGY          RMS            GMAX         NAME    NUMBER
   7900      -1.9391E+05     1.3948E+00     3.5429E+02     O       30456

 BOND    =    38253.6906  ANGLE   =      311.5082  DIHED      =      918.6977
 VDWAALS =    46414.6420  EEL     =  -289672.9544  HBOND      =        0.0000
 1-4 VDW =      702.2110  1-4 EEL =     9162.3208  RESTRAINT  =        0.0000


   NSTEP       ENERGY          RMS            GMAX         NAME    NUMBER
   7950      -1.9390E+05     1.3896E+00     3.5304E+02     O       30456

 BOND    =    38253.7425  ANGLE   =      311.5082  DIHED      =      918.6977
 VDWAALS =    46414.5229  EEL     =  -289665.7031  HBOND      =        0.0000
 1-4 VDW =      702.2110  1-4 EEL =     9162.3207  RESTRAINT  =        0.0000


   NSTEP       ENERGY          RMS            GMAX         NAME    NUMBER
   8000      -1.9390E+05     1.3846E+00     3.5179E+02     O       30456

 BOND    =    38253.7944  ANGLE   =      311.5083  DIHED      =      918.6977
 VDWAALS =    46414.4055  EEL     =  -289658.4006  HBOND      =        0.0000
 1-4 VDW =      702.2109  1-4 EEL =     9162.3207  RESTRAINT  =        0.0000


   NSTEP       ENERGY          RMS            GMAX         NAME    NUMBER
   8050      -1.9389E+05     1.3795E+00     3.5054E+02     O       30456

 BOND    =    38253.8462  ANGLE   =      311.5083  DIHED      =      918.6977
 VDWAALS =    46414.2879  EEL     =  -289651.1674  HBOND      =        0.0000
 1-4 VDW =      702.2109  1-4 EEL =     9162.3207  RESTRAINT  =        0.0000


   NSTEP       ENERGY          RMS            GMAX         NAME    NUMBER
   8100      -1.9388E+05     1.3745E+00     3.4931E+02     O       30456

 BOND    =    38253.8981  ANGLE   =      311.5083  DIHED      =      918.6978
 VDWAALS =    46414.1715  EEL     =  -289643.9786  HBOND      =        0.0000
 1-4 VDW =      702.2109  1-4 EEL =     9162.3206  RESTRAINT  =        0.0000


   NSTEP       ENERGY          RMS            GMAX         NAME    NUMBER
   8150      -1.9387E+05     1.3694E+00     3.4806E+02     O       30456

 BOND    =    38253.9500  ANGLE   =      311.5084  DIHED      =      918.6978
 VDWAALS =    46414.0534  EEL     =  -289636.7553  HBOND      =        0.0000
 1-4 VDW =      702.2109  1-4 EEL =     9162.3206  RESTRAINT  =        0.0000


   NSTEP       ENERGY          RMS            GMAX         NAME    NUMBER
   8200      -1.9387E+05     1.3643E+00     3.4682E+02     O       30456

 BOND    =    38254.0018  ANGLE   =      311.5084  DIHED      =      918.6979
 VDWAALS =    46413.9361  EEL     =  -289629.6361  HBOND      =        0.0000
 1-4 VDW =      702.2109  1-4 EEL =     9162.3206  RESTRAINT  =        0.0000


   NSTEP       ENERGY          RMS            GMAX         NAME    NUMBER
   8250      -1.9386E+05     1.3592E+00     3.4557E+02     O       30456

 BOND    =    38254.0537  ANGLE   =      311.5085  DIHED      =      918.6979
 VDWAALS =    46413.8191  EEL     =  -289622.4044  HBOND      =        0.0000
 1-4 VDW =      702.2109  1-4 EEL =     9162.3205  RESTRAINT  =        0.0000


   NSTEP       ENERGY          RMS            GMAX         NAME    NUMBER
   8300      -1.9385E+05     1.3542E+00     3.4433E+02     O       30456

 BOND    =    38254.1056  ANGLE   =      311.5085  DIHED      =      918.6979
 VDWAALS =    46413.7021  EEL     =  -289615.2264  HBOND      =        0.0000
 1-4 VDW =      702.2109  1-4 EEL =     9162.3205  RESTRAINT  =        0.0000


   NSTEP       ENERGY          RMS            GMAX         NAME    NUMBER
   8350      -1.9385E+05     1.3491E+00     3.4308E+02     O       30456

 BOND    =    38254.1574  ANGLE   =      311.5086  DIHED      =      918.6978
 VDWAALS =    46413.5834  EEL     =  -289608.0751  HBOND      =        0.0000
 1-4 VDW =      702.2108  1-4 EEL =     9162.3204  RESTRAINT  =        0.0000


   NSTEP       ENERGY          RMS            GMAX         NAME    NUMBER
   8400      -1.9384E+05     1.3440E+00     3.4183E+02     O       30456

 BOND    =    38254.2093  ANGLE   =      311.5086  DIHED      =      918.6979
 VDWAALS =    46413.4660  EEL     =  -289600.8980  HBOND      =        0.0000
 1-4 VDW =      702.2108  1-4 EEL =     9162.3204  RESTRAINT  =        0.0000


   NSTEP       ENERGY          RMS            GMAX         NAME    NUMBER
   8450      -1.9383E+05     1.3389E+00     3.4059E+02     O       30456

 BOND    =    38254.2611  ANGLE   =      311.5087  DIHED      =      918.6978
 VDWAALS =    46413.3487  EEL     =  -289593.7386  HBOND      =        0.0000
 1-4 VDW =      702.2108  1-4 EEL =     9162.3204  RESTRAINT  =        0.0000


   NSTEP       ENERGY          RMS            GMAX         NAME    NUMBER
   8500      -1.9382E+05     1.3339E+00     3.3935E+02     O       30456

 BOND    =    38254.3129  ANGLE   =      311.5087  DIHED      =      918.6978
 VDWAALS =    46413.2327  EEL     =  -289586.5732  HBOND      =        0.0000
 1-4 VDW =      702.2108  1-4 EEL =     9162.3203  RESTRAINT  =        0.0000


   NSTEP       ENERGY          RMS            GMAX         NAME    NUMBER
   8550      -1.9382E+05     1.3289E+00     3.3811E+02     O       30456

 BOND    =    38254.3648  ANGLE   =      311.5088  DIHED      =      918.6978
 VDWAALS =    46413.1154  EEL     =  -289579.5140  HBOND      =        0.0000
 1-4 VDW =      702.2108  1-4 EEL =     9162.3203  RESTRAINT  =        0.0000


   NSTEP       ENERGY          RMS            GMAX         NAME    NUMBER
   8600      -1.9381E+05     1.3238E+00     3.3687E+02     O       30456

 BOND    =    38254.4166  ANGLE   =      311.5088  DIHED      =      918.6979
 VDWAALS =    46412.9988  EEL     =  -289572.2967  HBOND      =        0.0000
 1-4 VDW =      702.2108  1-4 EEL =     9162.3202  RESTRAINT  =        0.0000


   NSTEP       ENERGY          RMS            GMAX         NAME    NUMBER
   8650      -1.9380E+05     1.3188E+00     3.3563E+02     O       30456

 BOND    =    38254.4684  ANGLE   =      311.5089  DIHED      =      918.6980
 VDWAALS =    46412.8818  EEL     =  -289565.2652  HBOND      =        0.0000
 1-4 VDW =      702.2108  1-4 EEL =     9162.3202  RESTRAINT  =        0.0000


   NSTEP       ENERGY          RMS            GMAX         NAME    NUMBER
   8700      -1.9380E+05     1.3137E+00     3.3439E+02     O       30456

 BOND    =    38254.5203  ANGLE   =      311.5089  DIHED      =      918.6980
 VDWAALS =    46412.7653  EEL     =  -289558.1874  HBOND      =        0.0000
 1-4 VDW =      702.2108  1-4 EEL =     9162.3202  RESTRAINT  =        0.0000


   NSTEP       ENERGY          RMS            GMAX         NAME    NUMBER
   8750      -1.9379E+05     1.3087E+00     3.3314E+02     O       30456

 BOND    =    38254.5721  ANGLE   =      311.5090  DIHED      =      918.6977
 VDWAALS =    46412.6487  EEL     =  -289551.0449  HBOND      =        0.0000
 1-4 VDW =      702.2108  1-4 EEL =     9162.3201  RESTRAINT  =        0.0000


   NSTEP       ENERGY          RMS            GMAX         NAME    NUMBER
   8800      -1.9378E+05     1.3036E+00     3.3191E+02     O       30456

 BOND    =    38254.6239  ANGLE   =      311.5090  DIHED      =      918.6978
 VDWAALS =    46412.5331  EEL     =  -289543.9634  HBOND      =        0.0000
 1-4 VDW =      702.2108  1-4 EEL =     9162.3201  RESTRAINT  =        0.0000


   NSTEP       ENERGY          RMS            GMAX         NAME    NUMBER
   8850      -1.9378E+05     1.2986E+00     3.3067E+02     O       30456

 BOND    =    38254.6757  ANGLE   =      311.5091  DIHED      =      918.6978
 VDWAALS =    46412.4159  EEL     =  -289536.9705  HBOND      =        0.0000
 1-4 VDW =      702.2107  1-4 EEL =     9162.3200  RESTRAINT  =        0.0000


   NSTEP       ENERGY          RMS            GMAX         NAME    NUMBER
   8900      -1.9377E+05     1.2935E+00     3.2943E+02     O       30456

 BOND    =    38254.7275  ANGLE   =      311.5091  DIHED      =      918.6979
 VDWAALS =    46412.2993  EEL     =  -289529.8765  HBOND      =        0.0000
 1-4 VDW =      702.2107  1-4 EEL =     9162.3200  RESTRAINT  =        0.0000


   NSTEP       ENERGY          RMS            GMAX         NAME    NUMBER
   8950      -1.9376E+05     1.2885E+00     3.2819E+02     O       30456

 BOND    =    38254.7793  ANGLE   =      311.5092  DIHED      =      918.6978
 VDWAALS =    46412.1830  EEL     =  -289522.8263  HBOND      =        0.0000
 1-4 VDW =      702.2107  1-4 EEL =     9162.3199  RESTRAINT  =        0.0000


   NSTEP       ENERGY          RMS            GMAX         NAME    NUMBER
   9000      -1.9375E+05     1.2834E+00     3.2694E+02     O       30456

 BOND    =    38254.8311  ANGLE   =      311.5092  DIHED      =      918.6978
 VDWAALS =    46412.0658  EEL     =  -289515.7812  HBOND      =        0.0000
 1-4 VDW =      702.2107  1-4 EEL =     9162.3199  RESTRAINT  =        0.0000


   NSTEP       ENERGY          RMS            GMAX         NAME    NUMBER
   9050      -1.9375E+05     1.2784E+00     3.2570E+02     O       30456

 BOND    =    38254.8829  ANGLE   =      311.5093  DIHED      =      918.6978
 VDWAALS =    46411.9495  EEL     =  -289508.7038  HBOND      =        0.0000
 1-4 VDW =      702.2107  1-4 EEL =     9162.3198  RESTRAINT  =        0.0000


   NSTEP       ENERGY          RMS            GMAX         NAME    NUMBER
   9100      -1.9374E+05     1.2734E+00     3.2447E+02     O       30456

 BOND    =    38254.9346  ANGLE   =      311.5093  DIHED      =      918.6979
 VDWAALS =    46411.8356  EEL     =  -289501.7027  HBOND      =        0.0000
 1-4 VDW =      702.2107  1-4 EEL =     9162.3198  RESTRAINT  =        0.0000


   NSTEP       ENERGY          RMS            GMAX         NAME    NUMBER
   9150      -1.9373E+05     1.2684E+00     3.2324E+02     O       30456

 BOND    =    38254.9864  ANGLE   =      311.5094  DIHED      =      918.6978
 VDWAALS =    46411.7190  EEL     =  -289494.7166  HBOND      =        0.0000
 1-4 VDW =      702.2107  1-4 EEL =     9162.3197  RESTRAINT  =        0.0000


   NSTEP       ENERGY          RMS            GMAX         NAME    NUMBER
   9200      -1.9373E+05     1.2634E+00     3.2200E+02     O       30456

 BOND    =    38255.0382  ANGLE   =      311.5095  DIHED      =      918.6979
 VDWAALS =    46411.6028  EEL     =  -289487.7221  HBOND      =        0.0000
 1-4 VDW =      702.2107  1-4 EEL =     9162.3197  RESTRAINT  =        0.0000


   NSTEP       ENERGY          RMS            GMAX         NAME    NUMBER
   9250      -1.9372E+05     1.2583E+00     3.2076E+02     O       30456

 BOND    =    38255.0900  ANGLE   =      311.5095  DIHED      =      918.6979
 VDWAALS =    46411.4867  EEL     =  -289480.7496  HBOND      =        0.0000
 1-4 VDW =      702.2107  1-4 EEL =     9162.3196  RESTRAINT  =        0.0000


   NSTEP       ENERGY          RMS            GMAX         NAME    NUMBER
   9300      -1.9371E+05     1.2533E+00     3.1952E+02     O       30456

 BOND    =    38255.1417  ANGLE   =      311.5096  DIHED      =      918.6979
 VDWAALS =    46411.3705  EEL     =  -289473.7208  HBOND      =        0.0000
 1-4 VDW =      702.2106  1-4 EEL =     9162.3196  RESTRAINT  =        0.0000


   NSTEP       ENERGY          RMS            GMAX         NAME    NUMBER
   9350      -1.9371E+05     1.2483E+00     3.1829E+02     O       30456

 BOND    =    38255.1935  ANGLE   =      311.5096  DIHED      =      918.6980
 VDWAALS =    46411.2550  EEL     =  -289466.7510  HBOND      =        0.0000
 1-4 VDW =      702.2106  1-4 EEL =     9162.3195  RESTRAINT  =        0.0000


   NSTEP       ENERGY          RMS            GMAX         NAME    NUMBER
   9400      -1.9370E+05     1.2432E+00     3.1705E+02     O       30456

 BOND    =    38255.2452  ANGLE   =      311.5097  DIHED      =      918.6980
 VDWAALS =    46411.1390  EEL     =  -289459.8079  HBOND      =        0.0000
 1-4 VDW =      702.2106  1-4 EEL =     9162.3195  RESTRAINT  =        0.0000


   NSTEP       ENERGY          RMS            GMAX         NAME    NUMBER
   9450      -1.9369E+05     1.2382E+00     3.1581E+02     O       30456

 BOND    =    38255.2970  ANGLE   =      311.5097  DIHED      =      918.6980
 VDWAALS =    46411.0230  EEL     =  -289452.8037  HBOND      =        0.0000
 1-4 VDW =      702.2106  1-4 EEL =     9162.3195  RESTRAINT  =        0.0000


   NSTEP       ENERGY          RMS            GMAX         NAME    NUMBER
   9500      -1.9368E+05     1.2332E+00     3.1458E+02     O       30456

 BOND    =    38255.3487  ANGLE   =      311.5098  DIHED      =      918.6979
 VDWAALS =    46410.9086  EEL     =  -289445.8652  HBOND      =        0.0000
 1-4 VDW =      702.2106  1-4 EEL =     9162.3194  RESTRAINT  =        0.0000


   NSTEP       ENERGY          RMS            GMAX         NAME    NUMBER
   9550      -1.9368E+05     1.2282E+00     3.1335E+02     O       30456

 BOND    =    38255.4005  ANGLE   =      311.5098  DIHED      =      918.6979
 VDWAALS =    46410.7925  EEL     =  -289439.0365  HBOND      =        0.0000
 1-4 VDW =      702.2106  1-4 EEL =     9162.3194  RESTRAINT  =        0.0000


   NSTEP       ENERGY          RMS            GMAX         NAME    NUMBER
   9600      -1.9367E+05     1.2232E+00     3.1211E+02     O       30456

 BOND    =    38255.4522  ANGLE   =      311.5099  DIHED      =      918.6979
 VDWAALS =    46410.6775  EEL     =  -289431.9891  HBOND      =        0.0000
 1-4 VDW =      702.2106  1-4 EEL =     9162.3194  RESTRAINT  =        0.0000


   NSTEP       ENERGY          RMS            GMAX         NAME    NUMBER
   9650      -1.9366E+05     1.2181E+00     3.1087E+02     O       30456

 BOND    =    38255.5039  ANGLE   =      311.5099  DIHED      =      918.6979
 VDWAALS =    46410.5615  EEL     =  -289425.0763  HBOND      =        0.0000
 1-4 VDW =      702.2106  1-4 EEL =     9162.3193  RESTRAINT  =        0.0000


   NSTEP       ENERGY          RMS            GMAX         NAME    NUMBER
   9700      -1.9366E+05     1.2131E+00     3.0963E+02     O       30456

 BOND    =    38255.5556  ANGLE   =      311.5100  DIHED      =      918.6979
 VDWAALS =    46410.4455  EEL     =  -289418.1940  HBOND      =        0.0000
 1-4 VDW =      702.2105  1-4 EEL =     9162.3193  RESTRAINT  =        0.0000


   NSTEP       ENERGY          RMS            GMAX         NAME    NUMBER
   9750      -1.9365E+05     1.2081E+00     3.0839E+02     O       30456

 BOND    =    38255.6074  ANGLE   =      311.5100  DIHED      =      918.6980
 VDWAALS =    46410.3304  EEL     =  -289411.2971  HBOND      =        0.0000
 1-4 VDW =      702.2105  1-4 EEL =     9162.3192  RESTRAINT  =        0.0000


   NSTEP       ENERGY          RMS            GMAX         NAME    NUMBER
   9800      -1.9364E+05     1.2031E+00     3.0716E+02     O       30456

 BOND    =    38255.6591  ANGLE   =      311.5101  DIHED      =      918.6980
 VDWAALS =    46410.2150  EEL     =  -289404.3866  HBOND      =        0.0000
 1-4 VDW =      702.2105  1-4 EEL =     9162.3191  RESTRAINT  =        0.0000


   NSTEP       ENERGY          RMS            GMAX         NAME    NUMBER
   9850      -1.9364E+05     1.1981E+00     3.0592E+02     O       30456

 BOND    =    38255.7108  ANGLE   =      311.5101  DIHED      =      918.6980
 VDWAALS =    46410.0992  EEL     =  -289397.5237  HBOND      =        0.0000
 1-4 VDW =      702.2105  1-4 EEL =     9162.3190  RESTRAINT  =        0.0000


   NSTEP       ENERGY          RMS            GMAX         NAME    NUMBER
   9900      -1.9363E+05     1.1931E+00     3.0468E+02     O       30456

 BOND    =    38255.7625  ANGLE   =      311.5102  DIHED      =      918.6980
 VDWAALS =    46409.9835  EEL     =  -289390.6617  HBOND      =        0.0000
 1-4 VDW =      702.2105  1-4 EEL =     9162.3190  RESTRAINT  =        0.0000


   NSTEP       ENERGY          RMS            GMAX         NAME    NUMBER
   9950      -1.9362E+05     1.1880E+00     3.0345E+02     O       30456

 BOND    =    38255.8142  ANGLE   =      311.5103  DIHED      =      918.6980
 VDWAALS =    46409.8682  EEL     =  -289383.7716  HBOND      =        0.0000
 1-4 VDW =      702.2105  1-4 EEL =     9162.3189  RESTRAINT  =        0.0000


   NSTEP       ENERGY          RMS            GMAX         NAME    NUMBER
  10000      -1.9362E+05     1.1830E+00     3.0221E+02     O       30456

 BOND    =    38255.8659  ANGLE   =      311.5103  DIHED      =      918.6980
 VDWAALS =    46409.7533  EEL     =  -289376.8618  HBOND      =        0.0000
 1-4 VDW =      702.2105  1-4 EEL =     9162.3189  RESTRAINT  =        0.0000


  Maximum number of minimization cycles reached.


                    FINAL RESULTS



   NSTEP       ENERGY          RMS            GMAX         NAME    NUMBER
  10000      -1.9362E+05     1.1830E+00     3.0221E+02     O       30456

 BOND    =    38255.8659  ANGLE   =      311.5103  DIHED      =      918.6980
 VDWAALS =    46409.7533  EEL     =  -289376.8618  HBOND      =        0.0000
 1-4 VDW =      702.2105  1-4 EEL =     9162.3189  RESTRAINT  =        0.0000
--------------------------------------------------------------------------------
   5.  TIMINGS
--------------------------------------------------------------------------------

|  NonSetup CPU Time in Major Routines:
|
|     Routine           Sec        %
|     ------------------------------
|     Nonbond          18.11   31.23
|     Bond              0.00    0.00
|     Angle             0.00    0.00
|     Dihedral          0.00    0.00
|     Shake             0.00    0.00
|     Other            39.87   68.77
|     ------------------------------
|     Total            57.97

|  PME Nonbond Pairlist CPU Time:
|
|     Routine              Sec        %
|     ---------------------------------
|     Set Up Cit           0.00    0.00
|     Build List           0.00    0.00
|     ---------------------------------
|     Total                0.00    0.00

|  PME Direct Force CPU Time:
|
|     Routine              Sec        %
|     ---------------------------------
|     NonBonded Calc       0.00    0.00
|     Exclude Masked       0.00    0.00
|     Other                0.04    0.06
|     ---------------------------------
|     Total                0.04    0.06

|  PME Reciprocal Force CPU Time:
|
|     Routine              Sec        %
|     ---------------------------------
|     1D bspline           0.00    0.00
|     Grid Charges         0.00    0.00
|     Scalar Sum           0.00    0.00
|     Gradient Sum         0.00    0.00
|     FFT                  0.00    0.00
|     ---------------------------------
|     Total                0.00    0.00

|  Setup CPU time:            1.63 seconds
|  NonSetup CPU time:        57.97 seconds
|  Total CPU time:           59.60 seconds     0.02 hours

|  Setup wall time:           2    seconds
|  NonSetup wall time:       58    seconds
|  Total wall time:          60    seconds     0.02 hours
