
          -------------------------------------------------------
          Amber 18 PMEMD                              2018
          -------------------------------------------------------

| PMEMD implementation of SANDER, Release 18

| Run on 07/02/2021 at 13:06:11

|   Executable path: pmemd.cuda
| Working directory: /home/bozhanng/Abs_MD/HEPC3-1_Fv_full_relaxed2
|          Hostname: bf21

  [-O]verwriting output

File Assignments:
|   MDIN: minpro_HEPC3-1_Fv_full_relaxed2.in                                    
|  MDOUT: minpro_HEPC3-1_Fv_full_relaxed2.out                                   
| INPCRD: minsolv_HEPC3-1_Fv_full_relaxed2.crd                                  
|   PARM: HEPC3-1_Fv_full_relaxed2.parm7                                        
| RESTRT: minpro_HEPC3-1_Fv_full_relaxed2.crd                                   
|   REFC: minsolv_HEPC3-1_Fv_full_relaxed2.crd                                  
|  MDVEL: mdvel                                                                 
|   MDEN: mden                                                                  
|  MDCRD: mdcrd                                                                 
| MDINFO: mdinfo                                                                
|  MDFRC: mdfrc                                                                 


 Here is the input file:

Initial minimization                                                           
 &cntrl                                                                        
  ntx    = 1,       irest  = 0,       ntrx   = 1,      ntxo   = 1,             
  ntpr   = 50,      ntwx   = 0,       ntwv   = 0,      ntwe   = 0,             
                                                                               
  ntf    = 1,       ntb    = 1,                                                
  cut    = 8.0,     nsnb   = 10,                                               
                                                                               
  ibelly = 0,       ntr    = 1,                                                
                                                                               
  imin   = 1,                                                                  
  maxcyc = 10000,                                                              
  ncyc   = 2000,                                                               
  ntmin  = 1,       dx0    = 0.1,     drms   = 0.0001,                         
                                                                               
  ntc    = 1,       tol    = 0.000001,                                         
                                                                               
 &end                                                                          
Hold solvent fixed                                                             
5.0                                                                            
RES   235 9999999                                                              
END                                                                            
END                                                                            


Note: ig = -1. Setting random seed to   581735 based on wallclock time in 
      microseconds.
| irandom = 1, using AMBER's internal random number generator (default).
| INFO:    The nsnb ctrl option does not affect nonbonded list update frequency.
|          It does affect steepest descent minimization freq if ntmin == 0
 
|--------------------- INFORMATION ----------------------
| GPU (CUDA) Version of PMEMD in use: NVIDIA GPU IN USE.
|                    Version 18.0.0
| 
|                      03/25/2018
| 
| Implementation by:
|                    Ross C. Walker     (SDSC)
|                    Scott Le Grand     (nVIDIA)
| 
| Version 18 performance extensions by:
|                    David Cerutti     (Rutgers)
| 
| Precision model in use:
|      [SPFP] - Single Precision Forces, 64-bit Fixed Point
|               Accumulation. (Default)
| 
|--------------------------------------------------------
 
|----------------- CITATION INFORMATION -----------------
|
|    When publishing work that utilized the CUDA version
|    of AMBER, please cite the following in addition to
|    the regular AMBER citations:
|
|  - Romelia Salomon-Ferrer; Andreas W. Goetz; Duncan
|    Poole; Scott Le Grand; Ross C. Walker "Routine
|    microsecond molecular dynamics simulations with
|    AMBER - Part II: Particle Mesh Ewald", J. Chem.
|    Theory Comput., 2013, 9 (9), pp3878-3888,
|    DOI: 10.1021/ct400314y.
|
|  - Andreas W. Goetz; Mark J. Williamson; Dong Xu;
|    Duncan Poole; Scott Le Grand; Ross C. Walker
|    "Routine microsecond molecular dynamics simulations
|    with AMBER - Part I: Generalized Born", J. Chem.
|    Theory Comput., 2012, 8 (5), pp1542-1555.
|
|  - Scott Le Grand; Andreas W. Goetz; Ross C. Walker
|    "SPFP: Speed without compromise - a mixed precision
|    model for GPU accelerated molecular dynamics
|    simulations.", Comp. Phys. Comm., 2013, 184
|    pp374-380, DOI: 10.1016/j.cpc.2012.09.022
|
|--------------------------------------------------------
 
|------------------- GPU DEVICE INFO --------------------
|
|            CUDA_VISIBLE_DEVICES: 0
|   CUDA Capable Devices Detected:      1
|           CUDA Device ID in use:      0
|                CUDA Device Name: GeForce GTX 1080
|     CUDA Device Global Mem Size:   8119 MB
| CUDA Device Num Multiprocessors:     20
|           CUDA Device Core Freq:   1.73 GHz
|
|--------------------------------------------------------
 
 
| Conditional Compilation Defines Used:
| PUBFFT
| BINTRAJ
| MKL
| CUDA
| EMIL

| Largest sphere to fit in unit cell has radius =    35.843

| New format PARM file being parsed.
| Version =    1.000 Date = 07/02/21 Time = 13:04:03

| Note: 1-4 EEL scale factors are being read from the topology file.

| Note: 1-4 VDW scale factors are being read from the topology file.
| Duplicated    0 dihedrals

| Duplicated    0 dihedrals

--------------------------------------------------------------------------------
   1.  RESOURCE   USE: 
--------------------------------------------------------------------------------

 getting new box info from bottom of inpcrd
 NATOM  =   45159 NTYPES =      18 NBONH =   32966 MBONA  =   12227
 NTHETH =    3878 MTHETA =    2456 NPHIH =    8128 MPHIA  =    7794
 NHPARM =       0 NPARM  =       0 NNB   =   92099 NRES   =   10657
 NBONA  =   12227 NTHETA =    2456 NPHIA =    7794 NUMBND =      72
 NUMANG =     171 NPTRA  =     194 NATYP =      36 NPHB   =       1
 IFBOX  =       1 NMXRS  =      25 IFCAP =       0 NEXTRA =   10416
 NCOPY  =       0

| Coordinate Index Table dimensions:    16   15   18
| Direct force subcell size =     4.6376    4.7791    4.5126

     BOX TYPE: RECTILINEAR

--------------------------------------------------------------------------------
   2.  CONTROL  DATA  FOR  THE  RUN
--------------------------------------------------------------------------------

default_name                                                                    

General flags:
     imin    =       1, nmropt  =       0

Nature and format of input:
     ntx     =       1, irest   =       0, ntrx    =       1

Nature and format of output:
     ntxo    =       1, ntpr    =      50, ntrx    =       1, ntwr    =       1
     iwrap   =       0, ntwx    =       0, ntwv    =       0, ntwe    =       0
     ioutfm  =       1, ntwprt  =       0, idecomp =       0, rbornstat=      0

Potential function:
     ntf     =       1, ntb     =       1, igb     =       0, nsnb    =      10
     ipol    =       0, gbsa    =       0, iesp    =       0
     dielc   =   1.00000, cut     =   8.00000, intdiel =   1.00000

Frozen or restrained atoms:
     ibelly  =       0, ntr     =       1
     restraint_wt =   0.00000

Energy minimization:
     maxcyc  =   10000, ncyc    =    2000, ntmin   =       1
     dx0     =   0.10000, drms    =   0.00010

| Intermolecular bonds treatment:
|     no_intermolecular_bonds =       1

| Energy averages sample interval:
|     ene_avg_sampling =       1

Extra-points options:
     frameon =       1, chngmask=       1

Ewald parameters:
     verbose =       0, ew_type =       0, nbflag  =       1, use_pme =       1
     vdwmeth =       1, eedmeth =       1, netfrc  =       0
     Box X =   74.202   Box Y =   71.687   Box Z =   81.227
     Alpha =   90.000   Beta  =   90.000   Gamma =   90.000
     NFFT1 =   80       NFFT2 =   72       NFFT3 =   84
     Cutoff=    8.000   Tol   =0.100E-04
     Ewald Coefficient =  0.34864
     Interpolation order =    4

    LOADING THE CONSTRAINED ATOMS AS GROUPS


   5.  REFERENCE ATOM COORDINATES

  default_name                                                                    
    ----- READING GROUP     1; TITLE:
 Hold solvent fixed                                                          

     GROUP    1 HAS HARMONIC CONSTRAINTS     5.00000
 GRP    1 RES  235 TO 10657
      Number of atoms in this group  = 41671
    ----- END OF GROUP READ -----
|      EXTRA_PTS, trim_bonds: num bonds BEFORE trim = 32966     0
|      EXTRA_PTS, trim_bonds: num bonds AFTER  trim = 32966     0
|      EXTRA_PTS, trim_bonds: num bonds BEFORE trim = 12227     0
|      EXTRA_PTS, trim_bonds: num bonds AFTER  trim =  1811     0
|      EXTRA_PTS, trim_theta: num angle BEFORE trim =  3878     0
|      EXTRA_PTS, trim_theta: num angle AFTER  trim =  3878     0
|      EXTRA_PTS, trim_theta: num angle BEFORE trim =  2456     0
|      EXTRA_PTS, trim_theta: num angle AFTER  trim =  2456     0
|      EXTRA_PTS, trim_phi:  num diheds BEFORE trim =  8128     0
|      EXTRA_PTS, trim_phi:  num diheds AFTER  trim =  8128     0
|      EXTRA_PTS, trim_phi:  num diheds BEFORE trim =  7794     0
|      EXTRA_PTS, trim_phi:  num diheds AFTER  trim =  7794     0

--------------------------------------------------------------------------------
   3.  ATOMIC COORDINATES AND VELOCITIES
--------------------------------------------------------------------------------

default_name                                                                    
 begin time read from input coords =     0.000 ps

 
 Number of triangulated 3-point waters found:    10416

     Sum of charges from parm topology file =   0.00005696
     Forcing neutrality...

| Dynamic Memory, Types Used:
| Reals             1362171
| Integers          2942920

| Nonbonded Pairs Initial Allocation:     7542681

| GPU memory information (estimate):
| KB of GPU memory in use:         0
| KB of CPU memory in use:         0

--------------------------------------------------------------------------------
   4.  RESULTS
--------------------------------------------------------------------------------



   NSTEP       ENERGY          RMS            GMAX         NAME    NUMBER
      1      -1.8793E+05     7.3659E+00     1.9567E+03     H2      30534

 BOND    =    38010.4893  ANGLE   =      272.4720  DIHED      =      908.6812
 VDWAALS =    46455.6048  EEL     =  -283578.3134  HBOND      =        0.0000
 1-4 VDW =      752.3597  1-4 EEL =     9249.6673  RESTRAINT  =        0.0000


   NSTEP       ENERGY          RMS            GMAX         NAME    NUMBER
     50      -1.9162E+05     2.5302E-01     3.1399E+01     H2      30458

 BOND    =    38221.7217  ANGLE   =      272.2678  DIHED      =      908.5414
 VDWAALS =    46372.7217  EEL     =  -287384.4125  HBOND      =        0.0000
 1-4 VDW =      746.9108  1-4 EEL =     9242.8849  RESTRAINT  =        0.9634
 EAMBER  =  -191619.3642


   NSTEP       ENERGY          RMS            GMAX         NAME    NUMBER
    100      -1.9185E+05     1.8657E-01     1.6599E+01     H2      30458

 BOND    =    38229.5818  ANGLE   =      276.5203  DIHED      =      909.6887
 VDWAALS =    46370.0797  EEL     =  -287619.8497  HBOND      =        0.0000
 1-4 VDW =      742.5828  1-4 EEL =     9236.2202  RESTRAINT  =        1.9377
 EAMBER  =  -191855.1762


   NSTEP       ENERGY          RMS            GMAX         NAME    NUMBER
    150      -1.9191E+05     1.5886E-01     9.9202E+00     H2      30458

 BOND    =    38233.8250  ANGLE   =      279.7824  DIHED      =      910.5140
 VDWAALS =    46367.9956  EEL     =  -287673.6812  HBOND      =        0.0000
 1-4 VDW =      739.0760  1-4 EEL =     9230.6867  RESTRAINT  =        2.7515
 EAMBER  =  -191911.8014


   NSTEP       ENERGY          RMS            GMAX         NAME    NUMBER
    200      -1.9199E+05     1.4160E-01     6.5212E+00     H2      30458

 BOND    =    38236.2572  ANGLE   =      282.4395  DIHED      =      911.1607
 VDWAALS =    46368.1801  EEL     =  -287752.9246  HBOND      =        0.0000
 1-4 VDW =      736.1158  1-4 EEL =     9225.9560  RESTRAINT  =        3.3923
 EAMBER  =  -191992.8154


   NSTEP       ENERGY          RMS            GMAX         NAME    NUMBER
    250      -1.9201E+05     1.3174E-01     4.7015E+00     H2      30458

 BOND    =    38238.5532  ANGLE   =      284.6292  DIHED      =      911.6841
 VDWAALS =    46367.8826  EEL     =  -287768.8595  HBOND      =        0.0000
 1-4 VDW =      733.6212  1-4 EEL =     9221.9151  RESTRAINT  =        3.8866
 EAMBER  =  -192010.5742


   NSTEP       ENERGY          RMS            GMAX         NAME    NUMBER
    300      -1.9203E+05     1.2563E-01     4.5511E+00     O         382

 BOND    =    38240.0611  ANGLE   =      286.2465  DIHED      =      912.0687
 VDWAALS =    46368.1480  EEL     =  -287791.6131  HBOND      =        0.0000
 1-4 VDW =      731.7529  1-4 EEL =     9218.8471  RESTRAINT  =        4.2289
 EAMBER  =  -192034.4888


   NSTEP       ENERGY          RMS            GMAX         NAME    NUMBER
    350      -1.9204E+05     1.2056E-01     4.5461E+00     O         382

 BOND    =    38241.5678  ANGLE   =      287.8050  DIHED      =      912.4401
 VDWAALS =    46368.3988  EEL     =  -287804.4701  HBOND      =        0.0000
 1-4 VDW =      729.9365  1-4 EEL =     9215.8235  RESTRAINT  =        4.5414
 EAMBER  =  -192048.4984


   NSTEP       ENERGY          RMS            GMAX         NAME    NUMBER
    400      -1.9206E+05     1.1586E-01     4.5419E+00     O         382

 BOND    =    38243.1129  ANGLE   =      289.4143  DIHED      =      912.8255
 VDWAALS =    46368.7589  EEL     =  -287815.9674  HBOND      =        0.0000
 1-4 VDW =      728.0484  1-4 EEL =     9212.6307  RESTRAINT  =        4.8484
 EAMBER  =  -192061.1767


   NSTEP       ENERGY          RMS            GMAX         NAME    NUMBER
    450      -1.9207E+05     1.1211E-01     4.5375E+00     O         382

 BOND    =    38244.4585  ANGLE   =      290.8113  DIHED      =      913.1634
 VDWAALS =    46369.1535  EEL     =  -287824.5270  HBOND      =        0.0000
 1-4 VDW =      726.4014  1-4 EEL =     9209.7982  RESTRAINT  =        5.1047
 EAMBER  =  -192070.7406


   NSTEP       ENERGY          RMS            GMAX         NAME    NUMBER
    500      -1.9207E+05     1.0889E-01     4.5264E+00     O         382

 BOND    =    38245.6871  ANGLE   =      292.0862  DIHED      =      913.4746
 VDWAALS =    46369.5797  EEL     =  -287831.7130  HBOND      =        0.0000
 1-4 VDW =      724.8938  1-4 EEL =     9207.1640  RESTRAINT  =        5.3328
 EAMBER  =  -192078.8276


   NSTEP       ENERGY          RMS            GMAX         NAME    NUMBER
    550      -1.9208E+05     1.0647E-01     4.5203E+00     O         382

 BOND    =    38246.6603  ANGLE   =      293.0891  DIHED      =      913.7215
 VDWAALS =    46369.9652  EEL     =  -287836.9227  HBOND      =        0.0000
 1-4 VDW =      723.7061  1-4 EEL =     9205.0585  RESTRAINT  =        5.5099
 EAMBER  =  -192084.7220


   NSTEP       ENERGY          RMS            GMAX         NAME    NUMBER
    600      -1.9208E+05     1.0578E-01     4.5185E+00     O         382

 BOND    =    38246.9465  ANGLE   =      293.3833  DIHED      =      913.7945
 VDWAALS =    46370.0779  EEL     =  -287838.3299  HBOND      =        0.0000
 1-4 VDW =      723.3576  1-4 EEL =     9204.4355  RESTRAINT  =        5.5617
 EAMBER  =  -192086.3347


   NSTEP       ENERGY          RMS            GMAX         NAME    NUMBER
    650      -1.9208E+05     1.0578E-01     4.5185E+00     O         382

 BOND    =    38246.9491  ANGLE   =      293.3859  DIHED      =      913.7950
 VDWAALS =    46370.0795  EEL     =  -287838.4156  HBOND      =        0.0000
 1-4 VDW =      723.3545  1-4 EEL =     9204.4299  RESTRAINT  =        5.5621
 EAMBER  =  -192086.4217


   NSTEP       ENERGY          RMS            GMAX         NAME    NUMBER
    700      -1.9208E+05     1.0577E-01     4.5185E+00     O         382

 BOND    =    38246.9516  ANGLE   =      293.3884  DIHED      =      913.7957
 VDWAALS =    46370.0797  EEL     =  -287838.3404  HBOND      =        0.0000
 1-4 VDW =      723.3515  1-4 EEL =     9204.4245  RESTRAINT  =        5.5626
 EAMBER  =  -192086.3490


   NSTEP       ENERGY          RMS            GMAX         NAME    NUMBER
    750      -1.9208E+05     1.0576E-01     4.5185E+00     O         382

 BOND    =    38246.9537  ANGLE   =      293.3906  DIHED      =      913.7965
 VDWAALS =    46370.0827  EEL     =  -287838.4063  HBOND      =        0.0000
 1-4 VDW =      723.3489  1-4 EEL =     9204.4198  RESTRAINT  =        5.5630
 EAMBER  =  -192086.4142


   NSTEP       ENERGY          RMS            GMAX         NAME    NUMBER
    800      -1.9208E+05     1.0576E-01     4.5184E+00     O         382

 BOND    =    38246.9568  ANGLE   =      293.3937  DIHED      =      913.7971
 VDWAALS =    46370.0831  EEL     =  -287838.4093  HBOND      =        0.0000
 1-4 VDW =      723.3452  1-4 EEL =     9204.4131  RESTRAINT  =        5.5635
 EAMBER  =  -192086.4202


   NSTEP       ENERGY          RMS            GMAX         NAME    NUMBER
    850      -1.9208E+05     1.0575E-01     4.5184E+00     O         382

 BOND    =    38246.9597  ANGLE   =      293.3967  DIHED      =      913.7978
 VDWAALS =    46370.0842  EEL     =  -287838.4674  HBOND      =        0.0000
 1-4 VDW =      723.3416  1-4 EEL =     9204.4068  RESTRAINT  =        5.5640
 EAMBER  =  -192086.4806


   NSTEP       ENERGY          RMS            GMAX         NAME    NUMBER
    900      -1.9208E+05     1.0575E-01     4.5184E+00     O         382

 BOND    =    38246.9618  ANGLE   =      293.3989  DIHED      =      913.7983
 VDWAALS =    46370.0848  EEL     =  -287838.4184  HBOND      =        0.0000
 1-4 VDW =      723.3391  1-4 EEL =     9204.4022  RESTRAINT  =        5.5644
 EAMBER  =  -192086.4333


   NSTEP       ENERGY          RMS            GMAX         NAME    NUMBER
    950      -1.9208E+05     1.0574E-01     4.5184E+00     O         382

 BOND    =    38246.9635  ANGLE   =      293.4007  DIHED      =      913.7989
 VDWAALS =    46370.0858  EEL     =  -287838.4903  HBOND      =        0.0000
 1-4 VDW =      723.3369  1-4 EEL =     9204.3984  RESTRAINT  =        5.5647
 EAMBER  =  -192086.5061


   NSTEP       ENERGY          RMS            GMAX         NAME    NUMBER
   1000      -1.9208E+05     1.0573E-01     4.5184E+00     O         382

 BOND    =    38246.9671  ANGLE   =      293.4043  DIHED      =      913.7998
 VDWAALS =    46370.0863  EEL     =  -287838.4738  HBOND      =        0.0000
 1-4 VDW =      723.3327  1-4 EEL =     9204.3907  RESTRAINT  =        5.5654
 EAMBER  =  -192086.4930


   NSTEP       ENERGY          RMS            GMAX         NAME    NUMBER
   1050      -1.9208E+05     1.0573E-01     4.5183E+00     O         382

 BOND    =    38246.9698  ANGLE   =      293.4071  DIHED      =      913.8003
 VDWAALS =    46370.0881  EEL     =  -287838.4790  HBOND      =        0.0000
 1-4 VDW =      723.3293  1-4 EEL =     9204.3848  RESTRAINT  =        5.5659
 EAMBER  =  -192086.4996


   NSTEP       ENERGY          RMS            GMAX         NAME    NUMBER
   1100      -1.9208E+05     1.0572E-01     4.5183E+00     O         382

 BOND    =    38246.9722  ANGLE   =      293.4096  DIHED      =      913.8010
 VDWAALS =    46370.0883  EEL     =  -287838.5332  HBOND      =        0.0000
 1-4 VDW =      723.3264  1-4 EEL =     9204.3795  RESTRAINT  =        5.5663
 EAMBER  =  -192086.5563


   NSTEP       ENERGY          RMS            GMAX         NAME    NUMBER
   1150      -1.9208E+05     1.0572E-01     4.5183E+00     O         382

 BOND    =    38246.9742  ANGLE   =      293.4117  DIHED      =      913.8016
 VDWAALS =    46370.0898  EEL     =  -287838.4939  HBOND      =        0.0000
 1-4 VDW =      723.3239  1-4 EEL =     9204.3750  RESTRAINT  =        5.5667
 EAMBER  =  -192086.5177


   NSTEP       ENERGY          RMS            GMAX         NAME    NUMBER
   1200      -1.9208E+05     1.0571E-01     4.5183E+00     O         382

 BOND    =    38246.9762  ANGLE   =      293.4137  DIHED      =      913.8019
 VDWAALS =    46370.0904  EEL     =  -287838.5105  HBOND      =        0.0000
 1-4 VDW =      723.3215  1-4 EEL =     9204.3707  RESTRAINT  =        5.5670
 EAMBER  =  -192086.5361


   NSTEP       ENERGY          RMS            GMAX         NAME    NUMBER
   1250      -1.9208E+05     1.0570E-01     4.5183E+00     O         382

 BOND    =    38246.9790  ANGLE   =      293.4165  DIHED      =      913.8027
 VDWAALS =    46370.0922  EEL     =  -287838.5319  HBOND      =        0.0000
 1-4 VDW =      723.3182  1-4 EEL =     9204.3648  RESTRAINT  =        5.5675
 EAMBER  =  -192086.5585


   NSTEP       ENERGY          RMS            GMAX         NAME    NUMBER
   1300      -1.9208E+05     1.0570E-01     4.5183E+00     O         382

 BOND    =    38246.9811  ANGLE   =      293.4187  DIHED      =      913.8032
 VDWAALS =    46370.0925  EEL     =  -287838.5445  HBOND      =        0.0000
 1-4 VDW =      723.3156  1-4 EEL =     9204.3602  RESTRAINT  =        5.5679
 EAMBER  =  -192086.5731


   NSTEP       ENERGY          RMS            GMAX         NAME    NUMBER
   1350      -1.9208E+05     1.0569E-01     4.5183E+00     O         382

 BOND    =    38246.9839  ANGLE   =      293.4215  DIHED      =      913.8039
 VDWAALS =    46370.0933  EEL     =  -287838.5305  HBOND      =        0.0000
 1-4 VDW =      723.3122  1-4 EEL =     9204.3541  RESTRAINT  =        5.5684
 EAMBER  =  -192086.5615


   NSTEP       ENERGY          RMS            GMAX         NAME    NUMBER
   1400      -1.9208E+05     1.0569E-01     4.5182E+00     O         382

 BOND    =    38246.9863  ANGLE   =      293.4241  DIHED      =      913.8046
 VDWAALS =    46370.0939  EEL     =  -287838.5774  HBOND      =        0.0000
 1-4 VDW =      723.3092  1-4 EEL =     9204.3488  RESTRAINT  =        5.5689
 EAMBER  =  -192086.6104


   NSTEP       ENERGY          RMS            GMAX         NAME    NUMBER
   1450      -1.9208E+05     1.0568E-01     4.5182E+00     O         382

 BOND    =    38246.9886  ANGLE   =      293.4263  DIHED      =      913.8050
 VDWAALS =    46370.0951  EEL     =  -287838.5534  HBOND      =        0.0000
 1-4 VDW =      723.3065  1-4 EEL =     9204.3439  RESTRAINT  =        5.5693
 EAMBER  =  -192086.5879


   NSTEP       ENERGY          RMS            GMAX         NAME    NUMBER
   1500      -1.9208E+05     1.0568E-01     4.5182E+00     O         382

 BOND    =    38246.9907  ANGLE   =      293.4285  DIHED      =      913.8056
 VDWAALS =    46370.0966  EEL     =  -287838.5896  HBOND      =        0.0000
 1-4 VDW =      723.3040  1-4 EEL =     9204.3394  RESTRAINT  =        5.5696
 EAMBER  =  -192086.6249


   NSTEP       ENERGY          RMS            GMAX         NAME    NUMBER
   1550      -1.9208E+05     1.0567E-01     4.5182E+00     O         382

 BOND    =    38246.9926  ANGLE   =      293.4305  DIHED      =      913.8061
 VDWAALS =    46370.0979  EEL     =  -287838.6009  HBOND      =        0.0000
 1-4 VDW =      723.3016  1-4 EEL =     9204.3351  RESTRAINT  =        5.5700
 EAMBER  =  -192086.6371


   NSTEP       ENERGY          RMS            GMAX         NAME    NUMBER
   1600      -1.9208E+05     1.0567E-01     4.5182E+00     O         382

 BOND    =    38246.9946  ANGLE   =      293.4326  DIHED      =      913.8066
 VDWAALS =    46370.0999  EEL     =  -287838.5969  HBOND      =        0.0000
 1-4 VDW =      723.2991  1-4 EEL =     9204.3307  RESTRAINT  =        5.5704
 EAMBER  =  -192086.6334


   NSTEP       ENERGY          RMS            GMAX         NAME    NUMBER
   1650      -1.9208E+05     1.0566E-01     4.5181E+00     O         382

 BOND    =    38246.9980  ANGLE   =      293.4360  DIHED      =      913.8076
 VDWAALS =    46370.0998  EEL     =  -287838.5833  HBOND      =        0.0000
 1-4 VDW =      723.2950  1-4 EEL =     9204.3233  RESTRAINT  =        5.5710
 EAMBER  =  -192086.6236


   NSTEP       ENERGY          RMS            GMAX         NAME    NUMBER
   1700      -1.9208E+05     1.0565E-01     4.5181E+00     O         382

 BOND    =    38247.0022  ANGLE   =      293.4404  DIHED      =      913.8087
 VDWAALS =    46370.1013  EEL     =  -287838.5794  HBOND      =        0.0000
 1-4 VDW =      723.2899  1-4 EEL =     9204.3141  RESTRAINT  =        5.5717
 EAMBER  =  -192086.6229


   NSTEP       ENERGY          RMS            GMAX         NAME    NUMBER
   1750      -1.9208E+05     1.0564E-01     4.5181E+00     O         382

 BOND    =    38247.0047  ANGLE   =      293.4429  DIHED      =      913.8094
 VDWAALS =    46370.1027  EEL     =  -287838.6721  HBOND      =        0.0000
 1-4 VDW =      723.2869  1-4 EEL =     9204.3086  RESTRAINT  =        5.5722
 EAMBER  =  -192086.7169


   NSTEP       ENERGY          RMS            GMAX         NAME    NUMBER
   1800      -1.9208E+05     1.0564E-01     4.5181E+00     O         382

 BOND    =    38247.0070  ANGLE   =      293.4453  DIHED      =      913.8101
 VDWAALS =    46370.1031  EEL     =  -287838.6534  HBOND      =        0.0000
 1-4 VDW =      723.2841  1-4 EEL =     9204.3036  RESTRAINT  =        5.5726
 EAMBER  =  -192086.7003


   NSTEP       ENERGY          RMS            GMAX         NAME    NUMBER
   1850      -1.9208E+05     1.0563E-01     4.5181E+00     O         382

 BOND    =    38247.0096  ANGLE   =      293.4480  DIHED      =      913.8105
 VDWAALS =    46370.1048  EEL     =  -287838.7004  HBOND      =        0.0000
 1-4 VDW =      723.2809  1-4 EEL =     9204.2979  RESTRAINT  =        5.5731
 EAMBER  =  -192086.7488


   NSTEP       ENERGY          RMS            GMAX         NAME    NUMBER
   1900      -1.9208E+05     1.0562E-01     4.5181E+00     O         382

 BOND    =    38247.0124  ANGLE   =      293.4508  DIHED      =      913.8112
 VDWAALS =    46370.1051  EEL     =  -287838.6491  HBOND      =        0.0000
 1-4 VDW =      723.2776  1-4 EEL =     9204.2920  RESTRAINT  =        5.5736
 EAMBER  =  -192086.7000


   NSTEP       ENERGY          RMS            GMAX         NAME    NUMBER
   1950      -1.9208E+05     1.0562E-01     4.5180E+00     O         382

 BOND    =    38247.0143  ANGLE   =      293.4527  DIHED      =      913.8117
 VDWAALS =    46370.1051  EEL     =  -287838.7120  HBOND      =        0.0000
 1-4 VDW =      723.2752  1-4 EEL =     9204.2877  RESTRAINT  =        5.5739
 EAMBER  =  -192086.7652


   NSTEP       ENERGY          RMS            GMAX         NAME    NUMBER
   2000      -1.9208E+05     1.0561E-01     4.5180E+00     O         382

 BOND    =    38247.0163  ANGLE   =      293.4548  DIHED      =      913.8122
 VDWAALS =    46370.1069  EEL     =  -287838.7375  HBOND      =        0.0000
 1-4 VDW =      723.2729  1-4 EEL =     9204.2835  RESTRAINT  =        5.5743
 EAMBER  =  -192086.7909


   NSTEP       ENERGY          RMS            GMAX         NAME    NUMBER
   2050      -1.9264E+05     4.7964E-01     1.2306E+02     O       30532

 BOND    =    38250.4516  ANGLE   =      302.3453  DIHED      =      916.1688
 VDWAALS =    46384.5455  EEL     =  -288399.3853  HBOND      =        0.0000
 1-4 VDW =      713.2124  1-4 EEL =     9186.1309  RESTRAINT  =        7.3270
 EAMBER  =  -192646.5308


   NSTEP       ENERGY          RMS            GMAX         NAME    NUMBER
   2100      -1.9263E+05     4.7507E-01     1.2188E+02     O       30532

 BOND    =    38250.5017  ANGLE   =      302.3454  DIHED      =      916.1690
 VDWAALS =    46384.4416  EEL     =  -288393.7776  HBOND      =        0.0000
 1-4 VDW =      713.2124  1-4 EEL =     9186.1307  RESTRAINT  =        7.3270
 EAMBER  =  -192640.9770


   NSTEP       ENERGY          RMS            GMAX         NAME    NUMBER
   2150      -1.9263E+05     4.7040E-01     1.2069E+02     O       30532

 BOND    =    38250.5517  ANGLE   =      302.3455  DIHED      =      916.1689
 VDWAALS =    46384.3350  EEL     =  -288388.0924  HBOND      =        0.0000
 1-4 VDW =      713.2123  1-4 EEL =     9186.1305  RESTRAINT  =        7.3270
 EAMBER  =  -192635.3485


   NSTEP       ENERGY          RMS            GMAX         NAME    NUMBER
   2200      -1.9262E+05     4.6579E-01     1.1950E+02     O       30532

 BOND    =    38250.6017  ANGLE   =      302.3456  DIHED      =      916.1690
 VDWAALS =    46384.2296  EEL     =  -288382.5069  HBOND      =        0.0000
 1-4 VDW =      713.2123  1-4 EEL =     9186.1304  RESTRAINT  =        7.3270
 EAMBER  =  -192629.8184


   NSTEP       ENERGY          RMS            GMAX         NAME    NUMBER
   2250      -1.9262E+05     4.6122E-01     1.1832E+02     O       30532

 BOND    =    38250.6516  ANGLE   =      302.3457  DIHED      =      916.1691
 VDWAALS =    46384.1262  EEL     =  -288376.9072  HBOND      =        0.0000
 1-4 VDW =      713.2122  1-4 EEL =     9186.1302  RESTRAINT  =        7.3271
 EAMBER  =  -192624.2723


   NSTEP       ENERGY          RMS            GMAX         NAME    NUMBER
   2300      -1.9261E+05     4.5659E-01     1.1712E+02     O       30532

 BOND    =    38250.7016  ANGLE   =      302.3457  DIHED      =      916.1690
 VDWAALS =    46384.0192  EEL     =  -288371.3494  HBOND      =        0.0000
 1-4 VDW =      713.2121  1-4 EEL =     9186.1301  RESTRAINT  =        7.3271
 EAMBER  =  -192618.7717


   NSTEP       ENERGY          RMS            GMAX         NAME    NUMBER
   2350      -1.9261E+05     4.5201E-01     1.1594E+02     O       30532

 BOND    =    38250.7515  ANGLE   =      302.3458  DIHED      =      916.1690
 VDWAALS =    46383.9156  EEL     =  -288365.7259  HBOND      =        0.0000
 1-4 VDW =      713.2121  1-4 EEL =     9186.1299  RESTRAINT  =        7.3271
 EAMBER  =  -192613.2020


   NSTEP       ENERGY          RMS            GMAX         NAME    NUMBER
   2400      -1.9260E+05     4.4742E-01     1.1475E+02     O       30532

 BOND    =    38250.8013  ANGLE   =      302.3459  DIHED      =      916.1690
 VDWAALS =    46383.8104  EEL     =  -288360.1631  HBOND      =        0.0000
 1-4 VDW =      713.2120  1-4 EEL =     9186.1297  RESTRAINT  =        7.3271
 EAMBER  =  -192607.6947

     .... RESTARTED DUE TO LINMIN FAILURE ...


   NSTEP       ENERGY          RMS            GMAX         NAME    NUMBER
   2450      -1.9259E+05     4.4212E-01     1.1339E+02     O       30532

 BOND    =    38250.8591  ANGLE   =      302.3460  DIHED      =      916.1690
 VDWAALS =    46383.6896  EEL     =  -288353.7052  HBOND      =        0.0000
 1-4 VDW =      713.2119  1-4 EEL =     9186.1295  RESTRAINT  =        7.3271
 EAMBER  =  -192601.3001

     .... RESTARTED DUE TO LINMIN FAILURE ...


   NSTEP       ENERGY          RMS            GMAX         NAME    NUMBER
   2500      -1.9259E+05     4.3831E-01     1.1240E+02     O       30532

 BOND    =    38250.9009  ANGLE   =      302.3461  DIHED      =      916.1691
 VDWAALS =    46383.6038  EEL     =  -288349.0543  HBOND      =        0.0000
 1-4 VDW =      713.2118  1-4 EEL =     9186.1293  RESTRAINT  =        7.3271
 EAMBER  =  -192596.6933


   NSTEP       ENERGY          RMS            GMAX         NAME    NUMBER
   2550      -1.9258E+05     4.3369E-01     1.1121E+02     O       30532

 BOND    =    38250.9506  ANGLE   =      302.3462  DIHED      =      916.1692
 VDWAALS =    46383.4978  EEL     =  -288343.4568  HBOND      =        0.0000
 1-4 VDW =      713.2117  1-4 EEL =     9186.1291  RESTRAINT  =        7.3271
 EAMBER  =  -192591.1522


   NSTEP       ENERGY          RMS            GMAX         NAME    NUMBER
   2600      -1.9258E+05     4.2917E-01     1.1003E+02     O       30532

 BOND    =    38251.0003  ANGLE   =      302.3463  DIHED      =      916.1691
 VDWAALS =    46383.3953  EEL     =  -288337.9712  HBOND      =        0.0000
 1-4 VDW =      713.2117  1-4 EEL =     9186.1289  RESTRAINT  =        7.3271
 EAMBER  =  -192585.7196


   NSTEP       ENERGY          RMS            GMAX         NAME    NUMBER
   2650      -1.9257E+05     4.2464E-01     1.0886E+02     O       30532

 BOND    =    38251.0500  ANGLE   =      302.3464  DIHED      =      916.1691
 VDWAALS =    46383.2921  EEL     =  -288332.4712  HBOND      =        0.0000
 1-4 VDW =      713.2116  1-4 EEL =     9186.1288  RESTRAINT  =        7.3271
 EAMBER  =  -192580.2733


   NSTEP       ENERGY          RMS            GMAX         NAME    NUMBER
   2700      -1.9257E+05     4.2004E-01     1.0766E+02     O       30532

 BOND    =    38251.0996  ANGLE   =      302.3465  DIHED      =      916.1691
 VDWAALS =    46383.1859  EEL     =  -288326.9493  HBOND      =        0.0000
 1-4 VDW =      713.2116  1-4 EEL =     9186.1286  RESTRAINT  =        7.3271
 EAMBER  =  -192574.8081


   NSTEP       ENERGY          RMS            GMAX         NAME    NUMBER
   2750      -1.9256E+05     4.1552E-01     1.0649E+02     O       30532

 BOND    =    38251.1492  ANGLE   =      302.3465  DIHED      =      916.1691
 VDWAALS =    46383.0834  EEL     =  -288321.4537  HBOND      =        0.0000
 1-4 VDW =      713.2115  1-4 EEL =     9186.1284  RESTRAINT  =        7.3271
 EAMBER  =  -192569.3656

     .... RESTARTED DUE TO LINMIN FAILURE ...


   NSTEP       ENERGY          RMS            GMAX         NAME    NUMBER
   2800      -1.9256E+05     4.1100E-01     1.0531E+02     O       30532

 BOND    =    38251.1987  ANGLE   =      302.3466  DIHED      =      916.1690
 VDWAALS =    46382.9800  EEL     =  -288316.0321  HBOND      =        0.0000
 1-4 VDW =      713.2114  1-4 EEL =     9186.1282  RESTRAINT  =        7.3272
 EAMBER  =  -192563.9982


   NSTEP       ENERGY          RMS            GMAX         NAME    NUMBER
   2850      -1.9255E+05     4.0649E-01     1.0413E+02     O       30532

 BOND    =    38251.2482  ANGLE   =      302.3467  DIHED      =      916.1691
 VDWAALS =    46382.8772  EEL     =  -288310.5293  HBOND      =        0.0000
 1-4 VDW =      713.2113  1-4 EEL =     9186.1280  RESTRAINT  =        7.3272
 EAMBER  =  -192558.5488


   NSTEP       ENERGY          RMS            GMAX         NAME    NUMBER
   2900      -1.9255E+05     4.0198E-01     1.0296E+02     O       30532

 BOND    =    38251.2976  ANGLE   =      302.3468  DIHED      =      916.1692
 VDWAALS =    46382.7744  EEL     =  -288305.0544  HBOND      =        0.0000
 1-4 VDW =      713.2113  1-4 EEL =     9186.1277  RESTRAINT  =        7.3272
 EAMBER  =  -192553.1273


   NSTEP       ENERGY          RMS            GMAX         NAME    NUMBER
   2950      -1.9254E+05     3.9747E-01     1.0178E+02     O       30532

 BOND    =    38251.3470  ANGLE   =      302.3469  DIHED      =      916.1692
 VDWAALS =    46382.6719  EEL     =  -288299.5948  HBOND      =        0.0000
 1-4 VDW =      713.2112  1-4 EEL =     9186.1276  RESTRAINT  =        7.3272
 EAMBER  =  -192547.7210


   NSTEP       ENERGY          RMS            GMAX         NAME    NUMBER
   3000      -1.9254E+05     3.9296E-01     1.0060E+02     O       30532

 BOND    =    38251.3963  ANGLE   =      302.3470  DIHED      =      916.1692
 VDWAALS =    46382.5682  EEL     =  -288294.1867  HBOND      =        0.0000
 1-4 VDW =      713.2111  1-4 EEL =     9186.1273  RESTRAINT  =        7.3272
 EAMBER  =  -192542.3676


   NSTEP       ENERGY          RMS            GMAX         NAME    NUMBER
   3050      -1.9253E+05     3.8845E-01     9.9427E+01     O       30532

 BOND    =    38251.4456  ANGLE   =      302.3471  DIHED      =      916.1693
 VDWAALS =    46382.4649  EEL     =  -288288.7511  HBOND      =        0.0000
 1-4 VDW =      713.2110  1-4 EEL =     9186.1272  RESTRAINT  =        7.3272
 EAMBER  =  -192536.9860


   NSTEP       ENERGY          RMS            GMAX         NAME    NUMBER
   3100      -1.9252E+05     3.8402E-01     9.8266E+01     O       30532

 BOND    =    38251.4948  ANGLE   =      302.3472  DIHED      =      916.1691
 VDWAALS =    46382.3643  EEL     =  -288283.3442  HBOND      =        0.0000
 1-4 VDW =      713.2109  1-4 EEL =     9186.1269  RESTRAINT  =        7.3272
 EAMBER  =  -192531.6308


   NSTEP       ENERGY          RMS            GMAX         NAME    NUMBER
   3150      -1.9252E+05     3.7954E-01     9.7089E+01     O       30532

 BOND    =    38251.5440  ANGLE   =      302.3473  DIHED      =      916.1693
 VDWAALS =    46382.2612  EEL     =  -288277.9713  HBOND      =        0.0000
 1-4 VDW =      713.2108  1-4 EEL =     9186.1267  RESTRAINT  =        7.3272
 EAMBER  =  -192526.3119


   NSTEP       ENERGY          RMS            GMAX         NAME    NUMBER
   3200      -1.9251E+05     3.7506E-01     9.5918E+01     O       30532

 BOND    =    38251.5931  ANGLE   =      302.3474  DIHED      =      916.1692
 VDWAALS =    46382.1593  EEL     =  -288272.5610  HBOND      =        0.0000
 1-4 VDW =      713.2108  1-4 EEL =     9186.1264  RESTRAINT  =        7.3272
 EAMBER  =  -192520.9547


   NSTEP       ENERGY          RMS            GMAX         NAME    NUMBER
   3250      -1.9251E+05     3.7057E-01     9.4736E+01     O       30532

 BOND    =    38251.6422  ANGLE   =      302.3475  DIHED      =      916.1693
 VDWAALS =    46382.0554  EEL     =  -288267.2030  HBOND      =        0.0000
 1-4 VDW =      713.2107  1-4 EEL =     9186.1263  RESTRAINT  =        7.3273
 EAMBER  =  -192515.6516


   NSTEP       ENERGY          RMS            GMAX         NAME    NUMBER
   3300      -1.9250E+05     3.6615E-01     9.3575E+01     O       30532

 BOND    =    38251.6912  ANGLE   =      302.3476  DIHED      =      916.1692
 VDWAALS =    46381.9548  EEL     =  -288261.8331  HBOND      =        0.0000
 1-4 VDW =      713.2106  1-4 EEL =     9186.1261  RESTRAINT  =        7.3273
 EAMBER  =  -192510.3335


   NSTEP       ENERGY          RMS            GMAX         NAME    NUMBER
   3350      -1.9250E+05     3.6170E-01     9.2402E+01     O       30532

 BOND    =    38251.7402  ANGLE   =      302.3478  DIHED      =      916.1694
 VDWAALS =    46381.8524  EEL     =  -288256.4777  HBOND      =        0.0000
 1-4 VDW =      713.2105  1-4 EEL =     9186.1258  RESTRAINT  =        7.3273
 EAMBER  =  -192505.0318


   NSTEP       ENERGY          RMS            GMAX         NAME    NUMBER
   3400      -1.9249E+05     3.5730E-01     9.1244E+01     O       30532

 BOND    =    38251.7890  ANGLE   =      302.3479  DIHED      =      916.1693
 VDWAALS =    46381.7522  EEL     =  -288251.1473  HBOND      =        0.0000
 1-4 VDW =      713.2104  1-4 EEL =     9186.1257  RESTRAINT  =        7.3273
 EAMBER  =  -192499.7529


   NSTEP       ENERGY          RMS            GMAX         NAME    NUMBER
   3450      -1.9249E+05     3.5288E-01     9.0072E+01     O       30532

 BOND    =    38251.8379  ANGLE   =      302.3480  DIHED      =      916.1694
 VDWAALS =    46381.6498  EEL     =  -288245.8797  HBOND      =        0.0000
 1-4 VDW =      713.2103  1-4 EEL =     9186.1254  RESTRAINT  =        7.3273
 EAMBER  =  -192494.5391


   NSTEP       ENERGY          RMS            GMAX         NAME    NUMBER
   3500      -1.9248E+05     3.4848E-01     8.8912E+01     O       30532

 BOND    =    38251.8866  ANGLE   =      302.3481  DIHED      =      916.1693
 VDWAALS =    46381.5493  EEL     =  -288240.5314  HBOND      =        0.0000
 1-4 VDW =      713.2103  1-4 EEL =     9186.1252  RESTRAINT  =        7.3273
 EAMBER  =  -192489.2427


   NSTEP       ENERGY          RMS            GMAX         NAME    NUMBER
   3550      -1.9248E+05     3.4409E-01     8.7750E+01     O       30532

 BOND    =    38251.9353  ANGLE   =      302.3482  DIHED      =      916.1692
 VDWAALS =    46381.4483  EEL     =  -288235.2318  HBOND      =        0.0000
 1-4 VDW =      713.2102  1-4 EEL =     9186.1249  RESTRAINT  =        7.3273
 EAMBER  =  -192483.9957


   NSTEP       ENERGY          RMS            GMAX         NAME    NUMBER
   3600      -1.9247E+05     3.3972E-01     8.6590E+01     O       30532

 BOND    =    38251.9839  ANGLE   =      302.3483  DIHED      =      916.1694
 VDWAALS =    46381.3482  EEL     =  -288229.9471  HBOND      =        0.0000
 1-4 VDW =      713.2101  1-4 EEL =     9186.1247  RESTRAINT  =        7.3274
 EAMBER  =  -192478.7625


   NSTEP       ENERGY          RMS            GMAX         NAME    NUMBER
   3650      -1.9247E+05     3.3531E-01     8.5422E+01     O       30532

 BOND    =    38252.0324  ANGLE   =      302.3484  DIHED      =      916.1694
 VDWAALS =    46381.2463  EEL     =  -288224.6615  HBOND      =        0.0000
 1-4 VDW =      713.2099  1-4 EEL =     9186.1245  RESTRAINT  =        7.3274
 EAMBER  =  -192473.5305


   NSTEP       ENERGY          RMS            GMAX         NAME    NUMBER
   3700      -1.9246E+05     3.3095E-01     8.4261E+01     O       30532

 BOND    =    38252.0809  ANGLE   =      302.3485  DIHED      =      916.1695
 VDWAALS =    46381.1457  EEL     =  -288219.4329  HBOND      =        0.0000
 1-4 VDW =      713.2099  1-4 EEL =     9186.1242  RESTRAINT  =        7.3274
 EAMBER  =  -192468.3542

     .... RESTARTED DUE TO LINMIN FAILURE ...


   NSTEP       ENERGY          RMS            GMAX         NAME    NUMBER
   3750      -1.9246E+05     3.2661E-01     8.3105E+01     O       30532

 BOND    =    38252.1293  ANGLE   =      302.3487  DIHED      =      916.1695
 VDWAALS =    46381.0460  EEL     =  -288214.2079  HBOND      =        0.0000
 1-4 VDW =      713.2098  1-4 EEL =     9186.1240  RESTRAINT  =        7.3274
 EAMBER  =  -192463.1806


   NSTEP       ENERGY          RMS            GMAX         NAME    NUMBER
   3800      -1.9245E+05     3.2227E-01     8.1946E+01     O       30532

 BOND    =    38252.1776  ANGLE   =      302.3488  DIHED      =      916.1695
 VDWAALS =    46380.9457  EEL     =  -288208.9723  HBOND      =        0.0000
 1-4 VDW =      713.2097  1-4 EEL =     9186.1238  RESTRAINT  =        7.3274
 EAMBER  =  -192457.9973


   NSTEP       ENERGY          RMS            GMAX         NAME    NUMBER
   3850      -1.9245E+05     3.1795E-01     8.0791E+01     O       30532

 BOND    =    38252.2258  ANGLE   =      302.3489  DIHED      =      916.1696
 VDWAALS =    46380.8459  EEL     =  -288203.7940  HBOND      =        0.0000
 1-4 VDW =      713.2096  1-4 EEL =     9186.1235  RESTRAINT  =        7.3274
 EAMBER  =  -192452.8707


   NSTEP       ENERGY          RMS            GMAX         NAME    NUMBER
   3900      -1.9244E+05     3.1366E-01     7.9644E+01     O       30532

 BOND    =    38252.2740  ANGLE   =      302.3490  DIHED      =      916.1695
 VDWAALS =    46380.7475  EEL     =  -288198.5558  HBOND      =        0.0000
 1-4 VDW =      713.2095  1-4 EEL =     9186.1232  RESTRAINT  =        7.3274
 EAMBER  =  -192447.6831


   NSTEP       ENERGY          RMS            GMAX         NAME    NUMBER
   3950      -1.9244E+05     3.0936E-01     7.8487E+01     O       30532

 BOND    =    38252.3220  ANGLE   =      302.3491  DIHED      =      916.1696
 VDWAALS =    46380.6475  EEL     =  -288193.4311  HBOND      =        0.0000
 1-4 VDW =      713.2094  1-4 EEL =     9186.1230  RESTRAINT  =        7.3275
 EAMBER  =  -192442.6104


   NSTEP       ENERGY          RMS            GMAX         NAME    NUMBER
   4000      -1.9243E+05     3.0506E-01     7.7332E+01     O       30532

 BOND    =    38252.3700  ANGLE   =      302.3493  DIHED      =      916.1694
 VDWAALS =    46380.5479  EEL     =  -288188.2687  HBOND      =        0.0000
 1-4 VDW =      713.2093  1-4 EEL =     9186.1227  RESTRAINT  =        7.3275
 EAMBER  =  -192437.5000


   NSTEP       ENERGY          RMS            GMAX         NAME    NUMBER
   4050      -1.9243E+05     3.0080E-01     7.6188E+01     O       30532

 BOND    =    38252.4179  ANGLE   =      302.3494  DIHED      =      916.1696
 VDWAALS =    46380.4502  EEL     =  -288183.0571  HBOND      =        0.0000
 1-4 VDW =      713.2092  1-4 EEL =     9186.1224  RESTRAINT  =        7.3275
 EAMBER  =  -192432.3384


   NSTEP       ENERGY          RMS            GMAX         NAME    NUMBER
   4100      -1.9242E+05     2.9652E-01     7.5032E+01     O       30532

 BOND    =    38252.4656  ANGLE   =      302.3495  DIHED      =      916.1696
 VDWAALS =    46380.3502  EEL     =  -288177.9662  HBOND      =        0.0000
 1-4 VDW =      713.2091  1-4 EEL =     9186.1222  RESTRAINT  =        7.3275
 EAMBER  =  -192427.3000


   NSTEP       ENERGY          RMS            GMAX         NAME    NUMBER
   4150      -1.9241E+05     2.9233E-01     7.3899E+01     O       30532

 BOND    =    38252.5133  ANGLE   =      302.3497  DIHED      =      916.1696
 VDWAALS =    46380.2536  EEL     =  -288172.8633  HBOND      =        0.0000
 1-4 VDW =      713.2090  1-4 EEL =     9186.1218  RESTRAINT  =        7.3275
 EAMBER  =  -192422.2463


   NSTEP       ENERGY          RMS            GMAX         NAME    NUMBER
   4200      -1.9241E+05     2.8811E-01     7.2757E+01     O       30532

 BOND    =    38252.5609  ANGLE   =      302.3498  DIHED      =      916.1697
 VDWAALS =    46380.1560  EEL     =  -288167.7854  HBOND      =        0.0000
 1-4 VDW =      713.2089  1-4 EEL =     9186.1216  RESTRAINT  =        7.3275
 EAMBER  =  -192417.2186


   NSTEP       ENERGY          RMS            GMAX         NAME    NUMBER
   4250      -1.9240E+05     2.8386E-01     7.1603E+01     O       30532

 BOND    =    38252.6084  ANGLE   =      302.3499  DIHED      =      916.1697
 VDWAALS =    46380.0562  EEL     =  -288162.7339  HBOND      =        0.0000
 1-4 VDW =      713.2088  1-4 EEL =     9186.1213  RESTRAINT  =        7.3276
 EAMBER  =  -192412.2196

     .... RESTARTED DUE TO LINMIN FAILURE ...


                    FINAL RESULTS



   NSTEP       ENERGY          RMS            GMAX         NAME    NUMBER
   4259      -1.9240E+05     2.8303E-01     7.1372E+01     O       30532

 BOND    =    38252.6178  ANGLE   =      302.3500  DIHED      =      916.1697
 VDWAALS =    46380.0364  EEL     =  -288161.7303  HBOND      =        0.0000
 1-4 VDW =      713.2087  1-4 EEL =     9186.1212  RESTRAINT  =        7.3276
 EAMBER  =  -192411.2265

     ***** REPEATED LINMIN FAILURE *****
--------------------------------------------------------------------------------
   5.  TIMINGS
--------------------------------------------------------------------------------

|  NonSetup CPU Time in Major Routines:
|
|     Routine           Sec        %
|     ------------------------------
|     Nonbond           7.86   33.14
|     Bond              0.00    0.00
|     Angle             0.00    0.00
|     Dihedral          0.00    0.00
|     Shake             0.00    0.00
|     Other            15.85   66.86
|     ------------------------------
|     Total            23.70

|  PME Nonbond Pairlist CPU Time:
|
|     Routine              Sec        %
|     ---------------------------------
|     Set Up Cit           0.00    0.00
|     Build List           0.00    0.00
|     ---------------------------------
|     Total                0.00    0.00

|  PME Direct Force CPU Time:
|
|     Routine              Sec        %
|     ---------------------------------
|     NonBonded Calc       0.00    0.00
|     Exclude Masked       0.00    0.00
|     Other                0.02    0.07
|     ---------------------------------
|     Total                0.02    0.07

|  PME Reciprocal Force CPU Time:
|
|     Routine              Sec        %
|     ---------------------------------
|     1D bspline           0.00    0.00
|     Grid Charges         0.00    0.00
|     Scalar Sum           0.00    0.00
|     Gradient Sum         0.00    0.00
|     FFT                  0.00    0.00
|     ---------------------------------
|     Total                0.00    0.00

|  Setup CPU time:            1.81 seconds
|  NonSetup CPU time:        23.70 seconds
|  Total CPU time:           25.52 seconds     0.01 hours

|  Setup wall time:           1    seconds
|  NonSetup wall time:       24    seconds
|  Total wall time:          25    seconds     0.01 hours
