
          -------------------------------------------------------
          Amber 18 PMEMD                              2018
          -------------------------------------------------------

| PMEMD implementation of SANDER, Release 18

| Run on 07/06/2021 at 18:45:55

|   Executable path: pmemd.cuda
| Working directory: /home/bozhanng/Abs_MD/HEPC3-1_Fv_full_VN_relaxed
|          Hostname: bf21

  [-O]verwriting output

File Assignments:
|   MDIN: heat100K.in                                                           
|  MDOUT: heat100K_HEPC3-1_Fv_full_VN_relaxed.out                               
| INPCRD: minall_HEPC3-1_Fv_full_VN_relaxed.crd                                 
|   PARM: HEPC3-1_Fv_full_VN_relaxed.parm7                                      
| RESTRT: heat100K_HEPC3-1_Fv_full_VN_relaxed.crd                               
|   REFC: refc                                                                  
|  MDVEL: mdvel                                                                 
|   MDEN: mden                                                                  
|  MDCRD: heat100K_HEPC3-1_Fv_full_VN_relaxed.nc                                
| MDINFO: mdinfo                                                                
|  MDFRC: mdfrc                                                                 


 Here is the input file:

Heating from 0 to 100 K                                                        
 &cntrl                                                                        
  imin=0,         ! Molecular dynamics                                         
  ntx=1,          ! Coordinates formatted with no initial velocities           
  irest=0,        ! No restart velocities assigned                             
  ntc=2,          ! SHAKE algorithm bonds with hydrogen                        
  ntf=2,          ! No force evaluation bonds with hydrogen                    
  tol=0.0000001,  ! SHAKE tolerance                                            
  nstlim=250000,  ! Number of MD steps                                         
  ntt=3,          ! Langevin dynamics                                          
  gamma_ln=5.0,   ! Collision frequency Langevin dynamics                      
  ig=-1,          ! Random seed Langevin dynamics                              
  ntpr=2500,                                                                   
  ntwr=2500,                                                                   
  ntwx=2500,      ! Write to trajectory file every ntwx steps                  
  dt=0.0001,       ! Timestep (ps)                                             
  ntb=1,	  ! Constant volume periodic boundary conditions                      
  ntp=0,                                                                       
  cut=8.0,                                                                     
  tempi=0.0,	  ! Starting temperature is 0 K from minimization                 
  TEMP0=100.0,    ! Reference temperature (held here)                          
 &end                                                                          
END                                                                            
END                                                                            


Note: ig = -1. Setting random seed to   694044 based on wallclock time in 
      microseconds.
| irandom = 1, using AMBER's internal random number generator (default).
 
|--------------------- INFORMATION ----------------------
| GPU (CUDA) Version of PMEMD in use: NVIDIA GPU IN USE.
|                    Version 18.0.0
| 
|                      03/25/2018
| 
| Implementation by:
|                    Ross C. Walker     (SDSC)
|                    Scott Le Grand     (nVIDIA)
| 
| Version 18 performance extensions by:
|                    David Cerutti     (Rutgers)
| 
| Precision model in use:
|      [SPFP] - Single Precision Forces, 64-bit Fixed Point
|               Accumulation. (Default)
| 
|--------------------------------------------------------
 
|----------------- CITATION INFORMATION -----------------
|
|    When publishing work that utilized the CUDA version
|    of AMBER, please cite the following in addition to
|    the regular AMBER citations:
|
|  - Romelia Salomon-Ferrer; Andreas W. Goetz; Duncan
|    Poole; Scott Le Grand; Ross C. Walker "Routine
|    microsecond molecular dynamics simulations with
|    AMBER - Part II: Particle Mesh Ewald", J. Chem.
|    Theory Comput., 2013, 9 (9), pp3878-3888,
|    DOI: 10.1021/ct400314y.
|
|  - Andreas W. Goetz; Mark J. Williamson; Dong Xu;
|    Duncan Poole; Scott Le Grand; Ross C. Walker
|    "Routine microsecond molecular dynamics simulations
|    with AMBER - Part I: Generalized Born", J. Chem.
|    Theory Comput., 2012, 8 (5), pp1542-1555.
|
|  - Scott Le Grand; Andreas W. Goetz; Ross C. Walker
|    "SPFP: Speed without compromise - a mixed precision
|    model for GPU accelerated molecular dynamics
|    simulations.", Comp. Phys. Comm., 2013, 184
|    pp374-380, DOI: 10.1016/j.cpc.2012.09.022
|
|--------------------------------------------------------
 
|------------------- GPU DEVICE INFO --------------------
|
|            CUDA_VISIBLE_DEVICES: 0
|   CUDA Capable Devices Detected:      1
|           CUDA Device ID in use:      0
|                CUDA Device Name: GeForce GTX 1080
|     CUDA Device Global Mem Size:   8119 MB
| CUDA Device Num Multiprocessors:     20
|           CUDA Device Core Freq:   1.73 GHz
|
|--------------------------------------------------------
 
 
| Conditional Compilation Defines Used:
| PUBFFT
| BINTRAJ
| MKL
| CUDA
| EMIL

| Largest sphere to fit in unit cell has radius =    34.019

| New format PARM file being parsed.
| Version =    1.000 Date = 07/06/21 Time = 18:27:58

| Note: 1-4 EEL scale factors are being read from the topology file.

| Note: 1-4 VDW scale factors are being read from the topology file.
| Duplicated    0 dihedrals

| Duplicated    0 dihedrals

--------------------------------------------------------------------------------
   1.  RESOURCE   USE: 
--------------------------------------------------------------------------------

 getting box info from netcdf restart file
 NATOM  =   45428 NTYPES =      18 NBONH =   33166 MBONA  =   12295
 NTHETH =    3886 MTHETA =    2460 NPHIH =    8147 MPHIA  =    7817
 NHPARM =       0 NPARM  =       0 NNB   =   92594 NRES   =   10722
 NBONA  =   12295 NTHETA =    2460 NPHIA =    7817 NUMBND =      72
 NUMANG =     171 NPTRA  =     194 NATYP =      36 NPHB   =       1
 IFBOX  =       1 NMXRS  =      25 IFCAP =       0 NEXTRA =   10481
 NCOPY  =       0

| Coordinate Index Table dimensions:    15   15   17
| Direct force subcell size =     4.6738    4.5358    4.5144

     BOX TYPE: RECTILINEAR

--------------------------------------------------------------------------------
   2.  CONTROL  DATA  FOR  THE  RUN
--------------------------------------------------------------------------------

default_name                                                                    

General flags:
     imin    =       0, nmropt  =       0

Nature and format of input:
     ntx     =       1, irest   =       0, ntrx    =       1

Nature and format of output:
     ntxo    =       2, ntpr    =    2500, ntrx    =       1, ntwr    =    2500
     iwrap   =       0, ntwx    =    2500, ntwv    =       0, ntwe    =       0
     ioutfm  =       1, ntwprt  =       0, idecomp =       0, rbornstat=      0

Potential function:
     ntf     =       2, ntb     =       1, igb     =       0, nsnb    =      25
     ipol    =       0, gbsa    =       0, iesp    =       0
     dielc   =   1.00000, cut     =   8.00000, intdiel =   1.00000

Frozen or restrained atoms:
     ibelly  =       0, ntr     =       0

Molecular dynamics:
     nstlim  =    250000, nscm    =      1000, nrespa  =         1
     t       =   0.00000, dt      =   0.00010, vlimit  =  -1.00000

Langevin dynamics temperature regulation:
     ig      =  694044
     temp0   = 100.00000, tempi   =   0.00000, gamma_ln=   5.00000

SHAKE:
     ntc     =       2, jfastw  =       0
     tol     =   0.00000

| Intermolecular bonds treatment:
|     no_intermolecular_bonds =       1

| Energy averages sample interval:
|     ene_avg_sampling =    2500

Extra-points options:
     frameon =       1, chngmask=       1

Ewald parameters:
     verbose =       0, ew_type =       0, nbflag  =       1, use_pme =       1
     vdwmeth =       1, eedmeth =       1, netfrc  =       1
     Box X =   70.107   Box Y =   68.038   Box Z =   76.745
     Alpha =   90.000   Beta  =   90.000   Gamma =   90.000
     NFFT1 =   72       NFFT2 =   72       NFFT3 =   80
     Cutoff=    8.000   Tol   =0.100E-04
     Ewald Coefficient =  0.34864
     Interpolation order =    4
|      EXTRA_PTS, trim_bonds: num bonds BEFORE trim = 33166     0
|      EXTRA_PTS, trim_bonds: num bonds AFTER  trim = 33166     0
|      EXTRA_PTS, trim_bonds: num bonds BEFORE trim = 12295     0
|      EXTRA_PTS, trim_bonds: num bonds AFTER  trim =  1814     0
|      EXTRA_PTS, trim_theta: num angle BEFORE trim =  3886     0
|      EXTRA_PTS, trim_theta: num angle AFTER  trim =  3886     0
|      EXTRA_PTS, trim_theta: num angle BEFORE trim =  2460     0
|      EXTRA_PTS, trim_theta: num angle AFTER  trim =  2460     0
|      EXTRA_PTS, trim_phi:  num diheds BEFORE trim =  8147     0
|      EXTRA_PTS, trim_phi:  num diheds AFTER  trim =  8147     0
|      EXTRA_PTS, trim_phi:  num diheds BEFORE trim =  7817     0
|      EXTRA_PTS, trim_phi:  num diheds AFTER  trim =  7817     0

--------------------------------------------------------------------------------
   3.  ATOMIC COORDINATES AND VELOCITIES
--------------------------------------------------------------------------------

default_name                                                                    
 begin time read from input coords =    37.500 ps

 
 Number of triangulated 3-point waters found:    10481

     Sum of charges from parm topology file =   0.00005731
     Forcing neutrality...

| Dynamic Memory, Types Used:
| Reals             1325830
| Integers          2915499

| Nonbonded Pairs Initial Allocation:     7587611

| GPU memory information (estimate):
| KB of GPU memory in use:         0
| KB of CPU memory in use:         0

--------------------------------------------------------------------------------
   4.  RESULTS
--------------------------------------------------------------------------------


 NSTEP =        0   TIME(PS) =       0.000  TEMP(K) =     0.00  PRESS =     0.0
 Etot   =   -135559.8729  EKtot   =         0.0000  EPtot      =   -135559.8729
 BOND   =       648.9098  ANGLE   =      1659.2458  DIHED      =      1271.3726
 1-4 NB =       766.4364  1-4 EEL =      8910.9188  VDWAALS    =     16799.8994
 EELEC  =   -165616.6558  EHBOND  =         0.0000  RESTRAINT  =         0.0000
 ------------------------------------------------------------------------------


 NSTEP =     2500   TIME(PS) =       0.250  TEMP(K) =   126.42  PRESS =     0.0
 Etot   =   -142365.4060  EKtot   =      9003.3975  EPtot      =   -151368.8035
 BOND   =       322.7875  ANGLE   =       865.4493  DIHED      =      1056.8691
 1-4 NB =       692.7891  1-4 EEL =      8880.1378  VDWAALS    =     19308.2123
 EELEC  =   -182495.0486  EHBOND  =         0.0000  RESTRAINT  =         0.0000
 ------------------------------------------------------------------------------


 NSTEP =     5000   TIME(PS) =       0.500  TEMP(K) =   111.45  PRESS =     0.0
 Etot   =   -145451.8202  EKtot   =      7937.0151  EPtot      =   -153388.8354
 BOND   =       313.4712  ANGLE   =       799.5762  DIHED      =      1059.1333
 1-4 NB =       695.8150  1-4 EEL =      8907.7511  VDWAALS    =     20214.7568
 EELEC  =   -185379.3390  EHBOND  =         0.0000  RESTRAINT  =         0.0000
 ------------------------------------------------------------------------------


 NSTEP =     7500   TIME(PS) =       0.750  TEMP(K) =   104.77  PRESS =     0.0
 Etot   =   -146872.9849  EKtot   =      7461.3892  EPtot      =   -154334.3741
 BOND   =       289.5531  ANGLE   =       797.1394  DIHED      =      1051.8397
 1-4 NB =       706.1746  1-4 EEL =      8908.7728  VDWAALS    =     20882.2674
 EELEC  =   -186970.1212  EHBOND  =         0.0000  RESTRAINT  =         0.0000
 ------------------------------------------------------------------------------


 NSTEP =    10000   TIME(PS) =       1.000  TEMP(K) =   102.23  PRESS =     0.0
 Etot   =   -147513.9788  EKtot   =      7280.6460  EPtot      =   -154794.6248
 BOND   =       300.8351  ANGLE   =       801.2196  DIHED      =      1037.8201
 1-4 NB =       684.2468  1-4 EEL =      8916.2655  VDWAALS    =     21343.7816
 EELEC  =   -187878.7935  EHBOND  =         0.0000  RESTRAINT  =         0.0000
 ------------------------------------------------------------------------------


 NSTEP =    12500   TIME(PS) =       1.250  TEMP(K) =   102.85  PRESS =     0.0
 Etot   =   -147803.4311  EKtot   =      7324.7324  EPtot      =   -155128.1635
 BOND   =       279.3461  ANGLE   =       799.8556  DIHED      =      1033.4229
 1-4 NB =       690.0431  1-4 EEL =      8887.4183  VDWAALS    =     21846.5786
 EELEC  =   -188664.8281  EHBOND  =         0.0000  RESTRAINT  =         0.0000
 ------------------------------------------------------------------------------


 NSTEP =    15000   TIME(PS) =       1.500  TEMP(K) =   101.63  PRESS =     0.0
 Etot   =   -148109.1761  EKtot   =      7237.4746  EPtot      =   -155346.6507
 BOND   =       294.3032  ANGLE   =       767.7792  DIHED      =      1063.4450
 1-4 NB =       705.2123  1-4 EEL =      8939.6349  VDWAALS    =     21810.3438
 EELEC  =   -188927.3692  EHBOND  =         0.0000  RESTRAINT  =         0.0000
 ------------------------------------------------------------------------------


 NSTEP =    17500   TIME(PS) =       1.750  TEMP(K) =   100.42  PRESS =     0.0
 Etot   =   -148332.5974  EKtot   =      7151.6348  EPtot      =   -155484.2322
 BOND   =       290.4951  ANGLE   =       789.6979  DIHED      =      1053.6525
 1-4 NB =       695.7563  1-4 EEL =      8931.4695  VDWAALS    =     22037.6973
 EELEC  =   -189283.0008  EHBOND  =         0.0000  RESTRAINT  =         0.0000
 ------------------------------------------------------------------------------


 NSTEP =    20000   TIME(PS) =       2.000  TEMP(K) =   101.28  PRESS =     0.0
 Etot   =   -148437.9548  EKtot   =      7213.1064  EPtot      =   -155651.0613
 BOND   =       286.9872  ANGLE   =       789.3321  DIHED      =      1056.8127
 1-4 NB =       685.7280  1-4 EEL =      8893.6194  VDWAALS    =     22257.1875
 EELEC  =   -189620.7281  EHBOND  =         0.0000  RESTRAINT  =         0.0000
 ------------------------------------------------------------------------------


 NSTEP =    22500   TIME(PS) =       2.250  TEMP(K) =   101.27  PRESS =     0.0
 Etot   =   -148560.4577  EKtot   =      7212.1890  EPtot      =   -155772.6467
 BOND   =       288.9898  ANGLE   =       800.4796  DIHED      =      1056.7008
 1-4 NB =       698.0697  1-4 EEL =      8869.7154  VDWAALS    =     22185.2748
 EELEC  =   -189671.8768  EHBOND  =         0.0000  RESTRAINT  =         0.0000
 ------------------------------------------------------------------------------


 NSTEP =    25000   TIME(PS) =       2.500  TEMP(K) =   101.30  PRESS =     0.0
 Etot   =   -148669.2722  EKtot   =      7214.2822  EPtot      =   -155883.5544
 BOND   =       293.4198  ANGLE   =       794.7777  DIHED      =      1039.7936
 1-4 NB =       704.7729  1-4 EEL =      8916.7363  VDWAALS    =     22211.8462
 EELEC  =   -189844.9009  EHBOND  =         0.0000  RESTRAINT  =         0.0000
 ------------------------------------------------------------------------------


 NSTEP =    27500   TIME(PS) =       2.750  TEMP(K) =   100.70  PRESS =     0.0
 Etot   =   -148726.1273  EKtot   =      7171.4966  EPtot      =   -155897.6239
 BOND   =       283.8272  ANGLE   =       777.9951  DIHED      =      1060.9974
 1-4 NB =       702.2463  1-4 EEL =      8919.6335  VDWAALS    =     22396.3908
 EELEC  =   -190038.7142  EHBOND  =         0.0000  RESTRAINT  =         0.0000
 ------------------------------------------------------------------------------


 NSTEP =    30000   TIME(PS) =       3.000  TEMP(K) =   100.16  PRESS =     0.0
 Etot   =   -148958.7485  EKtot   =      7132.9150  EPtot      =   -156091.6636
 BOND   =       307.6614  ANGLE   =       793.5631  DIHED      =      1053.5253
 1-4 NB =       689.5771  1-4 EEL =      8868.1004  VDWAALS    =     22532.7352
 EELEC  =   -190336.8261  EHBOND  =         0.0000  RESTRAINT  =         0.0000
 ------------------------------------------------------------------------------


 NSTEP =    32500   TIME(PS) =       3.250  TEMP(K) =    99.86  PRESS =     0.0
 Etot   =   -149004.1885  EKtot   =      7111.6812  EPtot      =   -156115.8696
 BOND   =       284.6965  ANGLE   =       784.7426  DIHED      =      1056.4020
 1-4 NB =       694.3111  1-4 EEL =      8910.8990  VDWAALS    =     22582.6014
 EELEC  =   -190429.5222  EHBOND  =         0.0000  RESTRAINT  =         0.0000
 ------------------------------------------------------------------------------


 NSTEP =    35000   TIME(PS) =       3.500  TEMP(K) =   100.63  PRESS =     0.0
 Etot   =   -149010.4652  EKtot   =      7166.5684  EPtot      =   -156177.0336
 BOND   =       290.0792  ANGLE   =       778.0832  DIHED      =      1057.8402
 1-4 NB =       691.1359  1-4 EEL =      8934.5907  VDWAALS    =     22553.3952
 EELEC  =   -190482.1580  EHBOND  =         0.0000  RESTRAINT  =         0.0000
 ------------------------------------------------------------------------------


 NSTEP =    37500   TIME(PS) =       3.750  TEMP(K) =   100.51  PRESS =     0.0
 Etot   =   -149032.9478  EKtot   =      7157.7822  EPtot      =   -156190.7300
 BOND   =       278.2531  ANGLE   =       800.3482  DIHED      =      1053.4550
 1-4 NB =       697.5075  1-4 EEL =      8921.3384  VDWAALS    =     22902.3062
 EELEC  =   -190843.9384  EHBOND  =         0.0000  RESTRAINT  =         0.0000
 ------------------------------------------------------------------------------


 NSTEP =    40000   TIME(PS) =       4.000  TEMP(K) =   100.40  PRESS =     0.0
 Etot   =   -149199.3880  EKtot   =      7150.1069  EPtot      =   -156349.4950
 BOND   =       279.8642  ANGLE   =       782.2242  DIHED      =      1046.4632
 1-4 NB =       696.8665  1-4 EEL =      8901.3321  VDWAALS    =     22879.0862
 EELEC  =   -190935.3314  EHBOND  =         0.0000  RESTRAINT  =         0.0000
 ------------------------------------------------------------------------------


 NSTEP =    42500   TIME(PS) =       4.250  TEMP(K) =   100.60  PRESS =     0.0
 Etot   =   -149192.5601  EKtot   =      7164.1865  EPtot      =   -156356.7466
 BOND   =       300.4218  ANGLE   =       783.0856  DIHED      =      1053.0054
 1-4 NB =       695.5012  1-4 EEL =      8884.7651  VDWAALS    =     22853.1269
 EELEC  =   -190926.6527  EHBOND  =         0.0000  RESTRAINT  =         0.0000
 ------------------------------------------------------------------------------


 NSTEP =    45000   TIME(PS) =       4.500  TEMP(K) =    99.36  PRESS =     0.0
 Etot   =   -149362.5968  EKtot   =      7075.7446  EPtot      =   -156438.3414
 BOND   =       295.5926  ANGLE   =       793.4458  DIHED      =      1046.5911
 1-4 NB =       707.0225  1-4 EEL =      8888.7656  VDWAALS    =     22993.2240
 EELEC  =   -191162.9831  EHBOND  =         0.0000  RESTRAINT  =         0.0000
 ------------------------------------------------------------------------------


 NSTEP =    47500   TIME(PS) =       4.750  TEMP(K) =    99.99  PRESS =     0.0
 Etot   =   -149293.5174  EKtot   =      7120.7681  EPtot      =   -156414.2854
 BOND   =       277.5119  ANGLE   =       798.8488  DIHED      =      1050.5735
 1-4 NB =       700.6590  1-4 EEL =      8925.8932  VDWAALS    =     22875.3518
 EELEC  =   -191043.1236  EHBOND  =         0.0000  RESTRAINT  =         0.0000
 ------------------------------------------------------------------------------


 NSTEP =    50000   TIME(PS) =       5.000  TEMP(K) =   100.35  PRESS =     0.0
 Etot   =   -149267.7081  EKtot   =      7146.4214  EPtot      =   -156414.1295
 BOND   =       292.5798  ANGLE   =       783.0521  DIHED      =      1049.5607
 1-4 NB =       700.3100  1-4 EEL =      8924.0049  VDWAALS    =     22944.0185
 EELEC  =   -191107.6555  EHBOND  =         0.0000  RESTRAINT  =         0.0000
 ------------------------------------------------------------------------------


 NSTEP =    52500   TIME(PS) =       5.250  TEMP(K) =   100.73  PRESS =     0.0
 Etot   =   -149206.8176  EKtot   =      7173.5083  EPtot      =   -156380.3259
 BOND   =       290.3330  ANGLE   =       776.8383  DIHED      =      1052.9620
 1-4 NB =       702.6313  1-4 EEL =      8908.5868  VDWAALS    =     22776.2593
 EELEC  =   -190887.9366  EHBOND  =         0.0000  RESTRAINT  =         0.0000
 ------------------------------------------------------------------------------


 NSTEP =    55000   TIME(PS) =       5.500  TEMP(K) =   100.33  PRESS =     0.0
 Etot   =   -149397.0684  EKtot   =      7144.9946  EPtot      =   -156542.0630
 BOND   =       289.1979  ANGLE   =       803.7854  DIHED      =      1045.1441
 1-4 NB =       701.4330  1-4 EEL =      8913.8760  VDWAALS    =     22861.1623
 EELEC  =   -191156.6617  EHBOND  =         0.0000  RESTRAINT  =         0.0000
 ------------------------------------------------------------------------------


 NSTEP =    57500   TIME(PS) =       5.750  TEMP(K) =   100.44  PRESS =     0.0
 Etot   =   -149416.0271  EKtot   =      7152.6411  EPtot      =   -156568.6682
 BOND   =       296.9067  ANGLE   =       797.7362  DIHED      =      1055.7157
 1-4 NB =       693.4053  1-4 EEL =      8890.0983  VDWAALS    =     22988.1530
 EELEC  =   -191290.6836  EHBOND  =         0.0000  RESTRAINT  =         0.0000
 ------------------------------------------------------------------------------


 NSTEP =    60000   TIME(PS) =       6.000  TEMP(K) =   100.63  PRESS =     0.0
 Etot   =   -149370.8216  EKtot   =      7166.6450  EPtot      =   -156537.4666
 BOND   =       286.6408  ANGLE   =       790.6003  DIHED      =      1060.1522
 1-4 NB =       705.9534  1-4 EEL =      8906.1641  VDWAALS    =     23110.9043
 EELEC  =   -191397.8817  EHBOND  =         0.0000  RESTRAINT  =         0.0000
 ------------------------------------------------------------------------------


 NSTEP =    62500   TIME(PS) =       6.250  TEMP(K) =   100.23  PRESS =     0.0
 Etot   =   -149451.2850  EKtot   =      7138.0425  EPtot      =   -156589.3275
 BOND   =       300.6064  ANGLE   =       790.8438  DIHED      =      1047.6742
 1-4 NB =       693.8449  1-4 EEL =      8929.7339  VDWAALS    =     22998.7669
 EELEC  =   -191350.7976  EHBOND  =         0.0000  RESTRAINT  =         0.0000
 ------------------------------------------------------------------------------


 NSTEP =    65000   TIME(PS) =       6.500  TEMP(K) =    99.88  PRESS =     0.0
 Etot   =   -149547.5178  EKtot   =      7113.2686  EPtot      =   -156660.7864
 BOND   =       286.8601  ANGLE   =       786.3280  DIHED      =      1053.5199
 1-4 NB =       692.2777  1-4 EEL =      8944.7204  VDWAALS    =     23058.2504
 EELEC  =   -191482.7428  EHBOND  =         0.0000  RESTRAINT  =         0.0000
 ------------------------------------------------------------------------------


 NSTEP =    67500   TIME(PS) =       6.750  TEMP(K) =   100.42  PRESS =     0.0
 Etot   =   -149514.0353  EKtot   =      7151.2026  EPtot      =   -156665.2380
 BOND   =       281.3790  ANGLE   =       779.0485  DIHED      =      1047.5864
 1-4 NB =       710.1944  1-4 EEL =      8908.7315  VDWAALS    =     23123.9039
 EELEC  =   -191516.0817  EHBOND  =         0.0000  RESTRAINT  =         0.0000
 ------------------------------------------------------------------------------


 NSTEP =    70000   TIME(PS) =       7.000  TEMP(K) =    99.95  PRESS =     0.0
 Etot   =   -149569.6956  EKtot   =      7118.2305  EPtot      =   -156687.9260
 BOND   =       291.0853  ANGLE   =       784.3872  DIHED      =      1053.3806
 1-4 NB =       690.1182  1-4 EEL =      8912.7158  VDWAALS    =     23191.2072
 EELEC  =   -191610.8204  EHBOND  =         0.0000  RESTRAINT  =         0.0000
 ------------------------------------------------------------------------------


 NSTEP =    72500   TIME(PS) =       7.250  TEMP(K) =    99.72  PRESS =     0.0
 Etot   =   -149638.2911  EKtot   =      7101.9668  EPtot      =   -156740.2579
 BOND   =       294.7134  ANGLE   =       782.6716  DIHED      =      1050.1815
 1-4 NB =       699.3634  1-4 EEL =      8906.7865  VDWAALS    =     23127.5067
 EELEC  =   -191601.4810  EHBOND  =         0.0000  RESTRAINT  =         0.0000
 ------------------------------------------------------------------------------


 NSTEP =    75000   TIME(PS) =       7.500  TEMP(K) =   100.40  PRESS =     0.0
 Etot   =   -149590.9776  EKtot   =      7150.0288  EPtot      =   -156741.0064
 BOND   =       297.9505  ANGLE   =       783.5737  DIHED      =      1054.1002
 1-4 NB =       690.2405  1-4 EEL =      8898.8369  VDWAALS    =     23153.2119
 EELEC  =   -191618.9201  EHBOND  =         0.0000  RESTRAINT  =         0.0000
 ------------------------------------------------------------------------------


 NSTEP =    77500   TIME(PS) =       7.750  TEMP(K) =   100.08  PRESS =     0.0
 Etot   =   -149635.5694  EKtot   =      7127.0479  EPtot      =   -156762.6173
 BOND   =       307.5559  ANGLE   =       769.8127  DIHED      =      1061.5550
 1-4 NB =       694.9880  1-4 EEL =      8925.0399  VDWAALS    =     23228.7085
 EELEC  =   -191750.2774  EHBOND  =         0.0000  RESTRAINT  =         0.0000
 ------------------------------------------------------------------------------


 NSTEP =    80000   TIME(PS) =       8.000  TEMP(K) =   100.16  PRESS =     0.0
 Etot   =   -149669.0225  EKtot   =      7132.6616  EPtot      =   -156801.6842
 BOND   =       282.5633  ANGLE   =       826.5913  DIHED      =      1045.6477
 1-4 NB =       694.4891  1-4 EEL =      8911.9542  VDWAALS    =     23359.4941
 EELEC  =   -191922.4238  EHBOND  =         0.0000  RESTRAINT  =         0.0000
 ------------------------------------------------------------------------------


 NSTEP =    82500   TIME(PS) =       8.250  TEMP(K) =   100.06  PRESS =     0.0
 Etot   =   -149635.0204  EKtot   =      7125.6919  EPtot      =   -156760.7123
 BOND   =       286.7346  ANGLE   =       833.8241  DIHED      =      1049.0508
 1-4 NB =       691.8677  1-4 EEL =      8907.3554  VDWAALS    =     23341.9614
 EELEC  =   -191871.5062  EHBOND  =         0.0000  RESTRAINT  =         0.0000
 ------------------------------------------------------------------------------


 NSTEP =    85000   TIME(PS) =       8.500  TEMP(K) =   100.41  PRESS =     0.0
 Etot   =   -149677.1245  EKtot   =      7150.5620  EPtot      =   -156827.6865
 BOND   =       292.8791  ANGLE   =       810.4839  DIHED      =      1049.8826
 1-4 NB =       699.5185  1-4 EEL =      8899.6053  VDWAALS    =     23412.8536
 EELEC  =   -191992.9094  EHBOND  =         0.0000  RESTRAINT  =         0.0000
 ------------------------------------------------------------------------------


 NSTEP =    87500   TIME(PS) =       8.750  TEMP(K) =    99.81  PRESS =     0.0
 Etot   =   -149784.0618  EKtot   =      7107.8135  EPtot      =   -156891.8753
 BOND   =       285.9915  ANGLE   =       809.4951  DIHED      =      1051.8863
 1-4 NB =       692.8984  1-4 EEL =      8937.4811  VDWAALS    =     23144.7156
 EELEC  =   -191814.3432  EHBOND  =         0.0000  RESTRAINT  =         0.0000
 ------------------------------------------------------------------------------


 NSTEP =    90000   TIME(PS) =       9.000  TEMP(K) =    98.83  PRESS =     0.0
 Etot   =   -149857.5420  EKtot   =      7038.5264  EPtot      =   -156896.0684
 BOND   =       292.6592  ANGLE   =       785.0757  DIHED      =      1055.3840
 1-4 NB =       702.0499  1-4 EEL =      8927.4264  VDWAALS    =     23260.3333
 EELEC  =   -191918.9969  EHBOND  =         0.0000  RESTRAINT  =         0.0000
 ------------------------------------------------------------------------------


 NSTEP =    92500   TIME(PS) =       9.250  TEMP(K) =   100.19  PRESS =     0.0
 Etot   =   -149788.9064  EKtot   =      7134.7993  EPtot      =   -156923.7057
 BOND   =       293.0487  ANGLE   =       785.9722  DIHED      =      1042.2039
 1-4 NB =       699.6833  1-4 EEL =      8931.0899  VDWAALS    =     23381.2383
 EELEC  =   -192056.9420  EHBOND  =         0.0000  RESTRAINT  =         0.0000
 ------------------------------------------------------------------------------


 NSTEP =    95000   TIME(PS) =       9.500  TEMP(K) =    99.49  PRESS =     0.0
 Etot   =   -149879.8917  EKtot   =      7085.1753  EPtot      =   -156965.0670
 BOND   =       284.7937  ANGLE   =       774.4196  DIHED      =      1053.9135
 1-4 NB =       706.8454  1-4 EEL =      8938.3197  VDWAALS    =     23587.1711
 EELEC  =   -192310.5300  EHBOND  =         0.0000  RESTRAINT  =         0.0000
 ------------------------------------------------------------------------------


 NSTEP =    97500   TIME(PS) =       9.750  TEMP(K) =    99.67  PRESS =     0.0
 Etot   =   -149850.2872  EKtot   =      7098.3486  EPtot      =   -156948.6358
 BOND   =       293.1843  ANGLE   =       785.0955  DIHED      =      1049.6983
 1-4 NB =       686.6970  1-4 EEL =      8920.6115  VDWAALS    =     23445.2180
 EELEC  =   -192129.1403  EHBOND  =         0.0000  RESTRAINT  =         0.0000
 ------------------------------------------------------------------------------


 NSTEP =   100000   TIME(PS) =      10.000  TEMP(K) =   100.18  PRESS =     0.0
 Etot   =   -149847.6749  EKtot   =      7134.7397  EPtot      =   -156982.4146
 BOND   =       304.8879  ANGLE   =       787.5738  DIHED      =      1046.8349
 1-4 NB =       702.4300  1-4 EEL =      8889.8584  VDWAALS    =     23691.7809
 EELEC  =   -192405.7805  EHBOND  =         0.0000  RESTRAINT  =         0.0000
 ------------------------------------------------------------------------------


 NSTEP =   102500   TIME(PS) =      10.250  TEMP(K) =   100.71  PRESS =     0.0
 Etot   =   -149833.1295  EKtot   =      7172.0205  EPtot      =   -157005.1500
 BOND   =       289.7028  ANGLE   =       775.4573  DIHED      =      1034.6916
 1-4 NB =       699.8334  1-4 EEL =      8950.3568  VDWAALS    =     23393.5228
 EELEC  =   -192148.7147  EHBOND  =         0.0000  RESTRAINT  =         0.0000
 ------------------------------------------------------------------------------


 NSTEP =   105000   TIME(PS) =      10.500  TEMP(K) =    99.45  PRESS =     0.0
 Etot   =   -149817.2477  EKtot   =      7082.1479  EPtot      =   -156899.3956
 BOND   =       307.7262  ANGLE   =       804.4543  DIHED      =      1053.3949
 1-4 NB =       692.6235  1-4 EEL =      8909.1685  VDWAALS    =     23636.8906
 EELEC  =   -192303.6537  EHBOND  =         0.0000  RESTRAINT  =         0.0000
 ------------------------------------------------------------------------------


 NSTEP =   107500   TIME(PS) =      10.750  TEMP(K) =   100.17  PRESS =     0.0
 Etot   =   -149804.9498  EKtot   =      7133.4272  EPtot      =   -156938.3770
 BOND   =       303.7977  ANGLE   =       793.3485  DIHED      =      1043.7864
 1-4 NB =       696.6585  1-4 EEL =      8906.5319  VDWAALS    =     23641.3067
 EELEC  =   -192323.8067  EHBOND  =         0.0000  RESTRAINT  =         0.0000
 ------------------------------------------------------------------------------


 NSTEP =   110000   TIME(PS) =      11.000  TEMP(K) =   101.11  PRESS =     0.0
 Etot   =   -149763.5813  EKtot   =      7200.5947  EPtot      =   -156964.1760
 BOND   =       293.7171  ANGLE   =       770.1291  DIHED      =      1059.2687
 1-4 NB =       703.9924  1-4 EEL =      8948.0269  VDWAALS    =     23660.0688
 EELEC  =   -192399.3791  EHBOND  =         0.0000  RESTRAINT  =         0.0000
 ------------------------------------------------------------------------------


 NSTEP =   112500   TIME(PS) =      11.250  TEMP(K) =   100.11  PRESS =     0.0
 Etot   =   -149841.3506  EKtot   =      7129.5278  EPtot      =   -156970.8784
 BOND   =       306.5053  ANGLE   =       787.7334  DIHED      =      1048.0368
 1-4 NB =       703.9897  1-4 EEL =      8898.7222  VDWAALS    =     23461.6275
 EELEC  =   -192177.4933  EHBOND  =         0.0000  RESTRAINT  =         0.0000
 ------------------------------------------------------------------------------


 NSTEP =   115000   TIME(PS) =      11.500  TEMP(K) =   100.44  PRESS =     0.0
 Etot   =   -149944.0336  EKtot   =      7152.7417  EPtot      =   -157096.7753
 BOND   =       288.2837  ANGLE   =       789.3492  DIHED      =      1041.3152
 1-4 NB =       700.1601  1-4 EEL =      8916.1467  VDWAALS    =     23525.6045
 EELEC  =   -192357.6348  EHBOND  =         0.0000  RESTRAINT  =         0.0000
 ------------------------------------------------------------------------------


 NSTEP =   117500   TIME(PS) =      11.750  TEMP(K) =   100.01  PRESS =     0.0
 Etot   =   -149951.0100  EKtot   =      7122.5068  EPtot      =   -157073.5168
 BOND   =       297.9258  ANGLE   =       798.1058  DIHED      =      1043.5502
 1-4 NB =       702.8832  1-4 EEL =      8922.2668  VDWAALS    =     23850.8342
 EELEC  =   -192689.0829  EHBOND  =         0.0000  RESTRAINT  =         0.0000
 ------------------------------------------------------------------------------


 NSTEP =   120000   TIME(PS) =      12.000  TEMP(K) =    99.40  PRESS =     0.0
 Etot   =   -150035.7101  EKtot   =      7078.5698  EPtot      =   -157114.2799
 BOND   =       285.0517  ANGLE   =       796.5621  DIHED      =      1048.9526
 1-4 NB =       697.8450  1-4 EEL =      8926.3816  VDWAALS    =     23665.6404
 EELEC  =   -192534.7134  EHBOND  =         0.0000  RESTRAINT  =         0.0000
 ------------------------------------------------------------------------------


 NSTEP =   122500   TIME(PS) =      12.250  TEMP(K) =    99.21  PRESS =     0.0
 Etot   =   -150024.0884  EKtot   =      7065.4790  EPtot      =   -157089.5674
 BOND   =       294.5654  ANGLE   =       794.6554  DIHED      =      1056.5500
 1-4 NB =       702.6740  1-4 EEL =      8924.2641  VDWAALS    =     23721.8199
 EELEC  =   -192584.0963  EHBOND  =         0.0000  RESTRAINT  =         0.0000
 ------------------------------------------------------------------------------


 NSTEP =   125000   TIME(PS) =      12.500  TEMP(K) =    99.30  PRESS =     0.0
 Etot   =   -149978.0260  EKtot   =      7071.5864  EPtot      =   -157049.6125
 BOND   =       296.3326  ANGLE   =       784.5498  DIHED      =      1045.6620
 1-4 NB =       700.1454  1-4 EEL =      8941.3798  VDWAALS    =     23685.7591
 EELEC  =   -192503.4412  EHBOND  =         0.0000  RESTRAINT  =         0.0000
 ------------------------------------------------------------------------------


 NSTEP =   127500   TIME(PS) =      12.750  TEMP(K) =    99.58  PRESS =     0.0
 Etot   =   -149889.5662  EKtot   =      7091.7412  EPtot      =   -156981.3075
 BOND   =       310.1972  ANGLE   =       787.8462  DIHED      =      1042.5092
 1-4 NB =       690.4987  1-4 EEL =      8913.8620  VDWAALS    =     23494.9049
 EELEC  =   -192221.1256  EHBOND  =         0.0000  RESTRAINT  =         0.0000
 ------------------------------------------------------------------------------


 NSTEP =   130000   TIME(PS) =      13.000  TEMP(K) =   100.27  PRESS =     0.0
 Etot   =   -149884.9921  EKtot   =      7140.9551  EPtot      =   -157025.9472
 BOND   =       293.0039  ANGLE   =       802.8953  DIHED      =      1049.7093
 1-4 NB =       710.8713  1-4 EEL =      8948.9696  VDWAALS    =     23588.3460
 EELEC  =   -192419.7425  EHBOND  =         0.0000  RESTRAINT  =         0.0000
 ------------------------------------------------------------------------------


 NSTEP =   132500   TIME(PS) =      13.250  TEMP(K) =    99.03  PRESS =     0.0
 Etot   =   -149994.0153  EKtot   =      7052.1987  EPtot      =   -157046.2140
 BOND   =       279.3241  ANGLE   =       798.7763  DIHED      =      1046.9608
 1-4 NB =       714.0193  1-4 EEL =      8923.3105  VDWAALS    =     23642.4324
 EELEC  =   -192451.0375  EHBOND  =         0.0000  RESTRAINT  =         0.0000
 ------------------------------------------------------------------------------


 NSTEP =   135000   TIME(PS) =      13.500  TEMP(K) =    99.86  PRESS =     0.0
 Etot   =   -149960.9367  EKtot   =      7111.5776  EPtot      =   -157072.5143
 BOND   =       283.9458  ANGLE   =       783.8464  DIHED      =      1051.7196
 1-4 NB =       704.5151  1-4 EEL =      8934.8005  VDWAALS    =     23805.6940
 EELEC  =   -192637.0357  EHBOND  =         0.0000  RESTRAINT  =         0.0000
 ------------------------------------------------------------------------------


 NSTEP =   137500   TIME(PS) =      13.750  TEMP(K) =   100.77  PRESS =     0.0
 Etot   =   -149883.7151  EKtot   =      7176.6685  EPtot      =   -157060.3835
 BOND   =       278.4383  ANGLE   =       783.5390  DIHED      =      1047.9406
 1-4 NB =       702.3900  1-4 EEL =      8943.1141  VDWAALS    =     23768.3356
 EELEC  =   -192584.1411  EHBOND  =         0.0000  RESTRAINT  =         0.0000
 ------------------------------------------------------------------------------


 NSTEP =   140000   TIME(PS) =      14.000  TEMP(K) =    99.62  PRESS =     0.0
 Etot   =   -149996.4499  EKtot   =      7094.7090  EPtot      =   -157091.1589
 BOND   =       285.1388  ANGLE   =       803.2248  DIHED      =      1052.9844
 1-4 NB =       698.1235  1-4 EEL =      8944.5346  VDWAALS    =     23824.6070
 EELEC  =   -192699.7719  EHBOND  =         0.0000  RESTRAINT  =         0.0000
 ------------------------------------------------------------------------------


 NSTEP =   142500   TIME(PS) =      14.250  TEMP(K) =   100.33  PRESS =     0.0
 Etot   =   -149937.9618  EKtot   =      7145.0591  EPtot      =   -157083.0209
 BOND   =       292.7257  ANGLE   =       787.7883  DIHED      =      1057.3572
 1-4 NB =       702.5300  1-4 EEL =      8928.7163  VDWAALS    =     23799.1627
 EELEC  =   -192651.3012  EHBOND  =         0.0000  RESTRAINT  =         0.0000
 ------------------------------------------------------------------------------


 NSTEP =   145000   TIME(PS) =      14.500  TEMP(K) =   100.39  PRESS =     0.0
 Etot   =   -149983.9268  EKtot   =      7149.4668  EPtot      =   -157133.3936
 BOND   =       295.4540  ANGLE   =       799.7405  DIHED      =      1056.3685
 1-4 NB =       693.7169  1-4 EEL =      8945.7326  VDWAALS    =     23763.1194
 EELEC  =   -192687.5255  EHBOND  =         0.0000  RESTRAINT  =         0.0000
 ------------------------------------------------------------------------------


 NSTEP =   147500   TIME(PS) =      14.750  TEMP(K) =   100.80  PRESS =     0.0
 Etot   =   -149986.2802  EKtot   =      7178.6035  EPtot      =   -157164.8837
 BOND   =       291.6162  ANGLE   =       789.9271  DIHED      =      1062.7991
 1-4 NB =       689.3396  1-4 EEL =      8916.0458  VDWAALS    =     23685.8607
 EELEC  =   -192600.4722  EHBOND  =         0.0000  RESTRAINT  =         0.0000
 ------------------------------------------------------------------------------


 NSTEP =   150000   TIME(PS) =      15.000  TEMP(K) =    99.15  PRESS =     0.0
 Etot   =   -150067.2227  EKtot   =      7061.2144  EPtot      =   -157128.4370
 BOND   =       281.9583  ANGLE   =       775.7755  DIHED      =      1055.6371
 1-4 NB =       708.5882  1-4 EEL =      8915.5331  VDWAALS    =     23658.0508
 EELEC  =   -192523.9801  EHBOND  =         0.0000  RESTRAINT  =         0.0000
 ------------------------------------------------------------------------------


 NSTEP =   152500   TIME(PS) =      15.250  TEMP(K) =   100.86  PRESS =     0.0
 Etot   =   -149978.6509  EKtot   =      7182.8657  EPtot      =   -157161.5167
 BOND   =       290.4219  ANGLE   =       785.2333  DIHED      =      1029.9909
 1-4 NB =       696.2019  1-4 EEL =      8919.2190  VDWAALS    =     23891.4645
 EELEC  =   -192774.0483  EHBOND  =         0.0000  RESTRAINT  =         0.0000
 ------------------------------------------------------------------------------


 NSTEP =   155000   TIME(PS) =      15.500  TEMP(K) =    99.98  PRESS =     0.0
 Etot   =   -150016.6068  EKtot   =      7120.0547  EPtot      =   -157136.6615
 BOND   =       276.9651  ANGLE   =       787.4016  DIHED      =      1048.8908
 1-4 NB =       715.6651  1-4 EEL =      8961.3492  VDWAALS    =     23801.6606
 EELEC  =   -192728.5938  EHBOND  =         0.0000  RESTRAINT  =         0.0000
 ------------------------------------------------------------------------------


 NSTEP =   157500   TIME(PS) =      15.750  TEMP(K) =   100.83  PRESS =     0.0
 Etot   =   -150002.6522  EKtot   =      7180.7075  EPtot      =   -157183.3597
 BOND   =       283.1551  ANGLE   =       771.9401  DIHED      =      1047.9861
 1-4 NB =       696.4868  1-4 EEL =      8932.7725  VDWAALS    =     23711.9914
 EELEC  =   -192627.6917  EHBOND  =         0.0000  RESTRAINT  =         0.0000
 ------------------------------------------------------------------------------


 NSTEP =   160000   TIME(PS) =      16.000  TEMP(K) =   100.74  PRESS =     0.0
 Etot   =   -149958.4406  EKtot   =      7174.0181  EPtot      =   -157132.4587
 BOND   =       287.9349  ANGLE   =       813.1097  DIHED      =      1033.2552
 1-4 NB =       700.4078  1-4 EEL =      8932.3849  VDWAALS    =     23857.7755
 EELEC  =   -192757.3266  EHBOND  =         0.0000  RESTRAINT  =         0.0000
 ------------------------------------------------------------------------------


 NSTEP =   162500   TIME(PS) =      16.250  TEMP(K) =    99.64  PRESS =     0.0
 Etot   =   -150111.4881  EKtot   =      7095.7471  EPtot      =   -157207.2352
 BOND   =       286.2897  ANGLE   =       776.0188  DIHED      =      1052.6077
 1-4 NB =       701.8449  1-4 EEL =      8953.6325  VDWAALS    =     23861.8100
 EELEC  =   -192839.4388  EHBOND  =         0.0000  RESTRAINT  =         0.0000
 ------------------------------------------------------------------------------


 NSTEP =   165000   TIME(PS) =      16.500  TEMP(K) =    99.94  PRESS =     0.0
 Etot   =   -150087.8819  EKtot   =      7117.1143  EPtot      =   -157204.9962
 BOND   =       305.4170  ANGLE   =       791.7649  DIHED      =      1047.0336
 1-4 NB =       695.4776  1-4 EEL =      8901.7400  VDWAALS    =     23658.1418
 EELEC  =   -192604.5711  EHBOND  =         0.0000  RESTRAINT  =         0.0000
 ------------------------------------------------------------------------------


 NSTEP =   167500   TIME(PS) =      16.750  TEMP(K) =    99.75  PRESS =     0.0
 Etot   =   -150140.3204  EKtot   =      7103.7334  EPtot      =   -157244.0538
 BOND   =       284.6295  ANGLE   =       797.1737  DIHED      =      1053.0433
 1-4 NB =       698.4013  1-4 EEL =      8936.0100  VDWAALS    =     23896.6205
 EELEC  =   -192909.9319  EHBOND  =         0.0000  RESTRAINT  =         0.0000
 ------------------------------------------------------------------------------


 NSTEP =   170000   TIME(PS) =      17.000  TEMP(K) =   100.48  PRESS =     0.0
 Etot   =   -150120.2185  EKtot   =      7155.5288  EPtot      =   -157275.7473
 BOND   =       289.1352  ANGLE   =       771.0686  DIHED      =      1049.5263
 1-4 NB =       691.8989  1-4 EEL =      8937.3077  VDWAALS    =     23815.3964
 EELEC  =   -192830.0804  EHBOND  =         0.0000  RESTRAINT  =         0.0000
 ------------------------------------------------------------------------------


 NSTEP =   172500   TIME(PS) =      17.250  TEMP(K) =    99.44  PRESS =     0.0
 Etot   =   -150154.6065  EKtot   =      7081.8564  EPtot      =   -157236.4630
 BOND   =       304.0534  ANGLE   =       772.0435  DIHED      =      1048.6507
 1-4 NB =       704.8930  1-4 EEL =      8942.3026  VDWAALS    =     23791.2537
 EELEC  =   -192799.6600  EHBOND  =         0.0000  RESTRAINT  =         0.0000
 ------------------------------------------------------------------------------


 NSTEP =   175000   TIME(PS) =      17.500  TEMP(K) =   100.46  PRESS =     0.0
 Etot   =   -150069.5285  EKtot   =      7154.0659  EPtot      =   -157223.5944
 BOND   =       299.1121  ANGLE   =       780.6008  DIHED      =      1040.8309
 1-4 NB =       697.3490  1-4 EEL =      8937.1975  VDWAALS    =     23815.7907
 EELEC  =   -192794.4755  EHBOND  =         0.0000  RESTRAINT  =         0.0000
 ------------------------------------------------------------------------------


 NSTEP =   177500   TIME(PS) =      17.750  TEMP(K) =    99.91  PRESS =     0.0
 Etot   =   -150104.3502  EKtot   =      7115.0723  EPtot      =   -157219.4225
 BOND   =       293.7492  ANGLE   =       798.7136  DIHED      =      1044.7010
 1-4 NB =       692.2149  1-4 EEL =      8932.2858  VDWAALS    =     23700.3772
 EELEC  =   -192681.4641  EHBOND  =         0.0000  RESTRAINT  =         0.0000
 ------------------------------------------------------------------------------


 NSTEP =   180000   TIME(PS) =      18.000  TEMP(K) =   100.11  PRESS =     0.0
 Etot   =   -150109.4618  EKtot   =      7129.2812  EPtot      =   -157238.7430
 BOND   =       276.7152  ANGLE   =       781.9054  DIHED      =      1051.8666
 1-4 NB =       707.1781  1-4 EEL =      8933.9687  VDWAALS    =     23956.2282
 EELEC  =   -192946.6053  EHBOND  =         0.0000  RESTRAINT  =         0.0000
 ------------------------------------------------------------------------------


 NSTEP =   182500   TIME(PS) =      18.250  TEMP(K) =   100.33  PRESS =     0.0
 Etot   =   -150125.6379  EKtot   =      7145.2671  EPtot      =   -157270.9050
 BOND   =       296.7260  ANGLE   =       778.1180  DIHED      =      1067.7634
 1-4 NB =       699.3690  1-4 EEL =      8915.6333  VDWAALS    =     23910.7345
 EELEC  =   -192939.2492  EHBOND  =         0.0000  RESTRAINT  =         0.0000
 ------------------------------------------------------------------------------


 NSTEP =   185000   TIME(PS) =      18.500  TEMP(K) =    99.39  PRESS =     0.0
 Etot   =   -150175.7825  EKtot   =      7077.9980  EPtot      =   -157253.7805
 BOND   =       302.9293  ANGLE   =       777.2121  DIHED      =      1056.1184
 1-4 NB =       702.5539  1-4 EEL =      8918.0573  VDWAALS    =     23794.5244
 EELEC  =   -192805.1759  EHBOND  =         0.0000  RESTRAINT  =         0.0000
 ------------------------------------------------------------------------------


 NSTEP =   187500   TIME(PS) =      18.750  TEMP(K) =   100.86  PRESS =     0.0
 Etot   =   -150060.1497  EKtot   =      7182.5698  EPtot      =   -157242.7195
 BOND   =       275.6937  ANGLE   =       776.0103  DIHED      =      1057.2365
 1-4 NB =       699.3461  1-4 EEL =      8939.3870  VDWAALS    =     23859.4235
 EELEC  =   -192849.8166  EHBOND  =         0.0000  RESTRAINT  =         0.0000
 ------------------------------------------------------------------------------


 NSTEP =   190000   TIME(PS) =      19.000  TEMP(K) =   100.66  PRESS =     0.0
 Etot   =   -150069.0124  EKtot   =      7168.7285  EPtot      =   -157237.7410
 BOND   =       283.9572  ANGLE   =       796.9045  DIHED      =      1057.0850
 1-4 NB =       697.0921  1-4 EEL =      8917.0360  VDWAALS    =     23849.5938
 EELEC  =   -192839.4096  EHBOND  =         0.0000  RESTRAINT  =         0.0000
 ------------------------------------------------------------------------------


 NSTEP =   192500   TIME(PS) =      19.250  TEMP(K) =   100.01  PRESS =     0.0
 Etot   =   -150125.0882  EKtot   =      7122.3379  EPtot      =   -157247.4261
 BOND   =       291.6457  ANGLE   =       798.3704  DIHED      =      1040.7798
 1-4 NB =       693.9933  1-4 EEL =      8924.3162  VDWAALS    =     23736.8152
 EELEC  =   -192733.3468  EHBOND  =         0.0000  RESTRAINT  =         0.0000
 ------------------------------------------------------------------------------


 NSTEP =   195000   TIME(PS) =      19.500  TEMP(K) =   100.25  PRESS =     0.0
 Etot   =   -150153.6666  EKtot   =      7139.0562  EPtot      =   -157292.7227
 BOND   =       282.9900  ANGLE   =       791.4220  DIHED      =      1057.0282
 1-4 NB =       707.9325  1-4 EEL =      8947.8401  VDWAALS    =     23921.6728
 EELEC  =   -193001.6084  EHBOND  =         0.0000  RESTRAINT  =         0.0000
 ------------------------------------------------------------------------------


 NSTEP =   197500   TIME(PS) =      19.750  TEMP(K) =   100.61  PRESS =     0.0
 Etot   =   -150152.5809  EKtot   =      7164.8501  EPtot      =   -157317.4310
 BOND   =       281.4455  ANGLE   =       763.3917  DIHED      =      1055.9600
 1-4 NB =       708.3150  1-4 EEL =      8946.6938  VDWAALS    =     24069.1389
 EELEC  =   -193142.3761  EHBOND  =         0.0000  RESTRAINT  =         0.0000
 ------------------------------------------------------------------------------


 NSTEP =   200000   TIME(PS) =      20.000  TEMP(K) =   100.60  PRESS =     0.0
 Etot   =   -150107.1417  EKtot   =      7164.2817  EPtot      =   -157271.4235
 BOND   =       293.8845  ANGLE   =       798.1626  DIHED      =      1043.7699
 1-4 NB =       696.1486  1-4 EEL =      8937.3005  VDWAALS    =     23930.6451
 EELEC  =   -192971.3348  EHBOND  =         0.0000  RESTRAINT  =         0.0000
 ------------------------------------------------------------------------------


 NSTEP =   202500   TIME(PS) =      20.250  TEMP(K) =    99.67  PRESS =     0.0
 Etot   =   -150193.8993  EKtot   =      7098.4116  EPtot      =   -157292.3110
 BOND   =       286.7023  ANGLE   =       784.7572  DIHED      =      1054.9720
 1-4 NB =       713.8194  1-4 EEL =      8941.0938  VDWAALS    =     23896.0488
 EELEC  =   -192969.7045  EHBOND  =         0.0000  RESTRAINT  =         0.0000
 ------------------------------------------------------------------------------


 NSTEP =   205000   TIME(PS) =      20.500  TEMP(K) =    99.38  PRESS =     0.0
 Etot   =   -150234.4725  EKtot   =      7077.6899  EPtot      =   -157312.1624
 BOND   =       279.9260  ANGLE   =       780.3448  DIHED      =      1065.8703
 1-4 NB =       702.7973  1-4 EEL =      8953.6813  VDWAALS    =     24058.7086
 EELEC  =   -193153.4907  EHBOND  =         0.0000  RESTRAINT  =         0.0000
 ------------------------------------------------------------------------------


 NSTEP =   207500   TIME(PS) =      20.750  TEMP(K) =   100.03  PRESS =     0.0
 Etot   =   -150189.2327  EKtot   =      7123.9409  EPtot      =   -157313.1736
 BOND   =       287.7241  ANGLE   =       786.1561  DIHED      =      1054.4266
 1-4 NB =       699.5284  1-4 EEL =      8957.9369  VDWAALS    =     23942.4773
 EELEC  =   -193041.4231  EHBOND  =         0.0000  RESTRAINT  =         0.0000
 ------------------------------------------------------------------------------


 NSTEP =   210000   TIME(PS) =      21.000  TEMP(K) =    99.66  PRESS =     0.0
 Etot   =   -150210.2834  EKtot   =      7097.7036  EPtot      =   -157307.9870
 BOND   =       296.5797  ANGLE   =       791.1852  DIHED      =      1044.7834
 1-4 NB =       704.5939  1-4 EEL =      8927.5997  VDWAALS    =     23983.7982
 EELEC  =   -193056.5270  EHBOND  =         0.0000  RESTRAINT  =         0.0000
 ------------------------------------------------------------------------------


 NSTEP =   212500   TIME(PS) =      21.250  TEMP(K) =   100.67  PRESS =     0.0
 Etot   =   -150148.1415  EKtot   =      7169.3169  EPtot      =   -157317.4584
 BOND   =       280.9507  ANGLE   =       778.4148  DIHED      =      1064.1463
 1-4 NB =       691.7443  1-4 EEL =      8964.6483  VDWAALS    =     23876.6300
 EELEC  =   -192973.9929  EHBOND  =         0.0000  RESTRAINT  =         0.0000
 ------------------------------------------------------------------------------


 NSTEP =   215000   TIME(PS) =      21.500  TEMP(K) =   100.35  PRESS =     0.0
 Etot   =   -150210.4780  EKtot   =      7146.2930  EPtot      =   -157356.7710
 BOND   =       294.3999  ANGLE   =       774.0943  DIHED      =      1043.3956
 1-4 NB =       716.7726  1-4 EEL =      8976.0958  VDWAALS    =     23903.2300
 EELEC  =   -193064.7592  EHBOND  =         0.0000  RESTRAINT  =         0.0000
 ------------------------------------------------------------------------------


 NSTEP =   217500   TIME(PS) =      21.750  TEMP(K) =   100.81  PRESS =     0.0
 Etot   =   -150217.9397  EKtot   =      7179.4160  EPtot      =   -157397.3557
 BOND   =       292.2305  ANGLE   =       793.3807  DIHED      =      1054.0407
 1-4 NB =       691.2229  1-4 EEL =      8922.4539  VDWAALS    =     24009.5529
 EELEC  =   -193160.2373  EHBOND  =         0.0000  RESTRAINT  =         0.0000
 ------------------------------------------------------------------------------


 NSTEP =   220000   TIME(PS) =      22.000  TEMP(K) =   100.15  PRESS =     0.0
 Etot   =   -150240.5099  EKtot   =      7132.2368  EPtot      =   -157372.7467
 BOND   =       280.1496  ANGLE   =       782.3601  DIHED      =      1052.8203
 1-4 NB =       703.7774  1-4 EEL =      8931.9833  VDWAALS    =     24023.8035
 EELEC  =   -193147.6410  EHBOND  =         0.0000  RESTRAINT  =         0.0000
 ------------------------------------------------------------------------------


 NSTEP =   222500   TIME(PS) =      22.250  TEMP(K) =    99.48  PRESS =     0.0
 Etot   =   -150338.3054  EKtot   =      7084.6782  EPtot      =   -157422.9836
 BOND   =       283.6905  ANGLE   =       795.8248  DIHED      =      1054.1289
 1-4 NB =       702.7353  1-4 EEL =      8929.4331  VDWAALS    =     24041.5781
 EELEC  =   -193230.3743  EHBOND  =         0.0000  RESTRAINT  =         0.0000
 ------------------------------------------------------------------------------


 NSTEP =   225000   TIME(PS) =      22.500  TEMP(K) =    99.39  PRESS =     0.0
 Etot   =   -150275.1778  EKtot   =      7078.1416  EPtot      =   -157353.3194
 BOND   =       284.0631  ANGLE   =       778.7209  DIHED      =      1042.3046
 1-4 NB =       708.3150  1-4 EEL =      8944.3447  VDWAALS    =     23982.8927
 EELEC  =   -193093.9604  EHBOND  =         0.0000  RESTRAINT  =         0.0000
 ------------------------------------------------------------------------------


 NSTEP =   227500   TIME(PS) =      22.750  TEMP(K) =   100.46  PRESS =     0.0
 Etot   =   -150192.5978  EKtot   =      7154.6895  EPtot      =   -157347.2873
 BOND   =       285.2511  ANGLE   =       792.5015  DIHED      =      1056.4707
 1-4 NB =       696.3669  1-4 EEL =      8898.5503  VDWAALS    =     24095.0360
 EELEC  =   -193171.4638  EHBOND  =         0.0000  RESTRAINT  =         0.0000
 ------------------------------------------------------------------------------


 NSTEP =   230000   TIME(PS) =      23.000  TEMP(K) =   100.50  PRESS =     0.0
 Etot   =   -150196.2026  EKtot   =      7157.5269  EPtot      =   -157353.7294
 BOND   =       289.7965  ANGLE   =       780.8954  DIHED      =      1036.1969
 1-4 NB =       705.9393  1-4 EEL =      8917.8475  VDWAALS    =     24067.0086
 EELEC  =   -193151.4135  EHBOND  =         0.0000  RESTRAINT  =         0.0000
 ------------------------------------------------------------------------------


 NSTEP =   232500   TIME(PS) =      23.250  TEMP(K) =   100.00  PRESS =     0.0
 Etot   =   -150315.1418  EKtot   =      7121.7026  EPtot      =   -157436.8444
 BOND   =       272.1913  ANGLE   =       789.8242  DIHED      =      1044.0240
 1-4 NB =       708.2004  1-4 EEL =      8897.4565  VDWAALS    =     23943.1450
 EELEC  =   -193091.6858  EHBOND  =         0.0000  RESTRAINT  =         0.0000
 ------------------------------------------------------------------------------


 NSTEP =   235000   TIME(PS) =      23.500  TEMP(K) =    99.91  PRESS =     0.0
 Etot   =   -150312.5773  EKtot   =      7115.2368  EPtot      =   -157427.8141
 BOND   =       278.0089  ANGLE   =       786.1516  DIHED      =      1051.0434
 1-4 NB =       698.2981  1-4 EEL =      8950.3393  VDWAALS    =     23909.9531
 EELEC  =   -193101.6085  EHBOND  =         0.0000  RESTRAINT  =         0.0000
 ------------------------------------------------------------------------------


 NSTEP =   237500   TIME(PS) =      23.750  TEMP(K) =    99.86  PRESS =     0.0
 Etot   =   -150305.6119  EKtot   =      7111.3613  EPtot      =   -157416.9732
 BOND   =       281.3871  ANGLE   =       797.1591  DIHED      =      1059.2526
 1-4 NB =       697.9442  1-4 EEL =      8936.0381  VDWAALS    =     23996.0243
 EELEC  =   -193184.7786  EHBOND  =         0.0000  RESTRAINT  =         0.0000
 ------------------------------------------------------------------------------


 NSTEP =   240000   TIME(PS) =      24.000  TEMP(K) =   100.36  PRESS =     0.0
 Etot   =   -150308.5238  EKtot   =      7147.5679  EPtot      =   -157456.0916
 BOND   =       283.6685  ANGLE   =       764.1300  DIHED      =      1059.9135
 1-4 NB =       700.9029  1-4 EEL =      8957.8227  VDWAALS    =     24010.1979
 EELEC  =   -193232.7272  EHBOND  =         0.0000  RESTRAINT  =         0.0000
 ------------------------------------------------------------------------------


 NSTEP =   242500   TIME(PS) =      24.250  TEMP(K) =    99.77  PRESS =     0.0
 Etot   =   -150354.0435  EKtot   =      7105.3853  EPtot      =   -157459.4287
 BOND   =       282.9217  ANGLE   =       768.3961  DIHED      =      1061.7074
 1-4 NB =       710.6811  1-4 EEL =      8962.0991  VDWAALS    =     24048.4598
 EELEC  =   -193293.6939  EHBOND  =         0.0000  RESTRAINT  =         0.0000
 ------------------------------------------------------------------------------


 NSTEP =   245000   TIME(PS) =      24.500  TEMP(K) =    99.55  PRESS =     0.0
 Etot   =   -150355.6824  EKtot   =      7089.4565  EPtot      =   -157445.1389
 BOND   =       284.9030  ANGLE   =       767.1617  DIHED      =      1053.7991
 1-4 NB =       707.2784  1-4 EEL =      8969.4330  VDWAALS    =     23956.5049
 EELEC  =   -193184.2190  EHBOND  =         0.0000  RESTRAINT  =         0.0000
 ------------------------------------------------------------------------------


 NSTEP =   247500   TIME(PS) =      24.750  TEMP(K) =   100.26  PRESS =     0.0
 Etot   =   -150323.8455  EKtot   =      7139.8672  EPtot      =   -157463.7127
 BOND   =       287.0498  ANGLE   =       776.2902  DIHED      =      1039.5290
 1-4 NB =       710.6205  1-4 EEL =      8930.1106  VDWAALS    =     24288.5790
 EELEC  =   -193495.8917  EHBOND  =         0.0000  RESTRAINT  =         0.0000
 ------------------------------------------------------------------------------


 NSTEP =   250000   TIME(PS) =      25.000  TEMP(K) =   100.51  PRESS =     0.0
 Etot   =   -150235.3779  EKtot   =      7158.0645  EPtot      =   -157393.4423
 BOND   =       279.2642  ANGLE   =       774.7389  DIHED      =      1048.5215
 1-4 NB =       714.1283  1-4 EEL =      8967.7767  VDWAALS    =     24054.2729
 EELEC  =   -193232.1448  EHBOND  =         0.0000  RESTRAINT  =         0.0000
 ------------------------------------------------------------------------------


      A V E R A G E S   O V E R     100 S T E P S


 NSTEP =   250000   TIME(PS) =      25.000  TEMP(K) =   100.63  PRESS =     0.0
 Etot   =   -149610.5247  EKtot   =      7166.5405  EPtot      =   -156777.0652
 BOND   =       290.2377  ANGLE   =       788.8161  DIHED      =      1050.8904
 1-4 NB =       699.8851  1-4 EEL =      8925.0088  VDWAALS    =     23360.4553
 EELEC  =   -191892.3586  EHBOND  =         0.0000  RESTRAINT  =         0.0000
 ------------------------------------------------------------------------------


      R M S  F L U C T U A T I O N S


 NSTEP =   250000   TIME(PS) =      25.000  TEMP(K) =     2.93  PRESS =     0.0
 Etot   =      1053.8610  EKtot   =       208.3084  EPtot      =       877.0242
 BOND   =         9.1682  ANGLE   =        14.4637  DIHED      =         7.3783
 1-4 NB =         6.9001  1-4 EEL =        21.8147  VDWAALS    =       823.6235
 EELEC  =      1693.9047  EHBOND  =         0.0000  RESTRAINT  =         0.0000
 ------------------------------------------------------------------------------

--------------------------------------------------------------------------------
   5.  TIMINGS
--------------------------------------------------------------------------------

|  NonSetup CPU Time in Major Routines:
|
|     Routine           Sec        %
|     ------------------------------
|     Nonbond          52.15   19.54
|     Bond              0.00    0.00
|     Angle             0.00    0.00
|     Dihedral          0.00    0.00
|     Shake             6.62    2.48
|     RunMD           207.39   77.72
|     Other             0.68    0.26
|     ------------------------------
|     Total           266.84

|  PME Nonbond Pairlist CPU Time:
|
|     Routine              Sec        %
|     ---------------------------------
|     Set Up Cit           0.00    0.00
|     Build List           0.00    0.00
|     ---------------------------------
|     Total                0.00    0.00

|  PME Direct Force CPU Time:
|
|     Routine              Sec        %
|     ---------------------------------
|     NonBonded Calc       0.00    0.00
|     Exclude Masked       0.00    0.00
|     Other                0.37    0.14
|     ---------------------------------
|     Total                0.37    0.14

|  PME Reciprocal Force CPU Time:
|
|     Routine              Sec        %
|     ---------------------------------
|     1D bspline           0.00    0.00
|     Grid Charges         0.00    0.00
|     Scalar Sum           0.00    0.00
|     Gradient Sum         0.00    0.00
|     FFT                  0.00    0.00
|     ---------------------------------
|     Total                0.00    0.00

|  Final Performance Info:
|     -----------------------------------------------------
|     Average timings for last   22500 steps:
|     Elapsed(s) =      24.45 Per Step(ms) =       1.09
|         ns/day =       7.95   seconds/ns =   10865.41
|
|     Average timings for all steps:
|     Elapsed(s) =     270.54 Per Step(ms) =       1.08
|         ns/day =       7.98   seconds/ns =   10821.66
|     -----------------------------------------------------

|  Setup CPU time:            1.71 seconds
|  NonSetup CPU time:       266.84 seconds
|  Total CPU time:          268.55 seconds     0.07 hours

|  Setup wall time:           2    seconds
|  NonSetup wall time:      270    seconds
|  Total wall time:         272    seconds     0.08 hours
