
          -------------------------------------------------------
          Amber 18 PMEMD                              2018
          -------------------------------------------------------

| PMEMD implementation of SANDER, Release 18

| Run on 07/06/2021 at 18:32:30

|   Executable path: pmemd.cuda
| Working directory: /home/bozhanng/Abs_MD/HEPC3-1_Fv_full_VN_relaxed
|          Hostname: bf21

  [-O]verwriting output

File Assignments:
|   MDIN: minsolv_HEPC3-1_Fv_full_VN_relaxed.in                                 
|  MDOUT: minsolv_HEPC3-1_Fv_full_VN_relaxed.out                                
| INPCRD: HEPC3-1_Fv_full_VN_relaxed.crd                                        
|   PARM: HEPC3-1_Fv_full_VN_relaxed.parm7                                      
| RESTRT: minsolv_HEPC3-1_Fv_full_VN_relaxed.crd                                
|   REFC: HEPC3-1_Fv_full_VN_relaxed.crd                                        
|  MDVEL: mdvel                                                                 
|   MDEN: mden                                                                  
|  MDCRD: mdcrd                                                                 
| MDINFO: mdinfo                                                                
|  MDFRC: mdfrc                                                                 


 Here is the input file:

Initial minimization                                                           
 &cntrl                                                                        
  ntx    = 1,       irest  = 0,       ntrx   = 1,      ntxo   = 1,             
  ntpr   = 50,      ntwx   = 0,       ntwv   = 0,      ntwe   = 0,             
                                                                               
  ntf    = 1,       ntb    = 1,                                                
  cut    = 8.0,                                                                
  ibelly = 0,       ntr    = 1,                                                
                                                                               
  imin   = 1,                                                                  
  maxcyc = 15000,                                                              
  ncyc   = 5000,                                                               
  ntmin  = 1,       dx0    = 0.1,     drms   = 0.0001,                         
                                                                               
  ntc    = 1,       tol    = 0.00001,                                          
                                                                               
 &end                                                                          
Hold protein fixed                                                             
5.0                                                                            
RES   1 234                                                                    
END                                                                            
END                                                                            


Note: ig = -1. Setting random seed to   844400 based on wallclock time in 
      microseconds.
| irandom = 1, using AMBER's internal random number generator (default).
 
|--------------------- INFORMATION ----------------------
| GPU (CUDA) Version of PMEMD in use: NVIDIA GPU IN USE.
|                    Version 18.0.0
| 
|                      03/25/2018
| 
| Implementation by:
|                    Ross C. Walker     (SDSC)
|                    Scott Le Grand     (nVIDIA)
| 
| Version 18 performance extensions by:
|                    David Cerutti     (Rutgers)
| 
| Precision model in use:
|      [SPFP] - Single Precision Forces, 64-bit Fixed Point
|               Accumulation. (Default)
| 
|--------------------------------------------------------
 
|----------------- CITATION INFORMATION -----------------
|
|    When publishing work that utilized the CUDA version
|    of AMBER, please cite the following in addition to
|    the regular AMBER citations:
|
|  - Romelia Salomon-Ferrer; Andreas W. Goetz; Duncan
|    Poole; Scott Le Grand; Ross C. Walker "Routine
|    microsecond molecular dynamics simulations with
|    AMBER - Part II: Particle Mesh Ewald", J. Chem.
|    Theory Comput., 2013, 9 (9), pp3878-3888,
|    DOI: 10.1021/ct400314y.
|
|  - Andreas W. Goetz; Mark J. Williamson; Dong Xu;
|    Duncan Poole; Scott Le Grand; Ross C. Walker
|    "Routine microsecond molecular dynamics simulations
|    with AMBER - Part I: Generalized Born", J. Chem.
|    Theory Comput., 2012, 8 (5), pp1542-1555.
|
|  - Scott Le Grand; Andreas W. Goetz; Ross C. Walker
|    "SPFP: Speed without compromise - a mixed precision
|    model for GPU accelerated molecular dynamics
|    simulations.", Comp. Phys. Comm., 2013, 184
|    pp374-380, DOI: 10.1016/j.cpc.2012.09.022
|
|--------------------------------------------------------
 
|------------------- GPU DEVICE INFO --------------------
|
|            CUDA_VISIBLE_DEVICES: 0
|   CUDA Capable Devices Detected:      1
|           CUDA Device ID in use:      0
|                CUDA Device Name: GeForce GTX 1080
|     CUDA Device Global Mem Size:   8119 MB
| CUDA Device Num Multiprocessors:     20
|           CUDA Device Core Freq:   1.73 GHz
|
|--------------------------------------------------------
 
 
| Conditional Compilation Defines Used:
| PUBFFT
| BINTRAJ
| MKL
| CUDA
| EMIL

| Largest sphere to fit in unit cell has radius =    36.006

| New format PARM file being parsed.
| Version =    1.000 Date = 07/06/21 Time = 18:27:58

| Note: 1-4 EEL scale factors are being read from the topology file.

| Note: 1-4 VDW scale factors are being read from the topology file.
| Duplicated    0 dihedrals

| Duplicated    0 dihedrals

--------------------------------------------------------------------------------
   1.  RESOURCE   USE: 
--------------------------------------------------------------------------------

 getting new box info from bottom of inpcrd
 NATOM  =   45428 NTYPES =      18 NBONH =   33166 MBONA  =   12295
 NTHETH =    3886 MTHETA =    2460 NPHIH =    8147 MPHIA  =    7817
 NHPARM =       0 NPARM  =       0 NNB   =   92594 NRES   =   10722
 NBONA  =   12295 NTHETA =    2460 NPHIA =    7817 NUMBND =      72
 NUMANG =     171 NPTRA  =     194 NATYP =      36 NPHB   =       1
 IFBOX  =       1 NMXRS  =      25 IFCAP =       0 NEXTRA =   10481
 NCOPY  =       0

| Coordinate Index Table dimensions:    16   16   18
| Direct force subcell size =     4.6376    4.5007    4.5126

     BOX TYPE: RECTILINEAR

--------------------------------------------------------------------------------
   2.  CONTROL  DATA  FOR  THE  RUN
--------------------------------------------------------------------------------

default_name                                                                    

General flags:
     imin    =       1, nmropt  =       0

Nature and format of input:
     ntx     =       1, irest   =       0, ntrx    =       1

Nature and format of output:
     ntxo    =       1, ntpr    =      50, ntrx    =       1, ntwr    =       1
     iwrap   =       0, ntwx    =       0, ntwv    =       0, ntwe    =       0
     ioutfm  =       1, ntwprt  =       0, idecomp =       0, rbornstat=      0

Potential function:
     ntf     =       1, ntb     =       1, igb     =       0, nsnb    =      25
     ipol    =       0, gbsa    =       0, iesp    =       0
     dielc   =   1.00000, cut     =   8.00000, intdiel =   1.00000

Frozen or restrained atoms:
     ibelly  =       0, ntr     =       1
     restraint_wt =   0.00000

Energy minimization:
     maxcyc  =   15000, ncyc    =    5000, ntmin   =       1
     dx0     =   0.10000, drms    =   0.00010

| Intermolecular bonds treatment:
|     no_intermolecular_bonds =       1

| Energy averages sample interval:
|     ene_avg_sampling =       1

Extra-points options:
     frameon =       1, chngmask=       1

Ewald parameters:
     verbose =       0, ew_type =       0, nbflag  =       1, use_pme =       1
     vdwmeth =       1, eedmeth =       1, netfrc  =       0
     Box X =   74.202   Box Y =   72.012   Box Z =   81.227
     Alpha =   90.000   Beta  =   90.000   Gamma =   90.000
     NFFT1 =   80       NFFT2 =   80       NFFT3 =   84
     Cutoff=    8.000   Tol   =0.100E-04
     Ewald Coefficient =  0.34864
     Interpolation order =    4

    LOADING THE CONSTRAINED ATOMS AS GROUPS


   5.  REFERENCE ATOM COORDINATES

  default_name                                                                    
    ----- READING GROUP     1; TITLE:
 Hold protein fixed                                                          

     GROUP    1 HAS HARMONIC CONSTRAINTS     5.00000
 GRP    1 RES    1 TO   234
      Number of atoms in this group  =  3497
    ----- END OF GROUP READ -----
|      EXTRA_PTS, trim_bonds: num bonds BEFORE trim = 33166     0
|      EXTRA_PTS, trim_bonds: num bonds AFTER  trim = 33166     0
|      EXTRA_PTS, trim_bonds: num bonds BEFORE trim = 12295     0
|      EXTRA_PTS, trim_bonds: num bonds AFTER  trim =  1814     0
|      EXTRA_PTS, trim_theta: num angle BEFORE trim =  3886     0
|      EXTRA_PTS, trim_theta: num angle AFTER  trim =  3886     0
|      EXTRA_PTS, trim_theta: num angle BEFORE trim =  2460     0
|      EXTRA_PTS, trim_theta: num angle AFTER  trim =  2460     0
|      EXTRA_PTS, trim_phi:  num diheds BEFORE trim =  8147     0
|      EXTRA_PTS, trim_phi:  num diheds AFTER  trim =  8147     0
|      EXTRA_PTS, trim_phi:  num diheds BEFORE trim =  7817     0
|      EXTRA_PTS, trim_phi:  num diheds AFTER  trim =  7817     0

--------------------------------------------------------------------------------
   3.  ATOMIC COORDINATES AND VELOCITIES
--------------------------------------------------------------------------------

default_name                                                                    
 begin time read from input coords =     0.000 ps

 
 Number of triangulated 3-point waters found:    10481

     Sum of charges from parm topology file =   0.00005731
     Forcing neutrality...

| Dynamic Memory, Types Used:
| Reals             1369563
| Integers          2957481

| Nonbonded Pairs Initial Allocation:     7587611

| GPU memory information (estimate):
| KB of GPU memory in use:         0
| KB of CPU memory in use:         0

--------------------------------------------------------------------------------
   4.  RESULTS
--------------------------------------------------------------------------------



   NSTEP       ENERGY          RMS            GMAX         NAME    NUMBER
      1      -1.2146E+05     1.8364E+01     9.6862E+01     N          53

 BOND    =      126.0306  ANGLE   =      265.8420  DIHED      =      893.7997
 VDWAALS =    15041.9355  EEL     =  -148186.8420  HBOND      =        0.0000
 1-4 VDW =      967.8716  1-4 EEL =     9433.9740  RESTRAINT  =        0.0000


   NSTEP       ENERGY          RMS            GMAX         NAME    NUMBER
     50      -1.5844E+05     3.3909E+00     4.5169E+02     C        3495

 BOND    =    23216.5404  ANGLE   =      268.4796  DIHED      =      918.6200
 VDWAALS =    15756.7059  EEL     =  -208669.3134  HBOND      =        0.0000
 1-4 VDW =      796.8043  1-4 EEL =     9200.6688  RESTRAINT  =       72.4614
 EAMBER  =  -158511.4943


   NSTEP       ENERGY          RMS            GMAX         NAME    NUMBER
    100      -1.6280E+05     1.1851E+00     5.4369E+01     C        3471

 BOND    =    22943.9517  ANGLE   =      257.3332  DIHED      =      920.7918
 VDWAALS =    18303.5887  EEL     =  -215283.4790  HBOND      =        0.0000
 1-4 VDW =      774.3349  1-4 EEL =     9167.6413  RESTRAINT  =      118.5362
 EAMBER  =  -162915.8374


   NSTEP       ENERGY          RMS            GMAX         NAME    NUMBER
    150      -1.6535E+05     9.0819E-01     1.2343E+01     C        3471

 BOND    =    25037.8481  ANGLE   =      262.2578  DIHED      =      920.0220
 VDWAALS =    20574.1459  EEL     =  -222212.7689  HBOND      =        0.0000
 1-4 VDW =      764.8800  1-4 EEL =     9153.8037  RESTRAINT  =      149.9393
 EAMBER  =  -165499.8115


   NSTEP       ENERGY          RMS            GMAX         NAME    NUMBER
    200      -1.6711E+05     1.8173E+00     2.4151E+01     CE3      2382

 BOND    =    26658.4157  ANGLE   =      264.3496  DIHED      =      918.6879
 VDWAALS =    22419.7600  EEL     =  -227454.3400  HBOND      =        0.0000
 1-4 VDW =      760.6009  1-4 EEL =     9147.6332  RESTRAINT  =      170.9532
 EAMBER  =  -167284.8926


   NSTEP       ENERGY          RMS            GMAX         NAME    NUMBER
    250      -1.6854E+05     4.9822E-01     6.0269E+00     CE3      2382

 BOND    =    26115.3283  ANGLE   =      264.3361  DIHED      =      917.3888
 VDWAALS =    23905.7983  EEL     =  -229832.6278  HBOND      =        0.0000
 1-4 VDW =      758.5643  1-4 EEL =     9145.1148  RESTRAINT  =      184.7599
 EAMBER  =  -168726.0972


   NSTEP       ENERGY          RMS            GMAX         NAME    NUMBER
    300      -1.6967E+05     1.3717E+00     9.0011E+01     CE3      2382

 BOND    =    26486.2081  ANGLE   =      267.5258  DIHED      =      916.2336
 VDWAALS =    25196.9362  EEL     =  -232630.4451  HBOND      =        0.0000
 1-4 VDW =      757.5179  1-4 EEL =     9144.1610  RESTRAINT  =      194.4884
 EAMBER  =  -169861.8625


   NSTEP       ENERGY          RMS            GMAX         NAME    NUMBER
    350      -1.7067E+05     4.4542E-01     1.2524E+01     CE3      2382

 BOND    =    27345.3946  ANGLE   =      265.5395  DIHED      =      915.0924
 VDWAALS =    26280.8951  EEL     =  -235578.4294  HBOND      =        0.0000
 1-4 VDW =      756.1248  1-4 EEL =     9143.6592  RESTRAINT  =      201.3379
 EAMBER  =  -170871.7239


   NSTEP       ENERGY          RMS            GMAX         NAME    NUMBER
    400      -1.7146E+05     1.3064E+00     8.8427E+01     C        3495

 BOND    =    27838.3012  ANGLE   =      270.2286  DIHED      =      913.8572
 VDWAALS =    27216.8981  EEL     =  -237806.5902  HBOND      =        0.0000
 1-4 VDW =      755.2786  1-4 EEL =     9143.7415  RESTRAINT  =      206.9996
 EAMBER  =  -171668.2850


   NSTEP       ENERGY          RMS            GMAX         NAME    NUMBER
    450      -1.7223E+05     3.8748E-01     1.0056E+01     NE2      3229

 BOND    =    28227.9066  ANGLE   =      265.9344  DIHED      =      913.0542
 VDWAALS =    28049.3116  EEL     =  -239791.9698  HBOND      =        0.0000
 1-4 VDW =      755.0436  1-4 EEL =     9143.2461  RESTRAINT  =      211.0543
 EAMBER  =  -172437.4735


   NSTEP       ENERGY          RMS            GMAX         NAME    NUMBER
    500      -1.7287E+05     9.8039E-01     6.8278E+01     NE2      3229

 BOND    =    28638.8914  ANGLE   =      267.1740  DIHED      =      912.6147
 VDWAALS =    28813.0694  EEL     =  -241611.9572  HBOND      =        0.0000
 1-4 VDW =      754.8285  1-4 EEL =     9143.4064  RESTRAINT  =      213.8793
 EAMBER  =  -173081.9729


   NSTEP       ENERGY          RMS            GMAX         NAME    NUMBER
    550      -1.7346E+05     3.4760E-01     1.2622E+01     NE2      3229

 BOND    =    28977.5267  ANGLE   =      266.4626  DIHED      =      912.2058
 VDWAALS =    29500.2149  EEL     =  -243229.8926  HBOND      =        0.0000
 1-4 VDW =      754.5084  1-4 EEL =     9142.9394  RESTRAINT  =      215.5974
 EAMBER  =  -173676.0347


   NSTEP       ENERGY          RMS            GMAX         NAME    NUMBER
    600      -1.7398E+05     9.0225E-01     8.0842E+01     NE2      3229

 BOND    =    29331.7205  ANGLE   =      268.9221  DIHED      =      911.8418
 VDWAALS =    30159.7855  EEL     =  -244761.3169  HBOND      =        0.0000
 1-4 VDW =      754.3091  1-4 EEL =     9142.7314  RESTRAINT  =      216.9436
 EAMBER  =  -174192.0065


   NSTEP       ENERGY          RMS            GMAX         NAME    NUMBER
    650      -1.7445E+05     3.8322E-01     2.7369E+01     NE2      3229

 BOND    =    29621.5973  ANGLE   =      266.6045  DIHED      =      911.5372
 VDWAALS =    30745.5777  EEL     =  -246108.9914  HBOND      =        0.0000
 1-4 VDW =      754.1071  1-4 EEL =     9143.0780  RESTRAINT  =      217.7345
 EAMBER  =  -174666.4896


   NSTEP       ENERGY          RMS            GMAX         NAME    NUMBER
    700      -1.7485E+05     8.0483E-01     8.1652E+01     CG       1871

 BOND    =    29906.1419  ANGLE   =      267.2448  DIHED      =      911.1598
 VDWAALS =    31276.4705  EEL     =  -247324.2326  HBOND      =        0.0000
 1-4 VDW =      753.9806  1-4 EEL =     9143.4854  RESTRAINT  =      218.3801
 EAMBER  =  -175065.7497


   NSTEP       ENERGY          RMS            GMAX         NAME    NUMBER
    750      -1.7521E+05     1.1127E+00     1.0308E+02     CG       1871

 BOND    =    30173.8582  ANGLE   =      269.5351  DIHED      =      910.8021
 VDWAALS =    31770.6433  EEL     =  -248451.6983  HBOND      =        0.0000
 1-4 VDW =      753.6771  1-4 EEL =     9143.2244  RESTRAINT  =      218.8819
 EAMBER  =  -175429.9582


   NSTEP       ENERGY          RMS            GMAX         NAME    NUMBER
    800      -1.7558E+05     3.9098E-01     2.9357E+01     NE2      3229

 BOND    =    30386.7519  ANGLE   =      267.2552  DIHED      =      910.4503
 VDWAALS =    32222.3453  EEL     =  -249481.2173  HBOND      =        0.0000
 1-4 VDW =      753.7611  1-4 EEL =     9143.2899  RESTRAINT  =      219.1488
 EAMBER  =  -175797.3637


   NSTEP       ENERGY          RMS            GMAX         NAME    NUMBER
    850      -1.7589E+05     1.0160E+00     1.6620E+02     CG       1871

 BOND    =    30625.4971  ANGLE   =      268.7187  DIHED      =      910.2543
 VDWAALS =    32653.4508  EEL     =  -250464.0724  HBOND      =        0.0000
 1-4 VDW =      753.8183  1-4 EEL =     9143.7327  RESTRAINT  =      219.4424
 EAMBER  =  -176108.6006


   NSTEP       ENERGY          RMS            GMAX         NAME    NUMBER
    900      -1.7621E+05     3.8573E-01     3.2952E+01     NE2      3229

 BOND    =    30815.6060  ANGLE   =      266.9134  DIHED      =      910.1863
 VDWAALS =    33049.7414  EEL     =  -251368.4450  HBOND      =        0.0000
 1-4 VDW =      753.5793  1-4 EEL =     9143.9074  RESTRAINT  =      219.5489
 EAMBER  =  -176428.5113


   NSTEP       ENERGY          RMS            GMAX         NAME    NUMBER
    950      -1.7648E+05     7.3675E-01     7.9889E+01     NE2      3229

 BOND    =    31017.2627  ANGLE   =      267.8396  DIHED      =      910.1562
 VDWAALS =    33424.5541  EEL     =  -252222.3360  HBOND      =        0.0000
 1-4 VDW =      753.5300  1-4 EEL =     9144.3164  RESTRAINT  =      219.6899
 EAMBER  =  -176704.6771


   NSTEP       ENERGY          RMS            GMAX         NAME    NUMBER
   1000      -1.7677E+05     4.1756E-01     4.7196E+01     NE2      3229

 BOND    =    31196.4179  ANGLE   =      267.8039  DIHED      =      910.0922
 VDWAALS =    33785.4625  EEL     =  -253044.3917  HBOND      =        0.0000
 1-4 VDW =      753.5502  1-4 EEL =     9144.3020  RESTRAINT  =      219.7474
 EAMBER  =  -176986.7631


   NSTEP       ENERGY          RMS            GMAX         NAME    NUMBER
   1050      -1.7702E+05     7.0885E-01     9.3863E+01     CD        665

 BOND    =    31375.3825  ANGLE   =      268.7998  DIHED      =      910.0806
 VDWAALS =    34120.9667  EEL     =  -253809.0382  HBOND      =        0.0000
 1-4 VDW =      753.6524  1-4 EEL =     9144.7967  RESTRAINT  =      219.8198
 EAMBER  =  -177235.3595


   NSTEP       ENERGY          RMS            GMAX         NAME    NUMBER
   1100      -1.7726E+05     2.3006E-01     1.1637E+01     NE2      3229

 BOND    =    31527.8072  ANGLE   =      267.2212  DIHED      =      910.0943
 VDWAALS =    34429.7113  EEL     =  -254516.6546  HBOND      =        0.0000
 1-4 VDW =      753.5723  1-4 EEL =     9145.3707  RESTRAINT  =      219.9028
 EAMBER  =  -177482.8777


   NSTEP       ENERGY          RMS            GMAX         NAME    NUMBER
   1150      -1.7750E+05     6.0205E-01     6.5420E+01     NE2      3229

 BOND    =    31694.0673  ANGLE   =      267.9909  DIHED      =      910.0566
 VDWAALS =    34737.8080  EEL     =  -255226.0730  HBOND      =        0.0000
 1-4 VDW =      753.6085  1-4 EEL =     9146.0276  RESTRAINT  =      220.1755
 EAMBER  =  -177716.5141


   NSTEP       ENERGY          RMS            GMAX         NAME    NUMBER
   1200      -1.7773E+05     2.5006E-01     2.0783E+01     NE2      3229

 BOND    =    31839.5240  ANGLE   =      267.5472  DIHED      =      909.9014
 VDWAALS =    35026.5034  EEL     =  -255891.6653  HBOND      =        0.0000
 1-4 VDW =      753.6530  1-4 EEL =     9146.1935  RESTRAINT  =      220.5440
 EAMBER  =  -177948.3428


   NSTEP       ENERGY          RMS            GMAX         NAME    NUMBER
   1250      -1.7794E+05     3.5533E-01     3.6444E+01     NE2      3229

 BOND    =    31986.2924  ANGLE   =      267.8370  DIHED      =      909.6543
 VDWAALS =    35303.8454  EEL     =  -256528.9920  HBOND      =        0.0000
 1-4 VDW =      753.7270  1-4 EEL =     9146.4879  RESTRAINT  =      221.0434
 EAMBER  =  -178161.1480


   NSTEP       ENERGY          RMS            GMAX         NAME    NUMBER
   1300      -1.7814E+05     2.1615E-01     1.4168E+01     NE2      3229

 BOND    =    32124.5816  ANGLE   =      267.2038  DIHED      =      909.3851
 VDWAALS =    35568.5922  EEL     =  -257135.3289  HBOND      =        0.0000
 1-4 VDW =      753.7521  1-4 EEL =     9146.8491  RESTRAINT  =      221.5648
 EAMBER  =  -178364.9652


   NSTEP       ENERGY          RMS            GMAX         NAME    NUMBER
   1350      -1.7834E+05     3.0326E-01     3.4201E+01     NE2      3229

 BOND    =    32266.0607  ANGLE   =      267.2722  DIHED      =      909.1776
 VDWAALS =    35834.6604  EEL     =  -257742.2487  HBOND      =        0.0000
 1-4 VDW =      753.8349  1-4 EEL =     9147.0943  RESTRAINT  =      221.9989
 EAMBER  =  -178564.1487


   NSTEP       ENERGY          RMS            GMAX         NAME    NUMBER
   1400      -1.7852E+05     6.0816E-01     7.6146E+01     CD        665

 BOND    =    32403.2735  ANGLE   =      267.7023  DIHED      =      909.1047
 VDWAALS =    36084.1034  EEL     =  -258307.6456  HBOND      =        0.0000
 1-4 VDW =      753.8813  1-4 EEL =     9147.3684  RESTRAINT  =      222.2374
 EAMBER  =  -178742.2121


   NSTEP       ENERGY          RMS            GMAX         NAME    NUMBER
   1450      -1.7870E+05     3.2128E-01     4.3315E+01     NE2      3229

 BOND    =    32527.8986  ANGLE   =      267.6790  DIHED      =      909.0853
 VDWAALS =    36329.4800  EEL     =  -258860.7245  HBOND      =        0.0000
 1-4 VDW =      753.9814  1-4 EEL =     9147.2901  RESTRAINT  =      222.3132
 EAMBER  =  -178925.3101


   NSTEP       ENERGY          RMS            GMAX         NAME    NUMBER
   1500      -1.7886E+05     6.0153E-01     7.7361E+01     NE2      3229

 BOND    =    32654.8994  ANGLE   =      268.8254  DIHED      =      909.1230
 VDWAALS =    36563.0871  EEL     =  -259381.3168  HBOND      =        0.0000
 1-4 VDW =      754.0550  1-4 EEL =     9147.3842  RESTRAINT  =      222.3442
 EAMBER  =  -179083.9426


   NSTEP       ENERGY          RMS            GMAX         NAME    NUMBER
   1550      -1.7902E+05     1.8357E-01     1.2950E+01     NE2      3229

 BOND    =    32763.6441  ANGLE   =      267.2497  DIHED      =      909.1960
 VDWAALS =    36782.3364  EEL     =  -259863.5207  HBOND      =        0.0000
 1-4 VDW =      754.0557  1-4 EEL =     9147.7370  RESTRAINT  =      222.3063
 EAMBER  =  -179239.3019


   NSTEP       ENERGY          RMS            GMAX         NAME    NUMBER
   1600      -1.7916E+05     4.6747E-01     7.0456E+01     NE2      3229

 BOND    =    32880.1321  ANGLE   =      267.9234  DIHED      =      909.2791
 VDWAALS =    37000.2022  EEL     =  -260339.3162  HBOND      =        0.0000
 1-4 VDW =      754.0735  1-4 EEL =     9147.9947  RESTRAINT  =      222.3062
 EAMBER  =  -179379.7112


   NSTEP       ENERGY          RMS            GMAX         NAME    NUMBER
   1650      -1.7930E+05     1.9890E-01     1.9961E+01     NE2      3229

 BOND    =    32981.8374  ANGLE   =      267.5630  DIHED      =      909.3574
 VDWAALS =    37202.8503  EEL     =  -260780.8867  HBOND      =        0.0000
 1-4 VDW =      754.0905  1-4 EEL =     9147.8912  RESTRAINT  =      222.2932
 EAMBER  =  -179517.2970


   NSTEP       ENERGY          RMS            GMAX         NAME    NUMBER
   1700      -1.7943E+05     3.8166E-01     5.6653E+01     NE2      3229

 BOND    =    33088.2804  ANGLE   =      268.2359  DIHED      =      909.4506
 VDWAALS =    37404.4996  EEL     =  -261220.1288  HBOND      =        0.0000
 1-4 VDW =      754.0894  1-4 EEL =     9147.8340  RESTRAINT  =      222.3127
 EAMBER  =  -179647.7388


   NSTEP       ENERGY          RMS            GMAX         NAME    NUMBER
   1750      -1.7955E+05     1.7442E-01     1.4033E+01     NE2      3229

 BOND    =    33184.9297  ANGLE   =      267.5848  DIHED      =      909.5406
 VDWAALS =    37594.4962  EEL     =  -261634.6098  HBOND      =        0.0000
 1-4 VDW =      754.0637  1-4 EEL =     9147.9319  RESTRAINT  =      222.3449
 EAMBER  =  -179776.0629


   NSTEP       ENERGY          RMS            GMAX         NAME    NUMBER
   1800      -1.7968E+05     1.5671E-01     7.6512E+00     NE2      3229

 BOND    =    33279.4429  ANGLE   =      267.6713  DIHED      =      909.6213
 VDWAALS =    37776.3057  EEL     =  -262032.8506  HBOND      =        0.0000
 1-4 VDW =      754.0367  1-4 EEL =     9147.7904  RESTRAINT  =      222.4556
 EAMBER  =  -179897.9824


   NSTEP       ENERGY          RMS            GMAX         NAME    NUMBER
   1850      -1.7979E+05     4.5387E-01     7.2411E+01     NE2      3229

 BOND    =    33378.3772  ANGLE   =      268.2676  DIHED      =      909.6854
 VDWAALS =    37960.3122  EEL     =  -262436.0352  HBOND      =        0.0000
 1-4 VDW =      753.9889  1-4 EEL =     9147.7454  RESTRAINT  =      222.6775
 EAMBER  =  -180017.6586


   NSTEP       ENERGY          RMS            GMAX         NAME    NUMBER
   1900      -1.7991E+05     1.6356E-01     1.3623E+01     NE2      3229

 BOND    =    33463.8449  ANGLE   =      267.9947  DIHED      =      909.6985
 VDWAALS =    38134.5952  EEL     =  -262812.4520  HBOND      =        0.0000
 1-4 VDW =      753.9308  1-4 EEL =     9147.3825  RESTRAINT  =      223.0233
 EAMBER  =  -180135.0054


   NSTEP       ENERGY          RMS            GMAX         NAME    NUMBER
   1950      -1.8002E+05     3.9964E-01     6.4410E+01     NE2      3229

 BOND    =    33552.4254  ANGLE   =      268.8154  DIHED      =      909.6099
 VDWAALS =    38306.7173  EEL     =  -263178.4680  HBOND      =        0.0000
 1-4 VDW =      753.8255  1-4 EEL =     9147.0486  RESTRAINT  =      223.5820
 EAMBER  =  -180240.0258


   NSTEP       ENERGY          RMS            GMAX         NAME    NUMBER
   2000      -1.8012E+05     1.4294E-01     8.2323E+00     NE2      3229

 BOND    =    33629.9079  ANGLE   =      268.2057  DIHED      =      909.3849
 VDWAALS =    38467.7954  EEL     =  -263517.5320  HBOND      =        0.0000
 1-4 VDW =      753.7176  1-4 EEL =     9146.9078  RESTRAINT  =      224.2291
 EAMBER  =  -180341.6127


   NSTEP       ENERGY          RMS            GMAX         NAME    NUMBER
   2050      -1.8021E+05     3.5982E-01     5.8000E+01     NE2      3229

 BOND    =    33710.3408  ANGLE   =      268.6970  DIHED      =      909.1103
 VDWAALS =    38626.1571  EEL     =  -263849.4302  HBOND      =        0.0000
 1-4 VDW =      753.6070  1-4 EEL =     9146.7090  RESTRAINT  =      224.8762
 EAMBER  =  -180434.8090


   NSTEP       ENERGY          RMS            GMAX         NAME    NUMBER
   2100      -1.8029E+05     5.3479E-01     7.9186E+01     CD        665

 BOND    =    33786.6923  ANGLE   =      269.0154  DIHED      =      908.9108
 VDWAALS =    38774.6762  EEL     =  -264159.5953  HBOND      =        0.0000
 1-4 VDW =      753.5210  1-4 EEL =     9146.5243  RESTRAINT  =      225.3419
 EAMBER  =  -180520.2552


   NSTEP       ENERGY          RMS            GMAX         NAME    NUMBER
   2150      -1.8038E+05     2.1391E-01     2.7557E+01     NE2      3229

 BOND    =    33853.0585  ANGLE   =      268.8370  DIHED      =      908.7788
 VDWAALS =    38917.3956  EEL     =  -264458.0587  HBOND      =        0.0000
 1-4 VDW =      753.4936  1-4 EEL =     9146.2336  RESTRAINT  =      225.6265
 EAMBER  =  -180610.2615


   NSTEP       ENERGY          RMS            GMAX         NAME    NUMBER
   2200      -1.8046E+05     4.0460E-01     6.7010E+01     NE2      3229

 BOND    =    33922.6769  ANGLE   =      269.5780  DIHED      =      908.6998
 VDWAALS =    39052.6550  EEL     =  -264742.1370  HBOND      =        0.0000
 1-4 VDW =      753.4606  1-4 EEL =     9146.1192  RESTRAINT  =      225.8251
 EAMBER  =  -180688.9474


   NSTEP       ENERGY          RMS            GMAX         NAME    NUMBER
   2250      -1.8055E+05     2.3256E-01     3.4383E+01     NE2      3229

 BOND    =    33988.2569  ANGLE   =      268.8354  DIHED      =      908.6465
 VDWAALS =    39187.3894  EEL     =  -265026.3706  HBOND      =        0.0000
 1-4 VDW =      753.4223  1-4 EEL =     9146.3264  RESTRAINT  =      225.9449
 EAMBER  =  -180773.4936


   NSTEP       ENERGY          RMS            GMAX         NAME    NUMBER
   2300      -1.8062E+05     3.6188E-01     5.7438E+01     NE2      3229

 BOND    =    34053.2540  ANGLE   =      269.1128  DIHED      =      908.6155
 VDWAALS =    39313.8127  EEL     =  -265295.3781  HBOND      =        0.0000
 1-4 VDW =      753.3871  1-4 EEL =     9146.4273  RESTRAINT  =      226.0542
 EAMBER  =  -180850.7687


   NSTEP       ENERGY          RMS            GMAX         NAME    NUMBER
   2350      -1.8070E+05     1.3255E-01     9.8637E+00     NE2      3229

 BOND    =    34111.2891  ANGLE   =      268.8681  DIHED      =      908.5950
 VDWAALS =    39431.9832  EEL     =  -265550.6919  HBOND      =        0.0000
 1-4 VDW =      753.3583  1-4 EEL =     9146.3851  RESTRAINT  =      226.1472
 EAMBER  =  -180930.2131


   NSTEP       ENERGY          RMS            GMAX         NAME    NUMBER
   2400      -1.8078E+05     3.1597E-01     4.7857E+01     NE2      3229

 BOND    =    34172.6419  ANGLE   =      269.4447  DIHED      =      908.5809
 VDWAALS =    39549.0258  EEL     =  -265807.5259  HBOND      =        0.0000
 1-4 VDW =      753.3289  1-4 EEL =     9146.4204  RESTRAINT  =      226.2648
 EAMBER  =  -181008.0833


   NSTEP       ENERGY          RMS            GMAX         NAME    NUMBER
   2450      -1.8086E+05     4.6641E-01     6.7719E+01     NE2      3229

 BOND    =    34232.0435  ANGLE   =      269.8186  DIHED      =      908.5770
 VDWAALS =    39659.7867  EEL     =  -266054.1431  HBOND      =        0.0000
 1-4 VDW =      753.2688  1-4 EEL =     9146.5022  RESTRAINT  =      226.4024
 EAMBER  =  -181084.1463


   NSTEP       ENERGY          RMS            GMAX         NAME    NUMBER
   2500      -1.8094E+05     1.9461E-01     2.4734E+01     NE2      3229

 BOND    =    34283.2810  ANGLE   =      268.9661  DIHED      =      908.5704
 VDWAALS =    39765.2668  EEL     =  -266291.0160  HBOND      =        0.0000
 1-4 VDW =      753.2223  1-4 EEL =     9146.8008  RESTRAINT  =      226.5334
 EAMBER  =  -181164.9086


   NSTEP       ENERGY          RMS            GMAX         NAME    NUMBER
   2550      -1.8101E+05     3.7320E-01     5.9941E+01     NE2      3229

 BOND    =    34339.6761  ANGLE   =      269.4783  DIHED      =      908.5718
 VDWAALS =    39871.7193  EEL     =  -266528.8741  HBOND      =        0.0000
 1-4 VDW =      753.1782  1-4 EEL =     9146.9971  RESTRAINT  =      226.7175
 EAMBER  =  -181239.2533


   NSTEP       ENERGY          RMS            GMAX         NAME    NUMBER
   2600      -1.8109E+05     2.0639E-01     3.0445E+01     NE2      3229

 BOND    =    34388.6981  ANGLE   =      269.2963  DIHED      =      908.5809
 VDWAALS =    39971.1558  EEL     =  -266751.3723  HBOND      =        0.0000
 1-4 VDW =      753.1081  1-4 EEL =     9146.9637  RESTRAINT  =      226.9034
 EAMBER  =  -181313.5694


   NSTEP       ENERGY          RMS            GMAX         NAME    NUMBER
   2650      -1.8115E+05     3.2900E-01     5.2292E+01     NE2      3229

 BOND    =    34438.7379  ANGLE   =      269.6431  DIHED      =      908.5923
 VDWAALS =    40067.4660  EEL     =  -266966.4105  HBOND      =        0.0000
 1-4 VDW =      753.0502  1-4 EEL =     9147.0589  RESTRAINT  =      227.0952
 EAMBER  =  -181381.8621


   NSTEP       ENERGY          RMS            GMAX         NAME    NUMBER
   2700      -1.8123E+05     1.4748E-01     1.6980E+01     NE2      3229

 BOND    =    34485.1822  ANGLE   =      269.1147  DIHED      =      908.6049
 VDWAALS =    40162.9739  EEL     =  -267178.8716  HBOND      =        0.0000
 1-4 VDW =      753.0088  1-4 EEL =     9147.3320  RESTRAINT  =      227.2560
 EAMBER  =  -181452.6552


   NSTEP       ENERGY          RMS            GMAX         NAME    NUMBER
   2750      -1.8129E+05     2.8105E-01     4.6597E+01     NE2      3229

 BOND    =    34533.5346  ANGLE   =      269.2444  DIHED      =      908.6229
 VDWAALS =    40257.9854  EEL     =  -267388.1139  HBOND      =        0.0000
 1-4 VDW =      752.9772  1-4 EEL =     9147.5331  RESTRAINT  =      227.4008
 EAMBER  =  -181518.2164


   NSTEP       ENERGY          RMS            GMAX         NAME    NUMBER
   2800      -1.8135E+05     4.2831E-01     6.3286E+01     NE2      3229

 BOND    =    34582.2010  ANGLE   =      269.5719  DIHED      =      908.6416
 VDWAALS =    40353.3679  EEL     =  -267595.8782  HBOND      =        0.0000
 1-4 VDW =      752.9856  1-4 EEL =     9147.7073  RESTRAINT  =      227.5103
 EAMBER  =  -181581.4028


   NSTEP       ENERGY          RMS            GMAX         NAME    NUMBER
   2850      -1.8142E+05     2.4003E-01     3.8930E+01     NE2      3229

 BOND    =    34625.5206  ANGLE   =      269.2198  DIHED      =      908.6733
 VDWAALS =    40446.4181  EEL     =  -267797.9812  HBOND      =        0.0000
 1-4 VDW =      752.9875  1-4 EEL =     9147.6424  RESTRAINT  =      227.5756
 EAMBER  =  -181647.5194


   NSTEP       ENERGY          RMS            GMAX         NAME    NUMBER
   2900      -1.8148E+05     3.4198E-01     5.2726E+01     NE2      3229

 BOND    =    34669.8702  ANGLE   =      269.4505  DIHED      =      908.7003
 VDWAALS =    40535.3673  EEL     =  -267989.9969  HBOND      =        0.0000
 1-4 VDW =      753.0291  1-4 EEL =     9147.7211  RESTRAINT  =      227.6279
 EAMBER  =  -181705.8583


   NSTEP       ENERGY          RMS            GMAX         NAME    NUMBER
   2950      -1.8154E+05     1.1252E-01     8.1164E+00     NE2      3229

 BOND    =    34708.6468  ANGLE   =      268.6617  DIHED      =      908.7250
 VDWAALS =    40618.6164  EEL     =  -268169.1654  HBOND      =        0.0000
 1-4 VDW =      753.0531  1-4 EEL =     9147.9221  RESTRAINT  =      227.6651
 EAMBER  =  -181763.5403


   NSTEP       ENERGY          RMS            GMAX         NAME    NUMBER
   3000      -1.8159E+05     3.3053E-01     5.3677E+01     NE2      3229

 BOND    =    34751.0798  ANGLE   =      268.8424  DIHED      =      908.7512
 VDWAALS =    40702.3825  EEL     =  -268348.8582  HBOND      =        0.0000
 1-4 VDW =      753.0748  1-4 EEL =     9148.0772  RESTRAINT  =      227.7328
 EAMBER  =  -181816.6504


   NSTEP       ENERGY          RMS            GMAX         NAME    NUMBER
   3050      -1.8164E+05     4.3744E-01     7.0919E+01     NE2      3229

 BOND    =    34791.6357  ANGLE   =      269.0628  DIHED      =      908.7741
 VDWAALS =    40782.5589  EEL     =  -268521.5734  HBOND      =        0.0000
 1-4 VDW =      753.0898  1-4 EEL =     9148.1661  RESTRAINT  =      227.8144
 EAMBER  =  -181868.2859


   NSTEP       ENERGY          RMS            GMAX         NAME    NUMBER
   3100      -1.8170E+05     2.4567E-01     4.0869E+01     NE2      3229

 BOND    =    34827.0192  ANGLE   =      268.8045  DIHED      =      908.7969
 VDWAALS =    40859.3868  EEL     =  -268688.8443  HBOND      =        0.0000
 1-4 VDW =      753.1015  1-4 EEL =     9148.0260  RESTRAINT  =      227.8986
 EAMBER  =  -181923.7094


   NSTEP       ENERGY          RMS            GMAX         NAME    NUMBER
   3150      -1.8174E+05     4.3384E-01     8.0532E+01     CD        665

 BOND    =    34866.4408  ANGLE   =      268.7823  DIHED      =      908.8193
 VDWAALS =    40934.6119  EEL     =  -268852.3035  HBOND      =        0.0000
 1-4 VDW =      753.0764  1-4 EEL =     9148.0651  RESTRAINT  =      228.0007
 EAMBER  =  -181972.5077


   NSTEP       ENERGY          RMS            GMAX         NAME    NUMBER
   3200      -1.8180E+05     1.7471E-01     2.6117E+01     NE2      3229

 BOND    =    34899.9629  ANGLE   =      268.3707  DIHED      =      908.8282
 VDWAALS =    41008.6206  EEL     =  -269011.7331  HBOND      =        0.0000
 1-4 VDW =      753.1017  1-4 EEL =     9148.2387  RESTRAINT  =      228.0874
 EAMBER  =  -182024.6103


   NSTEP       ENERGY          RMS            GMAX         NAME    NUMBER
   3250      -1.8184E+05     3.1801E-01     5.5675E+01     NE2      3229

 BOND    =    34935.8533  ANGLE   =      268.6290  DIHED      =      908.8391
 VDWAALS =    41079.3104  EEL     =  -269163.4936  HBOND      =        0.0000
 1-4 VDW =      753.1015  1-4 EEL =     9148.3392  RESTRAINT  =      228.1906
 EAMBER  =  -182069.4211


   NSTEP       ENERGY          RMS            GMAX         NAME    NUMBER
   3300      -1.8189E+05     1.7287E-01     2.7269E+01     NE2      3229

 BOND    =    34968.6352  ANGLE   =      268.4626  DIHED      =      908.8520
 VDWAALS =    41149.1312  EEL     =  -269312.5181  HBOND      =        0.0000
 1-4 VDW =      753.0897  1-4 EEL =     9148.2486  RESTRAINT  =      228.2941
 EAMBER  =  -182116.0988


   NSTEP       ENERGY          RMS            GMAX         NAME    NUMBER
   3350      -1.8193E+05     3.2524E-01     4.6073E+01     CD        665

 BOND    =    35002.9665  ANGLE   =      268.8397  DIHED      =      908.8589
 VDWAALS =    41217.0893  EEL     =  -269457.4001  HBOND      =        0.0000
 1-4 VDW =      753.0999  1-4 EEL =     9148.2705  RESTRAINT  =      228.4059
 EAMBER  =  -182158.2754


   NSTEP       ENERGY          RMS            GMAX         NAME    NUMBER
   3400      -1.8197E+05     3.9817E-01     6.9111E+01     NE2      3229

 BOND    =    35035.5238  ANGLE   =      269.0401  DIHED      =      908.8668
 VDWAALS =    41281.6668  EEL     =  -269595.1182  HBOND      =        0.0000
 1-4 VDW =      753.0691  1-4 EEL =     9148.2716  RESTRAINT  =      228.5187
 EAMBER  =  -182198.6800


   NSTEP       ENERGY          RMS            GMAX         NAME    NUMBER
   3450      -1.8201E+05     1.4259E-01     2.0399E+01     NE2      3229

 BOND    =    35064.7698  ANGLE   =      268.2605  DIHED      =      908.8609
 VDWAALS =    41346.6444  EEL     =  -269733.3975  HBOND      =        0.0000
 1-4 VDW =      753.0795  1-4 EEL =     9148.4787  RESTRAINT  =      228.6171
 EAMBER  =  -182243.3036


   NSTEP       ENERGY          RMS            GMAX         NAME    NUMBER
   3500      -1.8205E+05     3.5547E-01     5.5980E+01     NE2      3229

 BOND    =    35098.1922  ANGLE   =      268.6698  DIHED      =      908.8526
 VDWAALS =    41412.1250  EEL     =  -269872.0889  HBOND      =        0.0000
 1-4 VDW =      753.0826  1-4 EEL =     9148.5845  RESTRAINT  =      228.7487
 EAMBER  =  -182282.5821


   NSTEP       ENERGY          RMS            GMAX         NAME    NUMBER
   3550      -1.8210E+05     1.5101E-01     2.2655E+01     NE2      3229

 BOND    =    35127.5665  ANGLE   =      268.3567  DIHED      =      908.8453
 VDWAALS =    41477.0180  EEL     =  -270009.4367  HBOND      =        0.0000
 1-4 VDW =      753.0542  1-4 EEL =     9148.4766  RESTRAINT  =      228.8876
 EAMBER  =  -182326.1195


   NSTEP       ENERGY          RMS            GMAX         NAME    NUMBER
   3600      -1.8214E+05     8.9094E-02     5.7494E+00     NE2      3229

 BOND    =    35156.6643  ANGLE   =      268.2250  DIHED      =      908.8211
 VDWAALS =    41537.9541  EEL     =  -270138.1719  HBOND      =        0.0000
 1-4 VDW =      753.0435  1-4 EEL =     9148.5532  RESTRAINT  =      229.0361
 EAMBER  =  -182364.9107


   NSTEP       ENERGY          RMS            GMAX         NAME    NUMBER
   3650      -1.8217E+05     8.6421E-02     4.5606E+00     NE2      3229

 BOND    =    35185.7335  ANGLE   =      268.2334  DIHED      =      908.7877
 VDWAALS =    41597.9965  EEL     =  -270265.6484  HBOND      =        0.0000
 1-4 VDW =      753.0279  1-4 EEL =     9148.5694  RESTRAINT  =      229.2094
 EAMBER  =  -182403.2998


   NSTEP       ENERGY          RMS            GMAX         NAME    NUMBER
   3700      -1.8221E+05     2.4546E-01     4.0668E+01     NE2      3229

 BOND    =    35214.8100  ANGLE   =      268.4006  DIHED      =      908.7402
 VDWAALS =    41655.7159  EEL     =  -270389.1952  HBOND      =        0.0000
 1-4 VDW =      753.0127  1-4 EEL =     9148.6356  RESTRAINT  =      229.4014
 EAMBER  =  -182439.8802


   NSTEP       ENERGY          RMS            GMAX         NAME    NUMBER
   3750      -1.8224E+05     3.6555E-01     5.7360E+01     NE2      3229

 BOND    =    35242.6050  ANGLE   =      268.8079  DIHED      =      908.6791
 VDWAALS =    41710.7702  EEL     =  -270507.0165  HBOND      =        0.0000
 1-4 VDW =      753.0125  1-4 EEL =     9148.6516  RESTRAINT  =      229.6052
 EAMBER  =  -182474.4901


   NSTEP       ENERGY          RMS            GMAX         NAME    NUMBER
   3800      -1.8228E+05     2.2878E-01     3.2836E+01     NE2      3229

 BOND    =    35267.7520  ANGLE   =      268.4794  DIHED      =      908.6132
 VDWAALS =    41765.6061  EEL     =  -270624.0467  HBOND      =        0.0000
 1-4 VDW =      752.9672  1-4 EEL =     9148.4720  RESTRAINT  =      229.8189
 EAMBER  =  -182512.1568


   NSTEP       ENERGY          RMS            GMAX         NAME    NUMBER
   3850      -1.8231E+05     3.5128E-01     6.4494E+01     CD        665

 BOND    =    35294.4022  ANGLE   =      268.8667  DIHED      =      908.5267
 VDWAALS =    41819.6467  EEL     =  -270737.6636  HBOND      =        0.0000
 1-4 VDW =      752.9785  1-4 EEL =     9148.4219  RESTRAINT  =      230.0409
 EAMBER  =  -182544.8209


   NSTEP       ENERGY          RMS            GMAX         NAME    NUMBER
   3900      -1.8235E+05     1.8477E-01     3.0561E+01     NE2      3229

 BOND    =    35318.0725  ANGLE   =      268.3887  DIHED      =      908.4360
 VDWAALS =    41872.3263  EEL     =  -270848.2667  HBOND      =        0.0000
 1-4 VDW =      752.9486  1-4 EEL =     9148.4666  RESTRAINT  =      230.2488
 EAMBER  =  -182579.6280


   NSTEP       ENERGY          RMS            GMAX         NAME    NUMBER
   3950      -1.8238E+05     2.4999E-01     4.4401E+01     NE2      3229

 BOND    =    35343.0111  ANGLE   =      268.5154  DIHED      =      908.3428
 VDWAALS =    41924.1864  EEL     =  -270956.6897  HBOND      =        0.0000
 1-4 VDW =      752.9382  1-4 EEL =     9148.4112  RESTRAINT  =      230.4539
 EAMBER  =  -182611.2847


   NSTEP       ENERGY          RMS            GMAX         NAME    NUMBER
   4000      -1.8241E+05     8.2899E-02     6.1647E+00     NE2      3229

 BOND    =    35365.4231  ANGLE   =      268.4035  DIHED      =      908.2547
 VDWAALS =    41974.4280  EEL     =  -271061.4695  HBOND      =        0.0000
 1-4 VDW =      752.9249  1-4 EEL =     9148.2373  RESTRAINT  =      230.6332
 EAMBER  =  -182643.7979


   NSTEP       ENERGY          RMS            GMAX         NAME    NUMBER
   4050      -1.8244E+05     2.3267E-01     3.9936E+01     NE2      3229

 BOND    =    35390.4547  ANGLE   =      268.6917  DIHED      =      908.1664
 VDWAALS =    42026.2905  EEL     =  -271169.6157  HBOND      =        0.0000
 1-4 VDW =      752.9122  1-4 EEL =     9148.0775  RESTRAINT  =      230.7985
 EAMBER  =  -182675.0227


   NSTEP       ENERGY          RMS            GMAX         NAME    NUMBER
   4100      -1.8248E+05     9.4523E-02     1.0456E+01     NE2      3229

 BOND    =    35412.8257  ANGLE   =      268.3972  DIHED      =      908.0786
 VDWAALS =    42076.2432  EEL     =  -271273.3734  HBOND      =        0.0000
 1-4 VDW =      752.9145  1-4 EEL =     9148.0632  RESTRAINT  =      230.9150
 EAMBER  =  -182706.8509


   NSTEP       ENERGY          RMS            GMAX         NAME    NUMBER
   4150      -1.8251E+05     1.4153E-01     1.9404E+01     NE2      3229

 BOND    =    35435.8159  ANGLE   =      268.4514  DIHED      =      907.9965
 VDWAALS =    42125.8434  EEL     =  -271376.5149  HBOND      =        0.0000
 1-4 VDW =      752.9160  1-4 EEL =     9147.9791  RESTRAINT  =      231.0078
 EAMBER  =  -182737.5127


   NSTEP       ENERGY          RMS            GMAX         NAME    NUMBER
   4200      -1.8254E+05     8.7959E-02     8.5875E+00     NE2      3229

 BOND    =    35457.4358  ANGLE   =      268.4360  DIHED      =      907.9248
 VDWAALS =    42173.4929  EEL     =  -271475.9273  HBOND      =        0.0000
 1-4 VDW =      752.9086  1-4 EEL =     9147.8440  RESTRAINT  =      231.0728
 EAMBER  =  -182767.8851


   NSTEP       ENERGY          RMS            GMAX         NAME    NUMBER
   4250      -1.8257E+05     1.1328E-01     1.3760E+01     NE2      3229

 BOND    =    35479.7658  ANGLE   =      268.4488  DIHED      =      907.8566
 VDWAALS =    42222.2578  EEL     =  -271577.4529  HBOND      =        0.0000
 1-4 VDW =      752.9057  1-4 EEL =     9147.7612  RESTRAINT  =      231.1205
 EAMBER  =  -182798.4570


   NSTEP       ENERGY          RMS            GMAX         NAME    NUMBER
   4300      -1.8260E+05     2.8148E-01     4.1164E+01     NE2      3229

 BOND    =    35502.7625  ANGLE   =      268.8714  DIHED      =      907.7975
 VDWAALS =    42270.7665  EEL     =  -271677.8611  HBOND      =        0.0000
 1-4 VDW =      752.9150  1-4 EEL =     9147.6621  RESTRAINT  =      231.1615
 EAMBER  =  -182827.0862


   NSTEP       ENERGY          RMS            GMAX         NAME    NUMBER
   4350      -1.8263E+05     7.5181E-02     3.7489E+00     NE2      3229

 BOND    =    35523.3921  ANGLE   =      268.4019  DIHED      =      907.7448
 VDWAALS =    42318.5921  EEL     =  -271776.5166  HBOND      =        0.0000
 1-4 VDW =      752.9080  1-4 EEL =     9147.7031  RESTRAINT  =      231.1819
 EAMBER  =  -182857.7746


   NSTEP       ENERGY          RMS            GMAX         NAME    NUMBER
   4400      -1.8265E+05     2.1680E-01     3.6744E+01     NE2      3229

 BOND    =    35545.6775  ANGLE   =      268.5545  DIHED      =      907.6996
 VDWAALS =    42365.6655  EEL     =  -271873.9469  HBOND      =        0.0000
 1-4 VDW =      752.9112  1-4 EEL =     9147.7285  RESTRAINT  =      231.2066
 EAMBER  =  -182885.7101


   NSTEP       ENERGY          RMS            GMAX         NAME    NUMBER
   4450      -1.8268E+05     3.0984E-01     4.4944E+01     NE2      3229

 BOND    =    35566.4289  ANGLE   =      268.7679  DIHED      =      907.6638
 VDWAALS =    42408.4701  EEL     =  -271963.8321  HBOND      =        0.0000
 1-4 VDW =      752.9197  1-4 EEL =     9147.7138  RESTRAINT  =      231.2270
 EAMBER  =  -182911.8679


   NSTEP       ENERGY          RMS            GMAX         NAME    NUMBER
   4500      -1.8271E+05     1.7481E-01     2.8965E+01     NE2      3229

 BOND    =    35584.6019  ANGLE   =      268.6165  DIHED      =      907.6397
 VDWAALS =    42448.9451  EEL     =  -272049.8172  HBOND      =        0.0000
 1-4 VDW =      752.9012  1-4 EEL =     9147.5671  RESTRAINT  =      231.2441
 EAMBER  =  -182939.5456


   NSTEP       ENERGY          RMS            GMAX         NAME    NUMBER
   4550      -1.8273E+05     2.6556E-01     3.9203E+01     NE2      3229

 BOND    =    35603.9316  ANGLE   =      268.6795  DIHED      =      907.6181
 VDWAALS =    42487.8705  EEL     =  -272132.5957  HBOND      =        0.0000
 1-4 VDW =      752.8865  1-4 EEL =     9147.5258  RESTRAINT  =      231.2663
 EAMBER  =  -182964.0837


   NSTEP       ENERGY          RMS            GMAX         NAME    NUMBER
   4600      -1.8276E+05     1.1190E-01     1.6391E+01     NE2      3229

 BOND    =    35621.0829  ANGLE   =      268.4484  DIHED      =      907.5933
 VDWAALS =    42525.7229  EEL     =  -272213.2979  HBOND      =        0.0000
 1-4 VDW =      752.8951  1-4 EEL =     9147.5893  RESTRAINT  =      231.2826
 EAMBER  =  -182989.9661


   NSTEP       ENERGY          RMS            GMAX         NAME    NUMBER
   4650      -1.8278E+05     2.1147E-01     3.4720E+01     NE2      3229

 BOND    =    35639.4533  ANGLE   =      268.5142  DIHED      =      907.5754
 VDWAALS =    42562.0041  EEL     =  -272291.8591  HBOND      =        0.0000
 1-4 VDW =      752.8845  1-4 EEL =     9147.5917  RESTRAINT  =      231.3119
 EAMBER  =  -183013.8360


   NSTEP       ENERGY          RMS            GMAX         NAME    NUMBER
   4700      -1.8281E+05     7.4449E-02     5.5870E+00     NE2      3229

 BOND    =    35656.0000  ANGLE   =      268.4844  DIHED      =      907.5624
 VDWAALS =    42596.6971  EEL     =  -272368.4188  HBOND      =        0.0000
 1-4 VDW =      752.8745  1-4 EEL =     9147.4878  RESTRAINT  =      231.3483
 EAMBER  =  -183039.3127


   NSTEP       ENERGY          RMS            GMAX         NAME    NUMBER
   4750      -1.8283E+05     1.9371E-01     3.3789E+01     NE2      3229

 BOND    =    35674.2590  ANGLE   =      268.7199  DIHED      =      907.5525
 VDWAALS =    42631.1537  EEL     =  -272446.3517  HBOND      =        0.0000
 1-4 VDW =      752.8600  1-4 EEL =     9147.4031  RESTRAINT  =      231.4005
 EAMBER  =  -183064.4035


   NSTEP       ENERGY          RMS            GMAX         NAME    NUMBER
   4800      -1.8286E+05     3.1365E-01     6.0004E+01     CD        665

 BOND    =    35692.4006  ANGLE   =      268.9435  DIHED      =      907.5414
 VDWAALS =    42663.8623  EEL     =  -272522.0498  HBOND      =        0.0000
 1-4 VDW =      752.8628  1-4 EEL =     9147.3683  RESTRAINT  =      231.4625
 EAMBER  =  -183089.0709


   NSTEP       ENERGY          RMS            GMAX         NAME    NUMBER
   4850      -1.8289E+05     1.1075E-01     1.4879E+01     NE2      3229

 BOND    =    35708.2743  ANGLE   =      268.5524  DIHED      =      907.5350
 VDWAALS =    42695.2423  EEL     =  -272596.8242  HBOND      =        0.0000
 1-4 VDW =      752.8328  1-4 EEL =     9147.3954  RESTRAINT  =      231.5295
 EAMBER  =  -183116.9922


   NSTEP       ENERGY          RMS            GMAX         NAME    NUMBER
   4900      -1.8291E+05     2.2216E-01     3.7161E+01     NE2      3229

 BOND    =    35726.1794  ANGLE   =      268.7285  DIHED      =      907.5304
 VDWAALS =    42726.4256  EEL     =  -272672.4398  HBOND      =        0.0000
 1-4 VDW =      752.8154  1-4 EEL =     9147.3758  RESTRAINT  =      231.6211
 EAMBER  =  -183143.3846


   NSTEP       ENERGY          RMS            GMAX         NAME    NUMBER
   4950      -1.8294E+05     7.8403E-02     6.0798E+00     NE2      3229

 BOND    =    35741.7047  ANGLE   =      268.6307  DIHED      =      907.5313
 VDWAALS =    42755.9016  EEL     =  -272744.7290  HBOND      =        0.0000
 1-4 VDW =      752.7823  1-4 EEL =     9147.2411  RESTRAINT  =      231.7221
 EAMBER  =  -183170.9373


   NSTEP       ENERGY          RMS            GMAX         NAME    NUMBER
   5000      -1.8297E+05     1.9466E-01     3.1215E+01     NE2      3229

 BOND    =    35759.1607  ANGLE   =      268.8990  DIHED      =      907.5324
 VDWAALS =    42786.6108  EEL     =  -272820.5824  HBOND      =        0.0000
 1-4 VDW =      752.7551  1-4 EEL =     9147.1212  RESTRAINT  =      231.8448
 EAMBER  =  -183198.5032


   NSTEP       ENERGY          RMS            GMAX         NAME    NUMBER
   5050      -1.8319E+05     5.1950E-01     3.9025E+01     H2      17507

 BOND    =    35987.1859  ANGLE   =      269.3119  DIHED      =      907.6025
 VDWAALS =    43106.6746  EEL     =  -273592.8197  HBOND      =        0.0000
 1-4 VDW =      752.4689  1-4 EEL =     9147.1457  RESTRAINT  =      232.6039
 EAMBER  =  -183422.4302


   NSTEP       ENERGY          RMS            GMAX         NAME    NUMBER
   5100      -1.8329E+05     3.5332E-01     1.9149E+01     CD2      3231

 BOND    =    35992.1164  ANGLE   =      270.5337  DIHED      =      908.6078
 VDWAALS =    43251.8910  EEL     =  -273844.3392  HBOND      =        0.0000
 1-4 VDW =      752.3127  1-4 EEL =     9147.4186  RESTRAINT  =      232.8017
 EAMBER  =  -183521.4590


   NSTEP       ENERGY          RMS            GMAX         NAME    NUMBER
   5150      -1.8337E+05     2.5934E-01     1.6035E+01     C        2605

 BOND    =    36043.9449  ANGLE   =      270.1764  DIHED      =      908.5261
 VDWAALS =    43347.9765  EEL     =  -274075.2947  HBOND      =        0.0000
 1-4 VDW =      752.4160  1-4 EEL =     9146.8156  RESTRAINT  =      232.7523
 EAMBER  =  -183605.4392


   NSTEP       ENERGY          RMS            GMAX         NAME    NUMBER
   5200      -1.8344E+05     2.5342E-01     1.7842E+01     CA       2650

 BOND    =    36082.5602  ANGLE   =      269.9862  DIHED      =      908.3119
 VDWAALS =    43424.1334  EEL     =  -274256.2729  HBOND      =        0.0000
 1-4 VDW =      752.3433  1-4 EEL =     9146.9580  RESTRAINT  =      232.7717
 EAMBER  =  -183671.9798


   NSTEP       ENERGY          RMS            GMAX         NAME    NUMBER
   5250      -1.8350E+05     2.2103E-01     1.0613E+01     CB       2663

 BOND    =    36125.3836  ANGLE   =      269.1190  DIHED      =      908.1244
 VDWAALS =    43493.7051  EEL     =  -274424.3973  HBOND      =        0.0000
 1-4 VDW =      752.3083  1-4 EEL =     9146.8895  RESTRAINT  =      232.7571
 EAMBER  =  -183728.8673


   NSTEP       ENERGY          RMS            GMAX         NAME    NUMBER
   5300      -1.8355E+05     2.2319E-01     9.4634E+00     O       17501

 BOND    =    36164.7006  ANGLE   =      269.1955  DIHED      =      908.1441
 VDWAALS =    43569.2441  EEL     =  -274597.1797  HBOND      =        0.0000
 1-4 VDW =      752.1726  1-4 EEL =     9146.9086  RESTRAINT  =      232.7132
 EAMBER  =  -183786.8141


   NSTEP       ENERGY          RMS            GMAX         NAME    NUMBER
   5350      -1.8363E+05     2.1134E-01     1.0904E+01     O       15077

 BOND    =    36217.5759  ANGLE   =      269.2761  DIHED      =      908.1619
 VDWAALS =    43675.0504  EEL     =  -274828.2451  HBOND      =        0.0000
 1-4 VDW =      752.1158  1-4 EEL =     9146.8648  RESTRAINT  =      232.6476
 EAMBER  =  -183859.2002


   NSTEP       ENERGY          RMS            GMAX         NAME    NUMBER
   5400      -1.8371E+05     1.4876E-01     1.0051E+01     CD        665

 BOND    =    36272.1886  ANGLE   =      269.2340  DIHED      =      908.2143
 VDWAALS =    43799.6891  EEL     =  -275093.2482  HBOND      =        0.0000
 1-4 VDW =      752.0748  1-4 EEL =     9146.8037  RESTRAINT  =      232.6197
 EAMBER  =  -183945.0437


   NSTEP       ENERGY          RMS            GMAX         NAME    NUMBER
   5450      -1.8381E+05     1.2477E-01     7.4226E+00     CE1      3227

 BOND    =    36342.7863  ANGLE   =      269.2761  DIHED      =      908.4672
 VDWAALS =    43925.2468  EEL     =  -275387.8525  HBOND      =        0.0000
 1-4 VDW =      752.0441  1-4 EEL =     9146.9266  RESTRAINT  =      232.6491
 EAMBER  =  -184043.1054


   NSTEP       ENERGY          RMS            GMAX         NAME    NUMBER
   5500      -1.8387E+05     1.4308E-01     7.4221E+00     CD2      3231

 BOND    =    36379.9076  ANGLE   =      269.2965  DIHED      =      908.6435
 VDWAALS =    44009.4801  EEL     =  -275573.0817  HBOND      =        0.0000
 1-4 VDW =      752.0886  1-4 EEL =     9146.9871  RESTRAINT  =      232.5021
 EAMBER  =  -184106.6781


   NSTEP       ENERGY          RMS            GMAX         NAME    NUMBER
   5550      -1.8393E+05     1.5625E-01     1.0503E+01     O       17501

 BOND    =    36417.5436  ANGLE   =      269.3152  DIHED      =      908.7421
 VDWAALS =    44084.5315  EEL     =  -275743.6628  HBOND      =        0.0000
 1-4 VDW =      752.1352  1-4 EEL =     9147.1274  RESTRAINT  =      232.0534
 EAMBER  =  -184164.2677


   NSTEP       ENERGY          RMS            GMAX         NAME    NUMBER
   5600      -1.8398E+05     2.1449E-01     1.1381E+01     CD2      3231

 BOND    =    36473.8503  ANGLE   =      269.3852  DIHED      =      908.8010
 VDWAALS =    44151.8119  EEL     =  -275912.8725  HBOND      =        0.0000
 1-4 VDW =      752.2298  1-4 EEL =     9146.9123  RESTRAINT  =      231.3382
 EAMBER  =  -184209.8820


   NSTEP       ENERGY          RMS            GMAX         NAME    NUMBER
   5650      -1.8403E+05     1.8554E-01     1.3708E+01     CE1      3227

 BOND    =    36481.7874  ANGLE   =      269.2141  DIHED      =      908.7192
 VDWAALS =    44218.6236  EEL     =  -276033.7324  HBOND      =        0.0000
 1-4 VDW =      752.2225  1-4 EEL =     9147.0125  RESTRAINT  =      230.9095
 EAMBER  =  -184256.1530


   NSTEP       ENERGY          RMS            GMAX         NAME    NUMBER
   5700      -1.8407E+05     1.9549E-01     7.8123E+00     CE1      3227

 BOND    =    36509.3876  ANGLE   =      269.1055  DIHED      =      908.6397
 VDWAALS =    44273.4728  EEL     =  -276159.9396  HBOND      =        0.0000
 1-4 VDW =      752.2850  1-4 EEL =     9147.0656  RESTRAINT  =      230.8217
 EAMBER  =  -184299.9833


   NSTEP       ENERGY          RMS            GMAX         NAME    NUMBER
   5750      -1.8412E+05     1.8534E-01     9.9906E+00     CE1      3227

 BOND    =    36561.4920  ANGLE   =      269.1012  DIHED      =      908.7071
 VDWAALS =    44333.7273  EEL     =  -276318.8078  HBOND      =        0.0000
 1-4 VDW =      752.3338  1-4 EEL =     9147.1716  RESTRAINT  =      230.5637
 EAMBER  =  -184346.2747


   NSTEP       ENERGY          RMS            GMAX         NAME    NUMBER
   5800      -1.8416E+05     1.5644E-01     7.2939E+00     O       17285

 BOND    =    36573.6564  ANGLE   =      268.9873  DIHED      =      908.8074
 VDWAALS =    44388.3357  EEL     =  -276424.3845  HBOND      =        0.0000
 1-4 VDW =      752.3603  1-4 EEL =     9147.4464  RESTRAINT  =      229.6284
 EAMBER  =  -184384.7910


   NSTEP       ENERGY          RMS            GMAX         NAME    NUMBER
   5850      -1.8420E+05     1.4494E-01     6.3415E+00     O       17501

 BOND    =    36593.9352  ANGLE   =      268.9657  DIHED      =      908.9178
 VDWAALS =    44450.0109  EEL     =  -276549.7958  HBOND      =        0.0000
 1-4 VDW =      752.3401  1-4 EEL =     9147.4924  RESTRAINT  =      228.9185
 EAMBER  =  -184428.1338


   NSTEP       ENERGY          RMS            GMAX         NAME    NUMBER
   5900      -1.8424E+05     2.6655E-01     1.6351E+01     CG       3225

 BOND    =    36640.8899  ANGLE   =      269.0565  DIHED      =      908.9905
 VDWAALS =    44519.8582  EEL     =  -276708.6477  HBOND      =        0.0000
 1-4 VDW =      752.2876  1-4 EEL =     9147.6229  RESTRAINT  =      228.3896
 EAMBER  =  -184469.9421


   NSTEP       ENERGY          RMS            GMAX         NAME    NUMBER
   5950      -1.8430E+05     2.7601E-01     1.6496E+01     C        1859

 BOND    =    36677.0417  ANGLE   =      268.9389  DIHED      =      909.0497
 VDWAALS =    44602.0707  EEL     =  -276883.5173  HBOND      =        0.0000
 1-4 VDW =      752.3369  1-4 EEL =     9147.6472  RESTRAINT  =      227.7764
 EAMBER  =  -184526.4323


   NSTEP       ENERGY          RMS            GMAX         NAME    NUMBER
   6000      -1.8435E+05     2.6724E-01     1.4494E+01     CE1      3227

 BOND    =    36716.3179  ANGLE   =      268.7741  DIHED      =      908.9801
 VDWAALS =    44689.4631  EEL     =  -277063.6842  HBOND      =        0.0000
 1-4 VDW =      752.3741  1-4 EEL =     9147.4076  RESTRAINT  =      227.2920
 EAMBER  =  -184580.3673


   NSTEP       ENERGY          RMS            GMAX         NAME    NUMBER
   6050      -1.8441E+05     2.9209E-01     1.5431E+01     CE1      3227

 BOND    =    36767.2237  ANGLE   =      268.7893  DIHED      =      908.9514
 VDWAALS =    44777.1328  EEL     =  -277259.0523  HBOND      =        0.0000
 1-4 VDW =      752.3334  1-4 EEL =     9147.1541  RESTRAINT  =      227.0153
 EAMBER  =  -184637.4676


   NSTEP       ENERGY          RMS            GMAX         NAME    NUMBER
   6100      -1.8446E+05     2.8416E-01     1.4958E+01     O       17285

 BOND    =    36806.5018  ANGLE   =      268.7343  DIHED      =      908.9882
 VDWAALS =    44841.3004  EEL     =  -277409.0379  HBOND      =        0.0000
 1-4 VDW =      752.2770  1-4 EEL =     9146.8521  RESTRAINT  =      226.9522
 EAMBER  =  -184684.3841


   NSTEP       ENERGY          RMS            GMAX         NAME    NUMBER
   6150      -1.8450E+05     2.2433E-01     1.0618E+01     O       17285

 BOND    =    36824.8010  ANGLE   =      268.6101  DIHED      =      908.9390
 VDWAALS =    44900.3227  EEL     =  -277529.4669  HBOND      =        0.0000
 1-4 VDW =      752.2937  1-4 EEL =     9146.4409  RESTRAINT  =      226.9896
 EAMBER  =  -184728.0595


   NSTEP       ENERGY          RMS            GMAX         NAME    NUMBER
   6200      -1.8453E+05     1.6600E-01     9.7068E+00     CB       2652

 BOND    =    36843.3610  ANGLE   =      268.6033  DIHED      =      908.9087
 VDWAALS =    44940.6849  EEL     =  -277621.4223  HBOND      =        0.0000
 1-4 VDW =      752.2758  1-4 EEL =     9146.3121  RESTRAINT  =      227.0275
 EAMBER  =  -184761.2765


   NSTEP       ENERGY          RMS            GMAX         NAME    NUMBER
   6250      -1.8456E+05     1.3394E-01     8.3691E+00     O       27657

 BOND    =    36861.8424  ANGLE   =      268.5712  DIHED      =      908.8520
 VDWAALS =    44983.8710  EEL     =  -277712.2937  HBOND      =        0.0000
 1-4 VDW =      752.2812  1-4 EEL =     9146.3573  RESTRAINT  =      227.0579
 EAMBER  =  -184790.5185


   NSTEP       ENERGY          RMS            GMAX         NAME    NUMBER
   6300      -1.8459E+05     1.5271E-01     9.8293E+00     CD        665

 BOND    =    36879.0381  ANGLE   =      268.5637  DIHED      =      908.8261
 VDWAALS =    45031.9208  EEL     =  -277803.3128  HBOND      =        0.0000
 1-4 VDW =      752.3255  1-4 EEL =     9146.4215  RESTRAINT  =      227.1038
 EAMBER  =  -184816.2171


   NSTEP       ENERGY          RMS            GMAX         NAME    NUMBER
   6350      -1.8461E+05     1.9337E-01     1.6639E+01     CD        665

 BOND    =    36906.3349  ANGLE   =      268.5641  DIHED      =      908.7992
 VDWAALS =    45080.4988  EEL     =  -277902.8545  HBOND      =        0.0000
 1-4 VDW =      752.2951  1-4 EEL =     9146.3954  RESTRAINT  =      227.1640
 EAMBER  =  -184839.9669


   NSTEP       ENERGY          RMS            GMAX         NAME    NUMBER
   6400      -1.8464E+05     2.0685E-01     1.4843E+01     O       27657

 BOND    =    36936.1152  ANGLE   =      268.5791  DIHED      =      908.7755
 VDWAALS =    45128.4527  EEL     =  -278008.2053  HBOND      =        0.0000
 1-4 VDW =      752.2916  1-4 EEL =     9146.3768  RESTRAINT  =      227.2200
 EAMBER  =  -184867.6143


   NSTEP       ENERGY          RMS            GMAX         NAME    NUMBER
   6450      -1.8467E+05     2.3281E-01     1.3141E+01     H1      17286

 BOND    =    36960.1662  ANGLE   =      268.6320  DIHED      =      908.7692
 VDWAALS =    45175.8282  EEL     =  -278110.3597  HBOND      =        0.0000
 1-4 VDW =      752.2598  1-4 EEL =     9146.5155  RESTRAINT  =      227.2704
 EAMBER  =  -184898.1889


   NSTEP       ENERGY          RMS            GMAX         NAME    NUMBER
   6500      -1.8470E+05     1.5989E-01     1.1256E+01     H1      17286

 BOND    =    36971.4940  ANGLE   =      268.4562  DIHED      =      908.7572
 VDWAALS =    45215.4284  EEL     =  -278191.8163  HBOND      =        0.0000
 1-4 VDW =      752.2748  1-4 EEL =     9146.4417  RESTRAINT  =      227.3072
 EAMBER  =  -184928.9640


   NSTEP       ENERGY          RMS            GMAX         NAME    NUMBER
   6550      -1.8473E+05     1.3158E-01     1.3343E+01     CG       1338

 BOND    =    36970.5345  ANGLE   =      268.7379  DIHED      =      908.7038
 VDWAALS =    45251.8600  EEL     =  -278257.1348  HBOND      =        0.0000
 1-4 VDW =      752.3298  1-4 EEL =     9146.3772  RESTRAINT  =      227.3505
 EAMBER  =  -184958.5916


   NSTEP       ENERGY          RMS            GMAX         NAME    NUMBER
   6600      -1.8476E+05     1.0275E-01     9.0106E+00     CG       1338

 BOND    =    36992.5283  ANGLE   =      268.7023  DIHED      =      908.7212
 VDWAALS =    45296.4705  EEL     =  -278355.6673  HBOND      =        0.0000
 1-4 VDW =      752.3262  1-4 EEL =     9146.3946  RESTRAINT  =      227.4207
 EAMBER  =  -184990.5242


   NSTEP       ENERGY          RMS            GMAX         NAME    NUMBER
   6650      -1.8479E+05     9.9424E-02     4.3098E+00     CG        662

 BOND    =    37014.1686  ANGLE   =      268.6970  DIHED      =      908.7183
 VDWAALS =    45343.0771  EEL     =  -278452.0072  HBOND      =        0.0000
 1-4 VDW =      752.3329  1-4 EEL =     9146.4141  RESTRAINT  =      227.5195
 EAMBER  =  -185018.5993


   NSTEP       ENERGY          RMS            GMAX         NAME    NUMBER
   6700      -1.8482E+05     1.1194E-01     7.3432E+00     CG       1338

 BOND    =    37035.0249  ANGLE   =      268.6925  DIHED      =      908.7323
 VDWAALS =    45387.7848  EEL     =  -278545.5017  HBOND      =        0.0000
 1-4 VDW =      752.3228  1-4 EEL =     9146.3702  RESTRAINT  =      227.6368
 EAMBER  =  -185046.5742


   NSTEP       ENERGY          RMS            GMAX         NAME    NUMBER
   6750      -1.8484E+05     9.8076E-02     1.0694E+01     CG       1338

 BOND    =    37053.5978  ANGLE   =      268.5892  DIHED      =      908.7170
 VDWAALS =    45426.4483  EEL     =  -278627.9869  HBOND      =        0.0000
 1-4 VDW =      752.2835  1-4 EEL =     9146.2217  RESTRAINT  =      227.7467
 EAMBER  =  -185072.1294


   NSTEP       ENERGY          RMS            GMAX         NAME    NUMBER
   6800      -1.8487E+05     9.1514E-02     3.9881E+00     H2      42027

 BOND    =    37071.2620  ANGLE   =      268.6622  DIHED      =      908.7449
 VDWAALS =    45466.1418  EEL     =  -278711.5824  HBOND      =        0.0000
 1-4 VDW =      752.2318  1-4 EEL =     9146.0449  RESTRAINT  =      227.8492
 EAMBER  =  -185098.4948


   NSTEP       ENERGY          RMS            GMAX         NAME    NUMBER
   6850      -1.8492E+05     1.4723E-01     1.1102E+01     CG       1338

 BOND    =    37109.3506  ANGLE   =      269.0159  DIHED      =      908.9391
 VDWAALS =    45543.1404  EEL     =  -278880.1995  HBOND      =        0.0000
 1-4 VDW =      752.1918  1-4 EEL =     9145.8248  RESTRAINT  =      227.8994
 EAMBER  =  -185151.7369


   NSTEP       ENERGY          RMS            GMAX         NAME    NUMBER
   6900      -1.8496E+05     1.0816E-01     5.3976E+00     CD        665

 BOND    =    37129.9902  ANGLE   =      268.8765  DIHED      =      908.9669
 VDWAALS =    45592.1759  EEL     =  -278983.9909  HBOND      =        0.0000
 1-4 VDW =      752.2008  1-4 EEL =     9145.7755  RESTRAINT  =      227.7787
 EAMBER  =  -185186.0052


   NSTEP       ENERGY          RMS            GMAX         NAME    NUMBER
   6950      -1.8499E+05     1.2205E-01     7.1651E+00     CG       1338

 BOND    =    37152.7167  ANGLE   =      268.9288  DIHED      =      909.0234
 VDWAALS =    45632.6398  EEL     =  -279076.2316  HBOND      =        0.0000
 1-4 VDW =      752.2057  1-4 EEL =     9145.6387  RESTRAINT  =      227.6999
 EAMBER  =  -185215.0784


   NSTEP       ENERGY          RMS            GMAX         NAME    NUMBER
   7000      -1.8501E+05     1.3101E-01     1.0890E+01     CD        665

 BOND    =    37166.6606  ANGLE   =      268.8439  DIHED      =      909.0437
 VDWAALS =    45669.7815  EEL     =  -279152.8556  HBOND      =        0.0000
 1-4 VDW =      752.1992  1-4 EEL =     9145.6074  RESTRAINT  =      227.6089
 EAMBER  =  -185240.7194


   NSTEP       ENERGY          RMS            GMAX         NAME    NUMBER
   7050      -1.8504E+05     1.0875E-01     5.2667E+00     CB       2652

 BOND    =    37189.7687  ANGLE   =      268.7838  DIHED      =      909.0687
 VDWAALS =    45707.2966  EEL     =  -279244.4951  HBOND      =        0.0000
 1-4 VDW =      752.2219  1-4 EEL =     9145.5370  RESTRAINT  =      227.5027
 EAMBER  =  -185271.8184


   NSTEP       ENERGY          RMS            GMAX         NAME    NUMBER
   7100      -1.8507E+05     1.2815E-01     7.6321E+00     CD        665

 BOND    =    37209.8024  ANGLE   =      268.7840  DIHED      =      909.1286
 VDWAALS =    45749.7414  EEL     =  -279335.2163  HBOND      =        0.0000
 1-4 VDW =      752.2429  1-4 EEL =     9145.4001  RESTRAINT  =      227.3914
 EAMBER  =  -185300.1170


   NSTEP       ENERGY          RMS            GMAX         NAME    NUMBER
   7150      -1.8511E+05     1.0529E-01     6.8734E+00     CD        665

 BOND    =    37234.0941  ANGLE   =      268.6134  DIHED      =      909.1001
 VDWAALS =    45799.2871  EEL     =  -279441.8454  HBOND      =        0.0000
 1-4 VDW =      752.2733  1-4 EEL =     9145.3097  RESTRAINT  =      227.2460
 EAMBER  =  -185333.1678


   NSTEP       ENERGY          RMS            GMAX         NAME    NUMBER
   7200      -1.8515E+05     8.8888E-02     1.0968E+01     CD        665

 BOND    =    37273.7743  ANGLE   =      268.4411  DIHED      =      909.0780
 VDWAALS =    45878.8218  EEL     =  -279606.4536  HBOND      =        0.0000
 1-4 VDW =      752.3891  1-4 EEL =     9145.3492  RESTRAINT  =      226.9339
 EAMBER  =  -185378.6001


   NSTEP       ENERGY          RMS            GMAX         NAME    NUMBER
   7250      -1.8518E+05     2.0105E-01     1.6393E+01     O       28109

 BOND    =    37299.2151  ANGLE   =      268.5995  DIHED      =      909.2671
 VDWAALS =    45922.5507  EEL     =  -279707.9682  HBOND      =        0.0000
 1-4 VDW =      752.4480  1-4 EEL =     9145.2118  RESTRAINT  =      226.8718
 EAMBER  =  -185410.6758


   NSTEP       ENERGY          RMS            GMAX         NAME    NUMBER
   7300      -1.8521E+05     1.1869E-01     8.8297E+00     O       28109

 BOND    =    37314.1971  ANGLE   =      268.5569  DIHED      =      909.2425
 VDWAALS =    45951.5380  EEL     =  -279776.6734  HBOND      =        0.0000
 1-4 VDW =      752.4502  1-4 EEL =     9145.1905  RESTRAINT  =      226.8412
 EAMBER  =  -185435.4982


   NSTEP       ENERGY          RMS            GMAX         NAME    NUMBER
   7350      -1.8524E+05     1.1487E-01     5.8430E+00     CB       2652

 BOND    =    37329.1583  ANGLE   =      268.4854  DIHED      =      909.2435
 VDWAALS =    45984.7840  EEL     =  -279851.6614  HBOND      =        0.0000
 1-4 VDW =      752.4777  1-4 EEL =     9145.1164  RESTRAINT  =      226.7848
 EAMBER  =  -185462.3960


   NSTEP       ENERGY          RMS            GMAX         NAME    NUMBER
   7400      -1.8526E+05     9.0620E-02     9.5728E+00     CD        665

 BOND    =    37349.9381  ANGLE   =      268.3792  DIHED      =      909.2590
 VDWAALS =    46024.0313  EEL     =  -279939.8730  HBOND      =        0.0000
 1-4 VDW =      752.5235  1-4 EEL =     9145.0340  RESTRAINT  =      226.7340
 EAMBER  =  -185490.7079


   NSTEP       ENERGY          RMS            GMAX         NAME    NUMBER
   7450      -1.8529E+05     8.9840E-02     5.5493E+00     O       28209

 BOND    =    37364.8417  ANGLE   =      268.3881  DIHED      =      909.2944
 VDWAALS =    46057.8600  EEL     =  -280013.3363  HBOND      =        0.0000
 1-4 VDW =      752.5489  1-4 EEL =     9144.9996  RESTRAINT  =      226.6668
 EAMBER  =  -185515.4035


   NSTEP       ENERGY          RMS            GMAX         NAME    NUMBER
   7500      -1.8531E+05     9.3086E-02     4.5969E+00     O       28209

 BOND    =    37381.6209  ANGLE   =      268.5139  DIHED      =      909.4032
 VDWAALS =    46082.1675  EEL     =  -280074.8676  HBOND      =        0.0000
 1-4 VDW =      752.5796  1-4 EEL =     9144.9686  RESTRAINT  =      226.6117
 EAMBER  =  -185535.6139


   NSTEP       ENERGY          RMS            GMAX         NAME    NUMBER
   7550      -1.8533E+05     9.2986E-02     5.4537E+00     CA        631

 BOND    =    37398.1258  ANGLE   =      268.4562  DIHED      =      909.4072
 VDWAALS =    46117.1427  EEL     =  -280148.8382  HBOND      =        0.0000
 1-4 VDW =      752.5947  1-4 EEL =     9144.9564  RESTRAINT  =      226.5476
 EAMBER  =  -185558.1552


   NSTEP       ENERGY          RMS            GMAX         NAME    NUMBER
   7600      -1.8535E+05     9.0617E-02     5.6402E+00     O       28209

 BOND    =    37415.4355  ANGLE   =      268.3998  DIHED      =      909.4494
 VDWAALS =    46151.9977  EEL     =  -280221.4246  HBOND      =        0.0000
 1-4 VDW =      752.6027  1-4 EEL =     9144.8556  RESTRAINT  =      226.4859
 EAMBER  =  -185578.6838


   NSTEP       ENERGY          RMS            GMAX         NAME    NUMBER
   7650      -1.8537E+05     1.1060E-01     8.6438E+00     O       28209

 BOND    =    37427.9744  ANGLE   =      268.3552  DIHED      =      909.4759
 VDWAALS =    46186.2316  EEL     =  -280290.4983  HBOND      =        0.0000
 1-4 VDW =      752.6203  1-4 EEL =     9144.8659  RESTRAINT  =      226.4167
 EAMBER  =  -185600.9750


   NSTEP       ENERGY          RMS            GMAX         NAME    NUMBER
   7700      -1.8540E+05     1.2434E-01     5.7104E+00     O       28209

 BOND    =    37444.1050  ANGLE   =      268.4782  DIHED      =      909.5781
 VDWAALS =    46218.2700  EEL     =  -280359.8532  HBOND      =        0.0000
 1-4 VDW =      752.6209  1-4 EEL =     9144.7805  RESTRAINT  =      226.3638
 EAMBER  =  -185622.0204


   NSTEP       ENERGY          RMS            GMAX         NAME    NUMBER
   7750      -1.8542E+05     1.3864E-01     6.9393E+00     CB       1854

 BOND    =    37466.2457  ANGLE   =      268.5308  DIHED      =      909.6171
 VDWAALS =    46241.7990  EEL     =  -280426.4973  HBOND      =        0.0000
 1-4 VDW =      752.6428  1-4 EEL =     9144.7419  RESTRAINT  =      226.3325
 EAMBER  =  -185642.9200


   NSTEP       ENERGY          RMS            GMAX         NAME    NUMBER
   7800      -1.8544E+05     1.5489E-01     8.8936E+00     CD        665

 BOND    =    37463.6708  ANGLE   =      268.6322  DIHED      =      909.7353
 VDWAALS =    46270.3203  EEL     =  -280473.9063  HBOND      =        0.0000
 1-4 VDW =      752.6773  1-4 EEL =     9144.6782  RESTRAINT  =      226.3169
 EAMBER  =  -185664.1921


   NSTEP       ENERGY          RMS            GMAX         NAME    NUMBER
   7850      -1.8546E+05     1.4632E-01     1.1404E+01     CG       1338

 BOND    =    37461.5614  ANGLE   =      268.6135  DIHED      =      909.7705
 VDWAALS =    46296.2343  EEL     =  -280515.4371  HBOND      =        0.0000
 1-4 VDW =      752.7387  1-4 EEL =     9144.7007  RESTRAINT  =      226.3117
 EAMBER  =  -185681.8179


   NSTEP       ENERGY          RMS            GMAX         NAME    NUMBER
   7900      -1.8547E+05     1.3474E-01     6.6917E+00     CB       1854

 BOND    =    37492.7769  ANGLE   =      268.6634  DIHED      =      909.8554
 VDWAALS =    46323.5210  EEL     =  -280591.1676  HBOND      =        0.0000
 1-4 VDW =      752.7516  1-4 EEL =     9144.6991  RESTRAINT  =      226.3113
 EAMBER  =  -185698.9003


   NSTEP       ENERGY          RMS            GMAX         NAME    NUMBER
   7950      -1.8549E+05     2.1820E-01     1.2039E+01     CB       2652

 BOND    =    37508.4314  ANGLE   =      268.6790  DIHED      =      909.7804
 VDWAALS =    46355.3954  EEL     =  -280656.7585  HBOND      =        0.0000
 1-4 VDW =      752.6910  1-4 EEL =     9144.5666  RESTRAINT  =      226.3063
 EAMBER  =  -185717.2147


   NSTEP       ENERGY          RMS            GMAX         NAME    NUMBER
   8000      -1.8551E+05     1.0729E-01     6.5589E+00     O       28209

 BOND    =    37520.7533  ANGLE   =      268.5266  DIHED      =      909.8997
 VDWAALS =    46386.2807  EEL     =  -280719.5059  HBOND      =        0.0000
 1-4 VDW =      752.8431  1-4 EEL =     9144.6478  RESTRAINT  =      226.2766
 EAMBER  =  -185736.5547


   NSTEP       ENERGY          RMS            GMAX         NAME    NUMBER
   8050      -1.8553E+05     9.2595E-02     4.4440E+00     C         668

 BOND    =    37534.0229  ANGLE   =      268.4539  DIHED      =      909.9452
 VDWAALS =    46417.9797  EEL     =  -280784.6705  HBOND      =        0.0000
 1-4 VDW =      752.9057  1-4 EEL =     9144.5807  RESTRAINT  =      226.2437
 EAMBER  =  -185756.7824


   NSTEP       ENERGY          RMS            GMAX         NAME    NUMBER
   8100      -1.8557E+05     1.0067E-01     1.1776E+01     CG       1338

 BOND    =    37559.2622  ANGLE   =      268.2523  DIHED      =      909.9878
 VDWAALS =    46478.2501  EEL     =  -280905.2266  HBOND      =        0.0000
 1-4 VDW =      752.9242  1-4 EEL =     9144.5923  RESTRAINT  =      226.2604
 EAMBER  =  -185791.9576


   NSTEP       ENERGY          RMS            GMAX         NAME    NUMBER
   8150      -1.8561E+05     1.1540E-01     7.3531E+00     CG       1338

 BOND    =    37587.9715  ANGLE   =      268.4440  DIHED      =      910.2368
 VDWAALS =    46562.5563  EEL     =  -281060.0401  HBOND      =        0.0000
 1-4 VDW =      752.9806  1-4 EEL =     9144.5412  RESTRAINT  =      226.2375
 EAMBER  =  -185833.3097


   NSTEP       ENERGY          RMS            GMAX         NAME    NUMBER
   8200      -1.8563E+05     7.5979E-02     6.6620E+00     CG       1338

 BOND    =    37610.0531  ANGLE   =      268.3914  DIHED      =      910.2517
 VDWAALS =    46598.9794  EEL     =  -281137.0765  HBOND      =        0.0000
 1-4 VDW =      753.0125  1-4 EEL =     9144.6708  RESTRAINT  =      226.1565
 EAMBER  =  -185851.7176


   NSTEP       ENERGY          RMS            GMAX         NAME    NUMBER
   8250      -1.8564E+05     6.7921E-02     5.0148E+00     CG       1338

 BOND    =    37625.9665  ANGLE   =      268.4115  DIHED      =      910.2804
 VDWAALS =    46634.4922  EEL     =  -281206.5869  HBOND      =        0.0000
 1-4 VDW =      753.0417  1-4 EEL =     9144.7219  RESTRAINT  =      226.1501
 EAMBER  =  -185869.6726


   NSTEP       ENERGY          RMS            GMAX         NAME    NUMBER
   8300      -1.8568E+05     7.1943E-02     4.7265E+00     CD       3060

 BOND    =    37655.0541  ANGLE   =      268.2882  DIHED      =      910.3643
 VDWAALS =    46685.8519  EEL     =  -281319.6629  HBOND      =        0.0000
 1-4 VDW =      753.1540  1-4 EEL =     9144.7217  RESTRAINT  =      226.0897
 EAMBER  =  -185902.2286


   NSTEP       ENERGY          RMS            GMAX         NAME    NUMBER
   8350      -1.8570E+05     7.2158E-02     4.4970E+00     O       16277

 BOND    =    37676.7316  ANGLE   =      268.2435  DIHED      =      910.4929
 VDWAALS =    46732.5756  EEL     =  -281414.9572  HBOND      =        0.0000
 1-4 VDW =      753.1839  1-4 EEL =     9144.6095  RESTRAINT  =      226.1260
 EAMBER  =  -185929.1201


   NSTEP       ENERGY          RMS            GMAX         NAME    NUMBER
   8400      -1.8573E+05     8.1739E-02     5.0898E+00     O       16197

 BOND    =    37701.8944  ANGLE   =      268.3413  DIHED      =      910.7337
 VDWAALS =    46780.3373  EEL     =  -281516.2012  HBOND      =        0.0000
 1-4 VDW =      753.3357  1-4 EEL =     9144.3691  RESTRAINT  =      226.1980
 EAMBER  =  -185957.1896


   NSTEP       ENERGY          RMS            GMAX         NAME    NUMBER
   8450      -1.8576E+05     8.8964E-02     5.4778E+00     H2      16279

 BOND    =    37724.2684  ANGLE   =      268.3364  DIHED      =      910.7536
 VDWAALS =    46818.9122  EEL     =  -281604.2120  HBOND      =        0.0000
 1-4 VDW =      753.3029  1-4 EEL =     9144.4397  RESTRAINT  =      226.2903
 EAMBER  =  -185984.1989


   NSTEP       ENERGY          RMS            GMAX         NAME    NUMBER
   8500      -1.8578E+05     8.4793E-02     3.9195E+00     CG       1338

 BOND    =    37739.5357  ANGLE   =      268.3450  DIHED      =      910.7766
 VDWAALS =    46843.2921  EEL     =  -281663.2415  HBOND      =        0.0000
 1-4 VDW =      753.3330  1-4 EEL =     9144.5038  RESTRAINT  =      226.3584
 EAMBER  =  -186003.4553

     .... RESTARTED DUE TO LINMIN FAILURE ...


   NSTEP       ENERGY          RMS            GMAX         NAME    NUMBER
   8550      -1.8580E+05     2.3322E-01     1.2201E+01     C         668

 BOND    =    37745.7390  ANGLE   =      270.0975  DIHED      =      911.7610
 VDWAALS =    46895.3403  EEL     =  -281748.1361  HBOND      =        0.0000
 1-4 VDW =      753.5857  1-4 EEL =     9143.9094  RESTRAINT  =      226.7833
 EAMBER  =  -186027.7033


   NSTEP       ENERGY          RMS            GMAX         NAME    NUMBER
   8600      -1.8583E+05     2.0217E-01     1.3049E+01     CD       3060

 BOND    =    37787.7059  ANGLE   =      268.6754  DIHED      =      910.8606
 VDWAALS =    46938.9198  EEL     =  -281864.2477  HBOND      =        0.0000
 1-4 VDW =      753.4515  1-4 EEL =     9144.9809  RESTRAINT  =      226.3696
 EAMBER  =  -186059.6536


   NSTEP       ENERGY          RMS            GMAX         NAME    NUMBER
   8650      -1.8587E+05     1.8960E-01     1.0924E+01     O       39689

 BOND    =    37798.1056  ANGLE   =      268.9014  DIHED      =      911.0564
 VDWAALS =    46985.3791  EEL     =  -281958.3042  HBOND      =        0.0000
 1-4 VDW =      753.2670  1-4 EEL =     9144.8918  RESTRAINT  =      226.7673
 EAMBER  =  -186096.7031


   NSTEP       ENERGY          RMS            GMAX         NAME    NUMBER
   8700      -1.8589E+05     1.0465E-01     6.0196E+00     O        7177

 BOND    =    37804.4563  ANGLE   =      268.8114  DIHED      =      911.0003
 VDWAALS =    46989.7201  EEL     =  -281990.4817  HBOND      =        0.0000
 1-4 VDW =      753.2712  1-4 EEL =     9145.1276  RESTRAINT  =      226.6687
 EAMBER  =  -186118.0949


   NSTEP       ENERGY          RMS            GMAX         NAME    NUMBER
   8750      -1.8591E+05     1.6378E-01     8.5366E+00     CG        662

 BOND    =    37811.7829  ANGLE   =      269.0864  DIHED      =      911.1659
 VDWAALS =    47015.7170  EEL     =  -282044.3173  HBOND      =        0.0000
 1-4 VDW =      753.2070  1-4 EEL =     9145.3342  RESTRAINT  =      226.8427
 EAMBER  =  -186138.0238


   NSTEP       ENERGY          RMS            GMAX         NAME    NUMBER
   8800      -1.8593E+05     1.4399E-01     9.8447E+00     CD       3060

 BOND    =    37819.2619  ANGLE   =      268.9960  DIHED      =      911.2265
 VDWAALS =    47040.1825  EEL     =  -282093.4705  HBOND      =        0.0000
 1-4 VDW =      753.2643  1-4 EEL =     9145.3826  RESTRAINT  =      227.0331
 EAMBER  =  -186155.1567


   NSTEP       ENERGY          RMS            GMAX         NAME    NUMBER
   8850      -1.8594E+05     1.2446E-01     1.1987E+01     CD       3060

 BOND    =    37832.7894  ANGLE   =      269.2326  DIHED      =      911.2040
 VDWAALS =    47059.4930  EEL     =  -282141.1455  HBOND      =        0.0000
 1-4 VDW =      753.3813  1-4 EEL =     9145.1790  RESTRAINT  =      227.1156
 EAMBER  =  -186169.8662


   NSTEP       ENERGY          RMS            GMAX         NAME    NUMBER
   8900      -1.8596E+05     7.9061E-02     4.4591E+00     CA        638

 BOND    =    37843.3573  ANGLE   =      269.0884  DIHED      =      911.1200
 VDWAALS =    47079.2354  EEL     =  -282186.2832  HBOND      =        0.0000
 1-4 VDW =      753.3858  1-4 EEL =     9144.7197  RESTRAINT  =      226.9746
 EAMBER  =  -186185.3765


   NSTEP       ENERGY          RMS            GMAX         NAME    NUMBER
   8950      -1.8597E+05     7.8099E-02     2.4798E+00     H1      42506

 BOND    =    37855.0141  ANGLE   =      269.2378  DIHED      =      910.9985
 VDWAALS =    47101.3250  EEL     =  -282233.2800  HBOND      =        0.0000
 1-4 VDW =      753.3235  1-4 EEL =     9144.4884  RESTRAINT  =      226.7113
 EAMBER  =  -186198.8926


   NSTEP       ENERGY          RMS            GMAX         NAME    NUMBER
   9000      -1.8599E+05     2.8447E-01     1.9704E+01     H1      21202

 BOND    =    37868.7474  ANGLE   =      270.2901  DIHED      =      911.2594
 VDWAALS =    47163.6620  EEL     =  -282333.0268  HBOND      =        0.0000
 1-4 VDW =      753.2772  1-4 EEL =     9144.9722  RESTRAINT  =      226.6124
 EAMBER  =  -186220.8184


   NSTEP       ENERGY          RMS            GMAX         NAME    NUMBER
   9050      -1.8601E+05     1.0251E-01     7.7871E+00     CD       3060

 BOND    =    37885.4292  ANGLE   =      269.6176  DIHED      =      910.9903
 VDWAALS =    47182.0380  EEL     =  -282383.7863  HBOND      =        0.0000
 1-4 VDW =      753.2187  1-4 EEL =     9144.4540  RESTRAINT  =      226.5648
 EAMBER  =  -186238.0385

     .... RESTARTED DUE TO LINMIN FAILURE ...


   NSTEP       ENERGY          RMS            GMAX         NAME    NUMBER
   9100      -1.8602E+05     2.3566E-01     5.0801E+01     CG       1338

 BOND    =    37889.8175  ANGLE   =      269.2012  DIHED      =      910.8681
 VDWAALS =    47190.3510  EEL     =  -282400.4271  HBOND      =        0.0000
 1-4 VDW =      753.1961  1-4 EEL =     9144.2028  RESTRAINT  =      226.5676
 EAMBER  =  -186242.7904


   NSTEP       ENERGY          RMS            GMAX         NAME    NUMBER
   9150      -1.8604E+05     8.5898E-02     1.0074E+01     CG       1338

 BOND    =    37904.9692  ANGLE   =      269.3069  DIHED      =      910.9478
 VDWAALS =    47229.5906  EEL     =  -282477.3266  HBOND      =        0.0000
 1-4 VDW =      753.1729  1-4 EEL =     9144.3256  RESTRAINT  =      226.5888
 EAMBER  =  -186265.0136


   NSTEP       ENERGY          RMS            GMAX         NAME    NUMBER
   9200      -1.8608E+05     9.1208E-02     5.4725E+00     CG       1338

 BOND    =    37946.1360  ANGLE   =      269.3399  DIHED      =      911.0826
 VDWAALS =    47308.7730  EEL     =  -282643.8727  HBOND      =        0.0000
 1-4 VDW =      753.2939  1-4 EEL =     9144.1055  RESTRAINT  =      226.7280
 EAMBER  =  -186311.1417


   NSTEP       ENERGY          RMS            GMAX         NAME    NUMBER
   9250      -1.8611E+05     7.9765E-02     6.2519E+00     H2      36179

 BOND    =    37969.2054  ANGLE   =      269.6670  DIHED      =      911.0954
 VDWAALS =    47343.8188  EEL     =  -282728.3128  HBOND      =        0.0000
 1-4 VDW =      753.2902  1-4 EEL =     9144.2016  RESTRAINT  =      226.8165
 EAMBER  =  -186337.0345


   NSTEP       ENERGY          RMS            GMAX         NAME    NUMBER
   9300      -1.8613E+05     1.0164E-01     5.4073E+00     O       36245

 BOND    =    37976.5629  ANGLE   =      269.6444  DIHED      =      911.1547
 VDWAALS =    47369.4426  EEL     =  -282780.1226  HBOND      =        0.0000
 1-4 VDW =      753.3615  1-4 EEL =     9144.2165  RESTRAINT  =      226.8207
 EAMBER  =  -186355.7399


   NSTEP       ENERGY          RMS            GMAX         NAME    NUMBER
   9350      -1.8615E+05     6.5655E-02     4.2999E+00     O       36177

 BOND    =    37995.4045  ANGLE   =      269.5444  DIHED      =      911.1682
 VDWAALS =    47401.6326  EEL     =  -282852.6154  HBOND      =        0.0000
 1-4 VDW =      753.3429  1-4 EEL =     9144.3885  RESTRAINT  =      226.7894
 EAMBER  =  -186377.1343


   NSTEP       ENERGY          RMS            GMAX         NAME    NUMBER
   9400      -1.8616E+05     6.1180E-02     6.3155E+00     CG       1338

 BOND    =    38007.5886  ANGLE   =      269.5278  DIHED      =      911.1797
 VDWAALS =    47425.5433  EEL     =  -282903.0944  HBOND      =        0.0000
 1-4 VDW =      753.3512  1-4 EEL =     9144.3602  RESTRAINT  =      226.8134
 EAMBER  =  -186391.5436


   NSTEP       ENERGY          RMS            GMAX         NAME    NUMBER
   9450      -1.8618E+05     5.8306E-02     3.0625E+00     N         694

 BOND    =    38019.0065  ANGLE   =      269.6248  DIHED      =      911.2364
 VDWAALS =    47449.5569  EEL     =  -282952.2248  HBOND      =        0.0000
 1-4 VDW =      753.3728  1-4 EEL =     9144.2481  RESTRAINT  =      226.8786
 EAMBER  =  -186405.1791


   NSTEP       ENERGY          RMS            GMAX         NAME    NUMBER
   9500      -1.8619E+05     6.7027E-02     3.6522E+00     CB        674

 BOND    =    38032.6682  ANGLE   =      269.7272  DIHED      =      911.3076
 VDWAALS =    47476.2880  EEL     =  -283008.6507  HBOND      =        0.0000
 1-4 VDW =      753.4074  1-4 EEL =     9144.0202  RESTRAINT  =      226.9806
 EAMBER  =  -186421.2322


   NSTEP       ENERGY          RMS            GMAX         NAME    NUMBER
   9550      -1.8621E+05     3.5466E-02     1.1717E+00     C         692

 BOND    =    38048.0418  ANGLE   =      269.5819  DIHED      =      911.3671
 VDWAALS =    47503.4837  EEL     =  -283066.2157  HBOND      =        0.0000
 1-4 VDW =      753.4065  1-4 EEL =     9143.8420  RESTRAINT  =      227.1254
 EAMBER  =  -186436.4927


   NSTEP       ENERGY          RMS            GMAX         NAME    NUMBER
   9600      -1.8624E+05     5.6800E-02     4.6137E+00     CG       1338

 BOND    =    38081.3236  ANGLE   =      269.5413  DIHED      =      911.5779
 VDWAALS =    47565.6871  EEL     =  -283192.9832  HBOND      =        0.0000
 1-4 VDW =      753.4322  1-4 EEL =     9143.5520  RESTRAINT  =      227.3379
 EAMBER  =  -186467.8691


   NSTEP       ENERGY          RMS            GMAX         NAME    NUMBER
   9650      -1.8625E+05     6.7063E-02     2.9786E+00     N         694

 BOND    =    38089.3820  ANGLE   =      269.5168  DIHED      =      911.6970
 VDWAALS =    47586.0123  EEL     =  -283234.8326  HBOND      =        0.0000
 1-4 VDW =      753.4355  1-4 EEL =     9143.5626  RESTRAINT  =      227.1320
 EAMBER  =  -186481.2263


   NSTEP       ENERGY          RMS            GMAX         NAME    NUMBER
   9700      -1.8627E+05     5.6517E-02     4.7477E+00     CG       1338

 BOND    =    38102.8998  ANGLE   =      269.5483  DIHED      =      911.9520
 VDWAALS =    47613.0981  EEL     =  -283295.6408  HBOND      =        0.0000
 1-4 VDW =      753.4578  1-4 EEL =     9143.4073  RESTRAINT  =      226.9719
 EAMBER  =  -186501.2774


   NSTEP       ENERGY          RMS            GMAX         NAME    NUMBER
   9750      -1.8631E+05     1.0151E-01     4.5527E+00     O        9065

 BOND    =    38131.5526  ANGLE   =      269.4213  DIHED      =      912.2775
 VDWAALS =    47663.2923  EEL     =  -283406.3747  HBOND      =        0.0000
 1-4 VDW =      753.4600  1-4 EEL =     9143.3697  RESTRAINT  =      226.1923
 EAMBER  =  -186533.0013


   NSTEP       ENERGY          RMS            GMAX         NAME    NUMBER
   9800      -1.8632E+05     9.1749E-02     8.3752E+00     CG       1338

 BOND    =    38141.1431  ANGLE   =      269.3650  DIHED      =      912.2497
 VDWAALS =    47677.9486  EEL     =  -283445.5879  HBOND      =        0.0000
 1-4 VDW =      753.6303  1-4 EEL =     9143.5089  RESTRAINT  =      225.4464
 EAMBER  =  -186547.7422


   NSTEP       ENERGY          RMS            GMAX         NAME    NUMBER
   9850      -1.8633E+05     7.9739E-02     4.7003E+00     CD        665

 BOND    =    38148.9567  ANGLE   =      269.4031  DIHED      =      912.2130
 VDWAALS =    47690.0991  EEL     =  -283474.6218  HBOND      =        0.0000
 1-4 VDW =      753.7096  1-4 EEL =     9143.5236  RESTRAINT  =      225.2633
 EAMBER  =  -186556.7166


   NSTEP       ENERGY          RMS            GMAX         NAME    NUMBER
   9900      -1.8635E+05     6.3180E-02     3.1373E+00     CD2       691

 BOND    =    38168.5772  ANGLE   =      269.6909  DIHED      =      912.2757
 VDWAALS =    47725.1977  EEL     =  -283553.3391  HBOND      =        0.0000
 1-4 VDW =      753.8348  1-4 EEL =     9143.5406  RESTRAINT  =      225.3742
 EAMBER  =  -186580.2223


   NSTEP       ENERGY          RMS            GMAX         NAME    NUMBER
   9950      -1.8638E+05     6.3323E-02     2.3677E+00     O        8913

 BOND    =    38184.9160  ANGLE   =      269.2482  DIHED      =      912.3813
 VDWAALS =    47756.9626  EEL     =  -283628.3465  HBOND      =        0.0000
 1-4 VDW =      753.9750  1-4 EEL =     9143.6808  RESTRAINT  =      225.9608
 EAMBER  =  -186607.1826


   NSTEP       ENERGY          RMS            GMAX         NAME    NUMBER
  10000      -1.8640E+05     7.2759E-02     4.7127E+00     CG       1338

 BOND    =    38198.1721  ANGLE   =      269.3564  DIHED      =      912.4691
 VDWAALS =    47780.8114  EEL     =  -283683.4006  HBOND      =        0.0000
 1-4 VDW =      754.0336  1-4 EEL =     9143.5271  RESTRAINT  =      226.3565
 EAMBER  =  -186625.0308


   NSTEP       ENERGY          RMS            GMAX         NAME    NUMBER
  10050      -1.8642E+05     5.9738E-02     2.0359E+00     C        1893

 BOND    =    38210.1559  ANGLE   =      269.2302  DIHED      =      912.5710
 VDWAALS =    47808.6899  EEL     =  -283741.3923  HBOND      =        0.0000
 1-4 VDW =      754.1207  1-4 EEL =     9143.5818  RESTRAINT  =      226.8999
 EAMBER  =  -186643.0428


   NSTEP       ENERGY          RMS            GMAX         NAME    NUMBER
  10100      -1.8643E+05     5.2029E-02     1.8680E+00     CB       3405

 BOND    =    38229.7104  ANGLE   =      269.1720  DIHED      =      912.7013
 VDWAALS =    47842.4172  EEL     =  -283813.6714  HBOND      =        0.0000
 1-4 VDW =      754.2309  1-4 EEL =     9143.5003  RESTRAINT  =      227.5420
 EAMBER  =  -186661.9392


   NSTEP       ENERGY          RMS            GMAX         NAME    NUMBER
  10150      -1.8645E+05     6.4862E-02     6.4574E+00     CG       1871

 BOND    =    38247.1327  ANGLE   =      269.2412  DIHED      =      912.6934
 VDWAALS =    47885.5395  EEL     =  -283893.8404  HBOND      =        0.0000
 1-4 VDW =      754.3743  1-4 EEL =     9143.1856  RESTRAINT  =      226.9126
 EAMBER  =  -186681.6736


   NSTEP       ENERGY          RMS            GMAX         NAME    NUMBER
  10200      -1.8647E+05     7.5340E-02     3.1551E+00     C         692

 BOND    =    38265.2131  ANGLE   =      269.2815  DIHED      =      912.6889
 VDWAALS =    47924.1817  EEL     =  -283969.9677  HBOND      =        0.0000
 1-4 VDW =      754.4510  1-4 EEL =     9143.0365  RESTRAINT  =      226.6109
 EAMBER  =  -186701.1150


   NSTEP       ENERGY          RMS            GMAX         NAME    NUMBER
  10250      -1.8649E+05     1.0482E-01     9.2432E+00     CG       1871

 BOND    =    38276.3020  ANGLE   =      269.3946  DIHED      =      912.6501
 VDWAALS =    47949.2325  EEL     =  -284022.9662  HBOND      =        0.0000
 1-4 VDW =      754.5057  1-4 EEL =     9143.0043  RESTRAINT  =      226.6594
 EAMBER  =  -186717.8770


   NSTEP       ENERGY          RMS            GMAX         NAME    NUMBER
  10300      -1.8651E+05     1.7634E-01     1.3819E+01     H1      19202

 BOND    =    38289.3141  ANGLE   =      269.3519  DIHED      =      912.6588
 VDWAALS =    47974.9775  EEL     =  -284077.7590  HBOND      =        0.0000
 1-4 VDW =      754.5338  1-4 EEL =     9142.9144  RESTRAINT  =      226.6755
 EAMBER  =  -186734.0085


   NSTEP       ENERGY          RMS            GMAX         NAME    NUMBER
  10350      -1.8683E+05     1.1398E+01     2.6299E+03     H1      19106

 BOND    =    38782.2888  ANGLE   =      270.6049  DIHED      =      912.9685
 VDWAALS =    48321.1907  EEL     =  -285239.4083  HBOND      =        0.0000
 1-4 VDW =      754.6114  1-4 EEL =     9143.0714  RESTRAINT  =      226.8459
 EAMBER  =  -187054.6727


   NSTEP       ENERGY          RMS            GMAX         NAME    NUMBER
  10400      -1.9124E+05     6.6250E+00     1.4741E+03     H1      19202

 BOND    =    39243.7711  ANGLE   =      269.6646  DIHED      =      912.7604
 VDWAALS =    48218.6137  EEL     =  -290004.7270  HBOND      =        0.0000
 1-4 VDW =      754.6348  1-4 EEL =     9143.0127  RESTRAINT  =      226.8204
 EAMBER  =  -191462.2698


   NSTEP       ENERGY          RMS            GMAX         NAME    NUMBER
  10450      -1.9706E+05     6.1285E+00     1.3761E+03     O       19105

 BOND    =    39077.6169  ANGLE   =      269.5518  DIHED      =      912.7224
 VDWAALS =    48349.3798  EEL     =  -295794.1602  HBOND      =        0.0000
 1-4 VDW =      754.6296  1-4 EEL =     9143.0008  RESTRAINT  =      226.8169
 EAMBER  =  -197287.2589

     .... RESTARTED DUE TO LINMIN FAILURE ...

     .... RESTARTED DUE TO LINMIN FAILURE ...


   NSTEP       ENERGY          RMS            GMAX         NAME    NUMBER
  10500      -1.9727E+05     5.9422E+00     1.3324E+03     O       19105

 BOND    =    39078.3622  ANGLE   =      269.5512  DIHED      =      912.7223
 VDWAALS =    48344.9358  EEL     =  -295999.4902  HBOND      =        0.0000
 1-4 VDW =      754.6296  1-4 EEL =     9143.0007  RESTRAINT  =      226.8169
 EAMBER  =  -197496.2884

     .... RESTARTED DUE TO LINMIN FAILURE ...


                    FINAL RESULTS



   NSTEP       ENERGY          RMS            GMAX         NAME    NUMBER
  10542      -1.9735E+05     5.8490E+00     1.3106E+03     O       19105

 BOND    =    39078.7324  ANGLE   =      269.5510  DIHED      =      912.7223
 VDWAALS =    48342.7319  EEL     =  -296080.0447  HBOND      =        0.0000
 1-4 VDW =      754.6296  1-4 EEL =     9143.0007  RESTRAINT  =      226.8168
 EAMBER  =  -197578.6768

     ***** REPEATED LINMIN FAILURE *****
--------------------------------------------------------------------------------
   5.  TIMINGS
--------------------------------------------------------------------------------

|  NonSetup CPU Time in Major Routines:
|
|     Routine           Sec        %
|     ------------------------------
|     Nonbond          19.10   34.89
|     Bond              0.00    0.00
|     Angle             0.00    0.00
|     Dihedral          0.00    0.00
|     Shake             0.00    0.00
|     Other            35.63   65.11
|     ------------------------------
|     Total            54.73

|  PME Nonbond Pairlist CPU Time:
|
|     Routine              Sec        %
|     ---------------------------------
|     Set Up Cit           0.00    0.00
|     Build List           0.00    0.00
|     ---------------------------------
|     Total                0.00    0.00

|  PME Direct Force CPU Time:
|
|     Routine              Sec        %
|     ---------------------------------
|     NonBonded Calc       0.00    0.00
|     Exclude Masked       0.00    0.00
|     Other                0.03    0.05
|     ---------------------------------
|     Total                0.03    0.05

|  PME Reciprocal Force CPU Time:
|
|     Routine              Sec        %
|     ---------------------------------
|     1D bspline           0.00    0.00
|     Grid Charges         0.00    0.00
|     Scalar Sum           0.00    0.00
|     Gradient Sum         0.00    0.00
|     FFT                  0.00    0.00
|     ---------------------------------
|     Total                0.00    0.00

|  Setup CPU time:            2.05 seconds
|  NonSetup CPU time:        54.73 seconds
|  Total CPU time:           56.77 seconds     0.02 hours

|  Setup wall time:           2    seconds
|  NonSetup wall time:       55    seconds
|  Total wall time:          57    seconds     0.02 hours
