
          -------------------------------------------------------
          Amber 18 PMEMD                              2018
          -------------------------------------------------------

| PMEMD implementation of SANDER, Release 18

| Run on 07/02/2021 at 13:30:21

|   Executable path: pmemd.cuda
| Working directory: /home/bozhanng/Abs_MD/HEPC3-1_Fv_straight_cm_relaxed2
|          Hostname: bf21

  [-O]verwriting output

File Assignments:
|   MDIN: heat100K.in                                                           
|  MDOUT: heat100K_HEPC3-1_Fv_straight_cm_relaxed2.out                          
| INPCRD: minall_HEPC3-1_Fv_straight_cm_relaxed2.crd                            
|   PARM: HEPC3-1_Fv_straight_cm_relaxed2.parm7                                 
| RESTRT: heat100K_HEPC3-1_Fv_straight_cm_relaxed2.crd                          
|   REFC: refc                                                                  
|  MDVEL: mdvel                                                                 
|   MDEN: mden                                                                  
|  MDCRD: heat100K_HEPC3-1_Fv_straight_cm_relaxed2.nc                           
| MDINFO: mdinfo                                                                
|  MDFRC: mdfrc                                                                 


 Here is the input file:

Heating from 0 to 100 K                                                        
 &cntrl                                                                        
  imin=0,         ! Molecular dynamics                                         
  ntx=1,          ! Coordinates formatted with no initial velocities           
  irest=0,        ! No restart velocities assigned                             
  ntc=2,          ! SHAKE algorithm bonds with hydrogen                        
  ntf=2,          ! No force evaluation bonds with hydrogen                    
  tol=0.0000001,  ! SHAKE tolerance                                            
  nstlim=250000,  ! Number of MD steps                                         
  ntt=3,          ! Langevin dynamics                                          
  gamma_ln=5.0,   ! Collision frequency Langevin dynamics                      
  ig=-1,          ! Random seed Langevin dynamics                              
  ntpr=2500,                                                                   
  ntwr=2500,                                                                   
  ntwx=2500,      ! Write to trajectory file every ntwx steps                  
  dt=0.0001,       ! Timestep (ps)                                             
  ntb=1,	  ! Constant volume periodic boundary conditions                      
  ntp=0,                                                                       
  cut=8.0,                                                                     
  tempi=0.0,	  ! Starting temperature is 0 K from minimization                 
  TEMP0=100.0,    ! Reference temperature (held here)                          
 &end                                                                          
END                                                                            
END                                                                            


Note: ig = -1. Setting random seed to   853625 based on wallclock time in 
      microseconds.
| irandom = 1, using AMBER's internal random number generator (default).
 
|--------------------- INFORMATION ----------------------
| GPU (CUDA) Version of PMEMD in use: NVIDIA GPU IN USE.
|                    Version 18.0.0
| 
|                      03/25/2018
| 
| Implementation by:
|                    Ross C. Walker     (SDSC)
|                    Scott Le Grand     (nVIDIA)
| 
| Version 18 performance extensions by:
|                    David Cerutti     (Rutgers)
| 
| Precision model in use:
|      [SPFP] - Single Precision Forces, 64-bit Fixed Point
|               Accumulation. (Default)
| 
|--------------------------------------------------------
 
|----------------- CITATION INFORMATION -----------------
|
|    When publishing work that utilized the CUDA version
|    of AMBER, please cite the following in addition to
|    the regular AMBER citations:
|
|  - Romelia Salomon-Ferrer; Andreas W. Goetz; Duncan
|    Poole; Scott Le Grand; Ross C. Walker "Routine
|    microsecond molecular dynamics simulations with
|    AMBER - Part II: Particle Mesh Ewald", J. Chem.
|    Theory Comput., 2013, 9 (9), pp3878-3888,
|    DOI: 10.1021/ct400314y.
|
|  - Andreas W. Goetz; Mark J. Williamson; Dong Xu;
|    Duncan Poole; Scott Le Grand; Ross C. Walker
|    "Routine microsecond molecular dynamics simulations
|    with AMBER - Part I: Generalized Born", J. Chem.
|    Theory Comput., 2012, 8 (5), pp1542-1555.
|
|  - Scott Le Grand; Andreas W. Goetz; Ross C. Walker
|    "SPFP: Speed without compromise - a mixed precision
|    model for GPU accelerated molecular dynamics
|    simulations.", Comp. Phys. Comm., 2013, 184
|    pp374-380, DOI: 10.1016/j.cpc.2012.09.022
|
|--------------------------------------------------------
 
|------------------- GPU DEVICE INFO --------------------
|
|            CUDA_VISIBLE_DEVICES: 1
|   CUDA Capable Devices Detected:      1
|           CUDA Device ID in use:      0
|                CUDA Device Name: GeForce GTX 1080
|     CUDA Device Global Mem Size:   8119 MB
| CUDA Device Num Multiprocessors:     20
|           CUDA Device Core Freq:   1.73 GHz
|
|--------------------------------------------------------
 
 
| Conditional Compilation Defines Used:
| PUBFFT
| BINTRAJ
| MKL
| CUDA
| EMIL

| Largest sphere to fit in unit cell has radius =    34.161

| New format PARM file being parsed.
| Version =    1.000 Date = 07/02/21 Time = 13:04:09

| Note: 1-4 EEL scale factors are being read from the topology file.

| Note: 1-4 VDW scale factors are being read from the topology file.
| Duplicated    0 dihedrals

| Duplicated    0 dihedrals

--------------------------------------------------------------------------------
   1.  RESOURCE   USE: 
--------------------------------------------------------------------------------

 getting box info from netcdf restart file
 NATOM  =   46031 NTYPES =      18 NBONH =   33620 MBONA  =   12445
 NTHETH =    3878 MTHETA =    2456 NPHIH =    8128 MPHIA  =    7794
 NHPARM =       0 NPARM  =       0 NNB   =   93625 NRES   =   10875
 NBONA  =   12445 NTHETA =    2456 NPHIA =    7794 NUMBND =      72
 NUMANG =     171 NPTRA  =     194 NATYP =      36 NPHB   =       1
 IFBOX  =       1 NMXRS  =      25 IFCAP =       0 NEXTRA =   10634
 NCOPY  =       0

| Coordinate Index Table dimensions:    15   15   17
| Direct force subcell size =     4.5548    4.5854    4.5131

     BOX TYPE: RECTILINEAR

--------------------------------------------------------------------------------
   2.  CONTROL  DATA  FOR  THE  RUN
--------------------------------------------------------------------------------

default_name                                                                    

General flags:
     imin    =       0, nmropt  =       0

Nature and format of input:
     ntx     =       1, irest   =       0, ntrx    =       1

Nature and format of output:
     ntxo    =       2, ntpr    =    2500, ntrx    =       1, ntwr    =    2500
     iwrap   =       0, ntwx    =    2500, ntwv    =       0, ntwe    =       0
     ioutfm  =       1, ntwprt  =       0, idecomp =       0, rbornstat=      0

Potential function:
     ntf     =       2, ntb     =       1, igb     =       0, nsnb    =      25
     ipol    =       0, gbsa    =       0, iesp    =       0
     dielc   =   1.00000, cut     =   8.00000, intdiel =   1.00000

Frozen or restrained atoms:
     ibelly  =       0, ntr     =       0

Molecular dynamics:
     nstlim  =    250000, nscm    =      1000, nrespa  =         1
     t       =   0.00000, dt      =   0.00010, vlimit  =  -1.00000

Langevin dynamics temperature regulation:
     ig      =  853625
     temp0   = 100.00000, tempi   =   0.00000, gamma_ln=   5.00000

SHAKE:
     ntc     =       2, jfastw  =       0
     tol     =   0.00000

| Intermolecular bonds treatment:
|     no_intermolecular_bonds =       1

| Energy averages sample interval:
|     ene_avg_sampling =    2500

Extra-points options:
     frameon =       1, chngmask=       1

Ewald parameters:
     verbose =       0, ew_type =       0, nbflag  =       1, use_pme =       1
     vdwmeth =       1, eedmeth =       1, netfrc  =       1
     Box X =   68.321   Box Y =   68.781   Box Z =   76.722
     Alpha =   90.000   Beta  =   90.000   Gamma =   90.000
     NFFT1 =   72       NFFT2 =   72       NFFT3 =   80
     Cutoff=    8.000   Tol   =0.100E-04
     Ewald Coefficient =  0.34864
     Interpolation order =    4
|      EXTRA_PTS, trim_bonds: num bonds BEFORE trim = 33620     0
|      EXTRA_PTS, trim_bonds: num bonds AFTER  trim = 33620     0
|      EXTRA_PTS, trim_bonds: num bonds BEFORE trim = 12445     0
|      EXTRA_PTS, trim_bonds: num bonds AFTER  trim =  1811     0
|      EXTRA_PTS, trim_theta: num angle BEFORE trim =  3878     0
|      EXTRA_PTS, trim_theta: num angle AFTER  trim =  3878     0
|      EXTRA_PTS, trim_theta: num angle BEFORE trim =  2456     0
|      EXTRA_PTS, trim_theta: num angle AFTER  trim =  2456     0
|      EXTRA_PTS, trim_phi:  num diheds BEFORE trim =  8128     0
|      EXTRA_PTS, trim_phi:  num diheds AFTER  trim =  8128     0
|      EXTRA_PTS, trim_phi:  num diheds BEFORE trim =  7794     0
|      EXTRA_PTS, trim_phi:  num diheds AFTER  trim =  7794     0

--------------------------------------------------------------------------------
   3.  ATOMIC COORDINATES AND VELOCITIES
--------------------------------------------------------------------------------

default_name                                                                    
 begin time read from input coords =    45.000 ps

 
 Number of triangulated 3-point waters found:    10634

     Sum of charges from parm topology file =   0.00005816
     Forcing neutrality...

| Dynamic Memory, Types Used:
| Reals             1341818
| Integers          2941309

| Nonbonded Pairs Initial Allocation:     7688327

| GPU memory information (estimate):
| KB of GPU memory in use:         0
| KB of CPU memory in use:         0

--------------------------------------------------------------------------------
   4.  RESULTS
--------------------------------------------------------------------------------


 NSTEP =        0   TIME(PS) =       0.000  TEMP(K) =     0.00  PRESS =     0.0
 Etot   =   -138102.6724  EKtot   =         0.0000  EPtot      =   -138102.6724
 BOND   =       646.8493  ANGLE   =      1631.8798  DIHED      =      1297.6310
 1-4 NB =       766.4470  1-4 EEL =      9033.1768  VDWAALS    =     16654.6770
 EELEC  =   -168133.3332  EHBOND  =         0.0000  RESTRAINT  =         0.0000
 ------------------------------------------------------------------------------


 NSTEP =     2500   TIME(PS) =       0.250  TEMP(K) =   125.45  PRESS =     0.0
 Etot   =   -144899.3723  EKtot   =      9045.5488  EPtot      =   -153944.9211
 BOND   =       318.2150  ANGLE   =       843.4479  DIHED      =      1051.6449
 1-4 NB =       686.8886  1-4 EEL =      9007.0107  VDWAALS    =     19370.1721
 EELEC  =   -185222.3003  EHBOND  =         0.0000  RESTRAINT  =         0.0000
 ------------------------------------------------------------------------------


 NSTEP =     5000   TIME(PS) =       0.500  TEMP(K) =   111.71  PRESS =     0.0
 Etot   =   -148024.3554  EKtot   =      8054.9316  EPtot      =   -156079.2870
 BOND   =       290.2872  ANGLE   =       804.5574  DIHED      =      1050.3513
 1-4 NB =       695.2158  1-4 EEL =      9023.2366  VDWAALS    =     20449.2426
 EELEC  =   -188392.1780  EHBOND  =         0.0000  RESTRAINT  =         0.0000
 ------------------------------------------------------------------------------


 NSTEP =     7500   TIME(PS) =       0.750  TEMP(K) =   104.55  PRESS =     0.0
 Etot   =   -149404.4772  EKtot   =      7538.3804  EPtot      =   -156942.8576
 BOND   =       299.5838  ANGLE   =       785.1489  DIHED      =      1042.5116
 1-4 NB =       694.4033  1-4 EEL =      9030.5869  VDWAALS    =     21014.8973
 EELEC  =   -189809.9896  EHBOND  =         0.0000  RESTRAINT  =         0.0000
 ------------------------------------------------------------------------------


 NSTEP =    10000   TIME(PS) =       1.000  TEMP(K) =   103.20  PRESS =     0.0
 Etot   =   -150037.0160  EKtot   =      7441.2212  EPtot      =   -157478.2372
 BOND   =       287.5731  ANGLE   =       791.0900  DIHED      =      1045.0612
 1-4 NB =       698.3331  1-4 EEL =      9020.0221  VDWAALS    =     21425.0618
 EELEC  =   -190745.3784  EHBOND  =         0.0000  RESTRAINT  =         0.0000
 ------------------------------------------------------------------------------


 NSTEP =    12500   TIME(PS) =       1.250  TEMP(K) =   101.58  PRESS =     0.0
 Etot   =   -150424.7047  EKtot   =      7324.8198  EPtot      =   -157749.5245
 BOND   =       290.5251  ANGLE   =       785.9163  DIHED      =      1024.4898
 1-4 NB =       694.6229  1-4 EEL =      9003.2732  VDWAALS    =     21711.5560
 EELEC  =   -191259.9077  EHBOND  =         0.0000  RESTRAINT  =         0.0000
 ------------------------------------------------------------------------------


 NSTEP =    15000   TIME(PS) =       1.500  TEMP(K) =   101.42  PRESS =     0.0
 Etot   =   -150540.5871  EKtot   =      7312.9121  EPtot      =   -157853.4992
 BOND   =       304.9948  ANGLE   =       777.9237  DIHED      =      1044.3791
 1-4 NB =       688.0412  1-4 EEL =      9007.5750  VDWAALS    =     21932.4737
 EELEC  =   -191608.8867  EHBOND  =         0.0000  RESTRAINT  =         0.0000
 ------------------------------------------------------------------------------


 NSTEP =    17500   TIME(PS) =       1.750  TEMP(K) =   101.21  PRESS =     0.0
 Etot   =   -150826.0191  EKtot   =      7297.8833  EPtot      =   -158123.9024
 BOND   =       288.6839  ANGLE   =       775.6342  DIHED      =      1046.3561
 1-4 NB =       690.4700  1-4 EEL =      9046.2217  VDWAALS    =     22304.4437
 EELEC  =   -192275.7119  EHBOND  =         0.0000  RESTRAINT  =         0.0000
 ------------------------------------------------------------------------------


 NSTEP =    20000   TIME(PS) =       2.000  TEMP(K) =    99.80  PRESS =     0.0
 Etot   =   -151041.2922  EKtot   =      7196.3770  EPtot      =   -158237.6691
 BOND   =       294.7486  ANGLE   =       763.7469  DIHED      =      1039.6668
 1-4 NB =       697.9793  1-4 EEL =      9015.4724  VDWAALS    =     22320.8591
 EELEC  =   -192370.1423  EHBOND  =         0.0000  RESTRAINT  =         0.0000
 ------------------------------------------------------------------------------


 NSTEP =    22500   TIME(PS) =       2.250  TEMP(K) =   100.64  PRESS =     0.0
 Etot   =   -151054.7854  EKtot   =      7256.8730  EPtot      =   -158311.6584
 BOND   =       295.4622  ANGLE   =       778.8974  DIHED      =      1044.9590
 1-4 NB =       692.4900  1-4 EEL =      9034.8157  VDWAALS    =     22472.8578
 EELEC  =   -192631.1406  EHBOND  =         0.0000  RESTRAINT  =         0.0000
 ------------------------------------------------------------------------------


 NSTEP =    25000   TIME(PS) =       2.500  TEMP(K) =   100.36  PRESS =     0.0
 Etot   =   -151120.7044  EKtot   =      7236.6426  EPtot      =   -158357.3470
 BOND   =       296.2977  ANGLE   =       796.7248  DIHED      =      1029.0137
 1-4 NB =       695.1168  1-4 EEL =      9029.0971  VDWAALS    =     22425.3183
 EELEC  =   -192628.9154  EHBOND  =         0.0000  RESTRAINT  =         0.0000
 ------------------------------------------------------------------------------


 NSTEP =    27500   TIME(PS) =       2.750  TEMP(K) =    99.93  PRESS =     0.0
 Etot   =   -151235.8559  EKtot   =      7205.4839  EPtot      =   -158441.3398
 BOND   =       299.3634  ANGLE   =       784.9038  DIHED      =      1050.4843
 1-4 NB =       693.8800  1-4 EEL =      9012.8331  VDWAALS    =     22415.7024
 EELEC  =   -192698.5068  EHBOND  =         0.0000  RESTRAINT  =         0.0000
 ------------------------------------------------------------------------------


 NSTEP =    30000   TIME(PS) =       3.000  TEMP(K) =   101.13  PRESS =     0.0
 Etot   =   -151224.8796  EKtot   =      7292.4009  EPtot      =   -158517.2805
 BOND   =       289.7870  ANGLE   =       782.9765  DIHED      =      1042.7944
 1-4 NB =       686.5770  1-4 EEL =      9029.2728  VDWAALS    =     22890.8843
 EELEC  =   -193239.5725  EHBOND  =         0.0000  RESTRAINT  =         0.0000
 ------------------------------------------------------------------------------


 NSTEP =    32500   TIME(PS) =       3.250  TEMP(K) =   100.61  PRESS =     0.0
 Etot   =   -151365.1636  EKtot   =      7254.2539  EPtot      =   -158619.4175
 BOND   =       282.1060  ANGLE   =       790.4043  DIHED      =      1039.3509
 1-4 NB =       691.8161  1-4 EEL =      9027.2143  VDWAALS    =     22571.9705
 EELEC  =   -193022.2795  EHBOND  =         0.0000  RESTRAINT  =         0.0000
 ------------------------------------------------------------------------------


 NSTEP =    35000   TIME(PS) =       3.500  TEMP(K) =   100.19  PRESS =     0.0
 Etot   =   -151466.2196  EKtot   =      7224.2383  EPtot      =   -158690.4579
 BOND   =       272.3837  ANGLE   =       765.5404  DIHED      =      1037.9230
 1-4 NB =       706.4195  1-4 EEL =      9024.2846  VDWAALS    =     22710.6124
 EELEC  =   -193207.6215  EHBOND  =         0.0000  RESTRAINT  =         0.0000
 ------------------------------------------------------------------------------


 NSTEP =    37500   TIME(PS) =       3.750  TEMP(K) =   100.73  PRESS =     0.0
 Etot   =   -151441.6117  EKtot   =      7263.2231  EPtot      =   -158704.8348
 BOND   =       277.6439  ANGLE   =       783.8084  DIHED      =      1046.7851
 1-4 NB =       692.5444  1-4 EEL =      9034.2113  VDWAALS    =     22722.1759
 EELEC  =   -193262.0039  EHBOND  =         0.0000  RESTRAINT  =         0.0000
 ------------------------------------------------------------------------------


 NSTEP =    40000   TIME(PS) =       4.000  TEMP(K) =   100.23  PRESS =     0.0
 Etot   =   -151505.5449  EKtot   =      7227.4185  EPtot      =   -158732.9634
 BOND   =       282.2296  ANGLE   =       781.0894  DIHED      =      1032.1310
 1-4 NB =       685.2601  1-4 EEL =      9031.4297  VDWAALS    =     22793.4963
 EELEC  =   -193338.5994  EHBOND  =         0.0000  RESTRAINT  =         0.0000
 ------------------------------------------------------------------------------


 NSTEP =    42500   TIME(PS) =       4.250  TEMP(K) =    99.95  PRESS =     0.0
 Etot   =   -151545.0679  EKtot   =      7207.0581  EPtot      =   -158752.1260
 BOND   =       281.7844  ANGLE   =       759.8129  DIHED      =      1044.6494
 1-4 NB =       695.7921  1-4 EEL =      9049.0085  VDWAALS    =     22722.9129
 EELEC  =   -193306.0862  EHBOND  =         0.0000  RESTRAINT  =         0.0000
 ------------------------------------------------------------------------------


 NSTEP =    45000   TIME(PS) =       4.500  TEMP(K) =   101.01  PRESS =     0.0
 Etot   =   -151511.1102  EKtot   =      7283.4595  EPtot      =   -158794.5697
 BOND   =       289.6650  ANGLE   =       776.8502  DIHED      =      1045.2463
 1-4 NB =       695.2346  1-4 EEL =      9008.9847  VDWAALS    =     23013.8240
 EELEC  =   -193624.3746  EHBOND  =         0.0000  RESTRAINT  =         0.0000
 ------------------------------------------------------------------------------


 NSTEP =    47500   TIME(PS) =       4.750  TEMP(K) =   100.55  PRESS =     0.0
 Etot   =   -151599.8348  EKtot   =      7250.6235  EPtot      =   -158850.4583
 BOND   =       294.5005  ANGLE   =       783.5964  DIHED      =      1049.3147
 1-4 NB =       688.9363  1-4 EEL =      9012.3261  VDWAALS    =     22942.7983
 EELEC  =   -193621.9306  EHBOND  =         0.0000  RESTRAINT  =         0.0000
 ------------------------------------------------------------------------------


 NSTEP =    50000   TIME(PS) =       5.000  TEMP(K) =   100.49  PRESS =     0.0
 Etot   =   -151674.3610  EKtot   =      7245.7075  EPtot      =   -158920.0685
 BOND   =       277.7492  ANGLE   =       779.8731  DIHED      =      1033.0284
 1-4 NB =       696.1647  1-4 EEL =      9034.3555  VDWAALS    =     23003.4633
 EELEC  =   -193744.7027  EHBOND  =         0.0000  RESTRAINT  =         0.0000
 ------------------------------------------------------------------------------


 NSTEP =    52500   TIME(PS) =       5.250  TEMP(K) =    99.92  PRESS =     0.0
 Etot   =   -151795.7701  EKtot   =      7204.8477  EPtot      =   -159000.6178
 BOND   =       279.8881  ANGLE   =       789.0518  DIHED      =      1036.4007
 1-4 NB =       697.6935  1-4 EEL =      9049.3975  VDWAALS    =     23024.5843
 EELEC  =   -193877.6337  EHBOND  =         0.0000  RESTRAINT  =         0.0000
 ------------------------------------------------------------------------------


 NSTEP =    55000   TIME(PS) =       5.500  TEMP(K) =   100.03  PRESS =     0.0
 Etot   =   -151807.9511  EKtot   =      7212.9189  EPtot      =   -159020.8700
 BOND   =       285.3690  ANGLE   =       781.6113  DIHED      =      1039.9623
 1-4 NB =       688.3246  1-4 EEL =      9049.8128  VDWAALS    =     23267.5786
 EELEC  =   -194133.5285  EHBOND  =         0.0000  RESTRAINT  =         0.0000
 ------------------------------------------------------------------------------


 NSTEP =    57500   TIME(PS) =       5.750  TEMP(K) =   101.26  PRESS =     0.0
 Etot   =   -151792.2329  EKtot   =      7301.7402  EPtot      =   -159093.9732
 BOND   =       278.9882  ANGLE   =       799.7685  DIHED      =      1031.7524
 1-4 NB =       694.8823  1-4 EEL =      9047.8756  VDWAALS    =     23152.7022
 EELEC  =   -194099.9424  EHBOND  =         0.0000  RESTRAINT  =         0.0000
 ------------------------------------------------------------------------------


 NSTEP =    60000   TIME(PS) =       6.000  TEMP(K) =   100.05  PRESS =     0.0
 Etot   =   -151797.0769  EKtot   =      7214.2539  EPtot      =   -159011.3308
 BOND   =       302.5426  ANGLE   =       805.0924  DIHED      =      1030.2966
 1-4 NB =       705.7615  1-4 EEL =      9019.5035  VDWAALS    =     23308.1943
 EELEC  =   -194182.7218  EHBOND  =         0.0000  RESTRAINT  =         0.0000
 ------------------------------------------------------------------------------


 NSTEP =    62500   TIME(PS) =       6.250  TEMP(K) =   101.10  PRESS =     0.0
 Etot   =   -151822.9491  EKtot   =      7289.9697  EPtot      =   -159112.9189
 BOND   =       288.7733  ANGLE   =       803.6868  DIHED      =      1027.0265
 1-4 NB =       693.7801  1-4 EEL =      9045.8197  VDWAALS    =     23164.7679
 EELEC  =   -194136.7732  EHBOND  =         0.0000  RESTRAINT  =         0.0000
 ------------------------------------------------------------------------------


 NSTEP =    65000   TIME(PS) =       6.500  TEMP(K) =   100.62  PRESS =     0.0
 Etot   =   -151918.5885  EKtot   =      7255.5605  EPtot      =   -159174.1491
 BOND   =       303.7005  ANGLE   =       784.8493  DIHED      =      1025.9444
 1-4 NB =       687.1553  1-4 EEL =      9000.4741  VDWAALS    =     23260.4128
 EELEC  =   -194236.6855  EHBOND  =         0.0000  RESTRAINT  =         0.0000
 ------------------------------------------------------------------------------


 NSTEP =    67500   TIME(PS) =       6.750  TEMP(K) =   100.98  PRESS =     0.0
 Etot   =   -151913.3765  EKtot   =      7281.3311  EPtot      =   -159194.7075
 BOND   =       298.4642  ANGLE   =       746.8072  DIHED      =      1030.3255
 1-4 NB =       697.4822  1-4 EEL =      9055.6159  VDWAALS    =     23121.6757
 EELEC  =   -194145.0782  EHBOND  =         0.0000  RESTRAINT  =         0.0000
 ------------------------------------------------------------------------------


 NSTEP =    70000   TIME(PS) =       7.000  TEMP(K) =   100.15  PRESS =     0.0
 Etot   =   -151953.8029  EKtot   =      7221.7837  EPtot      =   -159175.5866
 BOND   =       295.5833  ANGLE   =       773.4059  DIHED      =      1026.8929
 1-4 NB =       694.1008  1-4 EEL =      8994.5208  VDWAALS    =     23381.2925
 EELEC  =   -194341.3828  EHBOND  =         0.0000  RESTRAINT  =         0.0000
 ------------------------------------------------------------------------------


 NSTEP =    72500   TIME(PS) =       7.250  TEMP(K) =    99.84  PRESS =     0.0
 Etot   =   -152018.1854  EKtot   =      7199.1401  EPtot      =   -159217.3255
 BOND   =       307.4305  ANGLE   =       773.2191  DIHED      =      1048.7084
 1-4 NB =       685.6428  1-4 EEL =      8998.5427  VDWAALS    =     23454.5476
 EELEC  =   -194485.4167  EHBOND  =         0.0000  RESTRAINT  =         0.0000
 ------------------------------------------------------------------------------


 NSTEP =    75000   TIME(PS) =       7.500  TEMP(K) =   100.16  PRESS =     0.0
 Etot   =   -152087.5810  EKtot   =      7222.2891  EPtot      =   -159309.8701
 BOND   =       292.5340  ANGLE   =       796.8116  DIHED      =      1045.0592
 1-4 NB =       696.1025  1-4 EEL =      9036.4542  VDWAALS    =     23418.5022
 EELEC  =   -194595.3338  EHBOND  =         0.0000  RESTRAINT  =         0.0000
 ------------------------------------------------------------------------------


 NSTEP =    77500   TIME(PS) =       7.750  TEMP(K) =   100.83  PRESS =     0.0
 Etot   =   -152065.1739  EKtot   =      7270.7329  EPtot      =   -159335.9068
 BOND   =       282.6731  ANGLE   =       795.5910  DIHED      =      1043.3157
 1-4 NB =       691.3171  1-4 EEL =      9031.9075  VDWAALS    =     23350.2870
 EELEC  =   -194530.9982  EHBOND  =         0.0000  RESTRAINT  =         0.0000
 ------------------------------------------------------------------------------


 NSTEP =    80000   TIME(PS) =       8.000  TEMP(K) =    99.88  PRESS =     0.0
 Etot   =   -152153.6627  EKtot   =      7202.2271  EPtot      =   -159355.8897
 BOND   =       283.4498  ANGLE   =       774.7092  DIHED      =      1029.7368
 1-4 NB =       689.2359  1-4 EEL =      9007.2195  VDWAALS    =     23535.2289
 EELEC  =   -194675.4698  EHBOND  =         0.0000  RESTRAINT  =         0.0000
 ------------------------------------------------------------------------------


 NSTEP =    82500   TIME(PS) =       8.250  TEMP(K) =   101.19  PRESS =     0.0
 Etot   =   -152083.5815  EKtot   =      7296.7764  EPtot      =   -159380.3579
 BOND   =       264.2289  ANGLE   =       768.0200  DIHED      =      1053.1502
 1-4 NB =       697.5519  1-4 EEL =      9065.6351  VDWAALS    =     23515.4263
 EELEC  =   -194744.3702  EHBOND  =         0.0000  RESTRAINT  =         0.0000
 ------------------------------------------------------------------------------


 NSTEP =    85000   TIME(PS) =       8.500  TEMP(K) =   100.39  PRESS =     0.0
 Etot   =   -152040.6444  EKtot   =      7239.1050  EPtot      =   -159279.7494
 BOND   =       280.8473  ANGLE   =       793.4853  DIHED      =      1049.0878
 1-4 NB =       690.5761  1-4 EEL =      8996.9948  VDWAALS    =     23604.0423
 EELEC  =   -194694.7830  EHBOND  =         0.0000  RESTRAINT  =         0.0000
 ------------------------------------------------------------------------------


 NSTEP =    87500   TIME(PS) =       8.750  TEMP(K) =   100.46  PRESS =     0.0
 Etot   =   -152079.9183  EKtot   =      7243.9697  EPtot      =   -159323.8880
 BOND   =       291.2508  ANGLE   =       777.1354  DIHED      =      1036.7564
 1-4 NB =       693.2087  1-4 EEL =      9056.7977  VDWAALS    =     23655.2036
 EELEC  =   -194834.2406  EHBOND  =         0.0000  RESTRAINT  =         0.0000
 ------------------------------------------------------------------------------


 NSTEP =    90000   TIME(PS) =       9.000  TEMP(K) =    99.84  PRESS =     0.0
 Etot   =   -152175.1028  EKtot   =      7198.8584  EPtot      =   -159373.9612
 BOND   =       278.9192  ANGLE   =       789.3798  DIHED      =      1039.0328
 1-4 NB =       695.5634  1-4 EEL =      9005.9694  VDWAALS    =     23725.9793
 EELEC  =   -194908.8050  EHBOND  =         0.0000  RESTRAINT  =         0.0000
 ------------------------------------------------------------------------------


 NSTEP =    92500   TIME(PS) =       9.250  TEMP(K) =   100.35  PRESS =     0.0
 Etot   =   -152180.0076  EKtot   =      7235.5049  EPtot      =   -159415.5125
 BOND   =       279.1508  ANGLE   =       785.2871  DIHED      =      1040.8068
 1-4 NB =       695.3149  1-4 EEL =      9049.6174  VDWAALS    =     23710.6049
 EELEC  =   -194976.2943  EHBOND  =         0.0000  RESTRAINT  =         0.0000
 ------------------------------------------------------------------------------


 NSTEP =    95000   TIME(PS) =       9.500  TEMP(K) =   100.31  PRESS =     0.0
 Etot   =   -152217.5704  EKtot   =      7232.9746  EPtot      =   -159450.5450
 BOND   =       300.5726  ANGLE   =       785.6162  DIHED      =      1035.0528
 1-4 NB =       699.2971  1-4 EEL =      9035.5522  VDWAALS    =     23762.7854
 EELEC  =   -195069.4214  EHBOND  =         0.0000  RESTRAINT  =         0.0000
 ------------------------------------------------------------------------------


 NSTEP =    97500   TIME(PS) =       9.750  TEMP(K) =    99.58  PRESS =     0.0
 Etot   =   -152312.5018  EKtot   =      7180.1763  EPtot      =   -159492.6781
 BOND   =       281.3066  ANGLE   =       786.0824  DIHED      =      1040.1739
 1-4 NB =       694.1431  1-4 EEL =      9071.9621  VDWAALS    =     23648.8953
 EELEC  =   -195015.2414  EHBOND  =         0.0000  RESTRAINT  =         0.0000
 ------------------------------------------------------------------------------


 NSTEP =   100000   TIME(PS) =      10.000  TEMP(K) =    99.22  PRESS =     0.0
 Etot   =   -152396.0474  EKtot   =      7154.3306  EPtot      =   -159550.3780
 BOND   =       278.9214  ANGLE   =       771.9902  DIHED      =      1029.4760
 1-4 NB =       699.8778  1-4 EEL =      9048.7557  VDWAALS    =     23814.2784
 EELEC  =   -195193.6774  EHBOND  =         0.0000  RESTRAINT  =         0.0000
 ------------------------------------------------------------------------------


 NSTEP =   102500   TIME(PS) =      10.250  TEMP(K) =    99.55  PRESS =     0.0
 Etot   =   -152338.4102  EKtot   =      7178.1592  EPtot      =   -159516.5694
 BOND   =       304.6171  ANGLE   =       766.1143  DIHED      =      1035.0581
 1-4 NB =       685.4699  1-4 EEL =      9025.4269  VDWAALS    =     23900.7468
 EELEC  =   -195234.0025  EHBOND  =         0.0000  RESTRAINT  =         0.0000
 ------------------------------------------------------------------------------


 NSTEP =   105000   TIME(PS) =      10.500  TEMP(K) =    99.22  PRESS =     0.0
 Etot   =   -152383.8630  EKtot   =      7154.1245  EPtot      =   -159537.9875
 BOND   =       286.8797  ANGLE   =       792.9623  DIHED      =      1035.9052
 1-4 NB =       703.5997  1-4 EEL =      8990.9744  VDWAALS    =     23663.5075
 EELEC  =   -195011.8164  EHBOND  =         0.0000  RESTRAINT  =         0.0000
 ------------------------------------------------------------------------------


 NSTEP =   107500   TIME(PS) =      10.750  TEMP(K) =    99.77  PRESS =     0.0
 Etot   =   -152332.4408  EKtot   =      7194.0029  EPtot      =   -159526.4437
 BOND   =       271.9022  ANGLE   =       765.4894  DIHED      =      1031.4067
 1-4 NB =       704.0448  1-4 EEL =      9044.9855  VDWAALS    =     23887.8121
 EELEC  =   -195232.0843  EHBOND  =         0.0000  RESTRAINT  =         0.0000
 ------------------------------------------------------------------------------


 NSTEP =   110000   TIME(PS) =      11.000  TEMP(K) =    99.39  PRESS =     0.0
 Etot   =   -152333.9260  EKtot   =      7166.6924  EPtot      =   -159500.6184
 BOND   =       297.8389  ANGLE   =       792.8796  DIHED      =      1038.6367
 1-4 NB =       696.3053  1-4 EEL =      9019.4317  VDWAALS    =     23627.8278
 EELEC  =   -194973.5384  EHBOND  =         0.0000  RESTRAINT  =         0.0000
 ------------------------------------------------------------------------------


 NSTEP =   112500   TIME(PS) =      11.250  TEMP(K) =    99.88  PRESS =     0.0
 Etot   =   -152350.4934  EKtot   =      7202.1865  EPtot      =   -159552.6799
 BOND   =       286.9554  ANGLE   =       781.2869  DIHED      =      1054.5578
 1-4 NB =       700.5377  1-4 EEL =      9001.3231  VDWAALS    =     23819.2586
 EELEC  =   -195196.5994  EHBOND  =         0.0000  RESTRAINT  =         0.0000
 ------------------------------------------------------------------------------


 NSTEP =   115000   TIME(PS) =      11.500  TEMP(K) =   100.62  PRESS =     0.0
 Etot   =   -152272.8730  EKtot   =      7255.4414  EPtot      =   -159528.3144
 BOND   =       299.9330  ANGLE   =       770.5290  DIHED      =      1038.0921
 1-4 NB =       700.3424  1-4 EEL =      9048.9334  VDWAALS    =     23801.1209
 EELEC  =   -195187.2652  EHBOND  =         0.0000  RESTRAINT  =         0.0000
 ------------------------------------------------------------------------------


 NSTEP =   117500   TIME(PS) =      11.750  TEMP(K) =   100.82  PRESS =     0.0
 Etot   =   -152264.3675  EKtot   =      7269.9175  EPtot      =   -159534.2850
 BOND   =       276.4430  ANGLE   =       750.8387  DIHED      =      1044.2719
 1-4 NB =       708.5536  1-4 EEL =      9082.3516  VDWAALS    =     23978.1024
 EELEC  =   -195374.8462  EHBOND  =         0.0000  RESTRAINT  =         0.0000
 ------------------------------------------------------------------------------


 NSTEP =   120000   TIME(PS) =      12.000  TEMP(K) =   100.35  PRESS =     0.0
 Etot   =   -152270.3467  EKtot   =      7235.7285  EPtot      =   -159506.0752
 BOND   =       282.7272  ANGLE   =       776.0704  DIHED      =      1030.7779
 1-4 NB =       690.1341  1-4 EEL =      9039.2979  VDWAALS    =     23695.2335
 EELEC  =   -195020.3161  EHBOND  =         0.0000  RESTRAINT  =         0.0000
 ------------------------------------------------------------------------------


 NSTEP =   122500   TIME(PS) =      12.250  TEMP(K) =    99.94  PRESS =     0.0
 Etot   =   -152307.4178  EKtot   =      7206.6021  EPtot      =   -159514.0199
 BOND   =       278.2329  ANGLE   =       792.9702  DIHED      =      1029.2704
 1-4 NB =       715.4024  1-4 EEL =      9020.0681  VDWAALS    =     23910.6237
 EELEC  =   -195260.5876  EHBOND  =         0.0000  RESTRAINT  =         0.0000
 ------------------------------------------------------------------------------


 NSTEP =   125000   TIME(PS) =      12.500  TEMP(K) =   100.08  PRESS =     0.0
 Etot   =   -152358.0771  EKtot   =      7216.6948  EPtot      =   -159574.7719
 BOND   =       284.3735  ANGLE   =       783.2086  DIHED      =      1047.9807
 1-4 NB =       699.9132  1-4 EEL =      9025.4604  VDWAALS    =     23713.7279
 EELEC  =   -195129.4363  EHBOND  =         0.0000  RESTRAINT  =         0.0000
 ------------------------------------------------------------------------------


 NSTEP =   127500   TIME(PS) =      12.750  TEMP(K) =   100.24  PRESS =     0.0
 Etot   =   -152387.8086  EKtot   =      7227.8311  EPtot      =   -159615.6397
 BOND   =       281.8287  ANGLE   =       758.0024  DIHED      =      1034.9766
 1-4 NB =       705.7602  1-4 EEL =      9070.8108  VDWAALS    =     23964.7247
 EELEC  =   -195431.7431  EHBOND  =         0.0000  RESTRAINT  =         0.0000
 ------------------------------------------------------------------------------


 NSTEP =   130000   TIME(PS) =      13.000  TEMP(K) =    99.35  PRESS =     0.0
 Etot   =   -152401.3447  EKtot   =      7163.4844  EPtot      =   -159564.8291
 BOND   =       284.8226  ANGLE   =       761.0392  DIHED      =      1056.8253
 1-4 NB =       700.3790  1-4 EEL =      9032.9515  VDWAALS    =     23840.2940
 EELEC  =   -195241.1407  EHBOND  =         0.0000  RESTRAINT  =         0.0000
 ------------------------------------------------------------------------------


 NSTEP =   132500   TIME(PS) =      13.250  TEMP(K) =    99.50  PRESS =     0.0
 Etot   =   -152354.6074  EKtot   =      7174.3398  EPtot      =   -159528.9472
 BOND   =       298.5969  ANGLE   =       767.8430  DIHED      =      1042.7327
 1-4 NB =       696.3389  1-4 EEL =      9004.6431  VDWAALS    =     24159.9511
 EELEC  =   -195499.0529  EHBOND  =         0.0000  RESTRAINT  =         0.0000
 ------------------------------------------------------------------------------


 NSTEP =   135000   TIME(PS) =      13.500  TEMP(K) =    99.99  PRESS =     0.0
 Etot   =   -152400.5546  EKtot   =      7210.2266  EPtot      =   -159610.7812
 BOND   =       279.9773  ANGLE   =       790.3677  DIHED      =      1041.2001
 1-4 NB =       694.0442  1-4 EEL =      9013.4405  VDWAALS    =     23978.7947
 EELEC  =   -195408.6057  EHBOND  =         0.0000  RESTRAINT  =         0.0000
 ------------------------------------------------------------------------------


 NSTEP =   137500   TIME(PS) =      13.750  TEMP(K) =    99.21  PRESS =     0.0
 Etot   =   -152506.4275  EKtot   =      7153.5488  EPtot      =   -159659.9763
 BOND   =       273.8229  ANGLE   =       770.3621  DIHED      =      1026.8053
 1-4 NB =       699.4945  1-4 EEL =      9048.0397  VDWAALS    =     23960.5421
 EELEC  =   -195439.0429  EHBOND  =         0.0000  RESTRAINT  =         0.0000
 ------------------------------------------------------------------------------


 NSTEP =   140000   TIME(PS) =      14.000  TEMP(K) =    98.94  PRESS =     0.0
 Etot   =   -152488.5162  EKtot   =      7134.2427  EPtot      =   -159622.7588
 BOND   =       284.0078  ANGLE   =       793.8646  DIHED      =      1031.5811
 1-4 NB =       689.8376  1-4 EEL =      9007.9781  VDWAALS    =     23917.1988
 EELEC  =   -195347.2268  EHBOND  =         0.0000  RESTRAINT  =         0.0000
 ------------------------------------------------------------------------------


 NSTEP =   142500   TIME(PS) =      14.250  TEMP(K) =    99.88  PRESS =     0.0
 Etot   =   -152469.8081  EKtot   =      7201.6899  EPtot      =   -159671.4980
 BOND   =       290.3546  ANGLE   =       765.4615  DIHED      =      1041.5064
 1-4 NB =       690.0066  1-4 EEL =      9031.3828  VDWAALS    =     24051.0059
 EELEC  =   -195541.2158  EHBOND  =         0.0000  RESTRAINT  =         0.0000
 ------------------------------------------------------------------------------


 NSTEP =   145000   TIME(PS) =      14.500  TEMP(K) =    99.83  PRESS =     0.0
 Etot   =   -152374.8377  EKtot   =      7198.2583  EPtot      =   -159573.0960
 BOND   =       286.0700  ANGLE   =       766.3121  DIHED      =      1045.7143
 1-4 NB =       695.8881  1-4 EEL =      9046.7349  VDWAALS    =     23793.8519
 EELEC  =   -195207.6672  EHBOND  =         0.0000  RESTRAINT  =         0.0000
 ------------------------------------------------------------------------------


 NSTEP =   147500   TIME(PS) =      14.750  TEMP(K) =   100.57  PRESS =     0.0
 Etot   =   -152463.2122  EKtot   =      7251.8105  EPtot      =   -159715.0227
 BOND   =       284.7538  ANGLE   =       767.4695  DIHED      =      1046.2889
 1-4 NB =       692.3882  1-4 EEL =      9039.8627  VDWAALS    =     24077.7048
 EELEC  =   -195623.4906  EHBOND  =         0.0000  RESTRAINT  =         0.0000
 ------------------------------------------------------------------------------


 NSTEP =   150000   TIME(PS) =      15.000  TEMP(K) =    98.83  PRESS =     0.0
 Etot   =   -152545.6189  EKtot   =      7125.9707  EPtot      =   -159671.5896
 BOND   =       296.7494  ANGLE   =       778.7084  DIHED      =      1031.7759
 1-4 NB =       696.9188  1-4 EEL =      9041.2691  VDWAALS    =     23962.1287
 EELEC  =   -195479.1398  EHBOND  =         0.0000  RESTRAINT  =         0.0000
 ------------------------------------------------------------------------------


 NSTEP =   152500   TIME(PS) =      15.250  TEMP(K) =   100.74  PRESS =     0.0
 Etot   =   -152493.1228  EKtot   =      7264.1270  EPtot      =   -159757.2498
 BOND   =       296.7381  ANGLE   =       778.6079  DIHED      =      1036.2799
 1-4 NB =       692.5620  1-4 EEL =      9032.2953  VDWAALS    =     23954.3079
 EELEC  =   -195548.0408  EHBOND  =         0.0000  RESTRAINT  =         0.0000
 ------------------------------------------------------------------------------


 NSTEP =   155000   TIME(PS) =      15.500  TEMP(K) =    99.76  PRESS =     0.0
 Etot   =   -152570.4348  EKtot   =      7193.0474  EPtot      =   -159763.4821
 BOND   =       276.7086  ANGLE   =       774.8057  DIHED      =      1039.5381
 1-4 NB =       699.3946  1-4 EEL =      9021.0140  VDWAALS    =     24130.6394
 EELEC  =   -195705.5825  EHBOND  =         0.0000  RESTRAINT  =         0.0000
 ------------------------------------------------------------------------------


 NSTEP =   157500   TIME(PS) =      15.750  TEMP(K) =    98.93  PRESS =     0.0
 Etot   =   -152598.3192  EKtot   =      7133.3774  EPtot      =   -159731.6966
 BOND   =       295.2637  ANGLE   =       765.4433  DIHED      =      1041.2230
 1-4 NB =       702.5322  1-4 EEL =      9038.4004  VDWAALS    =     23938.1088
 EELEC  =   -195512.6680  EHBOND  =         0.0000  RESTRAINT  =         0.0000
 ------------------------------------------------------------------------------


 NSTEP =   160000   TIME(PS) =      16.000  TEMP(K) =    99.59  PRESS =     0.0
 Etot   =   -152535.6310  EKtot   =      7180.9736  EPtot      =   -159716.6047
 BOND   =       285.6031  ANGLE   =       763.9053  DIHED      =      1046.4677
 1-4 NB =       698.4982  1-4 EEL =      9059.6888  VDWAALS    =     24076.8033
 EELEC  =   -195647.5710  EHBOND  =         0.0000  RESTRAINT  =         0.0000
 ------------------------------------------------------------------------------


 NSTEP =   162500   TIME(PS) =      16.250  TEMP(K) =    99.66  PRESS =     0.0
 Etot   =   -152524.9150  EKtot   =      7185.8115  EPtot      =   -159710.7265
 BOND   =       273.5206  ANGLE   =       770.0374  DIHED      =      1038.2288
 1-4 NB =       694.1765  1-4 EEL =      9047.7495  VDWAALS    =     23819.5091
 EELEC  =   -195353.9484  EHBOND  =         0.0000  RESTRAINT  =         0.0000
 ------------------------------------------------------------------------------


 NSTEP =   165000   TIME(PS) =      16.500  TEMP(K) =    99.58  PRESS =     0.0
 Etot   =   -152611.0242  EKtot   =      7179.9834  EPtot      =   -159791.0076
 BOND   =       292.8843  ANGLE   =       785.3341  DIHED      =      1041.8731
 1-4 NB =       688.8999  1-4 EEL =      9025.9290  VDWAALS    =     24166.0780
 EELEC  =   -195792.0060  EHBOND  =         0.0000  RESTRAINT  =         0.0000
 ------------------------------------------------------------------------------


 NSTEP =   167500   TIME(PS) =      16.750  TEMP(K) =   100.65  PRESS =     0.0
 Etot   =   -152531.7845  EKtot   =      7257.8042  EPtot      =   -159789.5887
 BOND   =       293.0778  ANGLE   =       770.2091  DIHED      =      1038.8491
 1-4 NB =       688.3595  1-4 EEL =      9035.8949  VDWAALS    =     23967.9470
 EELEC  =   -195583.9261  EHBOND  =         0.0000  RESTRAINT  =         0.0000
 ------------------------------------------------------------------------------


 NSTEP =   170000   TIME(PS) =      17.000  TEMP(K) =   100.68  PRESS =     0.0
 Etot   =   -152468.7658  EKtot   =      7259.9414  EPtot      =   -159728.7072
 BOND   =       301.6860  ANGLE   =       784.9045  DIHED      =      1032.1343
 1-4 NB =       691.5945  1-4 EEL =      8994.1939  VDWAALS    =     24214.0034
 EELEC  =   -195747.2239  EHBOND  =         0.0000  RESTRAINT  =         0.0000
 ------------------------------------------------------------------------------


 NSTEP =   172500   TIME(PS) =      17.250  TEMP(K) =    99.58  PRESS =     0.0
 Etot   =   -152671.9547  EKtot   =      7180.1123  EPtot      =   -159852.0670
 BOND   =       300.2268  ANGLE   =       795.4478  DIHED      =      1034.6136
 1-4 NB =       687.5668  1-4 EEL =      8993.3770  VDWAALS    =     24139.0408
 EELEC  =   -195802.3398  EHBOND  =         0.0000  RESTRAINT  =         0.0000
 ------------------------------------------------------------------------------


 NSTEP =   175000   TIME(PS) =      17.500  TEMP(K) =   100.62  PRESS =     0.0
 Etot   =   -152596.0469  EKtot   =      7255.3281  EPtot      =   -159851.3751
 BOND   =       303.9387  ANGLE   =       793.6172  DIHED      =      1042.2183
 1-4 NB =       682.3824  1-4 EEL =      9030.0946  VDWAALS    =     24173.3583
 EELEC  =   -195876.9845  EHBOND  =         0.0000  RESTRAINT  =         0.0000
 ------------------------------------------------------------------------------


 NSTEP =   177500   TIME(PS) =      17.750  TEMP(K) =    99.88  PRESS =     0.0
 Etot   =   -152620.6812  EKtot   =      7202.0947  EPtot      =   -159822.7759
 BOND   =       301.6416  ANGLE   =       780.3685  DIHED      =      1033.5458
 1-4 NB =       693.3822  1-4 EEL =      8994.2436  VDWAALS    =     24320.0052
 EELEC  =   -195945.9628  EHBOND  =         0.0000  RESTRAINT  =         0.0000
 ------------------------------------------------------------------------------


 NSTEP =   180000   TIME(PS) =      18.000  TEMP(K) =   100.22  PRESS =     0.0
 Etot   =   -152550.6334  EKtot   =      7226.1382  EPtot      =   -159776.7716
 BOND   =       275.7010  ANGLE   =       784.4182  DIHED      =      1044.1066
 1-4 NB =       700.2144  1-4 EEL =      9031.0967  VDWAALS    =     24199.7924
 EELEC  =   -195812.1008  EHBOND  =         0.0000  RESTRAINT  =         0.0000
 ------------------------------------------------------------------------------


 NSTEP =   182500   TIME(PS) =      18.250  TEMP(K) =   100.26  PRESS =     0.0
 Etot   =   -152602.8844  EKtot   =      7229.3130  EPtot      =   -159832.1974
 BOND   =       282.4600  ANGLE   =       774.9243  DIHED      =      1046.6944
 1-4 NB =       686.2449  1-4 EEL =      9025.3819  VDWAALS    =     24311.2663
 EELEC  =   -195959.1692  EHBOND  =         0.0000  RESTRAINT  =         0.0000
 ------------------------------------------------------------------------------


 NSTEP =   185000   TIME(PS) =      18.500  TEMP(K) =   100.23  PRESS =     0.0
 Etot   =   -152671.8988  EKtot   =      7227.0127  EPtot      =   -159898.9115
 BOND   =       294.5948  ANGLE   =       771.5948  DIHED      =      1040.0601
 1-4 NB =       695.7501  1-4 EEL =      9021.3339  VDWAALS    =     24316.4476
 EELEC  =   -196038.6926  EHBOND  =         0.0000  RESTRAINT  =         0.0000
 ------------------------------------------------------------------------------


 NSTEP =   187500   TIME(PS) =      18.750  TEMP(K) =   100.30  PRESS =     0.0
 Etot   =   -152609.1451  EKtot   =      7232.2896  EPtot      =   -159841.4347
 BOND   =       288.8014  ANGLE   =       792.8123  DIHED      =      1034.7998
 1-4 NB =       695.8871  1-4 EEL =      9016.8036  VDWAALS    =     24159.1776
 EELEC  =   -195829.7165  EHBOND  =         0.0000  RESTRAINT  =         0.0000
 ------------------------------------------------------------------------------


 NSTEP =   190000   TIME(PS) =      19.000  TEMP(K) =   100.43  PRESS =     0.0
 Etot   =   -152561.5194  EKtot   =      7241.9053  EPtot      =   -159803.4246
 BOND   =       286.4302  ANGLE   =       799.7226  DIHED      =      1024.6721
 1-4 NB =       695.9128  1-4 EEL =      9044.0650  VDWAALS    =     24316.7650
 EELEC  =   -195970.9923  EHBOND  =         0.0000  RESTRAINT  =         0.0000
 ------------------------------------------------------------------------------


 NSTEP =   192500   TIME(PS) =      19.250  TEMP(K) =    99.75  PRESS =     0.0
 Etot   =   -152713.3897  EKtot   =      7192.5762  EPtot      =   -159905.9659
 BOND   =       289.3621  ANGLE   =       775.9480  DIHED      =      1053.7269
 1-4 NB =       696.5933  1-4 EEL =      9045.4593  VDWAALS    =     24281.8628
 EELEC  =   -196048.9182  EHBOND  =         0.0000  RESTRAINT  =         0.0000
 ------------------------------------------------------------------------------


 NSTEP =   195000   TIME(PS) =      19.500  TEMP(K) =   100.00  PRESS =     0.0
 Etot   =   -152717.3199  EKtot   =      7210.9346  EPtot      =   -159928.2544
 BOND   =       298.6718  ANGLE   =       772.1994  DIHED      =      1036.1037
 1-4 NB =       696.7148  1-4 EEL =      9062.5254  VDWAALS    =     24394.1514
 EELEC  =   -196188.6209  EHBOND  =         0.0000  RESTRAINT  =         0.0000
 ------------------------------------------------------------------------------


 NSTEP =   197500   TIME(PS) =      19.750  TEMP(K) =   100.73  PRESS =     0.0
 Etot   =   -152618.7971  EKtot   =      7263.1592  EPtot      =   -159881.9562
 BOND   =       278.2624  ANGLE   =       775.0642  DIHED      =      1033.0904
 1-4 NB =       701.4274  1-4 EEL =      9035.9743  VDWAALS    =     24346.2656
 EELEC  =   -196052.0404  EHBOND  =         0.0000  RESTRAINT  =         0.0000
 ------------------------------------------------------------------------------


 NSTEP =   200000   TIME(PS) =      20.000  TEMP(K) =   100.09  PRESS =     0.0
 Etot   =   -152705.6953  EKtot   =      7217.1489  EPtot      =   -159922.8442
 BOND   =       275.1596  ANGLE   =       786.2932  DIHED      =      1034.8919
 1-4 NB =       692.0427  1-4 EEL =      9049.2089  VDWAALS    =     24494.3321
 EELEC  =   -196254.7726  EHBOND  =         0.0000  RESTRAINT  =         0.0000
 ------------------------------------------------------------------------------


 NSTEP =   202500   TIME(PS) =      20.250  TEMP(K) =   100.55  PRESS =     0.0
 Etot   =   -152640.0642  EKtot   =      7250.0913  EPtot      =   -159890.1555
 BOND   =       311.3198  ANGLE   =       793.6510  DIHED      =      1030.0565
 1-4 NB =       688.4512  1-4 EEL =      9012.7627  VDWAALS    =     24324.3426
 EELEC  =   -196050.7392  EHBOND  =         0.0000  RESTRAINT  =         0.0000
 ------------------------------------------------------------------------------


 NSTEP =   205000   TIME(PS) =      20.500  TEMP(K) =    99.28  PRESS =     0.0
 Etot   =   -152753.2556  EKtot   =      7158.4912  EPtot      =   -159911.7468
 BOND   =       291.4927  ANGLE   =       752.3074  DIHED      =      1060.4588
 1-4 NB =       695.7701  1-4 EEL =      9063.8025  VDWAALS    =     24261.1757
 EELEC  =   -196036.7538  EHBOND  =         0.0000  RESTRAINT  =         0.0000
 ------------------------------------------------------------------------------


 NSTEP =   207500   TIME(PS) =      20.750  TEMP(K) =   100.04  PRESS =     0.0
 Etot   =   -152740.5398  EKtot   =      7213.7144  EPtot      =   -159954.2542
 BOND   =       300.8461  ANGLE   =       751.3381  DIHED      =      1035.3330
 1-4 NB =       705.3140  1-4 EEL =      9051.3829  VDWAALS    =     24260.5403
 EELEC  =   -196059.0085  EHBOND  =         0.0000  RESTRAINT  =         0.0000
 ------------------------------------------------------------------------------


 NSTEP =   210000   TIME(PS) =      21.000  TEMP(K) =   100.68  PRESS =     0.0
 Etot   =   -152690.3843  EKtot   =      7259.4380  EPtot      =   -159949.8223
 BOND   =       279.0921  ANGLE   =       772.0849  DIHED      =      1040.7294
 1-4 NB =       707.1720  1-4 EEL =      9052.8573  VDWAALS    =     24471.6333
 EELEC  =   -196273.3913  EHBOND  =         0.0000  RESTRAINT  =         0.0000
 ------------------------------------------------------------------------------


 NSTEP =   212500   TIME(PS) =      21.250  TEMP(K) =    99.56  PRESS =     0.0
 Etot   =   -152780.8461  EKtot   =      7179.0522  EPtot      =   -159959.8984
 BOND   =       278.0226  ANGLE   =       771.7065  DIHED      =      1039.3910
 1-4 NB =       697.8891  1-4 EEL =      9063.4425  VDWAALS    =     24308.3652
 EELEC  =   -196118.7153  EHBOND  =         0.0000  RESTRAINT  =         0.0000
 ------------------------------------------------------------------------------


 NSTEP =   215000   TIME(PS) =      21.500  TEMP(K) =    98.94  PRESS =     0.0
 Etot   =   -152877.6074  EKtot   =      7134.1753  EPtot      =   -160011.7826
 BOND   =       270.2184  ANGLE   =       768.1116  DIHED      =      1027.2686
 1-4 NB =       691.9949  1-4 EEL =      9057.7045  VDWAALS    =     24481.8413
 EELEC  =   -196308.9220  EHBOND  =         0.0000  RESTRAINT  =         0.0000
 ------------------------------------------------------------------------------


 NSTEP =   217500   TIME(PS) =      21.750  TEMP(K) =    99.99  PRESS =     0.0
 Etot   =   -152791.3824  EKtot   =      7209.6558  EPtot      =   -160001.0382
 BOND   =       295.1087  ANGLE   =       755.4762  DIHED      =      1048.7221
 1-4 NB =       703.3505  1-4 EEL =      9031.0696  VDWAALS    =     24374.2596
 EELEC  =   -196209.0248  EHBOND  =         0.0000  RESTRAINT  =         0.0000
 ------------------------------------------------------------------------------


 NSTEP =   220000   TIME(PS) =      22.000  TEMP(K) =   100.11  PRESS =     0.0
 Etot   =   -152750.2577  EKtot   =      7218.4624  EPtot      =   -159968.7201
 BOND   =       280.4400  ANGLE   =       792.0971  DIHED      =      1046.0911
 1-4 NB =       690.1730  1-4 EEL =      9017.5129  VDWAALS    =     24499.0890
 EELEC  =   -196294.1231  EHBOND  =         0.0000  RESTRAINT  =         0.0000
 ------------------------------------------------------------------------------


 NSTEP =   222500   TIME(PS) =      22.250  TEMP(K) =   100.12  PRESS =     0.0
 Etot   =   -152752.3604  EKtot   =      7219.2607  EPtot      =   -159971.6211
 BOND   =       282.1132  ANGLE   =       773.3366  DIHED      =      1051.7943
 1-4 NB =       689.7174  1-4 EEL =      9052.3542  VDWAALS    =     24537.0344
 EELEC  =   -196357.9712  EHBOND  =         0.0000  RESTRAINT  =         0.0000
 ------------------------------------------------------------------------------


 NSTEP =   225000   TIME(PS) =      22.500  TEMP(K) =    99.96  PRESS =     0.0
 Etot   =   -152798.7709  EKtot   =      7207.9019  EPtot      =   -160006.6728
 BOND   =       289.4718  ANGLE   =       782.2330  DIHED      =      1031.7814
 1-4 NB =       693.9375  1-4 EEL =      9030.8752  VDWAALS    =     24417.9319
 EELEC  =   -196252.9035  EHBOND  =         0.0000  RESTRAINT  =         0.0000
 ------------------------------------------------------------------------------


 NSTEP =   227500   TIME(PS) =      22.750  TEMP(K) =    98.78  PRESS =     0.0
 Etot   =   -152919.4580  EKtot   =      7122.8369  EPtot      =   -160042.2949
 BOND   =       286.6494  ANGLE   =       778.3349  DIHED      =      1049.2240
 1-4 NB =       684.4685  1-4 EEL =      9033.0099  VDWAALS    =     24491.2338
 EELEC  =   -196365.2155  EHBOND  =         0.0000  RESTRAINT  =         0.0000
 ------------------------------------------------------------------------------


 NSTEP =   230000   TIME(PS) =      23.000  TEMP(K) =   100.00  PRESS =     0.0
 Etot   =   -152804.2736  EKtot   =      7210.4863  EPtot      =   -160014.7599
 BOND   =       295.3592  ANGLE   =       762.7550  DIHED      =      1039.6366
 1-4 NB =       691.1657  1-4 EEL =      9001.2713  VDWAALS    =     24386.9252
 EELEC  =   -196191.8729  EHBOND  =         0.0000  RESTRAINT  =         0.0000
 ------------------------------------------------------------------------------


 NSTEP =   232500   TIME(PS) =      23.250  TEMP(K) =    99.34  PRESS =     0.0
 Etot   =   -152719.7262  EKtot   =      7162.8794  EPtot      =   -159882.6056
 BOND   =       278.4340  ANGLE   =       793.9151  DIHED      =      1040.3028
 1-4 NB =       691.1789  1-4 EEL =      9033.5964  VDWAALS    =     24352.1956
 EELEC  =   -196072.2284  EHBOND  =         0.0000  RESTRAINT  =         0.0000
 ------------------------------------------------------------------------------


 NSTEP =   235000   TIME(PS) =      23.500  TEMP(K) =    99.59  PRESS =     0.0
 Etot   =   -152828.9242  EKtot   =      7181.3696  EPtot      =   -160010.2939
 BOND   =       300.2070  ANGLE   =       769.6932  DIHED      =      1037.7608
 1-4 NB =       699.9169  1-4 EEL =      9055.9493  VDWAALS    =     24564.5453
 EELEC  =   -196438.3664  EHBOND  =         0.0000  RESTRAINT  =         0.0000
 ------------------------------------------------------------------------------


 NSTEP =   237500   TIME(PS) =      23.750  TEMP(K) =   100.70  PRESS =     0.0
 Etot   =   -152719.1885  EKtot   =      7260.9717  EPtot      =   -159980.1602
 BOND   =       293.7417  ANGLE   =       762.6236  DIHED      =      1024.5857
 1-4 NB =       696.8410  1-4 EEL =      9038.3573  VDWAALS    =     24489.8563
 EELEC  =   -196286.1658  EHBOND  =         0.0000  RESTRAINT  =         0.0000
 ------------------------------------------------------------------------------


 NSTEP =   240000   TIME(PS) =      24.000  TEMP(K) =    99.36  PRESS =     0.0
 Etot   =   -152827.6178  EKtot   =      7164.7891  EPtot      =   -159992.4069
 BOND   =       285.3269  ANGLE   =       787.0898  DIHED      =      1019.7085
 1-4 NB =       693.8890  1-4 EEL =      9021.5838  VDWAALS    =     24414.1519
 EELEC  =   -196214.1567  EHBOND  =         0.0000  RESTRAINT  =         0.0000
 ------------------------------------------------------------------------------


 NSTEP =   242500   TIME(PS) =      24.250  TEMP(K) =   100.73  PRESS =     0.0
 Etot   =   -152846.7028  EKtot   =      7263.3242  EPtot      =   -160110.0270
 BOND   =       279.2649  ANGLE   =       759.1460  DIHED      =      1024.6759
 1-4 NB =       709.0215  1-4 EEL =      9035.3444  VDWAALS    =     24490.1196
 EELEC  =   -196407.5994  EHBOND  =         0.0000  RESTRAINT  =         0.0000
 ------------------------------------------------------------------------------


 NSTEP =   245000   TIME(PS) =      24.500  TEMP(K) =    99.86  PRESS =     0.0
 Etot   =   -152867.4374  EKtot   =      7200.7690  EPtot      =   -160068.2064
 BOND   =       279.6960  ANGLE   =       773.2974  DIHED      =      1036.2270
 1-4 NB =       697.6558  1-4 EEL =      9023.4082  VDWAALS    =     24410.5104
 EELEC  =   -196289.0012  EHBOND  =         0.0000  RESTRAINT  =         0.0000
 ------------------------------------------------------------------------------


 NSTEP =   247500   TIME(PS) =      24.750  TEMP(K) =   100.10  PRESS =     0.0
 Etot   =   -152883.7787  EKtot   =      7217.9346  EPtot      =   -160101.7133
 BOND   =       282.9088  ANGLE   =       778.0973  DIHED      =      1022.5346
 1-4 NB =       696.5772  1-4 EEL =      8997.1993  VDWAALS    =     24347.9459
 EELEC  =   -196226.9763  EHBOND  =         0.0000  RESTRAINT  =         0.0000
 ------------------------------------------------------------------------------


 NSTEP =   250000   TIME(PS) =      25.000  TEMP(K) =    99.16  PRESS =     0.0
 Etot   =   -152938.6178  EKtot   =      7150.2412  EPtot      =   -160088.8590
 BOND   =       284.2904  ANGLE   =       777.6758  DIHED      =      1034.3951
 1-4 NB =       698.3849  1-4 EEL =      9033.0455  VDWAALS    =     24401.7265
 EELEC  =   -196318.3771  EHBOND  =         0.0000  RESTRAINT  =         0.0000
 ------------------------------------------------------------------------------


      A V E R A G E S   O V E R     100 S T E P S


 NSTEP =   250000   TIME(PS) =      25.000  TEMP(K) =   100.55  PRESS =     0.0
 Etot   =   -152080.6480  EKtot   =      7250.5782  EPtot      =   -159331.2262
 BOND   =       288.3380  ANGLE   =       779.1595  DIHED      =      1038.7826
 1-4 NB =       695.2156  1-4 EEL =      9030.9629  VDWAALS    =     23618.0116
 EELEC  =   -194781.6963  EHBOND  =         0.0000  RESTRAINT  =         0.0000
 ------------------------------------------------------------------------------


      R M S  F L U C T U A T I O N S


 NSTEP =   250000   TIME(PS) =      25.000  TEMP(K) =     2.87  PRESS =     0.0
 Etot   =      1056.3728  EKtot   =       206.6513  EPtot      =       881.8502
 BOND   =         9.9580  ANGLE   =        14.2147  DIHED      =         8.2970
 1-4 NB =         5.9427  1-4 EEL =        20.2320  VDWAALS    =       910.8688
 EELEC  =      1775.7361  EHBOND  =         0.0000  RESTRAINT  =         0.0000
 ------------------------------------------------------------------------------

--------------------------------------------------------------------------------
   5.  TIMINGS
--------------------------------------------------------------------------------

|  NonSetup CPU Time in Major Routines:
|
|     Routine           Sec        %
|     ------------------------------
|     Nonbond          53.18   19.42
|     Bond              0.00    0.00
|     Angle             0.00    0.00
|     Dihedral          0.00    0.00
|     Shake             6.62    2.42
|     RunMD           213.42   77.93
|     Other             0.67    0.24
|     ------------------------------
|     Total           273.88

|  PME Nonbond Pairlist CPU Time:
|
|     Routine              Sec        %
|     ---------------------------------
|     Set Up Cit           0.00    0.00
|     Build List           0.00    0.00
|     ---------------------------------
|     Total                0.00    0.00

|  PME Direct Force CPU Time:
|
|     Routine              Sec        %
|     ---------------------------------
|     NonBonded Calc       0.00    0.00
|     Exclude Masked       0.00    0.00
|     Other                0.36    0.13
|     ---------------------------------
|     Total                0.36    0.13

|  PME Reciprocal Force CPU Time:
|
|     Routine              Sec        %
|     ---------------------------------
|     1D bspline           0.00    0.00
|     Grid Charges         0.00    0.00
|     Scalar Sum           0.00    0.00
|     Gradient Sum         0.00    0.00
|     FFT                  0.00    0.00
|     ---------------------------------
|     Total                0.00    0.00

|  Final Performance Info:
|     -----------------------------------------------------
|     Average timings for last   30000 steps:
|     Elapsed(s) =      33.61 Per Step(ms) =       1.12
|         ns/day =       7.71   seconds/ns =   11204.65
|
|     Average timings for all steps:
|     Elapsed(s) =     276.76 Per Step(ms) =       1.11
|         ns/day =       7.80   seconds/ns =   11070.30
|     -----------------------------------------------------

|  Setup CPU time:            1.96 seconds
|  NonSetup CPU time:       273.88 seconds
|  Total CPU time:          275.84 seconds     0.08 hours

|  Setup wall time:           3    seconds
|  NonSetup wall time:      276    seconds
|  Total wall time:         279    seconds     0.08 hours
