
          -------------------------------------------------------
          Amber 18 PMEMD                              2018
          -------------------------------------------------------

| PMEMD implementation of SANDER, Release 18

| Run on 07/02/2021 at 13:07:17

|   Executable path: pmemd.cuda
| Working directory: /home/bozhanng/Abs_MD/HEPC3-1_Fv_straight_cm_relaxed2
|          Hostname: bf21

  [-O]verwriting output

File Assignments:
|   MDIN: minall_HEPC3-1_Fv_straight_cm_relaxed2.in                             
|  MDOUT: minall_HEPC3-1_Fv_straight_cm_relaxed2.out                            
| INPCRD: minpro_HEPC3-1_Fv_straight_cm_relaxed2.crd                            
|   PARM: HEPC3-1_Fv_straight_cm_relaxed2.parm7                                 
| RESTRT: minall_HEPC3-1_Fv_straight_cm_relaxed2.crd                            
|   REFC: refc                                                                  
|  MDVEL: mdvel                                                                 
|   MDEN: mden                                                                  
|  MDCRD: mdcrd                                                                 
| MDINFO: mdinfo                                                                
|  MDFRC: mdfrc                                                                 


 Here is the input file:

Initial minimization                                                           
 &cntrl                                                                        
  ntx    = 1,       irest  = 0,       ntrx   = 1,      ntxo   = 1,             
  ntpr   = 50,      ntwx   = 0,       ntwv   = 0,      ntwe   = 0,             
                                                                               
  ntf    = 1,       ntb    = 1,                                                
  cut    = 8.0,     nsnb   = 10,                                               
                                                                               
  ibelly = 0,       ntr    = 0,                                                
                                                                               
  imin   = 1,                                                                  
  maxcyc = 10000,                                                              
  ncyc   = 500,                                                                
  ntmin  = 1,       dx0    = 0.1,     dxm    = 0.5,     drms   = 0.0001,       
                                                                               
  ntc    = 1,       tol    = 0.000001,                                         
                                                                               
 &end                                                                          


Note: ig = -1. Setting random seed to   374193 based on wallclock time in 
      microseconds.
| irandom = 1, using AMBER's internal random number generator (default).
| INFO:    The nsnb ctrl option does not affect nonbonded list update frequency.
|          It does affect steepest descent minimization freq if ntmin == 0
| INFO:    The dxm ctrl option is deprecated and ignored.
 
|--------------------- INFORMATION ----------------------
| GPU (CUDA) Version of PMEMD in use: NVIDIA GPU IN USE.
|                    Version 18.0.0
| 
|                      03/25/2018
| 
| Implementation by:
|                    Ross C. Walker     (SDSC)
|                    Scott Le Grand     (nVIDIA)
| 
| Version 18 performance extensions by:
|                    David Cerutti     (Rutgers)
| 
| Precision model in use:
|      [SPFP] - Single Precision Forces, 64-bit Fixed Point
|               Accumulation. (Default)
| 
|--------------------------------------------------------
 
|----------------- CITATION INFORMATION -----------------
|
|    When publishing work that utilized the CUDA version
|    of AMBER, please cite the following in addition to
|    the regular AMBER citations:
|
|  - Romelia Salomon-Ferrer; Andreas W. Goetz; Duncan
|    Poole; Scott Le Grand; Ross C. Walker "Routine
|    microsecond molecular dynamics simulations with
|    AMBER - Part II: Particle Mesh Ewald", J. Chem.
|    Theory Comput., 2013, 9 (9), pp3878-3888,
|    DOI: 10.1021/ct400314y.
|
|  - Andreas W. Goetz; Mark J. Williamson; Dong Xu;
|    Duncan Poole; Scott Le Grand; Ross C. Walker
|    "Routine microsecond molecular dynamics simulations
|    with AMBER - Part I: Generalized Born", J. Chem.
|    Theory Comput., 2012, 8 (5), pp1542-1555.
|
|  - Scott Le Grand; Andreas W. Goetz; Ross C. Walker
|    "SPFP: Speed without compromise - a mixed precision
|    model for GPU accelerated molecular dynamics
|    simulations.", Comp. Phys. Comm., 2013, 184
|    pp374-380, DOI: 10.1016/j.cpc.2012.09.022
|
|--------------------------------------------------------
 
|------------------- GPU DEVICE INFO --------------------
|
|            CUDA_VISIBLE_DEVICES: 1
|   CUDA Capable Devices Detected:      1
|           CUDA Device ID in use:      0
|                CUDA Device Name: GeForce GTX 1080
|     CUDA Device Global Mem Size:   8119 MB
| CUDA Device Num Multiprocessors:     20
|           CUDA Device Core Freq:   1.73 GHz
|
|--------------------------------------------------------
 
 
| Conditional Compilation Defines Used:
| PUBFFT
| BINTRAJ
| MKL
| CUDA
| EMIL

| Largest sphere to fit in unit cell has radius =    36.534

| New format PARM file being parsed.
| Version =    1.000 Date = 07/02/21 Time = 13:04:09

| Note: 1-4 EEL scale factors are being read from the topology file.

| Note: 1-4 VDW scale factors are being read from the topology file.
| Duplicated    0 dihedrals

| Duplicated    0 dihedrals

--------------------------------------------------------------------------------
   1.  RESOURCE   USE: 
--------------------------------------------------------------------------------

 getting new box info from bottom of inpcrd
 NATOM  =   46031 NTYPES =      18 NBONH =   33620 MBONA  =   12445
 NTHETH =    3878 MTHETA =    2456 NPHIH =    8128 MPHIA  =    7794
 NHPARM =       0 NPARM  =       0 NNB   =   93625 NRES   =   10875
 NBONA  =   12445 NTHETA =    2456 NPHIA =    7794 NUMBND =      72
 NUMANG =     171 NPTRA  =     194 NATYP =      36 NPHB   =       1
 IFBOX  =       1 NMXRS  =      25 IFCAP =       0 NEXTRA =   10634
 NCOPY  =       0

| Coordinate Index Table dimensions:    16   16   18
| Direct force subcell size =     4.5668    4.5975    4.5585

     BOX TYPE: RECTILINEAR

--------------------------------------------------------------------------------
   2.  CONTROL  DATA  FOR  THE  RUN
--------------------------------------------------------------------------------

default_name                                                                    

General flags:
     imin    =       1, nmropt  =       0

Nature and format of input:
     ntx     =       1, irest   =       0, ntrx    =       1

Nature and format of output:
     ntxo    =       1, ntpr    =      50, ntrx    =       1, ntwr    =       1
     iwrap   =       0, ntwx    =       0, ntwv    =       0, ntwe    =       0
     ioutfm  =       1, ntwprt  =       0, idecomp =       0, rbornstat=      0

Potential function:
     ntf     =       1, ntb     =       1, igb     =       0, nsnb    =      10
     ipol    =       0, gbsa    =       0, iesp    =       0
     dielc   =   1.00000, cut     =   8.00000, intdiel =   1.00000

Frozen or restrained atoms:
     ibelly  =       0, ntr     =       0

Energy minimization:
     maxcyc  =   10000, ncyc    =     500, ntmin   =       1
     dx0     =   0.10000, drms    =   0.00010

| Intermolecular bonds treatment:
|     no_intermolecular_bonds =       1

| Energy averages sample interval:
|     ene_avg_sampling =       1

Extra-points options:
     frameon =       1, chngmask=       1

Ewald parameters:
     verbose =       0, ew_type =       0, nbflag  =       1, use_pme =       1
     vdwmeth =       1, eedmeth =       1, netfrc  =       0
     Box X =   73.069   Box Y =   73.561   Box Z =   82.053
     Alpha =   90.000   Beta  =   90.000   Gamma =   90.000
     NFFT1 =   80       NFFT2 =   80       NFFT3 =   84
     Cutoff=    8.000   Tol   =0.100E-04
     Ewald Coefficient =  0.34864
     Interpolation order =    4
|      EXTRA_PTS, trim_bonds: num bonds BEFORE trim = 33620     0
|      EXTRA_PTS, trim_bonds: num bonds AFTER  trim = 33620     0
|      EXTRA_PTS, trim_bonds: num bonds BEFORE trim = 12445     0
|      EXTRA_PTS, trim_bonds: num bonds AFTER  trim =  1811     0
|      EXTRA_PTS, trim_theta: num angle BEFORE trim =  3878     0
|      EXTRA_PTS, trim_theta: num angle AFTER  trim =  3878     0
|      EXTRA_PTS, trim_theta: num angle BEFORE trim =  2456     0
|      EXTRA_PTS, trim_theta: num angle AFTER  trim =  2456     0
|      EXTRA_PTS, trim_phi:  num diheds BEFORE trim =  8128     0
|      EXTRA_PTS, trim_phi:  num diheds AFTER  trim =  8128     0
|      EXTRA_PTS, trim_phi:  num diheds BEFORE trim =  7794     0
|      EXTRA_PTS, trim_phi:  num diheds AFTER  trim =  7794     0

--------------------------------------------------------------------------------
   3.  ATOMIC COORDINATES AND VELOCITIES
--------------------------------------------------------------------------------

default_name                                                                    
 begin time read from input coords =     0.000 ps

 
 Number of triangulated 3-point waters found:    10634

     Sum of charges from parm topology file =   0.00005816
     Forcing neutrality...

| Dynamic Memory, Types Used:
| Reals             1202035
| Integers          2937873

| Nonbonded Pairs Initial Allocation:     7688327

| GPU memory information (estimate):
| KB of GPU memory in use:         0
| KB of CPU memory in use:         0

--------------------------------------------------------------------------------
   4.  RESULTS
--------------------------------------------------------------------------------



   NSTEP       ENERGY          RMS            GMAX         NAME    NUMBER
      1      -1.8987E+05     6.8313E-02     3.9186E+00     O       18784

 BOND    =    38953.5250  ANGLE   =      354.7661  DIHED      =      934.8829
 VDWAALS =    48723.6929  EEL     =  -288522.7684  HBOND      =        0.0000
 1-4 VDW =      669.4032  1-4 EEL =     9012.4738  RESTRAINT  =        0.0000


   NSTEP       ENERGY          RMS            GMAX         NAME    NUMBER
     50      -1.8989E+05     7.3740E-02     4.5574E+00     H2      21386

 BOND    =    38961.7538  ANGLE   =      355.1171  DIHED      =      934.7472
 VDWAALS =    48729.7459  EEL     =  -288551.4338  HBOND      =        0.0000
 1-4 VDW =      668.4219  1-4 EEL =     9011.9484  RESTRAINT  =        0.0000


   NSTEP       ENERGY          RMS            GMAX         NAME    NUMBER
    100      -1.8990E+05     1.4306E-01     8.8698E+00     H1      31009

 BOND    =    38968.0833  ANGLE   =      355.5070  DIHED      =      934.5618
 VDWAALS =    48737.5041  EEL     =  -288573.0074  HBOND      =        0.0000
 1-4 VDW =      667.7500  1-4 EEL =     9011.2871  RESTRAINT  =        0.0000


   NSTEP       ENERGY          RMS            GMAX         NAME    NUMBER
    150      -1.8991E+05     4.8701E-02     1.9326E+00     H1      31009

 BOND    =    38969.7479  ANGLE   =      355.8283  DIHED      =      934.3794
 VDWAALS =    48745.0936  EEL     =  -288589.0310  HBOND      =        0.0000
 1-4 VDW =      667.2637  1-4 EEL =     9010.7247  RESTRAINT  =        0.0000


   NSTEP       ENERGY          RMS            GMAX         NAME    NUMBER
    200      -1.8991E+05     1.1824E-01     5.8168E+00     H1      31009

 BOND    =    38973.0407  ANGLE   =      356.0620  DIHED      =      934.2053
 VDWAALS =    48752.5276  EEL     =  -288605.2139  HBOND      =        0.0000
 1-4 VDW =      666.8926  1-4 EEL =     9010.1999  RESTRAINT  =        0.0000


   NSTEP       ENERGY          RMS            GMAX         NAME    NUMBER
    250      -1.8992E+05     3.3591E-02     1.2833E+00     H2      18786

 BOND    =    38978.0870  ANGLE   =      356.2209  DIHED      =      934.0457
 VDWAALS =    48759.6259  EEL     =  -288622.8939  HBOND      =        0.0000
 1-4 VDW =      666.5910  1-4 EEL =     9009.7496  RESTRAINT  =        0.0000


   NSTEP       ENERGY          RMS            GMAX         NAME    NUMBER
    300      -1.8992E+05     1.0492E-01     4.4198E+00     H1      27493

 BOND    =    38980.8873  ANGLE   =      356.3434  DIHED      =      933.9006
 VDWAALS =    48766.5713  EEL     =  -288637.2930  HBOND      =        0.0000
 1-4 VDW =      666.3411  1-4 EEL =     9009.3649  RESTRAINT  =        0.0000


   NSTEP       ENERGY          RMS            GMAX         NAME    NUMBER
    350      -1.8993E+05     1.4712E-01     5.9859E+00     H1      27493

 BOND    =    38982.2570  ANGLE   =      356.4400  DIHED      =      933.7732
 VDWAALS =    48773.1383  EEL     =  -288649.2803  HBOND      =        0.0000
 1-4 VDW =      666.1383  1-4 EEL =     9009.0153  RESTRAINT  =        0.0000


   NSTEP       ENERGY          RMS            GMAX         NAME    NUMBER
    400      -1.8993E+05     9.4616E-02     3.7883E+00     CG        446

 BOND    =    38991.9245  ANGLE   =      356.5913  DIHED      =      933.6467
 VDWAALS =    48779.5202  EEL     =  -288669.9379  HBOND      =        0.0000
 1-4 VDW =      665.9684  1-4 EEL =     9008.5664  RESTRAINT  =        0.0000


   NSTEP       ENERGY          RMS            GMAX         NAME    NUMBER
    450      -1.8994E+05     3.4399E-02     1.8741E+00     CZ        451

 BOND    =    38990.5660  ANGLE   =      356.6239  DIHED      =      933.5387
 VDWAALS =    48785.8824  EEL     =  -288679.3462  HBOND      =        0.0000
 1-4 VDW =      665.8102  1-4 EEL =     9008.2796  RESTRAINT  =        0.0000


   NSTEP       ENERGY          RMS            GMAX         NAME    NUMBER
    500      -1.8994E+05     7.2719E-02     5.0001E+00     CE3      2373

 BOND    =    38997.8364  ANGLE   =      356.7358  DIHED      =      933.4339
 VDWAALS =    48791.8931  EEL     =  -288696.3660  HBOND      =        0.0000
 1-4 VDW =      665.6708  1-4 EEL =     9007.9473  RESTRAINT  =        0.0000


   NSTEP       ENERGY          RMS            GMAX         NAME    NUMBER
    550      -1.8996E+05     1.3700E-01     1.1753E+01     O       18792

 BOND    =    39006.7914  ANGLE   =      357.3537  DIHED      =      933.4033
 VDWAALS =    48822.9540  EEL     =  -288756.5042  HBOND      =        0.0000
 1-4 VDW =      665.0448  1-4 EEL =     9006.5773  RESTRAINT  =        0.0000


   NSTEP       ENERGY          RMS            GMAX         NAME    NUMBER
    600      -1.8997E+05     9.0517E-02     1.1240E+01     O       18792

 BOND    =    39014.2065  ANGLE   =      357.2988  DIHED      =      933.0041
 VDWAALS =    48830.4881  EEL     =  -288777.9255  HBOND      =        0.0000
 1-4 VDW =      664.9467  1-4 EEL =     9006.0813  RESTRAINT  =        0.0000


   NSTEP       ENERGY          RMS            GMAX         NAME    NUMBER
    650      -1.8998E+05     5.9826E-02     7.1878E+00     CD       3051

 BOND    =    39015.2764  ANGLE   =      357.1011  DIHED      =      932.9453
 VDWAALS =    48835.1232  EEL     =  -288787.7741  HBOND      =        0.0000
 1-4 VDW =      664.8855  1-4 EEL =     9005.9376  RESTRAINT  =        0.0000


   NSTEP       ENERGY          RMS            GMAX         NAME    NUMBER
    700      -1.8999E+05     3.5586E-02     3.6001E+00     CD       3051

 BOND    =    39023.1638  ANGLE   =      357.3418  DIHED      =      932.7019
 VDWAALS =    48850.7773  EEL     =  -288826.0472  HBOND      =        0.0000
 1-4 VDW =      664.6706  1-4 EEL =     9004.9180  RESTRAINT  =        0.0000


   NSTEP       ENERGY          RMS            GMAX         NAME    NUMBER
    750      -1.9000E+05     9.1391E-02     9.5964E+00     CD       3051

 BOND    =    39030.8114  ANGLE   =      357.0744  DIHED      =      932.8464
 VDWAALS =    48866.6139  EEL     =  -288857.3008  HBOND      =        0.0000
 1-4 VDW =      664.5100  1-4 EEL =     9004.2633  RESTRAINT  =        0.0000


   NSTEP       ENERGY          RMS            GMAX         NAME    NUMBER
    800      -1.9000E+05     9.9438E-02     1.3800E+01     CD       3051

 BOND    =    39033.6672  ANGLE   =      357.3630  DIHED      =      932.6107
 VDWAALS =    48872.5222  EEL     =  -288869.3011  HBOND      =        0.0000
 1-4 VDW =      664.5035  1-4 EEL =     9003.7447  RESTRAINT  =        0.0000


   NSTEP       ENERGY          RMS            GMAX         NAME    NUMBER
    850      -1.9001E+05     4.7300E-02     6.4038E+00     C        2819

 BOND    =    39038.3687  ANGLE   =      357.5161  DIHED      =      932.6112
 VDWAALS =    48882.8672  EEL     =  -288890.7921  HBOND      =        0.0000
 1-4 VDW =      664.4233  1-4 EEL =     9003.2212  RESTRAINT  =        0.0000


   NSTEP       ENERGY          RMS            GMAX         NAME    NUMBER
    900      -1.9002E+05     4.7722E-02     6.9993E+00     C        2819

 BOND    =    39048.4438  ANGLE   =      357.2549  DIHED      =      932.6129
 VDWAALS =    48904.3248  EEL     =  -288933.7359  HBOND      =        0.0000
 1-4 VDW =      664.2128  1-4 EEL =     9002.6033  RESTRAINT  =        0.0000


   NSTEP       ENERGY          RMS            GMAX         NAME    NUMBER
    950      -1.9003E+05     3.7033E-02     3.6715E+00     C        2819

 BOND    =    39052.9945  ANGLE   =      357.6630  DIHED      =      932.5679
 VDWAALS =    48915.0629  EEL     =  -288954.0093  HBOND      =        0.0000
 1-4 VDW =      664.1929  1-4 EEL =     9002.0905  RESTRAINT  =        0.0000


   NSTEP       ENERGY          RMS            GMAX         NAME    NUMBER
   1000      -1.9004E+05     4.9902E-02     6.1460E+00     CD        143

 BOND    =    39059.9758  ANGLE   =      357.7259  DIHED      =      932.5693
 VDWAALS =    48930.6324  EEL     =  -288983.3535  HBOND      =        0.0000
 1-4 VDW =      664.1246  1-4 EEL =     9001.6253  RESTRAINT  =        0.0000


   NSTEP       ENERGY          RMS            GMAX         NAME    NUMBER
   1050      -1.9004E+05     3.0620E-01     2.8245E+01     CD        143

 BOND    =    39079.4842  ANGLE   =      357.9914  DIHED      =      932.7648
 VDWAALS =    48946.7310  EEL     =  -289024.6620  HBOND      =        0.0000
 1-4 VDW =      663.9914  1-4 EEL =     9001.2821  RESTRAINT  =        0.0000


   NSTEP       ENERGY          RMS            GMAX         NAME    NUMBER
   1100      -1.9005E+05     1.1691E-01     1.0352E+01     HA3      2818

 BOND    =    39077.4574  ANGLE   =      358.2850  DIHED      =      932.8454
 VDWAALS =    48966.2814  EEL     =  -289054.3162  HBOND      =        0.0000
 1-4 VDW =      664.1390  1-4 EEL =     9000.6097  RESTRAINT  =        0.0000


   NSTEP       ENERGY          RMS            GMAX         NAME    NUMBER
   1150      -1.9007E+05     5.7184E-02     6.0044E+00     N        2814

 BOND    =    39086.8722  ANGLE   =      358.0625  DIHED      =      932.7680
 VDWAALS =    48986.6750  EEL     =  -289094.4181  HBOND      =        0.0000
 1-4 VDW =      663.9941  1-4 EEL =     9000.2017  RESTRAINT  =        0.0000


   NSTEP       ENERGY          RMS            GMAX         NAME    NUMBER
   1200      -1.9007E+05     9.4676E-02     1.2908E+01     CD       3051

 BOND    =    39090.8154  ANGLE   =      357.6190  DIHED      =      932.8788
 VDWAALS =    48996.4875  EEL     =  -289112.7881  HBOND      =        0.0000
 1-4 VDW =      663.8807  1-4 EEL =     9000.3178  RESTRAINT  =        0.0000


   NSTEP       ENERGY          RMS            GMAX         NAME    NUMBER
   1250      -1.9008E+05     8.2973E-02     1.6347E+01     CD       3051

 BOND    =    39094.5787  ANGLE   =      358.2506  DIHED      =      932.9233
 VDWAALS =    49005.0940  EEL     =  -289130.5941  HBOND      =        0.0000
 1-4 VDW =      663.9740  1-4 EEL =     8999.9972  RESTRAINT  =        0.0000


   NSTEP       ENERGY          RMS            GMAX         NAME    NUMBER
   1300      -1.9008E+05     8.1005E-02     9.9752E+00     C        2819

 BOND    =    39100.3630  ANGLE   =      357.8373  DIHED      =      932.9782
 VDWAALS =    49017.9283  EEL     =  -289154.1210  HBOND      =        0.0000
 1-4 VDW =      663.7927  1-4 EEL =     9000.0241  RESTRAINT  =        0.0000


   NSTEP       ENERGY          RMS            GMAX         NAME    NUMBER
   1350      -1.9009E+05     3.8441E-02     3.1216E+00     N        2821

 BOND    =    39105.7469  ANGLE   =      358.3778  DIHED      =      933.0466
 VDWAALS =    49030.1009  EEL     =  -289178.2881  HBOND      =        0.0000
 1-4 VDW =      663.8512  1-4 EEL =     8999.5827  RESTRAINT  =        0.0000


   NSTEP       ENERGY          RMS            GMAX         NAME    NUMBER
   1400      -1.9009E+05     1.0477E-01     1.4153E+01     C        2819

 BOND    =    39112.0530  ANGLE   =      358.0149  DIHED      =      933.2772
 VDWAALS =    49041.8578  EEL     =  -289200.9565  HBOND      =        0.0000
 1-4 VDW =      663.6759  1-4 EEL =     8999.6064  RESTRAINT  =        0.0000


   NSTEP       ENERGY          RMS            GMAX         NAME    NUMBER
   1450      -1.9011E+05     7.0151E-02     9.0706E+00     CD       3051

 BOND    =    39126.1395  ANGLE   =      358.6313  DIHED      =      933.3741
 VDWAALS =    49071.2528  EEL     =  -289260.8674  HBOND      =        0.0000
 1-4 VDW =      663.6450  1-4 EEL =     8998.9827  RESTRAINT  =        0.0000


   NSTEP       ENERGY          RMS            GMAX         NAME    NUMBER
   1500      -1.9012E+05     6.4359E-02     7.0430E+00     CD       3051

 BOND    =    39137.0092  ANGLE   =      358.5722  DIHED      =      933.5023
 VDWAALS =    49093.9295  EEL     =  -289305.1838  HBOND      =        0.0000
 1-4 VDW =      663.5299  1-4 EEL =     8998.8969  RESTRAINT  =        0.0000


   NSTEP       ENERGY          RMS            GMAX         NAME    NUMBER
   1550      -1.9012E+05     3.1048E-01     6.7650E+01     CD       3051

 BOND    =    39145.9416  ANGLE   =      359.1386  DIHED      =      933.7643
 VDWAALS =    49105.4113  EEL     =  -289330.4285  HBOND      =        0.0000
 1-4 VDW =      663.4819  1-4 EEL =     8998.5260  RESTRAINT  =        0.0000


   NSTEP       ENERGY          RMS            GMAX         NAME    NUMBER
   1600      -1.9014E+05     3.6671E-02     3.3362E+00     C        2819

 BOND    =    39147.6663  ANGLE   =      358.8203  DIHED      =      933.7916
 VDWAALS =    49123.3422  EEL     =  -289360.6526  HBOND      =        0.0000
 1-4 VDW =      663.4061  1-4 EEL =     8998.4675  RESTRAINT  =        0.0000


   NSTEP       ENERGY          RMS            GMAX         NAME    NUMBER
   1650      -1.9014E+05     5.9461E-02     7.3226E+00     CD       3051

 BOND    =    39152.7174  ANGLE   =      358.8695  DIHED      =      933.8498
 VDWAALS =    49132.0389  EEL     =  -289378.8833  HBOND      =        0.0000
 1-4 VDW =      663.3449  1-4 EEL =     8998.6520  RESTRAINT  =        0.0000


   NSTEP       ENERGY          RMS            GMAX         NAME    NUMBER
   1700      -1.9014E+05     7.3291E-02     9.1972E+00     CD       3051

 BOND    =    39154.9298  ANGLE   =      359.2264  DIHED      =      933.9782
 VDWAALS =    49139.5486  EEL     =  -289392.9861  HBOND      =        0.0000
 1-4 VDW =      663.3627  1-4 EEL =     8998.2079  RESTRAINT  =        0.0000


   NSTEP       ENERGY          RMS            GMAX         NAME    NUMBER
   1750      -1.9016E+05     5.6437E-02     6.1844E+00     O       36936

 BOND    =    39170.7772  ANGLE   =      358.9815  DIHED      =      934.1776
 VDWAALS =    49167.0138  EEL     =  -289454.9099  HBOND      =        0.0000
 1-4 VDW =      663.1568  1-4 EEL =     8998.2745  RESTRAINT  =        0.0000


   NSTEP       ENERGY          RMS            GMAX         NAME    NUMBER
   1800      -1.9017E+05     5.7583E-02     4.8953E+00     CD       3051

 BOND    =    39176.0896  ANGLE   =      359.5307  DIHED      =      934.2601
 VDWAALS =    49178.1149  EEL     =  -289478.2842  HBOND      =        0.0000
 1-4 VDW =      663.1236  1-4 EEL =     8998.0362  RESTRAINT  =        0.0000


   NSTEP       ENERGY          RMS            GMAX         NAME    NUMBER
   1850      -1.9017E+05     4.9979E-02     4.9143E+00     CD       3051

 BOND    =    39179.6893  ANGLE   =      359.0962  DIHED      =      934.2541
 VDWAALS =    49185.4454  EEL     =  -289493.6350  HBOND      =        0.0000
 1-4 VDW =      663.0935  1-4 EEL =     8998.1681  RESTRAINT  =        0.0000


   NSTEP       ENERGY          RMS            GMAX         NAME    NUMBER
   1900      -1.9019E+05     1.5234E-01     2.4248E+01     CD       3051

 BOND    =    39194.2823  ANGLE   =      359.4608  DIHED      =      934.4557
 VDWAALS =    49214.7101  EEL     =  -289551.7198  HBOND      =        0.0000
 1-4 VDW =      663.0889  1-4 EEL =     8998.0211  RESTRAINT  =        0.0000


   NSTEP       ENERGY          RMS            GMAX         NAME    NUMBER
   1950      -1.9019E+05     3.6255E-02     2.7784E+00     CD       3051

 BOND    =    39195.0112  ANGLE   =      359.2807  DIHED      =      934.4728
 VDWAALS =    49221.4274  EEL     =  -289564.0489  HBOND      =        0.0000
 1-4 VDW =      663.0697  1-4 EEL =     8997.8547  RESTRAINT  =        0.0000


   NSTEP       ENERGY          RMS            GMAX         NAME    NUMBER
   2000      -1.9019E+05     6.0627E-01     1.2592E+02     CD       3051

 BOND    =    39209.7435  ANGLE   =      360.9568  DIHED      =      934.6233
 VDWAALS =    49237.9485  EEL     =  -289596.8632  HBOND      =        0.0000
 1-4 VDW =      663.2913  1-4 EEL =     8997.6297  RESTRAINT  =        0.0000


   NSTEP       ENERGY          RMS            GMAX         NAME    NUMBER
   2050      -1.9020E+05     2.9076E-01     4.0833E+01     CD       3051

 BOND    =    39207.5125  ANGLE   =      362.3880  DIHED      =      935.0621
 VDWAALS =    49246.1224  EEL     =  -289611.9551  HBOND      =        0.0000
 1-4 VDW =      663.1129  1-4 EEL =     8997.4081  RESTRAINT  =        0.0000


   NSTEP       ENERGY          RMS            GMAX         NAME    NUMBER
   2100      -1.9022E+05     1.0818E-01     8.2990E+00     O       37872

 BOND    =    39221.1846  ANGLE   =      359.1403  DIHED      =      934.9069
 VDWAALS =    49275.9306  EEL     =  -289672.9786  HBOND      =        0.0000
 1-4 VDW =      663.1440  1-4 EEL =     8997.6583  RESTRAINT  =        0.0000


   NSTEP       ENERGY          RMS            GMAX         NAME    NUMBER
   2150      -1.9023E+05     3.9203E-02     3.3142E+00     O       37872

 BOND    =    39224.4162  ANGLE   =      359.3830  DIHED      =      934.9429
 VDWAALS =    49286.2555  EEL     =  -289693.0149  HBOND      =        0.0000
 1-4 VDW =      663.0648  1-4 EEL =     8997.4045  RESTRAINT  =        0.0000


   NSTEP       ENERGY          RMS            GMAX         NAME    NUMBER
   2200      -1.9023E+05     4.7830E-01     9.8413E+01     CD       3051

 BOND    =    39242.7535  ANGLE   =      361.1767  DIHED      =      935.2231
 VDWAALS =    49299.1035  EEL     =  -289727.6181  HBOND      =        0.0000
 1-4 VDW =      663.1574  1-4 EEL =     8997.2586  RESTRAINT  =        0.0000


   NSTEP       ENERGY          RMS            GMAX         NAME    NUMBER
   2250      -1.9025E+05     4.1309E-01     5.8229E+01     CD       3051

 BOND    =    39250.6268  ANGLE   =      362.8085  DIHED      =      935.3701
 VDWAALS =    49327.6682  EEL     =  -289781.7277  HBOND      =        0.0000
 1-4 VDW =      662.8697  1-4 EEL =     8997.2998  RESTRAINT  =        0.0000


   NSTEP       ENERGY          RMS            GMAX         NAME    NUMBER
   2300      -1.9026E+05     2.9428E-01     3.0126E+01     H2      31042

 BOND    =    39268.9829  ANGLE   =      359.9768  DIHED      =      935.4144
 VDWAALS =    49346.2370  EEL     =  -289826.1711  HBOND      =        0.0000
 1-4 VDW =      663.0029  1-4 EEL =     8996.6170  RESTRAINT  =        0.0000


   NSTEP       ENERGY          RMS            GMAX         NAME    NUMBER
   2350      -1.9026E+05     2.9495E-02     2.3826E+00     CD       3051

 BOND    =    39254.3415  ANGLE   =      359.7404  DIHED      =      935.4224
 VDWAALS =    49352.0257  EEL     =  -289822.3550  HBOND      =        0.0000
 1-4 VDW =      663.0503  1-4 EEL =     8996.3148  RESTRAINT  =        0.0000


   NSTEP       ENERGY          RMS            GMAX         NAME    NUMBER
   2400      -1.9027E+05     4.1684E-01     2.4780E+01     H1      38573

 BOND    =    39276.4431  ANGLE   =      361.8727  DIHED      =      936.3150
 VDWAALS =    49387.8403  EEL     =  -289889.3881  HBOND      =        0.0000
 1-4 VDW =      663.1765  1-4 EEL =     8994.4398  RESTRAINT  =        0.0000


   NSTEP       ENERGY          RMS            GMAX         NAME    NUMBER
   2450      -1.9028E+05     4.6206E-02     3.2813E+00     CB        749

 BOND    =    39272.4115  ANGLE   =      359.7744  DIHED      =      935.5849
 VDWAALS =    49392.2071  EEL     =  -289899.3869  HBOND      =        0.0000
 1-4 VDW =      663.0671  1-4 EEL =     8995.5735  RESTRAINT  =        0.0000


   NSTEP       ENERGY          RMS            GMAX         NAME    NUMBER
   2500      -1.9028E+05     1.9848E-01     1.9077E+01     CB        749

 BOND    =    39276.5696  ANGLE   =      361.0531  DIHED      =      935.8564
 VDWAALS =    49399.9611  EEL     =  -289915.1064  HBOND      =        0.0000
 1-4 VDW =      663.0470  1-4 EEL =     8995.5572  RESTRAINT  =        0.0000


   NSTEP       ENERGY          RMS            GMAX         NAME    NUMBER
   2550      -1.9029E+05     4.4989E-02     4.5391E+00     CB        749

 BOND    =    39278.6160  ANGLE   =      359.8894  DIHED      =      935.6604
 VDWAALS =    49406.1007  EEL     =  -289926.8878  HBOND      =        0.0000
 1-4 VDW =      663.0974  1-4 EEL =     8995.4732  RESTRAINT  =        0.0000


   NSTEP       ENERGY          RMS            GMAX         NAME    NUMBER
   2600      -1.9030E+05     1.4949E-01     9.2778E+00     C        3486

 BOND    =    39293.0384  ANGLE   =      360.0049  DIHED      =      935.8557
 VDWAALS =    49432.3166  EEL     =  -289979.6425  HBOND      =        0.0000
 1-4 VDW =      663.1253  1-4 EEL =     8995.2731  RESTRAINT  =        0.0000


   NSTEP       ENERGY          RMS            GMAX         NAME    NUMBER
   2650      -1.9030E+05     5.7953E-02     6.4351E+00     C        3486

 BOND    =    39292.5406  ANGLE   =      360.3084  DIHED      =      935.9235
 VDWAALS =    49435.5136  EEL     =  -289987.8327  HBOND      =        0.0000
 1-4 VDW =      663.2427  1-4 EEL =     8995.5613  RESTRAINT  =        0.0000


   NSTEP       ENERGY          RMS            GMAX         NAME    NUMBER
   2700      -1.9031E+05     1.1791E-01     1.9717E+01     H2      10574

 BOND    =    39299.2447  ANGLE   =      359.6747  DIHED      =      935.8078
 VDWAALS =    49446.3610  EEL     =  -290010.7008  HBOND      =        0.0000
 1-4 VDW =      663.0742  1-4 EEL =     8995.3133  RESTRAINT  =        0.0000


   NSTEP       ENERGY          RMS            GMAX         NAME    NUMBER
   2750      -1.9032E+05     4.6806E-02     4.2370E+00     CD       3418

 BOND    =    39301.3650  ANGLE   =      359.9384  DIHED      =      935.9074
 VDWAALS =    49453.6446  EEL     =  -290025.7215  HBOND      =        0.0000
 1-4 VDW =      663.1853  1-4 EEL =     8995.4662  RESTRAINT  =        0.0000


   NSTEP       ENERGY          RMS            GMAX         NAME    NUMBER
   2800      -1.9032E+05     4.7205E-02     5.2978E+00     CD       3418

 BOND    =    39306.9059  ANGLE   =      360.0708  DIHED      =      935.9643
 VDWAALS =    49466.3366  EEL     =  -290049.9028  HBOND      =        0.0000
 1-4 VDW =      663.2415  1-4 EEL =     8995.5084  RESTRAINT  =        0.0000


   NSTEP       ENERGY          RMS            GMAX         NAME    NUMBER
   2850      -1.9033E+05     2.1980E-01     1.7858E+01     CD       3051

 BOND    =    39316.4164  ANGLE   =      360.1588  DIHED      =      936.0545
 VDWAALS =    49487.6258  EEL     =  -290088.8669  HBOND      =        0.0000
 1-4 VDW =      663.3344  1-4 EEL =     8995.5480  RESTRAINT  =        0.0000


   NSTEP       ENERGY          RMS            GMAX         NAME    NUMBER
   2900      -1.9033E+05     4.6330E-02     6.9839E+00     CD       3051

 BOND    =    39318.7444  ANGLE   =      360.0124  DIHED      =      936.0801
 VDWAALS =    49493.8240  EEL     =  -290101.5066  HBOND      =        0.0000
 1-4 VDW =      663.3241  1-4 EEL =     8995.5023  RESTRAINT  =        0.0000


   NSTEP       ENERGY          RMS            GMAX         NAME    NUMBER
   2950      -1.9036E+05     1.2739E-01     9.8327E+00     O       31124

 BOND    =    39342.2026  ANGLE   =      360.7229  DIHED      =      936.4326
 VDWAALS =    49543.3521  EEL     =  -290198.3881  HBOND      =        0.0000
 1-4 VDW =      663.4060  1-4 EEL =     8995.8486  RESTRAINT  =        0.0000


   NSTEP       ENERGY          RMS            GMAX         NAME    NUMBER
   3000      -1.9036E+05     3.5508E-02     3.4064E+00     C        3406

 BOND    =    39344.2376  ANGLE   =      360.0115  DIHED      =      936.3216
 VDWAALS =    49545.2588  EEL     =  -290205.7216  HBOND      =        0.0000
 1-4 VDW =      663.4263  1-4 EEL =     8995.4350  RESTRAINT  =        0.0000


   NSTEP       ENERGY          RMS            GMAX         NAME    NUMBER
   3050      -1.9037E+05     1.6560E-01     2.2457E+01     CD       3051

 BOND    =    39352.7613  ANGLE   =      360.0870  DIHED      =      936.4719
 VDWAALS =    49563.5979  EEL     =  -290238.8557  HBOND      =        0.0000
 1-4 VDW =      663.4115  1-4 EEL =     8995.2462  RESTRAINT  =        0.0000


   NSTEP       ENERGY          RMS            GMAX         NAME    NUMBER
   3100      -1.9037E+05     2.9029E-02     2.9457E+00     O       23964

 BOND    =    39354.7369  ANGLE   =      360.2159  DIHED      =      936.3816
 VDWAALS =    49571.5766  EEL     =  -290254.4172  HBOND      =        0.0000
 1-4 VDW =      663.3745  1-4 EEL =     8995.7124  RESTRAINT  =        0.0000


   NSTEP       ENERGY          RMS            GMAX         NAME    NUMBER
   3150      -1.9038E+05     8.7384E-02     1.1821E+01     CD       3051

 BOND    =    39364.5237  ANGLE   =      360.2000  DIHED      =      936.2124
 VDWAALS =    49582.7288  EEL     =  -290280.6606  HBOND      =        0.0000
 1-4 VDW =      663.3928  1-4 EEL =     8995.4734  RESTRAINT  =        0.0000


   NSTEP       ENERGY          RMS            GMAX         NAME    NUMBER
   3200      -1.9039E+05     5.1182E-02     7.4819E+00     H1      23965

 BOND    =    39365.9198  ANGLE   =      360.2381  DIHED      =      935.2758
 VDWAALS =    49598.8117  EEL     =  -290306.9898  HBOND      =        0.0000
 1-4 VDW =      663.3004  1-4 EEL =     8995.8789  RESTRAINT  =        0.0000


   NSTEP       ENERGY          RMS            GMAX         NAME    NUMBER
   3250      -1.9039E+05     4.9622E-02     7.9124E+00     OG1      1810

 BOND    =    39370.6032  ANGLE   =      360.1978  DIHED      =      934.9229
 VDWAALS =    49604.4256  EEL     =  -290320.1054  HBOND      =        0.0000
 1-4 VDW =      663.3450  1-4 EEL =     8995.6707  RESTRAINT  =        0.0000


   NSTEP       ENERGY          RMS            GMAX         NAME    NUMBER
   3300      -1.9041E+05     1.2724E-01     2.0974E+01     OG1      1810

 BOND    =    39382.3529  ANGLE   =      360.2152  DIHED      =      934.5544
 VDWAALS =    49630.2459  EEL     =  -290371.7522  HBOND      =        0.0000
 1-4 VDW =      663.5145  1-4 EEL =     8995.3175  RESTRAINT  =        0.0000


   NSTEP       ENERGY          RMS            GMAX         NAME    NUMBER
   3350      -1.9041E+05     1.4707E-01     2.1834E+01     CD       3051

 BOND    =    39385.6886  ANGLE   =      360.3819  DIHED      =      934.5181
 VDWAALS =    49640.3292  EEL     =  -290389.6653  HBOND      =        0.0000
 1-4 VDW =      663.4795  1-4 EEL =     8994.6448  RESTRAINT  =        0.0000


   NSTEP       ENERGY          RMS            GMAX         NAME    NUMBER
   3400      -1.9042E+05     1.0026E-01     1.4031E+01     CD       3051

 BOND    =    39396.8912  ANGLE   =      360.1250  DIHED      =      934.3252
 VDWAALS =    49653.8198  EEL     =  -290420.9465  HBOND      =        0.0000
 1-4 VDW =      663.5406  1-4 EEL =     8994.2789  RESTRAINT  =        0.0000


   NSTEP       ENERGY          RMS            GMAX         NAME    NUMBER
   3450      -1.9043E+05     1.1353E-01     1.0436E+01     CD       3051

 BOND    =    39396.1344  ANGLE   =      360.1387  DIHED      =      934.2298
 VDWAALS =    49675.7106  EEL     =  -290452.2928  HBOND      =        0.0000
 1-4 VDW =      663.7597  1-4 EEL =     8994.6728  RESTRAINT  =        0.0000


   NSTEP       ENERGY          RMS            GMAX         NAME    NUMBER
   3500      -1.9043E+05     3.7497E-02     4.3314E+00     CD       3051

 BOND    =    39404.7700  ANGLE   =      359.9293  DIHED      =      934.1999
 VDWAALS =    49683.0665  EEL     =  -290472.0988  HBOND      =        0.0000
 1-4 VDW =      663.7235  1-4 EEL =     8994.9076  RESTRAINT  =        0.0000


   NSTEP       ENERGY          RMS            GMAX         NAME    NUMBER
   3550      -1.9045E+05     5.8648E-02     4.7080E+00     CD       3051

 BOND    =    39420.3683  ANGLE   =      359.7611  DIHED      =      934.1314
 VDWAALS =    49719.7725  EEL     =  -290540.1233  HBOND      =        0.0000
 1-4 VDW =      663.9183  1-4 EEL =     8995.5863  RESTRAINT  =        0.0000


   NSTEP       ENERGY          RMS            GMAX         NAME    NUMBER
   3600      -1.9045E+05     6.0110E-02     3.5395E+00     CB        749

 BOND    =    39425.3774  ANGLE   =      359.6808  DIHED      =      934.1306
 VDWAALS =    49729.5994  EEL     =  -290560.7287  HBOND      =        0.0000
 1-4 VDW =      664.0486  1-4 EEL =     8995.5687  RESTRAINT  =        0.0000


   NSTEP       ENERGY          RMS            GMAX         NAME    NUMBER
   3650      -1.9046E+05     4.2266E-02     3.4465E+00     CD       3051

 BOND    =    39425.7249  ANGLE   =      359.7785  DIHED      =      934.0795
 VDWAALS =    49733.7608  EEL     =  -290569.3496  HBOND      =        0.0000
 1-4 VDW =      663.9543  1-4 EEL =     8995.8707  RESTRAINT  =        0.0000


   NSTEP       ENERGY          RMS            GMAX         NAME    NUMBER
   3700      -1.9046E+05     7.7572E-02     8.6773E+00     CD       3051

 BOND    =    39428.6454  ANGLE   =      359.4367  DIHED      =      934.2533
 VDWAALS =    49740.5084  EEL     =  -290583.0884  HBOND      =        0.0000
 1-4 VDW =      664.0358  1-4 EEL =     8995.8757  RESTRAINT  =        0.0000


   NSTEP       ENERGY          RMS            GMAX         NAME    NUMBER
   3750      -1.9046E+05     4.8735E-02     3.7911E+00     CD       3051

 BOND    =    39431.4578  ANGLE   =      359.9244  DIHED      =      934.0577
 VDWAALS =    49746.9451  EEL     =  -290596.4887  HBOND      =        0.0000
 1-4 VDW =      664.0622  1-4 EEL =     8995.9951  RESTRAINT  =        0.0000


   NSTEP       ENERGY          RMS            GMAX         NAME    NUMBER
   3800      -1.9047E+05     3.2981E-02     1.7788E+00     H2      29774

 BOND    =    39435.0238  ANGLE   =      359.5257  DIHED      =      934.0322
 VDWAALS =    49754.6462  EEL     =  -290611.3393  HBOND      =        0.0000
 1-4 VDW =      664.0275  1-4 EEL =     8996.2301  RESTRAINT  =        0.0000


   NSTEP       ENERGY          RMS            GMAX         NAME    NUMBER
   3850      -1.9048E+05     2.1799E-01     2.3261E+01     C         759

 BOND    =    39449.8226  ANGLE   =      359.7036  DIHED      =      935.1042
 VDWAALS =    49782.1959  EEL     =  -290663.5314  HBOND      =        0.0000
 1-4 VDW =      664.1074  1-4 EEL =     8996.7104  RESTRAINT  =        0.0000


   NSTEP       ENERGY          RMS            GMAX         NAME    NUMBER
   3900      -1.9048E+05     7.7888E-02     1.0439E+01     CD       3051

 BOND    =    39448.5937  ANGLE   =      359.7776  DIHED      =      934.1066
 VDWAALS =    49790.5743  EEL     =  -290676.4583  HBOND      =        0.0000
 1-4 VDW =      664.1750  1-4 EEL =     8996.6412  RESTRAINT  =        0.0000


   NSTEP       ENERGY          RMS            GMAX         NAME    NUMBER
   3950      -1.9049E+05     2.6605E-01     6.5653E+01     H2      40254

 BOND    =    39463.1059  ANGLE   =      359.4718  DIHED      =      934.3801
 VDWAALS =    49811.2201  EEL     =  -290718.7479  HBOND      =        0.0000
 1-4 VDW =      664.1475  1-4 EEL =     8996.9761  RESTRAINT  =        0.0000


   NSTEP       ENERGY          RMS            GMAX         NAME    NUMBER
   4000      -1.9050E+05     6.7433E-02     1.3050E+01     H1      40253

 BOND    =    39462.0892  ANGLE   =      359.6892  DIHED      =      934.1432
 VDWAALS =    49817.1722  EEL     =  -290729.3997  HBOND      =        0.0000
 1-4 VDW =      664.1867  1-4 EEL =     8996.8601  RESTRAINT  =        0.0000


   NSTEP       ENERGY          RMS            GMAX         NAME    NUMBER
   4050      -1.9051E+05     3.8342E-02     4.7229E+00     H1      40253

 BOND    =    39479.7722  ANGLE   =      359.7001  DIHED      =      934.2831
 VDWAALS =    49862.1127  EEL     =  -290811.0390  HBOND      =        0.0000
 1-4 VDW =      664.3541  1-4 EEL =     8997.0377  RESTRAINT  =        0.0000


   NSTEP       ENERGY          RMS            GMAX         NAME    NUMBER
   4100      -1.9052E+05     6.5340E-02     9.4524E+00     H2      40254

 BOND    =    39482.0353  ANGLE   =      359.9494  DIHED      =      934.2820
 VDWAALS =    49865.5428  EEL     =  -290820.0711  HBOND      =        0.0000
 1-4 VDW =      664.3321  1-4 EEL =     8997.1339  RESTRAINT  =        0.0000


   NSTEP       ENERGY          RMS            GMAX         NAME    NUMBER
   4150      -1.9052E+05     1.0519E-01     1.0928E+01     H2      40254

 BOND    =    39485.4893  ANGLE   =      360.1385  DIHED      =      934.2918
 VDWAALS =    49874.0536  EEL     =  -290835.7717  HBOND      =        0.0000
 1-4 VDW =      664.3237  1-4 EEL =     8997.2991  RESTRAINT  =        0.0000


   NSTEP       ENERGY          RMS            GMAX         NAME    NUMBER
   4200      -1.9053E+05     1.3734E-01     1.2947E+01     NE2       624

 BOND    =    39491.5206  ANGLE   =      359.7657  DIHED      =      934.3511
 VDWAALS =    49886.6119  EEL     =  -290860.3512  HBOND      =        0.0000
 1-4 VDW =      664.4169  1-4 EEL =     8997.2664  RESTRAINT  =        0.0000


   NSTEP       ENERGY          RMS            GMAX         NAME    NUMBER
   4250      -1.9054E+05     4.4451E-02     3.9715E+00     H2      39366

 BOND    =    39504.4146  ANGLE   =      360.0690  DIHED      =      934.3487
 VDWAALS =    49914.8816  EEL     =  -290916.1101  HBOND      =        0.0000
 1-4 VDW =      664.4970  1-4 EEL =     8997.2054  RESTRAINT  =        0.0000


   NSTEP       ENERGY          RMS            GMAX         NAME    NUMBER
   4300      -1.9054E+05     6.3281E-02     6.3839E+00     HG3       621

 BOND    =    39506.6997  ANGLE   =      359.9159  DIHED      =      934.4013
 VDWAALS =    49921.1497  EEL     =  -290927.8314  HBOND      =        0.0000
 1-4 VDW =      664.4711  1-4 EEL =     8997.6588  RESTRAINT  =        0.0000


   NSTEP       ENERGY          RMS            GMAX         NAME    NUMBER
   4350      -1.9055E+05     1.3132E-01     1.0838E+01     CG        619

 BOND    =    39511.4339  ANGLE   =      360.1452  DIHED      =      934.3889
 VDWAALS =    49927.9268  EEL     =  -290941.9870  HBOND      =        0.0000
 1-4 VDW =      664.5435  1-4 EEL =     8997.2939  RESTRAINT  =        0.0000


   NSTEP       ENERGY          RMS            GMAX         NAME    NUMBER
   4400      -1.9055E+05     2.9068E-01     3.1958E+01     CD       3051

 BOND    =    39519.5469  ANGLE   =      361.1843  DIHED      =      934.5794
 VDWAALS =    49942.8878  EEL     =  -290970.1668  HBOND      =        0.0000
 1-4 VDW =      664.6010  1-4 EEL =     8997.0541  RESTRAINT  =        0.0000


   NSTEP       ENERGY          RMS            GMAX         NAME    NUMBER
   4450      -1.9056E+05     3.4471E-02     4.3528E+00     CD       3051

 BOND    =    39523.4402  ANGLE   =      360.2763  DIHED      =      934.5088
 VDWAALS =    49958.7801  EEL     =  -291002.1700  HBOND      =        0.0000
 1-4 VDW =      664.8114  1-4 EEL =     8997.1954  RESTRAINT  =        0.0000


   NSTEP       ENERGY          RMS            GMAX         NAME    NUMBER
   4500      -1.9057E+05     3.2293E-02     2.4518E+00     CD       3051

 BOND    =    39528.2418  ANGLE   =      360.2708  DIHED      =      934.4457
 VDWAALS =    49968.2473  EEL     =  -291022.3937  HBOND      =        0.0000
 1-4 VDW =      664.8674  1-4 EEL =     8997.1865  RESTRAINT  =        0.0000


   NSTEP       ENERGY          RMS            GMAX         NAME    NUMBER
   4550      -1.9057E+05     4.7695E-02     5.1934E+00     CD       3051

 BOND    =    39530.7990  ANGLE   =      360.2551  DIHED      =      934.4632
 VDWAALS =    49973.2959  EEL     =  -291033.1940  HBOND      =        0.0000
 1-4 VDW =      664.9392  1-4 EEL =     8997.2306  RESTRAINT  =        0.0000


   NSTEP       ENERGY          RMS            GMAX         NAME    NUMBER
   4600      -1.9058E+05     3.7467E-02     3.1460E+00     NE2       624

 BOND    =    39533.8322  ANGLE   =      360.3821  DIHED      =      934.5223
 VDWAALS =    49979.0503  EEL     =  -291045.6085  HBOND      =        0.0000
 1-4 VDW =      665.0500  1-4 EEL =     8997.2258  RESTRAINT  =        0.0000


   NSTEP       ENERGY          RMS            GMAX         NAME    NUMBER
   4650      -1.9058E+05     3.1823E-02     3.9280E+00     CD       3051

 BOND    =    39535.9203  ANGLE   =      360.4548  DIHED      =      934.5075
 VDWAALS =    49983.8092  EEL     =  -291055.6413  HBOND      =        0.0000
 1-4 VDW =      665.0895  1-4 EEL =     8997.2491  RESTRAINT  =        0.0000


   NSTEP       ENERGY          RMS            GMAX         NAME    NUMBER
   4700      -1.9059E+05     3.6410E-02     3.5037E+00     H1      36557

 BOND    =    39541.2592  ANGLE   =      360.5684  DIHED      =      934.5002
 VDWAALS =    49993.9475  EEL     =  -291078.3364  HBOND      =        0.0000
 1-4 VDW =      665.2039  1-4 EEL =     8997.2559  RESTRAINT  =        0.0000


   NSTEP       ENERGY          RMS            GMAX         NAME    NUMBER
   4750      -1.9060E+05     1.1983E-01     7.6190E+00     C         634

 BOND    =    39551.2116  ANGLE   =      360.1494  DIHED      =      934.5602
 VDWAALS =    50012.6252  EEL     =  -291116.7643  HBOND      =        0.0000
 1-4 VDW =      665.0278  1-4 EEL =     8997.6540  RESTRAINT  =        0.0000


   NSTEP       ENERGY          RMS            GMAX         NAME    NUMBER
   4800      -1.9060E+05     2.9612E-02     2.0845E+00     O       39364

 BOND    =    39553.1331  ANGLE   =      360.5259  DIHED      =      934.4289
 VDWAALS =    50019.0577  EEL     =  -291131.1018  HBOND      =        0.0000
 1-4 VDW =      665.3416  1-4 EEL =     8997.3523  RESTRAINT  =        0.0000


   NSTEP       ENERGY          RMS            GMAX         NAME    NUMBER
   4850      -1.9061E+05     5.8101E-02     3.9474E+00     CD       3051

 BOND    =    39557.3019  ANGLE   =      360.7456  DIHED      =      934.4302
 VDWAALS =    50027.8268  EEL     =  -291148.8835  HBOND      =        0.0000
 1-4 VDW =      665.3622  1-4 EEL =     8997.5187  RESTRAINT  =        0.0000


   NSTEP       ENERGY          RMS            GMAX         NAME    NUMBER
   4900      -1.9061E+05     2.7002E-02     2.6353E+00     O       14332

 BOND    =    39560.2884  ANGLE   =      360.6775  DIHED      =      934.4289
 VDWAALS =    50033.7418  EEL     =  -291161.2313  HBOND      =        0.0000
 1-4 VDW =      665.4491  1-4 EEL =     8997.4189  RESTRAINT  =        0.0000


   NSTEP       ENERGY          RMS            GMAX         NAME    NUMBER
   4950      -1.9062E+05     3.7783E-02     4.5997E+00     CG       2423

 BOND    =    39566.5805  ANGLE   =      360.8362  DIHED      =      934.4140
 VDWAALS =    50047.0859  EEL     =  -291187.3327  HBOND      =        0.0000
 1-4 VDW =      665.5409  1-4 EEL =     8997.4661  RESTRAINT  =        0.0000


   NSTEP       ENERGY          RMS            GMAX         NAME    NUMBER
   5000      -1.9062E+05     3.7930E-02     2.7536E+00     CD       3051

 BOND    =    39569.2116  ANGLE   =      360.8629  DIHED      =      934.4615
 VDWAALS =    50052.4774  EEL     =  -291197.8239  HBOND      =        0.0000
 1-4 VDW =      665.5424  1-4 EEL =     8997.5223  RESTRAINT  =        0.0000


   NSTEP       ENERGY          RMS            GMAX         NAME    NUMBER
   5050      -1.9063E+05     1.8577E-01     6.4770E+00     O       10800

 BOND    =    39579.3228  ANGLE   =      361.4250  DIHED      =      934.6950
 VDWAALS =    50078.0623  EEL     =  -291242.5222  HBOND      =        0.0000
 1-4 VDW =      665.6711  1-4 EEL =     8997.7340  RESTRAINT  =        0.0000


   NSTEP       ENERGY          RMS            GMAX         NAME    NUMBER
   5100      -1.9063E+05     2.0602E-01     8.9048E+00     CB        729

 BOND    =    39578.1581  ANGLE   =      361.6977  DIHED      =      934.6466
 VDWAALS =    50089.3927  EEL     =  -291259.6677  HBOND      =        0.0000
 1-4 VDW =      665.7089  1-4 EEL =     8998.0205  RESTRAINT  =        0.0000


   NSTEP       ENERGY          RMS            GMAX         NAME    NUMBER
   5150      -1.9064E+05     4.8927E-02     1.8142E+00     CA       1345

 BOND    =    39588.6036  ANGLE   =      361.4116  DIHED      =      934.5458
 VDWAALS =    50095.3078  EEL     =  -291279.7823  HBOND      =        0.0000
 1-4 VDW =      665.9612  1-4 EEL =     8998.0165  RESTRAINT  =        0.0000


   NSTEP       ENERGY          RMS            GMAX         NAME    NUMBER
   5200      -1.9064E+05     2.8465E-02     3.5657E+00     CD       3051

 BOND    =    39593.8727  ANGLE   =      361.3971  DIHED      =      934.5811
 VDWAALS =    50106.8336  EEL     =  -291301.6946  HBOND      =        0.0000
 1-4 VDW =      665.9533  1-4 EEL =     8998.2791  RESTRAINT  =        0.0000


   NSTEP       ENERGY          RMS            GMAX         NAME    NUMBER
   5250      -1.9064E+05     4.7436E-02     3.6665E+00     H1      40501

 BOND    =    39594.3506  ANGLE   =      361.5652  DIHED      =      934.6177
 VDWAALS =    50110.2359  EEL     =  -291307.3505  HBOND      =        0.0000
 1-4 VDW =      666.0576  1-4 EEL =     8998.3219  RESTRAINT  =        0.0000


   NSTEP       ENERGY          RMS            GMAX         NAME    NUMBER
   5300      -1.9064E+05     1.7911E-02     5.5570E-01     OE1      3052

 BOND    =    39597.5643  ANGLE   =      361.5630  DIHED      =      934.6132
 VDWAALS =    50116.8265  EEL     =  -291320.0400  HBOND      =        0.0000
 1-4 VDW =      666.0721  1-4 EEL =     8998.4182  RESTRAINT  =        0.0000


   NSTEP       ENERGY          RMS            GMAX         NAME    NUMBER
   5350      -1.9065E+05     2.6039E-02     1.0661E+00     H1      40501

 BOND    =    39600.6954  ANGLE   =      361.6553  DIHED      =      934.6414
 VDWAALS =    50124.2200  EEL     =  -291333.4914  HBOND      =        0.0000
 1-4 VDW =      666.1138  1-4 EEL =     8998.5339  RESTRAINT  =        0.0000


   NSTEP       ENERGY          RMS            GMAX         NAME    NUMBER
   5400      -1.9065E+05     2.1776E-02     2.4281E+00     CD       3051

 BOND    =    39602.0102  ANGLE   =      361.7184  DIHED      =      934.6536
 VDWAALS =    50127.8714  EEL     =  -291340.0280  HBOND      =        0.0000
 1-4 VDW =      666.1536  1-4 EEL =     8998.5664  RESTRAINT  =        0.0000


   NSTEP       ENERGY          RMS            GMAX         NAME    NUMBER
   5450      -1.9065E+05     8.2649E-02     1.2101E+01     CD       3051

 BOND    =    39604.8396  ANGLE   =      362.1841  DIHED      =      934.8394
 VDWAALS =    50135.6587  EEL     =  -291353.7513  HBOND      =        0.0000
 1-4 VDW =      666.2671  1-4 EEL =     8998.5525  RESTRAINT  =        0.0000


   NSTEP       ENERGY          RMS            GMAX         NAME    NUMBER
   5500      -1.9065E+05     3.3779E-01     2.5747E+01     CD       3051

 BOND    =    39614.4114  ANGLE   =      363.4577  DIHED      =      935.1276
 VDWAALS =    50148.5541  EEL     =  -291378.9253  HBOND      =        0.0000
 1-4 VDW =      666.4742  1-4 EEL =     8998.4448  RESTRAINT  =        0.0000


   NSTEP       ENERGY          RMS            GMAX         NAME    NUMBER
   5550      -1.9066E+05     2.0120E-01     1.8779E+01     CD       3051

 BOND    =    39608.8817  ANGLE   =      361.9760  DIHED      =      934.7619
 VDWAALS =    50153.6754  EEL     =  -291382.3552  HBOND      =        0.0000
 1-4 VDW =      666.2405  1-4 EEL =     8998.7725  RESTRAINT  =        0.0000


   NSTEP       ENERGY          RMS            GMAX         NAME    NUMBER
   5600      -1.9066E+05     3.0141E-02     4.1415E+00     CD       3051

 BOND    =    39616.3308  ANGLE   =      362.1612  DIHED      =      934.8507
 VDWAALS =    50163.4624  EEL     =  -291405.7105  HBOND      =        0.0000
 1-4 VDW =      666.2484  1-4 EEL =     8998.8380  RESTRAINT  =        0.0000


   NSTEP       ENERGY          RMS            GMAX         NAME    NUMBER
   5650      -1.9067E+05     2.8011E-02     1.4232E+00     H2      41662

 BOND    =    39618.6819  ANGLE   =      362.2141  DIHED      =      934.9089
 VDWAALS =    50168.7317  EEL     =  -291417.0104  HBOND      =        0.0000
 1-4 VDW =      666.2562  1-4 EEL =     8998.8929  RESTRAINT  =        0.0000


   NSTEP       ENERGY          RMS            GMAX         NAME    NUMBER
   5700      -1.9067E+05     1.2164E-01     1.0862E+01     CD       3051

 BOND    =    39621.7132  ANGLE   =      362.9686  DIHED      =      935.1544
 VDWAALS =    50174.0077  EEL     =  -291429.0738  HBOND      =        0.0000
 1-4 VDW =      666.3033  1-4 EEL =     8998.7914  RESTRAINT  =        0.0000


   NSTEP       ENERGY          RMS            GMAX         NAME    NUMBER
   5750      -1.9067E+05     4.6461E-02     3.5396E+00     C         759

 BOND    =    39622.7553  ANGLE   =      362.3207  DIHED      =      934.9618
 VDWAALS =    50177.6461  EEL     =  -291435.8665  HBOND      =        0.0000
 1-4 VDW =      666.3055  1-4 EEL =     8998.9051  RESTRAINT  =        0.0000


   NSTEP       ENERGY          RMS            GMAX         NAME    NUMBER
   5800      -1.9068E+05     6.1016E-02     6.4488E+00     CD       3051

 BOND    =    39630.2672  ANGLE   =      362.5434  DIHED      =      935.1491
 VDWAALS =    50198.5294  EEL     =  -291473.2088  HBOND      =        0.0000
 1-4 VDW =      666.3572  1-4 EEL =     8999.1402  RESTRAINT  =        0.0000


   NSTEP       ENERGY          RMS            GMAX         NAME    NUMBER
   5850      -1.9069E+05     3.9357E-02     6.0712E+00     CD       3051

 BOND    =    39634.3516  ANGLE   =      362.5255  DIHED      =      935.2115
 VDWAALS =    50205.2079  EEL     =  -291488.6364  HBOND      =        0.0000
 1-4 VDW =      666.3589  1-4 EEL =     8999.3779  RESTRAINT  =        0.0000


   NSTEP       ENERGY          RMS            GMAX         NAME    NUMBER
   5900      -1.9069E+05     8.6772E-02     1.2358E+01     CD       3051

 BOND    =    39638.7179  ANGLE   =      361.9925  DIHED      =      935.4788
 VDWAALS =    50213.0965  EEL     =  -291503.9589  HBOND      =        0.0000
 1-4 VDW =      666.3129  1-4 EEL =     8999.5243  RESTRAINT  =        0.0000


   NSTEP       ENERGY          RMS            GMAX         NAME    NUMBER
   5950      -1.9070E+05     7.8434E-02     7.7377E+00     O       41660

 BOND    =    39642.1365  ANGLE   =      362.7072  DIHED      =      935.4522
 VDWAALS =    50232.6112  EEL     =  -291535.1682  HBOND      =        0.0000
 1-4 VDW =      666.4353  1-4 EEL =     8999.8782  RESTRAINT  =        0.0000


   NSTEP       ENERGY          RMS            GMAX         NAME    NUMBER
   6000      -1.9070E+05     1.3859E-01     1.8350E+01     O       41660

 BOND    =    39651.5647  ANGLE   =      363.0467  DIHED      =      935.4601
 VDWAALS =    50243.0764  EEL     =  -291559.2152  HBOND      =        0.0000
 1-4 VDW =      666.3860  1-4 EEL =     8999.7876  RESTRAINT  =        0.0000


   NSTEP       ENERGY          RMS            GMAX         NAME    NUMBER
   6050      -1.9071E+05     4.1072E-02     4.8309E+00     O       21516

 BOND    =    39655.9464  ANGLE   =      363.4602  DIHED      =      935.5153
 VDWAALS =    50260.5886  EEL     =  -291591.4742  HBOND      =        0.0000
 1-4 VDW =      666.3700  1-4 EEL =     8999.8314  RESTRAINT  =        0.0000


   NSTEP       ENERGY          RMS            GMAX         NAME    NUMBER
   6100      -1.9071E+05     1.6457E-02     7.4089E-01     HD21     2282

 BOND    =    39657.7484  ANGLE   =      363.4119  DIHED      =      935.5130
 VDWAALS =    50263.3460  EEL     =  -291598.8070  HBOND      =        0.0000
 1-4 VDW =      666.3860  1-4 EEL =     8999.8242  RESTRAINT  =        0.0000


   NSTEP       ENERGY          RMS            GMAX         NAME    NUMBER
   6150      -1.9071E+05     3.6140E-01     2.9564E+01     O       21516

 BOND    =    39664.9448  ANGLE   =      364.2022  DIHED      =      935.3274
 VDWAALS =    50274.5521  EEL     =  -291620.4160  HBOND      =        0.0000
 1-4 VDW =      666.4859  1-4 EEL =     9000.2083  RESTRAINT  =        0.0000


   NSTEP       ENERGY          RMS            GMAX         NAME    NUMBER
   6200      -1.9072E+05     4.3305E-02     2.4427E+00     H2      30170

 BOND    =    39665.8794  ANGLE   =      363.7356  DIHED      =      934.9782
 VDWAALS =    50277.0363  EEL     =  -291630.1534  HBOND      =        0.0000
 1-4 VDW =      666.4291  1-4 EEL =     9000.1926  RESTRAINT  =        0.0000


   NSTEP       ENERGY          RMS            GMAX         NAME    NUMBER
   6250      -1.9073E+05     5.6942E-02     3.9335E+00     CB       2128

 BOND    =    39669.1104  ANGLE   =      363.6289  DIHED      =      934.9712
 VDWAALS =    50289.2502  EEL     =  -291655.3492  HBOND      =        0.0000
 1-4 VDW =      666.5128  1-4 EEL =     9001.9150  RESTRAINT  =        0.0000


   NSTEP       ENERGY          RMS            GMAX         NAME    NUMBER
   6300      -1.9074E+05     1.2146E-01     1.2191E+01     CD       3051

 BOND    =    39670.4411  ANGLE   =      363.6734  DIHED      =      935.0692
 VDWAALS =    50298.7318  EEL     =  -291672.5305  HBOND      =        0.0000
 1-4 VDW =      666.6827  1-4 EEL =     9002.3713  RESTRAINT  =        0.0000


   NSTEP       ENERGY          RMS            GMAX         NAME    NUMBER
   6350      -1.9074E+05     3.4455E-01     3.3831E+01     CD       1216

 BOND    =    39688.5020  ANGLE   =      364.1902  DIHED      =      935.0746
 VDWAALS =    50309.2235  EEL     =  -291703.7042  HBOND      =        0.0000
 1-4 VDW =      666.5904  1-4 EEL =     9002.7611  RESTRAINT  =        0.0000


   NSTEP       ENERGY          RMS            GMAX         NAME    NUMBER
   6400      -1.9075E+05     1.6602E-01     1.2088E+01     O       30928

 BOND    =    39682.6647  ANGLE   =      364.4327  DIHED      =      935.1295
 VDWAALS =    50328.4805  EEL     =  -291730.9955  HBOND      =        0.0000
 1-4 VDW =      666.6427  1-4 EEL =     9004.7311  RESTRAINT  =        0.0000


   NSTEP       ENERGY          RMS            GMAX         NAME    NUMBER
   6450      -1.9075E+05     3.8123E-02     2.5229E+00     O       21776

 BOND    =    39684.8746  ANGLE   =      363.6805  DIHED      =      935.3274
 VDWAALS =    50331.8712  EEL     =  -291740.6774  HBOND      =        0.0000
 1-4 VDW =      666.7619  1-4 EEL =     9003.6001  RESTRAINT  =        0.0000


   NSTEP       ENERGY          RMS            GMAX         NAME    NUMBER
   6500      -1.9076E+05     4.9429E-02     3.1636E+00     O       21776

 BOND    =    39686.6408  ANGLE   =      363.7092  DIHED      =      935.3786
 VDWAALS =    50340.1047  EEL     =  -291755.0117  HBOND      =        0.0000
 1-4 VDW =      666.7924  1-4 EEL =     9003.8323  RESTRAINT  =        0.0000


   NSTEP       ENERGY          RMS            GMAX         NAME    NUMBER
   6550      -1.9076E+05     3.2635E-02     3.0530E+00     CD       1216

 BOND    =    39688.5281  ANGLE   =      363.7207  DIHED      =      935.4184
 VDWAALS =    50343.1420  EEL     =  -291761.9166  HBOND      =        0.0000
 1-4 VDW =      666.8063  1-4 EEL =     9003.9422  RESTRAINT  =        0.0000


   NSTEP       ENERGY          RMS            GMAX         NAME    NUMBER
   6600      -1.9077E+05     6.6193E-02     4.4890E+00     O       30928

 BOND    =    39696.2749  ANGLE   =      364.0342  DIHED      =      935.5294
 VDWAALS =    50353.7930  EEL     =  -291786.5186  HBOND      =        0.0000
 1-4 VDW =      666.8258  1-4 EEL =     9004.2706  RESTRAINT  =        0.0000


   NSTEP       ENERGY          RMS            GMAX         NAME    NUMBER
   6650      -1.9077E+05     5.5088E-02     4.6022E+00     CG2      2130

 BOND    =    39695.4757  ANGLE   =      363.9300  DIHED      =      935.6410
 VDWAALS =    50357.2092  EEL     =  -291791.7853  HBOND      =        0.0000
 1-4 VDW =      666.8816  1-4 EEL =     9004.3396  RESTRAINT  =        0.0000


   NSTEP       ENERGY          RMS            GMAX         NAME    NUMBER
   6700      -1.9077E+05     2.3799E-02     2.3249E+00     O       41660

 BOND    =    39701.5059  ANGLE   =      363.9351  DIHED      =      935.7853
 VDWAALS =    50369.8387  EEL     =  -291817.2908  HBOND      =        0.0000
 1-4 VDW =      666.9684  1-4 EEL =     9004.7196  RESTRAINT  =        0.0000


   NSTEP       ENERGY          RMS            GMAX         NAME    NUMBER
   6750      -1.9078E+05     1.1603E-01     6.0064E+00     H1      15969

 BOND    =    39706.7047  ANGLE   =      364.1954  DIHED      =      935.9692
 VDWAALS =    50376.4219  EEL     =  -291832.4375  HBOND      =        0.0000
 1-4 VDW =      667.0182  1-4 EEL =     9005.0069  RESTRAINT  =        0.0000


   NSTEP       ENERGY          RMS            GMAX         NAME    NUMBER
   6800      -1.9077E+05     4.8495E-01     2.9466E+01     CG2      2163

 BOND    =    39710.4300  ANGLE   =      364.7113  DIHED      =      937.4208
 VDWAALS =    50382.7964  EEL     =  -291841.6940  HBOND      =        0.0000
 1-4 VDW =      666.6685  1-4 EEL =     9005.7906  RESTRAINT  =        0.0000


   NSTEP       ENERGY          RMS            GMAX         NAME    NUMBER
   6850      -1.9079E+05     1.9296E-01     4.2907E+01     H1      15969

 BOND    =    39709.7595  ANGLE   =      363.8346  DIHED      =      936.3045
 VDWAALS =    50388.2280  EEL     =  -291856.8065  HBOND      =        0.0000
 1-4 VDW =      667.1249  1-4 EEL =     9004.8833  RESTRAINT  =        0.0000


   NSTEP       ENERGY          RMS            GMAX         NAME    NUMBER
   6900      -1.9079E+05     9.1564E-02     1.1135E+01     H2      15970

 BOND    =    39717.3148  ANGLE   =      364.0819  DIHED      =      936.1006
 VDWAALS =    50395.9485  EEL     =  -291880.1185  HBOND      =        0.0000
 1-4 VDW =      667.2022  1-4 EEL =     9005.4392  RESTRAINT  =        0.0000


   NSTEP       ENERGY          RMS            GMAX         NAME    NUMBER
   6950      -1.9080E+05     3.0593E-02     2.0479E+00     O       15968

 BOND    =    39715.6322  ANGLE   =      364.0490  DIHED      =      936.1967
 VDWAALS =    50399.0376  EEL     =  -291885.8755  HBOND      =        0.0000
 1-4 VDW =      667.2561  1-4 EEL =     9005.4460  RESTRAINT  =        0.0000


   NSTEP       ENERGY          RMS            GMAX         NAME    NUMBER
   7000      -1.9081E+05     5.6168E-02     5.0625E+00     C        3486

 BOND    =    39720.4010  ANGLE   =      364.1177  DIHED      =      936.2716
 VDWAALS =    50406.5377  EEL     =  -291907.2149  HBOND      =        0.0000
 1-4 VDW =      667.3072  1-4 EEL =     9005.5693  RESTRAINT  =        0.0000


   NSTEP       ENERGY          RMS            GMAX         NAME    NUMBER
   7050      -1.9081E+05     6.2180E-02     6.1403E+00     H1      25769

 BOND    =    39725.6357  ANGLE   =      364.1285  DIHED      =      936.3158
 VDWAALS =    50416.7004  EEL     =  -291928.1433  HBOND      =        0.0000
 1-4 VDW =      667.3604  1-4 EEL =     9005.6382  RESTRAINT  =        0.0000


   NSTEP       ENERGY          RMS            GMAX         NAME    NUMBER
   7100      -1.9082E+05     2.8295E-02     1.6432E+00     O       30928

 BOND    =    39726.5754  ANGLE   =      364.0891  DIHED      =      936.3365
 VDWAALS =    50429.0038  EEL     =  -291945.9798  HBOND      =        0.0000
 1-4 VDW =      667.3536  1-4 EEL =     9005.6817  RESTRAINT  =        0.0000


   NSTEP       ENERGY          RMS            GMAX         NAME    NUMBER
   7150      -1.9082E+05     1.5755E-02     1.0283E+00     H2      31754

 BOND    =    39730.7896  ANGLE   =      364.0635  DIHED      =      936.4126
 VDWAALS =    50439.6261  EEL     =  -291965.6807  HBOND      =        0.0000
 1-4 VDW =      667.3932  1-4 EEL =     9005.7031  RESTRAINT  =        0.0000


   NSTEP       ENERGY          RMS            GMAX         NAME    NUMBER
   7200      -1.9083E+05     1.9266E-02     9.5021E-01     O       31888

 BOND    =    39734.9631  ANGLE   =      364.0568  DIHED      =      936.4570
 VDWAALS =    50448.1126  EEL     =  -291982.1601  HBOND      =        0.0000
 1-4 VDW =      667.4101  1-4 EEL =     9005.6544  RESTRAINT  =        0.0000


   NSTEP       ENERGY          RMS            GMAX         NAME    NUMBER
   7250      -1.9083E+05     6.3901E-02     6.9870E+00     CD       3418

 BOND    =    39739.5656  ANGLE   =      364.0691  DIHED      =      936.4724
 VDWAALS =    50454.5293  EEL     =  -291995.4758  HBOND      =        0.0000
 1-4 VDW =      667.4199  1-4 EEL =     9005.6579  RESTRAINT  =        0.0000


   NSTEP       ENERGY          RMS            GMAX         NAME    NUMBER
   7300      -1.9083E+05     1.5519E-02     9.9911E-01     CD       3418

 BOND    =    39737.1337  ANGLE   =      364.0052  DIHED      =      936.5024
 VDWAALS =    50455.2464  EEL     =  -291994.2580  HBOND      =        0.0000
 1-4 VDW =      667.4341  1-4 EEL =     9005.6582  RESTRAINT  =        0.0000


   NSTEP       ENERGY          RMS            GMAX         NAME    NUMBER
   7350      -1.9083E+05     1.8292E-02     1.8066E+00     C        3486

 BOND    =    39740.1983  ANGLE   =      363.9718  DIHED      =      936.5145
 VDWAALS =    50462.1885  EEL     =  -292006.5145  HBOND      =        0.0000
 1-4 VDW =      667.4367  1-4 EEL =     9005.6316  RESTRAINT  =        0.0000


   NSTEP       ENERGY          RMS            GMAX         NAME    NUMBER
   7400      -1.9083E+05     1.6539E-02     8.0859E-01     O       25768

 BOND    =    39743.3325  ANGLE   =      363.9201  DIHED      =      936.5119
 VDWAALS =    50472.1712  EEL     =  -292022.9328  HBOND      =        0.0000
 1-4 VDW =      667.4785  1-4 EEL =     9005.5668  RESTRAINT  =        0.0000


   NSTEP       ENERGY          RMS            GMAX         NAME    NUMBER
   7450      -1.9084E+05     2.0068E-02     1.9242E+00     C        2506

 BOND    =    39746.5204  ANGLE   =      363.8972  DIHED      =      936.5203
 VDWAALS =    50477.8590  EEL     =  -292033.8984  HBOND      =        0.0000
 1-4 VDW =      667.5016  1-4 EEL =     9005.5721  RESTRAINT  =        0.0000


   NSTEP       ENERGY          RMS            GMAX         NAME    NUMBER
   7500      -1.9084E+05     3.1375E-02     2.4174E+00     O       25768

 BOND    =    39748.9258  ANGLE   =      363.8473  DIHED      =      936.4558
 VDWAALS =    50486.9870  EEL     =  -292048.2035  HBOND      =        0.0000
 1-4 VDW =      667.5641  1-4 EEL =     9005.5076  RESTRAINT  =        0.0000


   NSTEP       ENERGY          RMS            GMAX         NAME    NUMBER
   7550      -1.9084E+05     3.6193E-01     3.3418E+01     CG2      3243

 BOND    =    39747.4308  ANGLE   =      364.2418  DIHED      =      936.2906
 VDWAALS =    50492.3896  EEL     =  -292050.6861  HBOND      =        0.0000
 1-4 VDW =      667.4861  1-4 EEL =     9005.3592  RESTRAINT  =        0.0000


   NSTEP       ENERGY          RMS            GMAX         NAME    NUMBER
   7600      -1.9084E+05     1.0901E-01     2.0083E+01     CD       3418

 BOND    =    39752.5499  ANGLE   =      363.8570  DIHED      =      936.3316
 VDWAALS =    50494.9550  EEL     =  -292063.2373  HBOND      =        0.0000
 1-4 VDW =      667.5348  1-4 EEL =     9005.3615  RESTRAINT  =        0.0000


   NSTEP       ENERGY          RMS            GMAX         NAME    NUMBER
   7650      -1.9085E+05     2.2801E-01     3.5681E+01     H1      27853

 BOND    =    39758.2254  ANGLE   =      363.6728  DIHED      =      936.0413
 VDWAALS =    50511.5818  EEL     =  -292090.0178  HBOND      =        0.0000
 1-4 VDW =      667.4645  1-4 EEL =     9005.3121  RESTRAINT  =        0.0000


   NSTEP       ENERGY          RMS            GMAX         NAME    NUMBER
   7700      -1.9085E+05     2.3124E-01     1.2721E+01     O       20124

 BOND    =    39758.1395  ANGLE   =      363.6525  DIHED      =      935.6616
 VDWAALS =    50517.3003  EEL     =  -292097.7212  HBOND      =        0.0000
 1-4 VDW =      667.5366  1-4 EEL =     9005.3042  RESTRAINT  =        0.0000


   NSTEP       ENERGY          RMS            GMAX         NAME    NUMBER
   7750      -1.9085E+05     4.5621E-02     4.9032E+00     CD       3051

 BOND    =    39762.6115  ANGLE   =      363.5309  DIHED      =      935.4282
 VDWAALS =    50522.1216  EEL     =  -292111.5088  HBOND      =        0.0000
 1-4 VDW =      667.5314  1-4 EEL =     9005.2987  RESTRAINT  =        0.0000


   NSTEP       ENERGY          RMS            GMAX         NAME    NUMBER
   7800      -1.9086E+05     1.9510E-02     1.2121E+00     C        3249

 BOND    =    39764.4173  ANGLE   =      363.4648  DIHED      =      935.2557
 VDWAALS =    50526.8242  EEL     =  -292120.3377  HBOND      =        0.0000
 1-4 VDW =      667.5406  1-4 EEL =     9005.3663  RESTRAINT  =        0.0000


   NSTEP       ENERGY          RMS            GMAX         NAME    NUMBER
   7850      -1.9086E+05     1.7602E-02     1.5753E+00     CB       1859

 BOND    =    39765.6166  ANGLE   =      363.4120  DIHED      =      935.1150
 VDWAALS =    50530.0678  EEL     =  -292126.2605  HBOND      =        0.0000
 1-4 VDW =      667.5301  1-4 EEL =     9005.4314  RESTRAINT  =        0.0000


   NSTEP       ENERGY          RMS            GMAX         NAME    NUMBER
   7900      -1.9087E+05     6.4249E-02     7.9818E+00     H2      15254

 BOND    =    39772.9736  ANGLE   =      363.1600  DIHED      =      934.4754
 VDWAALS =    50548.6572  EEL     =  -292162.7517  HBOND      =        0.0000
 1-4 VDW =      667.5356  1-4 EEL =     9005.8234  RESTRAINT  =        0.0000


   NSTEP       ENERGY          RMS            GMAX         NAME    NUMBER
   7950      -1.9087E+05     3.6285E-02     6.3758E+00     CG       1862

 BOND    =    39775.0470  ANGLE   =      363.3373  DIHED      =      934.4312
 VDWAALS =    50552.7159  EEL     =  -292173.3368  HBOND      =        0.0000
 1-4 VDW =      667.5564  1-4 EEL =     9005.8994  RESTRAINT  =        0.0000


   NSTEP       ENERGY          RMS            GMAX         NAME    NUMBER
   8000      -1.9088E+05     1.9663E-02     1.1017E+00     H1      15253

 BOND    =    39778.2441  ANGLE   =      363.3668  DIHED      =      934.3562
 VDWAALS =    50559.9194  EEL     =  -292189.3675  HBOND      =        0.0000
 1-4 VDW =      667.6332  1-4 EEL =     9006.0780  RESTRAINT  =        0.0000


   NSTEP       ENERGY          RMS            GMAX         NAME    NUMBER
   8050      -1.9089E+05     3.2595E-02     5.7299E+00     CG       1862

 BOND    =    39782.0477  ANGLE   =      363.4735  DIHED      =      934.2357
 VDWAALS =    50570.0307  EEL     =  -292208.6258  HBOND      =        0.0000
 1-4 VDW =      667.6915  1-4 EEL =     9006.1181  RESTRAINT  =        0.0000


   NSTEP       ENERGY          RMS            GMAX         NAME    NUMBER
   8100      -1.9089E+05     1.7366E-02     1.5923E+00     CG       1862

 BOND    =    39783.3384  ANGLE   =      363.4289  DIHED      =      934.2318
 VDWAALS =    50573.6635  EEL     =  -292215.7794  HBOND      =        0.0000
 1-4 VDW =      667.6990  1-4 EEL =     9006.1868  RESTRAINT  =        0.0000


   NSTEP       ENERGY          RMS            GMAX         NAME    NUMBER
   8150      -1.9089E+05     2.2892E-02     2.6173E+00     CG       1862

 BOND    =    39783.5024  ANGLE   =      363.5165  DIHED      =      934.2117
 VDWAALS =    50573.9379  EEL     =  -292216.4329  HBOND      =        0.0000
 1-4 VDW =      667.7304  1-4 EEL =     9006.1415  RESTRAINT  =        0.0000


   NSTEP       ENERGY          RMS            GMAX         NAME    NUMBER
   8200      -1.9089E+05     1.3550E-01     1.8687E+01     CG       1862

 BOND    =    39788.8861  ANGLE   =      363.2097  DIHED      =      934.4193
 VDWAALS =    50584.9341  EEL     =  -292239.1141  HBOND      =        0.0000
 1-4 VDW =      667.7372  1-4 EEL =     9006.1220  RESTRAINT  =        0.0000


   NSTEP       ENERGY          RMS            GMAX         NAME    NUMBER
   8250      -1.9090E+05     1.0905E-01     1.1094E+01     H1      19121

 BOND    =    39789.2920  ANGLE   =      363.5766  DIHED      =      934.2848
 VDWAALS =    50588.1495  EEL     =  -292246.6097  HBOND      =        0.0000
 1-4 VDW =      667.8252  1-4 EEL =     9006.1830  RESTRAINT  =        0.0000


   NSTEP       ENERGY          RMS            GMAX         NAME    NUMBER
   8300      -1.9090E+05     1.9944E-02     2.5205E+00     CG       1862

 BOND    =    39789.8348  ANGLE   =      363.3692  DIHED      =      934.3235
 VDWAALS =    50594.3564  EEL     =  -292259.0851  HBOND      =        0.0000
 1-4 VDW =      667.7520  1-4 EEL =     9006.1418  RESTRAINT  =        0.0000


   NSTEP       ENERGY          RMS            GMAX         NAME    NUMBER
   8350      -1.9091E+05     4.4624E-02     2.9848E+00     CA       1978

 BOND    =    39791.7500  ANGLE   =      363.4238  DIHED      =      934.3762
 VDWAALS =    50598.5837  EEL     =  -292268.0467  HBOND      =        0.0000
 1-4 VDW =      667.7547  1-4 EEL =     9006.1979  RESTRAINT  =        0.0000


   NSTEP       ENERGY          RMS            GMAX         NAME    NUMBER
   8400      -1.9091E+05     3.2567E-02     4.0085E+00     H2      24558

 BOND    =    39794.0090  ANGLE   =      363.3268  DIHED      =      934.5049
 VDWAALS =    50605.4141  EEL     =  -292283.7488  HBOND      =        0.0000
 1-4 VDW =      667.7912  1-4 EEL =     9006.3371  RESTRAINT  =        0.0000


   NSTEP       ENERGY          RMS            GMAX         NAME    NUMBER
   8450      -1.9092E+05     1.9515E-02     1.8220E+00     O       24556

 BOND    =    39797.1241  ANGLE   =      363.3129  DIHED      =      934.5837
 VDWAALS =    50610.1409  EEL     =  -292295.4931  HBOND      =        0.0000
 1-4 VDW =      667.8651  1-4 EEL =     9006.3173  RESTRAINT  =        0.0000


   NSTEP       ENERGY          RMS            GMAX         NAME    NUMBER
   8500      -1.9092E+05     3.4559E-02     3.6457E+00     CG       1862

 BOND    =    39799.6467  ANGLE   =      363.2660  DIHED      =      934.7418
 VDWAALS =    50615.5661  EEL     =  -292305.7041  HBOND      =        0.0000
 1-4 VDW =      667.8362  1-4 EEL =     9006.4464  RESTRAINT  =        0.0000


   NSTEP       ENERGY          RMS            GMAX         NAME    NUMBER
   8550      -1.9092E+05     9.1387E-02     5.5077E+00     H1       3901

 BOND    =    39801.9981  ANGLE   =      363.3301  DIHED      =      934.7427
 VDWAALS =    50623.5926  EEL     =  -292319.4673  HBOND      =        0.0000
 1-4 VDW =      667.9520  1-4 EEL =     9006.5066  RESTRAINT  =        0.0000


   NSTEP       ENERGY          RMS            GMAX         NAME    NUMBER
   8600      -1.9092E+05     1.2531E-02     3.8043E-01     H2      16754

 BOND    =    39805.3942  ANGLE   =      363.2519  DIHED      =      934.8472
 VDWAALS =    50628.7884  EEL     =  -292330.3209  HBOND      =        0.0000
 1-4 VDW =      667.9710  1-4 EEL =     9006.5926  RESTRAINT  =        0.0000


   NSTEP       ENERGY          RMS            GMAX         NAME    NUMBER
   8650      -1.9094E+05     3.5027E-02     4.1809E+00     CG       2079

 BOND    =    39821.5556  ANGLE   =      363.0728  DIHED      =      935.5315
 VDWAALS =    50665.4651  EEL     =  -292396.1127  HBOND      =        0.0000
 1-4 VDW =      668.2066  1-4 EEL =     9006.8256  RESTRAINT  =        0.0000


   NSTEP       ENERGY          RMS            GMAX         NAME    NUMBER
   8700      -1.9094E+05     3.3369E-02     3.6618E+00     CG       1862

 BOND    =    39822.9889  ANGLE   =      363.1889  DIHED      =      935.6445
 VDWAALS =    50675.7871  EEL     =  -292411.1381  HBOND      =        0.0000
 1-4 VDW =      668.2537  1-4 EEL =     9006.8393  RESTRAINT  =        0.0000


   NSTEP       ENERGY          RMS            GMAX         NAME    NUMBER
   8750      -1.9094E+05     1.1646E-02     5.8192E-01     CG       1862

 BOND    =    39827.1049  ANGLE   =      363.0745  DIHED      =      935.7905
 VDWAALS =    50680.4531  EEL     =  -292421.9219  HBOND      =        0.0000
 1-4 VDW =      668.2786  1-4 EEL =     9006.8116  RESTRAINT  =        0.0000


   NSTEP       ENERGY          RMS            GMAX         NAME    NUMBER
   8800      -1.9094E+05     5.7138E-02     5.2019E+00     CD       3051

 BOND    =    39831.4470  ANGLE   =      363.0061  DIHED      =      936.0711
 VDWAALS =    50691.7812  EEL     =  -292441.4258  HBOND      =        0.0000
 1-4 VDW =      668.3138  1-4 EEL =     9006.7328  RESTRAINT  =        0.0000


   NSTEP       ENERGY          RMS            GMAX         NAME    NUMBER
   8850      -1.9094E+05     1.1523E-02     8.2066E-01     CD       1737

 BOND    =    39831.9411  ANGLE   =      363.0114  DIHED      =      936.0300
 VDWAALS =    50691.8486  EEL     =  -292442.0955  HBOND      =        0.0000
 1-4 VDW =      668.3137  1-4 EEL =     9006.7130  RESTRAINT  =        0.0000


   NSTEP       ENERGY          RMS            GMAX         NAME    NUMBER
   8900      -1.9094E+05     1.1080E-02     6.0401E-01     H2      27774

 BOND    =    39832.1735  ANGLE   =      363.0123  DIHED      =      936.0342
 VDWAALS =    50692.1186  EEL     =  -292442.6616  HBOND      =        0.0000
 1-4 VDW =      668.3117  1-4 EEL =     9006.6977  RESTRAINT  =        0.0000


   NSTEP       ENERGY          RMS            GMAX         NAME    NUMBER
   8950      -1.9095E+05     1.6271E-01     1.7804E+01     CD       3051

 BOND    =    39847.1992  ANGLE   =      362.4880  DIHED      =      936.7749
 VDWAALS =    50719.5413  EEL     =  -292493.6121  HBOND      =        0.0000
 1-4 VDW =      668.4089  1-4 EEL =     9006.5804  RESTRAINT  =        0.0000


   NSTEP       ENERGY          RMS            GMAX         NAME    NUMBER
   9000      -1.9095E+05     1.2598E-02     7.0525E-01     H2      42922

 BOND    =    39846.1564  ANGLE   =      362.7610  DIHED      =      936.6093
 VDWAALS =    50723.8050  EEL     =  -292499.3954  HBOND      =        0.0000
 1-4 VDW =      668.4899  1-4 EEL =     9006.7199  RESTRAINT  =        0.0000


   NSTEP       ENERGY          RMS            GMAX         NAME    NUMBER
   9050      -1.9096E+05     5.6698E-02     6.7545E+00     C        1839

 BOND    =    39852.5950  ANGLE   =      362.3917  DIHED      =      936.7519
 VDWAALS =    50736.3688  EEL     =  -292524.1621  HBOND      =        0.0000
 1-4 VDW =      668.5979  1-4 EEL =     9006.6602  RESTRAINT  =        0.0000


   NSTEP       ENERGY          RMS            GMAX         NAME    NUMBER
   9100      -1.9096E+05     1.4542E-02     1.1520E+00     H2      42922

 BOND    =    39853.1334  ANGLE   =      362.6251  DIHED      =      936.7770
 VDWAALS =    50738.0198  EEL     =  -292527.8637  HBOND      =        0.0000
 1-4 VDW =      668.5903  1-4 EEL =     9006.7548  RESTRAINT  =        0.0000


   NSTEP       ENERGY          RMS            GMAX         NAME    NUMBER
   9150      -1.9096E+05     4.2146E-01     4.9534E+01     CD       3418

 BOND    =    39863.2322  ANGLE   =      363.4500  DIHED      =      937.0687
 VDWAALS =    50744.8396  EEL     =  -292546.2754  HBOND      =        0.0000
 1-4 VDW =      668.6782  1-4 EEL =     9006.9996  RESTRAINT  =        0.0000


   NSTEP       ENERGY          RMS            GMAX         NAME    NUMBER
   9200      -1.9097E+05     3.0985E-02     2.8291E+00     C        1839

 BOND    =    39858.5106  ANGLE   =      362.4581  DIHED      =      936.8656
 VDWAALS =    50747.9902  EEL     =  -292550.0583  HBOND      =        0.0000
 1-4 VDW =      668.7049  1-4 EEL =     9006.7156  RESTRAINT  =        0.0000


   NSTEP       ENERGY          RMS            GMAX         NAME    NUMBER
   9250      -1.9097E+05     2.0777E-02     1.5617E+00     C        1850

 BOND    =    39861.1472  ANGLE   =      362.5056  DIHED      =      936.9169
 VDWAALS =    50752.9097  EEL     =  -292561.0696  HBOND      =        0.0000
 1-4 VDW =      668.7088  1-4 EEL =     9006.8361  RESTRAINT  =        0.0000


   NSTEP       ENERGY          RMS            GMAX         NAME    NUMBER
   9300      -1.9098E+05     2.2780E-02     1.6900E+00     CB       1731

 BOND    =    39863.4954  ANGLE   =      362.4640  DIHED      =      936.9715
 VDWAALS =    50757.7612  EEL     =  -292571.2761  HBOND      =        0.0000
 1-4 VDW =      668.7360  1-4 EEL =     9006.8360  RESTRAINT  =        0.0000


   NSTEP       ENERGY          RMS            GMAX         NAME    NUMBER
   9350      -1.9098E+05     5.3313E-02     3.4676E+00     C        1850

 BOND    =    39865.2799  ANGLE   =      362.5786  DIHED      =      936.9455
 VDWAALS =    50761.9535  EEL     =  -292580.1762  HBOND      =        0.0000
 1-4 VDW =      668.8883  1-4 EEL =     9006.8670  RESTRAINT  =        0.0000


   NSTEP       ENERGY          RMS            GMAX         NAME    NUMBER
   9400      -1.9098E+05     4.8385E-02     3.9374E+00     CD       3418

 BOND    =    39867.1879  ANGLE   =      362.4400  DIHED      =      937.0546
 VDWAALS =    50765.9360  EEL     =  -292587.9871  HBOND      =        0.0000
 1-4 VDW =      668.7483  1-4 EEL =     9006.9650  RESTRAINT  =        0.0000


   NSTEP       ENERGY          RMS            GMAX         NAME    NUMBER
   9450      -1.9098E+05     5.3949E-02     3.6376E+00     OD1      1863

 BOND    =    39868.1440  ANGLE   =      362.8660  DIHED      =      937.0237
 VDWAALS =    50769.5530  EEL     =  -292595.3523  HBOND      =        0.0000
 1-4 VDW =      669.0318  1-4 EEL =     9006.7729  RESTRAINT  =        0.0000


   NSTEP       ENERGY          RMS            GMAX         NAME    NUMBER
   9500      -1.9098E+05     5.7461E-02     2.9233E+00     O       17196

 BOND    =    39868.7056  ANGLE   =      362.3956  DIHED      =      937.0724
 VDWAALS =    50773.0277  EEL     =  -292601.2971  HBOND      =        0.0000
 1-4 VDW =      668.8961  1-4 EEL =     9007.1448  RESTRAINT  =        0.0000


   NSTEP       ENERGY          RMS            GMAX         NAME    NUMBER
   9550      -1.9099E+05     2.0583E-01     3.3861E+01     CD       3418

 BOND    =    39875.6535  ANGLE   =      362.4363  DIHED      =      937.3541
 VDWAALS =    50789.3960  EEL     =  -292630.3491  HBOND      =        0.0000
 1-4 VDW =      668.9515  1-4 EEL =     9006.9611  RESTRAINT  =        0.0000


   NSTEP       ENERGY          RMS            GMAX         NAME    NUMBER
   9600      -1.9099E+05     2.3626E-02     2.2977E+00     CD       3418

 BOND    =    39879.6891  ANGLE   =      362.3756  DIHED      =      937.2046
 VDWAALS =    50790.9519  EEL     =  -292638.1535  HBOND      =        0.0000
 1-4 VDW =      669.0465  1-4 EEL =     9007.0976  RESTRAINT  =        0.0000


   NSTEP       ENERGY          RMS            GMAX         NAME    NUMBER
   9650      -1.9100E+05     3.6968E-02     4.3539E+00     H2      15666

 BOND    =    39887.0917  ANGLE   =      362.4285  DIHED      =      937.3869
 VDWAALS =    50811.5515  EEL     =  -292672.4537  HBOND      =        0.0000
 1-4 VDW =      669.1811  1-4 EEL =     9007.2783  RESTRAINT  =        0.0000


   NSTEP       ENERGY          RMS            GMAX         NAME    NUMBER
   9700      -1.9100E+05     1.7544E-02     1.4195E+00     CB       1112

 BOND    =    39889.2541  ANGLE   =      362.3378  DIHED      =      937.4275
 VDWAALS =    50815.8644  EEL     =  -292680.3952  HBOND      =        0.0000
 1-4 VDW =      669.2067  1-4 EEL =     9007.3003  RESTRAINT  =        0.0000


   NSTEP       ENERGY          RMS            GMAX         NAME    NUMBER
   9750      -1.9101E+05     7.1909E-02     6.4210E+00     H2       7034

 BOND    =    39897.4596  ANGLE   =      362.4723  DIHED      =      937.6869
 VDWAALS =    50838.8068  EEL     =  -292718.3812  HBOND      =        0.0000
 1-4 VDW =      669.4273  1-4 EEL =     9007.5215  RESTRAINT  =        0.0000


   NSTEP       ENERGY          RMS            GMAX         NAME    NUMBER
   9800      -1.9101E+05     4.0682E-02     5.1805E+00     O        7032

 BOND    =    39900.9093  ANGLE   =      362.3237  DIHED      =      937.7015
 VDWAALS =    50844.9523  EEL     =  -292730.4074  HBOND      =        0.0000
 1-4 VDW =      669.4024  1-4 EEL =     9007.5046  RESTRAINT  =        0.0000


   NSTEP       ENERGY          RMS            GMAX         NAME    NUMBER
   9850      -1.9101E+05     3.3198E-02     3.5687E+00     CD       3418

 BOND    =    39904.2019  ANGLE   =      362.3525  DIHED      =      937.7439
 VDWAALS =    50850.0411  EEL     =  -292740.9716  HBOND      =        0.0000
 1-4 VDW =      669.4347  1-4 EEL =     9007.5786  RESTRAINT  =        0.0000


   NSTEP       ENERGY          RMS            GMAX         NAME    NUMBER
   9900      -1.9101E+05     1.6643E-02     2.1599E+00     CZ       1589

 BOND    =    39905.4242  ANGLE   =      362.3330  DIHED      =      937.7948
 VDWAALS =    50854.2209  EEL     =  -292748.3457  HBOND      =        0.0000
 1-4 VDW =      669.4724  1-4 EEL =     9007.6477  RESTRAINT  =        0.0000


   NSTEP       ENERGY          RMS            GMAX         NAME    NUMBER
   9950      -1.9101E+05     2.8738E-01     4.2743E+01     CD       3418

 BOND    =    39912.6263  ANGLE   =      362.5464  DIHED      =      937.9569
 VDWAALS =    50864.9240  EEL     =  -292768.5410  HBOND      =        0.0000
 1-4 VDW =      669.5424  1-4 EEL =     9007.5892  RESTRAINT  =        0.0000


   NSTEP       ENERGY          RMS            GMAX         NAME    NUMBER
  10000      -1.9102E+05     7.3754E-02     1.6303E+01     CZ       1589

 BOND    =    39912.0616  ANGLE   =      362.5004  DIHED      =      938.2898
 VDWAALS =    50869.2230  EEL     =  -292776.3074  HBOND      =        0.0000
 1-4 VDW =      669.5760  1-4 EEL =     9007.8357  RESTRAINT  =        0.0000


  Maximum number of minimization cycles reached.


                    FINAL RESULTS



   NSTEP       ENERGY          RMS            GMAX         NAME    NUMBER
  10000      -1.9102E+05     7.3754E-02     1.6303E+01     CZ       1589

 BOND    =    39912.0616  ANGLE   =      362.5004  DIHED      =      938.2898
 VDWAALS =    50869.2230  EEL     =  -292776.3074  HBOND      =        0.0000
 1-4 VDW =      669.5760  1-4 EEL =     9007.8357  RESTRAINT  =        0.0000
--------------------------------------------------------------------------------
   5.  TIMINGS
--------------------------------------------------------------------------------

|  NonSetup CPU Time in Major Routines:
|
|     Routine           Sec        %
|     ------------------------------
|     Nonbond          18.55   31.71
|     Bond              0.00    0.00
|     Angle             0.00    0.00
|     Dihedral          0.00    0.00
|     Shake             0.00    0.00
|     Other            39.95   68.29
|     ------------------------------
|     Total            58.50

|  PME Nonbond Pairlist CPU Time:
|
|     Routine              Sec        %
|     ---------------------------------
|     Set Up Cit           0.00    0.00
|     Build List           0.00    0.00
|     ---------------------------------
|     Total                0.00    0.00

|  PME Direct Force CPU Time:
|
|     Routine              Sec        %
|     ---------------------------------
|     NonBonded Calc       0.00    0.00
|     Exclude Masked       0.00    0.00
|     Other                0.03    0.05
|     ---------------------------------
|     Total                0.03    0.05

|  PME Reciprocal Force CPU Time:
|
|     Routine              Sec        %
|     ---------------------------------
|     1D bspline           0.00    0.00
|     Grid Charges         0.00    0.00
|     Scalar Sum           0.00    0.00
|     Gradient Sum         0.00    0.00
|     FFT                  0.00    0.00
|     ---------------------------------
|     Total                0.00    0.00

|  Setup CPU time:            1.71 seconds
|  NonSetup CPU time:        58.50 seconds
|  Total CPU time:           60.21 seconds     0.02 hours

|  Setup wall time:           2    seconds
|  NonSetup wall time:       59    seconds
|  Total wall time:          61    seconds     0.02 hours
