
          -------------------------------------------------------
          Amber 18 PMEMD                              2018
          -------------------------------------------------------

| PMEMD implementation of SANDER, Release 18

| Run on 07/02/2021 at 13:05:23

|   Executable path: pmemd.cuda
| Working directory: /home/bozhanng/Abs_MD/HEPC3-1_Fv_straight_cm_relaxed2
|          Hostname: bf21

  [-O]verwriting output

File Assignments:
|   MDIN: minsolv_HEPC3-1_Fv_straight_cm_relaxed2.in                            
|  MDOUT: minsolv_HEPC3-1_Fv_straight_cm_relaxed2.out                           
| INPCRD: HEPC3-1_Fv_straight_cm_relaxed2.crd                                   
|   PARM: HEPC3-1_Fv_straight_cm_relaxed2.parm7                                 
| RESTRT: minsolv_HEPC3-1_Fv_straight_cm_relaxed2.crd                           
|   REFC: HEPC3-1_Fv_straight_cm_relaxed2.crd                                   
|  MDVEL: mdvel                                                                 
|   MDEN: mden                                                                  
|  MDCRD: mdcrd                                                                 
| MDINFO: mdinfo                                                                
|  MDFRC: mdfrc                                                                 


 Here is the input file:

Initial minimization                                                           
 &cntrl                                                                        
  ntx    = 1,       irest  = 0,       ntrx   = 1,      ntxo   = 1,             
  ntpr   = 50,      ntwx   = 0,       ntwv   = 0,      ntwe   = 0,             
                                                                               
  ntf    = 1,       ntb    = 1,                                                
  cut    = 8.0,                                                                
  ibelly = 0,       ntr    = 1,                                                
                                                                               
  imin   = 1,                                                                  
  maxcyc = 15000,                                                              
  ncyc   = 5000,                                                               
  ntmin  = 1,       dx0    = 0.1,     drms   = 0.0001,                         
                                                                               
  ntc    = 1,       tol    = 0.00001,                                          
                                                                               
 &end                                                                          
Hold protein fixed                                                             
5.0                                                                            
RES   1 234                                                                    
END                                                                            
END                                                                            


Note: ig = -1. Setting random seed to   262845 based on wallclock time in 
      microseconds.
| irandom = 1, using AMBER's internal random number generator (default).
 
|--------------------- INFORMATION ----------------------
| GPU (CUDA) Version of PMEMD in use: NVIDIA GPU IN USE.
|                    Version 18.0.0
| 
|                      03/25/2018
| 
| Implementation by:
|                    Ross C. Walker     (SDSC)
|                    Scott Le Grand     (nVIDIA)
| 
| Version 18 performance extensions by:
|                    David Cerutti     (Rutgers)
| 
| Precision model in use:
|      [SPFP] - Single Precision Forces, 64-bit Fixed Point
|               Accumulation. (Default)
| 
|--------------------------------------------------------
 
|----------------- CITATION INFORMATION -----------------
|
|    When publishing work that utilized the CUDA version
|    of AMBER, please cite the following in addition to
|    the regular AMBER citations:
|
|  - Romelia Salomon-Ferrer; Andreas W. Goetz; Duncan
|    Poole; Scott Le Grand; Ross C. Walker "Routine
|    microsecond molecular dynamics simulations with
|    AMBER - Part II: Particle Mesh Ewald", J. Chem.
|    Theory Comput., 2013, 9 (9), pp3878-3888,
|    DOI: 10.1021/ct400314y.
|
|  - Andreas W. Goetz; Mark J. Williamson; Dong Xu;
|    Duncan Poole; Scott Le Grand; Ross C. Walker
|    "Routine microsecond molecular dynamics simulations
|    with AMBER - Part I: Generalized Born", J. Chem.
|    Theory Comput., 2012, 8 (5), pp1542-1555.
|
|  - Scott Le Grand; Andreas W. Goetz; Ross C. Walker
|    "SPFP: Speed without compromise - a mixed precision
|    model for GPU accelerated molecular dynamics
|    simulations.", Comp. Phys. Comm., 2013, 184
|    pp374-380, DOI: 10.1016/j.cpc.2012.09.022
|
|--------------------------------------------------------
 
|------------------- GPU DEVICE INFO --------------------
|
|            CUDA_VISIBLE_DEVICES: 1
|   CUDA Capable Devices Detected:      1
|           CUDA Device ID in use:      0
|                CUDA Device Name: GeForce GTX 1080
|     CUDA Device Global Mem Size:   8119 MB
| CUDA Device Num Multiprocessors:     20
|           CUDA Device Core Freq:   1.73 GHz
|
|--------------------------------------------------------
 
 
| Conditional Compilation Defines Used:
| PUBFFT
| BINTRAJ
| MKL
| CUDA
| EMIL

| Largest sphere to fit in unit cell has radius =    36.534

| New format PARM file being parsed.
| Version =    1.000 Date = 07/02/21 Time = 13:04:09

| Note: 1-4 EEL scale factors are being read from the topology file.

| Note: 1-4 VDW scale factors are being read from the topology file.
| Duplicated    0 dihedrals

| Duplicated    0 dihedrals

--------------------------------------------------------------------------------
   1.  RESOURCE   USE: 
--------------------------------------------------------------------------------

 getting new box info from bottom of inpcrd
 NATOM  =   46031 NTYPES =      18 NBONH =   33620 MBONA  =   12445
 NTHETH =    3878 MTHETA =    2456 NPHIH =    8128 MPHIA  =    7794
 NHPARM =       0 NPARM  =       0 NNB   =   93625 NRES   =   10875
 NBONA  =   12445 NTHETA =    2456 NPHIA =    7794 NUMBND =      72
 NUMANG =     171 NPTRA  =     194 NATYP =      36 NPHB   =       1
 IFBOX  =       1 NMXRS  =      25 IFCAP =       0 NEXTRA =   10634
 NCOPY  =       0

| Coordinate Index Table dimensions:    16   16   18
| Direct force subcell size =     4.5668    4.5975    4.5585

     BOX TYPE: RECTILINEAR

--------------------------------------------------------------------------------
   2.  CONTROL  DATA  FOR  THE  RUN
--------------------------------------------------------------------------------

default_name                                                                    

General flags:
     imin    =       1, nmropt  =       0

Nature and format of input:
     ntx     =       1, irest   =       0, ntrx    =       1

Nature and format of output:
     ntxo    =       1, ntpr    =      50, ntrx    =       1, ntwr    =       1
     iwrap   =       0, ntwx    =       0, ntwv    =       0, ntwe    =       0
     ioutfm  =       1, ntwprt  =       0, idecomp =       0, rbornstat=      0

Potential function:
     ntf     =       1, ntb     =       1, igb     =       0, nsnb    =      25
     ipol    =       0, gbsa    =       0, iesp    =       0
     dielc   =   1.00000, cut     =   8.00000, intdiel =   1.00000

Frozen or restrained atoms:
     ibelly  =       0, ntr     =       1
     restraint_wt =   0.00000

Energy minimization:
     maxcyc  =   15000, ncyc    =    5000, ntmin   =       1
     dx0     =   0.10000, drms    =   0.00010

| Intermolecular bonds treatment:
|     no_intermolecular_bonds =       1

| Energy averages sample interval:
|     ene_avg_sampling =       1

Extra-points options:
     frameon =       1, chngmask=       1

Ewald parameters:
     verbose =       0, ew_type =       0, nbflag  =       1, use_pme =       1
     vdwmeth =       1, eedmeth =       1, netfrc  =       0
     Box X =   73.069   Box Y =   73.561   Box Z =   82.053
     Alpha =   90.000   Beta  =   90.000   Gamma =   90.000
     NFFT1 =   80       NFFT2 =   80       NFFT3 =   84
     Cutoff=    8.000   Tol   =0.100E-04
     Ewald Coefficient =  0.34864
     Interpolation order =    4

    LOADING THE CONSTRAINED ATOMS AS GROUPS


   5.  REFERENCE ATOM COORDINATES

  default_name                                                                    
    ----- READING GROUP     1; TITLE:
 Hold protein fixed                                                          

     GROUP    1 HAS HARMONIC CONSTRAINTS     5.00000
 GRP    1 RES    1 TO   234
      Number of atoms in this group  =  3488
    ----- END OF GROUP READ -----
|      EXTRA_PTS, trim_bonds: num bonds BEFORE trim = 33620     0
|      EXTRA_PTS, trim_bonds: num bonds AFTER  trim = 33620     0
|      EXTRA_PTS, trim_bonds: num bonds BEFORE trim = 12445     0
|      EXTRA_PTS, trim_bonds: num bonds AFTER  trim =  1811     0
|      EXTRA_PTS, trim_theta: num angle BEFORE trim =  3878     0
|      EXTRA_PTS, trim_theta: num angle AFTER  trim =  3878     0
|      EXTRA_PTS, trim_theta: num angle BEFORE trim =  2456     0
|      EXTRA_PTS, trim_theta: num angle AFTER  trim =  2456     0
|      EXTRA_PTS, trim_phi:  num diheds BEFORE trim =  8128     0
|      EXTRA_PTS, trim_phi:  num diheds AFTER  trim =  8128     0
|      EXTRA_PTS, trim_phi:  num diheds BEFORE trim =  7794     0
|      EXTRA_PTS, trim_phi:  num diheds AFTER  trim =  7794     0

--------------------------------------------------------------------------------
   3.  ATOMIC COORDINATES AND VELOCITIES
--------------------------------------------------------------------------------

default_name                                                                    
 begin time read from input coords =     0.000 ps

 
 Number of triangulated 3-point waters found:    10634

     Sum of charges from parm topology file =   0.00005816
     Forcing neutrality...

| Dynamic Memory, Types Used:
| Reals             1386159
| Integers          2983904

| Nonbonded Pairs Initial Allocation:     7688327

| GPU memory information (estimate):
| KB of GPU memory in use:         0
| KB of CPU memory in use:         0

--------------------------------------------------------------------------------
   4.  RESULTS
--------------------------------------------------------------------------------



   NSTEP       ENERGY          RMS            GMAX         NAME    NUMBER
      1      -1.2251E+05     1.8325E+01     9.8163E+01     O       16232

 BOND    =      179.8649  ANGLE   =      352.6012  DIHED      =      872.4280
 VDWAALS =    15122.5353  EEL     =  -149457.3093  HBOND      =        0.0000
 1-4 VDW =     1013.6041  1-4 EEL =     9404.9031  RESTRAINT  =        0.0000


   NSTEP       ENERGY          RMS            GMAX         NAME    NUMBER
     50      -1.6014E+05     3.4897E+00     6.8882E+02     CG       1088

 BOND    =    22506.8782  ANGLE   =      303.3581  DIHED      =      906.9720
 VDWAALS =    15940.0692  EEL     =  -209890.5093  HBOND      =        0.0000
 1-4 VDW =      799.6512  1-4 EEL =     9222.1624  RESTRAINT  =       75.9291
 EAMBER  =  -160211.4181


   NSTEP       ENERGY          RMS            GMAX         NAME    NUMBER
    100      -1.6428E+05     2.2436E+00     4.6587E+02     CG       1088

 BOND    =    23554.5969  ANGLE   =      291.0542  DIHED      =      911.7931
 VDWAALS =    18324.5322  EEL     =  -217465.1246  HBOND      =        0.0000
 1-4 VDW =      778.2486  1-4 EEL =     9205.8843  RESTRAINT  =      117.6692
 EAMBER  =  -164399.0153


   NSTEP       ENERGY          RMS            GMAX         NAME    NUMBER
    150      -1.6668E+05     6.7524E-01     6.1682E+01     CG       1088

 BOND    =    24554.5389  ANGLE   =      285.8042  DIHED      =      912.0342
 VDWAALS =    20263.2208  EEL     =  -222799.7997  HBOND      =        0.0000
 1-4 VDW =      769.6618  1-4 EEL =     9195.7223  RESTRAINT  =      143.7092
 EAMBER  =  -166818.8175


   NSTEP       ENERGY          RMS            GMAX         NAME    NUMBER
    200      -1.6835E+05     1.8712E+00     3.8904E+02     CG       1088

 BOND    =    25450.2769  ANGLE   =      292.3090  DIHED      =      910.8867
 VDWAALS =    21964.9327  EEL     =  -227087.5833  HBOND      =        0.0000
 1-4 VDW =      765.3219  1-4 EEL =     9190.2476  RESTRAINT  =      163.2483
 EAMBER  =  -168513.6085


   NSTEP       ENERGY          RMS            GMAX         NAME    NUMBER
    250      -1.6973E+05     6.7898E-01     9.6488E+01     CG       1088

 BOND    =    26059.9194  ANGLE   =      287.1485  DIHED      =      909.4053
 VDWAALS =    23375.0782  EEL     =  -230487.9586  HBOND      =        0.0000
 1-4 VDW =      763.1819  1-4 EEL =     9189.4281  RESTRAINT  =      177.0591
 EAMBER  =  -169903.7972


   NSTEP       ENERGY          RMS            GMAX         NAME    NUMBER
    300      -1.7081E+05     1.5684E+00     3.0041E+02     CG       1088

 BOND    =    26684.2154  ANGLE   =      289.9682  DIHED      =      908.2729
 VDWAALS =    24607.9389  EEL     =  -233438.4040  HBOND      =        0.0000
 1-4 VDW =      761.9706  1-4 EEL =     9188.6579  RESTRAINT  =      187.1474
 EAMBER  =  -170997.3802


   NSTEP       ENERGY          RMS            GMAX         NAME    NUMBER
    350      -1.7181E+05     4.6312E-01     2.1707E+01     H1      20369

 BOND    =    27161.9894  ANGLE   =      287.0488  DIHED      =      907.5982
 VDWAALS =    25670.5072  EEL     =  -235976.1869  HBOND      =        0.0000
 1-4 VDW =      760.9019  1-4 EEL =     9186.8974  RESTRAINT  =      193.4072
 EAMBER  =  -172001.2439


   NSTEP       ENERGY          RMS            GMAX         NAME    NUMBER
    400      -1.7269E+05     1.2593E+00     1.7834E+02     H1      20369

 BOND    =    27698.2935  ANGLE   =      288.0901  DIHED      =      907.0406
 VDWAALS =    26682.0856  EEL     =  -238407.4501  HBOND      =        0.0000
 1-4 VDW =      760.1009  1-4 EEL =     9186.5314  RESTRAINT  =      197.5733
 EAMBER  =  -172885.3081


   NSTEP       ENERGY          RMS            GMAX         NAME    NUMBER
    450      -1.7354E+05     3.9542E-01     1.5408E+01     H2      20370

 BOND    =    28107.5826  ANGLE   =      286.9516  DIHED      =      906.6109
 VDWAALS =    27590.0145  EEL     =  -240575.8731  HBOND      =        0.0000
 1-4 VDW =      759.9747  1-4 EEL =     9185.7476  RESTRAINT  =      199.9408
 EAMBER  =  -173738.9912


   NSTEP       ENERGY          RMS            GMAX         NAME    NUMBER
    500      -1.7430E+05     1.0840E+00     1.8295E+02     C        1106

 BOND    =    28429.8214  ANGLE   =      288.4253  DIHED      =      906.2865
 VDWAALS =    28463.2983  EEL     =  -242530.3071  HBOND      =        0.0000
 1-4 VDW =      760.0349  1-4 EEL =     9184.7777  RESTRAINT  =      201.2687
 EAMBER  =  -174497.6630


   NSTEP       ENERGY          RMS            GMAX         NAME    NUMBER
    550      -1.7499E+05     4.9067E-01     6.9221E+01     C        1106

 BOND    =    29054.1484  ANGLE   =      287.5277  DIHED      =      905.8669
 VDWAALS =    29244.8408  EEL     =  -244630.2980  HBOND      =        0.0000
 1-4 VDW =      759.4349  1-4 EEL =     9185.1026  RESTRAINT  =      201.7263
 EAMBER  =  -175193.3766


   NSTEP       ENERGY          RMS            GMAX         NAME    NUMBER
    600      -1.7559E+05     8.8477E-01     1.1845E+02     C        1106

 BOND    =    29701.7364  ANGLE   =      288.7340  DIHED      =      905.5922
 VDWAALS =    29989.0796  EEL     =  -246618.8845  HBOND      =        0.0000
 1-4 VDW =      759.4131  1-4 EEL =     9184.8009  RESTRAINT  =      201.7144
 EAMBER  =  -175789.5283


   NSTEP       ENERGY          RMS            GMAX         NAME    NUMBER
    650      -1.7610E+05     1.3103E+00     1.1236E+02     C        1106

 BOND    =    30415.2332  ANGLE   =      289.3197  DIHED      =      905.3670
 VDWAALS =    30671.9190  EEL     =  -248529.6660  HBOND      =        0.0000
 1-4 VDW =      759.4777  1-4 EEL =     9184.3663  RESTRAINT  =      201.3308
 EAMBER  =  -176303.9830


   NSTEP       ENERGY          RMS            GMAX         NAME    NUMBER
    700      -1.7661E+05     7.5758E-01     3.6650E+01     C        1079

 BOND    =    29576.2701  ANGLE   =      287.3010  DIHED      =      905.1864
 VDWAALS =    31313.7211  EEL     =  -248833.4341  HBOND      =        0.0000
 1-4 VDW =      759.4514  1-4 EEL =     9184.0040  RESTRAINT  =      200.7331
 EAMBER  =  -176807.5001


   NSTEP       ENERGY          RMS            GMAX         NAME    NUMBER
    750      -1.7704E+05     1.1073E+00     1.1124E+02     CG       1088

 BOND    =    29977.3988  ANGLE   =      289.5679  DIHED      =      904.9680
 VDWAALS =    31893.9618  EEL     =  -250246.4829  HBOND      =        0.0000
 1-4 VDW =      759.4926  1-4 EEL =     9183.4179  RESTRAINT  =      200.1586
 EAMBER  =  -177237.6759


   NSTEP       ENERGY          RMS            GMAX         NAME    NUMBER
    800      -1.7746E+05     4.8927E-01     4.3545E+01     CD1      1176

 BOND    =    30578.2838  ANGLE   =      287.5257  DIHED      =      904.7414
 VDWAALS =    32411.9984  EEL     =  -251782.0908  HBOND      =        0.0000
 1-4 VDW =      759.3864  1-4 EEL =     9183.8668  RESTRAINT  =      199.5632
 EAMBER  =  -177656.2884


   NSTEP       ENERGY          RMS            GMAX         NAME    NUMBER
    850      -1.7783E+05     2.7471E-01     1.2025E+01     CD1      1176

 BOND    =    30793.8109  ANGLE   =      287.3951  DIHED      =      904.5381
 VDWAALS =    32906.4939  EEL     =  -252866.5172  HBOND      =        0.0000
 1-4 VDW =      759.3168  1-4 EEL =     9183.7200  RESTRAINT  =      199.0474
 EAMBER  =  -178031.2425


   NSTEP       ENERGY          RMS            GMAX         NAME    NUMBER
    900      -1.7816E+05     5.2880E-01     5.9835E+01     CD1      1176

 BOND    =    31023.8581  ANGLE   =      288.0000  DIHED      =      904.3783
 VDWAALS =    33358.4114  EEL     =  -253878.0004  HBOND      =        0.0000
 1-4 VDW =      759.2759  1-4 EEL =     9183.6006  RESTRAINT  =      198.6283
 EAMBER  =  -178360.4761


   NSTEP       ENERGY          RMS            GMAX         NAME    NUMBER
    950      -1.7847E+05     7.7383E-01     8.2780E+01     CD1      1176

 BOND    =    31245.6966  ANGLE   =      288.6316  DIHED      =      904.2517
 VDWAALS =    33789.1012  EEL     =  -254839.8065  HBOND      =        0.0000
 1-4 VDW =      759.2120  1-4 EEL =     9183.4032  RESTRAINT  =      198.2959
 EAMBER  =  -178669.5102


   NSTEP       ENERGY          RMS            GMAX         NAME    NUMBER
   1000      -1.7877E+05     2.5432E-01     1.5885E+01     CD1      1176

 BOND    =    31432.3775  ANGLE   =      287.6702  DIHED      =      904.0923
 VDWAALS =    34183.2779  EEL     =  -255718.8339  HBOND      =        0.0000
 1-4 VDW =      759.1182  1-4 EEL =     9183.7977  RESTRAINT  =      198.0831
 EAMBER  =  -178968.5001


   NSTEP       ENERGY          RMS            GMAX         NAME    NUMBER
   1050      -1.7903E+05     7.0849E-01     7.4246E+01     CG       1088

 BOND    =    31628.4968  ANGLE   =      288.7275  DIHED      =      903.9355
 VDWAALS =    34557.7069  EEL     =  -256554.7806  HBOND      =        0.0000
 1-4 VDW =      759.0526  1-4 EEL =     9184.0926  RESTRAINT  =      198.0925
 EAMBER  =  -179232.7688


   NSTEP       ENERGY          RMS            GMAX         NAME    NUMBER
   1100      -1.7929E+05     2.2967E-01     1.2498E+01     CD1      1176

 BOND    =    31790.5534  ANGLE   =      287.8651  DIHED      =      903.8857
 VDWAALS =    34893.2983  EEL     =  -257306.1386  HBOND      =        0.0000
 1-4 VDW =      759.0017  1-4 EEL =     9183.7384  RESTRAINT  =      198.1051
 EAMBER  =  -179487.7959


   NSTEP       ENERGY          RMS            GMAX         NAME    NUMBER
   1150      -1.7952E+05     6.2394E-01     7.4285E+01     CD1      1176

 BOND    =    31965.9241  ANGLE   =      288.4084  DIHED      =      903.8193
 VDWAALS =    35222.7887  EEL     =  -258045.8616  HBOND      =        0.0000
 1-4 VDW =      759.0151  1-4 EEL =     9183.5106  RESTRAINT  =      198.1768
 EAMBER  =  -179722.3954


   NSTEP       ENERGY          RMS            GMAX         NAME    NUMBER
   1200      -1.7975E+05     2.5766E-01     2.3953E+01     CD1      1176

 BOND    =    32115.4354  ANGLE   =      287.9997  DIHED      =      903.6863
 VDWAALS =    35525.4508  EEL     =  -258728.0046  HBOND      =        0.0000
 1-4 VDW =      758.9788  1-4 EEL =     9183.5867  RESTRAINT  =      198.2118
 EAMBER  =  -179952.8671


   NSTEP       ENERGY          RMS            GMAX         NAME    NUMBER
   1250      -1.7996E+05     4.8797E-01     6.5844E+01     CD1      1176

 BOND    =    32264.2668  ANGLE   =      288.3253  DIHED      =      903.6174
 VDWAALS =    35805.2938  EEL     =  -259361.4171  HBOND      =        0.0000
 1-4 VDW =      758.9725  1-4 EEL =     9183.3742  RESTRAINT  =      198.2910
 EAMBER  =  -180157.5670


   NSTEP       ENERGY          RMS            GMAX         NAME    NUMBER
   1300      -1.8016E+05     2.2357E-01     1.7390E+01     CD1      1176

 BOND    =    32399.2917  ANGLE   =      288.1503  DIHED      =      903.4981
 VDWAALS =    36072.3211  EEL     =  -259967.9626  HBOND      =        0.0000
 1-4 VDW =      758.9931  1-4 EEL =     9183.1411  RESTRAINT  =      198.3269
 EAMBER  =  -180362.5672


   NSTEP       ENERGY          RMS            GMAX         NAME    NUMBER
   1350      -1.8035E+05     3.0311E-01     3.5994E+01     CD1      1176

 BOND    =    32532.0571  ANGLE   =      288.2379  DIHED      =      903.4050
 VDWAALS =    36322.9811  EEL     =  -260540.6864  HBOND      =        0.0000
 1-4 VDW =      759.0285  1-4 EEL =     9182.9783  RESTRAINT  =      198.2692
 EAMBER  =  -180551.9985


   NSTEP       ENERGY          RMS            GMAX         NAME    NUMBER
   1400      -1.8054E+05     6.1236E-01     8.0816E+01     CG       2079

 BOND    =    32666.1313  ANGLE   =      288.8200  DIHED      =      903.2443
 VDWAALS =    36564.5762  EEL     =  -261098.5262  HBOND      =        0.0000
 1-4 VDW =      759.0282  1-4 EEL =     9183.0069  RESTRAINT  =      198.1493
 EAMBER  =  -180733.7193


   NSTEP       ENERGY          RMS            GMAX         NAME    NUMBER
   1450      -1.8072E+05     2.0816E-01     1.5410E+01     CD1      1176

 BOND    =    32781.0790  ANGLE   =      288.1803  DIHED      =      903.2319
 VDWAALS =    36789.3773  EEL     =  -261622.7154  HBOND      =        0.0000
 1-4 VDW =      759.0248  1-4 EEL =     9182.8934  RESTRAINT  =      197.9635
 EAMBER  =  -180918.9287


   NSTEP       ENERGY          RMS            GMAX         NAME    NUMBER
   1500      -1.8090E+05     5.0705E-01     7.0568E+01     CD1      1176

 BOND    =    32907.0190  ANGLE   =      288.5250  DIHED      =      903.1689
 VDWAALS =    37012.5911  EEL     =  -262146.3812  HBOND      =        0.0000
 1-4 VDW =      759.0212  1-4 EEL =     9182.8666  RESTRAINT  =      197.8557
 EAMBER  =  -181093.1894


   NSTEP       ENERGY          RMS            GMAX         NAME    NUMBER
   1550      -1.8108E+05     2.2945E-01     2.1959E+01     CD1      1176

 BOND    =    33021.8413  ANGLE   =      288.1798  DIHED      =      903.0807
 VDWAALS =    37230.3599  EEL     =  -262659.9931  HBOND      =        0.0000
 1-4 VDW =      759.0873  1-4 EEL =     9182.8170  RESTRAINT  =      197.7605
 EAMBER  =  -181274.6271


   NSTEP       ENERGY          RMS            GMAX         NAME    NUMBER
   1600      -1.8124E+05     2.6761E-01     2.9133E+01     CD1      1176

 BOND    =    33135.8701  ANGLE   =      288.1917  DIHED      =      903.0278
 VDWAALS =    37437.4374  EEL     =  -263148.7497  HBOND      =        0.0000
 1-4 VDW =      759.1213  1-4 EEL =     9182.8056  RESTRAINT  =      197.6957
 EAMBER  =  -181442.2957


   NSTEP       ENERGY          RMS            GMAX         NAME    NUMBER
   1650      -1.8140E+05     7.3054E-01     1.2111E+02     C        3486

 BOND    =    33255.4896  ANGLE   =      288.7064  DIHED      =      902.9793
 VDWAALS =    37641.0409  EEL     =  -263626.7015  HBOND      =        0.0000
 1-4 VDW =      759.1642  1-4 EEL =     9183.1242  RESTRAINT  =      197.6687
 EAMBER  =  -181596.1969


   NSTEP       ENERGY          RMS            GMAX         NAME    NUMBER
   1700      -1.8156E+05     2.7585E-01     3.1724E+01     CD1      1176

 BOND    =    33350.7651  ANGLE   =      288.2181  DIHED      =      902.9660
 VDWAALS =    37829.7564  EEL     =  -264067.9404  HBOND      =        0.0000
 1-4 VDW =      759.1481  1-4 EEL =     9182.6140  RESTRAINT  =      197.5803
 EAMBER  =  -181754.4728


   NSTEP       ENERGY          RMS            GMAX         NAME    NUMBER
   1750      -1.8170E+05     5.2740E-01     7.1275E+01     CD1      1176

 BOND    =    33454.6358  ANGLE   =      288.5218  DIHED      =      902.9390
 VDWAALS =    38012.5393  EEL     =  -264493.2430  HBOND      =        0.0000
 1-4 VDW =      759.1588  1-4 EEL =     9182.5344  RESTRAINT  =      197.5348
 EAMBER  =  -181892.9139


   NSTEP       ENERGY          RMS            GMAX         NAME    NUMBER
   1800      -1.8184E+05     3.0710E-01     3.8952E+01     CD1      1176

 BOND    =    33547.5284  ANGLE   =      288.2963  DIHED      =      902.8852
 VDWAALS =    38188.2163  EEL     =  -264904.3045  HBOND      =        0.0000
 1-4 VDW =      759.2166  1-4 EEL =     9182.2156  RESTRAINT  =      197.4695
 EAMBER  =  -182035.9461


   NSTEP       ENERGY          RMS            GMAX         NAME    NUMBER
   1850      -1.8197E+05     4.6341E-01     6.3438E+01     CD1      1176

 BOND    =    33641.7849  ANGLE   =      288.5785  DIHED      =      902.8439
 VDWAALS =    38353.5617  EEL     =  -265294.5527  HBOND      =        0.0000
 1-4 VDW =      759.2410  1-4 EEL =     9181.9452  RESTRAINT  =      197.4095
 EAMBER  =  -182166.5975


   NSTEP       ENERGY          RMS            GMAX         NAME    NUMBER
   1900      -1.8209E+05     6.7793E-01     9.3694E+01     CD1      1176

 BOND    =    33736.4493  ANGLE   =      288.8520  DIHED      =      902.8055
 VDWAALS =    38514.6451  EEL     =  -265676.0123  HBOND      =        0.0000
 1-4 VDW =      759.2794  1-4 EEL =     9182.0294  RESTRAINT  =      197.3375
 EAMBER  =  -182291.9516


   NSTEP       ENERGY          RMS            GMAX         NAME    NUMBER
   1950      -1.8223E+05     4.2062E-01     5.9096E+01     CD1      1176

 BOND    =    33816.7044  ANGLE   =      288.5002  DIHED      =      902.7938
 VDWAALS =    38668.6643  EEL     =  -266040.4363  HBOND      =        0.0000
 1-4 VDW =      759.2107  1-4 EEL =     9181.8493  RESTRAINT  =      197.1891
 EAMBER  =  -182422.7136


   NSTEP       ENERGY          RMS            GMAX         NAME    NUMBER
   2000      -1.8234E+05     6.6132E-01     1.1335E+02     C        3486

 BOND    =    33904.1265  ANGLE   =      288.6217  DIHED      =      902.7706
 VDWAALS =    38819.5455  EEL     =  -266393.8335  HBOND      =        0.0000
 1-4 VDW =      759.2437  1-4 EEL =     9182.2561  RESTRAINT  =      197.0672
 EAMBER  =  -182537.2694


   NSTEP       ENERGY          RMS            GMAX         NAME    NUMBER
   2050      -1.8246E+05     3.4669E-01     4.7711E+01     CD1      1176

 BOND    =    33979.1410  ANGLE   =      288.3660  DIHED      =      902.7285
 VDWAALS =    38965.2951  EEL     =  -266733.1534  HBOND      =        0.0000
 1-4 VDW =      759.2964  1-4 EEL =     9181.8151  RESTRAINT  =      196.9340
 EAMBER  =  -182656.5113


   NSTEP       ENERGY          RMS            GMAX         NAME    NUMBER
   2100      -1.8256E+05     5.0728E-01     6.9331E+01     CD1      1176

 BOND    =    34058.3978  ANGLE   =      288.5227  DIHED      =      902.7057
 VDWAALS =    39104.0775  EEL     =  -267056.2345  HBOND      =        0.0000
 1-4 VDW =      759.3203  1-4 EEL =     9181.8864  RESTRAINT  =      196.8513
 EAMBER  =  -182761.3241


   NSTEP       ENERGY          RMS            GMAX         NAME    NUMBER
   2150      -1.8267E+05     2.9222E-01     3.7798E+01     CD1      1176

 BOND    =    34129.3741  ANGLE   =      288.3894  DIHED      =      902.6903
 VDWAALS =    39238.9602  EEL     =  -267370.8652  HBOND      =        0.0000
 1-4 VDW =      759.2485  1-4 EEL =     9181.7025  RESTRAINT  =      196.7806
 EAMBER  =  -182870.5002


   NSTEP       ENERGY          RMS            GMAX         NAME    NUMBER
   2200      -1.8277E+05     4.2092E-01     5.8658E+01     CD1      1176

 BOND    =    34200.6143  ANGLE   =      288.4536  DIHED      =      902.6686
 VDWAALS =    39365.1898  EEL     =  -267665.5831  HBOND      =        0.0000
 1-4 VDW =      759.2368  1-4 EEL =     9181.7617  RESTRAINT  =      196.7747
 EAMBER  =  -182967.6583


   NSTEP       ENERGY          RMS            GMAX         NAME    NUMBER
   2250      -1.8287E+05     1.3696E-01     5.6225E+00     CD1      1176

 BOND    =    34263.9802  ANGLE   =      288.2597  DIHED      =      902.6292
 VDWAALS =    39486.3969  EEL     =  -267949.4111  HBOND      =        0.0000
 1-4 VDW =      759.2502  1-4 EEL =     9181.5668  RESTRAINT  =      196.7939
 EAMBER  =  -183067.3281


   NSTEP       ENERGY          RMS            GMAX         NAME    NUMBER
   2300      -1.8296E+05     4.1522E-01     5.1784E+01     C        3486

 BOND    =    34333.1373  ANGLE   =      288.6841  DIHED      =      902.5877
 VDWAALS =    39606.8852  EEL     =  -268232.0706  HBOND      =        0.0000
 1-4 VDW =      759.2431  1-4 EEL =     9181.2590  RESTRAINT  =      196.8647
 EAMBER  =  -183160.2741


   NSTEP       ENERGY          RMS            GMAX         NAME    NUMBER
   2350      -1.8305E+05     5.3744E-01     7.0952E+01     CD1      1176

 BOND    =    34396.1025  ANGLE   =      288.8917  DIHED      =      902.5493
 VDWAALS =    39717.9046  EEL     =  -268491.6671  HBOND      =        0.0000
 1-4 VDW =      759.2428  1-4 EEL =     9181.1220  RESTRAINT  =      196.9432
 EAMBER  =  -183245.8541


   NSTEP       ENERGY          RMS            GMAX         NAME    NUMBER
   2400      -1.8314E+05     2.1471E-01     2.2692E+01     CD1      1176

 BOND    =    34450.3644  ANGLE   =      288.2791  DIHED      =      902.5179
 VDWAALS =    39827.1394  EEL     =  -268747.2683  HBOND      =        0.0000
 1-4 VDW =      759.1914  1-4 EEL =     9181.2404  RESTRAINT  =      196.9909
 EAMBER  =  -183338.5357


   NSTEP       ENERGY          RMS            GMAX         NAME    NUMBER
   2450      -1.8323E+05     1.4254E-01     1.0306E+01     CD1      1176

 BOND    =    34506.8670  ANGLE   =      288.3041  DIHED      =      902.4617
 VDWAALS =    39932.2328  EEL     =  -268993.4109  HBOND      =        0.0000
 1-4 VDW =      759.1864  1-4 EEL =     9181.0136  RESTRAINT  =      197.0593
 EAMBER  =  -183423.3453


   NSTEP       ENERGY          RMS            GMAX         NAME    NUMBER
   2500      -1.8331E+05     1.9183E-01     2.2265E+01     CD1      1176

 BOND    =    34562.7042  ANGLE   =      288.3478  DIHED      =      902.4032
 VDWAALS =    40034.9246  EEL     =  -269234.2394  HBOND      =        0.0000
 1-4 VDW =      759.1937  1-4 EEL =     9180.8454  RESTRAINT  =      197.1176
 EAMBER  =  -183505.8204


   NSTEP       ENERGY          RMS            GMAX         NAME    NUMBER
   2550      -1.8339E+05     4.0020E-01     5.1695E+01     CD1      1176

 BOND    =    34622.2145  ANGLE   =      288.7226  DIHED      =      902.3091
 VDWAALS =    40141.1480  EEL     =  -269481.3865  HBOND      =        0.0000
 1-4 VDW =      759.2044  1-4 EEL =     9180.6295  RESTRAINT  =      197.1822
 EAMBER  =  -183587.1585


   NSTEP       ENERGY          RMS            GMAX         NAME    NUMBER
   2600      -1.8347E+05     1.3314E-01     9.9113E+00     CD1      1176

 BOND    =    34671.4811  ANGLE   =      288.3520  DIHED      =      902.2733
 VDWAALS =    40239.8805  EEL     =  -269706.6513  HBOND      =        0.0000
 1-4 VDW =      759.1852  1-4 EEL =     9180.5921  RESTRAINT  =      197.2100
 EAMBER  =  -183664.8871


   NSTEP       ENERGY          RMS            GMAX         NAME    NUMBER
   2650      -1.8354E+05     3.2615E-01     4.5944E+01     CD1      1176

 BOND    =    34725.3366  ANGLE   =      288.5414  DIHED      =      902.2100
 VDWAALS =    40338.7811  EEL     =  -269930.8643  HBOND      =        0.0000
 1-4 VDW =      759.1780  1-4 EEL =     9180.4842  RESTRAINT  =      197.2624
 EAMBER  =  -183736.3330


   NSTEP       ENERGY          RMS            GMAX         NAME    NUMBER
   2700      -1.8361E+05     4.7281E-01     6.9138E+01     CD1      1176

 BOND    =    34776.7260  ANGLE   =      288.7628  DIHED      =      902.1584
 VDWAALS =    40432.0240  EEL     =  -270142.1673  HBOND      =        0.0000
 1-4 VDW =      759.1806  1-4 EEL =     9180.4010  RESTRAINT  =      197.3248
 EAMBER  =  -183802.9146


   NSTEP       ENERGY          RMS            GMAX         NAME    NUMBER
   2750      -1.8368E+05     3.0196E-01     3.5836E+01     CD1      1176

 BOND    =    34822.5197  ANGLE   =      288.3941  DIHED      =      902.1278
 VDWAALS =    40524.7580  EEL     =  -270352.5634  HBOND      =        0.0000
 1-4 VDW =      759.2561  1-4 EEL =     9180.3873  RESTRAINT  =      197.3866
 EAMBER  =  -183875.1203


   NSTEP       ENERGY          RMS            GMAX         NAME    NUMBER
   2800      -1.8374E+05     1.2927E-01     1.0573E+01     CD1      1176

 BOND    =    34866.9801  ANGLE   =      288.3772  DIHED      =      902.0771
 VDWAALS =    40611.1737  EEL     =  -270549.6258  HBOND      =        0.0000
 1-4 VDW =      759.2388  1-4 EEL =     9180.2473  RESTRAINT  =      197.4600
 EAMBER  =  -183941.5316


   NSTEP       ENERGY          RMS            GMAX         NAME    NUMBER
   2850      -1.8381E+05     1.6495E-01     1.6620E+01     CD1      1176

 BOND    =    34912.1570  ANGLE   =      288.4180  DIHED      =      902.0434
 VDWAALS =    40695.8010  EEL     =  -270742.6468  HBOND      =        0.0000
 1-4 VDW =      759.2531  1-4 EEL =     9180.1507  RESTRAINT  =      197.5508
 EAMBER  =  -184004.8235


   NSTEP       ENERGY          RMS            GMAX         NAME    NUMBER
   2900      -1.8387E+05     1.1438E-01     6.7690E+00     CD1      1176

 BOND    =    34954.9541  ANGLE   =      288.3427  DIHED      =      902.0237
 VDWAALS =    40776.8127  EEL     =  -270927.6719  HBOND      =        0.0000
 1-4 VDW =      759.2764  1-4 EEL =     9180.1064  RESTRAINT  =      197.6494
 EAMBER  =  -184066.1559


   NSTEP       ENERGY          RMS            GMAX         NAME    NUMBER
   2950      -1.8393E+05     1.8915E-01     2.3634E+01     CD1      1176

 BOND    =    34997.7280  ANGLE   =      288.3618  DIHED      =      902.0041
 VDWAALS =    40856.1500  EEL     =  -271109.5477  HBOND      =        0.0000
 1-4 VDW =      759.2922  1-4 EEL =     9180.0413  RESTRAINT  =      197.7590
 EAMBER  =  -184125.9704


   NSTEP       ENERGY          RMS            GMAX         NAME    NUMBER
   3000      -1.8399E+05     2.9693E-01     4.1077E+01     CD1      1176

 BOND    =    35039.7680  ANGLE   =      288.4886  DIHED      =      901.9812
 VDWAALS =    40932.5887  EEL     =  -271285.5063  HBOND      =        0.0000
 1-4 VDW =      759.2996  1-4 EEL =     9179.9208  RESTRAINT  =      197.8770
 EAMBER  =  -184183.4593


   NSTEP       ENERGY          RMS            GMAX         NAME    NUMBER
   3050      -1.8404E+05     1.3537E-01     1.3239E+01     CD1      1176

 BOND    =    35077.7869  ANGLE   =      288.3303  DIHED      =      901.9753
 VDWAALS =    41006.2857  EEL     =  -271455.6512  HBOND      =        0.0000
 1-4 VDW =      759.2689  1-4 EEL =     9179.9010  RESTRAINT  =      197.9836
 EAMBER  =  -184242.1030


   NSTEP       ENERGY          RMS            GMAX         NAME    NUMBER
   3100      -1.8410E+05     2.5815E-01     3.5364E+01     CD1      1176

 BOND    =    35117.9432  ANGLE   =      288.3846  DIHED      =      901.9684
 VDWAALS =    41079.0940  EEL     =  -271623.7146  HBOND      =        0.0000
 1-4 VDW =      759.2466  1-4 EEL =     9179.8566  RESTRAINT  =      198.1099
 EAMBER  =  -184297.2213


   NSTEP       ENERGY          RMS            GMAX         NAME    NUMBER
   3150      -1.8415E+05     3.8804E-01     4.7896E+01     CD1      1176

 BOND    =    35157.4607  ANGLE   =      288.4177  DIHED      =      901.9734
 VDWAALS =    41149.9018  EEL     =  -271787.6193  HBOND      =        0.0000
 1-4 VDW =      759.2261  1-4 EEL =     9179.8874  RESTRAINT  =      198.2423
 EAMBER  =  -184350.7523


   NSTEP       ENERGY          RMS            GMAX         NAME    NUMBER
   3200      -1.8421E+05     1.0913E-01     6.3740E+00     CD1      1176

 BOND    =    35191.4153  ANGLE   =      288.3312  DIHED      =      901.9426
 VDWAALS =    41217.3606  EEL     =  -271945.1102  HBOND      =        0.0000
 1-4 VDW =      759.2206  1-4 EEL =     9179.6615  RESTRAINT  =      198.3679
 EAMBER  =  -184407.1783


   NSTEP       ENERGY          RMS            GMAX         NAME    NUMBER
   3250      -1.8426E+05     3.1720E-01     4.4629E+01     CD1      1176

 BOND    =    35230.7480  ANGLE   =      288.4380  DIHED      =      901.9351
 VDWAALS =    41287.1248  EEL     =  -272107.6739  HBOND      =        0.0000
 1-4 VDW =      759.2201  1-4 EEL =     9179.6226  RESTRAINT  =      198.5047
 EAMBER  =  -184460.5853


   NSTEP       ENERGY          RMS            GMAX         NAME    NUMBER
   3300      -1.8432E+05     1.0084E-01     4.2041E+00     CD1      1176

 BOND    =    35264.8662  ANGLE   =      288.3235  DIHED      =      901.9288
 VDWAALS =    41354.2324  EEL     =  -272263.6180  HBOND      =        0.0000
 1-4 VDW =      759.1742  1-4 EEL =     9179.5421  RESTRAINT  =      198.6050
 EAMBER  =  -184515.5508


   NSTEP       ENERGY          RMS            GMAX         NAME    NUMBER
   3350      -1.8437E+05     2.9109E-01     4.1369E+01     CD1      1176

 BOND    =    35302.5754  ANGLE   =      288.4784  DIHED      =      901.9232
 VDWAALS =    41421.3940  EEL     =  -272420.4867  HBOND      =        0.0000
 1-4 VDW =      759.1374  1-4 EEL =     9179.4862  RESTRAINT  =      198.6981
 EAMBER  =  -184567.4921


   NSTEP       ENERGY          RMS            GMAX         NAME    NUMBER
   3400      -1.8442E+05     1.2339E-01     1.1523E+01     CD1      1176

 BOND    =    35335.3974  ANGLE   =      288.3295  DIHED      =      901.9120
 VDWAALS =    41484.7042  EEL     =  -272569.2322  HBOND      =        0.0000
 1-4 VDW =      759.1573  1-4 EEL =     9179.4352  RESTRAINT  =      198.7598
 EAMBER  =  -184620.2965


   NSTEP       ENERGY          RMS            GMAX         NAME    NUMBER
   3450      -1.8447E+05     2.3395E-01     3.2107E+01     CD1      1176

 BOND    =    35370.6011  ANGLE   =      288.4000  DIHED      =      901.9020
 VDWAALS =    41548.1884  EEL     =  -272717.6726  HBOND      =        0.0000
 1-4 VDW =      759.1574  1-4 EEL =     9179.3744  RESTRAINT  =      198.8116
 EAMBER  =  -184670.0495


   NSTEP       ENERGY          RMS            GMAX         NAME    NUMBER
   3500      -1.8452E+05     3.4553E-01     4.6670E+01     CD1      1176

 BOND    =    35406.2097  ANGLE   =      288.3998  DIHED      =      901.9045
 VDWAALS =    41611.7194  EEL     =  -272866.3035  HBOND      =        0.0000
 1-4 VDW =      759.1685  1-4 EEL =     9179.4093  RESTRAINT  =      198.8501
 EAMBER  =  -184719.4923


   NSTEP       ENERGY          RMS            GMAX         NAME    NUMBER
   3550      -1.8457E+05     1.0089E-01     4.6053E+00     CD1      1176

 BOND    =    35437.1438  ANGLE   =      288.3031  DIHED      =      901.8933
 VDWAALS =    41672.7545  EEL     =  -273009.5982  HBOND      =        0.0000
 1-4 VDW =      759.1208  1-4 EEL =     9179.2927  RESTRAINT  =      198.8674
 EAMBER  =  -184771.0901


   NSTEP       ENERGY          RMS            GMAX         NAME    NUMBER
   3600      -1.8462E+05     3.1574E-01     4.1726E+01     CD1      1176

 BOND    =    35473.6904  ANGLE   =      288.3731  DIHED      =      901.9025
 VDWAALS =    41736.9110  EEL     =  -273160.0967  HBOND      =        0.0000
 1-4 VDW =      759.0993  1-4 EEL =     9179.3126  RESTRAINT  =      198.8902
 EAMBER  =  -184820.8078


   NSTEP       ENERGY          RMS            GMAX         NAME    NUMBER
   3650      -1.8467E+05     1.4438E-01     1.6186E+01     CD1      1176

 BOND    =    35505.2447  ANGLE   =      288.3159  DIHED      =      901.8845
 VDWAALS =    41798.4121  EEL     =  -273304.0732  HBOND      =        0.0000
 1-4 VDW =      759.1128  1-4 EEL =     9179.1488  RESTRAINT  =      198.9071
 EAMBER  =  -184871.9544


   NSTEP       ENERGY          RMS            GMAX         NAME    NUMBER
   3700      -1.8472E+05     2.4863E-01     3.2659E+01     CD1      1176

 BOND    =    35538.1716  ANGLE   =      288.4694  DIHED      =      901.8725
 VDWAALS =    41858.2390  EEL     =  -273442.6560  HBOND      =        0.0000
 1-4 VDW =      759.0957  1-4 EEL =     9178.9991  RESTRAINT  =      198.9328
 EAMBER  =  -184917.8086


   NSTEP       ENERGY          RMS            GMAX         NAME    NUMBER
   3750      -1.8476E+05     3.9665E-01     4.2431E+01     CD1      1176

 BOND    =    35572.2426  ANGLE   =      288.4059  DIHED      =      901.9043
 VDWAALS =    41918.3494  EEL     =  -273581.5910  HBOND      =        0.0000
 1-4 VDW =      759.1269  1-4 EEL =     9179.0447  RESTRAINT  =      198.9619
 EAMBER  =  -184962.5172


   NSTEP       ENERGY          RMS            GMAX         NAME    NUMBER
   3800      -1.8481E+05     1.6683E-01     2.0829E+01     CD1      1176

 BOND    =    35600.5102  ANGLE   =      288.3440  DIHED      =      901.8875
 VDWAALS =    41975.9480  EEL     =  -273714.6120  HBOND      =        0.0000
 1-4 VDW =      759.0504  1-4 EEL =     9178.8910  RESTRAINT  =      198.9898
 EAMBER  =  -185009.9807


   NSTEP       ENERGY          RMS            GMAX         NAME    NUMBER
   3850      -1.8486E+05     9.7744E-02     5.5053E+00     CD1      1176

 BOND    =    35630.5913  ANGLE   =      288.3285  DIHED      =      901.8896
 VDWAALS =    42032.9084  EEL     =  -273846.9016  HBOND      =        0.0000
 1-4 VDW =      759.0475  1-4 EEL =     9178.7845  RESTRAINT  =      199.0377
 EAMBER  =  -185055.3518


   NSTEP       ENERGY          RMS            GMAX         NAME    NUMBER
   3900      -1.8490E+05     9.7770E-02     6.0259E+00     CD1      1176

 BOND    =    35661.3408  ANGLE   =      288.3452  DIHED      =      901.9054
 VDWAALS =    42090.2348  EEL     =  -273980.4025  HBOND      =        0.0000
 1-4 VDW =      759.0313  1-4 EEL =     9178.7057  RESTRAINT  =      199.1013
 EAMBER  =  -185100.8393


   NSTEP       ENERGY          RMS            GMAX         NAME    NUMBER
   3950      -1.8494E+05     2.5919E-01     3.5999E+01     CD1      1176

 BOND    =    35691.7882  ANGLE   =      288.4726  DIHED      =      901.9202
 VDWAALS =    42144.8154  EEL     =  -274106.9550  HBOND      =        0.0000
 1-4 VDW =      759.0198  1-4 EEL =     9178.6635  RESTRAINT  =      199.1829
 EAMBER  =  -185142.2753


   NSTEP       ENERGY          RMS            GMAX         NAME    NUMBER
   4000      -1.8499E+05     1.2666E-01     1.3886E+01     CD1      1176

 BOND    =    35719.1560  ANGLE   =      288.4343  DIHED      =      901.9418
 VDWAALS =    42197.5697  EEL     =  -274229.3809  HBOND      =        0.0000
 1-4 VDW =      758.9722  1-4 EEL =     9178.6199  RESTRAINT  =      199.2482
 EAMBER  =  -185184.6871


   NSTEP       ENERGY          RMS            GMAX         NAME    NUMBER
   4050      -1.8502E+05     2.4433E-01     2.8691E+01     CD1      1176

 BOND    =    35747.1361  ANGLE   =      288.5086  DIHED      =      901.9617
 VDWAALS =    42248.2910  EEL     =  -274347.4270  HBOND      =        0.0000
 1-4 VDW =      758.9332  1-4 EEL =     9178.7168  RESTRAINT  =      199.3080
 EAMBER  =  -185223.8797


   NSTEP       ENERGY          RMS            GMAX         NAME    NUMBER
   4100      -1.8506E+05     3.5345E-01     4.2756E+01     C        3486

 BOND    =    35775.6679  ANGLE   =      288.7263  DIHED      =      901.9855
 VDWAALS =    42297.1394  EEL     =  -274463.2849  HBOND      =        0.0000
 1-4 VDW =      758.9246  1-4 EEL =     9178.4975  RESTRAINT  =      199.3517
 EAMBER  =  -185262.3436


   NSTEP       ENERGY          RMS            GMAX         NAME    NUMBER
   4150      -1.8511E+05     1.3685E-01     1.5584E+01     CD1      1176

 BOND    =    35800.1886  ANGLE   =      288.5252  DIHED      =      901.9974
 VDWAALS =    42345.3599  EEL     =  -274578.1476  HBOND      =        0.0000
 1-4 VDW =      758.9206  1-4 EEL =     9178.6446  RESTRAINT  =      199.3721
 EAMBER  =  -185304.5113


   NSTEP       ENERGY          RMS            GMAX         NAME    NUMBER
   4200      -1.8514E+05     2.8834E-01     3.5753E+01     CD1      1176

 BOND    =    35828.1645  ANGLE   =      288.6671  DIHED      =      902.0115
 VDWAALS =    42393.2694  EEL     =  -274694.0695  HBOND      =        0.0000
 1-4 VDW =      758.8975  1-4 EEL =     9178.7282  RESTRAINT  =      199.3905
 EAMBER  =  -185344.3313


   NSTEP       ENERGY          RMS            GMAX         NAME    NUMBER
   4250      -1.8519E+05     9.4832E-02     5.3167E+00     CD1      1176

 BOND    =    35853.9315  ANGLE   =      288.5609  DIHED      =      902.0326
 VDWAALS =    42440.7770  EEL     =  -274810.7662  HBOND      =        0.0000
 1-4 VDW =      758.8731  1-4 EEL =     9178.7251  RESTRAINT  =      199.3867
 EAMBER  =  -185387.8659


   NSTEP       ENERGY          RMS            GMAX         NAME    NUMBER
   4300      -1.8523E+05     2.6289E-01     3.2465E+01     CD1      1176

 BOND    =    35881.9585  ANGLE   =      288.7063  DIHED      =      902.0503
 VDWAALS =    42488.9182  EEL     =  -274927.5775  HBOND      =        0.0000
 1-4 VDW =      758.8343  1-4 EEL =     9178.7855  RESTRAINT  =      199.3903
 EAMBER  =  -185428.3243


   NSTEP       ENERGY          RMS            GMAX         NAME    NUMBER
   4350      -1.8527E+05     3.6730E-01     4.6716E+01     CD1      1176

 BOND    =    35909.7360  ANGLE   =      288.8571  DIHED      =      902.0693
 VDWAALS =    42537.5136  EEL     =  -275043.1644  HBOND      =        0.0000
 1-4 VDW =      758.8116  1-4 EEL =     9178.8197  RESTRAINT  =      199.3887
 EAMBER  =  -185467.3572


   NSTEP       ENERGY          RMS            GMAX         NAME    NUMBER
   4400      -1.8531E+05     2.0695E-01     2.7914E+01     CD1      1176

 BOND    =    35934.1310  ANGLE   =      288.6890  DIHED      =      902.0831
 VDWAALS =    42585.5413  EEL     =  -275156.6249  HBOND      =        0.0000
 1-4 VDW =      758.8629  1-4 EEL =     9178.8002  RESTRAINT  =      199.3728
 EAMBER  =  -185508.5174


   NSTEP       ENERGY          RMS            GMAX         NAME    NUMBER
   4450      -1.8535E+05     9.3160E-02     6.0032E+00     CD1      1176

 BOND    =    35958.7496  ANGLE   =      288.6666  DIHED      =      902.1074
 VDWAALS =    42633.1806  EEL     =  -275268.3985  HBOND      =        0.0000
 1-4 VDW =      758.8334  1-4 EEL =     9178.8360  RESTRAINT  =      199.3489
 EAMBER  =  -185548.0249


   NSTEP       ENERGY          RMS            GMAX         NAME    NUMBER
   4500      -1.8539E+05     8.7537E-02     3.7916E+00     CD1      1176

 BOND    =    35983.8786  ANGLE   =      288.6931  DIHED      =      902.1324
 VDWAALS =    42680.4254  EEL     =  -275379.9465  HBOND      =        0.0000
 1-4 VDW =      758.8304  1-4 EEL =     9178.8533  RESTRAINT  =      199.3233
 EAMBER  =  -185587.1334


   NSTEP       ENERGY          RMS            GMAX         NAME    NUMBER
   4550      -1.8543E+05     2.4980E-01     3.4565E+01     CD1      1176

 BOND    =    36010.0863  ANGLE   =      288.8275  DIHED      =      902.1658
 VDWAALS =    42727.2453  EEL     =  -275491.3069  HBOND      =        0.0000
 1-4 VDW =      758.8062  1-4 EEL =     9178.8789  RESTRAINT  =      199.2934
 EAMBER  =  -185625.2970


   NSTEP       ENERGY          RMS            GMAX         NAME    NUMBER
   4600      -1.8546E+05     3.7518E-01     4.8786E+01     CD1      1176

 BOND    =    36035.3840  ANGLE   =      288.9612  DIHED      =      902.1992
 VDWAALS =    42770.8945  EEL     =  -275595.7826  HBOND      =        0.0000
 1-4 VDW =      758.8167  1-4 EEL =     9178.8859  RESTRAINT  =      199.2589
 EAMBER  =  -185660.6412


   NSTEP       ENERGY          RMS            GMAX         NAME    NUMBER
   4650      -1.8550E+05     2.1953E-01     3.0546E+01     CD1      1176

 BOND    =    36057.9930  ANGLE   =      288.8599  DIHED      =      902.2249
 VDWAALS =    42815.9510  EEL     =  -275703.8129  HBOND      =        0.0000
 1-4 VDW =      758.8338  1-4 EEL =     9178.8595  RESTRAINT  =      199.2102
 EAMBER  =  -185701.0908


   NSTEP       ENERGY          RMS            GMAX         NAME    NUMBER
   4700      -1.8554E+05     3.2417E-01     4.0548E+01     CD1      1176

 BOND    =    36082.6070  ANGLE   =      289.0119  DIHED      =      902.2645
 VDWAALS =    42859.5800  EEL     =  -275808.0377  HBOND      =        0.0000
 1-4 VDW =      758.8134  1-4 EEL =     9178.8055  RESTRAINT  =      199.1545
 EAMBER  =  -185736.9555


   NSTEP       ENERGY          RMS            GMAX         NAME    NUMBER
   4750      -1.8557E+05     1.4595E-01     1.7713E+01     CD1      1176

 BOND    =    36103.5979  ANGLE   =      288.8958  DIHED      =      902.3009
 VDWAALS =    42901.5893  EEL     =  -275907.5560  HBOND      =        0.0000
 1-4 VDW =      758.7746  1-4 EEL =     9178.8017  RESTRAINT  =      199.0679
 EAMBER  =  -185773.5959


   NSTEP       ENERGY          RMS            GMAX         NAME    NUMBER
   4800      -1.8561E+05     2.5418E-01     3.5895E+01     CD1      1176

 BOND    =    36126.4342  ANGLE   =      289.0103  DIHED      =      902.3373
 VDWAALS =    42943.0773  EEL     =  -276003.9779  HBOND      =        0.0000
 1-4 VDW =      758.7458  1-4 EEL =     9178.7293  RESTRAINT  =      198.9682
 EAMBER  =  -185805.6438


   NSTEP       ENERGY          RMS            GMAX         NAME    NUMBER
   4850      -1.8564E+05     8.4341E-02     5.0412E+00     CD1      1176

 BOND    =    36147.0724  ANGLE   =      288.9428  DIHED      =      902.3676
 VDWAALS =    42984.4025  EEL     =  -276099.7207  HBOND      =        0.0000
 1-4 VDW =      758.7505  1-4 EEL =     9178.6199  RESTRAINT  =      198.8276
 EAMBER  =  -185839.5649


   NSTEP       ENERGY          RMS            GMAX         NAME    NUMBER
   4900      -1.8567E+05     2.4863E-01     3.1674E+01     CD1      1176

 BOND    =    36170.8253  ANGLE   =      289.0259  DIHED      =      902.4050
 VDWAALS =    43027.2747  EEL     =  -276199.2080  HBOND      =        0.0000
 1-4 VDW =      758.7691  1-4 EEL =     9178.5211  RESTRAINT  =      198.6331
 EAMBER  =  -185872.3869


   NSTEP       ENERGY          RMS            GMAX         NAME    NUMBER
   4950      -1.8571E+05     1.1268E-01     1.2223E+01     CD1      1176

 BOND    =    36190.8250  ANGLE   =      288.9220  DIHED      =      902.4495
 VDWAALS =    43067.4872  EEL     =  -276291.3018  HBOND      =        0.0000
 1-4 VDW =      758.7475  1-4 EEL =     9178.5075  RESTRAINT  =      198.3805
 EAMBER  =  -185904.3630


   NSTEP       ENERGY          RMS            GMAX         NAME    NUMBER
   5000      -1.8574E+05     2.0714E-01     2.4476E+01     CD1      1176

 BOND    =    36213.2111  ANGLE   =      288.9133  DIHED      =      902.4966
 VDWAALS =    43108.8950  EEL     =  -276386.3060  HBOND      =        0.0000
 1-4 VDW =      758.7737  1-4 EEL =     9178.5323  RESTRAINT  =      198.0807
 EAMBER  =  -185935.4840


   NSTEP       ENERGY          RMS            GMAX         NAME    NUMBER
   5050      -1.8603E+05     2.5908E-01     4.2209E+01     O       21204

 BOND    =    36464.2128  ANGLE   =      288.8921  DIHED      =      902.5808
 VDWAALS =    43604.4044  EEL     =  -277417.6223  HBOND      =        0.0000
 1-4 VDW =      758.9900  1-4 EEL =     9178.7149  RESTRAINT  =      194.5802
 EAMBER  =  -186219.8272


   NSTEP       ENERGY          RMS            GMAX         NAME    NUMBER
   5100      -1.8616E+05     2.2211E-01     2.0218E+01     O       21204

 BOND    =    36548.6205  ANGLE   =      290.2682  DIHED      =      902.5383
 VDWAALS =    43811.4369  EEL     =  -277848.1903  HBOND      =        0.0000
 1-4 VDW =      758.8619  1-4 EEL =     9178.4856  RESTRAINT  =      194.6760
 EAMBER  =  -186357.9789


   NSTEP       ENERGY          RMS            GMAX         NAME    NUMBER
   5150      -1.8627E+05     2.3578E-01     3.2443E+01     CB       1834

 BOND    =    36622.9473  ANGLE   =      289.7064  DIHED      =      902.5628
 VDWAALS =    43963.7758  EEL     =  -278177.5013  HBOND      =        0.0000
 1-4 VDW =      758.9893  1-4 EEL =     9178.6530  RESTRAINT  =      194.6592
 EAMBER  =  -186460.8667


   NSTEP       ENERGY          RMS            GMAX         NAME    NUMBER
   5200      -1.8637E+05     2.3959E-01     2.0741E+01     O        1851

 BOND    =    36694.6055  ANGLE   =      289.9655  DIHED      =      902.6981
 VDWAALS =    44108.9169  EEL     =  -278502.8776  HBOND      =        0.0000
 1-4 VDW =      759.1174  1-4 EEL =     9178.3062  RESTRAINT  =      194.5130
 EAMBER  =  -186569.2679


   NSTEP       ENERGY          RMS            GMAX         NAME    NUMBER
   5250      -1.8646E+05     1.6725E-01     1.0403E+01     O        1851

 BOND    =    36759.3508  ANGLE   =      289.6250  DIHED      =      902.6686
 VDWAALS =    44243.4929  EEL     =  -278788.1869  HBOND      =        0.0000
 1-4 VDW =      759.1423  1-4 EEL =     9178.4942  RESTRAINT  =      194.4803
 EAMBER  =  -186655.4131


   NSTEP       ENERGY          RMS            GMAX         NAME    NUMBER
   5300      -1.8653E+05     2.1329E-01     1.3193E+01     CD       3051

 BOND    =    36812.4178  ANGLE   =      290.1893  DIHED      =      902.6409
 VDWAALS =    44362.2633  EEL     =  -279033.0583  HBOND      =        0.0000
 1-4 VDW =      759.2739  1-4 EEL =     9178.5224  RESTRAINT  =      194.4973
 EAMBER  =  -186727.7506


   NSTEP       ENERGY          RMS            GMAX         NAME    NUMBER
   5350      -1.8660E+05     2.0219E-01     1.6161E+01     O        1851

 BOND    =    36866.3680  ANGLE   =      290.0093  DIHED      =      902.6123
 VDWAALS =    44468.9128  EEL     =  -279264.5246  HBOND      =        0.0000
 1-4 VDW =      759.2607  1-4 EEL =     9178.7984  RESTRAINT  =      194.6147
 EAMBER  =  -186798.5631


   NSTEP       ENERGY          RMS            GMAX         NAME    NUMBER
   5400      -1.8667E+05     2.1586E-01     2.3567E+01     CD       3051

 BOND    =    36911.2322  ANGLE   =      290.0730  DIHED      =      902.7201
 VDWAALS =    44556.0427  EEL     =  -279464.6707  HBOND      =        0.0000
 1-4 VDW =      759.2943  1-4 EEL =     9178.9510  RESTRAINT  =      194.8293
 EAMBER  =  -186866.3572


   NSTEP       ENERGY          RMS            GMAX         NAME    NUMBER
   5450      -1.8673E+05     2.4628E-01     1.2308E+01     CD       3051

 BOND    =    36959.4551  ANGLE   =      290.4408  DIHED      =      902.8371
 VDWAALS =    44635.0259  EEL     =  -279650.7453  HBOND      =        0.0000
 1-4 VDW =      759.0746  1-4 EEL =     9179.0923  RESTRAINT  =      195.0100
 EAMBER  =  -186924.8194


   NSTEP       ENERGY          RMS            GMAX         NAME    NUMBER
   5500      -1.8679E+05     2.1023E-01     1.0542E+01     O       27676

 BOND    =    36999.2331  ANGLE   =      289.8203  DIHED      =      903.0229
 VDWAALS =    44705.6461  EEL     =  -279817.2274  HBOND      =        0.0000
 1-4 VDW =      759.2172  1-4 EEL =     9178.9918  RESTRAINT  =      195.1882
 EAMBER  =  -186981.2960


   NSTEP       ENERGY          RMS            GMAX         NAME    NUMBER
   5550      -1.8686E+05     2.0310E-01     1.4525E+01     OXT      1852

 BOND    =    37042.4877  ANGLE   =      290.6810  DIHED      =      903.1040
 VDWAALS =    44795.4905  EEL     =  -280020.7796  HBOND      =        0.0000
 1-4 VDW =      759.3198  1-4 EEL =     9179.2548  RESTRAINT  =      195.4011
 EAMBER  =  -187050.4417


   NSTEP       ENERGY          RMS            GMAX         NAME    NUMBER
   5600      -1.8696E+05     2.1842E-01     1.2341E+01     CA       1832

 BOND    =    37106.0185  ANGLE   =      289.6011  DIHED      =      903.4835
 VDWAALS =    44921.1349  EEL     =  -280312.3565  HBOND      =        0.0000
 1-4 VDW =      759.4155  1-4 EEL =     9179.2526  RESTRAINT  =      195.3720
 EAMBER  =  -187153.4503


   NSTEP       ENERGY          RMS            GMAX         NAME    NUMBER
   5650      -1.8703E+05     1.5479E-01     1.3112E+01     CD        143

 BOND    =    37160.2883  ANGLE   =      288.3426  DIHED      =      904.1478
 VDWAALS =    45029.5416  EEL     =  -280550.3758  HBOND      =        0.0000
 1-4 VDW =      759.4590  1-4 EEL =     9179.1088  RESTRAINT  =      195.1700
 EAMBER  =  -187229.4877


   NSTEP       ENERGY          RMS            GMAX         NAME    NUMBER
   5700      -1.8710E+05     1.2904E-01     7.9318E+00     CA       1832

 BOND    =    37210.7438  ANGLE   =      288.2273  DIHED      =      904.2826
 VDWAALS =    45116.8057  EEL     =  -280752.1895  HBOND      =        0.0000
 1-4 VDW =      759.4656  1-4 EEL =     9178.9486  RESTRAINT  =      195.0986
 EAMBER  =  -187293.7160


   NSTEP       ENERGY          RMS            GMAX         NAME    NUMBER
   5750      -1.8715E+05     1.2812E-01     1.0275E+01     CA       1832

 BOND    =    37247.5565  ANGLE   =      288.2008  DIHED      =      904.3788
 VDWAALS =    45185.7132  EEL     =  -280904.8529  HBOND      =        0.0000
 1-4 VDW =      759.5196  1-4 EEL =     9178.7958  RESTRAINT  =      195.0710
 EAMBER  =  -187340.6882


   NSTEP       ENERGY          RMS            GMAX         NAME    NUMBER
   5800      -1.8719E+05     1.1460E-01     5.4735E+00     CD        143

 BOND    =    37287.0999  ANGLE   =      288.1106  DIHED      =      904.5218
 VDWAALS =    45267.3266  EEL     =  -281073.7410  HBOND      =        0.0000
 1-4 VDW =      759.5571  1-4 EEL =     9178.6099  RESTRAINT  =      194.9767
 EAMBER  =  -187388.5151


   NSTEP       ENERGY          RMS            GMAX         NAME    NUMBER
   5850      -1.8724E+05     1.0969E-01     4.6708E+00     CB        152

 BOND    =    37325.7934  ANGLE   =      288.0793  DIHED      =      904.6098
 VDWAALS =    45360.7633  EEL     =  -281254.6274  HBOND      =        0.0000
 1-4 VDW =      759.6313  1-4 EEL =     9178.4598  RESTRAINT  =      194.7547
 EAMBER  =  -187437.2905


   NSTEP       ENERGY          RMS            GMAX         NAME    NUMBER
   5900      -1.8729E+05     1.0040E-01     4.2707E+00     CA       1832

 BOND    =    37375.6812  ANGLE   =      288.0619  DIHED      =      904.6218
 VDWAALS =    45453.2706  EEL     =  -281447.5965  HBOND      =        0.0000
 1-4 VDW =      759.6252  1-4 EEL =     9178.2601  RESTRAINT  =      194.6299
 EAMBER  =  -187488.0758


   NSTEP       ENERGY          RMS            GMAX         NAME    NUMBER
   5950      -1.8740E+05     1.9179E-01     8.8975E+00     CA       1832

 BOND    =    37496.3065  ANGLE   =      289.2842  DIHED      =      904.5828
 VDWAALS =    45650.9758  EEL     =  -281873.3458  HBOND      =        0.0000
 1-4 VDW =      759.5612  1-4 EEL =     9178.1107  RESTRAINT  =      194.7480
 EAMBER  =  -187594.5246


   NSTEP       ENERGY          RMS            GMAX         NAME    NUMBER
   6000      -1.8746E+05     1.7883E-01     1.3965E+01     C        1828

 BOND    =    37498.0066  ANGLE   =      288.1633  DIHED      =      904.6637
 VDWAALS =    45737.6398  EEL     =  -282022.9597  HBOND      =        0.0000
 1-4 VDW =      759.6967  1-4 EEL =     9178.0559  RESTRAINT  =      194.7327
 EAMBER  =  -187656.7337


   NSTEP       ENERGY          RMS            GMAX         NAME    NUMBER
   6050      -1.8751E+05     1.3836E-01     7.7347E+00     CA       1816

 BOND    =    37531.2176  ANGLE   =      288.1467  DIHED      =      904.6459
 VDWAALS =    45797.6273  EEL     =  -282166.0091  HBOND      =        0.0000
 1-4 VDW =      759.7287  1-4 EEL =     9178.1184  RESTRAINT  =      194.7073
 EAMBER  =  -187706.5246


   NSTEP       ENERGY          RMS            GMAX         NAME    NUMBER
   6100      -1.8757E+05     1.3008E-01     7.3301E+00     CA       1816

 BOND    =    37568.5345  ANGLE   =      288.2055  DIHED      =      904.7566
 VDWAALS =    45876.0896  EEL     =  -282341.3653  HBOND      =        0.0000
 1-4 VDW =      759.8079  1-4 EEL =     9178.3932  RESTRAINT  =      194.5968
 EAMBER  =  -187765.5780


   NSTEP       ENERGY          RMS            GMAX         NAME    NUMBER
   6150      -1.8764E+05     1.3761E-01     7.6166E+00     CG       2079

 BOND    =    37623.6821  ANGLE   =      288.3172  DIHED      =      904.7026
 VDWAALS =    45988.0284  EEL     =  -282580.8440  HBOND      =        0.0000
 1-4 VDW =      760.0180  1-4 EEL =     9178.9489  RESTRAINT  =      194.2339
 EAMBER  =  -187837.1468


   NSTEP       ENERGY          RMS            GMAX         NAME    NUMBER
   6200      -1.8770E+05     1.5472E-01     8.4482E+00     CD        143

 BOND    =    37652.9513  ANGLE   =      287.9564  DIHED      =      904.6914
 VDWAALS =    46063.0749  EEL     =  -282742.5876  HBOND      =        0.0000
 1-4 VDW =      760.1441  1-4 EEL =     9179.4192  RESTRAINT  =      194.0681
 EAMBER  =  -187894.3504


   NSTEP       ENERGY          RMS            GMAX         NAME    NUMBER
   6250      -1.8774E+05     1.2318E-01     8.2425E+00     CD        143

 BOND    =    37680.3548  ANGLE   =      288.0589  DIHED      =      904.7684
 VDWAALS =    46117.2804  EEL     =  -282864.9523  HBOND      =        0.0000
 1-4 VDW =      760.1763  1-4 EEL =     9179.6074  RESTRAINT  =      194.0522
 EAMBER  =  -187934.7060


   NSTEP       ENERGY          RMS            GMAX         NAME    NUMBER
   6300      -1.8778E+05     2.5907E-01     1.5186E+01     CG       3216

 BOND    =    37698.6266  ANGLE   =      288.4757  DIHED      =      904.8473
 VDWAALS =    46185.7332  EEL     =  -282995.3532  HBOND      =        0.0000
 1-4 VDW =      760.4457  1-4 EEL =     9179.4851  RESTRAINT  =      193.9897
 EAMBER  =  -187977.7396


   NSTEP       ENERGY          RMS            GMAX         NAME    NUMBER
   6350      -1.8780E+05     8.9934E-02     4.5965E+00     O        9828

 BOND    =    37720.4925  ANGLE   =      288.1458  DIHED      =      904.8700
 VDWAALS =    46209.3275  EEL     =  -283060.3396  HBOND      =        0.0000
 1-4 VDW =      760.2403  1-4 EEL =     9179.1746  RESTRAINT  =      194.0361
 EAMBER  =  -187998.0889


   NSTEP       ENERGY          RMS            GMAX         NAME    NUMBER
   6400      -1.8790E+05     1.0746E-01     4.3840E+00     O       25488

 BOND    =    37789.3333  ANGLE   =      288.2127  DIHED      =      905.0536
 VDWAALS =    46353.5860  EEL     =  -283368.4460  HBOND      =        0.0000
 1-4 VDW =      760.3367  1-4 EEL =     9178.9722  RESTRAINT  =      194.0740
 EAMBER  =  -188092.9514


   NSTEP       ENERGY          RMS            GMAX         NAME    NUMBER
   6450      -1.8795E+05     1.1226E-01     7.2889E+00     CD       3051

 BOND    =    37823.7089  ANGLE   =      288.3680  DIHED      =      905.1648
 VDWAALS =    46420.2777  EEL     =  -283519.9592  HBOND      =        0.0000
 1-4 VDW =      760.3545  1-4 EEL =     9178.9450  RESTRAINT  =      194.0924
 EAMBER  =  -188143.1402


   NSTEP       ENERGY          RMS            GMAX         NAME    NUMBER
   6500      -1.8798E+05     9.8411E-02     4.9396E+00     N        1830

 BOND    =    37854.9523  ANGLE   =      288.3733  DIHED      =      905.2267
 VDWAALS =    46486.6388  EEL     =  -283652.9948  HBOND      =        0.0000
 1-4 VDW =      760.3970  1-4 EEL =     9178.8830  RESTRAINT  =      194.1521
 EAMBER  =  -188178.5237


   NSTEP       ENERGY          RMS            GMAX         NAME    NUMBER
   6550      -1.8801E+05     9.5137E-02     6.2659E+00     CD        143

 BOND    =    37880.4093  ANGLE   =      288.3512  DIHED      =      905.2762
 VDWAALS =    46537.3250  EEL     =  -283757.6017  HBOND      =        0.0000
 1-4 VDW =      760.3855  1-4 EEL =     9178.9594  RESTRAINT  =      194.1863
 EAMBER  =  -188206.8951


   NSTEP       ENERGY          RMS            GMAX         NAME    NUMBER
   6600      -1.8804E+05     8.3581E-02     4.8245E+00     CD        143

 BOND    =    37908.0576  ANGLE   =      288.3623  DIHED      =      905.3551
 VDWAALS =    46586.1751  EEL     =  -283862.8746  HBOND      =        0.0000
 1-4 VDW =      760.4254  1-4 EEL =     9179.0325  RESTRAINT  =      194.2185
 EAMBER  =  -188235.4666


   NSTEP       ENERGY          RMS            GMAX         NAME    NUMBER
   6650      -1.8807E+05     1.2099E-01     6.4737E+00     CD       3051

 BOND    =    37934.7968  ANGLE   =      288.3104  DIHED      =      905.4462
 VDWAALS =    46639.7210  EEL     =  -283973.1057  HBOND      =        0.0000
 1-4 VDW =      760.5066  1-4 EEL =     9179.0900  RESTRAINT  =      194.1999
 EAMBER  =  -188265.2348


   NSTEP       ENERGY          RMS            GMAX         NAME    NUMBER
   6700      -1.8810E+05     1.5936E-01     7.6416E+00     H2      15882

 BOND    =    37981.3298  ANGLE   =      288.4121  DIHED      =      905.5732
 VDWAALS =    46690.2350  EEL     =  -284103.2719  HBOND      =        0.0000
 1-4 VDW =      760.6752  1-4 EEL =     9179.0838  RESTRAINT  =      194.1487
 EAMBER  =  -188297.9628


   NSTEP       ENERGY          RMS            GMAX         NAME    NUMBER
   6750      -1.8814E+05     1.0373E-01     8.0855E+00     C        1850

 BOND    =    37987.9572  ANGLE   =      288.3501  DIHED      =      905.6297
 VDWAALS =    46749.8044  EEL     =  -284206.5462  HBOND      =        0.0000
 1-4 VDW =      760.6961  1-4 EEL =     9178.7732  RESTRAINT  =      194.0987
 EAMBER  =  -188335.3355


   NSTEP       ENERGY          RMS            GMAX         NAME    NUMBER
   6800      -1.8817E+05     1.0994E-01     7.5631E+00     C        2709

 BOND    =    38009.5772  ANGLE   =      288.7432  DIHED      =      905.8154
 VDWAALS =    46796.0483  EEL     =  -284304.5448  HBOND      =        0.0000
 1-4 VDW =      760.8874  1-4 EEL =     9178.7083  RESTRAINT  =      194.0303
 EAMBER  =  -188364.7650


   NSTEP       ENERGY          RMS            GMAX         NAME    NUMBER
   6850      -1.8820E+05     9.9448E-02     6.1540E+00     CA       1843

 BOND    =    38028.2742  ANGLE   =      288.5201  DIHED      =      905.7567
 VDWAALS =    46831.8961  EEL     =  -284384.1175  HBOND      =        0.0000
 1-4 VDW =      760.8738  1-4 EEL =     9178.8011  RESTRAINT  =      193.9792
 EAMBER  =  -188389.9954


   NSTEP       ENERGY          RMS            GMAX         NAME    NUMBER
   6900      -1.8822E+05     9.5910E-02     5.7864E+00     CA       1843

 BOND    =    38049.6759  ANGLE   =      288.5411  DIHED      =      905.8339
 VDWAALS =    46876.9416  EEL     =  -284477.7870  HBOND      =        0.0000
 1-4 VDW =      760.9414  1-4 EEL =     9178.6337  RESTRAINT  =      193.9284
 EAMBER  =  -188417.2194


   NSTEP       ENERGY          RMS            GMAX         NAME    NUMBER
   6950      -1.8825E+05     8.5467E-02     3.5809E+00     CB       1834

 BOND    =    38066.9283  ANGLE   =      288.3168  DIHED      =      905.7564
 VDWAALS =    46917.4900  EEL     =  -284559.8336  HBOND      =        0.0000
 1-4 VDW =      760.9287  1-4 EEL =     9178.7295  RESTRAINT  =      193.8732
 EAMBER  =  -188441.6839


   NSTEP       ENERGY          RMS            GMAX         NAME    NUMBER
   7000      -1.8828E+05     7.5114E-02     7.5562E+00     CD       3051

 BOND    =    38096.1405  ANGLE   =      288.1714  DIHED      =      905.7887
 VDWAALS =    46982.0027  EEL     =  -284690.0867  HBOND      =        0.0000
 1-4 VDW =      761.0480  1-4 EEL =     9178.7325  RESTRAINT  =      193.7887
 EAMBER  =  -188478.2029


   NSTEP       ENERGY          RMS            GMAX         NAME    NUMBER
   7050      -1.8835E+05     1.4135E-01     1.3221E+01     H1      16017

 BOND    =    38145.0756  ANGLE   =      287.9299  DIHED      =      905.9828
 VDWAALS =    47105.8201  EEL     =  -284930.8959  HBOND      =        0.0000
 1-4 VDW =      761.3532  1-4 EEL =     9178.6643  RESTRAINT  =      193.7365
 EAMBER  =  -188546.0699


   NSTEP       ENERGY          RMS            GMAX         NAME    NUMBER
   7100      -1.8839E+05     9.8037E-02     4.8733E+00     O       15804

 BOND    =    38178.9194  ANGLE   =      287.7359  DIHED      =      906.0962
 VDWAALS =    47172.0926  EEL     =  -285064.4523  HBOND      =        0.0000
 1-4 VDW =      761.2260  1-4 EEL =     9178.6776  RESTRAINT  =      193.9796
 EAMBER  =  -188579.7045


   NSTEP       ENERGY          RMS            GMAX         NAME    NUMBER
   7150      -1.8840E+05     9.4687E-02     6.4660E+00     CG2      2863

 BOND    =    38193.3997  ANGLE   =      287.7238  DIHED      =      905.9073
 VDWAALS =    47205.7871  EEL     =  -285130.4361  HBOND      =        0.0000
 1-4 VDW =      761.2116  1-4 EEL =     9178.6940  RESTRAINT  =      194.0065
 EAMBER  =  -188597.7126


   NSTEP       ENERGY          RMS            GMAX         NAME    NUMBER
   7200      -1.8842E+05     7.7173E-02     3.0525E+00     O       20776

 BOND    =    38211.7481  ANGLE   =      287.7390  DIHED      =      905.8571
 VDWAALS =    47242.4548  EEL     =  -285205.6154  HBOND      =        0.0000
 1-4 VDW =      761.1840  1-4 EEL =     9178.8238  RESTRAINT  =      194.1824
 EAMBER  =  -188617.8086


   NSTEP       ENERGY          RMS            GMAX         NAME    NUMBER
   7250      -1.8844E+05     8.2391E-02     3.8702E+00     CB        152

 BOND    =    38230.7162  ANGLE   =      287.8515  DIHED      =      905.7698
 VDWAALS =    47279.9901  EEL     =  -285282.2537  HBOND      =        0.0000
 1-4 VDW =      761.1213  1-4 EEL =     9178.9495  RESTRAINT  =      194.6014
 EAMBER  =  -188637.8553


   NSTEP       ENERGY          RMS            GMAX         NAME    NUMBER
   7300      -1.8846E+05     7.6792E-02     3.4990E+00     CA       1843

 BOND    =    38246.4292  ANGLE   =      287.9296  DIHED      =      905.5303
 VDWAALS =    47313.0172  EEL     =  -285351.9187  HBOND      =        0.0000
 1-4 VDW =      761.0837  1-4 EEL =     9179.3182  RESTRAINT  =      195.3323
 EAMBER  =  -188658.6106


   NSTEP       ENERGY          RMS            GMAX         NAME    NUMBER
   7350      -1.8849E+05     1.4765E-01     8.1648E+00     H1       6381

 BOND    =    38263.3938  ANGLE   =      288.2377  DIHED      =      905.0075
 VDWAALS =    47356.8391  EEL     =  -285437.4455  HBOND      =        0.0000
 1-4 VDW =      761.0691  1-4 EEL =     9179.7242  RESTRAINT  =      196.7584
 EAMBER  =  -188683.1741


   NSTEP       ENERGY          RMS            GMAX         NAME    NUMBER
   7400      -1.8851E+05     1.2244E-01     5.4585E+00     O       20088

 BOND    =    38276.6198  ANGLE   =      288.2909  DIHED      =      904.7943
 VDWAALS =    47395.4664  EEL     =  -285511.7308  HBOND      =        0.0000
 1-4 VDW =      760.9751  1-4 EEL =     9179.9692  RESTRAINT  =      197.6279
 EAMBER  =  -188705.6150


   NSTEP       ENERGY          RMS            GMAX         NAME    NUMBER
   7450      -1.8853E+05     1.2003E-01     6.8447E+00     CD       3051

 BOND    =    38283.3452  ANGLE   =      288.3109  DIHED      =      904.6750
 VDWAALS =    47424.5074  EEL     =  -285566.1929  HBOND      =        0.0000
 1-4 VDW =      761.0727  1-4 EEL =     9180.1322  RESTRAINT  =      197.8962
 EAMBER  =  -188724.1495


   NSTEP       ENERGY          RMS            GMAX         NAME    NUMBER
   7500      -1.8854E+05     8.9673E-02     5.4573E+00     CD       3051

 BOND    =    38322.8539  ANGLE   =      288.3553  DIHED      =      904.6802
 VDWAALS =    47453.7354  EEL     =  -285652.9976  HBOND      =        0.0000
 1-4 VDW =      761.0926  1-4 EEL =     9180.0870  RESTRAINT  =      198.0690
 EAMBER  =  -188742.1933


   NSTEP       ENERGY          RMS            GMAX         NAME    NUMBER
   7550      -1.8857E+05     8.1354E-02     3.5908E+00     CD       3051

 BOND    =    38332.9712  ANGLE   =      288.4828  DIHED      =      904.7025
 VDWAALS =    47490.1787  EEL     =  -285721.0714  HBOND      =        0.0000
 1-4 VDW =      761.1622  1-4 EEL =     9179.8772  RESTRAINT  =      198.1704
 EAMBER  =  -188763.6968


   NSTEP       ENERGY          RMS            GMAX         NAME    NUMBER
   7600      -1.8859E+05     9.6175E-02     8.6087E+00     CG       2878

 BOND    =    38354.5815  ANGLE   =      288.6189  DIHED      =      904.7699
 VDWAALS =    47528.7367  EEL     =  -285801.7067  HBOND      =        0.0000
 1-4 VDW =      761.2340  1-4 EEL =     9179.8574  RESTRAINT  =      198.2704
 EAMBER  =  -188783.9084


   NSTEP       ENERGY          RMS            GMAX         NAME    NUMBER
   7650      -1.8860E+05     7.6643E-02     4.4461E+00     O       20776

 BOND    =    38368.0237  ANGLE   =      288.6020  DIHED      =      904.7579
 VDWAALS =    47561.8069  EEL     =  -285865.4554  HBOND      =        0.0000
 1-4 VDW =      761.2235  1-4 EEL =     9179.8270  RESTRAINT  =      198.4005
 EAMBER  =  -188801.2144

     .... RESTARTED DUE TO LINMIN FAILURE ...


   NSTEP       ENERGY          RMS            GMAX         NAME    NUMBER
   7700      -1.8863E+05     1.7601E-01     1.4409E+01     H1      18037

 BOND    =    38404.8408  ANGLE   =      288.5506  DIHED      =      905.2868
 VDWAALS =    47642.7549  EEL     =  -286007.5850  HBOND      =        0.0000
 1-4 VDW =      761.2945  1-4 EEL =     9180.1792  RESTRAINT  =      198.8692
 EAMBER  =  -188824.6781


   NSTEP       ENERGY          RMS            GMAX         NAME    NUMBER
   7750      -1.8865E+05     1.4845E-01     1.0987E+01     O       17684

 BOND    =    38428.0405  ANGLE   =      289.0509  DIHED      =      904.8566
 VDWAALS =    47674.9668  EEL     =  -286091.7922  HBOND      =        0.0000
 1-4 VDW =      760.8732  1-4 EEL =     9180.3065  RESTRAINT  =      199.7761
 EAMBER  =  -188853.6978


   NSTEP       ENERGY          RMS            GMAX         NAME    NUMBER
   7800      -1.8868E+05     1.3382E-01     8.5706E+00     O       43016

 BOND    =    38435.2679  ANGLE   =      288.9556  DIHED      =      904.8905
 VDWAALS =    47704.8646  EEL     =  -286152.0764  HBOND      =        0.0000
 1-4 VDW =      760.9630  1-4 EEL =     9180.0558  RESTRAINT  =      199.5639
 EAMBER  =  -188877.0790


   NSTEP       ENERGY          RMS            GMAX         NAME    NUMBER
   7850      -1.8869E+05     1.4176E-01     1.1718E+01     CG       2878

 BOND    =    38444.8539  ANGLE   =      289.1507  DIHED      =      904.8804
 VDWAALS =    47729.4955  EEL     =  -286202.6184  HBOND      =        0.0000
 1-4 VDW =      761.0493  1-4 EEL =     9180.0178  RESTRAINT  =      199.4896
 EAMBER  =  -188893.1709


   NSTEP       ENERGY          RMS            GMAX         NAME    NUMBER
   7900      -1.8871E+05     1.4866E-01     1.2574E+01     CG       2878

 BOND    =    38457.3490  ANGLE   =      288.9573  DIHED      =      904.8927
 VDWAALS =    47752.4698  EEL     =  -286251.2938  HBOND      =        0.0000
 1-4 VDW =      761.0538  1-4 EEL =     9179.9774  RESTRAINT  =      199.4533
 EAMBER  =  -188906.5938


   NSTEP       ENERGY          RMS            GMAX         NAME    NUMBER
   7950      -1.8872E+05     1.3091E-01     8.5329E+00     CA       1843

 BOND    =    38460.8768  ANGLE   =      288.8752  DIHED      =      904.9059
 VDWAALS =    47781.0205  EEL     =  -286300.6589  HBOND      =        0.0000
 1-4 VDW =      761.1174  1-4 EEL =     9180.2074  RESTRAINT  =      199.4243
 EAMBER  =  -188923.6557


   NSTEP       ENERGY          RMS            GMAX         NAME    NUMBER
   8000      -1.8874E+05     1.4063E-01     6.2215E+00     O       20776

 BOND    =    38471.6975  ANGLE   =      288.6982  DIHED      =      904.9091
 VDWAALS =    47809.3081  EEL     =  -286359.8968  HBOND      =        0.0000
 1-4 VDW =      761.2560  1-4 EEL =     9180.2400  RESTRAINT  =      199.3456
 EAMBER  =  -188943.7879


   NSTEP       ENERGY          RMS            GMAX         NAME    NUMBER
   8050      -1.8877E+05     1.8740E-01     1.4879E+01     H2      45850

 BOND    =    38467.5627  ANGLE   =      288.5109  DIHED      =      904.9067
 VDWAALS =    47847.6337  EEL     =  -286419.1465  HBOND      =        0.0000
 1-4 VDW =      761.3387  1-4 EEL =     9180.4206  RESTRAINT  =      199.1324
 EAMBER  =  -188968.7732


   NSTEP       ENERGY          RMS            GMAX         NAME    NUMBER
   8100      -1.8880E+05     2.5584E-01     2.4590E+01     CG       1862

 BOND    =    38522.7533  ANGLE   =      288.5818  DIHED      =      904.9539
 VDWAALS =    47901.3837  EEL     =  -286559.6705  HBOND      =        0.0000
 1-4 VDW =      761.3795  1-4 EEL =     9180.1506  RESTRAINT  =      198.9752
 EAMBER  =  -189000.4678


   NSTEP       ENERGY          RMS            GMAX         NAME    NUMBER
   8150      -1.8883E+05     1.4339E-01     1.0825E+01     H1      20905

 BOND    =    38541.8031  ANGLE   =      288.5549  DIHED      =      904.9960
 VDWAALS =    47921.9141  EEL     =  -286624.1106  HBOND      =        0.0000
 1-4 VDW =      761.4059  1-4 EEL =     9180.1966  RESTRAINT  =      198.9885
 EAMBER  =  -189025.2401


   NSTEP       ENERGY          RMS            GMAX         NAME    NUMBER
   8200      -1.8884E+05     7.4936E-02     6.7682E+00     CD       3051

 BOND    =    38529.3216  ANGLE   =      288.5073  DIHED      =      904.9436
 VDWAALS =    47931.8606  EEL     =  -286633.5629  HBOND      =        0.0000
 1-4 VDW =      761.3040  1-4 EEL =     9179.7735  RESTRAINT  =      198.9302
 EAMBER  =  -189037.8523


   NSTEP       ENERGY          RMS            GMAX         NAME    NUMBER
   8250      -1.8888E+05     1.0815E-01     8.0588E+00     CG       2878

 BOND    =    38567.6731  ANGLE   =      288.6510  DIHED      =      904.9665
 VDWAALS =    48019.0245  EEL     =  -286800.5906  HBOND      =        0.0000
 1-4 VDW =      761.3400  1-4 EEL =     9179.6751  RESTRAINT  =      199.1263
 EAMBER  =  -189079.2604


   NSTEP       ENERGY          RMS            GMAX         NAME    NUMBER
   8300      -1.8890E+05     7.7624E-02     4.0087E+00     H2      21078

 BOND    =    38590.0135  ANGLE   =      288.4768  DIHED      =      905.0161
 VDWAALS =    48043.6613  EEL     =  -286863.4134  HBOND      =        0.0000
 1-4 VDW =      761.3867  1-4 EEL =     9179.5580  RESTRAINT  =      199.2893
 EAMBER  =  -189095.3010


   NSTEP       ENERGY          RMS            GMAX         NAME    NUMBER
   8350      -1.8891E+05     8.3281E-02     8.6553E+00     CG       2878

 BOND    =    38602.1421  ANGLE   =      288.5212  DIHED      =      905.0114
 VDWAALS =    48065.5438  EEL     =  -286912.6408  HBOND      =        0.0000
 1-4 VDW =      761.3473  1-4 EEL =     9179.5320  RESTRAINT  =      199.4779
 EAMBER  =  -189110.5430


   NSTEP       ENERGY          RMS            GMAX         NAME    NUMBER
   8400      -1.8893E+05     9.3824E-02     7.4723E+00     CG       2878

 BOND    =    38616.2053  ANGLE   =      288.5108  DIHED      =      905.0711
 VDWAALS =    48089.9462  EEL     =  -286966.1798  HBOND      =        0.0000
 1-4 VDW =      761.3636  1-4 EEL =     9179.5588  RESTRAINT  =      199.7092
 EAMBER  =  -189125.5241


   NSTEP       ENERGY          RMS            GMAX         NAME    NUMBER
   8450      -1.8894E+05     9.3091E-02     4.5729E+00     CA       1843

 BOND    =    38628.5556  ANGLE   =      288.5356  DIHED      =      905.1369
 VDWAALS =    48114.6262  EEL     =  -287018.5409  HBOND      =        0.0000
 1-4 VDW =      761.3393  1-4 EEL =     9179.5585  RESTRAINT  =      200.0103
 EAMBER  =  -189140.7889


   NSTEP       ENERGY          RMS            GMAX         NAME    NUMBER
   8500      -1.8895E+05     9.4729E-02     4.5705E+00     CB       3072

 BOND    =    38639.3376  ANGLE   =      288.6173  DIHED      =      905.2302
 VDWAALS =    48141.3392  EEL     =  -287069.5985  HBOND      =        0.0000
 1-4 VDW =      761.3282  1-4 EEL =     9179.5732  RESTRAINT  =      200.4069
 EAMBER  =  -189154.1727


   NSTEP       ENERGY          RMS            GMAX         NAME    NUMBER
   8550      -1.8897E+05     1.2977E-01     8.9648E+00     CG       2878

 BOND    =    38653.1334  ANGLE   =      288.6137  DIHED      =      905.3168
 VDWAALS =    48168.3735  EEL     =  -287123.0997  HBOND      =        0.0000
 1-4 VDW =      761.2857  1-4 EEL =     9179.5984  RESTRAINT  =      200.9495
 EAMBER  =  -189166.7782


   NSTEP       ENERGY          RMS            GMAX         NAME    NUMBER
   8600      -1.8898E+05     1.1199E-01     4.1882E+00     CE2      2797

 BOND    =    38661.8763  ANGLE   =      288.5993  DIHED      =      905.4450
 VDWAALS =    48192.1600  EEL     =  -287169.7628  HBOND      =        0.0000
 1-4 VDW =      761.3254  1-4 EEL =     9179.6269  RESTRAINT  =      201.5865
 EAMBER  =  -189180.7301


   NSTEP       ENERGY          RMS            GMAX         NAME    NUMBER
   8650      -1.8899E+05     9.0499E-02     5.0390E+00     CG       2079

 BOND    =    38665.4374  ANGLE   =      288.5387  DIHED      =      905.4735
 VDWAALS =    48212.6314  EEL     =  -287205.5301  HBOND      =        0.0000
 1-4 VDW =      761.3001  1-4 EEL =     9179.7246  RESTRAINT  =      202.0104
 EAMBER  =  -189192.4243


   NSTEP       ENERGY          RMS            GMAX         NAME    NUMBER
   8700      -1.8901E+05     9.2258E-02     5.3683E+00     CD       3051

 BOND    =    38674.6238  ANGLE   =      288.6799  DIHED      =      905.4485
 VDWAALS =    48242.8721  EEL     =  -287260.4677  HBOND      =        0.0000
 1-4 VDW =      761.3074  1-4 EEL =     9179.8997  RESTRAINT  =      202.0039
 EAMBER  =  -189207.6363


   NSTEP       ENERGY          RMS            GMAX         NAME    NUMBER
   8750      -1.8902E+05     8.8514E-02     6.3526E+00     CD       3051

 BOND    =    38686.4613  ANGLE   =      288.6087  DIHED      =      905.3694
 VDWAALS =    48264.2840  EEL     =  -287304.4670  HBOND      =        0.0000
 1-4 VDW =      761.3681  1-4 EEL =     9179.7932  RESTRAINT  =      201.7506
 EAMBER  =  -189218.5823


   NSTEP       ENERGY          RMS            GMAX         NAME    NUMBER
   8800      -1.8903E+05     6.4782E-02     2.4775E+00     O       20776

 BOND    =    38697.2997  ANGLE   =      288.6100  DIHED      =      905.3895
 VDWAALS =    48287.7744  EEL     =  -287350.7142  HBOND      =        0.0000
 1-4 VDW =      761.3536  1-4 EEL =     9179.6738  RESTRAINT  =      201.4981
 EAMBER  =  -189230.6133


   NSTEP       ENERGY          RMS            GMAX         NAME    NUMBER
   8850      -1.8904E+05     1.6615E-01     1.5651E+01     CD       1216

 BOND    =    38705.9130  ANGLE   =      288.8810  DIHED      =      905.3155
 VDWAALS =    48311.5866  EEL     =  -287393.1126  HBOND      =        0.0000
 1-4 VDW =      761.3076  1-4 EEL =     9179.8862  RESTRAINT  =      201.2510
 EAMBER  =  -189240.2227


   NSTEP       ENERGY          RMS            GMAX         NAME    NUMBER
   8900      -1.8905E+05     9.2572E-02     3.0837E+00     CB       1769

 BOND    =    38718.2873  ANGLE   =      288.7044  DIHED      =      905.2289
 VDWAALS =    48335.5028  EEL     =  -287441.0151  HBOND      =        0.0000
 1-4 VDW =      761.3871  1-4 EEL =     9179.7557  RESTRAINT  =      201.0218
 EAMBER  =  -189252.1490


   NSTEP       ENERGY          RMS            GMAX         NAME    NUMBER
   8950      -1.8906E+05     7.6155E-02     3.6512E+00     CG       2878

 BOND    =    38727.2799  ANGLE   =      288.6618  DIHED      =      905.1560
 VDWAALS =    48354.0423  EEL     =  -287477.4867  HBOND      =        0.0000
 1-4 VDW =      761.4485  1-4 EEL =     9179.8512  RESTRAINT  =      200.8367
 EAMBER  =  -189261.0469


   NSTEP       ENERGY          RMS            GMAX         NAME    NUMBER
   9000      -1.8907E+05     6.1080E-02     2.8336E+00     CZ3      1713

 BOND    =    38735.7740  ANGLE   =      288.5732  DIHED      =      905.1004
 VDWAALS =    48373.9855  EEL     =  -287515.3207  HBOND      =        0.0000
 1-4 VDW =      761.5282  1-4 EEL =     9179.8111  RESTRAINT  =      200.6203
 EAMBER  =  -189270.5483


   NSTEP       ENERGY          RMS            GMAX         NAME    NUMBER
   9050      -1.8908E+05     6.1151E-02     5.0609E+00     CD       1216

 BOND    =    38746.2483  ANGLE   =      288.6786  DIHED      =      905.0482
 VDWAALS =    48399.1757  EEL     =  -287562.2560  HBOND      =        0.0000
 1-4 VDW =      761.5486  1-4 EEL =     9179.9393  RESTRAINT  =      200.3310
 EAMBER  =  -189281.6174


   NSTEP       ENERGY          RMS            GMAX         NAME    NUMBER
   9100      -1.8910E+05     6.0035E-02     2.5688E+00     CB       1123

 BOND    =    38762.6025  ANGLE   =      288.6539  DIHED      =      904.9178
 VDWAALS =    48434.0407  EEL     =  -287631.2696  HBOND      =        0.0000
 1-4 VDW =      761.5453  1-4 EEL =     9180.1606  RESTRAINT  =      199.8921
 EAMBER  =  -189299.3487


   NSTEP       ENERGY          RMS            GMAX         NAME    NUMBER
   9150      -1.8912E+05     5.9178E-02     2.4029E+00     OXT      1852

 BOND    =    38779.0111  ANGLE   =      288.8281  DIHED      =      904.8268
 VDWAALS =    48471.8940  EEL     =  -287702.1888  HBOND      =        0.0000
 1-4 VDW =      761.5591  1-4 EEL =     9180.1814  RESTRAINT  =      199.4974
 EAMBER  =  -189315.8883


   NSTEP       ENERGY          RMS            GMAX         NAME    NUMBER
   9200      -1.8913E+05     6.5566E-02     2.4501E+00     H1      34117

 BOND    =    38792.8248  ANGLE   =      288.8295  DIHED      =      904.8136
 VDWAALS =    48500.5838  EEL     =  -287760.0656  HBOND      =        0.0000
 1-4 VDW =      761.6414  1-4 EEL =     9180.0901  RESTRAINT  =      199.2273
 EAMBER  =  -189331.2825


   NSTEP       ENERGY          RMS            GMAX         NAME    NUMBER
   9250      -1.8915E+05     1.0495E-01     5.1698E+00     O       10344

 BOND    =    38804.9439  ANGLE   =      288.9307  DIHED      =      904.7824
 VDWAALS =    48528.6317  EEL     =  -287817.1916  HBOND      =        0.0000
 1-4 VDW =      761.6918  1-4 EEL =     9180.1273  RESTRAINT  =      198.9289
 EAMBER  =  -189348.0837


   NSTEP       ENERGY          RMS            GMAX         NAME    NUMBER
   9300      -1.8916E+05     1.0009E-01     9.2293E+00     CD       1216

 BOND    =    38817.6705  ANGLE   =      288.8755  DIHED      =      904.7778
 VDWAALS =    48545.3035  EEL     =  -287857.3605  HBOND      =        0.0000
 1-4 VDW =      761.7244  1-4 EEL =     9180.0297  RESTRAINT  =      198.7129
 EAMBER  =  -189358.9792


   NSTEP       ENERGY          RMS            GMAX         NAME    NUMBER
   9350      -1.8918E+05     9.3489E-02     9.3898E+00     CD       3051

 BOND    =    38826.2191  ANGLE   =      288.6401  DIHED      =      904.7249
 VDWAALS =    48572.7972  EEL     =  -287907.9164  HBOND      =        0.0000
 1-4 VDW =      761.8022  1-4 EEL =     9180.0609  RESTRAINT  =      198.3232
 EAMBER  =  -189373.6720


   NSTEP       ENERGY          RMS            GMAX         NAME    NUMBER
   9400      -1.8920E+05     8.6787E-02     7.7917E+00     CD       1216

 BOND    =    38845.1853  ANGLE   =      288.4767  DIHED      =      904.8727
 VDWAALS =    48614.6406  EEL     =  -287989.2611  HBOND      =        0.0000
 1-4 VDW =      761.7746  1-4 EEL =     9179.8710  RESTRAINT  =      198.2428
 EAMBER  =  -189394.4401


   NSTEP       ENERGY          RMS            GMAX         NAME    NUMBER
   9450      -1.8921E+05     7.4261E-02     2.9834E+00     CB       1123

 BOND    =    38856.5329  ANGLE   =      288.7194  DIHED      =      904.9414
 VDWAALS =    48637.3600  EEL     =  -288034.7359  HBOND      =        0.0000
 1-4 VDW =      761.8592  1-4 EEL =     9179.8904  RESTRAINT  =      198.2873
 EAMBER  =  -189405.4325


   NSTEP       ENERGY          RMS            GMAX         NAME    NUMBER
   9500      -1.8922E+05     7.9086E-02     6.0307E+00     CD       1216

 BOND    =    38865.2801  ANGLE   =      288.4661  DIHED      =      904.8702
 VDWAALS =    48654.8026  EEL     =  -288070.0613  HBOND      =        0.0000
 1-4 VDW =      761.8298  1-4 EEL =     9180.1035  RESTRAINT  =      198.3013
 EAMBER  =  -189414.7090


   NSTEP       ENERGY          RMS            GMAX         NAME    NUMBER
   9550      -1.8923E+05     5.9635E-02     5.1401E+00     CG       2878

 BOND    =    38873.3079  ANGLE   =      288.5963  DIHED      =      904.8950
 VDWAALS =    48672.6339  EEL     =  -288105.9166  HBOND      =        0.0000
 1-4 VDW =      761.8557  1-4 EEL =     9180.1532  RESTRAINT  =      198.3058
 EAMBER  =  -189424.4746

     .... RESTARTED DUE TO LINMIN FAILURE ...

     .... RESTARTED DUE TO LINMIN FAILURE ...


   NSTEP       ENERGY          RMS            GMAX         NAME    NUMBER
   9600      -1.8923E+05     6.7151E-02     3.1947E+00     O       45980

 BOND    =    38875.3858  ANGLE   =      288.6920  DIHED      =      904.8663
 VDWAALS =    48676.9032  EEL     =  -288114.2566  HBOND      =        0.0000
 1-4 VDW =      761.8546  1-4 EEL =     9180.1513  RESTRAINT  =      198.2852
 EAMBER  =  -189426.4033

     .... RESTARTED DUE TO LINMIN FAILURE ...

     .... RESTARTED DUE TO LINMIN FAILURE ...


                    FINAL RESULTS



   NSTEP       ENERGY          RMS            GMAX         NAME    NUMBER
   9648      -1.8923E+05     3.3310E-02     2.9079E+00     CD       3051

 BOND    =    38876.1562  ANGLE   =      288.7054  DIHED      =      904.8694
 VDWAALS =    48679.1939  EEL     =  -288119.1601  HBOND      =        0.0000
 1-4 VDW =      761.8832  1-4 EEL =     9180.1999  RESTRAINT  =      198.2807
 EAMBER  =  -189428.1520

     ***** REPEATED LINMIN FAILURE *****
--------------------------------------------------------------------------------
   5.  TIMINGS
--------------------------------------------------------------------------------

|  NonSetup CPU Time in Major Routines:
|
|     Routine           Sec        %
|     ------------------------------
|     Nonbond          18.04   28.70
|     Bond              0.00    0.00
|     Angle             0.00    0.00
|     Dihedral          0.00    0.00
|     Shake             0.00    0.00
|     Other            44.81   71.30
|     ------------------------------
|     Total            62.85

|  PME Nonbond Pairlist CPU Time:
|
|     Routine              Sec        %
|     ---------------------------------
|     Set Up Cit           0.00    0.00
|     Build List           0.00    0.00
|     ---------------------------------
|     Total                0.00    0.00

|  PME Direct Force CPU Time:
|
|     Routine              Sec        %
|     ---------------------------------
|     NonBonded Calc       0.00    0.00
|     Exclude Masked       0.00    0.00
|     Other                0.05    0.07
|     ---------------------------------
|     Total                0.05    0.07

|  PME Reciprocal Force CPU Time:
|
|     Routine              Sec        %
|     ---------------------------------
|     1D bspline           0.00    0.00
|     Grid Charges         0.00    0.00
|     Scalar Sum           0.00    0.00
|     Gradient Sum         0.00    0.00
|     FFT                  0.00    0.00
|     ---------------------------------
|     Total                0.00    0.00

|  Setup CPU time:            1.18 seconds
|  NonSetup CPU time:        62.85 seconds
|  Total CPU time:           64.03 seconds     0.02 hours

|  Setup wall time:           3    seconds
|  NonSetup wall time:       63    seconds
|  Total wall time:          66    seconds     0.02 hours
