
          -------------------------------------------------------
          Amber 18 PMEMD                              2018
          -------------------------------------------------------

| PMEMD implementation of SANDER, Release 18

| Run on 07/06/2021 at 18:34:11

|   Executable path: pmemd.cuda
| Working directory: /home/bozhanng/Abs_MD/HEPC3-1_Fv_straight_VN_relaxed
|          Hostname: bf21

  [-O]verwriting output

File Assignments:
|   MDIN: minall_HEPC3-1_Fv_straight_VN_relaxed.in                              
|  MDOUT: minall_HEPC3-1_Fv_straight_VN_relaxed.out                             
| INPCRD: minpro_HEPC3-1_Fv_straight_VN_relaxed.crd                             
|   PARM: HEPC3-1_Fv_straight_VN_relaxed.parm7                                  
| RESTRT: minall_HEPC3-1_Fv_straight_VN_relaxed.crd                             
|   REFC: refc                                                                  
|  MDVEL: mdvel                                                                 
|   MDEN: mden                                                                  
|  MDCRD: mdcrd                                                                 
| MDINFO: mdinfo                                                                
|  MDFRC: mdfrc                                                                 


 Here is the input file:

Initial minimization                                                           
 &cntrl                                                                        
  ntx    = 1,       irest  = 0,       ntrx   = 1,      ntxo   = 1,             
  ntpr   = 50,      ntwx   = 0,       ntwv   = 0,      ntwe   = 0,             
                                                                               
  ntf    = 1,       ntb    = 1,                                                
  cut    = 8.0,     nsnb   = 10,                                               
                                                                               
  ibelly = 0,       ntr    = 0,                                                
                                                                               
  imin   = 1,                                                                  
  maxcyc = 10000,                                                              
  ncyc   = 500,                                                                
  ntmin  = 1,       dx0    = 0.1,     dxm    = 0.5,     drms   = 0.0001,       
                                                                               
  ntc    = 1,       tol    = 0.000001,                                         
                                                                               
 &end                                                                          


Note: ig = -1. Setting random seed to   383859 based on wallclock time in 
      microseconds.
| irandom = 1, using AMBER's internal random number generator (default).
| INFO:    The nsnb ctrl option does not affect nonbonded list update frequency.
|          It does affect steepest descent minimization freq if ntmin == 0
| INFO:    The dxm ctrl option is deprecated and ignored.
 
|--------------------- INFORMATION ----------------------
| GPU (CUDA) Version of PMEMD in use: NVIDIA GPU IN USE.
|                    Version 18.0.0
| 
|                      03/25/2018
| 
| Implementation by:
|                    Ross C. Walker     (SDSC)
|                    Scott Le Grand     (nVIDIA)
| 
| Version 18 performance extensions by:
|                    David Cerutti     (Rutgers)
| 
| Precision model in use:
|      [SPFP] - Single Precision Forces, 64-bit Fixed Point
|               Accumulation. (Default)
| 
|--------------------------------------------------------
 
|----------------- CITATION INFORMATION -----------------
|
|    When publishing work that utilized the CUDA version
|    of AMBER, please cite the following in addition to
|    the regular AMBER citations:
|
|  - Romelia Salomon-Ferrer; Andreas W. Goetz; Duncan
|    Poole; Scott Le Grand; Ross C. Walker "Routine
|    microsecond molecular dynamics simulations with
|    AMBER - Part II: Particle Mesh Ewald", J. Chem.
|    Theory Comput., 2013, 9 (9), pp3878-3888,
|    DOI: 10.1021/ct400314y.
|
|  - Andreas W. Goetz; Mark J. Williamson; Dong Xu;
|    Duncan Poole; Scott Le Grand; Ross C. Walker
|    "Routine microsecond molecular dynamics simulations
|    with AMBER - Part I: Generalized Born", J. Chem.
|    Theory Comput., 2012, 8 (5), pp1542-1555.
|
|  - Scott Le Grand; Andreas W. Goetz; Ross C. Walker
|    "SPFP: Speed without compromise - a mixed precision
|    model for GPU accelerated molecular dynamics
|    simulations.", Comp. Phys. Comm., 2013, 184
|    pp374-380, DOI: 10.1016/j.cpc.2012.09.022
|
|--------------------------------------------------------
 
|------------------- GPU DEVICE INFO --------------------
|
|            CUDA_VISIBLE_DEVICES: 1
|   CUDA Capable Devices Detected:      1
|           CUDA Device ID in use:      0
|                CUDA Device Name: GeForce GTX 1080
|     CUDA Device Global Mem Size:   8119 MB
| CUDA Device Num Multiprocessors:     20
|           CUDA Device Core Freq:   1.73 GHz
|
|--------------------------------------------------------
 
 
| Conditional Compilation Defines Used:
| PUBFFT
| BINTRAJ
| MKL
| CUDA
| EMIL

| Largest sphere to fit in unit cell has radius =    36.489

| New format PARM file being parsed.
| Version =    1.000 Date = 07/06/21 Time = 18:28:03

| Note: 1-4 EEL scale factors are being read from the topology file.

| Note: 1-4 VDW scale factors are being read from the topology file.
| Duplicated    0 dihedrals

| Duplicated    0 dihedrals

--------------------------------------------------------------------------------
   1.  RESOURCE   USE: 
--------------------------------------------------------------------------------

 getting new box info from bottom of inpcrd
 NATOM  =   45624 NTYPES =      18 NBONH =   33313 MBONA  =   12344
 NTHETH =    3886 MTHETA =    2460 NPHIH =    8147 MPHIA  =    7817
 NHPARM =       0 NPARM  =       0 NNB   =   92937 NRES   =   10771
 NBONA  =   12344 NTHETA =    2460 NPHIA =    7817 NUMBND =      72
 NUMANG =     171 NPTRA  =     194 NATYP =      36 NPHB   =       1
 IFBOX  =       1 NMXRS  =      25 IFCAP =       0 NEXTRA =   10530
 NCOPY  =       0

| Coordinate Index Table dimensions:    16   16   18
| Direct force subcell size =     4.5668    4.5612    4.5585

     BOX TYPE: RECTILINEAR

--------------------------------------------------------------------------------
   2.  CONTROL  DATA  FOR  THE  RUN
--------------------------------------------------------------------------------

default_name                                                                    

General flags:
     imin    =       1, nmropt  =       0

Nature and format of input:
     ntx     =       1, irest   =       0, ntrx    =       1

Nature and format of output:
     ntxo    =       1, ntpr    =      50, ntrx    =       1, ntwr    =       1
     iwrap   =       0, ntwx    =       0, ntwv    =       0, ntwe    =       0
     ioutfm  =       1, ntwprt  =       0, idecomp =       0, rbornstat=      0

Potential function:
     ntf     =       1, ntb     =       1, igb     =       0, nsnb    =      10
     ipol    =       0, gbsa    =       0, iesp    =       0
     dielc   =   1.00000, cut     =   8.00000, intdiel =   1.00000

Frozen or restrained atoms:
     ibelly  =       0, ntr     =       0

Energy minimization:
     maxcyc  =   10000, ncyc    =     500, ntmin   =       1
     dx0     =   0.10000, drms    =   0.00010

| Intermolecular bonds treatment:
|     no_intermolecular_bonds =       1

| Energy averages sample interval:
|     ene_avg_sampling =       1

Extra-points options:
     frameon =       1, chngmask=       1

Ewald parameters:
     verbose =       0, ew_type =       0, nbflag  =       1, use_pme =       1
     vdwmeth =       1, eedmeth =       1, netfrc  =       0
     Box X =   73.069   Box Y =   72.979   Box Z =   82.053
     Alpha =   90.000   Beta  =   90.000   Gamma =   90.000
     NFFT1 =   80       NFFT2 =   80       NFFT3 =   84
     Cutoff=    8.000   Tol   =0.100E-04
     Ewald Coefficient =  0.34864
     Interpolation order =    4
|      EXTRA_PTS, trim_bonds: num bonds BEFORE trim = 33313     0
|      EXTRA_PTS, trim_bonds: num bonds AFTER  trim = 33313     0
|      EXTRA_PTS, trim_bonds: num bonds BEFORE trim = 12344     0
|      EXTRA_PTS, trim_bonds: num bonds AFTER  trim =  1814     0
|      EXTRA_PTS, trim_theta: num angle BEFORE trim =  3886     0
|      EXTRA_PTS, trim_theta: num angle AFTER  trim =  3886     0
|      EXTRA_PTS, trim_theta: num angle BEFORE trim =  2460     0
|      EXTRA_PTS, trim_theta: num angle AFTER  trim =  2460     0
|      EXTRA_PTS, trim_phi:  num diheds BEFORE trim =  8147     0
|      EXTRA_PTS, trim_phi:  num diheds AFTER  trim =  8147     0
|      EXTRA_PTS, trim_phi:  num diheds BEFORE trim =  7817     0
|      EXTRA_PTS, trim_phi:  num diheds AFTER  trim =  7817     0

--------------------------------------------------------------------------------
   3.  ATOMIC COORDINATES AND VELOCITIES
--------------------------------------------------------------------------------

default_name                                                                    
 begin time read from input coords =     0.000 ps

 
 Number of triangulated 3-point waters found:    10530

     Sum of charges from parm topology file =   0.00005758
     Forcing neutrality...

| Dynamic Memory, Types Used:
| Reals             1192457
| Integers          2921069

| Nonbonded Pairs Initial Allocation:     7620348

| GPU memory information (estimate):
| KB of GPU memory in use:         0
| KB of CPU memory in use:         0

--------------------------------------------------------------------------------
   4.  RESULTS
--------------------------------------------------------------------------------



   NSTEP       ENERGY          RMS            GMAX         NAME    NUMBER
      1      -1.8719E+05     1.1530E+00     2.3863E+02     H1       6358

 BOND    =    37039.7712  ANGLE   =      286.0029  DIHED      =      913.1892
 VDWAALS =    44229.8763  EEL     =  -279506.1800  HBOND      =        0.0000
 1-4 VDW =      761.3234  1-4 EEL =     9089.7114  RESTRAINT  =        0.0000


   NSTEP       ENERGY          RMS            GMAX         NAME    NUMBER
     50      -1.9126E+05     3.8606E-01     3.0661E+01     H2       6359

 BOND    =    37302.7922  ANGLE   =      289.3448  DIHED      =      914.8042
 VDWAALS =    44216.2649  EEL     =  -283825.6392  HBOND      =        0.0000
 1-4 VDW =      755.8850  1-4 EEL =     9082.7759  RESTRAINT  =        0.0000


   NSTEP       ENERGY          RMS            GMAX         NAME    NUMBER
    100      -1.9099E+05     5.8425E-01     1.1281E+02     O        6357

 BOND    =    37319.4616  ANGLE   =      292.2991  DIHED      =      916.1808
 VDWAALS =    44190.1705  EEL     =  -283535.0008  HBOND      =        0.0000
 1-4 VDW =      751.5367  1-4 EEL =     9077.8307  RESTRAINT  =        0.0000


   NSTEP       ENERGY          RMS            GMAX         NAME    NUMBER
    150      -1.9154E+05     2.6694E-01     1.3742E+01     H2       6359

 BOND    =    37320.6719  ANGLE   =      294.5785  DIHED      =      917.2216
 VDWAALS =    44192.5314  EEL     =  -284086.9794  HBOND      =        0.0000
 1-4 VDW =      748.1046  1-4 EEL =     9074.0042  RESTRAINT  =        0.0000


   NSTEP       ENERGY          RMS            GMAX         NAME    NUMBER
    200      -1.9160E+05     2.3888E-01     1.0200E+01     H2       6359

 BOND    =    37325.7498  ANGLE   =      296.4962  DIHED      =      918.0942
 VDWAALS =    44187.2772  EEL     =  -284142.3094  HBOND      =        0.0000
 1-4 VDW =      745.1484  1-4 EEL =     9070.7165  RESTRAINT  =        0.0000


   NSTEP       ENERGY          RMS            GMAX         NAME    NUMBER
    250      -1.9164E+05     2.2025E-01     9.1095E+00     H2       6359

 BOND    =    37329.4801  ANGLE   =      297.9801  DIHED      =      918.7735
 VDWAALS =    44184.1407  EEL     =  -284178.9248  HBOND      =        0.0000
 1-4 VDW =      742.8190  1-4 EEL =     9068.1122  RESTRAINT  =        0.0000


   NSTEP       ENERGY          RMS            GMAX         NAME    NUMBER
    300      -1.9167E+05     2.0341E-01     8.1391E+00     H2       6359

 BOND    =    37333.2177  ANGLE   =      299.4975  DIHED      =      919.4756
 VDWAALS =    44181.7544  EEL     =  -284211.9381  HBOND      =        0.0000
 1-4 VDW =      740.4032  1-4 EEL =     9065.3863  RESTRAINT  =        0.0000


   NSTEP       ENERGY          RMS            GMAX         NAME    NUMBER
    350      -1.9170E+05     1.8935E-01     7.3871E+00     H2       6175

 BOND    =    37336.7051  ANGLE   =      300.9190  DIHED      =      920.1428
 VDWAALS =    44180.2413  EEL     =  -284239.8727  HBOND      =        0.0000
 1-4 VDW =      738.1143  1-4 EEL =     9062.7660  RESTRAINT  =        0.0000


   NSTEP       ENERGY          RMS            GMAX         NAME    NUMBER
    400      -1.9172E+05     1.7725E-01     7.2378E+00     H2       6175

 BOND    =    37340.2206  ANGLE   =      302.2980  DIHED      =      920.8014
 VDWAALS =    44179.2537  EEL     =  -284257.3962  HBOND      =        0.0000
 1-4 VDW =      735.8743  1-4 EEL =     9060.1560  RESTRAINT  =        0.0000


   NSTEP       ENERGY          RMS            GMAX         NAME    NUMBER
    450      -1.9175E+05     1.6837E-01     7.0738E+00     H2       6175

 BOND    =    37342.8758  ANGLE   =      303.3726  DIHED      =      921.3237
 VDWAALS =    44179.2083  EEL     =  -284284.1178  HBOND      =        0.0000
 1-4 VDW =      734.1181  1-4 EEL =     9058.0705  RESTRAINT  =        0.0000


   NSTEP       ENERGY          RMS            GMAX         NAME    NUMBER
    500      -1.9175E+05     1.5994E-01     6.8465E+00     H2       6175

 BOND    =    37346.0520  ANGLE   =      304.5428  DIHED      =      921.9032
 VDWAALS =    44179.2308  EEL     =  -284293.6658  HBOND      =        0.0000
 1-4 VDW =      732.1962  1-4 EEL =     9055.7428  RESTRAINT  =        0.0000


   NSTEP       ENERGY          RMS            GMAX         NAME    NUMBER
    550      -1.9177E+05     1.5903E-01     6.8243E+00     H2       6175

 BOND    =    37346.1412  ANGLE   =      304.6422  DIHED      =      921.9526
 VDWAALS =    44179.6063  EEL     =  -284311.2562  HBOND      =        0.0000
 1-4 VDW =      732.0327  1-4 EEL =     9055.5424  RESTRAINT  =        0.0000


   NSTEP       ENERGY          RMS            GMAX         NAME    NUMBER
    600      -1.9177E+05     1.5902E-01     6.8242E+00     H2       6175

 BOND    =    37346.1473  ANGLE   =      304.6428  DIHED      =      921.9527
 VDWAALS =    44179.5983  EEL     =  -284310.8617  HBOND      =        0.0000
 1-4 VDW =      732.0317  1-4 EEL =     9055.5413  RESTRAINT  =        0.0000


   NSTEP       ENERGY          RMS            GMAX         NAME    NUMBER
    650      -1.9177E+05     1.5900E-01     6.8241E+00     H2       6175

 BOND    =    37346.1512  ANGLE   =      304.6432  DIHED      =      921.9530
 VDWAALS =    44179.5934  EEL     =  -284310.5879  HBOND      =        0.0000
 1-4 VDW =      732.0311  1-4 EEL =     9055.5405  RESTRAINT  =        0.0000


   NSTEP       ENERGY          RMS            GMAX         NAME    NUMBER
    700      -1.9177E+05     1.5899E-01     6.8240E+00     H2       6175

 BOND    =    37346.1556  ANGLE   =      304.6437  DIHED      =      921.9532
 VDWAALS =    44179.5868  EEL     =  -284310.2873  HBOND      =        0.0000
 1-4 VDW =      732.0304  1-4 EEL =     9055.5396  RESTRAINT  =        0.0000


   NSTEP       ENERGY          RMS            GMAX         NAME    NUMBER
    750      -1.9177E+05     1.5897E-01     6.8239E+00     H2       6175

 BOND    =    37346.1619  ANGLE   =      304.6443  DIHED      =      921.9537
 VDWAALS =    44179.5792  EEL     =  -284309.8758  HBOND      =        0.0000
 1-4 VDW =      732.0292  1-4 EEL =     9055.5383  RESTRAINT  =        0.0000


   NSTEP       ENERGY          RMS            GMAX         NAME    NUMBER
    800      -1.9177E+05     1.5897E-01     6.8237E+00     H2       6175

 BOND    =    37346.1655  ANGLE   =      304.6448  DIHED      =      921.9537
 VDWAALS =    44179.5735  EEL     =  -284309.6532  HBOND      =        0.0000
 1-4 VDW =      732.0286  1-4 EEL =     9055.5374  RESTRAINT  =        0.0000


   NSTEP       ENERGY          RMS            GMAX         NAME    NUMBER
    850      -1.9177E+05     1.5895E-01     6.8236E+00     H2       6175

 BOND    =    37346.1711  ANGLE   =      304.6454  DIHED      =      921.9542
 VDWAALS =    44179.5653  EEL     =  -284309.3342  HBOND      =        0.0000
 1-4 VDW =      732.0275  1-4 EEL =     9055.5360  RESTRAINT  =        0.0000


   NSTEP       ENERGY          RMS            GMAX         NAME    NUMBER
    900      -1.9177E+05     1.5894E-01     6.8235E+00     H2       6175

 BOND    =    37346.1748  ANGLE   =      304.6459  DIHED      =      921.9544
 VDWAALS =    44179.5606  EEL     =  -284309.0791  HBOND      =        0.0000
 1-4 VDW =      732.0267  1-4 EEL =     9055.5350  RESTRAINT  =        0.0000


   NSTEP       ENERGY          RMS            GMAX         NAME    NUMBER
    950      -1.9177E+05     1.5893E-01     6.8234E+00     H2       6175

 BOND    =    37346.1787  ANGLE   =      304.6464  DIHED      =      921.9545
 VDWAALS =    44179.5569  EEL     =  -284308.8381  HBOND      =        0.0000
 1-4 VDW =      732.0259  1-4 EEL =     9055.5341  RESTRAINT  =        0.0000


   NSTEP       ENERGY          RMS            GMAX         NAME    NUMBER
   1000      -1.9177E+05     1.5893E-01     6.8234E+00     H2       6175

 BOND    =    37346.1819  ANGLE   =      304.6469  DIHED      =      921.9548
 VDWAALS =    44179.5531  EEL     =  -284308.6626  HBOND      =        0.0000
 1-4 VDW =      732.0251  1-4 EEL =     9055.5331  RESTRAINT  =        0.0000


   NSTEP       ENERGY          RMS            GMAX         NAME    NUMBER
   1050      -1.9177E+05     1.5892E-01     6.8232E+00     H2       6175

 BOND    =    37346.1855  ANGLE   =      304.6474  DIHED      =      921.9552
 VDWAALS =    44179.5484  EEL     =  -284308.4789  HBOND      =        0.0000
 1-4 VDW =      732.0243  1-4 EEL =     9055.5321  RESTRAINT  =        0.0000


   NSTEP       ENERGY          RMS            GMAX         NAME    NUMBER
   1100      -1.9177E+05     1.5891E-01     6.8231E+00     H2       6175

 BOND    =    37346.1888  ANGLE   =      304.6478  DIHED      =      921.9553
 VDWAALS =    44179.5444  EEL     =  -284308.3239  HBOND      =        0.0000
 1-4 VDW =      732.0235  1-4 EEL =     9055.5312  RESTRAINT  =        0.0000


   NSTEP       ENERGY          RMS            GMAX         NAME    NUMBER
   1150      -1.9177E+05     1.5891E-01     6.8230E+00     H2       6175

 BOND    =    37346.1923  ANGLE   =      304.6484  DIHED      =      921.9558
 VDWAALS =    44179.5413  EEL     =  -284308.1148  HBOND      =        0.0000
 1-4 VDW =      732.0226  1-4 EEL =     9055.5301  RESTRAINT  =        0.0000


   NSTEP       ENERGY          RMS            GMAX         NAME    NUMBER
   1200      -1.9177E+05     1.5890E-01     6.8227E+00     H2       6175

 BOND    =    37346.1984  ANGLE   =      304.6494  DIHED      =      921.9561
 VDWAALS =    44179.5343  EEL     =  -284307.8331  HBOND      =        0.0000
 1-4 VDW =      732.0209  1-4 EEL =     9055.5281  RESTRAINT  =        0.0000


   NSTEP       ENERGY          RMS            GMAX         NAME    NUMBER
   1250      -1.9177E+05     1.5889E-01     6.8226E+00     H2       6175

 BOND    =    37346.2015  ANGLE   =      304.6499  DIHED      =      921.9564
 VDWAALS =    44179.5309  EEL     =  -284307.6884  HBOND      =        0.0000
 1-4 VDW =      732.0201  1-4 EEL =     9055.5270  RESTRAINT  =        0.0000


   NSTEP       ENERGY          RMS            GMAX         NAME    NUMBER
   1300      -1.9177E+05     1.5888E-01     6.8224E+00     H2       6175

 BOND    =    37346.2056  ANGLE   =      304.6506  DIHED      =      921.9566
 VDWAALS =    44179.5276  EEL     =  -284307.4731  HBOND      =        0.0000
 1-4 VDW =      732.0189  1-4 EEL =     9055.5255  RESTRAINT  =        0.0000


   NSTEP       ENERGY          RMS            GMAX         NAME    NUMBER
   1350      -1.9177E+05     1.5888E-01     6.8224E+00     H2       6175

 BOND    =    37346.2078  ANGLE   =      304.6510  DIHED      =      921.9569
 VDWAALS =    44179.5248  EEL     =  -284307.3905  HBOND      =        0.0000
 1-4 VDW =      732.0182  1-4 EEL =     9055.5247  RESTRAINT  =        0.0000


   NSTEP       ENERGY          RMS            GMAX         NAME    NUMBER
   1400      -1.9177E+05     1.5887E-01     6.8222E+00     H2       6175

 BOND    =    37346.2106  ANGLE   =      304.6516  DIHED      =      921.9573
 VDWAALS =    44179.5250  EEL     =  -284307.2636  HBOND      =        0.0000
 1-4 VDW =      732.0173  1-4 EEL =     9055.5236  RESTRAINT  =        0.0000


   NSTEP       ENERGY          RMS            GMAX         NAME    NUMBER
   1450      -1.9177E+05     1.5887E-01     6.8221E+00     H2       6175

 BOND    =    37346.2134  ANGLE   =      304.6521  DIHED      =      921.9574
 VDWAALS =    44179.5222  EEL     =  -284307.1498  HBOND      =        0.0000
 1-4 VDW =      732.0164  1-4 EEL =     9055.5225  RESTRAINT  =        0.0000


   NSTEP       ENERGY          RMS            GMAX         NAME    NUMBER
   1500      -1.9177E+05     1.5886E-01     6.8218E+00     H2       6175

 BOND    =    37346.2194  ANGLE   =      304.6533  DIHED      =      921.9580
 VDWAALS =    44179.5176  EEL     =  -284306.9604  HBOND      =        0.0000
 1-4 VDW =      732.0144  1-4 EEL =     9055.5200  RESTRAINT  =        0.0000


   NSTEP       ENERGY          RMS            GMAX         NAME    NUMBER
   1550      -1.9177E+05     1.5885E-01     6.8216E+00     H2       6175

 BOND    =    37346.2228  ANGLE   =      304.6541  DIHED      =      921.9585
 VDWAALS =    44179.5122  EEL     =  -284306.7931  HBOND      =        0.0000
 1-4 VDW =      732.0132  1-4 EEL =     9055.5185  RESTRAINT  =        0.0000


   NSTEP       ENERGY          RMS            GMAX         NAME    NUMBER
   1600      -1.9177E+05     1.5884E-01     6.8214E+00     H2       6175

 BOND    =    37346.2261  ANGLE   =      304.6548  DIHED      =      921.9588
 VDWAALS =    44179.5096  EEL     =  -284306.7321  HBOND      =        0.0000
 1-4 VDW =      732.0120  1-4 EEL =     9055.5170  RESTRAINT  =        0.0000


   NSTEP       ENERGY          RMS            GMAX         NAME    NUMBER
   1650      -1.9177E+05     1.5884E-01     6.8212E+00     H2       6175

 BOND    =    37346.2296  ANGLE   =      304.6557  DIHED      =      921.9592
 VDWAALS =    44179.5080  EEL     =  -284306.6196  HBOND      =        0.0000
 1-4 VDW =      732.0106  1-4 EEL =     9055.5153  RESTRAINT  =        0.0000


   NSTEP       ENERGY          RMS            GMAX         NAME    NUMBER
   1700      -1.9177E+05     1.5882E-01     6.8208E+00     H2       6175

 BOND    =    37346.2367  ANGLE   =      304.6574  DIHED      =      921.9602
 VDWAALS =    44179.5049  EEL     =  -284306.4070  HBOND      =        0.0000
 1-4 VDW =      732.0077  1-4 EEL =     9055.5118  RESTRAINT  =        0.0000


   NSTEP       ENERGY          RMS            GMAX         NAME    NUMBER
   1750      -1.9177E+05     1.5881E-01     6.8202E+00     H2       6175

 BOND    =    37346.2450  ANGLE   =      304.6596  DIHED      =      921.9612
 VDWAALS =    44179.5003  EEL     =  -284306.2424  HBOND      =        0.0000
 1-4 VDW =      732.0041  1-4 EEL =     9055.5074  RESTRAINT  =        0.0000


   NSTEP       ENERGY          RMS            GMAX         NAME    NUMBER
   1800      -1.9177E+05     1.5880E-01     6.8200E+00     H2       6175

 BOND    =    37346.2487  ANGLE   =      304.6606  DIHED      =      921.9618
 VDWAALS =    44179.4993  EEL     =  -284306.1848  HBOND      =        0.0000
 1-4 VDW =      732.0024  1-4 EEL =     9055.5052  RESTRAINT  =        0.0000


   NSTEP       ENERGY          RMS            GMAX         NAME    NUMBER
   1850      -1.9177E+05     1.5879E-01     6.8197E+00     H2       6175

 BOND    =    37346.2520  ANGLE   =      304.6616  DIHED      =      921.9622
 VDWAALS =    44179.4989  EEL     =  -284306.1529  HBOND      =        0.0000
 1-4 VDW =      732.0008  1-4 EEL =     9055.5033  RESTRAINT  =        0.0000


   NSTEP       ENERGY          RMS            GMAX         NAME    NUMBER
   1900      -1.9177E+05     1.5878E-01     6.8191E+00     H2       6175

 BOND    =    37346.2592  ANGLE   =      304.6638  DIHED      =      921.9632
 VDWAALS =    44179.4968  EEL     =  -284306.0715  HBOND      =        0.0000
 1-4 VDW =      731.9971  1-4 EEL =     9055.4987  RESTRAINT  =        0.0000


   NSTEP       ENERGY          RMS            GMAX         NAME    NUMBER
   1950      -1.9177E+05     1.5876E-01     6.8187E+00     H2       6175

 BOND    =    37346.2653  ANGLE   =      304.6657  DIHED      =      921.9642
 VDWAALS =    44179.4963  EEL     =  -284305.9663  HBOND      =        0.0000
 1-4 VDW =      731.9940  1-4 EEL =     9055.4949  RESTRAINT  =        0.0000


   NSTEP       ENERGY          RMS            GMAX         NAME    NUMBER
   2000      -1.9177E+05     1.5875E-01     6.8180E+00     H2       6175

 BOND    =    37346.2729  ANGLE   =      304.6682  DIHED      =      921.9655
 VDWAALS =    44179.4950  EEL     =  -284305.9645  HBOND      =        0.0000
 1-4 VDW =      731.9899  1-4 EEL =     9055.4899  RESTRAINT  =        0.0000

     .... RESTARTED DUE TO LINMIN FAILURE ...

     .... RESTARTED DUE TO LINMIN FAILURE ...


   NSTEP       ENERGY          RMS            GMAX         NAME    NUMBER
   2050      -1.9205E+05     2.7843E-01     4.5523E+01     O        6357

 BOND    =    37349.3617  ANGLE   =      306.7206  DIHED      =      922.9983
 VDWAALS =    44186.2402  EEL     =  -284591.3550  HBOND      =        0.0000
 1-4 VDW =      728.6691  1-4 EEL =     9051.4147  RESTRAINT  =        0.0000

     .... RESTARTED DUE TO LINMIN FAILURE ...

     .... RESTARTED DUE TO LINMIN FAILURE ...


   NSTEP       ENERGY          RMS            GMAX         NAME    NUMBER
   2100      -1.9204E+05     2.7529E-01     4.4801E+01     O        6357

 BOND    =    37349.4018  ANGLE   =      306.7207  DIHED      =      922.9983
 VDWAALS =    44186.1591  EEL     =  -284587.2970  HBOND      =        0.0000
 1-4 VDW =      728.6689  1-4 EEL =     9051.4145  RESTRAINT  =        0.0000

     .... RESTARTED DUE TO LINMIN FAILURE ...


                    FINAL RESULTS



   NSTEP       ENERGY          RMS            GMAX         NAME    NUMBER
   2138      -1.9204E+05     2.7248E-01     4.4146E+01     O        6357

 BOND    =    37349.4376  ANGLE   =      306.7208  DIHED      =      922.9983
 VDWAALS =    44186.0854  EEL     =  -284583.7159  HBOND      =        0.0000
 1-4 VDW =      728.6688  1-4 EEL =     9051.4143  RESTRAINT  =        0.0000

     ***** REPEATED LINMIN FAILURE *****
--------------------------------------------------------------------------------
   5.  TIMINGS
--------------------------------------------------------------------------------

|  NonSetup CPU Time in Major Routines:
|
|     Routine           Sec        %
|     ------------------------------
|     Nonbond           3.91   30.17
|     Bond              0.00    0.00
|     Angle             0.00    0.00
|     Dihedral          0.00    0.00
|     Shake             0.00    0.00
|     Other             9.04   69.83
|     ------------------------------
|     Total            12.95

|  PME Nonbond Pairlist CPU Time:
|
|     Routine              Sec        %
|     ---------------------------------
|     Set Up Cit           0.00    0.00
|     Build List           0.00    0.00
|     ---------------------------------
|     Total                0.00    0.00

|  PME Direct Force CPU Time:
|
|     Routine              Sec        %
|     ---------------------------------
|     NonBonded Calc       0.00    0.00
|     Exclude Masked       0.00    0.00
|     Other                0.01    0.05
|     ---------------------------------
|     Total                0.01    0.05

|  PME Reciprocal Force CPU Time:
|
|     Routine              Sec        %
|     ---------------------------------
|     1D bspline           0.00    0.00
|     Grid Charges         0.00    0.00
|     Scalar Sum           0.00    0.00
|     Gradient Sum         0.00    0.00
|     FFT                  0.00    0.00
|     ---------------------------------
|     Total                0.00    0.00

|  Setup CPU time:            1.70 seconds
|  NonSetup CPU time:        12.95 seconds
|  Total CPU time:           14.65 seconds     0.00 hours

|  Setup wall time:           2    seconds
|  NonSetup wall time:       13    seconds
|  Total wall time:          15    seconds     0.00 hours
