
          -------------------------------------------------------
          Amber 18 PMEMD                              2018
          -------------------------------------------------------

| PMEMD implementation of SANDER, Release 18

| Run on 07/07/2021 at 08:06:20

|   Executable path: pmemd.cuda
| Working directory: /home/bozhanng/Abs_MD/HEPC3_Fv_crystal_PG_relaxed
|          Hostname: bf21

  [-O]verwriting output

File Assignments:
|   MDIN: minpro_HEPC3_Fv_crystal_PG_relaxed.in                                 
|  MDOUT: minpro_HEPC3_Fv_crystal_PG_relaxed.out                                
| INPCRD: minsolv_HEPC3_Fv_crystal_PG_relaxed.crd                               
|   PARM: HEPC3_Fv_crystal_PG_relaxed.parm7                                     
| RESTRT: minpro_HEPC3_Fv_crystal_PG_relaxed.crd                                
|   REFC: minsolv_HEPC3_Fv_crystal_PG_relaxed.crd                               
|  MDVEL: mdvel                                                                 
|   MDEN: mden                                                                  
|  MDCRD: mdcrd                                                                 
| MDINFO: mdinfo                                                                
|  MDFRC: mdfrc                                                                 


 Here is the input file:

Initial minimization                                                           
 &cntrl                                                                        
  ntx    = 1,       irest  = 0,       ntrx   = 1,      ntxo   = 1,             
  ntpr   = 50,      ntwx   = 0,       ntwv   = 0,      ntwe   = 0,             
                                                                               
  ntf    = 1,       ntb    = 1,                                                
  cut    = 8.0,     nsnb   = 10,                                               
                                                                               
  ibelly = 0,       ntr    = 1,                                                
                                                                               
  imin   = 1,                                                                  
  maxcyc = 10000,                                                              
  ncyc   = 2000,                                                               
  ntmin  = 1,       dx0    = 0.1,     drms   = 0.0001,                         
                                                                               
  ntc    = 1,       tol    = 0.000001,                                         
                                                                               
 &end                                                                          
Hold solvent fixed                                                             
5.0                                                                            
RES   234 9999999                                                              
END                                                                            
END                                                                            


Note: ig = -1. Setting random seed to   206518 based on wallclock time in 
      microseconds.
| irandom = 1, using AMBER's internal random number generator (default).
| INFO:    The nsnb ctrl option does not affect nonbonded list update frequency.
|          It does affect steepest descent minimization freq if ntmin == 0
 
|--------------------- INFORMATION ----------------------
| GPU (CUDA) Version of PMEMD in use: NVIDIA GPU IN USE.
|                    Version 18.0.0
| 
|                      03/25/2018
| 
| Implementation by:
|                    Ross C. Walker     (SDSC)
|                    Scott Le Grand     (nVIDIA)
| 
| Version 18 performance extensions by:
|                    David Cerutti     (Rutgers)
| 
| Precision model in use:
|      [SPFP] - Single Precision Forces, 64-bit Fixed Point
|               Accumulation. (Default)
| 
|--------------------------------------------------------
 
|----------------- CITATION INFORMATION -----------------
|
|    When publishing work that utilized the CUDA version
|    of AMBER, please cite the following in addition to
|    the regular AMBER citations:
|
|  - Romelia Salomon-Ferrer; Andreas W. Goetz; Duncan
|    Poole; Scott Le Grand; Ross C. Walker "Routine
|    microsecond molecular dynamics simulations with
|    AMBER - Part II: Particle Mesh Ewald", J. Chem.
|    Theory Comput., 2013, 9 (9), pp3878-3888,
|    DOI: 10.1021/ct400314y.
|
|  - Andreas W. Goetz; Mark J. Williamson; Dong Xu;
|    Duncan Poole; Scott Le Grand; Ross C. Walker
|    "Routine microsecond molecular dynamics simulations
|    with AMBER - Part I: Generalized Born", J. Chem.
|    Theory Comput., 2012, 8 (5), pp1542-1555.
|
|  - Scott Le Grand; Andreas W. Goetz; Ross C. Walker
|    "SPFP: Speed without compromise - a mixed precision
|    model for GPU accelerated molecular dynamics
|    simulations.", Comp. Phys. Comm., 2013, 184
|    pp374-380, DOI: 10.1016/j.cpc.2012.09.022
|
|--------------------------------------------------------
 
|------------------- GPU DEVICE INFO --------------------
|
|            CUDA_VISIBLE_DEVICES: 1
|   CUDA Capable Devices Detected:      1
|           CUDA Device ID in use:      0
|                CUDA Device Name: GeForce GTX 1080
|     CUDA Device Global Mem Size:   8119 MB
| CUDA Device Num Multiprocessors:     20
|           CUDA Device Core Freq:   1.73 GHz
|
|--------------------------------------------------------
 
 
| Conditional Compilation Defines Used:
| PUBFFT
| BINTRAJ
| MKL
| CUDA
| EMIL

| Largest sphere to fit in unit cell has radius =    34.896

| New format PARM file being parsed.
| Version =    1.000 Date = 07/07/21 Time = 08:05:04

| Note: 1-4 EEL scale factors are being read from the topology file.

| Note: 1-4 VDW scale factors are being read from the topology file.
| Duplicated    0 dihedrals

| Duplicated    0 dihedrals

--------------------------------------------------------------------------------
   1.  RESOURCE   USE: 
--------------------------------------------------------------------------------

 getting new box info from bottom of inpcrd
 NATOM  =   44179 NTYPES =      18 NBONH =   32225 MBONA  =   11992
 NTHETH =    3888 MTHETA =    2478 NPHIH =    8196 MPHIA  =    7867
 NHPARM =       0 NPARM  =       0 NNB   =   90468 NRES   =   10405
 NBONA  =   11992 NTHETA =    2478 NPHIA =    7867 NUMBND =      72
 NUMANG =     171 NPTRA  =     194 NATYP =      36 NPHB   =       1
 IFBOX  =       1 NMXRS  =      25 IFCAP =       0 NEXTRA =   10168
 NCOPY  =       0

| Coordinate Index Table dimensions:    16   15   18
| Direct force subcell size =     4.6376    4.6528    4.5126

     BOX TYPE: RECTILINEAR

--------------------------------------------------------------------------------
   2.  CONTROL  DATA  FOR  THE  RUN
--------------------------------------------------------------------------------

default_name                                                                    

General flags:
     imin    =       1, nmropt  =       0

Nature and format of input:
     ntx     =       1, irest   =       0, ntrx    =       1

Nature and format of output:
     ntxo    =       1, ntpr    =      50, ntrx    =       1, ntwr    =       1
     iwrap   =       0, ntwx    =       0, ntwv    =       0, ntwe    =       0
     ioutfm  =       1, ntwprt  =       0, idecomp =       0, rbornstat=      0

Potential function:
     ntf     =       1, ntb     =       1, igb     =       0, nsnb    =      10
     ipol    =       0, gbsa    =       0, iesp    =       0
     dielc   =   1.00000, cut     =   8.00000, intdiel =   1.00000

Frozen or restrained atoms:
     ibelly  =       0, ntr     =       1
     restraint_wt =   0.00000

Energy minimization:
     maxcyc  =   10000, ncyc    =    2000, ntmin   =       1
     dx0     =   0.10000, drms    =   0.00010

| Intermolecular bonds treatment:
|     no_intermolecular_bonds =       1

| Energy averages sample interval:
|     ene_avg_sampling =       1

Extra-points options:
     frameon =       1, chngmask=       1

Ewald parameters:
     verbose =       0, ew_type =       0, nbflag  =       1, use_pme =       1
     vdwmeth =       1, eedmeth =       1, netfrc  =       0
     Box X =   74.202   Box Y =   69.793   Box Z =   81.227
     Alpha =   90.000   Beta  =   90.000   Gamma =   90.000
     NFFT1 =   80       NFFT2 =   72       NFFT3 =   84
     Cutoff=    8.000   Tol   =0.100E-04
     Ewald Coefficient =  0.34864
     Interpolation order =    4

    LOADING THE CONSTRAINED ATOMS AS GROUPS


   5.  REFERENCE ATOM COORDINATES

  default_name                                                                    
    ----- READING GROUP     1; TITLE:
 Hold solvent fixed                                                          

     GROUP    1 HAS HARMONIC CONSTRAINTS     5.00000
 GRP    1 RES  234 TO 10405
      Number of atoms in this group  = 40676
    ----- END OF GROUP READ -----
|      EXTRA_PTS, trim_bonds: num bonds BEFORE trim = 32225     0
|      EXTRA_PTS, trim_bonds: num bonds AFTER  trim = 32225     0
|      EXTRA_PTS, trim_bonds: num bonds BEFORE trim = 11992     0
|      EXTRA_PTS, trim_bonds: num bonds AFTER  trim =  1824     0
|      EXTRA_PTS, trim_theta: num angle BEFORE trim =  3888     0
|      EXTRA_PTS, trim_theta: num angle AFTER  trim =  3888     0
|      EXTRA_PTS, trim_theta: num angle BEFORE trim =  2478     0
|      EXTRA_PTS, trim_theta: num angle AFTER  trim =  2478     0
|      EXTRA_PTS, trim_phi:  num diheds BEFORE trim =  8196     0
|      EXTRA_PTS, trim_phi:  num diheds AFTER  trim =  8196     0
|      EXTRA_PTS, trim_phi:  num diheds BEFORE trim =  7867     0
|      EXTRA_PTS, trim_phi:  num diheds AFTER  trim =  7867     0

--------------------------------------------------------------------------------
   3.  ATOMIC COORDINATES AND VELOCITIES
--------------------------------------------------------------------------------

default_name                                                                    
 begin time read from input coords =     0.000 ps

 
 Number of triangulated 3-point waters found:    10168

     Sum of charges from parm topology file =   0.00005562
     Forcing neutrality...

| Dynamic Memory, Types Used:
| Reals             1335203
| Integers          2903367

| Nonbonded Pairs Initial Allocation:     7378997

| GPU memory information (estimate):
| KB of GPU memory in use:         0
| KB of CPU memory in use:         0

--------------------------------------------------------------------------------
   4.  RESULTS
--------------------------------------------------------------------------------



   NSTEP       ENERGY          RMS            GMAX         NAME    NUMBER
      1      -1.8375E+05     1.8734E+00     4.0483E+02     H1      16745

 BOND    =    36288.3778  ANGLE   =      284.7140  DIHED      =      957.2568
 VDWAALS =    43266.7567  EEL     =  -274335.4135  HBOND      =        0.0000
 1-4 VDW =      770.6860  1-4 EEL =     9020.6723  RESTRAINT  =        0.0000


   NSTEP       ENERGY          RMS            GMAX         NAME    NUMBER
     50      -1.8578E+05     3.4965E-01     3.3400E+01     H2      16866

 BOND    =    36204.1470  ANGLE   =      287.8950  DIHED      =      959.1617
 VDWAALS =    43204.6672  EEL     =  -276210.5488  HBOND      =        0.0000
 1-4 VDW =      765.0018  1-4 EEL =     9012.1206  RESTRAINT  =        2.1591
 EAMBER  =  -185777.5554


   NSTEP       ENERGY          RMS            GMAX         NAME    NUMBER
    100      -1.8557E+05     5.4810E-01     1.1473E+02     O       16864

 BOND    =    36221.8813  ANGLE   =      292.7616  DIHED      =      960.9105
 VDWAALS =    43182.8286  EEL     =  -275998.1299  HBOND      =        0.0000
 1-4 VDW =      759.2534  1-4 EEL =     9002.6924  RESTRAINT  =        5.5353
 EAMBER  =  -185577.8021


   NSTEP       ENERGY          RMS            GMAX         NAME    NUMBER
    150      -1.8617E+05     2.0796E-01     1.3997E+01     O       16744

 BOND    =    36221.0414  ANGLE   =      295.8199  DIHED      =      961.9166
 VDWAALS =    43191.1462  EEL     =  -276604.8420  HBOND      =        0.0000
 1-4 VDW =      755.5000  1-4 EEL =     8996.5071  RESTRAINT  =        7.9802
 EAMBER  =  -186182.9108


   NSTEP       ENERGY          RMS            GMAX         NAME    NUMBER
    200      -1.8615E+05     1.7249E-01     6.6784E+00     H1      16873

 BOND    =    36225.3248  ANGLE   =      298.2243  DIHED      =      962.6892
 VDWAALS =    43188.1020  EEL     =  -276575.3197  HBOND      =        0.0000
 1-4 VDW =      752.4611  1-4 EEL =     8991.4573  RESTRAINT  =        9.9270
 EAMBER  =  -186157.0611


   NSTEP       ENERGY          RMS            GMAX         NAME    NUMBER
    250      -1.8618E+05     1.5445E-01     5.7194E+00     H1      16873

 BOND    =    36228.3013  ANGLE   =      300.4131  DIHED      =      963.3861
 VDWAALS =    43187.5025  EEL     =  -276603.0309  HBOND      =        0.0000
 1-4 VDW =      749.6353  1-4 EEL =     8986.7030  RESTRAINT  =       11.6423
 EAMBER  =  -186187.0896


   NSTEP       ENERGY          RMS            GMAX         NAME    NUMBER
    300      -1.8618E+05     1.4302E-01     5.0881E+00     OD2      2895

 BOND    =    36230.6195  ANGLE   =      302.1147  DIHED      =      963.9256
 VDWAALS =    43187.2033  EEL     =  -276608.4457  HBOND      =        0.0000
 1-4 VDW =      747.4041  1-4 EEL =     8982.8947  RESTRAINT  =       12.9096
 EAMBER  =  -186194.2839


   NSTEP       ENERGY          RMS            GMAX         NAME    NUMBER
    350      -1.8620E+05     1.3403E-01     4.8801E+00     OD2      2895

 BOND    =    36232.6709  ANGLE   =      303.7764  DIHED      =      964.4512
 VDWAALS =    43187.5002  EEL     =  -276625.8665  HBOND      =        0.0000
 1-4 VDW =      745.2002  1-4 EEL =     8979.0773  RESTRAINT  =       14.0778
 EAMBER  =  -186213.1903


   NSTEP       ENERGY          RMS            GMAX         NAME    NUMBER
    400      -1.8620E+05     1.2807E-01     4.7104E+00     OD2      2895

 BOND    =    36234.2940  ANGLE   =      305.0062  DIHED      =      964.8393
 VDWAALS =    43187.5708  EEL     =  -276624.7269  HBOND      =        0.0000
 1-4 VDW =      743.5549  1-4 EEL =     8976.1874  RESTRAINT  =       14.8950
 EAMBER  =  -186213.2743


   NSTEP       ENERGY          RMS            GMAX         NAME    NUMBER
    450      -1.8620E+05     1.2297E-01     4.5295E+00     OD2      2895

 BOND    =    36235.8267  ANGLE   =      306.2320  DIHED      =      965.2248
 VDWAALS =    43187.9412  EEL     =  -276629.6918  HBOND      =        0.0000
 1-4 VDW =      741.9032  1-4 EEL =     8973.2499  RESTRAINT  =       15.6702
 EAMBER  =  -186219.3140


   NSTEP       ENERGY          RMS            GMAX         NAME    NUMBER
    500      -1.8621E+05     1.1881E-01     4.5175E+00     HG       2992

 BOND    =    36237.2118  ANGLE   =      307.3434  DIHED      =      965.5731
 VDWAALS =    43188.3002  EEL     =  -276633.6106  HBOND      =        0.0000
 1-4 VDW =      740.3956  1-4 EEL =     8970.5352  RESTRAINT  =       16.3409
 EAMBER  =  -186224.2511


   NSTEP       ENERGY          RMS            GMAX         NAME    NUMBER
    550      -1.8621E+05     1.1481E-01     4.5129E+00     HG       2992

 BOND    =    36238.7605  ANGLE   =      308.5455  DIHED      =      965.9475
 VDWAALS =    43188.6514  EEL     =  -276632.7538  HBOND      =        0.0000
 1-4 VDW =      738.7553  1-4 EEL =     8967.5444  RESTRAINT  =       17.0349
 EAMBER  =  -186224.5493


   NSTEP       ENERGY          RMS            GMAX         NAME    NUMBER
    600      -1.8622E+05     1.1163E-01     4.5073E+00     HG       2992

 BOND    =    36239.9330  ANGLE   =      309.5244  DIHED      =      966.2498
 VDWAALS =    43189.1748  EEL     =  -276640.6922  HBOND      =        0.0000
 1-4 VDW =      737.4116  1-4 EEL =     8965.0657  RESTRAINT  =       17.5786
 EAMBER  =  -186233.3330


   NSTEP       ENERGY          RMS            GMAX         NAME    NUMBER
    650      -1.8622E+05     1.0870E-01     4.4982E+00     HG       2992

 BOND    =    36241.2183  ANGLE   =      310.5241  DIHED      =      966.5556
 VDWAALS =    43189.5553  EEL     =  -276640.6869  HBOND      =        0.0000
 1-4 VDW =      736.0313  1-4 EEL =     8962.4933  RESTRAINT  =       18.1174
 EAMBER  =  -186234.3092


   NSTEP       ENERGY          RMS            GMAX         NAME    NUMBER
    700      -1.8622E+05     1.0592E-01     4.4859E+00     HG       2992

 BOND    =    36242.4109  ANGLE   =      311.4977  DIHED      =      966.8499
 VDWAALS =    43190.0752  EEL     =  -276646.7206  HBOND      =        0.0000
 1-4 VDW =      734.6786  1-4 EEL =     8959.9476  RESTRAINT  =       18.6293
 EAMBER  =  -186241.2608


   NSTEP       ENERGY          RMS            GMAX         NAME    NUMBER
    750      -1.8623E+05     1.0366E-01     4.4710E+00     HG       2992

 BOND    =    36243.4629  ANGLE   =      312.3318  DIHED      =      967.0984
 VDWAALS =    43190.4838  EEL     =  -276649.1923  HBOND      =        0.0000
 1-4 VDW =      733.5126  1-4 EEL =     8957.7342  RESTRAINT  =       19.0602
 EAMBER  =  -186244.5686


   NSTEP       ENERGY          RMS            GMAX         NAME    NUMBER
    800      -1.8623E+05     1.0160E-01     4.4531E+00     HG       2992

 BOND    =    36244.4590  ANGLE   =      313.1194  DIHED      =      967.3299
 VDWAALS =    43190.8966  EEL     =  -276651.7593  HBOND      =        0.0000
 1-4 VDW =      732.4059  1-4 EEL =     8955.6167  RESTRAINT  =       19.4625
 EAMBER  =  -186247.9318


   NSTEP       ENERGY          RMS            GMAX         NAME    NUMBER
    850      -1.8623E+05     1.0095E-01     4.4466E+00     HG       2992

 BOND    =    36244.7837  ANGLE   =      313.3737  DIHED      =      967.4035
 VDWAALS =    43191.0480  EEL     =  -276652.4997  HBOND      =        0.0000
 1-4 VDW =      732.0475  1-4 EEL =     8954.9281  RESTRAINT  =       19.5917
 EAMBER  =  -186248.9152


   NSTEP       ENERGY          RMS            GMAX         NAME    NUMBER
    900      -1.8623E+05     1.0094E-01     4.4465E+00     HG       2992

 BOND    =    36244.7872  ANGLE   =      313.3763  DIHED      =      967.4044
 VDWAALS =    43191.0485  EEL     =  -276652.5134  HBOND      =        0.0000
 1-4 VDW =      732.0437  1-4 EEL =     8954.9207  RESTRAINT  =       19.5930
 EAMBER  =  -186248.9325


   NSTEP       ENERGY          RMS            GMAX         NAME    NUMBER
    950      -1.8623E+05     1.0094E-01     4.4465E+00     HG       2992

 BOND    =    36244.7886  ANGLE   =      313.3775  DIHED      =      967.4048
 VDWAALS =    43191.0492  EEL     =  -276652.5196  HBOND      =        0.0000
 1-4 VDW =      732.0422  1-4 EEL =     8954.9177  RESTRAINT  =       19.5936
 EAMBER  =  -186248.9396


   NSTEP       ENERGY          RMS            GMAX         NAME    NUMBER
   1000      -1.8623E+05     1.0094E-01     4.4464E+00     HG       2992

 BOND    =    36244.7911  ANGLE   =      313.3794  DIHED      =      967.4052
 VDWAALS =    43191.0507  EEL     =  -276652.5334  HBOND      =        0.0000
 1-4 VDW =      732.0395  1-4 EEL =     8954.9126  RESTRAINT  =       19.5946
 EAMBER  =  -186248.9550


   NSTEP       ENERGY          RMS            GMAX         NAME    NUMBER
   1050      -1.8623E+05     1.0093E-01     4.4464E+00     HG       2992

 BOND    =    36244.7930  ANGLE   =      313.3809  DIHED      =      967.4057
 VDWAALS =    43191.0515  EEL     =  -276652.5306  HBOND      =        0.0000
 1-4 VDW =      732.0373  1-4 EEL =     8954.9083  RESTRAINT  =       19.5954
 EAMBER  =  -186248.9538


   NSTEP       ENERGY          RMS            GMAX         NAME    NUMBER
   1100      -1.8623E+05     1.0093E-01     4.4464E+00     HG       2992

 BOND    =    36244.7949  ANGLE   =      313.3823  DIHED      =      967.4062
 VDWAALS =    43191.0520  EEL     =  -276652.5250  HBOND      =        0.0000
 1-4 VDW =      732.0353  1-4 EEL =     8954.9045  RESTRAINT  =       19.5961
 EAMBER  =  -186248.9498


   NSTEP       ENERGY          RMS            GMAX         NAME    NUMBER
   1150      -1.8623E+05     1.0092E-01     4.4463E+00     HG       2992

 BOND    =    36244.7967  ANGLE   =      313.3838  DIHED      =      967.4066
 VDWAALS =    43191.0524  EEL     =  -276652.5550  HBOND      =        0.0000
 1-4 VDW =      732.0332  1-4 EEL =     8954.9005  RESTRAINT  =       19.5968
 EAMBER  =  -186248.9818


   NSTEP       ENERGY          RMS            GMAX         NAME    NUMBER
   1200      -1.8623E+05     1.0092E-01     4.4462E+00     HG       2992

 BOND    =    36244.7989  ANGLE   =      313.3855  DIHED      =      967.4069
 VDWAALS =    43191.0529  EEL     =  -276652.5512  HBOND      =        0.0000
 1-4 VDW =      732.0308  1-4 EEL =     8954.8959  RESTRAINT  =       19.5977
 EAMBER  =  -186248.9802


   NSTEP       ENERGY          RMS            GMAX         NAME    NUMBER
   1250      -1.8623E+05     1.0092E-01     4.4462E+00     HG       2992

 BOND    =    36244.8011  ANGLE   =      313.3872  DIHED      =      967.4076
 VDWAALS =    43191.0537  EEL     =  -276652.5560  HBOND      =        0.0000
 1-4 VDW =      732.0284  1-4 EEL =     8954.8912  RESTRAINT  =       19.5986
 EAMBER  =  -186248.9868


   NSTEP       ENERGY          RMS            GMAX         NAME    NUMBER
   1300      -1.8623E+05     1.0091E-01     4.4462E+00     HG       2992

 BOND    =    36244.8039  ANGLE   =      313.3894  DIHED      =      967.4084
 VDWAALS =    43191.0548  EEL     =  -276652.5468  HBOND      =        0.0000
 1-4 VDW =      732.0253  1-4 EEL =     8954.8852  RESTRAINT  =       19.5997
 EAMBER  =  -186248.9799


   NSTEP       ENERGY          RMS            GMAX         NAME    NUMBER
   1350      -1.8623E+05     1.0091E-01     4.4461E+00     HG       2992

 BOND    =    36244.8062  ANGLE   =      313.3912  DIHED      =      967.4088
 VDWAALS =    43191.0554  EEL     =  -276652.5554  HBOND      =        0.0000
 1-4 VDW =      732.0228  1-4 EEL =     8954.8804  RESTRAINT  =       19.6006
 EAMBER  =  -186248.9906


   NSTEP       ENERGY          RMS            GMAX         NAME    NUMBER
   1400      -1.8623E+05     1.0090E-01     4.4461E+00     HG       2992

 BOND    =    36244.8091  ANGLE   =      313.3935  DIHED      =      967.4093
 VDWAALS =    43191.0568  EEL     =  -276652.5823  HBOND      =        0.0000
 1-4 VDW =      732.0196  1-4 EEL =     8954.8743  RESTRAINT  =       19.6017
 EAMBER  =  -186249.0198


   NSTEP       ENERGY          RMS            GMAX         NAME    NUMBER
   1450      -1.8623E+05     1.0090E-01     4.4460E+00     HG       2992

 BOND    =    36244.8118  ANGLE   =      313.3956  DIHED      =      967.4099
 VDWAALS =    43191.0576  EEL     =  -276652.5897  HBOND      =        0.0000
 1-4 VDW =      732.0166  1-4 EEL =     8954.8686  RESTRAINT  =       19.6028
 EAMBER  =  -186249.0297


   NSTEP       ENERGY          RMS            GMAX         NAME    NUMBER
   1500      -1.8623E+05     1.0089E-01     4.4460E+00     HG       2992

 BOND    =    36244.8140  ANGLE   =      313.3974  DIHED      =      967.4106
 VDWAALS =    43191.0591  EEL     =  -276652.5677  HBOND      =        0.0000
 1-4 VDW =      732.0141  1-4 EEL =     8954.8637  RESTRAINT  =       19.6037
 EAMBER  =  -186249.0089


   NSTEP       ENERGY          RMS            GMAX         NAME    NUMBER
   1550      -1.8623E+05     1.0089E-01     4.4459E+00     HG       2992

 BOND    =    36244.8168  ANGLE   =      313.3995  DIHED      =      967.4111
 VDWAALS =    43191.0597  EEL     =  -276652.5860  HBOND      =        0.0000
 1-4 VDW =      732.0111  1-4 EEL =     8954.8579  RESTRAINT  =       19.6048
 EAMBER  =  -186249.0299


   NSTEP       ENERGY          RMS            GMAX         NAME    NUMBER
   1600      -1.8623E+05     1.0088E-01     4.4459E+00     HG       2992

 BOND    =    36244.8186  ANGLE   =      313.4009  DIHED      =      967.4114
 VDWAALS =    43191.0611  EEL     =  -276652.5983  HBOND      =        0.0000
 1-4 VDW =      732.0091  1-4 EEL =     8954.8540  RESTRAINT  =       19.6055
 EAMBER  =  -186249.0430


   NSTEP       ENERGY          RMS            GMAX         NAME    NUMBER
   1650      -1.8623E+05     1.0088E-01     4.4458E+00     HG       2992

 BOND    =    36244.8210  ANGLE   =      313.4028  DIHED      =      967.4120
 VDWAALS =    43191.0617  EEL     =  -276652.6042  HBOND      =        0.0000
 1-4 VDW =      732.0064  1-4 EEL =     8954.8491  RESTRAINT  =       19.6064
 EAMBER  =  -186249.0513


   NSTEP       ENERGY          RMS            GMAX         NAME    NUMBER
   1700      -1.8623E+05     1.0087E-01     4.4457E+00     HG       2992

 BOND    =    36244.8243  ANGLE   =      313.4054  DIHED      =      967.4128
 VDWAALS =    43191.0631  EEL     =  -276652.6080  HBOND      =        0.0000
 1-4 VDW =      732.0028  1-4 EEL =     8954.8419  RESTRAINT  =       19.6078
 EAMBER  =  -186249.0577


   NSTEP       ENERGY          RMS            GMAX         NAME    NUMBER
   1750      -1.8623E+05     1.0086E-01     4.4457E+00     HG       2992

 BOND    =    36244.8268  ANGLE   =      313.4073  DIHED      =      967.4133
 VDWAALS =    43191.0645  EEL     =  -276652.6204  HBOND      =        0.0000
 1-4 VDW =      732.0001  1-4 EEL =     8954.8367  RESTRAINT  =       19.6087
 EAMBER  =  -186249.0717


   NSTEP       ENERGY          RMS            GMAX         NAME    NUMBER
   1800      -1.8623E+05     1.0086E-01     4.4457E+00     HG       2992

 BOND    =    36244.8291  ANGLE   =      313.4091  DIHED      =      967.4138
 VDWAALS =    43191.0649  EEL     =  -276652.6029  HBOND      =        0.0000
 1-4 VDW =      731.9975  1-4 EEL =     8954.8316  RESTRAINT  =       19.6097
 EAMBER  =  -186249.0568


   NSTEP       ENERGY          RMS            GMAX         NAME    NUMBER
   1850      -1.8623E+05     1.0086E-01     4.4456E+00     HG       2992

 BOND    =    36244.8315  ANGLE   =      313.4110  DIHED      =      967.4143
 VDWAALS =    43191.0660  EEL     =  -276652.6031  HBOND      =        0.0000
 1-4 VDW =      731.9949  1-4 EEL =     8954.8268  RESTRAINT  =       19.6106
 EAMBER  =  -186249.0588


   NSTEP       ENERGY          RMS            GMAX         NAME    NUMBER
   1900      -1.8623E+05     1.0085E-01     4.4456E+00     HG       2992

 BOND    =    36244.8343  ANGLE   =      313.4132  DIHED      =      967.4152
 VDWAALS =    43191.0662  EEL     =  -276652.6347  HBOND      =        0.0000
 1-4 VDW =      731.9917  1-4 EEL =     8954.8207  RESTRAINT  =       19.6117
 EAMBER  =  -186249.0934


   NSTEP       ENERGY          RMS            GMAX         NAME    NUMBER
   1950      -1.8623E+05     1.0085E-01     4.4455E+00     HG       2992

 BOND    =    36244.8364  ANGLE   =      313.4148  DIHED      =      967.4155
 VDWAALS =    43191.0663  EEL     =  -276652.6174  HBOND      =        0.0000
 1-4 VDW =      731.9895  1-4 EEL =     8954.8163  RESTRAINT  =       19.6125
 EAMBER  =  -186249.0787


   NSTEP       ENERGY          RMS            GMAX         NAME    NUMBER
   2000      -1.8623E+05     1.0084E-01     4.4455E+00     HG       2992

 BOND    =    36244.8385  ANGLE   =      313.4164  DIHED      =      967.4159
 VDWAALS =    43191.0671  EEL     =  -276652.6410  HBOND      =        0.0000
 1-4 VDW =      731.9872  1-4 EEL =     8954.8119  RESTRAINT  =       19.6133
 EAMBER  =  -186249.1040


   NSTEP       ENERGY          RMS            GMAX         NAME    NUMBER
   2050      -1.8780E+05     1.3151E+00     2.8950E+02     O       16864

 BOND    =    36241.2409  ANGLE   =      320.9570  DIHED      =      969.6094
 VDWAALS =    43224.6577  EEL     =  -278235.6534  HBOND      =        0.0000
 1-4 VDW =      721.7252  1-4 EEL =     8935.1859  RESTRAINT  =       23.7823
 EAMBER  =  -187822.2774


   NSTEP       ENERGY          RMS            GMAX         NAME    NUMBER
   2100      -1.8779E+05     1.3099E+00     2.8835E+02     O       16864

 BOND    =    36241.2930  ANGLE   =      320.9570  DIHED      =      969.6094
 VDWAALS =    43224.5386  EEL     =  -278228.7933  HBOND      =        0.0000
 1-4 VDW =      721.7252  1-4 EEL =     8935.1858  RESTRAINT  =       23.7823
 EAMBER  =  -187815.4844


   NSTEP       ENERGY          RMS            GMAX         NAME    NUMBER
   2150      -1.8778E+05     1.3047E+00     2.8720E+02     O       16864

 BOND    =    36241.3452  ANGLE   =      320.9570  DIHED      =      969.6094
 VDWAALS =    43224.4200  EEL     =  -278221.9175  HBOND      =        0.0000
 1-4 VDW =      721.7252  1-4 EEL =     8935.1857  RESTRAINT  =       23.7824
 EAMBER  =  -187808.6751


   NSTEP       ENERGY          RMS            GMAX         NAME    NUMBER
   2200      -1.8778E+05     1.2996E+00     2.8604E+02     O       16864

 BOND    =    36241.3973  ANGLE   =      320.9571  DIHED      =      969.6093
 VDWAALS =    43224.3009  EEL     =  -278215.0565  HBOND      =        0.0000
 1-4 VDW =      721.7251  1-4 EEL =     8935.1856  RESTRAINT  =       23.7824
 EAMBER  =  -187801.8812


   NSTEP       ENERGY          RMS            GMAX         NAME    NUMBER
   2250      -1.8777E+05     1.2944E+00     2.8488E+02     O       16864

 BOND    =    36241.4494  ANGLE   =      320.9571  DIHED      =      969.6093
 VDWAALS =    43224.1819  EEL     =  -278208.2027  HBOND      =        0.0000
 1-4 VDW =      721.7251  1-4 EEL =     8935.1856  RESTRAINT  =       23.7825
 EAMBER  =  -187795.0942


   NSTEP       ENERGY          RMS            GMAX         NAME    NUMBER
   2300      -1.8776E+05     1.2892E+00     2.8374E+02     O       16864

 BOND    =    36241.5016  ANGLE   =      320.9571  DIHED      =      969.6093
 VDWAALS =    43224.0640  EEL     =  -278201.3819  HBOND      =        0.0000
 1-4 VDW =      721.7251  1-4 EEL =     8935.1855  RESTRAINT  =       23.7825
 EAMBER  =  -187788.3392


   NSTEP       ENERGY          RMS            GMAX         NAME    NUMBER
   2350      -1.8776E+05     1.2840E+00     2.8258E+02     O       16864

 BOND    =    36241.5537  ANGLE   =      320.9572  DIHED      =      969.6094
 VDWAALS =    43223.9447  EEL     =  -278194.5634  HBOND      =        0.0000
 1-4 VDW =      721.7251  1-4 EEL =     8935.1855  RESTRAINT  =       23.7825
 EAMBER  =  -187781.5879


   NSTEP       ENERGY          RMS            GMAX         NAME    NUMBER
   2400      -1.8775E+05     1.2789E+00     2.8143E+02     O       16864

 BOND    =    36241.6058  ANGLE   =      320.9572  DIHED      =      969.6094
 VDWAALS =    43223.8268  EEL     =  -278187.7211  HBOND      =        0.0000
 1-4 VDW =      721.7251  1-4 EEL =     8935.1854  RESTRAINT  =       23.7826
 EAMBER  =  -187774.8114


   NSTEP       ENERGY          RMS            GMAX         NAME    NUMBER
   2450      -1.8774E+05     1.2737E+00     2.8028E+02     O       16864

 BOND    =    36241.6580  ANGLE   =      320.9573  DIHED      =      969.6094
 VDWAALS =    43223.7083  EEL     =  -278180.9019  HBOND      =        0.0000
 1-4 VDW =      721.7250  1-4 EEL =     8935.1854  RESTRAINT  =       23.7826
 EAMBER  =  -187768.0586


   NSTEP       ENERGY          RMS            GMAX         NAME    NUMBER
   2500      -1.8774E+05     1.2685E+00     2.7913E+02     O       16864

 BOND    =    36241.7101  ANGLE   =      320.9573  DIHED      =      969.6094
 VDWAALS =    43223.5894  EEL     =  -278174.1206  HBOND      =        0.0000
 1-4 VDW =      721.7250  1-4 EEL =     8935.1853  RESTRAINT  =       23.7827
 EAMBER  =  -187761.3442


   NSTEP       ENERGY          RMS            GMAX         NAME    NUMBER
   2550      -1.8773E+05     1.2633E+00     2.7797E+02     O       16864

 BOND    =    36241.7622  ANGLE   =      320.9573  DIHED      =      969.6095
 VDWAALS =    43223.4707  EEL     =  -278167.2997  HBOND      =        0.0000
 1-4 VDW =      721.7250  1-4 EEL =     8935.1852  RESTRAINT  =       23.7827
 EAMBER  =  -187754.5899


   NSTEP       ENERGY          RMS            GMAX         NAME    NUMBER
   2600      -1.8772E+05     1.2582E+00     2.7682E+02     O       16864

 BOND    =    36241.8143  ANGLE   =      320.9574  DIHED      =      969.6094
 VDWAALS =    43223.3528  EEL     =  -278160.5241  HBOND      =        0.0000
 1-4 VDW =      721.7250  1-4 EEL =     8935.1851  RESTRAINT  =       23.7828
 EAMBER  =  -187747.8801


   NSTEP       ENERGY          RMS            GMAX         NAME    NUMBER
   2650      -1.8772E+05     1.2530E+00     2.7567E+02     O       16864

 BOND    =    36241.8664  ANGLE   =      320.9574  DIHED      =      969.6094
 VDWAALS =    43223.2374  EEL     =  -278153.7557  HBOND      =        0.0000
 1-4 VDW =      721.7249  1-4 EEL =     8935.1851  RESTRAINT  =       23.7828
 EAMBER  =  -187741.1751


   NSTEP       ENERGY          RMS            GMAX         NAME    NUMBER
   2700      -1.8771E+05     1.2478E+00     2.7452E+02     O       16864

 BOND    =    36241.9185  ANGLE   =      320.9574  DIHED      =      969.6094
 VDWAALS =    43223.1196  EEL     =  -278146.9671  HBOND      =        0.0000
 1-4 VDW =      721.7249  1-4 EEL =     8935.1850  RESTRAINT  =       23.7829
 EAMBER  =  -187734.4521


   NSTEP       ENERGY          RMS            GMAX         NAME    NUMBER
   2750      -1.8770E+05     1.2427E+00     2.7338E+02     O       16864

 BOND    =    36241.9706  ANGLE   =      320.9575  DIHED      =      969.6095
 VDWAALS =    43223.0051  EEL     =  -278140.2023  HBOND      =        0.0000
 1-4 VDW =      721.7249  1-4 EEL =     8935.1849  RESTRAINT  =       23.7829
 EAMBER  =  -187727.7496


   NSTEP       ENERGY          RMS            GMAX         NAME    NUMBER
   2800      -1.8770E+05     1.2375E+00     2.7222E+02     O       16864

 BOND    =    36242.0227  ANGLE   =      320.9575  DIHED      =      969.6095
 VDWAALS =    43222.8863  EEL     =  -278133.4669  HBOND      =        0.0000
 1-4 VDW =      721.7249  1-4 EEL =     8935.1849  RESTRAINT  =       23.7829
 EAMBER  =  -187721.0811


   NSTEP       ENERGY          RMS            GMAX         NAME    NUMBER
   2850      -1.8769E+05     1.2324E+00     2.7107E+02     O       16864

 BOND    =    36242.0748  ANGLE   =      320.9576  DIHED      =      969.6095
 VDWAALS =    43222.7685  EEL     =  -278126.7067  HBOND      =        0.0000
 1-4 VDW =      721.7249  1-4 EEL =     8935.1849  RESTRAINT  =       23.7830
 EAMBER  =  -187714.3865


   NSTEP       ENERGY          RMS            GMAX         NAME    NUMBER
   2900      -1.8768E+05     1.2272E+00     2.6993E+02     O       16864

 BOND    =    36242.1269  ANGLE   =      320.9576  DIHED      =      969.6095
 VDWAALS =    43222.6507  EEL     =  -278119.9843  HBOND      =        0.0000
 1-4 VDW =      721.7249  1-4 EEL =     8935.1848  RESTRAINT  =       23.7830
 EAMBER  =  -187707.7300


   NSTEP       ENERGY          RMS            GMAX         NAME    NUMBER
   2950      -1.8768E+05     1.2221E+00     2.6878E+02     O       16864

 BOND    =    36242.1790  ANGLE   =      320.9576  DIHED      =      969.6095
 VDWAALS =    43222.5325  EEL     =  -278113.2591  HBOND      =        0.0000
 1-4 VDW =      721.7248  1-4 EEL =     8935.1848  RESTRAINT  =       23.7831
 EAMBER  =  -187701.0708


   NSTEP       ENERGY          RMS            GMAX         NAME    NUMBER
   3000      -1.8767E+05     1.2169E+00     2.6763E+02     O       16864

 BOND    =    36242.2311  ANGLE   =      320.9577  DIHED      =      969.6094
 VDWAALS =    43222.4142  EEL     =  -278106.5212  HBOND      =        0.0000
 1-4 VDW =      721.7248  1-4 EEL =     8935.1847  RESTRAINT  =       23.7831
 EAMBER  =  -187694.3993


   NSTEP       ENERGY          RMS            GMAX         NAME    NUMBER
   3050      -1.8766E+05     1.2117E+00     2.6649E+02     O       16864

 BOND    =    36242.2831  ANGLE   =      320.9577  DIHED      =      969.6095
 VDWAALS =    43222.2971  EEL     =  -278099.8254  HBOND      =        0.0000
 1-4 VDW =      721.7248  1-4 EEL =     8935.1847  RESTRAINT  =       23.7832
 EAMBER  =  -187687.7685


   NSTEP       ENERGY          RMS            GMAX         NAME    NUMBER
   3100      -1.8766E+05     1.2066E+00     2.6533E+02     O       16864

 BOND    =    36242.3352  ANGLE   =      320.9578  DIHED      =      969.6095
 VDWAALS =    43222.1789  EEL     =  -278093.1056  HBOND      =        0.0000
 1-4 VDW =      721.7248  1-4 EEL =     8935.1846  RESTRAINT  =       23.7832
 EAMBER  =  -187681.1148


   NSTEP       ENERGY          RMS            GMAX         NAME    NUMBER
   3150      -1.8765E+05     1.2015E+00     2.6419E+02     O       16864

 BOND    =    36242.3873  ANGLE   =      320.9578  DIHED      =      969.6096
 VDWAALS =    43222.0621  EEL     =  -278086.4205  HBOND      =        0.0000
 1-4 VDW =      721.7248  1-4 EEL =     8935.1845  RESTRAINT  =       23.7833
 EAMBER  =  -187674.4946


   NSTEP       ENERGY          RMS            GMAX         NAME    NUMBER
   3200      -1.8764E+05     1.1963E+00     2.6305E+02     O       16864

 BOND    =    36242.4393  ANGLE   =      320.9578  DIHED      =      969.6096
 VDWAALS =    43221.9441  EEL     =  -278079.7440  HBOND      =        0.0000
 1-4 VDW =      721.7247  1-4 EEL =     8935.1844  RESTRAINT  =       23.7833
 EAMBER  =  -187667.8840


   NSTEP       ENERGY          RMS            GMAX         NAME    NUMBER
   3250      -1.8764E+05     1.1911E+00     2.6190E+02     O       16864

 BOND    =    36242.4914  ANGLE   =      320.9579  DIHED      =      969.6095
 VDWAALS =    43221.8264  EEL     =  -278073.0683  HBOND      =        0.0000
 1-4 VDW =      721.7247  1-4 EEL =     8935.1843  RESTRAINT  =       23.7833
 EAMBER  =  -187661.2741


   NSTEP       ENERGY          RMS            GMAX         NAME    NUMBER
   3300      -1.8763E+05     1.1860E+00     2.6075E+02     O       16864

 BOND    =    36242.5434  ANGLE   =      320.9579  DIHED      =      969.6096
 VDWAALS =    43221.7093  EEL     =  -278066.3867  HBOND      =        0.0000
 1-4 VDW =      721.7247  1-4 EEL =     8935.1843  RESTRAINT  =       23.7834
 EAMBER  =  -187654.6575


   NSTEP       ENERGY          RMS            GMAX         NAME    NUMBER
   3350      -1.8762E+05     1.1808E+00     2.5961E+02     O       16864

 BOND    =    36242.5955  ANGLE   =      320.9580  DIHED      =      969.6096
 VDWAALS =    43221.5912  EEL     =  -278059.7247  HBOND      =        0.0000
 1-4 VDW =      721.7247  1-4 EEL =     8935.1842  RESTRAINT  =       23.7834
 EAMBER  =  -187648.0616


   NSTEP       ENERGY          RMS            GMAX         NAME    NUMBER
   3400      -1.8762E+05     1.1757E+00     2.5846E+02     O       16864

 BOND    =    36242.6475  ANGLE   =      320.9580  DIHED      =      969.6096
 VDWAALS =    43221.4737  EEL     =  -278053.0652  HBOND      =        0.0000
 1-4 VDW =      721.7246  1-4 EEL =     8935.1841  RESTRAINT  =       23.7835
 EAMBER  =  -187641.4676


   NSTEP       ENERGY          RMS            GMAX         NAME    NUMBER
   3450      -1.8761E+05     1.1706E+00     2.5732E+02     O       16864

 BOND    =    36242.6996  ANGLE   =      320.9581  DIHED      =      969.6096
 VDWAALS =    43221.3567  EEL     =  -278046.4280  HBOND      =        0.0000
 1-4 VDW =      721.7246  1-4 EEL =     8935.1841  RESTRAINT  =       23.7835
 EAMBER  =  -187634.8953


   NSTEP       ENERGY          RMS            GMAX         NAME    NUMBER
   3500      -1.8760E+05     1.1654E+00     2.5617E+02     O       16864

 BOND    =    36242.7516  ANGLE   =      320.9581  DIHED      =      969.6096
 VDWAALS =    43221.2392  EEL     =  -278039.7889  HBOND      =        0.0000
 1-4 VDW =      721.7246  1-4 EEL =     8935.1840  RESTRAINT  =       23.7836
 EAMBER  =  -187628.3219


   NSTEP       ENERGY          RMS            GMAX         NAME    NUMBER
   3550      -1.8760E+05     1.1603E+00     2.5503E+02     O       16864

 BOND    =    36242.8036  ANGLE   =      320.9581  DIHED      =      969.6096
 VDWAALS =    43221.1223  EEL     =  -278033.1625  HBOND      =        0.0000
 1-4 VDW =      721.7246  1-4 EEL =     8935.1840  RESTRAINT  =       23.7836
 EAMBER  =  -187621.7603


   NSTEP       ENERGY          RMS            GMAX         NAME    NUMBER
   3600      -1.8759E+05     1.1552E+00     2.5389E+02     O       16864

 BOND    =    36242.8557  ANGLE   =      320.9582  DIHED      =      969.6095
 VDWAALS =    43221.0049  EEL     =  -278026.5560  HBOND      =        0.0000
 1-4 VDW =      721.7245  1-4 EEL =     8935.1839  RESTRAINT  =       23.7837
 EAMBER  =  -187615.2193


   NSTEP       ENERGY          RMS            GMAX         NAME    NUMBER
   3650      -1.8758E+05     1.1500E+00     2.5274E+02     O       16864

 BOND    =    36242.9077  ANGLE   =      320.9582  DIHED      =      969.6095
 VDWAALS =    43220.8873  EEL     =  -278019.9164  HBOND      =        0.0000
 1-4 VDW =      721.7245  1-4 EEL =     8935.1838  RESTRAINT  =       23.7837
 EAMBER  =  -187608.6454


   NSTEP       ENERGY          RMS            GMAX         NAME    NUMBER
   3700      -1.8758E+05     1.1449E+00     2.5160E+02     O       16864

 BOND    =    36242.9597  ANGLE   =      320.9583  DIHED      =      969.6095
 VDWAALS =    43220.7706  EEL     =  -278013.3053  HBOND      =        0.0000
 1-4 VDW =      721.7245  1-4 EEL =     8935.1838  RESTRAINT  =       23.7837
 EAMBER  =  -187602.0989


   NSTEP       ENERGY          RMS            GMAX         NAME    NUMBER
   3750      -1.8757E+05     1.1398E+00     2.5046E+02     O       16864

 BOND    =    36243.0117  ANGLE   =      320.9583  DIHED      =      969.6095
 VDWAALS =    43220.6534  EEL     =  -278006.7332  HBOND      =        0.0000
 1-4 VDW =      721.7245  1-4 EEL =     8935.1838  RESTRAINT  =       23.7838
 EAMBER  =  -187595.5921


   NSTEP       ENERGY          RMS            GMAX         NAME    NUMBER
   3800      -1.8757E+05     1.1346E+00     2.4931E+02     O       16864

 BOND    =    36243.0637  ANGLE   =      320.9583  DIHED      =      969.6095
 VDWAALS =    43220.5362  EEL     =  -278000.1271  HBOND      =        0.0000
 1-4 VDW =      721.7244  1-4 EEL =     8935.1837  RESTRAINT  =       23.7838
 EAMBER  =  -187589.0512


   NSTEP       ENERGY          RMS            GMAX         NAME    NUMBER
   3850      -1.8756E+05     1.1295E+00     2.4818E+02     O       16864

 BOND    =    36243.1157  ANGLE   =      320.9584  DIHED      =      969.6095
 VDWAALS =    43220.4198  EEL     =  -277993.5600  HBOND      =        0.0000
 1-4 VDW =      721.7244  1-4 EEL =     8935.1836  RESTRAINT  =       23.7839
 EAMBER  =  -187582.5485


   NSTEP       ENERGY          RMS            GMAX         NAME    NUMBER
   3900      -1.8755E+05     1.1244E+00     2.4703E+02     O       16864

 BOND    =    36243.1677  ANGLE   =      320.9584  DIHED      =      969.6095
 VDWAALS =    43220.3025  EEL     =  -277986.9902  HBOND      =        0.0000
 1-4 VDW =      721.7244  1-4 EEL =     8935.1836  RESTRAINT  =       23.7839
 EAMBER  =  -187576.0441


   NSTEP       ENERGY          RMS            GMAX         NAME    NUMBER
   3950      -1.8755E+05     1.1192E+00     2.4589E+02     O       16864

 BOND    =    36243.2197  ANGLE   =      320.9585  DIHED      =      969.6095
 VDWAALS =    43220.1855  EEL     =  -277980.4322  HBOND      =        0.0000
 1-4 VDW =      721.7243  1-4 EEL =     8935.1835  RESTRAINT  =       23.7840
 EAMBER  =  -187569.5512


   NSTEP       ENERGY          RMS            GMAX         NAME    NUMBER
   4000      -1.8754E+05     1.1141E+00     2.4476E+02     O       16864

 BOND    =    36243.2717  ANGLE   =      320.9585  DIHED      =      969.6095
 VDWAALS =    43220.0698  EEL     =  -277973.8631  HBOND      =        0.0000
 1-4 VDW =      721.7243  1-4 EEL =     8935.1834  RESTRAINT  =       23.7840
 EAMBER  =  -187563.0458


   NSTEP       ENERGY          RMS            GMAX         NAME    NUMBER
   4050      -1.8753E+05     1.1090E+00     2.4362E+02     O       16864

 BOND    =    36243.3236  ANGLE   =      320.9586  DIHED      =      969.6095
 VDWAALS =    43219.9530  EEL     =  -277967.3386  HBOND      =        0.0000
 1-4 VDW =      721.7243  1-4 EEL =     8935.1833  RESTRAINT  =       23.7841
 EAMBER  =  -187556.5862


   NSTEP       ENERGY          RMS            GMAX         NAME    NUMBER
   4100      -1.8753E+05     1.1039E+00     2.4247E+02     O       16864

 BOND    =    36243.3756  ANGLE   =      320.9586  DIHED      =      969.6096
 VDWAALS =    43219.8355  EEL     =  -277960.7888  HBOND      =        0.0000
 1-4 VDW =      721.7243  1-4 EEL =     8935.1832  RESTRAINT  =       23.7841
 EAMBER  =  -187550.1020


   NSTEP       ENERGY          RMS            GMAX         NAME    NUMBER
   4150      -1.8752E+05     1.0988E+00     2.4133E+02     O       16864

 BOND    =    36243.4276  ANGLE   =      320.9587  DIHED      =      969.6096
 VDWAALS =    43219.7195  EEL     =  -277954.2636  HBOND      =        0.0000
 1-4 VDW =      721.7243  1-4 EEL =     8935.1831  RESTRAINT  =       23.7842
 EAMBER  =  -187543.6409


   NSTEP       ENERGY          RMS            GMAX         NAME    NUMBER
   4200      -1.8751E+05     1.0936E+00     2.4020E+02     O       16864

 BOND    =    36243.4796  ANGLE   =      320.9587  DIHED      =      969.6095
 VDWAALS =    43219.6027  EEL     =  -277947.7529  HBOND      =        0.0000
 1-4 VDW =      721.7243  1-4 EEL =     8935.1831  RESTRAINT  =       23.7842
 EAMBER  =  -187537.1951


   NSTEP       ENERGY          RMS            GMAX         NAME    NUMBER
   4250      -1.8751E+05     1.0886E+00     2.3906E+02     O       16864

 BOND    =    36243.5315  ANGLE   =      320.9587  DIHED      =      969.6097
 VDWAALS =    43219.4867  EEL     =  -277941.2504  HBOND      =        0.0000
 1-4 VDW =      721.7242  1-4 EEL =     8935.1830  RESTRAINT  =       23.7842
 EAMBER  =  -187530.7566


   NSTEP       ENERGY          RMS            GMAX         NAME    NUMBER
   4300      -1.8750E+05     1.0834E+00     2.3792E+02     O       16864

 BOND    =    36243.5835  ANGLE   =      320.9588  DIHED      =      969.6096
 VDWAALS =    43219.3703  EEL     =  -277934.7399  HBOND      =        0.0000
 1-4 VDW =      721.7242  1-4 EEL =     8935.1829  RESTRAINT  =       23.7843
 EAMBER  =  -187524.3107


   NSTEP       ENERGY          RMS            GMAX         NAME    NUMBER
   4350      -1.8749E+05     1.0783E+00     2.3678E+02     O       16864

 BOND    =    36243.6354  ANGLE   =      320.9588  DIHED      =      969.6096
 VDWAALS =    43219.2536  EEL     =  -277928.2319  HBOND      =        0.0000
 1-4 VDW =      721.7241  1-4 EEL =     8935.1828  RESTRAINT  =       23.7843
 EAMBER  =  -187517.8675


   NSTEP       ENERGY          RMS            GMAX         NAME    NUMBER
   4400      -1.8749E+05     1.0732E+00     2.3565E+02     O       16864

 BOND    =    36243.6874  ANGLE   =      320.9589  DIHED      =      969.6096
 VDWAALS =    43219.1379  EEL     =  -277921.7476  HBOND      =        0.0000
 1-4 VDW =      721.7241  1-4 EEL =     8935.1828  RESTRAINT  =       23.7844
 EAMBER  =  -187511.4468


   NSTEP       ENERGY          RMS            GMAX         NAME    NUMBER
   4450      -1.8748E+05     1.0681E+00     2.3451E+02     O       16864

 BOND    =    36243.7393  ANGLE   =      320.9589  DIHED      =      969.6096
 VDWAALS =    43219.0213  EEL     =  -277915.2796  HBOND      =        0.0000
 1-4 VDW =      721.7241  1-4 EEL =     8935.1828  RESTRAINT  =       23.7844
 EAMBER  =  -187505.0436


   NSTEP       ENERGY          RMS            GMAX         NAME    NUMBER
   4500      -1.8747E+05     1.0630E+00     2.3337E+02     O       16864

 BOND    =    36243.7912  ANGLE   =      320.9590  DIHED      =      969.6096
 VDWAALS =    43218.9051  EEL     =  -277908.7893  HBOND      =        0.0000
 1-4 VDW =      721.7241  1-4 EEL =     8935.1827  RESTRAINT  =       23.7845
 EAMBER  =  -187498.6176


   NSTEP       ENERGY          RMS            GMAX         NAME    NUMBER
   4550      -1.8747E+05     1.0579E+00     2.3224E+02     O       16864

 BOND    =    36243.8431  ANGLE   =      320.9590  DIHED      =      969.6096
 VDWAALS =    43218.7895  EEL     =  -277902.3301  HBOND      =        0.0000
 1-4 VDW =      721.7240  1-4 EEL =     8935.1826  RESTRAINT  =       23.7845
 EAMBER  =  -187492.2222


   NSTEP       ENERGY          RMS            GMAX         NAME    NUMBER
   4600      -1.8746E+05     1.0528E+00     2.3110E+02     O       16864

 BOND    =    36243.8951  ANGLE   =      320.9591  DIHED      =      969.6096
 VDWAALS =    43218.6702  EEL     =  -277895.8761  HBOND      =        0.0000
 1-4 VDW =      721.7240  1-4 EEL =     8935.1825  RESTRAINT  =       23.7846
 EAMBER  =  -187485.8357


   NSTEP       ENERGY          RMS            GMAX         NAME    NUMBER
   4650      -1.8746E+05     1.0477E+00     2.2997E+02     O       16864

 BOND    =    36243.9470  ANGLE   =      320.9591  DIHED      =      969.6096
 VDWAALS =    43218.5537  EEL     =  -277889.4285  HBOND      =        0.0000
 1-4 VDW =      721.7240  1-4 EEL =     8935.1824  RESTRAINT  =       23.7846
 EAMBER  =  -187479.4526


   NSTEP       ENERGY          RMS            GMAX         NAME    NUMBER
   4700      -1.8745E+05     1.0426E+00     2.2883E+02     O       16864

 BOND    =    36243.9989  ANGLE   =      320.9591  DIHED      =      969.6096
 VDWAALS =    43218.4376  EEL     =  -277882.9727  HBOND      =        0.0000
 1-4 VDW =      721.7240  1-4 EEL =     8935.1824  RESTRAINT  =       23.7847
 EAMBER  =  -187473.0611


   NSTEP       ENERGY          RMS            GMAX         NAME    NUMBER
   4750      -1.8744E+05     1.0375E+00     2.2770E+02     O       16864

 BOND    =    36244.0508  ANGLE   =      320.9592  DIHED      =      969.6098
 VDWAALS =    43218.3217  EEL     =  -277876.5439  HBOND      =        0.0000
 1-4 VDW =      721.7239  1-4 EEL =     8935.1823  RESTRAINT  =       23.7847
 EAMBER  =  -187466.6962


   NSTEP       ENERGY          RMS            GMAX         NAME    NUMBER
   4800      -1.8744E+05     1.0324E+00     2.2656E+02     O       16864

 BOND    =    36244.1027  ANGLE   =      320.9592  DIHED      =      969.6097
 VDWAALS =    43218.2063  EEL     =  -277870.1263  HBOND      =        0.0000
 1-4 VDW =      721.7239  1-4 EEL =     8935.1822  RESTRAINT  =       23.7848
 EAMBER  =  -187460.3423


   NSTEP       ENERGY          RMS            GMAX         NAME    NUMBER
   4850      -1.8743E+05     1.0273E+00     2.2543E+02     O       16864

 BOND    =    36244.1546  ANGLE   =      320.9593  DIHED      =      969.6097
 VDWAALS =    43218.0907  EEL     =  -277863.7007  HBOND      =        0.0000
 1-4 VDW =      721.7239  1-4 EEL =     8935.1821  RESTRAINT  =       23.7848
 EAMBER  =  -187453.9803


   NSTEP       ENERGY          RMS            GMAX         NAME    NUMBER
   4900      -1.8742E+05     1.0222E+00     2.2429E+02     O       16864

 BOND    =    36244.2065  ANGLE   =      320.9593  DIHED      =      969.6097
 VDWAALS =    43217.9744  EEL     =  -277857.2882  HBOND      =        0.0000
 1-4 VDW =      721.7239  1-4 EEL =     8935.1821  RESTRAINT  =       23.7849
 EAMBER  =  -187447.6323


   NSTEP       ENERGY          RMS            GMAX         NAME    NUMBER
   4950      -1.8742E+05     1.0171E+00     2.2316E+02     O       16864

 BOND    =    36244.2584  ANGLE   =      320.9594  DIHED      =      969.6096
 VDWAALS =    43217.8592  EEL     =  -277850.9061  HBOND      =        0.0000
 1-4 VDW =      721.7238  1-4 EEL =     8935.1820  RESTRAINT  =       23.7849
 EAMBER  =  -187441.3137


   NSTEP       ENERGY          RMS            GMAX         NAME    NUMBER
   5000      -1.8741E+05     1.0120E+00     2.2203E+02     O       16864

 BOND    =    36244.3102  ANGLE   =      320.9594  DIHED      =      969.6097
 VDWAALS =    43217.7429  EEL     =  -277844.5131  HBOND      =        0.0000
 1-4 VDW =      721.7238  1-4 EEL =     8935.1819  RESTRAINT  =       23.7849
 EAMBER  =  -187434.9851


   NSTEP       ENERGY          RMS            GMAX         NAME    NUMBER
   5050      -1.8740E+05     1.0069E+00     2.2089E+02     O       16864

 BOND    =    36244.3621  ANGLE   =      320.9595  DIHED      =      969.6098
 VDWAALS =    43217.6275  EEL     =  -277838.1119  HBOND      =        0.0000
 1-4 VDW =      721.7238  1-4 EEL =     8935.1818  RESTRAINT  =       23.7850
 EAMBER  =  -187428.6474


   NSTEP       ENERGY          RMS            GMAX         NAME    NUMBER
   5100      -1.8740E+05     1.0019E+00     2.1977E+02     O       16864

 BOND    =    36244.4140  ANGLE   =      320.9595  DIHED      =      969.6098
 VDWAALS =    43217.5128  EEL     =  -277831.7475  HBOND      =        0.0000
 1-4 VDW =      721.7238  1-4 EEL =     8935.1818  RESTRAINT  =       23.7850
 EAMBER  =  -187422.3460


   NSTEP       ENERGY          RMS            GMAX         NAME    NUMBER
   5150      -1.8739E+05     9.9679E-01     2.1864E+02     O       16864

 BOND    =    36244.4658  ANGLE   =      320.9596  DIHED      =      969.6097
 VDWAALS =    43217.3971  EEL     =  -277825.3789  HBOND      =        0.0000
 1-4 VDW =      721.7238  1-4 EEL =     8935.1817  RESTRAINT  =       23.7851
 EAMBER  =  -187416.0412


   NSTEP       ENERGY          RMS            GMAX         NAME    NUMBER
   5200      -1.8739E+05     9.9171E-01     2.1751E+02     O       16864

 BOND    =    36244.5177  ANGLE   =      320.9596  DIHED      =      969.6099
 VDWAALS =    43217.2822  EEL     =  -277819.0133  HBOND      =        0.0000
 1-4 VDW =      721.7237  1-4 EEL =     8935.1816  RESTRAINT  =       23.7851
 EAMBER  =  -187409.7386


   NSTEP       ENERGY          RMS            GMAX         NAME    NUMBER
   5250      -1.8738E+05     9.8662E-01     2.1637E+02     O       16864

 BOND    =    36244.5695  ANGLE   =      320.9597  DIHED      =      969.6097
 VDWAALS =    43217.1664  EEL     =  -277812.6704  HBOND      =        0.0000
 1-4 VDW =      721.7237  1-4 EEL =     8935.1816  RESTRAINT  =       23.7852
 EAMBER  =  -187403.4599


   NSTEP       ENERGY          RMS            GMAX         NAME    NUMBER
   5300      -1.8737E+05     9.8152E-01     2.1524E+02     O       16864

 BOND    =    36244.6213  ANGLE   =      320.9597  DIHED      =      969.6096
 VDWAALS =    43217.0510  EEL     =  -277806.3047  HBOND      =        0.0000
 1-4 VDW =      721.7237  1-4 EEL =     8935.1815  RESTRAINT  =       23.7852
 EAMBER  =  -187397.1578


   NSTEP       ENERGY          RMS            GMAX         NAME    NUMBER
   5350      -1.8737E+05     9.7647E-01     2.1411E+02     O       16864

 BOND    =    36244.6732  ANGLE   =      320.9598  DIHED      =      969.6097
 VDWAALS =    43216.9362  EEL     =  -277799.9922  HBOND      =        0.0000
 1-4 VDW =      721.7236  1-4 EEL =     8935.1814  RESTRAINT  =       23.7853
 EAMBER  =  -187390.9083


   NSTEP       ENERGY          RMS            GMAX         NAME    NUMBER
   5400      -1.8736E+05     9.7140E-01     2.1299E+02     O       16864

 BOND    =    36244.7250  ANGLE   =      320.9598  DIHED      =      969.6097
 VDWAALS =    43216.8212  EEL     =  -277793.6638  HBOND      =        0.0000
 1-4 VDW =      721.7236  1-4 EEL =     8935.1814  RESTRAINT  =       23.7853
 EAMBER  =  -187384.6430


   NSTEP       ENERGY          RMS            GMAX         NAME    NUMBER
   5450      -1.8735E+05     9.6630E-01     2.1185E+02     O       16864

 BOND    =    36244.7768  ANGLE   =      320.9599  DIHED      =      969.6098
 VDWAALS =    43216.7057  EEL     =  -277787.3220  HBOND      =        0.0000
 1-4 VDW =      721.7236  1-4 EEL =     8935.1813  RESTRAINT  =       23.7854
 EAMBER  =  -187378.3650


   NSTEP       ENERGY          RMS            GMAX         NAME    NUMBER
   5500      -1.8735E+05     9.6123E-01     2.1072E+02     O       16864

 BOND    =    36244.8286  ANGLE   =      320.9599  DIHED      =      969.6098
 VDWAALS =    43216.5908  EEL     =  -277781.0082  HBOND      =        0.0000
 1-4 VDW =      721.7235  1-4 EEL =     8935.1812  RESTRAINT  =       23.7854
 EAMBER  =  -187372.1143


   NSTEP       ENERGY          RMS            GMAX         NAME    NUMBER
   5550      -1.8734E+05     9.5617E-01     2.0960E+02     O       16864

 BOND    =    36244.8804  ANGLE   =      320.9600  DIHED      =      969.6099
 VDWAALS =    43216.4761  EEL     =  -277774.6928  HBOND      =        0.0000
 1-4 VDW =      721.7235  1-4 EEL =     8935.1812  RESTRAINT  =       23.7855
 EAMBER  =  -187365.8617


   NSTEP       ENERGY          RMS            GMAX         NAME    NUMBER
   5600      -1.8734E+05     9.5110E-01     2.0847E+02     O       16864

 BOND    =    36244.9322  ANGLE   =      320.9600  DIHED      =      969.6099
 VDWAALS =    43216.3610  EEL     =  -277768.3950  HBOND      =        0.0000
 1-4 VDW =      721.7235  1-4 EEL =     8935.1811  RESTRAINT  =       23.7855
 EAMBER  =  -187359.6273


   NSTEP       ENERGY          RMS            GMAX         NAME    NUMBER
   5650      -1.8733E+05     9.4604E-01     2.0734E+02     O       16864

 BOND    =    36244.9840  ANGLE   =      320.9601  DIHED      =      969.6098
 VDWAALS =    43216.2462  EEL     =  -277762.1116  HBOND      =        0.0000
 1-4 VDW =      721.7234  1-4 EEL =     8935.1809  RESTRAINT  =       23.7856
 EAMBER  =  -187353.4071


   NSTEP       ENERGY          RMS            GMAX         NAME    NUMBER
   5700      -1.8732E+05     9.4097E-01     2.0622E+02     O       16864

 BOND    =    36245.0358  ANGLE   =      320.9601  DIHED      =      969.6098
 VDWAALS =    43216.1315  EEL     =  -277755.8226  HBOND      =        0.0000
 1-4 VDW =      721.7234  1-4 EEL =     8935.1808  RESTRAINT  =       23.7856
 EAMBER  =  -187347.1811


   NSTEP       ENERGY          RMS            GMAX         NAME    NUMBER
   5750      -1.8732E+05     9.3591E-01     2.0509E+02     O       16864

 BOND    =    36245.0876  ANGLE   =      320.9602  DIHED      =      969.6098
 VDWAALS =    43216.0166  EEL     =  -277749.5499  HBOND      =        0.0000
 1-4 VDW =      721.7234  1-4 EEL =     8935.1807  RESTRAINT  =       23.7857
 EAMBER  =  -187340.9716


   NSTEP       ENERGY          RMS            GMAX         NAME    NUMBER
   5800      -1.8731E+05     9.3084E-01     2.0396E+02     O       16864

 BOND    =    36245.1394  ANGLE   =      320.9602  DIHED      =      969.6099
 VDWAALS =    43215.9017  EEL     =  -277743.2892  HBOND      =        0.0000
 1-4 VDW =      721.7233  1-4 EEL =     8935.1806  RESTRAINT  =       23.7857
 EAMBER  =  -187334.7740


   NSTEP       ENERGY          RMS            GMAX         NAME    NUMBER
   5850      -1.8730E+05     9.2579E-01     2.0284E+02     O       16864

 BOND    =    36245.1911  ANGLE   =      320.9603  DIHED      =      969.6099
 VDWAALS =    43215.7876  EEL     =  -277737.0152  HBOND      =        0.0000
 1-4 VDW =      721.7233  1-4 EEL =     8935.1805  RESTRAINT  =       23.7858
 EAMBER  =  -187328.5625


   NSTEP       ENERGY          RMS            GMAX         NAME    NUMBER
   5900      -1.8730E+05     9.2073E-01     2.0171E+02     O       16864

 BOND    =    36245.2429  ANGLE   =      320.9603  DIHED      =      969.6098
 VDWAALS =    43215.6728  EEL     =  -277730.7712  HBOND      =        0.0000
 1-4 VDW =      721.7233  1-4 EEL =     8935.1804  RESTRAINT  =       23.7858
 EAMBER  =  -187322.3816


   NSTEP       ENERGY          RMS            GMAX         NAME    NUMBER
   5950      -1.8729E+05     9.1567E-01     2.0058E+02     O       16864

 BOND    =    36245.2946  ANGLE   =      320.9604  DIHED      =      969.6098
 VDWAALS =    43215.5580  EEL     =  -277724.5381  HBOND      =        0.0000
 1-4 VDW =      721.7232  1-4 EEL =     8935.1804  RESTRAINT  =       23.7859
 EAMBER  =  -187316.2117


   NSTEP       ENERGY          RMS            GMAX         NAME    NUMBER
   6000      -1.8729E+05     9.1062E-01     1.9946E+02     O       16864

 BOND    =    36245.3464  ANGLE   =      320.9604  DIHED      =      969.6099
 VDWAALS =    43215.4440  EEL     =  -277718.2827  HBOND      =        0.0000
 1-4 VDW =      721.7232  1-4 EEL =     8935.1803  RESTRAINT  =       23.7859
 EAMBER  =  -187310.0185


   NSTEP       ENERGY          RMS            GMAX         NAME    NUMBER
   6050      -1.8728E+05     9.0557E-01     1.9833E+02     O       16864

 BOND    =    36245.3981  ANGLE   =      320.9605  DIHED      =      969.6099
 VDWAALS =    43215.3294  EEL     =  -277712.0609  HBOND      =        0.0000
 1-4 VDW =      721.7232  1-4 EEL =     8935.1802  RESTRAINT  =       23.7860
 EAMBER  =  -187303.8596


   NSTEP       ENERGY          RMS            GMAX         NAME    NUMBER
   6100      -1.8727E+05     9.0051E-01     1.9721E+02     O       16864

 BOND    =    36245.4498  ANGLE   =      320.9605  DIHED      =      969.6098
 VDWAALS =    43215.2150  EEL     =  -277705.8378  HBOND      =        0.0000
 1-4 VDW =      721.7232  1-4 EEL =     8935.1801  RESTRAINT  =       23.7860
 EAMBER  =  -187297.6994


   NSTEP       ENERGY          RMS            GMAX         NAME    NUMBER
   6150      -1.8727E+05     8.9547E-01     1.9609E+02     O       16864

 BOND    =    36245.5016  ANGLE   =      320.9606  DIHED      =      969.6098
 VDWAALS =    43215.1010  EEL     =  -277699.6131  HBOND      =        0.0000
 1-4 VDW =      721.7231  1-4 EEL =     8935.1801  RESTRAINT  =       23.7861
 EAMBER  =  -187291.5370


   NSTEP       ENERGY          RMS            GMAX         NAME    NUMBER
   6200      -1.8726E+05     8.9044E-01     1.9497E+02     O       16864

 BOND    =    36245.5533  ANGLE   =      320.9607  DIHED      =      969.6099
 VDWAALS =    43214.9871  EEL     =  -277693.4298  HBOND      =        0.0000
 1-4 VDW =      721.7231  1-4 EEL =     8935.1800  RESTRAINT  =       23.7861
 EAMBER  =  -187285.4159


   NSTEP       ENERGY          RMS            GMAX         NAME    NUMBER
   6250      -1.8726E+05     8.8537E-01     1.9384E+02     O       16864

 BOND    =    36245.6050  ANGLE   =      320.9607  DIHED      =      969.6099
 VDWAALS =    43214.8726  EEL     =  -277687.2170  HBOND      =        0.0000
 1-4 VDW =      721.7231  1-4 EEL =     8935.1799  RESTRAINT  =       23.7861
 EAMBER  =  -187279.2659


   NSTEP       ENERGY          RMS            GMAX         NAME    NUMBER
   6300      -1.8725E+05     8.8033E-01     1.9272E+02     O       16864

 BOND    =    36245.6567  ANGLE   =      320.9608  DIHED      =      969.6100
 VDWAALS =    43214.7586  EEL     =  -277681.0377  HBOND      =        0.0000
 1-4 VDW =      721.7231  1-4 EEL =     8935.1798  RESTRAINT  =       23.7862
 EAMBER  =  -187273.1488


   NSTEP       ENERGY          RMS            GMAX         NAME    NUMBER
   6350      -1.8724E+05     8.7531E-01     1.9160E+02     O       16864

 BOND    =    36245.7084  ANGLE   =      320.9608  DIHED      =      969.6100
 VDWAALS =    43214.6448  EEL     =  -277674.8668  HBOND      =        0.0000
 1-4 VDW =      721.7230  1-4 EEL =     8935.1797  RESTRAINT  =       23.7862
 EAMBER  =  -187267.0401


   NSTEP       ENERGY          RMS            GMAX         NAME    NUMBER
   6400      -1.8724E+05     8.7027E-01     1.9048E+02     O       16864

 BOND    =    36245.7600  ANGLE   =      320.9609  DIHED      =      969.6100
 VDWAALS =    43214.5312  EEL     =  -277668.6796  HBOND      =        0.0000
 1-4 VDW =      721.7230  1-4 EEL =     8935.1796  RESTRAINT  =       23.7863
 EAMBER  =  -187260.9149


   NSTEP       ENERGY          RMS            GMAX         NAME    NUMBER
   6450      -1.8723E+05     8.6521E-01     1.8935E+02     O       16864

 BOND    =    36245.8117  ANGLE   =      320.9609  DIHED      =      969.6100
 VDWAALS =    43214.4161  EEL     =  -277662.5179  HBOND      =        0.0000
 1-4 VDW =      721.7230  1-4 EEL =     8935.1796  RESTRAINT  =       23.7863
 EAMBER  =  -187254.8166


   NSTEP       ENERGY          RMS            GMAX         NAME    NUMBER
   6500      -1.8722E+05     8.6019E-01     1.8823E+02     O       16864

 BOND    =    36245.8634  ANGLE   =      320.9610  DIHED      =      969.6099
 VDWAALS =    43214.3029  EEL     =  -277656.3574  HBOND      =        0.0000
 1-4 VDW =      721.7229  1-4 EEL =     8935.1795  RESTRAINT  =       23.7864
 EAMBER  =  -187248.7178


   NSTEP       ENERGY          RMS            GMAX         NAME    NUMBER
   6550      -1.8722E+05     8.5514E-01     1.8711E+02     O       16864

 BOND    =    36245.9150  ANGLE   =      320.9610  DIHED      =      969.6100
 VDWAALS =    43214.1888  EEL     =  -277650.1971  HBOND      =        0.0000
 1-4 VDW =      721.7229  1-4 EEL =     8935.1793  RESTRAINT  =       23.7864
 EAMBER  =  -187242.6200


   NSTEP       ENERGY          RMS            GMAX         NAME    NUMBER
   6600      -1.8721E+05     8.5012E-01     1.8599E+02     O       16864

 BOND    =    36245.9667  ANGLE   =      320.9611  DIHED      =      969.6099
 VDWAALS =    43214.0753  EEL     =  -277644.0529  HBOND      =        0.0000
 1-4 VDW =      721.7229  1-4 EEL =     8935.1793  RESTRAINT  =       23.7865
 EAMBER  =  -187236.5379


   NSTEP       ENERGY          RMS            GMAX         NAME    NUMBER
   6650      -1.8721E+05     8.4510E-01     1.8487E+02     O       16864

 BOND    =    36246.0183  ANGLE   =      320.9612  DIHED      =      969.6099
 VDWAALS =    43213.9617  EEL     =  -277637.9396  HBOND      =        0.0000
 1-4 VDW =      721.7228  1-4 EEL =     8935.1792  RESTRAINT  =       23.7865
 EAMBER  =  -187230.4866

     .... RESTARTED DUE TO LINMIN FAILURE ...


   NSTEP       ENERGY          RMS            GMAX         NAME    NUMBER
   6700      -1.8720E+05     8.4007E-01     1.8375E+02     O       16864

 BOND    =    36246.0700  ANGLE   =      320.9612  DIHED      =      969.6100
 VDWAALS =    43213.8480  EEL     =  -277631.8009  HBOND      =        0.0000
 1-4 VDW =      721.7228  1-4 EEL =     8935.1791  RESTRAINT  =       23.7866
 EAMBER  =  -187224.4099


   NSTEP       ENERGY          RMS            GMAX         NAME    NUMBER
   6750      -1.8719E+05     8.3505E-01     1.8264E+02     O       16864

 BOND    =    36246.1216  ANGLE   =      320.9613  DIHED      =      969.6099
 VDWAALS =    43213.7346  EEL     =  -277625.6696  HBOND      =        0.0000
 1-4 VDW =      721.7228  1-4 EEL =     8935.1789  RESTRAINT  =       23.7866
 EAMBER  =  -187218.3404


   NSTEP       ENERGY          RMS            GMAX         NAME    NUMBER
   6800      -1.8719E+05     8.3001E-01     1.8152E+02     O       16864

 BOND    =    36246.1732  ANGLE   =      320.9613  DIHED      =      969.6100
 VDWAALS =    43213.6203  EEL     =  -277619.5481  HBOND      =        0.0000
 1-4 VDW =      721.7228  1-4 EEL =     8935.1789  RESTRAINT  =       23.7867
 EAMBER  =  -187212.2816


   NSTEP       ENERGY          RMS            GMAX         NAME    NUMBER
   6850      -1.8718E+05     8.2500E-01     1.8040E+02     O       16864

 BOND    =    36246.2248  ANGLE   =      320.9614  DIHED      =      969.6100
 VDWAALS =    43213.5071  EEL     =  -277613.4575  HBOND      =        0.0000
 1-4 VDW =      721.7227  1-4 EEL =     8935.1787  RESTRAINT  =       23.7867
 EAMBER  =  -187206.2527


   NSTEP       ENERGY          RMS            GMAX         NAME    NUMBER
   6900      -1.8718E+05     8.1998E-01     1.7928E+02     O       16864

 BOND    =    36246.2764  ANGLE   =      320.9614  DIHED      =      969.6100
 VDWAALS =    43213.3938  EEL     =  -277607.3681  HBOND      =        0.0000
 1-4 VDW =      721.7227  1-4 EEL =     8935.1786  RESTRAINT  =       23.7868
 EAMBER  =  -187200.2251


   NSTEP       ENERGY          RMS            GMAX         NAME    NUMBER
   6950      -1.8717E+05     8.1497E-01     1.7817E+02     O       16864

 BOND    =    36246.3280  ANGLE   =      320.9615  DIHED      =      969.6100
 VDWAALS =    43213.2809  EEL     =  -277601.2685  HBOND      =        0.0000
 1-4 VDW =      721.7226  1-4 EEL =     8935.1785  RESTRAINT  =       23.7868
 EAMBER  =  -187194.1870


   NSTEP       ENERGY          RMS            GMAX         NAME    NUMBER
   7000      -1.8716E+05     8.0995E-01     1.7705E+02     O       16864

 BOND    =    36246.3796  ANGLE   =      320.9616  DIHED      =      969.6100
 VDWAALS =    43213.1676  EEL     =  -277595.1795  HBOND      =        0.0000
 1-4 VDW =      721.7226  1-4 EEL =     8935.1784  RESTRAINT  =       23.7869
 EAMBER  =  -187188.1598


   NSTEP       ENERGY          RMS            GMAX         NAME    NUMBER
   7050      -1.8716E+05     8.0492E-01     1.7593E+02     O       16864

 BOND    =    36246.4311  ANGLE   =      320.9616  DIHED      =      969.6100
 VDWAALS =    43213.0538  EEL     =  -277589.0846  HBOND      =        0.0000
 1-4 VDW =      721.7226  1-4 EEL =     8935.1784  RESTRAINT  =       23.7869
 EAMBER  =  -187182.1270


   NSTEP       ENERGY          RMS            GMAX         NAME    NUMBER
   7100      -1.8715E+05     7.9993E-01     1.7482E+02     O       16864

 BOND    =    36246.4827  ANGLE   =      320.9617  DIHED      =      969.6099
 VDWAALS =    43212.9411  EEL     =  -277583.0287  HBOND      =        0.0000
 1-4 VDW =      721.7225  1-4 EEL =     8935.1784  RESTRAINT  =       23.7870
 EAMBER  =  -187176.1324


   NSTEP       ENERGY          RMS            GMAX         NAME    NUMBER
   7150      -1.8715E+05     7.9491E-01     1.7370E+02     O       16864

 BOND    =    36246.5343  ANGLE   =      320.9617  DIHED      =      969.6099
 VDWAALS =    43212.8282  EEL     =  -277576.9690  HBOND      =        0.0000
 1-4 VDW =      721.7225  1-4 EEL =     8935.1782  RESTRAINT  =       23.7870
 EAMBER  =  -187170.1341


   NSTEP       ENERGY          RMS            GMAX         NAME    NUMBER
   7200      -1.8714E+05     7.8991E-01     1.7259E+02     O       16864

 BOND    =    36246.5858  ANGLE   =      320.9618  DIHED      =      969.6100
 VDWAALS =    43212.7154  EEL     =  -277570.9150  HBOND      =        0.0000
 1-4 VDW =      721.7224  1-4 EEL =     8935.1782  RESTRAINT  =       23.7871
 EAMBER  =  -187164.1414


   NSTEP       ENERGY          RMS            GMAX         NAME    NUMBER
   7250      -1.8713E+05     7.8491E-01     1.7147E+02     O       16864

 BOND    =    36246.6373  ANGLE   =      320.9619  DIHED      =      969.6101
 VDWAALS =    43212.6023  EEL     =  -277564.8803  HBOND      =        0.0000
 1-4 VDW =      721.7224  1-4 EEL =     8935.1780  RESTRAINT  =       23.7871
 EAMBER  =  -187158.1682


   NSTEP       ENERGY          RMS            GMAX         NAME    NUMBER
   7300      -1.8713E+05     7.7989E-01     1.7036E+02     O       16864

 BOND    =    36246.6889  ANGLE   =      320.9619  DIHED      =      969.6101
 VDWAALS =    43212.4891  EEL     =  -277558.8249  HBOND      =        0.0000
 1-4 VDW =      721.7224  1-4 EEL =     8935.1779  RESTRAINT  =       23.7872
 EAMBER  =  -187152.1747


   NSTEP       ENERGY          RMS            GMAX         NAME    NUMBER
   7350      -1.8712E+05     7.7489E-01     1.6924E+02     O       16864

 BOND    =    36246.7404  ANGLE   =      320.9620  DIHED      =      969.6100
 VDWAALS =    43212.3763  EEL     =  -277552.7762  HBOND      =        0.0000
 1-4 VDW =      721.7224  1-4 EEL =     8935.1778  RESTRAINT  =       23.7872
 EAMBER  =  -187146.1874


   NSTEP       ENERGY          RMS            GMAX         NAME    NUMBER
   7400      -1.8712E+05     7.6989E-01     1.6813E+02     O       16864

 BOND    =    36246.7919  ANGLE   =      320.9620  DIHED      =      969.6101
 VDWAALS =    43212.2633  EEL     =  -277546.7751  HBOND      =        0.0000
 1-4 VDW =      721.7223  1-4 EEL =     8935.1777  RESTRAINT  =       23.7873
 EAMBER  =  -187140.2478


   NSTEP       ENERGY          RMS            GMAX         NAME    NUMBER
   7450      -1.8711E+05     7.6490E-01     1.6702E+02     O       16864

 BOND    =    36246.8434  ANGLE   =      320.9621  DIHED      =      969.6102
 VDWAALS =    43212.1512  EEL     =  -277540.7565  HBOND      =        0.0000
 1-4 VDW =      721.7223  1-4 EEL =     8935.1776  RESTRAINT  =       23.7874
 EAMBER  =  -187134.2898


   NSTEP       ENERGY          RMS            GMAX         NAME    NUMBER
   7500      -1.8710E+05     7.5990E-01     1.6590E+02     O       16864

 BOND    =    36246.8949  ANGLE   =      320.9622  DIHED      =      969.6101
 VDWAALS =    43212.0383  EEL     =  -277534.7330  HBOND      =        0.0000
 1-4 VDW =      721.7222  1-4 EEL =     8935.1776  RESTRAINT  =       23.7874
 EAMBER  =  -187128.3277


   NSTEP       ENERGY          RMS            GMAX         NAME    NUMBER
   7550      -1.8710E+05     7.5491E-01     1.6479E+02     O       16864

 BOND    =    36246.9463  ANGLE   =      320.9622  DIHED      =      969.6102
 VDWAALS =    43211.9257  EEL     =  -277528.7496  HBOND      =        0.0000
 1-4 VDW =      721.7222  1-4 EEL =     8935.1774  RESTRAINT  =       23.7875
 EAMBER  =  -187122.4055


   NSTEP       ENERGY          RMS            GMAX         NAME    NUMBER
   7600      -1.8709E+05     7.4993E-01     1.6368E+02     O       16864

 BOND    =    36246.9978  ANGLE   =      320.9623  DIHED      =      969.6102
 VDWAALS =    43211.8131  EEL     =  -277522.7590  HBOND      =        0.0000
 1-4 VDW =      721.7222  1-4 EEL =     8935.1773  RESTRAINT  =       23.7875
 EAMBER  =  -187116.4762


   NSTEP       ENERGY          RMS            GMAX         NAME    NUMBER
   7650      -1.8709E+05     7.4494E-01     1.6257E+02     O       16864

 BOND    =    36247.0492  ANGLE   =      320.9624  DIHED      =      969.6101
 VDWAALS =    43211.7011  EEL     =  -277516.7693  HBOND      =        0.0000
 1-4 VDW =      721.7221  1-4 EEL =     8935.1772  RESTRAINT  =       23.7876
 EAMBER  =  -187110.5470


   NSTEP       ENERGY          RMS            GMAX         NAME    NUMBER
   7700      -1.8708E+05     7.3997E-01     1.6146E+02     O       16864

 BOND    =    36247.1007  ANGLE   =      320.9624  DIHED      =      969.6101
 VDWAALS =    43211.5891  EEL     =  -277510.7924  HBOND      =        0.0000
 1-4 VDW =      721.7221  1-4 EEL =     8935.1771  RESTRAINT  =       23.7876
 EAMBER  =  -187104.6309


   NSTEP       ENERGY          RMS            GMAX         NAME    NUMBER
   7750      -1.8707E+05     7.3498E-01     1.6035E+02     O       16864

 BOND    =    36247.1521  ANGLE   =      320.9625  DIHED      =      969.6103
 VDWAALS =    43211.4765  EEL     =  -277504.8393  HBOND      =        0.0000
 1-4 VDW =      721.7221  1-4 EEL =     8935.1771  RESTRAINT  =       23.7877
 EAMBER  =  -187098.7388


   NSTEP       ENERGY          RMS            GMAX         NAME    NUMBER
   7800      -1.8707E+05     7.2999E-01     1.5924E+02     O       16864

 BOND    =    36247.2035  ANGLE   =      320.9626  DIHED      =      969.6103
 VDWAALS =    43211.3643  EEL     =  -277498.8460  HBOND      =        0.0000
 1-4 VDW =      721.7220  1-4 EEL =     8935.1769  RESTRAINT  =       23.7877
 EAMBER  =  -187092.8065


   NSTEP       ENERGY          RMS            GMAX         NAME    NUMBER
   7850      -1.8706E+05     7.2501E-01     1.5813E+02     O       16864

 BOND    =    36247.2549  ANGLE   =      320.9626  DIHED      =      969.6100
 VDWAALS =    43211.2519  EEL     =  -277492.9082  HBOND      =        0.0000
 1-4 VDW =      721.7220  1-4 EEL =     8935.1768  RESTRAINT  =       23.7878
 EAMBER  =  -187086.9299


   NSTEP       ENERGY          RMS            GMAX         NAME    NUMBER
   7900      -1.8706E+05     7.2004E-01     1.5703E+02     O       16864

 BOND    =    36247.3063  ANGLE   =      320.9627  DIHED      =      969.6102
 VDWAALS =    43211.1403  EEL     =  -277486.9454  HBOND      =        0.0000
 1-4 VDW =      721.7219  1-4 EEL =     8935.1767  RESTRAINT  =       23.7878
 EAMBER  =  -187081.0273


   NSTEP       ENERGY          RMS            GMAX         NAME    NUMBER
   7950      -1.8705E+05     7.1506E-01     1.5591E+02     O       16864

 BOND    =    36247.3577  ANGLE   =      320.9628  DIHED      =      969.6103
 VDWAALS =    43211.0274  EEL     =  -277481.0004  HBOND      =        0.0000
 1-4 VDW =      721.7219  1-4 EEL =     8935.1766  RESTRAINT  =       23.7879
 EAMBER  =  -187075.1437


   NSTEP       ENERGY          RMS            GMAX         NAME    NUMBER
   8000      -1.8705E+05     7.1009E-01     1.5481E+02     O       16864

 BOND    =    36247.4091  ANGLE   =      320.9628  DIHED      =      969.6102
 VDWAALS =    43210.9162  EEL     =  -277475.0564  HBOND      =        0.0000
 1-4 VDW =      721.7218  1-4 EEL =     8935.1765  RESTRAINT  =       23.7879
 EAMBER  =  -187069.2598


   NSTEP       ENERGY          RMS            GMAX         NAME    NUMBER
   8050      -1.8704E+05     7.0511E-01     1.5370E+02     O       16864

 BOND    =    36247.4604  ANGLE   =      320.9629  DIHED      =      969.6103
 VDWAALS =    43210.8037  EEL     =  -277469.1434  HBOND      =        0.0000
 1-4 VDW =      721.7218  1-4 EEL =     8935.1765  RESTRAINT  =       23.7880
 EAMBER  =  -187063.4078


   NSTEP       ENERGY          RMS            GMAX         NAME    NUMBER
   8100      -1.8703E+05     7.0015E-01     1.5259E+02     O       16864

 BOND    =    36247.5118  ANGLE   =      320.9630  DIHED      =      969.6102
 VDWAALS =    43210.6920  EEL     =  -277463.2093  HBOND      =        0.0000
 1-4 VDW =      721.7218  1-4 EEL =     8935.1763  RESTRAINT  =       23.7880
 EAMBER  =  -187057.5343


   NSTEP       ENERGY          RMS            GMAX         NAME    NUMBER
   8150      -1.8703E+05     6.9519E-01     1.5148E+02     O       16864

 BOND    =    36247.5631  ANGLE   =      320.9630  DIHED      =      969.6102
 VDWAALS =    43210.5801  EEL     =  -277457.3068  HBOND      =        0.0000
 1-4 VDW =      721.7217  1-4 EEL =     8935.1762  RESTRAINT  =       23.7881
 EAMBER  =  -187051.6924


   NSTEP       ENERGY          RMS            GMAX         NAME    NUMBER
   8200      -1.8702E+05     6.9022E-01     1.5038E+02     O       16864

 BOND    =    36247.6144  ANGLE   =      320.9631  DIHED      =      969.6102
 VDWAALS =    43210.4680  EEL     =  -277451.4088  HBOND      =        0.0000
 1-4 VDW =      721.7217  1-4 EEL =     8935.1761  RESTRAINT  =       23.7881
 EAMBER  =  -187045.8553


   NSTEP       ENERGY          RMS            GMAX         NAME    NUMBER
   8250      -1.8702E+05     6.8527E-01     1.4927E+02     O       16864

 BOND    =    36247.6657  ANGLE   =      320.9632  DIHED      =      969.6102
 VDWAALS =    43210.3572  EEL     =  -277445.4936  HBOND      =        0.0000
 1-4 VDW =      721.7217  1-4 EEL =     8935.1760  RESTRAINT  =       23.7882
 EAMBER  =  -187039.9996


   NSTEP       ENERGY          RMS            GMAX         NAME    NUMBER
   8300      -1.8701E+05     6.8031E-01     1.4817E+02     O       16864

 BOND    =    36247.7170  ANGLE   =      320.9632  DIHED      =      969.6102
 VDWAALS =    43210.2452  EEL     =  -277439.6206  HBOND      =        0.0000
 1-4 VDW =      721.7216  1-4 EEL =     8935.1759  RESTRAINT  =       23.7882
 EAMBER  =  -187034.1873


   NSTEP       ENERGY          RMS            GMAX         NAME    NUMBER
   8350      -1.8700E+05     6.7536E-01     1.4706E+02     O       16864

 BOND    =    36247.7683  ANGLE   =      320.9633  DIHED      =      969.6102
 VDWAALS =    43210.1332  EEL     =  -277433.7616  HBOND      =        0.0000
 1-4 VDW =      721.7216  1-4 EEL =     8935.1758  RESTRAINT  =       23.7883
 EAMBER  =  -187028.3892


   NSTEP       ENERGY          RMS            GMAX         NAME    NUMBER
   8400      -1.8700E+05     6.7040E-01     1.4596E+02     O       16864

 BOND    =    36247.8196  ANGLE   =      320.9634  DIHED      =      969.6103
 VDWAALS =    43210.0220  EEL     =  -277427.8549  HBOND      =        0.0000
 1-4 VDW =      721.7215  1-4 EEL =     8935.1756  RESTRAINT  =       23.7883
 EAMBER  =  -187022.5425


   NSTEP       ENERGY          RMS            GMAX         NAME    NUMBER
   8450      -1.8699E+05     6.6545E-01     1.4486E+02     O       16864

 BOND    =    36247.8708  ANGLE   =      320.9634  DIHED      =      969.6103
 VDWAALS =    43209.9106  EEL     =  -277421.9909  HBOND      =        0.0000
 1-4 VDW =      721.7215  1-4 EEL =     8935.1756  RESTRAINT  =       23.7884
 EAMBER  =  -187016.7387


   NSTEP       ENERGY          RMS            GMAX         NAME    NUMBER
   8500      -1.8699E+05     6.6051E-01     1.4375E+02     O       16864

 BOND    =    36247.9221  ANGLE   =      320.9635  DIHED      =      969.6102
 VDWAALS =    43209.7996  EEL     =  -277416.1276  HBOND      =        0.0000
 1-4 VDW =      721.7215  1-4 EEL =     8935.1755  RESTRAINT  =       23.7885
 EAMBER  =  -187010.9353


   NSTEP       ENERGY          RMS            GMAX         NAME    NUMBER
   8550      -1.8698E+05     6.5557E-01     1.4265E+02     O       16864

 BOND    =    36247.9733  ANGLE   =      320.9636  DIHED      =      969.6103
 VDWAALS =    43209.6885  EEL     =  -277410.2918  HBOND      =        0.0000
 1-4 VDW =      721.7214  1-4 EEL =     8935.1753  RESTRAINT  =       23.7885
 EAMBER  =  -187005.1594


   NSTEP       ENERGY          RMS            GMAX         NAME    NUMBER
   8600      -1.8698E+05     6.5062E-01     1.4155E+02     O       16864

 BOND    =    36248.0245  ANGLE   =      320.9637  DIHED      =      969.6102
 VDWAALS =    43209.5769  EEL     =  -277404.4349  HBOND      =        0.0000
 1-4 VDW =      721.7214  1-4 EEL =     8935.1752  RESTRAINT  =       23.7886
 EAMBER  =  -186999.3630


   NSTEP       ENERGY          RMS            GMAX         NAME    NUMBER
   8650      -1.8697E+05     6.4568E-01     1.4045E+02     O       16864

 BOND    =    36248.0757  ANGLE   =      320.9637  DIHED      =      969.6103
 VDWAALS =    43209.4659  EEL     =  -277398.5836  HBOND      =        0.0000
 1-4 VDW =      721.7213  1-4 EEL =     8935.1751  RESTRAINT  =       23.7886
 EAMBER  =  -186993.5717


   NSTEP       ENERGY          RMS            GMAX         NAME    NUMBER
   8700      -1.8696E+05     6.4075E-01     1.3935E+02     O       16864

 BOND    =    36248.1269  ANGLE   =      320.9638  DIHED      =      969.6103
 VDWAALS =    43209.3516  EEL     =  -277392.7805  HBOND      =        0.0000
 1-4 VDW =      721.7213  1-4 EEL =     8935.1749  RESTRAINT  =       23.7887
 EAMBER  =  -186987.8317


   NSTEP       ENERGY          RMS            GMAX         NAME    NUMBER
   8750      -1.8696E+05     6.3581E-01     1.3824E+02     O       16864

 BOND    =    36248.1781  ANGLE   =      320.9639  DIHED      =      969.6103
 VDWAALS =    43209.2406  EEL     =  -277386.9329  HBOND      =        0.0000
 1-4 VDW =      721.7212  1-4 EEL =     8935.1748  RESTRAINT  =       23.7887
 EAMBER  =  -186982.0441


   NSTEP       ENERGY          RMS            GMAX         NAME    NUMBER
   8800      -1.8695E+05     6.3088E-01     1.3714E+02     O       16864

 BOND    =    36248.2292  ANGLE   =      320.9640  DIHED      =      969.6103
 VDWAALS =    43209.1296  EEL     =  -277381.1332  HBOND      =        0.0000
 1-4 VDW =      721.7212  1-4 EEL =     8935.1747  RESTRAINT  =       23.7888
 EAMBER  =  -186976.3043


   NSTEP       ENERGY          RMS            GMAX         NAME    NUMBER
   8850      -1.8695E+05     6.2594E-01     1.3604E+02     O       16864

 BOND    =    36248.2803  ANGLE   =      320.9640  DIHED      =      969.6103
 VDWAALS =    43209.0189  EEL     =  -277375.3189  HBOND      =        0.0000
 1-4 VDW =      721.7211  1-4 EEL =     8935.1746  RESTRAINT  =       23.7888
 EAMBER  =  -186970.5495


   NSTEP       ENERGY          RMS            GMAX         NAME    NUMBER
   8900      -1.8694E+05     6.2104E-01     1.3495E+02     O       16864

 BOND    =    36248.3315  ANGLE   =      320.9641  DIHED      =      969.6104
 VDWAALS =    43208.9085  EEL     =  -277369.5329  HBOND      =        0.0000
 1-4 VDW =      721.7211  1-4 EEL =     8935.1745  RESTRAINT  =       23.7889
 EAMBER  =  -186964.8228


   NSTEP       ENERGY          RMS            GMAX         NAME    NUMBER
   8950      -1.8694E+05     6.1610E-01     1.3384E+02     O       16864

 BOND    =    36248.3826  ANGLE   =      320.9642  DIHED      =      969.6103
 VDWAALS =    43208.7974  EEL     =  -277363.7240  HBOND      =        0.0000
 1-4 VDW =      721.7211  1-4 EEL =     8935.1744  RESTRAINT  =       23.7889
 EAMBER  =  -186959.0740


   NSTEP       ENERGY          RMS            GMAX         NAME    NUMBER
   9000      -1.8693E+05     6.1118E-01     1.3275E+02     O       16864

 BOND    =    36248.4337  ANGLE   =      320.9643  DIHED      =      969.6103
 VDWAALS =    43208.6867  EEL     =  -277357.9306  HBOND      =        0.0000
 1-4 VDW =      721.7210  1-4 EEL =     8935.1742  RESTRAINT  =       23.7890
 EAMBER  =  -186953.3404


   NSTEP       ENERGY          RMS            GMAX         NAME    NUMBER
   9050      -1.8692E+05     6.0626E-01     1.3165E+02     O       16864

 BOND    =    36248.4847  ANGLE   =      320.9644  DIHED      =      969.6104
 VDWAALS =    43208.5760  EEL     =  -277352.1428  HBOND      =        0.0000
 1-4 VDW =      721.7210  1-4 EEL =     8935.1741  RESTRAINT  =       23.7890
 EAMBER  =  -186947.6124


   NSTEP       ENERGY          RMS            GMAX         NAME    NUMBER
   9100      -1.8692E+05     6.0136E-01     1.3055E+02     O       16864

 BOND    =    36248.5358  ANGLE   =      320.9644  DIHED      =      969.6104
 VDWAALS =    43208.4659  EEL     =  -277346.3905  HBOND      =        0.0000
 1-4 VDW =      721.7209  1-4 EEL =     8935.1739  RESTRAINT  =       23.7891
 EAMBER  =  -186941.9191


   NSTEP       ENERGY          RMS            GMAX         NAME    NUMBER
   9150      -1.8691E+05     5.9646E-01     1.2946E+02     O       16864

 BOND    =    36248.5868  ANGLE   =      320.9645  DIHED      =      969.6103
 VDWAALS =    43208.3559  EEL     =  -277340.6254  HBOND      =        0.0000
 1-4 VDW =      721.7209  1-4 EEL =     8935.1738  RESTRAINT  =       23.7892
 EAMBER  =  -186936.2132


   NSTEP       ENERGY          RMS            GMAX         NAME    NUMBER
   9200      -1.8691E+05     5.9153E-01     1.2836E+02     O       16864

 BOND    =    36248.6378  ANGLE   =      320.9646  DIHED      =      969.6105
 VDWAALS =    43208.2453  EEL     =  -277334.8580  HBOND      =        0.0000
 1-4 VDW =      721.7208  1-4 EEL =     8935.1736  RESTRAINT  =       23.7892
 EAMBER  =  -186930.5054


   NSTEP       ENERGY          RMS            GMAX         NAME    NUMBER
   9250      -1.8690E+05     5.8662E-01     1.2726E+02     O       16864

 BOND    =    36248.6888  ANGLE   =      320.9647  DIHED      =      969.6104
 VDWAALS =    43208.1347  EEL     =  -277329.1201  HBOND      =        0.0000
 1-4 VDW =      721.7208  1-4 EEL =     8935.1736  RESTRAINT  =       23.7893
 EAMBER  =  -186924.8272


   NSTEP       ENERGY          RMS            GMAX         NAME    NUMBER
   9300      -1.8690E+05     5.8174E-01     1.2617E+02     O       16864

 BOND    =    36248.7398  ANGLE   =      320.9648  DIHED      =      969.6104
 VDWAALS =    43208.0250  EEL     =  -277323.3685  HBOND      =        0.0000
 1-4 VDW =      721.7207  1-4 EEL =     8935.1734  RESTRAINT  =       23.7893
 EAMBER  =  -186919.1344


   NSTEP       ENERGY          RMS            GMAX         NAME    NUMBER
   9350      -1.8689E+05     5.7683E-01     1.2507E+02     O       16864

 BOND    =    36248.7908  ANGLE   =      320.9648  DIHED      =      969.6104
 VDWAALS =    43207.9145  EEL     =  -277317.6503  HBOND      =        0.0000
 1-4 VDW =      721.7207  1-4 EEL =     8935.1733  RESTRAINT  =       23.7894
 EAMBER  =  -186913.4758


   NSTEP       ENERGY          RMS            GMAX         NAME    NUMBER
   9400      -1.8688E+05     5.7194E-01     1.2398E+02     O       16864

 BOND    =    36248.8417  ANGLE   =      320.9649  DIHED      =      969.6104
 VDWAALS =    43207.8047  EEL     =  -277311.9106  HBOND      =        0.0000
 1-4 VDW =      721.7207  1-4 EEL =     8935.1732  RESTRAINT  =       23.7894
 EAMBER  =  -186907.7950


   NSTEP       ENERGY          RMS            GMAX         NAME    NUMBER
   9450      -1.8688E+05     5.6704E-01     1.2289E+02     O       16864

 BOND    =    36248.8927  ANGLE   =      320.9650  DIHED      =      969.6104
 VDWAALS =    43207.6949  EEL     =  -277306.1797  HBOND      =        0.0000
 1-4 VDW =      721.7206  1-4 EEL =     8935.1730  RESTRAINT  =       23.7895
 EAMBER  =  -186902.1231


   NSTEP       ENERGY          RMS            GMAX         NAME    NUMBER
   9500      -1.8687E+05     5.6216E-01     1.2179E+02     O       16864

 BOND    =    36248.9436  ANGLE   =      320.9651  DIHED      =      969.6103
 VDWAALS =    43207.5846  EEL     =  -277300.4943  HBOND      =        0.0000
 1-4 VDW =      721.7205  1-4 EEL =     8935.1729  RESTRAINT  =       23.7895
 EAMBER  =  -186896.4974


   NSTEP       ENERGY          RMS            GMAX         NAME    NUMBER
   9550      -1.8687E+05     5.5727E-01     1.2070E+02     O       16864

 BOND    =    36248.9944  ANGLE   =      320.9652  DIHED      =      969.6104
 VDWAALS =    43207.4749  EEL     =  -277294.7665  HBOND      =        0.0000
 1-4 VDW =      721.7205  1-4 EEL =     8935.1728  RESTRAINT  =       23.7896
 EAMBER  =  -186890.8283


   NSTEP       ENERGY          RMS            GMAX         NAME    NUMBER
   9600      -1.8686E+05     5.5239E-01     1.1961E+02     O       16864

 BOND    =    36249.0453  ANGLE   =      320.9653  DIHED      =      969.6106
 VDWAALS =    43207.3653  EEL     =  -277289.0834  HBOND      =        0.0000
 1-4 VDW =      721.7204  1-4 EEL =     8935.1727  RESTRAINT  =       23.7897
 EAMBER  =  -186885.2039


   NSTEP       ENERGY          RMS            GMAX         NAME    NUMBER
   9650      -1.8686E+05     5.4753E-01     1.1852E+02     O       16864

 BOND    =    36249.0962  ANGLE   =      320.9653  DIHED      =      969.6104
 VDWAALS =    43207.2558  EEL     =  -277283.3970  HBOND      =        0.0000
 1-4 VDW =      721.7204  1-4 EEL =     8935.1726  RESTRAINT  =       23.7897
 EAMBER  =  -186879.5763


   NSTEP       ENERGY          RMS            GMAX         NAME    NUMBER
   9700      -1.8685E+05     5.4263E-01     1.1743E+02     O       16864

 BOND    =    36249.1470  ANGLE   =      320.9654  DIHED      =      969.6104
 VDWAALS =    43207.1453  EEL     =  -277277.7102  HBOND      =        0.0000
 1-4 VDW =      721.7203  1-4 EEL =     8935.1724  RESTRAINT  =       23.7898
 EAMBER  =  -186873.9493


   NSTEP       ENERGY          RMS            GMAX         NAME    NUMBER
   9750      -1.8684E+05     5.3779E-01     1.1634E+02     O       16864

 BOND    =    36249.1978  ANGLE   =      320.9655  DIHED      =      969.6104
 VDWAALS =    43207.0368  EEL     =  -277272.0443  HBOND      =        0.0000
 1-4 VDW =      721.7203  1-4 EEL =     8935.1722  RESTRAINT  =       23.7898
 EAMBER  =  -186868.3413


   NSTEP       ENERGY          RMS            GMAX         NAME    NUMBER
   9800      -1.8684E+05     5.3290E-01     1.1525E+02     O       16864

 BOND    =    36249.2486  ANGLE   =      320.9656  DIHED      =      969.6105
 VDWAALS =    43206.9271  EEL     =  -277266.3796  HBOND      =        0.0000
 1-4 VDW =      721.7202  1-4 EEL =     8935.1721  RESTRAINT  =       23.7899
 EAMBER  =  -186862.7355


   NSTEP       ENERGY          RMS            GMAX         NAME    NUMBER
   9850      -1.8683E+05     5.2803E-01     1.1416E+02     O       16864

 BOND    =    36249.2993  ANGLE   =      320.9657  DIHED      =      969.6105
 VDWAALS =    43206.8177  EEL     =  -277260.7012  HBOND      =        0.0000
 1-4 VDW =      721.7202  1-4 EEL =     8935.1719  RESTRAINT  =       23.7899
 EAMBER  =  -186857.1159


   NSTEP       ENERGY          RMS            GMAX         NAME    NUMBER
   9900      -1.8683E+05     5.2316E-01     1.1307E+02     O       16864

 BOND    =    36249.3500  ANGLE   =      320.9658  DIHED      =      969.6105
 VDWAALS =    43206.7080  EEL     =  -277255.0512  HBOND      =        0.0000
 1-4 VDW =      721.7201  1-4 EEL =     8935.1718  RESTRAINT  =       23.7900
 EAMBER  =  -186851.5248


   NSTEP       ENERGY          RMS            GMAX         NAME    NUMBER
   9950      -1.8682E+05     5.1831E-01     1.1198E+02     O       16864

 BOND    =    36249.4007  ANGLE   =      320.9659  DIHED      =      969.6105
 VDWAALS =    43206.5993  EEL     =  -277249.4098  HBOND      =        0.0000
 1-4 VDW =      721.7201  1-4 EEL =     8935.1716  RESTRAINT  =       23.7901
 EAMBER  =  -186845.9417


   NSTEP       ENERGY          RMS            GMAX         NAME    NUMBER
  10000      -1.8682E+05     5.1347E-01     1.1090E+02     O       16864

 BOND    =    36249.4514  ANGLE   =      320.9660  DIHED      =      969.6106
 VDWAALS =    43206.4905  EEL     =  -277243.7832  HBOND      =        0.0000
 1-4 VDW =      721.7200  1-4 EEL =     8935.1715  RESTRAINT  =       23.7901
 EAMBER  =  -186840.3732


  Maximum number of minimization cycles reached.


                    FINAL RESULTS



   NSTEP       ENERGY          RMS            GMAX         NAME    NUMBER
  10000      -1.8682E+05     5.1347E-01     1.1090E+02     O       16864

 BOND    =    36249.4514  ANGLE   =      320.9660  DIHED      =      969.6106
 VDWAALS =    43206.4905  EEL     =  -277243.7832  HBOND      =        0.0000
 1-4 VDW =      721.7200  1-4 EEL =     8935.1715  RESTRAINT  =       23.7901
 EAMBER  =  -186840.3732
--------------------------------------------------------------------------------
   5.  TIMINGS
--------------------------------------------------------------------------------

|  NonSetup CPU Time in Major Routines:
|
|     Routine           Sec        %
|     ------------------------------
|     Nonbond          17.75   39.05
|     Bond              0.00    0.00
|     Angle             0.00    0.00
|     Dihedral          0.00    0.00
|     Shake             0.00    0.00
|     Other            27.71   60.95
|     ------------------------------
|     Total            45.46

|  PME Nonbond Pairlist CPU Time:
|
|     Routine              Sec        %
|     ---------------------------------
|     Set Up Cit           0.00    0.00
|     Build List           0.00    0.00
|     ---------------------------------
|     Total                0.00    0.00

|  PME Direct Force CPU Time:
|
|     Routine              Sec        %
|     ---------------------------------
|     NonBonded Calc       0.00    0.00
|     Exclude Masked       0.00    0.00
|     Other                0.02    0.05
|     ---------------------------------
|     Total                0.02    0.05

|  PME Reciprocal Force CPU Time:
|
|     Routine              Sec        %
|     ---------------------------------
|     1D bspline           0.00    0.00
|     Grid Charges         0.00    0.00
|     Scalar Sum           0.00    0.00
|     Gradient Sum         0.00    0.00
|     FFT                  0.00    0.00
|     ---------------------------------
|     Total                0.00    0.00

|  Setup CPU time:            2.36 seconds
|  NonSetup CPU time:        45.46 seconds
|  Total CPU time:           47.82 seconds     0.01 hours

|  Setup wall time:           3    seconds
|  NonSetup wall time:       45    seconds
|  Total wall time:          48    seconds     0.01 hours
