
          -------------------------------------------------------
          Amber 18 PMEMD                              2018
          -------------------------------------------------------

| PMEMD implementation of SANDER, Release 18

| Run on 07/06/2021 at 21:20:55

|   Executable path: pmemd.cuda
| Working directory: /home/bozhanng/Abs_MD/HEPC3-4_Fv_straight_correct_VN_relaxed
|          Hostname: bf21

  [-O]verwriting output

File Assignments:
|   MDIN: minsolv_HEPC3-4_Fv_straight_correct_VN_relaxed.in                     
|  MDOUT: minsolv_HEPC3-4_Fv_straight_correct_VN_relaxed.out                    
| INPCRD: HEPC3-4_Fv_straight_correct_VN_relaxed.crd                            
|   PARM: HEPC3-4_Fv_straight_correct_VN_relaxed.parm7                          
| RESTRT: minsolv_HEPC3-4_Fv_straight_correct_VN_relaxed.crd                    
|   REFC: HEPC3-4_Fv_straight_correct_VN_relaxed.crd                            
|  MDVEL: mdvel                                                                 
|   MDEN: mden                                                                  
|  MDCRD: mdcrd                                                                 
| MDINFO: mdinfo                                                                
|  MDFRC: mdfrc                                                                 


 Here is the input file:

Initial minimization                                                           
 &cntrl                                                                        
  ntx    = 1,       irest  = 0,       ntrx   = 1,      ntxo   = 1,             
  ntpr   = 50,      ntwx   = 0,       ntwv   = 0,      ntwe   = 0,             
                                                                               
  ntf    = 1,       ntb    = 1,                                                
  cut    = 8.0,                                                                
  ibelly = 0,       ntr    = 1,                                                
                                                                               
  imin   = 1,                                                                  
  maxcyc = 15000,                                                              
  ncyc   = 5000,                                                               
  ntmin  = 1,       dx0    = 0.1,     drms   = 0.0001,                         
                                                                               
  ntc    = 1,       tol    = 0.00001,                                          
                                                                               
 &end                                                                          
Hold protein fixed                                                             
5.0                                                                            
RES   1 234                                                                    
END                                                                            
END                                                                            


Note: ig = -1. Setting random seed to   583500 based on wallclock time in 
      microseconds.
| irandom = 1, using AMBER's internal random number generator (default).
 
|--------------------- INFORMATION ----------------------
| GPU (CUDA) Version of PMEMD in use: NVIDIA GPU IN USE.
|                    Version 18.0.0
| 
|                      03/25/2018
| 
| Implementation by:
|                    Ross C. Walker     (SDSC)
|                    Scott Le Grand     (nVIDIA)
| 
| Version 18 performance extensions by:
|                    David Cerutti     (Rutgers)
| 
| Precision model in use:
|      [SPFP] - Single Precision Forces, 64-bit Fixed Point
|               Accumulation. (Default)
| 
|--------------------------------------------------------
 
|----------------- CITATION INFORMATION -----------------
|
|    When publishing work that utilized the CUDA version
|    of AMBER, please cite the following in addition to
|    the regular AMBER citations:
|
|  - Romelia Salomon-Ferrer; Andreas W. Goetz; Duncan
|    Poole; Scott Le Grand; Ross C. Walker "Routine
|    microsecond molecular dynamics simulations with
|    AMBER - Part II: Particle Mesh Ewald", J. Chem.
|    Theory Comput., 2013, 9 (9), pp3878-3888,
|    DOI: 10.1021/ct400314y.
|
|  - Andreas W. Goetz; Mark J. Williamson; Dong Xu;
|    Duncan Poole; Scott Le Grand; Ross C. Walker
|    "Routine microsecond molecular dynamics simulations
|    with AMBER - Part I: Generalized Born", J. Chem.
|    Theory Comput., 2012, 8 (5), pp1542-1555.
|
|  - Scott Le Grand; Andreas W. Goetz; Ross C. Walker
|    "SPFP: Speed without compromise - a mixed precision
|    model for GPU accelerated molecular dynamics
|    simulations.", Comp. Phys. Comm., 2013, 184
|    pp374-380, DOI: 10.1016/j.cpc.2012.09.022
|
|--------------------------------------------------------
 
|------------------- GPU DEVICE INFO --------------------
|
|            CUDA_VISIBLE_DEVICES: 1
|   CUDA Capable Devices Detected:      1
|           CUDA Device ID in use:      0
|                CUDA Device Name: GeForce GTX 1080
|     CUDA Device Global Mem Size:   8119 MB
| CUDA Device Num Multiprocessors:     20
|           CUDA Device Core Freq:   1.73 GHz
|
|--------------------------------------------------------
 
 
| Conditional Compilation Defines Used:
| PUBFFT
| BINTRAJ
| MKL
| CUDA
| EMIL

| Largest sphere to fit in unit cell has radius =    36.489

| New format PARM file being parsed.
| Version =    1.000 Date = 07/06/21 Time = 21:18:44

| Note: 1-4 EEL scale factors are being read from the topology file.

| Note: 1-4 VDW scale factors are being read from the topology file.
| Duplicated    0 dihedrals

| Duplicated    0 dihedrals

--------------------------------------------------------------------------------
   1.  RESOURCE   USE: 
--------------------------------------------------------------------------------

 getting new box info from bottom of inpcrd
 NATOM  =   48255 NTYPES =      18 NBONH =   35284 MBONA  =   13005
 NTHETH =    3916 MTHETA =    2476 NPHIH =    8205 MPHIA  =    7868
 NHPARM =       0 NPARM  =       0 NNB   =   97647 NRES   =   11424
 NBONA  =   13005 NTHETA =    2476 NPHIA =    7868 NUMBND =      72
 NUMANG =     171 NPTRA  =     194 NATYP =      36 NPHB   =       1
 IFBOX  =       1 NMXRS  =      25 IFCAP =       0 NEXTRA =   11183
 NCOPY  =       0

| Coordinate Index Table dimensions:    16   16   18
| Direct force subcell size =     4.7032    4.5612    4.6517

     BOX TYPE: RECTILINEAR

--------------------------------------------------------------------------------
   2.  CONTROL  DATA  FOR  THE  RUN
--------------------------------------------------------------------------------

default_name                                                                    

General flags:
     imin    =       1, nmropt  =       0

Nature and format of input:
     ntx     =       1, irest   =       0, ntrx    =       1

Nature and format of output:
     ntxo    =       1, ntpr    =      50, ntrx    =       1, ntwr    =       1
     iwrap   =       0, ntwx    =       0, ntwv    =       0, ntwe    =       0
     ioutfm  =       1, ntwprt  =       0, idecomp =       0, rbornstat=      0

Potential function:
     ntf     =       1, ntb     =       1, igb     =       0, nsnb    =      25
     ipol    =       0, gbsa    =       0, iesp    =       0
     dielc   =   1.00000, cut     =   8.00000, intdiel =   1.00000

Frozen or restrained atoms:
     ibelly  =       0, ntr     =       1
     restraint_wt =   0.00000

Energy minimization:
     maxcyc  =   15000, ncyc    =    5000, ntmin   =       1
     dx0     =   0.10000, drms    =   0.00010

| Intermolecular bonds treatment:
|     no_intermolecular_bonds =       1

| Energy averages sample interval:
|     ene_avg_sampling =       1

Extra-points options:
     frameon =       1, chngmask=       1

Ewald parameters:
     verbose =       0, ew_type =       0, nbflag  =       1, use_pme =       1
     vdwmeth =       1, eedmeth =       1, netfrc  =       0
     Box X =   75.251   Box Y =   72.979   Box Z =   83.731
     Alpha =   90.000   Beta  =   90.000   Gamma =   90.000
     NFFT1 =   80       NFFT2 =   80       NFFT3 =   84
     Cutoff=    8.000   Tol   =0.100E-04
     Ewald Coefficient =  0.34864
     Interpolation order =    4

    LOADING THE CONSTRAINED ATOMS AS GROUPS


   5.  REFERENCE ATOM COORDINATES

  default_name                                                                    
    ----- READING GROUP     1; TITLE:
 Hold protein fixed                                                          

     GROUP    1 HAS HARMONIC CONSTRAINTS     5.00000
 GRP    1 RES    1 TO   234
      Number of atoms in this group  =  3516
    ----- END OF GROUP READ -----
|      EXTRA_PTS, trim_bonds: num bonds BEFORE trim = 35284     0
|      EXTRA_PTS, trim_bonds: num bonds AFTER  trim = 35284     0
|      EXTRA_PTS, trim_bonds: num bonds BEFORE trim = 13005     0
|      EXTRA_PTS, trim_bonds: num bonds AFTER  trim =  1822     0
|      EXTRA_PTS, trim_theta: num angle BEFORE trim =  3916     0
|      EXTRA_PTS, trim_theta: num angle AFTER  trim =  3916     0
|      EXTRA_PTS, trim_theta: num angle BEFORE trim =  2476     0
|      EXTRA_PTS, trim_theta: num angle AFTER  trim =  2476     0
|      EXTRA_PTS, trim_phi:  num diheds BEFORE trim =  8205     0
|      EXTRA_PTS, trim_phi:  num diheds AFTER  trim =  8205     0
|      EXTRA_PTS, trim_phi:  num diheds BEFORE trim =  7868     0
|      EXTRA_PTS, trim_phi:  num diheds AFTER  trim =  7868     0

--------------------------------------------------------------------------------
   3.  ATOMIC COORDINATES AND VELOCITIES
--------------------------------------------------------------------------------

default_name                                                                    
 begin time read from input coords =     0.000 ps

 
 Number of triangulated 3-point waters found:    11183

     Sum of charges from parm topology file =   0.00006119
     Forcing neutrality...

| Dynamic Memory, Types Used:
| Reals             1447277
| Integers          3096330

| Nonbonded Pairs Initial Allocation:     8059791

| GPU memory information (estimate):
| KB of GPU memory in use:         0
| KB of CPU memory in use:         0

--------------------------------------------------------------------------------
   4.  RESULTS
--------------------------------------------------------------------------------



   NSTEP       ENERGY          RMS            GMAX         NAME    NUMBER
      1      -1.2992E+05     1.8456E+01     9.8250E+01     O       21980

 BOND    =      201.0775  ANGLE   =      406.3042  DIHED      =      920.2489
 VDWAALS =    16172.1192  EEL     =  -157604.4702  HBOND      =        0.0000
 1-4 VDW =     1005.9066  1-4 EEL =     8983.1502  RESTRAINT  =        0.0000


   NSTEP       ENERGY          RMS            GMAX         NAME    NUMBER
     50      -1.6940E+05     3.1331E+00     4.9073E+01     CD       1316

 BOND    =    21840.6046  ANGLE   =      339.3655  DIHED      =      941.5886
 VDWAALS =    17184.0629  EEL     =  -219383.0213  HBOND      =        0.0000
 1-4 VDW =      792.9332  1-4 EEL =     8807.3062  RESTRAINT  =       73.2105
 EAMBER  =  -169477.1604


   NSTEP       ENERGY          RMS            GMAX         NAME    NUMBER
    100      -1.7421E+05     1.0681E+00     1.5986E+01     Cl-      3523

 BOND    =    25696.3665  ANGLE   =      337.2508  DIHED      =      946.3185
 VDWAALS =    20066.0351  EEL     =  -230936.5379  HBOND      =        0.0000
 1-4 VDW =      768.2874  1-4 EEL =     8789.1430  RESTRAINT  =      118.3806
 EAMBER  =  -174333.1365


   NSTEP       ENERGY          RMS            GMAX         NAME    NUMBER
    150      -1.7682E+05     8.4097E-01     1.0092E+01     CE1      1477

 BOND    =    26013.2941  ANGLE   =      340.2410  DIHED      =      947.6943
 VDWAALS =    22514.5578  EEL     =  -236318.8059  HBOND      =        0.0000
 1-4 VDW =      759.8954  1-4 EEL =     8781.0796  RESTRAINT  =      145.2807
 EAMBER  =  -176962.0438


   NSTEP       ENERGY          RMS            GMAX         NAME    NUMBER
    200      -1.7861E+05     1.6983E+00     6.4438E+01     CE1      1477

 BOND    =    26496.4302  ANGLE   =      345.1757  DIHED      =      947.2731
 VDWAALS =    24523.0093  EEL     =  -240614.2015  HBOND      =        0.0000
 1-4 VDW =      756.2083  1-4 EEL =     8777.4835  RESTRAINT  =      163.4136
 EAMBER  =  -178768.6214


   NSTEP       ENERGY          RMS            GMAX         NAME    NUMBER
    250      -1.8011E+05     5.0393E-01     1.6215E+01     CG       1328

 BOND    =    28129.7799  ANGLE   =      340.3716  DIHED      =      946.2648
 VDWAALS =    26188.6602  EEL     =  -245417.2230  HBOND      =        0.0000
 1-4 VDW =      754.3212  1-4 EEL =     8776.9307  RESTRAINT  =      175.5370
 EAMBER  =  -180280.8946


   NSTEP       ENERGY          RMS            GMAX         NAME    NUMBER
    300      -1.8123E+05     1.5136E+00     1.4546E+02     CG       1328

 BOND    =    28825.7612  ANGLE   =      345.2416  DIHED      =      945.3552
 VDWAALS =    27590.5568  EEL     =  -248649.7711  HBOND      =        0.0000
 1-4 VDW =      753.4261  1-4 EEL =     8777.3741  RESTRAINT  =      183.7131
 EAMBER  =  -181412.0560


   NSTEP       ENERGY          RMS            GMAX         NAME    NUMBER
    350      -1.8222E+05     4.5083E-01     1.7711E+01     CE1      1477

 BOND    =    29325.4331  ANGLE   =      341.1068  DIHED      =      944.3539
 VDWAALS =    28712.5790  EEL     =  -251259.5317  HBOND      =        0.0000
 1-4 VDW =      752.4415  1-4 EEL =     8776.3900  RESTRAINT  =      188.7117
 EAMBER  =  -182407.2275


   NSTEP       ENERGY          RMS            GMAX         NAME    NUMBER
    400      -1.8305E+05     1.0925E+00     1.0209E+02     CE1      1477

 BOND    =    29836.7576  ANGLE   =      346.4174  DIHED      =      943.5358
 VDWAALS =    29712.2428  EEL     =  -253611.7245  HBOND      =        0.0000
 1-4 VDW =      751.9493  1-4 EEL =     8776.0668  RESTRAINT  =      192.3575
 EAMBER  =  -183244.7548


   NSTEP       ENERGY          RMS            GMAX         NAME    NUMBER
    450      -1.8387E+05     4.8685E-01     3.3715E+01     CE1      1477

 BOND    =    30280.1030  ANGLE   =      340.3219  DIHED      =      942.8530
 VDWAALS =    30636.1037  EEL     =  -255795.1744  HBOND      =        0.0000
 1-4 VDW =      751.7293  1-4 EEL =     8776.3937  RESTRAINT  =      194.7354
 EAMBER  =  -184067.6697


   NSTEP       ENERGY          RMS            GMAX         NAME    NUMBER
    500      -1.8454E+05     1.0257E+00     9.2768E+01     CG       1890

 BOND    =    30707.1396  ANGLE   =      342.8791  DIHED      =      942.1670
 VDWAALS =    31453.2239  EEL     =  -257714.9035  HBOND      =        0.0000
 1-4 VDW =      751.5521  1-4 EEL =     8776.5210  RESTRAINT  =      196.5766
 EAMBER  =  -184741.4208


   NSTEP       ENERGY          RMS            GMAX         NAME    NUMBER
    550      -1.8516E+05     3.3867E-01     1.1944E+01     CG       1890

 BOND    =    31050.3757  ANGLE   =      340.9444  DIHED      =      941.4912
 VDWAALS =    32168.3552  EEL     =  -259383.0543  HBOND      =        0.0000
 1-4 VDW =      751.1420  1-4 EEL =     8775.9881  RESTRAINT  =      197.9254
 EAMBER  =  -185354.7577


   NSTEP       ENERGY          RMS            GMAX         NAME    NUMBER
    600      -1.8568E+05     8.8397E-01     9.4903E+01     CE1      1477

 BOND    =    31404.7250  ANGLE   =      344.8906  DIHED      =      940.8916
 VDWAALS =    32843.5229  EEL     =  -260941.8824  HBOND      =        0.0000
 1-4 VDW =      750.9243  1-4 EEL =     8775.8174  RESTRAINT  =      199.2502
 EAMBER  =  -185881.1107


   NSTEP       ENERGY          RMS            GMAX         NAME    NUMBER
    650      -1.8618E+05     3.7174E-01     3.0811E+01     CE1      1477

 BOND    =    31705.6263  ANGLE   =      340.5827  DIHED      =      940.3765
 VDWAALS =    33457.3687  EEL     =  -262351.8945  HBOND      =        0.0000
 1-4 VDW =      750.9320  1-4 EEL =     8775.9365  RESTRAINT  =      200.2909
 EAMBER  =  -186381.0717


   NSTEP       ENERGY          RMS            GMAX         NAME    NUMBER
    700      -1.8660E+05     7.6945E-01     9.6530E+01     CG       1890

 BOND    =    31995.6010  ANGLE   =      341.2634  DIHED      =      940.0051
 VDWAALS =    34003.6272  EEL     =  -263610.1402  HBOND      =        0.0000
 1-4 VDW =      750.9377  1-4 EEL =     8776.0674  RESTRAINT  =      201.2941
 EAMBER  =  -186802.6385


   NSTEP       ENERGY          RMS            GMAX         NAME    NUMBER
    750      -1.8697E+05     1.1505E+00     1.9668E+02     CG       1890

 BOND    =    32261.6573  ANGLE   =      343.9069  DIHED      =      939.5536
 VDWAALS =    34490.3702  EEL     =  -264735.8202  HBOND      =        0.0000
 1-4 VDW =      750.7280  1-4 EEL =     8775.7202  RESTRAINT  =      202.1401
 EAMBER  =  -187173.8839


   NSTEP       ENERGY          RMS            GMAX         NAME    NUMBER
    800      -1.8736E+05     6.0705E-01     7.2179E+01     CE1      1477

 BOND    =    32482.5735  ANGLE   =      343.4603  DIHED      =      939.3607
 VDWAALS =    34944.5836  EEL     =  -265797.3715  HBOND      =        0.0000
 1-4 VDW =      750.6686  1-4 EEL =     8775.4257  RESTRAINT  =      202.7702
 EAMBER  =  -187561.2992


   NSTEP       ENERGY          RMS            GMAX         NAME    NUMBER
    850      -1.8769E+05     8.8194E-01     1.0859E+02     CE1      1477

 BOND    =    32708.0265  ANGLE   =      345.9798  DIHED      =      939.1689
 VDWAALS =    35353.6769  EEL     =  -266760.8896  HBOND      =        0.0000
 1-4 VDW =      750.6706  1-4 EEL =     8775.0552  RESTRAINT  =      203.3111
 EAMBER  =  -187888.3117


   NSTEP       ENERGY          RMS            GMAX         NAME    NUMBER
    900      -1.8802E+05     5.1489E-01     5.7915E+01     CE1      1477

 BOND    =    32907.1067  ANGLE   =      341.5443  DIHED      =      939.0670
 VDWAALS =    35742.0666  EEL     =  -267677.8193  HBOND      =        0.0000
 1-4 VDW =      750.7238  1-4 EEL =     8775.2878  RESTRAINT  =      203.6399
 EAMBER  =  -188222.0230


   NSTEP       ENERGY          RMS            GMAX         NAME    NUMBER
    950      -1.8832E+05     7.1361E-01     9.7052E+01     CE1      1477

 BOND    =    33113.2944  ANGLE   =      342.2167  DIHED      =      938.9912
 VDWAALS =    36117.8395  EEL     =  -268565.2357  HBOND      =        0.0000
 1-4 VDW =      750.8054  1-4 EEL =     8775.2441  RESTRAINT  =      203.8816
 EAMBER  =  -188526.8444


   NSTEP       ENERGY          RMS            GMAX         NAME    NUMBER
   1000      -1.8862E+05     4.0453E-01     5.0440E+01     CE1      1477

 BOND    =    33296.1682  ANGLE   =      342.1480  DIHED      =      938.9047
 VDWAALS =    36475.4732  EEL     =  -269404.8005  HBOND      =        0.0000
 1-4 VDW =      750.8311  1-4 EEL =     8774.7797  RESTRAINT  =      203.8179
 EAMBER  =  -188826.4955


   NSTEP       ENERGY          RMS            GMAX         NAME    NUMBER
   1050      -1.8889E+05     6.3515E-01     9.2175E+01     CE1      1477

 BOND    =    33482.9061  ANGLE   =      343.5093  DIHED      =      938.8254
 VDWAALS =    36818.2246  EEL     =  -270204.3744  HBOND      =        0.0000
 1-4 VDW =      750.8705  1-4 EEL =     8774.4507  RESTRAINT  =      203.5789
 EAMBER  =  -189095.5878


   NSTEP       ENERGY          RMS            GMAX         NAME    NUMBER
   1100      -1.8916E+05     2.7225E-01     2.9379E+01     CE1      1477

 BOND    =    33651.6608  ANGLE   =      340.4958  DIHED      =      938.7879
 VDWAALS =    37144.6640  EEL     =  -270965.4235  HBOND      =        0.0000
 1-4 VDW =      750.9229  1-4 EEL =     8774.4700  RESTRAINT  =      203.2362
 EAMBER  =  -189364.4221


   NSTEP       ENERGY          RMS            GMAX         NAME    NUMBER
   1150      -1.8940E+05     5.7148E-01     8.0713E+01     CE1      1477

 BOND    =    33820.8476  ANGLE   =      341.0713  DIHED      =      938.7582
 VDWAALS =    37449.9822  EEL     =  -271680.7868  HBOND      =        0.0000
 1-4 VDW =      750.9344  1-4 EEL =     8774.3251  RESTRAINT  =      202.9946
 EAMBER  =  -189604.8680


   NSTEP       ENERGY          RMS            GMAX         NAME    NUMBER
   1200      -1.8964E+05     7.9929E-01     1.1066E+02     CE1      1477

 BOND    =    33986.5768  ANGLE   =      342.0984  DIHED      =      938.7506
 VDWAALS =    37744.6198  EEL     =  -272376.1971  HBOND      =        0.0000
 1-4 VDW =      750.9533  1-4 EEL =     8774.2054  RESTRAINT  =      202.8137
 EAMBER  =  -189838.9930


   NSTEP       ENERGY          RMS            GMAX         NAME    NUMBER
   1250      -1.8988E+05     3.6434E-01     4.2607E+01     CE1      1477

 BOND    =    34127.6793  ANGLE   =      341.4371  DIHED      =      938.7552
 VDWAALS =    38022.6077  EEL     =  -273037.9607  HBOND      =        0.0000
 1-4 VDW =      750.9122  1-4 EEL =     8773.6121  RESTRAINT  =      202.6403
 EAMBER  =  -190082.9572


   NSTEP       ENERGY          RMS            GMAX         NAME    NUMBER
   1300      -1.9010E+05     2.1377E-01     1.2418E+01     CE1      1477

 BOND    =    34271.5154  ANGLE   =      340.4706  DIHED      =      938.7757
 VDWAALS =    38286.6363  EEL     =  -273668.0324  HBOND      =        0.0000
 1-4 VDW =      750.8867  1-4 EEL =     8773.5175  RESTRAINT  =      202.5064
 EAMBER  =  -190306.2300


   NSTEP       ENERGY          RMS            GMAX         NAME    NUMBER
   1350      -1.9032E+05     3.8016E-01     4.6004E+01     CE1      1477

 BOND    =    34413.8176  ANGLE   =      340.7195  DIHED      =      938.8041
 VDWAALS =    38541.1185  EEL     =  -274276.6530  HBOND      =        0.0000
 1-4 VDW =      750.8542  1-4 EEL =     8773.3940  RESTRAINT  =      202.4057
 EAMBER  =  -190517.9450


   NSTEP       ENERGY          RMS            GMAX         NAME    NUMBER
   1400      -1.9052E+05     6.9059E-01     8.5666E+01     CD       3446

 BOND    =    34558.1752  ANGLE   =      341.4873  DIHED      =      938.8058
 VDWAALS =    38792.0648  EEL     =  -274874.5747  HBOND      =        0.0000
 1-4 VDW =      750.7865  1-4 EEL =     8773.2632  RESTRAINT  =      202.3268
 EAMBER  =  -190719.9920


   NSTEP       ENERGY          RMS            GMAX         NAME    NUMBER
   1450      -1.9071E+05     2.0534E-01     1.4231E+01     CE1      1477

 BOND    =    34674.6727  ANGLE   =      340.9265  DIHED      =      938.8578
 VDWAALS =    39020.8533  EEL     =  -275416.0371  HBOND      =        0.0000
 1-4 VDW =      750.7622  1-4 EEL =     8772.9249  RESTRAINT  =      202.2106
 EAMBER  =  -190917.0396


   NSTEP       ENERGY          RMS            GMAX         NAME    NUMBER
   1500      -1.9089E+05     4.8947E-01     6.6851E+01     CE1      1477

 BOND    =    34802.2959  ANGLE   =      342.5340  DIHED      =      938.8700
 VDWAALS =    39250.8238  EEL     =  -275954.2415  HBOND      =        0.0000
 1-4 VDW =      750.7088  1-4 EEL =     8772.6500  RESTRAINT  =      202.1461
 EAMBER  =  -191096.3591


   NSTEP       ENERGY          RMS            GMAX         NAME    NUMBER
   1550      -1.9106E+05     7.4836E-01     1.0831E+02     CG       1328

 BOND    =    34924.5457  ANGLE   =      343.9258  DIHED      =      938.8340
 VDWAALS =    39467.5418  EEL     =  -276460.6395  HBOND      =        0.0000
 1-4 VDW =      750.6113  1-4 EEL =     8772.3980  RESTRAINT  =      202.1027
 EAMBER  =  -191262.7829


   NSTEP       ENERGY          RMS            GMAX         NAME    NUMBER
   1600      -1.9123E+05     4.2870E-01     6.5292E+01     CE1      1477

 BOND    =    35029.8126  ANGLE   =      341.1111  DIHED      =      938.8653
 VDWAALS =    39674.9360  EEL     =  -276944.3481  HBOND      =        0.0000
 1-4 VDW =      750.5937  1-4 EEL =     8772.6586  RESTRAINT  =      202.0093
 EAMBER  =  -191436.3707


   NSTEP       ENERGY          RMS            GMAX         NAME    NUMBER
   1650      -1.9140E+05     1.7867E-01     1.2431E+01     CE1      1477

 BOND    =    35134.0701  ANGLE   =      341.1399  DIHED      =      938.8639
 VDWAALS =    39877.0570  EEL     =  -277414.0319  HBOND      =        0.0000
 1-4 VDW =      750.5254  1-4 EEL =     8772.3740  RESTRAINT  =      201.9842
 EAMBER  =  -191600.0016


   NSTEP       ENERGY          RMS            GMAX         NAME    NUMBER
   1700      -1.9155E+05     2.1928E-01     2.3042E+01     CE1      1477

 BOND    =    35238.6142  ANGLE   =      341.4104  DIHED      =      938.8457
 VDWAALS =    40074.0773  EEL     =  -277868.3532  HBOND      =        0.0000
 1-4 VDW =      750.4484  1-4 EEL =     8772.2142  RESTRAINT  =      201.9897
 EAMBER  =  -191752.7430


   NSTEP       ENERGY          RMS            GMAX         NAME    NUMBER
   1750      -1.9168E+05     5.2730E-01     7.7108E+01     CE1      1477

 BOND    =    35339.3047  ANGLE   =      343.2650  DIHED      =      938.8370
 VDWAALS =    40258.6084  EEL     =  -278288.7209  HBOND      =        0.0000
 1-4 VDW =      750.3887  1-4 EEL =     8771.9679  RESTRAINT  =      202.0305
 EAMBER  =  -191886.3491


   NSTEP       ENERGY          RMS            GMAX         NAME    NUMBER
   1800      -1.9182E+05     1.6529E-01     9.2108E+00     CE1      1477

 BOND    =    35429.0303  ANGLE   =      341.1990  DIHED      =      938.8192
 VDWAALS =    40438.0852  EEL     =  -278695.5882  HBOND      =        0.0000
 1-4 VDW =      750.3281  1-4 EEL =     8772.0021  RESTRAINT  =      202.0197
 EAMBER  =  -192026.1242


   NSTEP       ENERGY          RMS            GMAX         NAME    NUMBER
   1850      -1.9194E+05     5.3955E-01     9.2671E+01     CG       1328

 BOND    =    35524.1361  ANGLE   =      341.8937  DIHED      =      938.7471
 VDWAALS =    40609.7656  EEL     =  -279083.1440  HBOND      =        0.0000
 1-4 VDW =      750.2409  1-4 EEL =     8771.8925  RESTRAINT  =      202.0446
 EAMBER  =  -192146.4681


   NSTEP       ENERGY          RMS            GMAX         NAME    NUMBER
   1900      -1.9207E+05     1.5746E-01     1.0235E+01     CE1      1477

 BOND    =    35601.4814  ANGLE   =      341.6038  DIHED      =      938.7552
 VDWAALS =    40769.7648  EEL     =  -279441.3378  HBOND      =        0.0000
 1-4 VDW =      750.2150  1-4 EEL =     8771.6202  RESTRAINT  =      202.0361
 EAMBER  =  -192267.8973


   NSTEP       ENERGY          RMS            GMAX         NAME    NUMBER
   1950      -1.9217E+05     4.1738E-01     6.1421E+01     CE1      1477

 BOND    =    35685.4354  ANGLE   =      342.9186  DIHED      =      938.7053
 VDWAALS =    40927.2675  EEL     =  -279792.7881  HBOND      =        0.0000
 1-4 VDW =      750.1588  1-4 EEL =     8771.3284  RESTRAINT  =      202.0471
 EAMBER  =  -192376.9742


   NSTEP       ENERGY          RMS            GMAX         NAME    NUMBER
   2000      -1.9228E+05     5.7428E-01     7.6075E+01     CE1      1477

 BOND    =    35764.3890  ANGLE   =      343.8357  DIHED      =      938.6452
 VDWAALS =    41074.4821  EEL     =  -280121.3246  HBOND      =        0.0000
 1-4 VDW =      750.1097  1-4 EEL =     8771.1018  RESTRAINT  =      202.0487
 EAMBER  =  -192478.7611


   NSTEP       ENERGY          RMS            GMAX         NAME    NUMBER
   2050      -1.9239E+05     2.4673E-01     3.0539E+01     CG       1328

 BOND    =    35833.5459  ANGLE   =      341.7133  DIHED      =      938.6404
 VDWAALS =    41217.0397  EEL     =  -280440.0746  HBOND      =        0.0000
 1-4 VDW =      750.1225  1-4 EEL =     8771.2084  RESTRAINT  =      202.0100
 EAMBER  =  -192587.8045


   NSTEP       ENERGY          RMS            GMAX         NAME    NUMBER
   2100      -1.9249E+05     1.5249E-01     1.2937E+01     CE1      1477

 BOND    =    35902.2068  ANGLE   =      342.0369  DIHED      =      938.5818
 VDWAALS =    41350.9495  EEL     =  -280742.0290  HBOND      =        0.0000
 1-4 VDW =      750.0796  1-4 EEL =     8770.9278  RESTRAINT  =      202.0152
 EAMBER  =  -192687.2467


   NSTEP       ENERGY          RMS            GMAX         NAME    NUMBER
   2150      -1.9258E+05     2.8484E-01     3.9851E+01     CE1      1477

 BOND    =    35972.6206  ANGLE   =      342.6769  DIHED      =      938.5403
 VDWAALS =    41484.1633  EEL     =  -281044.1352  HBOND      =        0.0000
 1-4 VDW =      750.0583  1-4 EEL =     8770.6735  RESTRAINT  =      202.0427
 EAMBER  =  -192785.4025


   NSTEP       ENERGY          RMS            GMAX         NAME    NUMBER
   2200      -1.9268E+05     4.3730E-01     7.4769E+01     CG       1328

 BOND    =    36041.1190  ANGLE   =      343.2655  DIHED      =      938.4550
 VDWAALS =    41611.0675  EEL     =  -281333.2013  HBOND      =        0.0000
 1-4 VDW =      749.9953  1-4 EEL =     8770.3720  RESTRAINT  =      202.0899
 EAMBER  =  -192878.9270


   NSTEP       ENERGY          RMS            GMAX         NAME    NUMBER
   2250      -1.9277E+05     2.1912E-01     2.8774E+01     CE1      1477

 BOND    =    36102.6809  ANGLE   =      342.0847  DIHED      =      938.4421
 VDWAALS =    41733.4249  EEL     =  -281609.9354  HBOND      =        0.0000
 1-4 VDW =      750.0082  1-4 EEL =     8770.3546  RESTRAINT  =      202.1218
 EAMBER  =  -192972.9400


   NSTEP       ENERGY          RMS            GMAX         NAME    NUMBER
   2300      -1.9286E+05     3.5070E-01     4.7293E+01     CE1      1477

 BOND    =    36166.7474  ANGLE   =      342.3426  DIHED      =      938.4156
 VDWAALS =    41853.9748  EEL     =  -281879.9715  HBOND      =        0.0000
 1-4 VDW =      750.0039  1-4 EEL =     8770.1657  RESTRAINT  =      202.1804
 EAMBER  =  -193058.3214


   NSTEP       ENERGY          RMS            GMAX         NAME    NUMBER
   2350      -1.9294E+05     1.5892E-01     1.4954E+01     CE1      1477

 BOND    =    36224.2453  ANGLE   =      342.5383  DIHED      =      938.3720
 VDWAALS =    41968.9764  EEL     =  -282137.1334  HBOND      =        0.0000
 1-4 VDW =      749.9682  1-4 EEL =     8769.7636  RESTRAINT  =      202.2320
 EAMBER  =  -193143.2696


   NSTEP       ENERGY          RMS            GMAX         NAME    NUMBER
   2400      -1.9302E+05     3.0268E-01     4.0605E+01     CE1      1477

 BOND    =    36283.2489  ANGLE   =      343.1609  DIHED      =      938.3361
 VDWAALS =    42081.1249  EEL     =  -282386.9535  HBOND      =        0.0000
 1-4 VDW =      749.9419  1-4 EEL =     8769.4429  RESTRAINT  =      202.2893
 EAMBER  =  -193221.6979


   NSTEP       ENERGY          RMS            GMAX         NAME    NUMBER
   2450      -1.9309E+05     4.7024E-01     9.1143E+01     CG       1328

 BOND    =    36340.6323  ANGLE   =      343.6854  DIHED      =      938.2852
 VDWAALS =    42187.8450  EEL     =  -282624.0696  HBOND      =        0.0000
 1-4 VDW =      749.9012  1-4 EEL =     8769.1342  RESTRAINT  =      202.3438
 EAMBER  =  -193294.5864


   NSTEP       ENERGY          RMS            GMAX         NAME    NUMBER
   2500      -1.9317E+05     1.8549E-01     2.1252E+01     CG       1328

 BOND    =    36391.8447  ANGLE   =      342.3938  DIHED      =      938.2910
 VDWAALS =    42293.8121  EEL     =  -282858.6088  HBOND      =        0.0000
 1-4 VDW =      749.9240  1-4 EEL =     8769.0662  RESTRAINT  =      202.3651
 EAMBER  =  -193373.2770


   NSTEP       ENERGY          RMS            GMAX         NAME    NUMBER
   2550      -1.9324E+05     4.4476E-01     6.9712E+01     CG       1328

 BOND    =    36449.3193  ANGLE   =      342.8358  DIHED      =      938.3109
 VDWAALS =    42399.7784  EEL     =  -283093.6209  HBOND      =        0.0000
 1-4 VDW =      749.9674  1-4 EEL =     8768.9329  RESTRAINT  =      202.4056
 EAMBER  =  -193444.4764


   NSTEP       ENERGY          RMS            GMAX         NAME    NUMBER
   2600      -1.9332E+05     2.0452E-01     2.6269E+01     CE1      1477

 BOND    =    36496.4845  ANGLE   =      342.9556  DIHED      =      938.2713
 VDWAALS =    42496.8897  EEL     =  -283310.6367  HBOND      =        0.0000
 1-4 VDW =      749.9360  1-4 EEL =     8768.5023  RESTRAINT  =      202.4203
 EAMBER  =  -193517.5973


   NSTEP       ENERGY          RMS            GMAX         NAME    NUMBER
   2650      -1.9338E+05     3.4199E-01     4.9399E+01     CE1      1477

 BOND    =    36547.1078  ANGLE   =      343.5633  DIHED      =      938.2605
 VDWAALS =    42591.1620  EEL     =  -283523.5731  HBOND      =        0.0000
 1-4 VDW =      749.9474  1-4 EEL =     8768.2517  RESTRAINT  =      202.4330
 EAMBER  =  -193585.2804


   NSTEP       ENERGY          RMS            GMAX         NAME    NUMBER
   2700      -1.9346E+05     1.1925E-01     6.5541E+00     CE1      1477

 BOND    =    36594.6714  ANGLE   =      342.5054  DIHED      =      938.2660
 VDWAALS =    42684.0718  EEL     =  -283735.6297  HBOND      =        0.0000
 1-4 VDW =      749.9828  1-4 EEL =     8768.1994  RESTRAINT  =      202.4109
 EAMBER  =  -193657.9329


   NSTEP       ENERGY          RMS            GMAX         NAME    NUMBER
   2750      -1.9353E+05     1.9736E-01     2.5387E+01     CG       1328

 BOND    =    36644.8261  ANGLE   =      342.4415  DIHED      =      938.2577
 VDWAALS =    42777.4174  EEL     =  -283949.5890  HBOND      =        0.0000
 1-4 VDW =      750.0010  1-4 EEL =     8768.0533  RESTRAINT  =      202.3930
 EAMBER  =  -193728.5920


   NSTEP       ENERGY          RMS            GMAX         NAME    NUMBER
   2800      -1.9359E+05     3.9680E-01     6.0643E+01     CE1      1477

 BOND    =    36695.5281  ANGLE   =      342.7435  DIHED      =      938.2696
 VDWAALS =    42868.7107  EEL     =  -284158.0799  HBOND      =        0.0000
 1-4 VDW =      750.0416  1-4 EEL =     8767.9874  RESTRAINT  =      202.3789
 EAMBER  =  -193794.7990


   NSTEP       ENERGY          RMS            GMAX         NAME    NUMBER
   2850      -1.9366E+05     2.3773E-01     3.1991E+01     CE1      1477

 BOND    =    36739.5910  ANGLE   =      342.9766  DIHED      =      938.2817
 VDWAALS =    42957.2521  EEL     =  -284358.9491  HBOND      =        0.0000
 1-4 VDW =      750.0557  1-4 EEL =     8767.6493  RESTRAINT  =      202.3636
 EAMBER  =  -193863.1428


   NSTEP       ENERGY          RMS            GMAX         NAME    NUMBER
   2900      -1.9372E+05     1.1245E-01     6.8568E+00     CE1      1477

 BOND    =    36782.8906  ANGLE   =      342.3954  DIHED      =      938.3041
 VDWAALS =    43041.0819  EEL     =  -284548.6724  HBOND      =        0.0000
 1-4 VDW =      750.0980  1-4 EEL =     8767.6115  RESTRAINT  =      202.3505
 EAMBER  =  -193926.2909


   NSTEP       ENERGY          RMS            GMAX         NAME    NUMBER
   2950      -1.9378E+05     1.1723E-01     8.9352E+00     CE1      1477

 BOND    =    36826.2199  ANGLE   =      342.3509  DIHED      =      938.3173
 VDWAALS =    43124.3025  EEL     =  -284735.1749  HBOND      =        0.0000
 1-4 VDW =      750.1279  1-4 EEL =     8767.4822  RESTRAINT  =      202.3526
 EAMBER  =  -193986.3741


   NSTEP       ENERGY          RMS            GMAX         NAME    NUMBER
   3000      -1.9384E+05     3.3574E-01     5.8058E+01     CG       1328

 BOND    =    36872.1209  ANGLE   =      342.4791  DIHED      =      938.3512
 VDWAALS =    43209.9831  EEL     =  -284924.4263  HBOND      =        0.0000
 1-4 VDW =      750.1906  1-4 EEL =     8767.4181  RESTRAINT  =      202.3657
 EAMBER  =  -194043.8832


   NSTEP       ENERGY          RMS            GMAX         NAME    NUMBER
   3050      -1.9390E+05     1.4310E-01     1.5357E+01     CE1      1477

 BOND    =    36910.7580  ANGLE   =      342.5695  DIHED      =      938.3376
 VDWAALS =    43289.4700  EEL     =  -285098.0752  HBOND      =        0.0000
 1-4 VDW =      750.1898  1-4 EEL =     8767.1107  RESTRAINT  =      202.3761
 EAMBER  =  -194099.6395


   NSTEP       ENERGY          RMS            GMAX         NAME    NUMBER
   3100      -1.9395E+05     2.4740E-01     3.3294E+01     CE1      1477

 BOND    =    36951.4219  ANGLE   =      342.9422  DIHED      =      938.3408
 VDWAALS =    43368.9298  EEL     =  -285269.7740  HBOND      =        0.0000
 1-4 VDW =      750.2229  1-4 EEL =     8766.8889  RESTRAINT  =      202.3927
 EAMBER  =  -194151.0275


   NSTEP       ENERGY          RMS            GMAX         NAME    NUMBER
   3150      -1.9400E+05     4.0448E-01     8.5414E+01     CG       1328

 BOND    =    36992.4577  ANGLE   =      343.3207  DIHED      =      938.3688
 VDWAALS =    43448.6096  EEL     =  -285439.1057  HBOND      =        0.0000
 1-4 VDW =      750.2931  1-4 EEL =     8766.6951  RESTRAINT  =      202.4006
 EAMBER  =  -194199.3607


   NSTEP       ENERGY          RMS            GMAX         NAME    NUMBER
   3200      -1.9405E+05     1.5839E-01     1.9014E+01     CE1      1477

 BOND    =    37029.2933  ANGLE   =      342.1830  DIHED      =      938.3303
 VDWAALS =    43527.4329  EEL     =  -285604.1800  HBOND      =        0.0000
 1-4 VDW =      750.2927  1-4 EEL =     8766.5740  RESTRAINT  =      202.3610
 EAMBER  =  -194250.0737


   NSTEP       ENERGY          RMS            GMAX         NAME    NUMBER
   3250      -1.9409E+05     9.4428E-02     5.4482E+00     CE1      1477

 BOND    =    37065.1635  ANGLE   =      342.3305  DIHED      =      938.3346
 VDWAALS =    43602.8757  EEL     =  -285760.6985  HBOND      =        0.0000
 1-4 VDW =      750.3295  1-4 EEL =     8766.3230  RESTRAINT  =      202.2919
 EAMBER  =  -194295.3417


   NSTEP       ENERGY          RMS            GMAX         NAME    NUMBER
   3300      -1.9414E+05     9.5962E-02     6.3770E+00     CE1      1477

 BOND    =    37101.5789  ANGLE   =      342.3317  DIHED      =      938.3369
 VDWAALS =    43679.2115  EEL     =  -285917.6289  HBOND      =        0.0000
 1-4 VDW =      750.3619  1-4 EEL =     8766.1390  RESTRAINT  =      202.1647
 EAMBER  =  -194339.6690


   NSTEP       ENERGY          RMS            GMAX         NAME    NUMBER
   3350      -1.9418E+05     2.8475E-01     5.8733E+01     CG       1328

 BOND    =    37138.4913  ANGLE   =      342.7798  DIHED      =      938.3241
 VDWAALS =    43754.5740  EEL     =  -286071.2783  HBOND      =        0.0000
 1-4 VDW =      750.3675  1-4 EEL =     8765.9247  RESTRAINT  =      201.9998
 EAMBER  =  -194380.8170


   NSTEP       ENERGY          RMS            GMAX         NAME    NUMBER
   3400      -1.9422E+05     8.7244E-02     4.0507E+00     CE1      1477

 BOND    =    37170.4819  ANGLE   =      342.2530  DIHED      =      938.3597
 VDWAALS =    43824.9265  EEL     =  -286214.1501  HBOND      =        0.0000
 1-4 VDW =      750.4243  1-4 EEL =     8765.9133  RESTRAINT  =      201.8088
 EAMBER  =  -194421.7914


   NSTEP       ENERGY          RMS            GMAX         NAME    NUMBER
   3450      -1.9426E+05     2.4831E-01     3.2723E+01     CE1      1477

 BOND    =    37204.6250  ANGLE   =      342.2456  DIHED      =      938.3625
 VDWAALS =    43894.1392  EEL     =  -286355.6780  HBOND      =        0.0000
 1-4 VDW =      750.4361  1-4 EEL =     8765.8818  RESTRAINT  =      201.6345
 EAMBER  =  -194459.9877


   NSTEP       ENERGY          RMS            GMAX         NAME    NUMBER
   3500      -1.9429E+05     3.7173E-01     7.9871E+01     CG       1328

 BOND    =    37236.8699  ANGLE   =      342.4321  DIHED      =      938.4224
 VDWAALS =    43958.1202  EEL     =  -286488.5908  HBOND      =        0.0000
 1-4 VDW =      750.5036  1-4 EEL =     8765.8739  RESTRAINT  =      201.4889
 EAMBER  =  -194496.3687


   NSTEP       ENERGY          RMS            GMAX         NAME    NUMBER
   3550      -1.9434E+05     1.5698E-01     2.0610E+01     CE1      1477

 BOND    =    37265.0146  ANGLE   =      342.6615  DIHED      =      938.4094
 VDWAALS =    44020.4901  EEL     =  -286619.5852  HBOND      =        0.0000
 1-4 VDW =      750.4739  1-4 EEL =     8765.6593  RESTRAINT  =      201.3700
 EAMBER  =  -194536.8764


   NSTEP       ENERGY          RMS            GMAX         NAME    NUMBER
   3600      -1.9437E+05     8.7917E-02     5.4297E+00     CE1      1477

 BOND    =    37295.1339  ANGLE   =      342.3645  DIHED      =      938.4281
 VDWAALS =    44081.9415  EEL     =  -286749.6271  HBOND      =        0.0000
 1-4 VDW =      750.4851  1-4 EEL =     8765.6690  RESTRAINT  =      201.2778
 EAMBER  =  -194575.6049


   NSTEP       ENERGY          RMS            GMAX         NAME    NUMBER
   3650      -1.9441E+05     1.5760E-01     2.0563E+01     CE1      1477

 BOND    =    37324.8741  ANGLE   =      342.3562  DIHED      =      938.4484
 VDWAALS =    44141.6799  EEL     =  -286875.0892  HBOND      =        0.0000
 1-4 VDW =      750.4968  1-4 EEL =     8765.6661  RESTRAINT  =      201.2098
 EAMBER  =  -194611.5679


   NSTEP       ENERGY          RMS            GMAX         NAME    NUMBER
   3700      -1.9444E+05     2.5788E-01     5.2655E+01     CG       1328

 BOND    =    37353.9508  ANGLE   =      342.4513  DIHED      =      938.4871
 VDWAALS =    44199.7241  EEL     =  -286996.7507  HBOND      =        0.0000
 1-4 VDW =      750.5249  1-4 EEL =     8765.6651  RESTRAINT  =      201.1550
 EAMBER  =  -194645.9474


   NSTEP       ENERGY          RMS            GMAX         NAME    NUMBER
   3750      -1.9448E+05     1.2425E-01     1.4108E+01     CE1      1477

 BOND    =    37380.4968  ANGLE   =      342.7076  DIHED      =      938.4926
 VDWAALS =    44257.1130  EEL     =  -287115.8771  HBOND      =        0.0000
 1-4 VDW =      750.5070  1-4 EEL =     8765.5351  RESTRAINT  =      201.1081
 EAMBER  =  -194681.0251


   NSTEP       ENERGY          RMS            GMAX         NAME    NUMBER
   3800      -1.9451E+05     2.0130E-01     2.7921E+01     CE1      1477

 BOND    =    37409.0879  ANGLE   =      343.0018  DIHED      =      938.5207
 VDWAALS =    44315.4738  EEL     =  -287236.2257  HBOND      =        0.0000
 1-4 VDW =      750.5115  1-4 EEL =     8765.4859  RESTRAINT  =      201.0714
 EAMBER  =  -194714.1440


   NSTEP       ENERGY          RMS            GMAX         NAME    NUMBER
   3850      -1.9454E+05     3.0963E-01     4.7415E+01     CG       1328

 BOND    =    37436.6330  ANGLE   =      343.3254  DIHED      =      938.5652
 VDWAALS =    44370.0177  EEL     =  -287349.4584  HBOND      =        0.0000
 1-4 VDW =      750.5356  1-4 EEL =     8765.4686  RESTRAINT  =      201.0480
 EAMBER  =  -194744.9128


   NSTEP       ENERGY          RMS            GMAX         NAME    NUMBER
   3900      -1.9458E+05     1.0110E-01     1.0429E+01     CE1      1477

 BOND    =    37461.9683  ANGLE   =      342.5317  DIHED      =      938.5771
 VDWAALS =    44424.3049  EEL     =  -287462.3177  HBOND      =        0.0000
 1-4 VDW =      750.5222  1-4 EEL =     8765.5406  RESTRAINT  =      201.0203
 EAMBER  =  -194778.8729


   NSTEP       ENERGY          RMS            GMAX         NAME    NUMBER
   3950      -1.9461E+05     2.5674E-01     3.6860E+01     CE1      1477

 BOND    =    37489.4249  ANGLE   =      342.6180  DIHED      =      938.6164
 VDWAALS =    44477.5364  EEL     =  -287574.3125  HBOND      =        0.0000
 1-4 VDW =      750.5336  1-4 EEL =     8765.5929  RESTRAINT  =      201.0167
 EAMBER  =  -194809.9904


   NSTEP       ENERGY          RMS            GMAX         NAME    NUMBER
   4000      -1.9464E+05     7.8715E-02     4.2621E+00     CE1      1477

 BOND    =    37512.7388  ANGLE   =      342.6904  DIHED      =      938.6569
 VDWAALS =    44528.1263  EEL     =  -287679.8372  HBOND      =        0.0000
 1-4 VDW =      750.5260  1-4 EEL =     8765.4857  RESTRAINT  =      201.0216
 EAMBER  =  -194841.6130


   NSTEP       ENERGY          RMS            GMAX         NAME    NUMBER
   4050      -1.9467E+05     2.3484E-01     4.7592E+01     CG       1328

 BOND    =    37538.8893  ANGLE   =      343.0821  DIHED      =      938.6918
 VDWAALS =    44580.7288  EEL     =  -287788.7658  HBOND      =        0.0000
 1-4 VDW =      750.5030  1-4 EEL =     8765.4067  RESTRAINT  =      201.0494
 EAMBER  =  -194871.4640


   NSTEP       ENERGY          RMS            GMAX         NAME    NUMBER
   4100      -1.9470E+05     7.6890E-02     4.0902E+00     CE1      1477

 BOND    =    37562.4475  ANGLE   =      342.6682  DIHED      =      938.7731
 VDWAALS =    44631.0762  EEL     =  -287892.7511  HBOND      =        0.0000
 1-4 VDW =      750.5227  1-4 EEL =     8765.4682  RESTRAINT  =      201.0851
 EAMBER  =  -194901.7952


   NSTEP       ENERGY          RMS            GMAX         NAME    NUMBER
   4150      -1.9473E+05     2.0133E-01     3.2642E+01     CG       1328

 BOND    =    37588.0435  ANGLE   =      342.6618  DIHED      =      938.8370
 VDWAALS =    44682.6283  EEL     =  -287998.7840  HBOND      =        0.0000
 1-4 VDW =      750.4983  1-4 EEL =     8765.4694  RESTRAINT  =      201.1575
 EAMBER  =  -194930.6456


   NSTEP       ENERGY          RMS            GMAX         NAME    NUMBER
   4200      -1.9476E+05     8.1677E-02     6.6342E+00     CE1      1477

 BOND    =    37611.3457  ANGLE   =      342.8476  DIHED      =      938.9467
 VDWAALS =    44732.1555  EEL     =  -288101.4928  HBOND      =        0.0000
 1-4 VDW =      750.4854  1-4 EEL =     8765.3945  RESTRAINT  =      201.2687
 EAMBER  =  -194960.3174


   NSTEP       ENERGY          RMS            GMAX         NAME    NUMBER
   4250      -1.9479E+05     1.6197E-01     2.2167E+01     CE1      1477

 BOND    =    37635.9282  ANGLE   =      343.1375  DIHED      =      939.0830
 VDWAALS =    44781.5184  EEL     =  -288205.0496  HBOND      =        0.0000
 1-4 VDW =      750.4526  1-4 EEL =     8765.3469  RESTRAINT  =      201.4504
 EAMBER  =  -194989.5830


   NSTEP       ENERGY          RMS            GMAX         NAME    NUMBER
   4300      -1.9482E+05     2.2882E-01     3.4216E+01     CE1      1477

 BOND    =    37660.4908  ANGLE   =      343.4506  DIHED      =      939.2561
 VDWAALS =    44830.0936  EEL     =  -288307.3977  HBOND      =        0.0000
 1-4 VDW =      750.3965  1-4 EEL =     8765.3126  RESTRAINT  =      201.7302
 EAMBER  =  -195018.3976


   NSTEP       ENERGY          RMS            GMAX         NAME    NUMBER
   4350      -1.9485E+05     8.0841E-02     6.1293E+00     CE1      1477

 BOND    =    37683.4122  ANGLE   =      342.8945  DIHED      =      939.4566
 VDWAALS =    44877.0345  EEL     =  -288406.6131  HBOND      =        0.0000
 1-4 VDW =      750.3366  1-4 EEL =     8765.3970  RESTRAINT  =      202.0857
 EAMBER  =  -195048.0815


   NSTEP       ENERGY          RMS            GMAX         NAME    NUMBER
   4400      -1.9487E+05     1.9394E-01     2.8181E+01     CE1      1477

 BOND    =    37707.7196  ANGLE   =      342.8418  DIHED      =      939.6416
 VDWAALS =    44923.2619  EEL     =  -288505.3959  HBOND      =        0.0000
 1-4 VDW =      750.3163  1-4 EEL =     8765.4490  RESTRAINT  =      202.4139
 EAMBER  =  -195076.1657


   NSTEP       ENERGY          RMS            GMAX         NAME    NUMBER
   4450      -1.9490E+05     2.9813E-01     4.7351E+01     CG       1328

 BOND    =    37731.3303  ANGLE   =      342.8414  DIHED      =      939.7517
 VDWAALS =    44967.0745  EEL     =  -288599.2315  HBOND      =        0.0000
 1-4 VDW =      750.3716  1-4 EEL =     8765.4755  RESTRAINT  =      202.5193
 EAMBER  =  -195102.3865


   NSTEP       ENERGY          RMS            GMAX         NAME    NUMBER
   4500      -1.9493E+05     1.7099E-01     2.3505E+01     CE1      1477

 BOND    =    37751.3377  ANGLE   =      343.1109  DIHED      =      939.7616
 VDWAALS =    45008.6506  EEL     =  -288688.9386  HBOND      =        0.0000
 1-4 VDW =      750.4155  1-4 EEL =     8765.3048  RESTRAINT  =      202.4402
 EAMBER  =  -195130.3575


   NSTEP       ENERGY          RMS            GMAX         NAME    NUMBER
   4550      -1.9495E+05     7.2917E-02     4.2190E+00     CE1      1477

 BOND    =    37772.2496  ANGLE   =      342.6423  DIHED      =      939.7697
 VDWAALS =    45049.8573  EEL     =  -288777.6163  HBOND      =        0.0000
 1-4 VDW =      750.4875  1-4 EEL =     8765.3419  RESTRAINT  =      202.2972
 EAMBER  =  -195157.2679


   NSTEP       ENERGY          RMS            GMAX         NAME    NUMBER
   4600      -1.9498E+05     1.0788E-01     1.3043E+01     CE1      1477

 BOND    =    37793.0944  ANGLE   =      342.5508  DIHED      =      939.7782
 VDWAALS =    45090.7651  EEL     =  -288865.0199  HBOND      =        0.0000
 1-4 VDW =      750.5502  1-4 EEL =     8765.3377  RESTRAINT  =      202.1671
 EAMBER  =  -195182.9437


   NSTEP       ENERGY          RMS            GMAX         NAME    NUMBER
   4650      -1.9500E+05     2.0623E-01     2.8311E+01     CE1      1477

 BOND    =    37813.5248  ANGLE   =      342.5251  DIHED      =      939.8047
 VDWAALS =    45130.5121  EEL     =  -288949.1564  HBOND      =        0.0000
 1-4 VDW =      750.6233  1-4 EEL =     8765.3594  RESTRAINT  =      202.0662
 EAMBER  =  -195206.8071


   NSTEP       ENERGY          RMS            GMAX         NAME    NUMBER
   4700      -1.9503E+05     1.0616E-01     1.2668E+01     CE1      1477

 BOND    =    37832.2005  ANGLE   =      342.7588  DIHED      =      939.8117
 VDWAALS =    45170.3929  EEL     =  -289033.0901  HBOND      =        0.0000
 1-4 VDW =      750.6706  1-4 EEL =     8765.2369  RESTRAINT  =      201.9817
 EAMBER  =  -195232.0186


   NSTEP       ENERGY          RMS            GMAX         NAME    NUMBER
   4750      -1.9505E+05     1.9563E-01     2.6313E+01     CE1      1477

 BOND    =    37851.5266  ANGLE   =      342.9905  DIHED      =      939.8404
 VDWAALS =    45208.8901  EEL     =  -289114.4525  HBOND      =        0.0000
 1-4 VDW =      750.7488  1-4 EEL =     8765.1937  RESTRAINT  =      201.9048
 EAMBER  =  -195255.2625


   NSTEP       ENERGY          RMS            GMAX         NAME    NUMBER
   4800      -1.9508E+05     2.5950E-01     3.5760E+01     CE1      1477

 BOND    =    37870.6917  ANGLE   =      343.2252  DIHED      =      939.8578
 VDWAALS =    45247.1414  EEL     =  -289195.1582  HBOND      =        0.0000
 1-4 VDW =      750.8223  1-4 EEL =     8765.1475  RESTRAINT  =      201.8345
 EAMBER  =  -195278.2724


   NSTEP       ENERGY          RMS            GMAX         NAME    NUMBER
   4850      -1.9510E+05     1.5464E-01     2.1075E+01     CE1      1477

 BOND    =    37889.3841  ANGLE   =      342.4211  DIHED      =      939.8635
 VDWAALS =    45286.3585  EEL     =  -289277.2854  HBOND      =        0.0000
 1-4 VDW =      750.8899  1-4 EEL =     8765.2383  RESTRAINT  =      201.7737
 EAMBER  =  -195303.1299


   NSTEP       ENERGY          RMS            GMAX         NAME    NUMBER
   4900      -1.9512E+05     2.3136E-01     3.2219E+01     CG       1328

 BOND    =    37908.0008  ANGLE   =      342.4269  DIHED      =      939.8938
 VDWAALS =    45323.2413  EEL     =  -289354.6650  HBOND      =        0.0000
 1-4 VDW =      750.9694  1-4 EEL =     8765.2572  RESTRAINT  =      201.7529
 EAMBER  =  -195324.8756


   NSTEP       ENERGY          RMS            GMAX         NAME    NUMBER
   4950      -1.9515E+05     1.2310E-01     1.6133E+01     CE1      1477

 BOND    =    37924.7419  ANGLE   =      342.6881  DIHED      =      939.8960
 VDWAALS =    45359.9868  EEL     =  -289431.5454  HBOND      =        0.0000
 1-4 VDW =      751.0032  1-4 EEL =     8765.1280  RESTRAINT  =      201.7601
 EAMBER  =  -195348.1014


   NSTEP       ENERGY          RMS            GMAX         NAME    NUMBER
   5000      -1.9517E+05     1.8796E-01     2.6939E+01     CE1      1477

 BOND    =    37942.4612  ANGLE   =      342.8733  DIHED      =      939.9078
 VDWAALS =    45395.9655  EEL     =  -289506.9474  HBOND      =        0.0000
 1-4 VDW =      751.0485  1-4 EEL =     8765.0946  RESTRAINT  =      201.7878
 EAMBER  =  -195369.5965


   NSTEP       ENERGY          RMS            GMAX         NAME    NUMBER
   5050      -1.9539E+05     2.8453E-01     2.0839E+01     O        5080

 BOND    =    38149.8314  ANGLE   =      342.4438  DIHED      =      940.2203
 VDWAALS =    45852.2034  EEL     =  -290394.3013  HBOND      =        0.0000
 1-4 VDW =      751.4917  1-4 EEL =     8765.0701  RESTRAINT  =      201.7387
 EAMBER  =  -195593.0405


   NSTEP       ENERGY          RMS            GMAX         NAME    NUMBER
   5100      -1.9547E+05     2.1527E-01     1.3922E+01     O        5080

 BOND    =    38219.3130  ANGLE   =      342.4025  DIHED      =      939.9763
 VDWAALS =    45959.0968  EEL     =  -290645.5621  HBOND      =        0.0000
 1-4 VDW =      751.4617  1-4 EEL =     8764.9968  RESTRAINT  =      202.0504
 EAMBER  =  -195668.3151


   NSTEP       ENERGY          RMS            GMAX         NAME    NUMBER
   5150      -1.9555E+05     1.7883E-01     1.2656E+01     O        5080

 BOND    =    38276.2026  ANGLE   =      342.3192  DIHED      =      940.0517
 VDWAALS =    46076.6416  EEL     =  -290902.7263  HBOND      =        0.0000
 1-4 VDW =      751.5195  1-4 EEL =     8764.9535  RESTRAINT  =      202.2651
 EAMBER  =  -195751.0382


   NSTEP       ENERGY          RMS            GMAX         NAME    NUMBER
   5200      -1.9566E+05     1.7138E-01     1.1874E+01     CG       1328

 BOND    =    38357.5658  ANGLE   =      342.3378  DIHED      =      940.2182
 VDWAALS =    46236.2470  EEL     =  -291251.6482  HBOND      =        0.0000
 1-4 VDW =      751.6634  1-4 EEL =     8764.7460  RESTRAINT  =      202.5453
 EAMBER  =  -195858.8699


   NSTEP       ENERGY          RMS            GMAX         NAME    NUMBER
   5250      -1.9572E+05     1.6878E-01     6.8260E+00     OD2      1330

 BOND    =    38402.9306  ANGLE   =      342.5850  DIHED      =      940.4504
 VDWAALS =    46337.3751  EEL     =  -291466.0209  HBOND      =        0.0000
 1-4 VDW =      751.7471  1-4 EEL =     8764.6410  RESTRAINT  =      202.7498
 EAMBER  =  -195926.2917


   NSTEP       ENERGY          RMS            GMAX         NAME    NUMBER
   5300      -1.9579E+05     1.5248E-01     9.1315E+00     CG       1328

 BOND    =    38453.4352  ANGLE   =      342.0288  DIHED      =      940.5378
 VDWAALS =    46429.9723  EEL     =  -291674.0800  HBOND      =        0.0000
 1-4 VDW =      751.7253  1-4 EEL =     8764.9268  RESTRAINT  =      202.8335
 EAMBER  =  -195991.4540


   NSTEP       ENERGY          RMS            GMAX         NAME    NUMBER
   5350      -1.9585E+05     1.4463E-01     7.1895E+00     O       19332

 BOND    =    38498.1969  ANGLE   =      341.9489  DIHED      =      940.6282
 VDWAALS =    46519.6484  EEL     =  -291869.7770  HBOND      =        0.0000
 1-4 VDW =      751.7419  1-4 EEL =     8765.0132  RESTRAINT  =      202.8674
 EAMBER  =  -196052.5994


   NSTEP       ENERGY          RMS            GMAX         NAME    NUMBER
   5400      -1.9591E+05     1.4394E-01     7.3615E+00     O       19332

 BOND    =    38540.2655  ANGLE   =      341.9599  DIHED      =      940.7741
 VDWAALS =    46616.0952  EEL     =  -292067.5611  HBOND      =        0.0000
 1-4 VDW =      751.7607  1-4 EEL =     8765.0396  RESTRAINT  =      202.8749
 EAMBER  =  -196111.6662


   NSTEP       ENERGY          RMS            GMAX         NAME    NUMBER
   5450      -1.9597E+05     1.5031E-01     6.1356E+00     C        3277

 BOND    =    38586.0120  ANGLE   =      342.0705  DIHED      =      941.0241
 VDWAALS =    46712.4524  EEL     =  -292269.6053  HBOND      =        0.0000
 1-4 VDW =      751.7647  1-4 EEL =     8765.0129  RESTRAINT  =      202.9132
 EAMBER  =  -196171.2686


   NSTEP       ENERGY          RMS            GMAX         NAME    NUMBER
   5500      -1.9602E+05     1.8616E-01     9.9389E+00     CE1      1477

 BOND    =    38622.8454  ANGLE   =      342.3207  DIHED      =      941.2424
 VDWAALS =    46798.9267  EEL     =  -292446.1213  HBOND      =        0.0000
 1-4 VDW =      751.7566  1-4 EEL =     8765.0099  RESTRAINT  =      203.0259
 EAMBER  =  -196224.0195


   NSTEP       ENERGY          RMS            GMAX         NAME    NUMBER
   5550      -1.9606E+05     1.7232E-01     1.0572E+01     CG       1328

 BOND    =    38653.2676  ANGLE   =      341.9940  DIHED      =      941.1838
 VDWAALS =    46866.5320  EEL     =  -292586.2756  HBOND      =        0.0000
 1-4 VDW =      751.8056  1-4 EEL =     8764.9925  RESTRAINT  =      203.1192
 EAMBER  =  -196266.5000


   NSTEP       ENERGY          RMS            GMAX         NAME    NUMBER
   5600      -1.9611E+05     1.7714E-01     6.9434E+00     C        3277

 BOND    =    38684.8538  ANGLE   =      341.9788  DIHED      =      941.2943
 VDWAALS =    46936.4328  EEL     =  -292732.2100  HBOND      =        0.0000
 1-4 VDW =      751.8307  1-4 EEL =     8765.0565  RESTRAINT  =      203.1893
 EAMBER  =  -196310.7631


   NSTEP       ENERGY          RMS            GMAX         NAME    NUMBER
   5650      -1.9615E+05     1.6740E-01     8.8344E+00     CB       2732

 BOND    =    38721.4133  ANGLE   =      341.7804  DIHED      =      941.0720
 VDWAALS =    47007.6974  EEL     =  -292886.7747  HBOND      =        0.0000
 1-4 VDW =      751.9061  1-4 EEL =     8765.2262  RESTRAINT  =      203.1553
 EAMBER  =  -196357.6792


   NSTEP       ENERGY          RMS            GMAX         NAME    NUMBER
   5700      -1.9623E+05     2.8036E-01     2.6886E+01     CG       1328

 BOND    =    38790.0903  ANGLE   =      341.7974  DIHED      =      940.9685
 VDWAALS =    47155.6345  EEL     =  -293177.0301  HBOND      =        0.0000
 1-4 VDW =      752.0109  1-4 EEL =     8765.3972  RESTRAINT  =      203.1891
 EAMBER  =  -196431.1314


   NSTEP       ENERGY          RMS            GMAX         NAME    NUMBER
   5750      -1.9630E+05     2.3541E-01     1.4947E+01     CG       1328

 BOND    =    38825.6920  ANGLE   =      341.7272  DIHED      =      941.0463
 VDWAALS =    47230.7487  EEL     =  -293364.6640  HBOND      =        0.0000
 1-4 VDW =      751.9902  1-4 EEL =     8765.4638  RESTRAINT  =      203.3744
 EAMBER  =  -196507.9959


   NSTEP       ENERGY          RMS            GMAX         NAME    NUMBER
   5800      -1.9637E+05     2.0583E-01     9.8336E+00     CG       1328

 BOND    =    38873.3675  ANGLE   =      341.5185  DIHED      =      941.1994
 VDWAALS =    47339.9479  EEL     =  -293583.8913  HBOND      =        0.0000
 1-4 VDW =      751.9409  1-4 EEL =     8765.6686  RESTRAINT  =      203.6780
 EAMBER  =  -196570.2485


   NSTEP       ENERGY          RMS            GMAX         NAME    NUMBER
   5850      -1.9641E+05     2.0740E-01     1.4202E+01     CD        143

 BOND    =    38898.4071  ANGLE   =      341.5867  DIHED      =      941.2164
 VDWAALS =    47385.1097  EEL     =  -293701.7898  HBOND      =        0.0000
 1-4 VDW =      751.9723  1-4 EEL =     8765.7603  RESTRAINT  =      203.7758
 EAMBER  =  -196617.7373


   NSTEP       ENERGY          RMS            GMAX         NAME    NUMBER
   5900      -1.9646E+05     2.1927E-01     9.5233E+00     CG       1328

 BOND    =    38933.7998  ANGLE   =      341.4194  DIHED      =      941.2669
 VDWAALS =    47447.5102  EEL     =  -293841.0188  HBOND      =        0.0000
 1-4 VDW =      751.9580  1-4 EEL =     8765.9775  RESTRAINT  =      203.9429
 EAMBER  =  -196659.0870


   NSTEP       ENERGY          RMS            GMAX         NAME    NUMBER
   5950      -1.9650E+05     2.3392E-01     1.4734E+01     CG       1328

 BOND    =    38961.0382  ANGLE   =      341.4788  DIHED      =      941.3581
 VDWAALS =    47503.2811  EEL     =  -293965.4105  HBOND      =        0.0000
 1-4 VDW =      751.9732  1-4 EEL =     8766.0787  RESTRAINT  =      204.0793
 EAMBER  =  -196700.2024


   NSTEP       ENERGY          RMS            GMAX         NAME    NUMBER
   6000      -1.9654E+05     2.3523E-01     9.9415E+00     CB       2732

 BOND    =    38993.0746  ANGLE   =      341.5596  DIHED      =      941.2136
 VDWAALS =    47548.6884  EEL     =  -294085.3677  HBOND      =        0.0000
 1-4 VDW =      752.0074  1-4 EEL =     8766.1516  RESTRAINT  =      204.1986
 EAMBER  =  -196742.6725


   NSTEP       ENERGY          RMS            GMAX         NAME    NUMBER
   6050      -1.9658E+05     1.9448E-01     9.5055E+00     CA       2730

 BOND    =    39023.8816  ANGLE   =      341.4331  DIHED      =      941.5168
 VDWAALS =    47611.4907  EEL     =  -294222.3718  HBOND      =        0.0000
 1-4 VDW =      752.0638  1-4 EEL =     8766.3624  RESTRAINT  =      204.3649
 EAMBER  =  -196785.6233


   NSTEP       ENERGY          RMS            GMAX         NAME    NUMBER
   6100      -1.9663E+05     2.0947E-01     9.9179E+00     CB       2715

 BOND    =    39058.5549  ANGLE   =      341.4702  DIHED      =      941.5148
 VDWAALS =    47676.7057  EEL     =  -294367.0872  HBOND      =        0.0000
 1-4 VDW =      752.1205  1-4 EEL =     8766.3861  RESTRAINT  =      204.5457
 EAMBER  =  -196830.3349


   NSTEP       ENERGY          RMS            GMAX         NAME    NUMBER
   6150      -1.9667E+05     2.0543E-01     1.2515E+01     CB       2715

 BOND    =    39094.8022  ANGLE   =      341.4341  DIHED      =      941.4996
 VDWAALS =    47739.7278  EEL     =  -294515.4571  HBOND      =        0.0000
 1-4 VDW =      752.1721  1-4 EEL =     8766.4715  RESTRAINT  =      204.7693
 EAMBER  =  -196879.3499


   NSTEP       ENERGY          RMS            GMAX         NAME    NUMBER
   6200      -1.9672E+05     2.2825E-01     1.1728E+01     CB       2715

 BOND    =    39131.2096  ANGLE   =      341.4645  DIHED      =      941.5950
 VDWAALS =    47795.5457  EEL     =  -294655.7618  HBOND      =        0.0000
 1-4 VDW =      752.2282  1-4 EEL =     8766.5736  RESTRAINT  =      205.0989
 EAMBER  =  -196927.1452


   NSTEP       ENERGY          RMS            GMAX         NAME    NUMBER
   6250      -1.9677E+05     2.1411E-01     1.0342E+01     CA       2730

 BOND    =    39170.2414  ANGLE   =      341.2125  DIHED      =      941.6540
 VDWAALS =    47854.5468  EEL     =  -294803.5794  HBOND      =        0.0000
 1-4 VDW =      752.2417  1-4 EEL =     8766.5039  RESTRAINT  =      205.5438
 EAMBER  =  -196977.1790


   NSTEP       ENERGY          RMS            GMAX         NAME    NUMBER
   6300      -1.9682E+05     1.3836E-01     1.9019E+01     H2      42342

 BOND    =    39190.5722  ANGLE   =      341.0357  DIHED      =      941.5249
 VDWAALS =    47926.7807  EEL     =  -294945.8107  HBOND      =        0.0000
 1-4 VDW =      752.2474  1-4 EEL =     8766.5084  RESTRAINT  =      206.0231
 EAMBER  =  -197027.1415


   NSTEP       ENERGY          RMS            GMAX         NAME    NUMBER
   6350      -1.9686E+05     1.8054E-01     1.2260E+01     CB       2304

 BOND    =    39224.2915  ANGLE   =      341.3358  DIHED      =      941.7058
 VDWAALS =    47990.4480  EEL     =  -295084.4739  HBOND      =        0.0000
 1-4 VDW =      752.2882  1-4 EEL =     8766.4051  RESTRAINT  =      206.3403
 EAMBER  =  -197067.9995


   NSTEP       ENERGY          RMS            GMAX         NAME    NUMBER
   6400      -1.9690E+05     2.0902E-01     1.4771E+01     O       42408

 BOND    =    39260.1974  ANGLE   =      341.1189  DIHED      =      941.8713
 VDWAALS =    48078.8874  EEL     =  -295249.8874  HBOND      =        0.0000
 1-4 VDW =      752.3021  1-4 EEL =     8766.0775  RESTRAINT  =      206.4494
 EAMBER  =  -197109.4328


   NSTEP       ENERGY          RMS            GMAX         NAME    NUMBER
   6450      -1.9695E+05     1.9720E-01     1.2865E+01     O       42408

 BOND    =    39299.1261  ANGLE   =      341.1443  DIHED      =      941.8627
 VDWAALS =    48164.4954  EEL     =  -295421.4993  HBOND      =        0.0000
 1-4 VDW =      752.3624  1-4 EEL =     8765.8988  RESTRAINT  =      206.2428
 EAMBER  =  -197156.6096


   NSTEP       ENERGY          RMS            GMAX         NAME    NUMBER
   6500      -1.9699E+05     1.7013E-01     1.1628E+01     O       42408

 BOND    =    39331.9094  ANGLE   =      340.9638  DIHED      =      941.8801
 VDWAALS =    48232.4770  EEL     =  -295565.1363  HBOND      =        0.0000
 1-4 VDW =      752.4307  1-4 EEL =     8765.7686  RESTRAINT  =      206.1774
 EAMBER  =  -197199.7066


   NSTEP       ENERGY          RMS            GMAX         NAME    NUMBER
   6550      -1.9704E+05     1.7875E-01     1.0875E+01     O       42408

 BOND    =    39363.0280  ANGLE   =      340.9729  DIHED      =      941.8418
 VDWAALS =    48291.6653  EEL     =  -295699.6361  HBOND      =        0.0000
 1-4 VDW =      752.5158  1-4 EEL =     8765.7356  RESTRAINT  =      206.2670
 EAMBER  =  -197243.8766


   NSTEP       ENERGY          RMS            GMAX         NAME    NUMBER
   6600      -1.9708E+05     2.0819E-01     1.6303E+01     O       42408

 BOND    =    39394.6787  ANGLE   =      341.0166  DIHED      =      942.0768
 VDWAALS =    48349.5588  EEL     =  -295836.5193  HBOND      =        0.0000
 1-4 VDW =      752.5748  1-4 EEL =     8765.9518  RESTRAINT  =      206.2453
 EAMBER  =  -197290.6618


   NSTEP       ENERGY          RMS            GMAX         NAME    NUMBER
   6650      -1.9713E+05     2.1242E-01     1.3875E+01     H1      42517

 BOND    =    39427.5668  ANGLE   =      341.0020  DIHED      =      942.1456
 VDWAALS =    48434.4235  EEL     =  -296001.5059  HBOND      =        0.0000
 1-4 VDW =      752.6559  1-4 EEL =     8765.9962  RESTRAINT  =      206.2979
 EAMBER  =  -197337.7159


   NSTEP       ENERGY          RMS            GMAX         NAME    NUMBER
   6700      -1.9718E+05     1.7092E-01     1.3950E+01     CD        143

 BOND    =    39461.6954  ANGLE   =      340.8171  DIHED      =      942.1694
 VDWAALS =    48500.5005  EEL     =  -296145.9544  HBOND      =        0.0000
 1-4 VDW =      752.6614  1-4 EEL =     8766.0096  RESTRAINT  =      206.2821
 EAMBER  =  -197382.1010


   NSTEP       ENERGY          RMS            GMAX         NAME    NUMBER
   6750      -1.9722E+05     4.3760E-01     2.7159E+01     H1      32889

 BOND    =    39535.6598  ANGLE   =      341.7071  DIHED      =      942.3163
 VDWAALS =    48594.8371  EEL     =  -296363.0362  HBOND      =        0.0000
 1-4 VDW =      752.7668  1-4 EEL =     8766.2000  RESTRAINT  =      206.6236
 EAMBER  =  -197429.5492


   NSTEP       ENERGY          RMS            GMAX         NAME    NUMBER
   6800      -1.9727E+05     1.2259E-01     6.1846E+00     CD        143

 BOND    =    39531.4418  ANGLE   =      340.6760  DIHED      =      942.3445
 VDWAALS =    48634.8884  EEL     =  -296442.5851  HBOND      =        0.0000
 1-4 VDW =      752.7281  1-4 EEL =     8766.0489  RESTRAINT  =      206.6672
 EAMBER  =  -197474.4574


   NSTEP       ENERGY          RMS            GMAX         NAME    NUMBER
   6850      -1.9729E+05     1.3677E-01     9.0344E+00     O       26596

 BOND    =    39555.1894  ANGLE   =      340.7393  DIHED      =      942.2938
 VDWAALS =    48672.8333  EEL     =  -296530.4418  HBOND      =        0.0000
 1-4 VDW =      752.7445  1-4 EEL =     8766.1137  RESTRAINT  =      206.7792
 EAMBER  =  -197500.5277


   NSTEP       ENERGY          RMS            GMAX         NAME    NUMBER
   6900      -1.9732E+05     1.4093E-01     1.0266E+01     O       26596

 BOND    =    39559.3643  ANGLE   =      340.6117  DIHED      =      942.4297
 VDWAALS =    48702.0598  EEL     =  -296585.2499  HBOND      =        0.0000
 1-4 VDW =      752.7604  1-4 EEL =     8766.1024  RESTRAINT  =      206.8360
 EAMBER  =  -197521.9215


   NSTEP       ENERGY          RMS            GMAX         NAME    NUMBER
   6950      -1.9734E+05     1.6847E-01     9.0831E+00     CB       2715

 BOND    =    39564.9856  ANGLE   =      340.7662  DIHED      =      942.4574
 VDWAALS =    48737.7384  EEL     =  -296648.8224  HBOND      =        0.0000
 1-4 VDW =      752.7761  1-4 EEL =     8766.1139  RESTRAINT  =      206.8836
 EAMBER  =  -197543.9849


   NSTEP       ENERGY          RMS            GMAX         NAME    NUMBER
   7000      -1.9735E+05     1.6482E-01     1.6662E+01     CD        143

 BOND    =    39576.3555  ANGLE   =      340.7276  DIHED      =      942.5306
 VDWAALS =    48768.8755  EEL     =  -296708.3836  HBOND      =        0.0000
 1-4 VDW =      752.8128  1-4 EEL =     8766.1062  RESTRAINT  =      206.9158
 EAMBER  =  -197560.9754


   NSTEP       ENERGY          RMS            GMAX         NAME    NUMBER
   7050      -1.9738E+05     1.8355E-01     1.5005E+01     CD        143

 BOND    =    39596.2607  ANGLE   =      340.8455  DIHED      =      942.5184
 VDWAALS =    48814.9346  EEL     =  -296797.7446  HBOND      =        0.0000
 1-4 VDW =      752.8540  1-4 EEL =     8766.1300  RESTRAINT  =      206.9501
 EAMBER  =  -197584.2013


   NSTEP       ENERGY          RMS            GMAX         NAME    NUMBER
   7100      -1.9740E+05     1.3510E-01     8.1013E+00     CA       2730

 BOND    =    39627.9885  ANGLE   =      340.8834  DIHED      =      942.5587
 VDWAALS =    48841.9350  EEL     =  -296878.1995  HBOND      =        0.0000
 1-4 VDW =      752.7932  1-4 EEL =     8766.1082  RESTRAINT  =      206.9527
 EAMBER  =  -197605.9325


   NSTEP       ENERGY          RMS            GMAX         NAME    NUMBER
   7150      -1.9742E+05     1.1105E-01     4.7364E+00     CD        143

 BOND    =    39645.2662  ANGLE   =      340.9139  DIHED      =      942.5463
 VDWAALS =    48872.6309  EEL     =  -296948.2535  HBOND      =        0.0000
 1-4 VDW =      752.8883  1-4 EEL =     8766.1146  RESTRAINT  =      207.0218
 EAMBER  =  -197627.8932


   NSTEP       ENERGY          RMS            GMAX         NAME    NUMBER
   7200      -1.9745E+05     2.7169E-01     2.0315E+01     H1      19217

 BOND    =    39682.2086  ANGLE   =      341.8173  DIHED      =      942.6762
 VDWAALS =    48931.5790  EEL     =  -297069.9982  HBOND      =        0.0000
 1-4 VDW =      752.8307  1-4 EEL =     8766.3327  RESTRAINT  =      207.4248
 EAMBER  =  -197652.5538


   NSTEP       ENERGY          RMS            GMAX         NAME    NUMBER
   7250      -1.9748E+05     1.6212E-01     1.1051E+01     O       19340

 BOND    =    39699.8106  ANGLE   =      341.0226  DIHED      =      943.0396
 VDWAALS =    48971.3911  EEL     =  -297163.5881  HBOND      =        0.0000
 1-4 VDW =      753.0172  1-4 EEL =     8765.5349  RESTRAINT  =      207.4526
 EAMBER  =  -197689.7722


   NSTEP       ENERGY          RMS            GMAX         NAME    NUMBER
   7300      -1.9751E+05     1.9501E-01     2.5221E+01     CD       3079

 BOND    =    39707.1803  ANGLE   =      340.8944  DIHED      =      942.9942
 VDWAALS =    49026.1824  EEL     =  -297255.1555  HBOND      =        0.0000
 1-4 VDW =      752.9133  1-4 EEL =     8765.5668  RESTRAINT  =      207.7197
 EAMBER  =  -197719.4241


   NSTEP       ENERGY          RMS            GMAX         NAME    NUMBER
   7350      -1.9755E+05     1.7716E-01     1.3897E+01     H2      19342

 BOND    =    39733.8847  ANGLE   =      341.1401  DIHED      =      943.0851
 VDWAALS =    49092.5396  EEL     =  -297382.9877  HBOND      =        0.0000
 1-4 VDW =      752.9622  1-4 EEL =     8765.6861  RESTRAINT  =      207.9370
 EAMBER  =  -197753.6900


   NSTEP       ENERGY          RMS            GMAX         NAME    NUMBER
   7400      -1.9757E+05     1.2928E-01     6.2267E+00     O       19340

 BOND    =    39752.7012  ANGLE   =      341.0389  DIHED      =      943.1478
 VDWAALS =    49123.3087  EEL     =  -297458.6802  HBOND      =        0.0000
 1-4 VDW =      752.9327  1-4 EEL =     8765.8659  RESTRAINT  =      207.9291
 EAMBER  =  -197779.6850


   NSTEP       ENERGY          RMS            GMAX         NAME    NUMBER
   7450      -1.9760E+05     1.6297E-01     1.0525E+01     H2      19342

 BOND    =    39768.6507  ANGLE   =      341.1538  DIHED      =      943.2184
 VDWAALS =    49166.2801  EEL     =  -297541.4944  HBOND      =        0.0000
 1-4 VDW =      752.9961  1-4 EEL =     8765.6861  RESTRAINT  =      207.9743
 EAMBER  =  -197803.5092


   NSTEP       ENERGY          RMS            GMAX         NAME    NUMBER
   7500      -1.9762E+05     1.9321E-01     1.8865E+01     CD       3079

 BOND    =    39790.2591  ANGLE   =      341.3518  DIHED      =      943.3525
 VDWAALS =    49199.3877  EEL     =  -297623.2417  HBOND      =        0.0000
 1-4 VDW =      752.9407  1-4 EEL =     8765.7511  RESTRAINT  =      208.1710
 EAMBER  =  -197830.1987


   NSTEP       ENERGY          RMS            GMAX         NAME    NUMBER
   7550      -1.9765E+05     1.2998E-01     7.3795E+00     O       19340

 BOND    =    39798.2887  ANGLE   =      341.2583  DIHED      =      943.4122
 VDWAALS =    49220.1293  EEL     =  -297676.7080  HBOND      =        0.0000
 1-4 VDW =      752.8646  1-4 EEL =     8765.7951  RESTRAINT  =      208.2506
 EAMBER  =  -197854.9598


   NSTEP       ENERGY          RMS            GMAX         NAME    NUMBER
   7600      -1.9767E+05     1.4782E-01     9.8225E+00     O       19340

 BOND    =    39831.1894  ANGLE   =      340.9027  DIHED      =      943.8036
 VDWAALS =    49257.2328  EEL     =  -297765.8953  HBOND      =        0.0000
 1-4 VDW =      752.8100  1-4 EEL =     8765.5495  RESTRAINT  =      208.3987
 EAMBER  =  -197874.4074


   NSTEP       ENERGY          RMS            GMAX         NAME    NUMBER
   7650      -1.9769E+05     1.4589E-01     1.4887E+01     CD        143

 BOND    =    39848.9048  ANGLE   =      341.0643  DIHED      =      943.7771
 VDWAALS =    49286.6888  EEL     =  -297837.7490  HBOND      =        0.0000
 1-4 VDW =      752.7877  1-4 EEL =     8765.4278  RESTRAINT  =      208.5060
 EAMBER  =  -197899.0984


   NSTEP       ENERGY          RMS            GMAX         NAME    NUMBER
   7700      -1.9772E+05     2.1175E-01     2.4317E+01     O        5520

 BOND    =    39860.5945  ANGLE   =      341.8328  DIHED      =      943.8871
 VDWAALS =    49330.1606  EEL     =  -297920.4313  HBOND      =        0.0000
 1-4 VDW =      752.8422  1-4 EEL =     8765.3700  RESTRAINT  =      208.7204
 EAMBER  =  -197925.7441


   NSTEP       ENERGY          RMS            GMAX         NAME    NUMBER
   7750      -1.9774E+05     1.6071E-01     8.1253E+00     H2      27934

 BOND    =    39876.6338  ANGLE   =      342.0072  DIHED      =      944.0448
 VDWAALS =    49359.9358  EEL     =  -297993.7598  HBOND      =        0.0000
 1-4 VDW =      752.8236  1-4 EEL =     8765.4007  RESTRAINT  =      208.8712
 EAMBER  =  -197952.9138


   NSTEP       ENERGY          RMS            GMAX         NAME    NUMBER
   7800      -1.9776E+05     1.6635E-01     1.4187E+01     CD       3079

 BOND    =    39883.8380  ANGLE   =      341.9974  DIHED      =      944.1767
 VDWAALS =    49385.3998  EEL     =  -298043.0519  HBOND      =        0.0000
 1-4 VDW =      752.7569  1-4 EEL =     8765.2425  RESTRAINT  =      209.1218
 EAMBER  =  -197969.6407


   NSTEP       ENERGY          RMS            GMAX         NAME    NUMBER
   7850      -1.9778E+05     1.5833E-01     8.7675E+00     O       19340

 BOND    =    39898.5173  ANGLE   =      341.6603  DIHED      =      944.1401
 VDWAALS =    49405.9948  EEL     =  -298096.6427  HBOND      =        0.0000
 1-4 VDW =      752.8491  1-4 EEL =     8765.2302  RESTRAINT  =      209.3006
 EAMBER  =  -197988.2509


   NSTEP       ENERGY          RMS            GMAX         NAME    NUMBER
   7900      -1.9780E+05     1.3367E-01     7.9699E+00     O       19340

 BOND    =    39911.8729  ANGLE   =      341.5416  DIHED      =      944.2576
 VDWAALS =    49429.6825  EEL     =  -298156.2637  HBOND      =        0.0000
 1-4 VDW =      752.8165  1-4 EEL =     8765.2082  RESTRAINT  =      209.4932
 EAMBER  =  -198010.8843


   NSTEP       ENERGY          RMS            GMAX         NAME    NUMBER
   7950      -1.9782E+05     1.0367E-01     6.3248E+00     H1      44969

 BOND    =    39917.6042  ANGLE   =      341.5332  DIHED      =      944.3884
 VDWAALS =    49458.6381  EEL     =  -298211.4841  HBOND      =        0.0000
 1-4 VDW =      752.8747  1-4 EEL =     8765.2634  RESTRAINT  =      209.5910
 EAMBER  =  -198031.1821


   NSTEP       ENERGY          RMS            GMAX         NAME    NUMBER
   8000      -1.9784E+05     1.2487E-01     9.4835E+00     CG       1328

 BOND    =    39928.9464  ANGLE   =      341.5615  DIHED      =      944.3939
 VDWAALS =    49478.6382  EEL     =  -298258.1607  HBOND      =        0.0000
 1-4 VDW =      752.9026  1-4 EEL =     8765.2169  RESTRAINT  =      209.6020
 EAMBER  =  -198046.5012


   NSTEP       ENERGY          RMS            GMAX         NAME    NUMBER
   8050      -1.9785E+05     1.4486E-01     2.1879E+01     CG       1328

 BOND    =    39941.9175  ANGLE   =      341.5381  DIHED      =      944.4799
 VDWAALS =    49508.1797  EEL     =  -298314.1986  HBOND      =        0.0000
 1-4 VDW =      752.9648  1-4 EEL =     8765.1606  RESTRAINT  =      209.6118
 EAMBER  =  -198059.9581


   NSTEP       ENERGY          RMS            GMAX         NAME    NUMBER
   8100      -1.9787E+05     2.5810E-01     1.8927E+01     O       40208

 BOND    =    39965.3269  ANGLE   =      341.9937  DIHED      =      944.7180
 VDWAALS =    49552.8381  EEL     =  -298406.0232  HBOND      =        0.0000
 1-4 VDW =      753.1335  1-4 EEL =     8764.9768  RESTRAINT  =      209.6253
 EAMBER  =  -198083.0362


   NSTEP       ENERGY          RMS            GMAX         NAME    NUMBER
   8150      -1.9789E+05     1.4974E-01     1.4439E+01     CD        143

 BOND    =    39974.3197  ANGLE   =      341.6224  DIHED      =      944.6903
 VDWAALS =    49578.4933  EEL     =  -298457.3992  HBOND      =        0.0000
 1-4 VDW =      753.0205  1-4 EEL =     8764.9870  RESTRAINT  =      209.6628
 EAMBER  =  -198100.2659


   NSTEP       ENERGY          RMS            GMAX         NAME    NUMBER
   8200      -1.9790E+05     4.7428E-02     3.8325E+00     CG       1328

 BOND    =    39975.5416  ANGLE   =      341.4269  DIHED      =      944.7008
 VDWAALS =    49585.3609  EEL     =  -298477.6993  HBOND      =        0.0000
 1-4 VDW =      753.0526  1-4 EEL =     8764.9926  RESTRAINT  =      209.6744
 EAMBER  =  -198112.6239


   NSTEP       ENERGY          RMS            GMAX         NAME    NUMBER
   8250      -1.9794E+05     5.9375E-02     3.4229E+00     O       31916

 BOND    =    40004.1085  ANGLE   =      341.4394  DIHED      =      944.8263
 VDWAALS =    49643.3283  EEL     =  -298600.7483  HBOND      =        0.0000
 1-4 VDW =      753.1346  1-4 EEL =     8764.7012  RESTRAINT  =      209.9130
 EAMBER  =  -198149.2100


   NSTEP       ENERGY          RMS            GMAX         NAME    NUMBER
   8300      -1.9796E+05     5.3864E-02     1.9997E+00     O       31916

 BOND    =    40020.9278  ANGLE   =      341.4485  DIHED      =      944.9235
 VDWAALS =    49677.5232  EEL     =  -298672.3145  HBOND      =        0.0000
 1-4 VDW =      753.1129  1-4 EEL =     8764.6219  RESTRAINT  =      210.1521
 EAMBER  =  -198169.7567


   NSTEP       ENERGY          RMS            GMAX         NAME    NUMBER
   8350      -1.9798E+05     4.8338E-02     3.1711E+00     CD2      1481

 BOND    =    40034.8950  ANGLE   =      341.6679  DIHED      =      945.0357
 VDWAALS =    49713.2563  EEL     =  -298740.4892  HBOND      =        0.0000
 1-4 VDW =      753.0931  1-4 EEL =     8764.6096  RESTRAINT  =      210.4019
 EAMBER  =  -198187.9317


   NSTEP       ENERGY          RMS            GMAX         NAME    NUMBER
   8400      -1.9801E+05     8.3134E-02     8.0781E+00     CD        143

 BOND    =    40062.3143  ANGLE   =      341.5576  DIHED      =      945.2952
 VDWAALS =    49771.7439  EEL     =  -298858.4809  HBOND      =        0.0000
 1-4 VDW =      753.1424  1-4 EEL =     8764.4756  RESTRAINT  =      210.9326
 EAMBER  =  -198219.9519


   NSTEP       ENERGY          RMS            GMAX         NAME    NUMBER
   8450      -1.9802E+05     7.1438E-02     3.8665E+00     CE1      1477

 BOND    =    40077.7506  ANGLE   =      341.5248  DIHED      =      945.3460
 VDWAALS =    49802.5926  EEL     =  -298917.9761  HBOND      =        0.0000
 1-4 VDW =      753.1663  1-4 EEL =     8764.3562  RESTRAINT  =      211.0367
 EAMBER  =  -198233.2395


   NSTEP       ENERGY          RMS            GMAX         NAME    NUMBER
   8500      -1.9803E+05     6.3447E-02     3.3579E+00     O       20032

 BOND    =    40087.2051  ANGLE   =      341.6663  DIHED      =      945.3366
 VDWAALS =    49822.5241  EEL     =  -298956.7590  HBOND      =        0.0000
 1-4 VDW =      753.1366  1-4 EEL =     8764.2702  RESTRAINT  =      211.1778
 EAMBER  =  -198242.6200


   NSTEP       ENERGY          RMS            GMAX         NAME    NUMBER
   8550      -1.9804E+05     6.1754E-02     2.4458E+00     O       31928

 BOND    =    40095.2644  ANGLE   =      341.7077  DIHED      =      945.3919
 VDWAALS =    49841.3523  EEL     =  -298993.2899  HBOND      =        0.0000
 1-4 VDW =      753.1528  1-4 EEL =     8764.2402  RESTRAINT  =      211.3118
 EAMBER  =  -198252.1807


   NSTEP       ENERGY          RMS            GMAX         NAME    NUMBER
   8600      -1.9805E+05     6.8245E-02     3.7592E+00     CD        143

 BOND    =    40105.8933  ANGLE   =      341.8336  DIHED      =      945.4089
 VDWAALS =    49860.8777  EEL     =  -299033.2049  HBOND      =        0.0000
 1-4 VDW =      753.1648  1-4 EEL =     8764.1903  RESTRAINT  =      211.4541
 EAMBER  =  -198261.8363


   NSTEP       ENERGY          RMS            GMAX         NAME    NUMBER
   8650      -1.9806E+05     7.5114E-02     4.5499E+00     CG       1328

 BOND    =    40115.0211  ANGLE   =      341.7680  DIHED      =      945.4276
 VDWAALS =    49879.8324  EEL     =  -299069.6895  HBOND      =        0.0000
 1-4 VDW =      753.1771  1-4 EEL =     8764.0905  RESTRAINT  =      211.6022
 EAMBER  =  -198270.3728


   NSTEP       ENERGY          RMS            GMAX         NAME    NUMBER
   8700      -1.9807E+05     1.8383E-01     2.5813E+01     CG       1328

 BOND    =    40118.1148  ANGLE   =      342.2087  DIHED      =      945.5093
 VDWAALS =    49905.0585  EEL     =  -299108.8287  HBOND      =        0.0000
 1-4 VDW =      753.1667  1-4 EEL =     8763.9936  RESTRAINT  =      211.8319
 EAMBER  =  -198280.7771


   NSTEP       ENERGY          RMS            GMAX         NAME    NUMBER
   8750      -1.9808E+05     1.9641E-01     1.5113E+01     CG       1328

 BOND    =    40131.1092  ANGLE   =      342.3576  DIHED      =      945.5117
 VDWAALS =    49931.6544  EEL     =  -299161.0083  HBOND      =        0.0000
 1-4 VDW =      753.1071  1-4 EEL =     8763.9678  RESTRAINT  =      212.1090
 EAMBER  =  -198293.3006


   NSTEP       ENERGY          RMS            GMAX         NAME    NUMBER
   8800      -1.9809E+05     3.3027E-02     1.4338E+00     CG       1328

 BOND    =    40133.2954  ANGLE   =      341.9383  DIHED      =      945.4848
 VDWAALS =    49935.4280  EEL     =  -299171.6734  HBOND      =        0.0000
 1-4 VDW =      753.1181  1-4 EEL =     8763.9843  RESTRAINT  =      212.1559
 EAMBER  =  -198298.4245


   NSTEP       ENERGY          RMS            GMAX         NAME    NUMBER
   8850      -1.9814E+05     9.5077E-02     7.2158E+00     O        7676

 BOND    =    40185.1894  ANGLE   =      342.3733  DIHED      =      945.5309
 VDWAALS =    50062.9549  EEL     =  -299407.3545  HBOND      =        0.0000
 1-4 VDW =      753.1872  1-4 EEL =     8763.2816  RESTRAINT  =      212.7405
 EAMBER  =  -198354.8373


   NSTEP       ENERGY          RMS            GMAX         NAME    NUMBER
   8900      -1.9815E+05     7.9694E-02     7.7176E+00     O        7676

 BOND    =    40194.9684  ANGLE   =      342.2950  DIHED      =      945.5646
 VDWAALS =    50084.9208  EEL     =  -299448.7064  HBOND      =        0.0000
 1-4 VDW =      753.2830  1-4 EEL =     8763.3240  RESTRAINT  =      212.6794
 EAMBER  =  -198364.3507


   NSTEP       ENERGY          RMS            GMAX         NAME    NUMBER
   8950      -1.9816E+05     6.6764E-02     4.7246E+00     CG       1328

 BOND    =    40204.7489  ANGLE   =      342.2661  DIHED      =      945.6365
 VDWAALS =    50101.2314  EEL     =  -299482.4406  HBOND      =        0.0000
 1-4 VDW =      753.3046  1-4 EEL =     8763.4016  RESTRAINT  =      212.7112
 EAMBER  =  -198371.8515


   NSTEP       ENERGY          RMS            GMAX         NAME    NUMBER
   9000      -1.9817E+05     9.0090E-02     9.2113E+00     CD        143

 BOND    =    40213.1498  ANGLE   =      342.1553  DIHED      =      945.6269
 VDWAALS =    50117.9884  EEL     =  -299514.6660  HBOND      =        0.0000
 1-4 VDW =      753.3275  1-4 EEL =     8763.4761  RESTRAINT  =      212.7229
 EAMBER  =  -198378.9420


   NSTEP       ENERGY          RMS            GMAX         NAME    NUMBER
   9050      -1.9817E+05     7.6579E-02     7.2434E+00     CD        143

 BOND    =    40220.0951  ANGLE   =      342.1351  DIHED      =      945.5541
 VDWAALS =    50134.1609  EEL     =  -299546.3953  HBOND      =        0.0000
 1-4 VDW =      753.2960  1-4 EEL =     8763.5033  RESTRAINT  =      212.7359
 EAMBER  =  -198387.6508


   NSTEP       ENERGY          RMS            GMAX         NAME    NUMBER
   9100      -1.9819E+05     5.2087E-02     3.2327E+00     C        2312

 BOND    =    40236.3591  ANGLE   =      342.0697  DIHED      =      945.6161
 VDWAALS =    50166.4992  EEL     =  -299610.5190  HBOND      =        0.0000
 1-4 VDW =      753.3743  1-4 EEL =     8763.5797  RESTRAINT  =      212.7407
 EAMBER  =  -198403.0209


   NSTEP       ENERGY          RMS            GMAX         NAME    NUMBER
   9150      -1.9820E+05     3.9441E-02     2.2895E+00     O        7676

 BOND    =    40248.9557  ANGLE   =      342.0994  DIHED      =      945.6608
 VDWAALS =    50197.3503  EEL     =  -299667.5062  HBOND      =        0.0000
 1-4 VDW =      753.4025  1-4 EEL =     8763.6174  RESTRAINT  =      212.8083
 EAMBER  =  -198416.4203

     .... RESTARTED DUE TO LINMIN FAILURE ...


   NSTEP       ENERGY          RMS            GMAX         NAME    NUMBER
   9200      -1.9823E+05     1.8321E-01     1.6007E+01     O        7676

 BOND    =    40283.8552  ANGLE   =      342.6317  DIHED      =      946.1689
 VDWAALS =    50271.7078  EEL     =  -299808.4104  HBOND      =        0.0000
 1-4 VDW =      753.5127  1-4 EEL =     8763.4065  RESTRAINT  =      213.1711
 EAMBER  =  -198447.1275


   NSTEP       ENERGY          RMS            GMAX         NAME    NUMBER
   9250      -1.9826E+05     1.0647E-01     6.9031E+00     O        7676

 BOND    =    40294.9892  ANGLE   =      342.3749  DIHED      =      945.9851
 VDWAALS =    50296.0798  EEL     =  -299866.0294  HBOND      =        0.0000
 1-4 VDW =      753.5438  1-4 EEL =     8763.6152  RESTRAINT  =      213.1505
 EAMBER  =  -198469.4414


   NSTEP       ENERGY          RMS            GMAX         NAME    NUMBER
   9300      -1.9827E+05     9.2268E-02     5.0685E+00     CB       3323

 BOND    =    40303.2857  ANGLE   =      342.4685  DIHED      =      946.0291
 VDWAALS =    50314.8465  EEL     =  -299906.5106  HBOND      =        0.0000
 1-4 VDW =      753.5285  1-4 EEL =     8763.5504  RESTRAINT  =      213.1588
 EAMBER  =  -198482.8020


   NSTEP       ENERGY          RMS            GMAX         NAME    NUMBER
   9350      -1.9828E+05     1.0724E-01     5.5344E+00     O       31708

 BOND    =    40313.1818  ANGLE   =      342.3328  DIHED      =      946.0908
 VDWAALS =    50338.4077  EEL     =  -299950.2989  HBOND      =        0.0000
 1-4 VDW =      753.5530  1-4 EEL =     8763.5436  RESTRAINT  =      213.1754
 EAMBER  =  -198493.1892


   NSTEP       ENERGY          RMS            GMAX         NAME    NUMBER
   9400      -1.9829E+05     6.7160E-02     3.8437E+00     CE1      1477

 BOND    =    40323.3664  ANGLE   =      342.2390  DIHED      =      946.0891
 VDWAALS =    50359.6041  EEL     =  -299993.5842  HBOND      =        0.0000
 1-4 VDW =      753.5446  1-4 EEL =     8763.6232  RESTRAINT  =      213.1813
 EAMBER  =  -198505.1179


   NSTEP       ENERGY          RMS            GMAX         NAME    NUMBER
   9450      -1.9830E+05     5.1656E-02     4.3153E+00     CD        143

 BOND    =    40334.5711  ANGLE   =      342.2753  DIHED      =      946.1050
 VDWAALS =    50383.8513  EEL     =  -300041.0112  HBOND      =        0.0000
 1-4 VDW =      753.5712  1-4 EEL =     8763.7010  RESTRAINT  =      213.1744
 EAMBER  =  -198516.9363


   NSTEP       ENERGY          RMS            GMAX         NAME    NUMBER
   9500      -1.9831E+05     5.8492E-02     4.5416E+00     CD        143

 BOND    =    40344.1036  ANGLE   =      342.2686  DIHED      =      946.1619
 VDWAALS =    50405.2324  EEL     =  -300082.6872  HBOND      =        0.0000
 1-4 VDW =      753.5952  1-4 EEL =     8763.6888  RESTRAINT  =      213.1831
 EAMBER  =  -198527.6367


   NSTEP       ENERGY          RMS            GMAX         NAME    NUMBER
   9550      -1.9833E+05     7.8503E-02     6.6879E+00     CG       1328

 BOND    =    40356.8522  ANGLE   =      342.1382  DIHED      =      946.2202
 VDWAALS =    50428.9990  EEL     =  -300132.6918  HBOND      =        0.0000
 1-4 VDW =      753.6235  1-4 EEL =     8763.7853  RESTRAINT  =      213.1837
 EAMBER  =  -198541.0735


   NSTEP       ENERGY          RMS            GMAX         NAME    NUMBER
   9600      -1.9834E+05     6.5489E-02     6.1432E+00     CD        143

 BOND    =    40362.0862  ANGLE   =      342.3854  DIHED      =      946.2582
 VDWAALS =    50444.2480  EEL     =  -300161.1043  HBOND      =        0.0000
 1-4 VDW =      753.5944  1-4 EEL =     8763.6823  RESTRAINT  =      213.1837
 EAMBER  =  -198548.8498


   NSTEP       ENERGY          RMS            GMAX         NAME    NUMBER
   9650      -1.9835E+05     1.0234E-01     9.4060E+00     CG       1328

 BOND    =    40370.7302  ANGLE   =      342.2756  DIHED      =      946.2771
 VDWAALS =    50466.4336  EEL     =  -300201.5347  HBOND      =        0.0000
 1-4 VDW =      753.6207  1-4 EEL =     8763.6943  RESTRAINT  =      213.2268
 EAMBER  =  -198558.5032


   NSTEP       ENERGY          RMS            GMAX         NAME    NUMBER
   9700      -1.9836E+05     1.1492E-01     7.4836E+00     CB       3283

 BOND    =    40382.6846  ANGLE   =      342.3735  DIHED      =      946.2706
 VDWAALS =    50491.6060  EEL     =  -300249.0569  HBOND      =        0.0000
 1-4 VDW =      753.7827  1-4 EEL =     8763.9552  RESTRAINT  =      213.2509
 EAMBER  =  -198568.3843

     .... RESTARTED DUE TO LINMIN FAILURE ...


   NSTEP       ENERGY          RMS            GMAX         NAME    NUMBER
   9750      -1.9836E+05     2.1646E-02     1.0358E+00     CB       3283

 BOND    =    40384.4511  ANGLE   =      342.2536  DIHED      =      946.3303
 VDWAALS =    50494.9418  EEL     =  -300256.9180  HBOND      =        0.0000
 1-4 VDW =      753.6905  1-4 EEL =     8763.7201  RESTRAINT  =      213.2596
 EAMBER  =  -198571.5308


   NSTEP       ENERGY          RMS            GMAX         NAME    NUMBER
   9800      -1.9840E+05     1.3734E-01     7.8142E+00     H2      18394

 BOND    =    40428.7182  ANGLE   =      342.3247  DIHED      =      946.5212
 VDWAALS =    50575.1987  EEL     =  -300420.1820  HBOND      =        0.0000
 1-4 VDW =      753.8928  1-4 EEL =     8763.6060  RESTRAINT  =      213.4575
 EAMBER  =  -198609.9204


   NSTEP       ENERGY          RMS            GMAX         NAME    NUMBER
   9850      -1.9841E+05     6.0466E-02     4.9117E+00     O       48252

 BOND    =    40431.8811  ANGLE   =      342.2759  DIHED      =      946.5735
 VDWAALS =    50598.4766  EEL     =  -300464.0058  HBOND      =        0.0000
 1-4 VDW =      753.8882  1-4 EEL =     8763.7165  RESTRAINT  =      213.3460
 EAMBER  =  -198627.1940


   NSTEP       ENERGY          RMS            GMAX         NAME    NUMBER
   9900      -1.9842E+05     6.0684E-02     6.5864E+00     CD        143

 BOND    =    40444.1029  ANGLE   =      342.2461  DIHED      =      946.5891
 VDWAALS =    50624.3611  EEL     =  -300512.8711  HBOND      =        0.0000
 1-4 VDW =      753.9353  1-4 EEL =     8763.7878  RESTRAINT  =      213.3379
 EAMBER  =  -198637.8488


   NSTEP       ENERGY          RMS            GMAX         NAME    NUMBER
   9950      -1.9843E+05     8.4628E-02     5.6260E+00     CG       1328

 BOND    =    40453.5980  ANGLE   =      342.1901  DIHED      =      946.6133
 VDWAALS =    50641.7248  EEL     =  -300546.1773  HBOND      =        0.0000
 1-4 VDW =      753.9648  1-4 EEL =     8763.6763  RESTRAINT  =      213.3241
 EAMBER  =  -198644.4099


   NSTEP       ENERGY          RMS            GMAX         NAME    NUMBER
  10000      -1.9845E+05     1.7036E-01     1.5059E+01     H2      32370

 BOND    =    40487.2641  ANGLE   =      342.6592  DIHED      =      947.0369
 VDWAALS =    50720.2441  EEL     =  -300681.5547  HBOND      =        0.0000
 1-4 VDW =      754.1857  1-4 EEL =     8763.9429  RESTRAINT  =      213.3623
 EAMBER  =  -198666.2218


   NSTEP       ENERGY          RMS            GMAX         NAME    NUMBER
  10050      -1.9847E+05     1.3258E-01     1.4645E+01     CG       1328

 BOND    =    40498.1477  ANGLE   =      342.1588  DIHED      =      946.8877
 VDWAALS =    50749.3770  EEL     =  -300736.1747  HBOND      =        0.0000
 1-4 VDW =      754.1291  1-4 EEL =     8764.2347  RESTRAINT  =      213.4027
 EAMBER  =  -198681.2397


   NSTEP       ENERGY          RMS            GMAX         NAME    NUMBER
  10100      -1.9848E+05     1.1212E-01     1.0215E+01     O       15080

 BOND    =    40509.9924  ANGLE   =      342.2865  DIHED      =      946.9865
 VDWAALS =    50770.3347  EEL     =  -300780.2480  HBOND      =        0.0000
 1-4 VDW =      754.2004  1-4 EEL =     8764.1824  RESTRAINT  =      213.7020
 EAMBER  =  -198692.2652


   NSTEP       ENERGY          RMS            GMAX         NAME    NUMBER
  10150      -1.9849E+05     1.2221E-01     8.9062E+00     O       15080

 BOND    =    40520.9315  ANGLE   =      342.2328  DIHED      =      947.0972
 VDWAALS =    50793.2208  EEL     =  -300825.4110  HBOND      =        0.0000
 1-4 VDW =      754.1445  1-4 EEL =     8764.3469  RESTRAINT  =      214.2398
 EAMBER  =  -198703.4374


   NSTEP       ENERGY          RMS            GMAX         NAME    NUMBER
  10200      -1.9850E+05     1.2017E-01     9.5651E+00     O       15080

 BOND    =    40536.8277  ANGLE   =      342.3772  DIHED      =      947.0032
 VDWAALS =    50815.1546  EEL     =  -300879.0226  HBOND      =        0.0000
 1-4 VDW =      754.0198  1-4 EEL =     8764.4396  RESTRAINT  =      215.2033
 EAMBER  =  -198719.2003


   NSTEP       ENERGY          RMS            GMAX         NAME    NUMBER
  10250      -1.9851E+05     9.1171E-02     5.4983E+00     O       15080

 BOND    =    40530.8267  ANGLE   =      342.4140  DIHED      =      946.9146
 VDWAALS =    50824.4924  EEL     =  -300888.0472  HBOND      =        0.0000
 1-4 VDW =      754.1527  1-4 EEL =     8764.1038  RESTRAINT  =      214.5911
 EAMBER  =  -198725.1430


   NSTEP       ENERGY          RMS            GMAX         NAME    NUMBER
  10300      -1.9852E+05     6.1698E-02     4.5093E+00     O       15080

 BOND    =    40538.1202  ANGLE   =      342.6119  DIHED      =      946.8707
 VDWAALS =    50833.8018  EEL     =  -300909.2223  HBOND      =        0.0000
 1-4 VDW =      754.1551  1-4 EEL =     8763.8722  RESTRAINT  =      214.5821
 EAMBER  =  -198729.7904


   NSTEP       ENERGY          RMS            GMAX         NAME    NUMBER
  10350      -1.9852E+05     8.4607E-02     8.1736E+00     CG       1328

 BOND    =    40542.9755  ANGLE   =      342.7765  DIHED      =      946.8268
 VDWAALS =    50847.0173  EEL     =  -300931.9597  HBOND      =        0.0000
 1-4 VDW =      754.1444  1-4 EEL =     8763.7934  RESTRAINT  =      214.5823
 EAMBER  =  -198734.4257

     .... RESTARTED DUE TO LINMIN FAILURE ...


   NSTEP       ENERGY          RMS            GMAX         NAME    NUMBER
  10400      -1.9852E+05     2.7056E-02     2.4073E+00     O       15080

 BOND    =    40546.0655  ANGLE   =      342.5993  DIHED      =      946.8879
 VDWAALS =    50850.1929  EEL     =  -300942.0461  HBOND      =        0.0000
 1-4 VDW =      754.1720  1-4 EEL =     8763.7035  RESTRAINT  =      214.6187
 EAMBER  =  -198738.4251


   NSTEP       ENERGY          RMS            GMAX         NAME    NUMBER
  10450      -1.9854E+05     5.0199E-02     6.2958E+00     CG       1328

 BOND    =    40565.7538  ANGLE   =      342.6656  DIHED      =      946.9129
 VDWAALS =    50884.1199  EEL     =  -301011.9826  HBOND      =        0.0000
 1-4 VDW =      754.2670  1-4 EEL =     8763.6048  RESTRAINT  =      214.5762
 EAMBER  =  -198754.6586

     .... RESTARTED DUE TO LINMIN FAILURE ...


   NSTEP       ENERGY          RMS            GMAX         NAME    NUMBER
  10500      -1.9854E+05     6.9983E-02     9.7962E+00     CG       1328

 BOND    =    40562.1762  ANGLE   =      342.7466  DIHED      =      946.8809
 VDWAALS =    50887.6744  EEL     =  -301013.2864  HBOND      =        0.0000
 1-4 VDW =      754.2879  1-4 EEL =     8763.6907  RESTRAINT  =      214.5443
 EAMBER  =  -198755.8298

     .... RESTARTED DUE TO LINMIN FAILURE ...


                    FINAL RESULTS



   NSTEP       ENERGY          RMS            GMAX         NAME    NUMBER
  10521      -1.9854E+05     2.2713E-02     8.8776E-01     H2      29414

 BOND    =    40564.1812  ANGLE   =      342.6341  DIHED      =      947.0141
 VDWAALS =    50888.0099  EEL     =  -301015.7141  HBOND      =        0.0000
 1-4 VDW =      754.2344  1-4 EEL =     8763.4045  RESTRAINT  =      214.5486
 EAMBER  =  -198756.2359

     ***** REPEATED LINMIN FAILURE *****
--------------------------------------------------------------------------------
   5.  TIMINGS
--------------------------------------------------------------------------------

|  NonSetup CPU Time in Major Routines:
|
|     Routine           Sec        %
|     ------------------------------
|     Nonbond          20.10   35.60
|     Bond              0.00    0.00
|     Angle             0.00    0.00
|     Dihedral          0.00    0.00
|     Shake             0.00    0.00
|     Other            36.36   64.40
|     ------------------------------
|     Total            56.46

|  PME Nonbond Pairlist CPU Time:
|
|     Routine              Sec        %
|     ---------------------------------
|     Set Up Cit           0.00    0.00
|     Build List           0.00    0.00
|     ---------------------------------
|     Total                0.00    0.00

|  PME Direct Force CPU Time:
|
|     Routine              Sec        %
|     ---------------------------------
|     NonBonded Calc       0.00    0.00
|     Exclude Masked       0.00    0.00
|     Other                0.03    0.05
|     ---------------------------------
|     Total                0.03    0.05

|  PME Reciprocal Force CPU Time:
|
|     Routine              Sec        %
|     ---------------------------------
|     1D bspline           0.00    0.00
|     Grid Charges         0.00    0.00
|     Scalar Sum           0.00    0.00
|     Gradient Sum         0.00    0.00
|     FFT                  0.00    0.00
|     ---------------------------------
|     Total                0.00    0.00

|  Setup CPU time:            1.51 seconds
|  NonSetup CPU time:        56.46 seconds
|  Total CPU time:           57.97 seconds     0.02 hours

|  Setup wall time:           4    seconds
|  NonSetup wall time:       56    seconds
|  Total wall time:          60    seconds     0.02 hours
