
          -------------------------------------------------------
          Amber 18 PMEMD                              2018
          -------------------------------------------------------

| PMEMD implementation of SANDER, Release 18

| Run on 07/06/2021 at 18:41:33

|   Executable path: pmemd.cuda
| Working directory: /home/bozhanng/Abs_MD/HEPC3-4_Fv_full_VN_relaxed
|          Hostname: bf21

  [-O]verwriting output

File Assignments:
|   MDIN: heat300K.in                                                           
|  MDOUT: heat300K_HEPC3-4_Fv_full_VN_relaxed.out                               
| INPCRD: heat100K_HEPC3-4_Fv_full_VN_relaxed.crd                               
|   PARM: HEPC3-4_Fv_full_VN_relaxed.parm7                                      
| RESTRT: heat300K_HEPC3-4_Fv_full_VN_relaxed.crd                               
|   REFC: refc                                                                  
|  MDVEL: mdvel                                                                 
|   MDEN: mden                                                                  
|  MDCRD: heat300K_HEPC3-4_Fv_full_VN_relaxed.nc                                
| MDINFO: mdinfo                                                                
|  MDFRC: mdfrc                                                                 


 Here is the input file:

Heating from 100 to 300 K                                                      
 &cntrl                                                                        
  imin=0,         ! Molecular dynamics                                         
  ntx=5,          ! Positions and velocities read NetCDF (or formatted)        
  irest=1,        ! Restart calculation                                        
  ntc=2,          ! SHAKE algorithm bonds with hydrogen                        
  ntf=2,          ! No force evaluation bonds with hydrogen                    
  tol=0.0000001,  ! SHAKE tolerance                                            
  nstlim=250000,  ! Number of MD steps                                         
  ntt=3,          ! Langevin dynamics                                          
  gamma_ln=5.0,   ! Collision frequency Langevin dynamics                      
  ig=-1,          ! Random seed Langevin dynamics                              
  ntpr=2500,                                                                   
  ntwr=2500,                                                                   
  ntwx=2500,      ! Write to trajectory file every ntwx steps                  
  dt=0.001,       ! Timestep (ps)                                              
  ntb=2,	  ! Constant pressure periodic boundary conditions                    
  ntp=1,                                                                       
  cut=8.0,                                                                     
 &end                                                                          
 &wt                                                                           
  type='TEMP0',   ! Varies the target temperature TEMP0                        
  istep1=250001,  ! Initial step                                               
  istep2=300000,  ! Final step                                                 
  value1=100.0,   ! Initial temp0 (K)                                          
  value2=300.0,   ! final temp0 (K)                                            
 &end                                                                          
 &wt                                                                           
  type='TEMP0',   ! Varies the target temperature TEMP0                        
  istep1=300001,  ! Initial step                                               
  istep2=500000,  ! Final step                                                 
  value1=300.0,   ! Initial temp0 (K)                                          
  value2=300.0,   ! final temp0 (K)                                            
 &end                                                                          
 &wt                                                                           
   type='END',                                                                 
 &end                                                                          
END                                                                            
END                                                                            


Note: ig = -1. Setting random seed to   955067 based on wallclock time in 
      microseconds.
| irandom = 1, using AMBER's internal random number generator (default).
 
|--------------------- INFORMATION ----------------------
| GPU (CUDA) Version of PMEMD in use: NVIDIA GPU IN USE.
|                    Version 18.0.0
| 
|                      03/25/2018
| 
| Implementation by:
|                    Ross C. Walker     (SDSC)
|                    Scott Le Grand     (nVIDIA)
| 
| Version 18 performance extensions by:
|                    David Cerutti     (Rutgers)
| 
| Precision model in use:
|      [SPFP] - Single Precision Forces, 64-bit Fixed Point
|               Accumulation. (Default)
| 
|--------------------------------------------------------
 
|----------------- CITATION INFORMATION -----------------
|
|    When publishing work that utilized the CUDA version
|    of AMBER, please cite the following in addition to
|    the regular AMBER citations:
|
|  - Romelia Salomon-Ferrer; Andreas W. Goetz; Duncan
|    Poole; Scott Le Grand; Ross C. Walker "Routine
|    microsecond molecular dynamics simulations with
|    AMBER - Part II: Particle Mesh Ewald", J. Chem.
|    Theory Comput., 2013, 9 (9), pp3878-3888,
|    DOI: 10.1021/ct400314y.
|
|  - Andreas W. Goetz; Mark J. Williamson; Dong Xu;
|    Duncan Poole; Scott Le Grand; Ross C. Walker
|    "Routine microsecond molecular dynamics simulations
|    with AMBER - Part I: Generalized Born", J. Chem.
|    Theory Comput., 2012, 8 (5), pp1542-1555.
|
|  - Scott Le Grand; Andreas W. Goetz; Ross C. Walker
|    "SPFP: Speed without compromise - a mixed precision
|    model for GPU accelerated molecular dynamics
|    simulations.", Comp. Phys. Comm., 2013, 184
|    pp374-380, DOI: 10.1016/j.cpc.2012.09.022
|
|--------------------------------------------------------
 
|------------------- GPU DEVICE INFO --------------------
|
|            CUDA_VISIBLE_DEVICES: 3
|   CUDA Capable Devices Detected:      1
|           CUDA Device ID in use:      0
|                CUDA Device Name: GeForce GTX 1080
|     CUDA Device Global Mem Size:   8119 MB
| CUDA Device Num Multiprocessors:     20
|           CUDA Device Core Freq:   1.73 GHz
|
|--------------------------------------------------------
 
 
| Conditional Compilation Defines Used:
| PUBFFT
| BINTRAJ
| MKL
| CUDA
| EMIL

| Largest sphere to fit in unit cell has radius =    34.493

| New format PARM file being parsed.
| Version =    1.000 Date = 07/06/21 Time = 18:28:08

| Note: 1-4 EEL scale factors are being read from the topology file.

| Note: 1-4 VDW scale factors are being read from the topology file.
| Duplicated    0 dihedrals

| Duplicated    0 dihedrals

--------------------------------------------------------------------------------
   1.  RESOURCE   USE: 
--------------------------------------------------------------------------------

 getting box info from netcdf restart file
 NATOM  =   46471 NTYPES =      18 NBONH =   33946 MBONA  =   12559
 NTHETH =    3916 MTHETA =    2476 NPHIH =    8205 MPHIA  =    7868
 NHPARM =       0 NPARM  =       0 NNB   =   94525 NRES   =   10978
 NBONA  =   12559 NTHETA =    2476 NPHIA =    7868 NUMBND =      72
 NUMANG =     171 NPTRA  =     194 NATYP =      36 NPHB   =       1
 IFBOX  =       1 NMXRS  =      25 IFCAP =       0 NEXTRA =   10737
 NCOPY  =       0

| Coordinate Index Table dimensions:    17   15   18
| Direct force subcell size =     4.5653    4.5991    4.6297

     BOX TYPE: RECTILINEAR

--------------------------------------------------------------------------------
   2.  CONTROL  DATA  FOR  THE  RUN
--------------------------------------------------------------------------------

default_name                                                                    

General flags:
     imin    =       0, nmropt  =       0

Nature and format of input:
     ntx     =       5, irest   =       1, ntrx    =       1

Nature and format of output:
     ntxo    =       2, ntpr    =    2500, ntrx    =       1, ntwr    =    2500
     iwrap   =       0, ntwx    =    2500, ntwv    =       0, ntwe    =       0
     ioutfm  =       1, ntwprt  =       0, idecomp =       0, rbornstat=      0

Potential function:
     ntf     =       2, ntb     =       2, igb     =       0, nsnb    =      25
     ipol    =       0, gbsa    =       0, iesp    =       0
     dielc   =   1.00000, cut     =   8.00000, intdiel =   1.00000

Frozen or restrained atoms:
     ibelly  =       0, ntr     =       0

Molecular dynamics:
     nstlim  =    250000, nscm    =      1000, nrespa  =         1
     t       =   0.00000, dt      =   0.00100, vlimit  =  -1.00000

Langevin dynamics temperature regulation:
     ig      =  955067
     temp0   = 300.00000, tempi   =   0.00000, gamma_ln=   5.00000

Pressure regulation:
     ntp     =       1
     pres0   =   1.00000, comp    =  44.60000, taup    =   1.00000

SHAKE:
     ntc     =       2, jfastw  =       0
     tol     =   0.00000

| Intermolecular bonds treatment:
|     no_intermolecular_bonds =       1

| Energy averages sample interval:
|     ene_avg_sampling =    2500

Extra-points options:
     frameon =       1, chngmask=       1

Ewald parameters:
     verbose =       0, ew_type =       0, nbflag  =       1, use_pme =       1
     vdwmeth =       1, eedmeth =       1, netfrc  =       1
     Box X =   77.610   Box Y =   68.987   Box Z =   83.335
     Alpha =   90.000   Beta  =   90.000   Gamma =   90.000
     NFFT1 =   80       NFFT2 =   72       NFFT3 =   84
     Cutoff=    8.000   Tol   =0.100E-04
     Ewald Coefficient =  0.34864
     Interpolation order =    4
|      EXTRA_PTS, trim_bonds: num bonds BEFORE trim = 33946     0
|      EXTRA_PTS, trim_bonds: num bonds AFTER  trim = 33946     0
|      EXTRA_PTS, trim_bonds: num bonds BEFORE trim = 12559     0
|      EXTRA_PTS, trim_bonds: num bonds AFTER  trim =  1822     0
|      EXTRA_PTS, trim_theta: num angle BEFORE trim =  3916     0
|      EXTRA_PTS, trim_theta: num angle AFTER  trim =  3916     0
|      EXTRA_PTS, trim_theta: num angle BEFORE trim =  2476     0
|      EXTRA_PTS, trim_theta: num angle AFTER  trim =  2476     0
|      EXTRA_PTS, trim_phi:  num diheds BEFORE trim =  8205     0
|      EXTRA_PTS, trim_phi:  num diheds AFTER  trim =  8205     0
|      EXTRA_PTS, trim_phi:  num diheds BEFORE trim =  7868     0
|      EXTRA_PTS, trim_phi:  num diheds AFTER  trim =  7868     0

--------------------------------------------------------------------------------
   3.  ATOMIC COORDINATES AND VELOCITIES
--------------------------------------------------------------------------------

default_name                                                                    
 begin time read from input coords =    25.000 ps

 
 Number of triangulated 3-point waters found:    10737

     Sum of charges from parm topology file =   0.00005874
     Forcing neutrality...

| Dynamic Memory, Types Used:
| Reals             1932902
| Integers          3069682

| Nonbonded Pairs Initial Allocation:     7761818

| GPU memory information (estimate):
| KB of GPU memory in use:         0
| KB of CPU memory in use:         0

--------------------------------------------------------------------------------
   4.  RESULTS
--------------------------------------------------------------------------------


 NSTEP =     2500   TIME(PS) =      27.500  TEMP(K) =   298.65  PRESS =  -528.7
 Etot   =   -114833.5403  EKtot   =     21737.5703  EPtot      =   -136571.1107
 BOND   =       715.6416  ANGLE   =      1707.4250  DIHED      =      1316.9210
 1-4 NB =       767.2434  1-4 EEL =      8632.1390  VDWAALS    =     17869.5656
 EELEC  =   -167580.0462  EHBOND  =         0.0000  RESTRAINT  =         0.0000
 EKCMT  =      9574.6496  VIRIAL  =     14553.5673  VOLUME     =    436174.8408
                                                    Density    =         0.8338
 ------------------------------------------------------------------------------


 NSTEP =     5000   TIME(PS) =      30.000  TEMP(K) =   299.96  PRESS =  -249.9
 Etot   =   -114552.4887  EKtot   =     21833.1113  EPtot      =   -136385.6000
 BOND   =       638.9636  ANGLE   =      1667.5945  DIHED      =      1335.5567
 1-4 NB =       779.0432  1-4 EEL =      8712.9553  VDWAALS    =     17460.9591
 EELEC  =   -166980.6724  EHBOND  =         0.0000  RESTRAINT  =         0.0000
 EKCMT  =      9641.5479  VIRIAL  =     11881.0586  VOLUME     =    415064.3103
                                                    Density    =         0.8762
 ------------------------------------------------------------------------------


 NSTEP =     7500   TIME(PS) =      32.500  TEMP(K) =   298.08  PRESS =   -48.1
 Etot   =   -115990.0457  EKtot   =     21696.0664  EPtot      =   -137686.1121
 BOND   =       664.1287  ANGLE   =      1646.4415  DIHED      =      1340.8432
 1-4 NB =       761.7738  1-4 EEL =      8686.2814  VDWAALS    =     17492.8521
 EELEC  =   -168278.4328  EHBOND  =         0.0000  RESTRAINT  =         0.0000
 EKCMT  =      9569.0398  VIRIAL  =      9982.5167  VOLUME     =    397862.6046
                                                    Density    =         0.9141
 ------------------------------------------------------------------------------


 NSTEP =    10000   TIME(PS) =      35.000  TEMP(K) =   298.49  PRESS =  -338.0
 Etot   =   -116960.8129  EKtot   =     21725.8652  EPtot      =   -138686.6781
 BOND   =       678.3030  ANGLE   =      1672.5667  DIHED      =      1331.6928
 1-4 NB =       762.8396  1-4 EEL =      8629.5981  VDWAALS    =     17406.0644
 EELEC  =   -169167.7427  EHBOND  =         0.0000  RESTRAINT  =         0.0000
 EKCMT  =      9534.0124  VIRIAL  =     12341.7132  VOLUME     =    384687.9697
                                                    Density    =         0.9454
 ------------------------------------------------------------------------------


 NSTEP =    12500   TIME(PS) =      37.500  TEMP(K) =   302.24  PRESS =  -167.5
 Etot   =   -116814.9192  EKtot   =     21999.2441  EPtot      =   -138814.1633
 BOND   =       659.7603  ANGLE   =      1712.2929  DIHED      =      1354.6579
 1-4 NB =       775.2468  1-4 EEL =      8671.9887  VDWAALS    =     17120.8627
 EELEC  =   -169108.9725  EHBOND  =         0.0000  RESTRAINT  =         0.0000
 EKCMT  =      9709.5383  VIRIAL  =     11069.2675  VOLUME     =    375894.3980
                                                    Density    =         0.9675
 ------------------------------------------------------------------------------


 NSTEP =    15000   TIME(PS) =      40.000  TEMP(K) =   299.79  PRESS =   -96.6
 Etot   =   -117500.8157  EKtot   =     21820.6348  EPtot      =   -139321.4505
 BOND   =       653.4687  ANGLE   =      1744.8177  DIHED      =      1330.1246
 1-4 NB =       777.5673  1-4 EEL =      8636.4007  VDWAALS    =     17306.8090
 EELEC  =   -169770.6385  EHBOND  =         0.0000  RESTRAINT  =         0.0000
 EKCMT  =      9658.7574  VIRIAL  =     10429.8732  VOLUME     =    369853.7880
                                                    Density    =         0.9833
 ------------------------------------------------------------------------------


 NSTEP =    17500   TIME(PS) =      42.500  TEMP(K) =   299.18  PRESS =  -246.8
 Etot   =   -117815.6630  EKtot   =     21776.3691  EPtot      =   -139592.0321
 BOND   =       670.6557  ANGLE   =      1716.2672  DIHED      =      1330.0294
 1-4 NB =       761.0750  1-4 EEL =      8658.8326  VDWAALS    =     17160.9634
 EELEC  =   -169889.8554  EHBOND  =         0.0000  RESTRAINT  =         0.0000
 EKCMT  =      9510.1532  VIRIAL  =     11456.6644  VOLUME     =    365344.0160
                                                    Density    =         0.9954
 ------------------------------------------------------------------------------


 NSTEP =    20000   TIME(PS) =      45.000  TEMP(K) =   300.97  PRESS =   -51.9
 Etot   =   -117542.6012  EKtot   =     21906.3281  EPtot      =   -139448.9293
 BOND   =       640.9704  ANGLE   =      1689.2398  DIHED      =      1332.4573
 1-4 NB =       792.3804  1-4 EEL =      8738.9441  VDWAALS    =     17036.8602
 EELEC  =   -169679.7816  EHBOND  =         0.0000  RESTRAINT  =         0.0000
 EKCMT  =      9674.5722  VIRIAL  =     10079.6053  VOLUME     =    361273.5777
                                                    Density    =         1.0066
 ------------------------------------------------------------------------------


 NSTEP =    22500   TIME(PS) =      47.500  TEMP(K) =   299.59  PRESS =    86.2
 Etot   =   -117987.6322  EKtot   =     21806.4375  EPtot      =   -139794.0697
 BOND   =       661.4623  ANGLE   =      1621.1402  DIHED      =      1357.1578
 1-4 NB =       776.5755  1-4 EEL =      8666.3028  VDWAALS    =     17255.4524
 EELEC  =   -170132.1606  EHBOND  =         0.0000  RESTRAINT  =         0.0000
 EKCMT  =      9522.5061  VIRIAL  =      8853.7575  VOLUME     =    359195.7327
                                                    Density    =         1.0125
 ------------------------------------------------------------------------------


 NSTEP =    25000   TIME(PS) =      50.000  TEMP(K) =   299.52  PRESS =   -40.0
 Etot   =   -118092.4537  EKtot   =     21800.7715  EPtot      =   -139893.2252
 BOND   =       651.7685  ANGLE   =      1733.3475  DIHED      =      1338.9339
 1-4 NB =       776.2456  1-4 EEL =      8696.4144  VDWAALS    =     16991.5239
 EELEC  =   -170081.4589  EHBOND  =         0.0000  RESTRAINT  =         0.0000
 EKCMT  =      9712.5068  VIRIAL  =     10021.4250  VOLUME     =    357960.2634
                                                    Density    =         1.0160
 ------------------------------------------------------------------------------


 NSTEP =    27500   TIME(PS) =      52.500  TEMP(K) =   300.81  PRESS =  -147.5
 Etot   =   -118207.4077  EKtot   =     21894.9336  EPtot      =   -140102.3413
 BOND   =       677.6747  ANGLE   =      1703.8864  DIHED      =      1297.2958
 1-4 NB =       777.4397  1-4 EEL =      8672.4490  VDWAALS    =     17082.7894
 EELEC  =   -170313.8761  EHBOND  =         0.0000  RESTRAINT  =         0.0000
 EKCMT  =      9587.2556  VIRIAL  =     10724.0895  VOLUME     =    356943.2211
                                                    Density    =         1.0189
 ------------------------------------------------------------------------------


 NSTEP =    30000   TIME(PS) =      55.000  TEMP(K) =   296.30  PRESS =   181.3
 Etot   =   -118255.5777  EKtot   =     21566.8438  EPtot      =   -139822.4214
 BOND   =       631.5810  ANGLE   =      1721.0000  DIHED      =      1297.2354
 1-4 NB =       757.6186  1-4 EEL =      8671.3315  VDWAALS    =     17366.8617
 EELEC  =   -170268.0496  EHBOND  =         0.0000  RESTRAINT  =         0.0000
 EKCMT  =      9510.9334  VIRIAL  =      8113.6708  VOLUME     =    357008.3832
                                                    Density    =         1.0187
 ------------------------------------------------------------------------------


 NSTEP =    32500   TIME(PS) =      57.500  TEMP(K) =   301.17  PRESS =    -7.3
 Etot   =   -118066.3594  EKtot   =     21921.4141  EPtot      =   -139987.7735
 BOND   =       685.3834  ANGLE   =      1731.6466  DIHED      =      1324.4511
 1-4 NB =       771.5994  1-4 EEL =      8628.2085  VDWAALS    =     17119.0970
 EELEC  =   -170248.1593  EHBOND  =         0.0000  RESTRAINT  =         0.0000
 EKCMT  =      9667.6876  VIRIAL  =      9724.0152  VOLUME     =    355130.8921
                                                    Density    =         1.0241
 ------------------------------------------------------------------------------


 NSTEP =    35000   TIME(PS) =      60.000  TEMP(K) =   302.30  PRESS =  -218.2
 Etot   =   -117841.0878  EKtot   =     22003.4492  EPtot      =   -139844.5371
 BOND   =       696.5637  ANGLE   =      1715.9592  DIHED      =      1320.3710
 1-4 NB =       769.1586  1-4 EEL =      8624.4856  VDWAALS    =     16831.0231
 EELEC  =   -169802.0983  EHBOND  =         0.0000  RESTRAINT  =         0.0000
 EKCMT  =      9741.8386  VIRIAL  =     11417.3636  VOLUME     =    355659.8449
                                                    Density    =         1.0225
 ------------------------------------------------------------------------------


 NSTEP =    37500   TIME(PS) =      62.500  TEMP(K) =   300.48  PRESS =   106.2
 Etot   =   -118161.4735  EKtot   =     21871.0664  EPtot      =   -140032.5399
 BOND   =       642.9945  ANGLE   =      1649.1107  DIHED      =      1312.2026
 1-4 NB =       774.6463  1-4 EEL =      8668.3863  VDWAALS    =     17113.4086
 EELEC  =   -170193.2889  EHBOND  =         0.0000  RESTRAINT  =         0.0000
 EKCMT  =      9516.6406  VIRIAL  =      8705.4978  VOLUME     =    353709.9445
                                                    Density    =         1.0282
 ------------------------------------------------------------------------------


 NSTEP =    40000   TIME(PS) =      65.000  TEMP(K) =   301.29  PRESS =   -84.2
 Etot   =   -117736.0141  EKtot   =     21929.7910  EPtot      =   -139665.8051
 BOND   =       655.0636  ANGLE   =      1675.3948  DIHED      =      1348.6841
 1-4 NB =       775.4999  1-4 EEL =      8658.9874  VDWAALS    =     16805.8993
 EELEC  =   -169585.3342  EHBOND  =         0.0000  RESTRAINT  =         0.0000
 EKCMT  =      9705.2572  VIRIAL  =     10349.5751  VOLUME     =    354206.8692
                                                    Density    =         1.0267
 ------------------------------------------------------------------------------


 NSTEP =    42500   TIME(PS) =      67.500  TEMP(K) =   298.87  PRESS =    20.0
 Etot   =   -118201.9863  EKtot   =     21753.4824  EPtot      =   -139955.4688
 BOND   =       664.9381  ANGLE   =      1616.2451  DIHED      =      1289.8451
 1-4 NB =       745.7168  1-4 EEL =      8697.7884  VDWAALS    =     16830.5158
 EELEC  =   -169800.5179  EHBOND  =         0.0000  RESTRAINT  =         0.0000
 EKCMT  =      9564.4428  VIRIAL  =      9411.4182  VOLUME     =    353787.2632
                                                    Density    =         1.0279
 ------------------------------------------------------------------------------


 NSTEP =    45000   TIME(PS) =      70.000  TEMP(K) =   301.89  PRESS =   -13.0
 Etot   =   -118348.8276  EKtot   =     21973.3066  EPtot      =   -140322.1343
 BOND   =       644.8207  ANGLE   =      1689.0368  DIHED      =      1303.0708
 1-4 NB =       774.6289  1-4 EEL =      8692.4872  VDWAALS    =     17102.5884
 EELEC  =   -170528.7670  EHBOND  =         0.0000  RESTRAINT  =         0.0000
 EKCMT  =      9614.7845  VIRIAL  =      9714.1124  VOLUME     =    353717.7730
                                                    Density    =         1.0281
 ------------------------------------------------------------------------------


 NSTEP =    47500   TIME(PS) =      72.500  TEMP(K) =   303.34  PRESS =    49.3
 Etot   =   -117849.0449  EKtot   =     22078.8945  EPtot      =   -139927.9395
 BOND   =       646.7970  ANGLE   =      1696.9638  DIHED      =      1296.6211
 1-4 NB =       763.5282  1-4 EEL =      8747.8747  VDWAALS    =     16958.6663
 EELEC  =   -170038.3906  EHBOND  =         0.0000  RESTRAINT  =         0.0000
 EKCMT  =      9802.5362  VIRIAL  =      9425.7607  VOLUME     =    354203.0407
                                                    Density    =         1.0267
 ------------------------------------------------------------------------------


 NSTEP =    50000   TIME(PS) =      75.000  TEMP(K) =   299.10  PRESS =  -278.9
 Etot   =   -118090.4309  EKtot   =     21770.3438  EPtot      =   -139860.7747
 BOND   =       637.5744  ANGLE   =      1645.6130  DIHED      =      1346.9192
 1-4 NB =       776.0119  1-4 EEL =      8683.4514  VDWAALS    =     16842.4417
 EELEC  =   -169792.7863  EHBOND  =         0.0000  RESTRAINT  =         0.0000
 EKCMT  =      9572.5377  VIRIAL  =     11705.4182  VOLUME     =    354214.5036
                                                    Density    =         1.0267
 ------------------------------------------------------------------------------


 NSTEP =    52500   TIME(PS) =      77.500  TEMP(K) =   301.68  PRESS =   -58.3
 Etot   =   -118079.7524  EKtot   =     21958.5332  EPtot      =   -140038.2856
 BOND   =       691.6454  ANGLE   =      1683.2403  DIHED      =      1345.6749
 1-4 NB =       742.5724  1-4 EEL =      8670.9724  VDWAALS    =     17021.7733
 EELEC  =   -170194.1643  EHBOND  =         0.0000  RESTRAINT  =         0.0000
 EKCMT  =      9688.5552  VIRIAL  =     10134.0013  VOLUME     =    354136.7381
                                                    Density    =         1.0269
 ------------------------------------------------------------------------------


 NSTEP =    55000   TIME(PS) =      80.000  TEMP(K) =   301.11  PRESS =   164.6
 Etot   =   -118060.2530  EKtot   =     21916.6855  EPtot      =   -139976.9386
 BOND   =       702.7666  ANGLE   =      1741.9795  DIHED      =      1299.9064
 1-4 NB =       754.1866  1-4 EEL =      8636.2869  VDWAALS    =     17145.6704
 EELEC  =   -170257.7350  EHBOND  =         0.0000  RESTRAINT  =         0.0000
 EKCMT  =      9686.8417  VIRIAL  =      8429.0081  VOLUME     =    354016.6481
                                                    Density    =         1.0273
 ------------------------------------------------------------------------------


 NSTEP =    57500   TIME(PS) =      82.500  TEMP(K) =   303.85  PRESS =   -43.1
 Etot   =   -117867.4394  EKtot   =     22116.1367  EPtot      =   -139983.5762
 BOND   =       683.0455  ANGLE   =      1739.5676  DIHED      =      1321.5744
 1-4 NB =       766.6272  1-4 EEL =      8638.3278  VDWAALS    =     17000.4350
 EELEC  =   -170133.1537  EHBOND  =         0.0000  RESTRAINT  =         0.0000
 EKCMT  =      9780.6996  VIRIAL  =     10109.6233  VOLUME     =    353791.4420
                                                    Density    =         1.0279
 ------------------------------------------------------------------------------


 NSTEP =    60000   TIME(PS) =      85.000  TEMP(K) =   298.87  PRESS =   -53.2
 Etot   =   -118287.6590  EKtot   =     21754.1660  EPtot      =   -140041.8250
 BOND   =       676.0471  ANGLE   =      1626.9522  DIHED      =      1299.7093
 1-4 NB =       754.1371  1-4 EEL =      8733.9043  VDWAALS    =     17055.3154
 EELEC  =   -170187.8905  EHBOND  =         0.0000  RESTRAINT  =         0.0000
 EKCMT  =      9598.7104  VIRIAL  =     10005.6409  VOLUME     =    354171.5091
                                                    Density    =         1.0268
 ------------------------------------------------------------------------------


 NSTEP =    62500   TIME(PS) =      87.500  TEMP(K) =   297.55  PRESS =  -127.0
 Etot   =   -118613.8659  EKtot   =     21657.6094  EPtot      =   -140271.4753
 BOND   =       647.9961  ANGLE   =      1638.9920  DIHED      =      1305.7663
 1-4 NB =       762.9589  1-4 EEL =      8660.5084  VDWAALS    =     16822.9619
 EELEC  =   -170110.6589  EHBOND  =         0.0000  RESTRAINT  =         0.0000
 EKCMT  =      9518.3797  VIRIAL  =     10486.2986  VOLUME     =    352905.1968
                                                    Density    =         1.0305
 ------------------------------------------------------------------------------


 NSTEP =    65000   TIME(PS) =      90.000  TEMP(K) =   300.36  PRESS =  -107.6
 Etot   =   -118218.3287  EKtot   =     21861.9395  EPtot      =   -140080.2682
 BOND   =       623.8622  ANGLE   =      1699.4451  DIHED      =      1312.5455
 1-4 NB =       759.1767  1-4 EEL =      8705.4581  VDWAALS    =     16784.4768
 EELEC  =   -169965.2326  EHBOND  =         0.0000  RESTRAINT  =         0.0000
 EKCMT  =      9604.6599  VIRIAL  =     10425.7654  VOLUME     =    353516.1169
                                                    Density    =         1.0287
 ------------------------------------------------------------------------------


 NSTEP =    67500   TIME(PS) =      92.500  TEMP(K) =   303.88  PRESS =    85.4
 Etot   =   -117788.5628  EKtot   =     22118.4707  EPtot      =   -139907.0335
 BOND   =       660.7143  ANGLE   =      1709.0706  DIHED      =      1310.5958
 1-4 NB =       761.4232  1-4 EEL =      8642.5287  VDWAALS    =     17012.6989
 EELEC  =   -170004.0650  EHBOND  =         0.0000  RESTRAINT  =         0.0000
 EKCMT  =      9692.9043  VIRIAL  =      9041.2405  VOLUME     =    353585.9119
                                                    Density    =         1.0285
 ------------------------------------------------------------------------------


 NSTEP =    70000   TIME(PS) =      95.000  TEMP(K) =   298.51  PRESS =   -52.8
 Etot   =   -118531.3581  EKtot   =     21727.6699  EPtot      =   -140259.0280
 BOND   =       666.1999  ANGLE   =      1712.4932  DIHED      =      1313.3739
 1-4 NB =       737.7254  1-4 EEL =      8667.5624  VDWAALS    =     17108.2048
 EELEC  =   -170464.5876  EHBOND  =         0.0000  RESTRAINT  =         0.0000
 EKCMT  =      9565.0070  VIRIAL  =      9968.0643  VOLUME     =    353749.0824
                                                    Density    =         1.0281
 ------------------------------------------------------------------------------


 NSTEP =    72500   TIME(PS) =      97.500  TEMP(K) =   299.96  PRESS =  -108.5
 Etot   =   -117986.3250  EKtot   =     21833.1309  EPtot      =   -139819.4559
 BOND   =       667.7220  ANGLE   =      1633.2387  DIHED      =      1304.5772
 1-4 NB =       744.0239  1-4 EEL =      8622.1441  VDWAALS    =     16802.7539
 EELEC  =   -169593.9157  EHBOND  =         0.0000  RESTRAINT  =         0.0000
 EKCMT  =      9637.2690  VIRIAL  =     10467.6361  VOLUME     =    354445.8340
                                                    Density    =         1.0260
 ------------------------------------------------------------------------------


 NSTEP =    75000   TIME(PS) =     100.000  TEMP(K) =   301.98  PRESS =   -30.9
 Etot   =   -117998.6169  EKtot   =     21980.0410  EPtot      =   -139978.6579
 BOND   =       645.9768  ANGLE   =      1640.4495  DIHED      =      1316.8837
 1-4 NB =       759.3688  1-4 EEL =      8664.4753  VDWAALS    =     17177.9564
 EELEC  =   -170183.7684  EHBOND  =         0.0000  RESTRAINT  =         0.0000
 EKCMT  =      9690.5619  VIRIAL  =      9926.5268  VOLUME     =    354018.4067
                                                    Density    =         1.0273
 ------------------------------------------------------------------------------


 NSTEP =    77500   TIME(PS) =     102.500  TEMP(K) =   300.45  PRESS =     0.2
 Etot   =   -118220.4324  EKtot   =     21868.4961  EPtot      =   -140088.9284
 BOND   =       618.4833  ANGLE   =      1671.3669  DIHED      =      1316.0305
 1-4 NB =       748.9337  1-4 EEL =      8734.1529  VDWAALS    =     16954.0028
 EELEC  =   -170131.8985  EHBOND  =         0.0000  RESTRAINT  =         0.0000
 EKCMT  =      9597.1386  VIRIAL  =      9595.7332  VOLUME     =    353743.7159
                                                    Density    =         1.0281
 ------------------------------------------------------------------------------


 NSTEP =    80000   TIME(PS) =     105.000  TEMP(K) =   299.14  PRESS =    80.8
 Etot   =   -118101.2478  EKtot   =     21773.5176  EPtot      =   -139874.7654
 BOND   =       640.6255  ANGLE   =      1736.2481  DIHED      =      1300.1321
 1-4 NB =       750.3792  1-4 EEL =      8675.3789  VDWAALS    =     17255.6667
 EELEC  =   -170233.1958  EHBOND  =         0.0000  RESTRAINT  =         0.0000
 EKCMT  =      9665.9753  VIRIAL  =      9047.8596  VOLUME     =    354232.0976
                                                    Density    =         1.0267
 ------------------------------------------------------------------------------


 NSTEP =    82500   TIME(PS) =     107.500  TEMP(K) =   300.51  PRESS =  -149.2
 Etot   =   -118216.9943  EKtot   =     21873.3867  EPtot      =   -140090.3810
 BOND   =       642.1796  ANGLE   =      1714.5522  DIHED      =      1303.4364
 1-4 NB =       760.6053  1-4 EEL =      8603.4333  VDWAALS    =     16781.4895
 EELEC  =   -169896.0772  EHBOND  =         0.0000  RESTRAINT  =         0.0000
 EKCMT  =      9628.1649  VIRIAL  =     10770.6835  VOLUME     =    354631.9177
                                                    Density    =         1.0255
 ------------------------------------------------------------------------------


 NSTEP =    85000   TIME(PS) =     110.000  TEMP(K) =   299.40  PRESS =   138.5
 Etot   =   -118472.1398  EKtot   =     21792.1543  EPtot      =   -140264.2941
 BOND   =       676.9654  ANGLE   =      1719.4478  DIHED      =      1345.3117
 1-4 NB =       762.5174  1-4 EEL =      8634.1027  VDWAALS    =     17317.5506
 EELEC  =   -170720.1897  EHBOND  =         0.0000  RESTRAINT  =         0.0000
 EKCMT  =      9603.9224  VIRIAL  =      8544.7194  VOLUME     =    354224.8739
                                                    Density    =         1.0267
 ------------------------------------------------------------------------------


 NSTEP =    87500   TIME(PS) =     112.500  TEMP(K) =   299.11  PRESS =   -16.5
 Etot   =   -118464.2571  EKtot   =     21771.3320  EPtot      =   -140235.5891
 BOND   =       620.5133  ANGLE   =      1650.3956  DIHED      =      1315.8895
 1-4 NB =       759.3991  1-4 EEL =      8706.2520  VDWAALS    =     17192.1380
 EELEC  =   -170480.1766  EHBOND  =         0.0000  RESTRAINT  =         0.0000
 EKCMT  =      9454.8485  VIRIAL  =      9580.8404  VOLUME     =    354008.3069
                                                    Density    =         1.0273
 ------------------------------------------------------------------------------


 NSTEP =    90000   TIME(PS) =     115.000  TEMP(K) =   299.77  PRESS =   -45.9
 Etot   =   -118213.1593  EKtot   =     21819.1895  EPtot      =   -140032.3488
 BOND   =       671.5156  ANGLE   =      1720.0070  DIHED      =      1295.4138
 1-4 NB =       752.4126  1-4 EEL =      8695.8750  VDWAALS    =     16817.2456
 EELEC  =   -169984.8184  EHBOND  =         0.0000  RESTRAINT  =         0.0000
 EKCMT  =      9563.7708  VIRIAL  =      9914.2260  VOLUME     =    353691.4799
                                                    Density    =         1.0282
 ------------------------------------------------------------------------------


 NSTEP =    92500   TIME(PS) =     117.500  TEMP(K) =   302.21  PRESS =   -69.9
 Etot   =   -117782.8131  EKtot   =     21996.8223  EPtot      =   -139779.6354
 BOND   =       656.8765  ANGLE   =      1720.8072  DIHED      =      1294.9703
 1-4 NB =       764.6120  1-4 EEL =      8692.6721  VDWAALS    =     16754.3830
 EELEC  =   -169663.9564  EHBOND  =         0.0000  RESTRAINT  =         0.0000
 EKCMT  =      9701.7533  VIRIAL  =     10235.7671  VOLUME     =    353877.3322
                                                    Density    =         1.0277
 ------------------------------------------------------------------------------


 NSTEP =    95000   TIME(PS) =     120.000  TEMP(K) =   297.86  PRESS =   151.1
 Etot   =   -118458.9528  EKtot   =     21680.1055  EPtot      =   -140139.0583
 BOND   =       637.0911  ANGLE   =      1707.9531  DIHED      =      1304.4821
 1-4 NB =       761.1238  1-4 EEL =      8601.4119  VDWAALS    =     17273.4188
 EELEC  =   -170424.5391  EHBOND  =         0.0000  RESTRAINT  =         0.0000
 EKCMT  =      9520.9979  VIRIAL  =      8367.7095  VOLUME     =    353405.8623
                                                    Density    =         1.0291
 ------------------------------------------------------------------------------


 NSTEP =    97500   TIME(PS) =     122.500  TEMP(K) =   296.90  PRESS =  -128.4
 Etot   =   -118643.7407  EKtot   =     21610.4824  EPtot      =   -140254.2231
 BOND   =       645.7787  ANGLE   =      1741.0614  DIHED      =      1304.8368
 1-4 NB =       787.9458  1-4 EEL =      8634.8160  VDWAALS    =     17181.0216
 EELEC  =   -170549.6835  EHBOND  =         0.0000  RESTRAINT  =         0.0000
 EKCMT  =      9484.6584  VIRIAL  =     10464.9752  VOLUME     =    353528.1039
                                                    Density    =         1.0287
 ------------------------------------------------------------------------------


 NSTEP =   100000   TIME(PS) =     125.000  TEMP(K) =   297.15  PRESS =   127.4
 Etot   =   -118489.0566  EKtot   =     21628.3125  EPtot      =   -140117.3691
 BOND   =       641.8352  ANGLE   =      1698.0961  DIHED      =      1307.2552
 1-4 NB =       765.6879  1-4 EEL =      8658.4410  VDWAALS    =     17232.5114
 EELEC  =   -170421.1960  EHBOND  =         0.0000  RESTRAINT  =         0.0000
 EKCMT  =      9487.1806  VIRIAL  =      8513.3391  VOLUME     =    353897.6175
                                                    Density    =         1.0276
 ------------------------------------------------------------------------------


 NSTEP =   102500   TIME(PS) =     127.500  TEMP(K) =   300.20  PRESS =    59.3
 Etot   =   -118199.9637  EKtot   =     21850.4727  EPtot      =   -140050.4364
 BOND   =       725.6159  ANGLE   =      1684.9416  DIHED      =      1317.6288
 1-4 NB =       768.4028  1-4 EEL =      8629.0172  VDWAALS    =     17188.9732
 EELEC  =   -170365.0157  EHBOND  =         0.0000  RESTRAINT  =         0.0000
 EKCMT  =      9666.8999  VIRIAL  =      9212.6667  VOLUME     =    354502.6296
                                                    Density    =         1.0259
 ------------------------------------------------------------------------------


 NSTEP =   105000   TIME(PS) =     130.000  TEMP(K) =   299.89  PRESS =   -82.8
 Etot   =   -118096.9305  EKtot   =     21828.1445  EPtot      =   -139925.0751
 BOND   =       662.8052  ANGLE   =      1647.8910  DIHED      =      1312.8966
 1-4 NB =       769.9257  1-4 EEL =      8662.9188  VDWAALS    =     16901.6561
 EELEC  =   -169883.1684  EHBOND  =         0.0000  RESTRAINT  =         0.0000
 EKCMT  =      9649.2206  VIRIAL  =     10281.4685  VOLUME     =    353542.3232
                                                    Density    =         1.0287
 ------------------------------------------------------------------------------


 NSTEP =   107500   TIME(PS) =     132.500  TEMP(K) =   301.08  PRESS =   -40.5
 Etot   =   -118058.5158  EKtot   =     21914.8320  EPtot      =   -139973.3479
 BOND   =       670.1189  ANGLE   =      1723.8049  DIHED      =      1291.8240
 1-4 NB =       778.2246  1-4 EEL =      8704.8273  VDWAALS    =     16935.2593
 EELEC  =   -170077.4069  EHBOND  =         0.0000  RESTRAINT  =         0.0000
 EKCMT  =      9599.4051  VIRIAL  =      9907.9606  VOLUME     =    353101.6801
                                                    Density    =         1.0299
 ------------------------------------------------------------------------------


 NSTEP =   110000   TIME(PS) =     135.000  TEMP(K) =   300.22  PRESS =  -215.0
 Etot   =   -118303.0185  EKtot   =     21851.9805  EPtot      =   -140154.9989
 BOND   =       695.6982  ANGLE   =      1669.3453  DIHED      =      1310.9915
 1-4 NB =       751.2425  1-4 EEL =      8624.0918  VDWAALS    =     16769.3098
 EELEC  =   -169975.6780  EHBOND  =         0.0000  RESTRAINT  =         0.0000
 EKCMT  =      9651.9045  VIRIAL  =     11289.8272  VOLUME     =    352762.9077
                                                    Density    =         1.0309
 ------------------------------------------------------------------------------


 NSTEP =   112500   TIME(PS) =     137.500  TEMP(K) =   302.56  PRESS =   143.4
 Etot   =   -118067.9533  EKtot   =     22022.5254  EPtot      =   -140090.4787
 BOND   =       660.1610  ANGLE   =      1627.9954  DIHED      =      1316.8579
 1-4 NB =       769.0896  1-4 EEL =      8679.9259  VDWAALS    =     17171.7782
 EELEC  =   -170316.2867  EHBOND  =         0.0000  RESTRAINT  =         0.0000
 EKCMT  =      9706.6015  VIRIAL  =      8611.3702  VOLUME     =    353637.6342
                                                    Density    =         1.0284
 ------------------------------------------------------------------------------


 NSTEP =   115000   TIME(PS) =     140.000  TEMP(K) =   300.43  PRESS =   -42.4
 Etot   =   -118211.6991  EKtot   =     21867.4512  EPtot      =   -140079.1503
 BOND   =       647.6105  ANGLE   =      1665.1537  DIHED      =      1308.3452
 1-4 NB =       749.9037  1-4 EEL =      8652.1656  VDWAALS    =     17040.6066
 EELEC  =   -170142.9357  EHBOND  =         0.0000  RESTRAINT  =         0.0000
 EKCMT  =      9528.5660  VIRIAL  =      9852.3864  VOLUME     =    353511.7023
                                                    Density    =         1.0287
 ------------------------------------------------------------------------------


 NSTEP =   117500   TIME(PS) =     142.500  TEMP(K) =   299.68  PRESS =  -108.0
 Etot   =   -118606.9307  EKtot   =     21812.4355  EPtot      =   -140419.3662
 BOND   =       675.0354  ANGLE   =      1713.8098  DIHED      =      1303.2040
 1-4 NB =       751.1241  1-4 EEL =      8661.1455  VDWAALS    =     17013.7509
 EELEC  =   -170537.4360  EHBOND  =         0.0000  RESTRAINT  =         0.0000
 EKCMT  =      9698.7978  VIRIAL  =     10523.9350  VOLUME     =    353759.7790
                                                    Density    =         1.0280
 ------------------------------------------------------------------------------


 NSTEP =   120000   TIME(PS) =     145.000  TEMP(K) =   299.41  PRESS =     7.7
 Etot   =   -118391.2790  EKtot   =     21793.1641  EPtot      =   -140184.4430
 BOND   =       621.1859  ANGLE   =      1681.1759  DIHED      =      1316.9068
 1-4 NB =       779.2773  1-4 EEL =      8661.9404  VDWAALS    =     16908.2859
 EELEC  =   -170153.2152  EHBOND  =         0.0000  RESTRAINT  =         0.0000
 EKCMT  =      9529.7657  VIRIAL  =      9470.9397  VOLUME     =    353277.3544
                                                    Density    =         1.0294
 ------------------------------------------------------------------------------


 NSTEP =   122500   TIME(PS) =     147.500  TEMP(K) =   299.25  PRESS =    59.5
 Etot   =   -118120.2343  EKtot   =     21781.6445  EPtot      =   -139901.8788
 BOND   =       658.6712  ANGLE   =      1673.7801  DIHED      =      1335.2709
 1-4 NB =       761.1952  1-4 EEL =      8670.2439  VDWAALS    =     16928.1363
 EELEC  =   -169929.1764  EHBOND  =         0.0000  RESTRAINT  =         0.0000
 EKCMT  =      9639.9688  VIRIAL  =      9187.1370  VOLUME     =    352781.1049
                                                    Density    =         1.0309
 ------------------------------------------------------------------------------


 NSTEP =   125000   TIME(PS) =     150.000  TEMP(K) =   300.62  PRESS =    -3.8
 Etot   =   -118296.4811  EKtot   =     21881.2852  EPtot      =   -140177.7663
 BOND   =       688.3995  ANGLE   =      1642.0711  DIHED      =      1309.9644
 1-4 NB =       756.2850  1-4 EEL =      8717.8474  VDWAALS    =     16946.4134
 EELEC  =   -170238.7471  EHBOND  =         0.0000  RESTRAINT  =         0.0000
 EKCMT  =      9609.3639  VIRIAL  =      9638.3936  VOLUME     =    353297.9665
                                                    Density    =         1.0294
 ------------------------------------------------------------------------------


 NSTEP =   127500   TIME(PS) =     152.500  TEMP(K) =   297.86  PRESS =   211.4
 Etot   =   -118472.6505  EKtot   =     21680.5430  EPtot      =   -140153.1935
 BOND   =       653.6748  ANGLE   =      1704.3573  DIHED      =      1307.4365
 1-4 NB =       757.0253  1-4 EEL =      8633.1321  VDWAALS    =     17127.3484
 EELEC  =   -170336.1678  EHBOND  =         0.0000  RESTRAINT  =         0.0000
 EKCMT  =      9487.6861  VIRIAL  =      7876.9752  VOLUME     =    352847.9149
                                                    Density    =         1.0307
 ------------------------------------------------------------------------------


 NSTEP =   130000   TIME(PS) =     155.000  TEMP(K) =   300.69  PRESS =   306.0
 Etot   =   -118276.9193  EKtot   =     21885.9766  EPtot      =   -140162.8958
 BOND   =       642.6728  ANGLE   =      1681.5542  DIHED      =      1319.2299
 1-4 NB =       737.9731  1-4 EEL =      8698.8127  VDWAALS    =     17048.1333
 EELEC  =   -170291.2719  EHBOND  =         0.0000  RESTRAINT  =         0.0000
 EKCMT  =      9573.6399  VIRIAL  =      7243.3521  VOLUME     =    352656.1612
                                                    Density    =         1.0312
 ------------------------------------------------------------------------------


 NSTEP =   132500   TIME(PS) =     157.500  TEMP(K) =   299.55  PRESS =   227.8
 Etot   =   -118122.7440  EKtot   =     21803.3594  EPtot      =   -139926.1034
 BOND   =       663.6563  ANGLE   =      1717.4414  DIHED      =      1322.5771
 1-4 NB =       768.1395  1-4 EEL =      8613.0883  VDWAALS    =     17243.7733
 EELEC  =   -170254.7792  EHBOND  =         0.0000  RESTRAINT  =         0.0000
 EKCMT  =      9571.9803  VIRIAL  =      7830.8403  VOLUME     =    354046.6243
                                                    Density    =         1.0272
 ------------------------------------------------------------------------------


 NSTEP =   135000   TIME(PS) =     160.000  TEMP(K) =   299.05  PRESS =  -147.3
 Etot   =   -118416.3747  EKtot   =     21767.2598  EPtot      =   -140183.6345
 BOND   =       673.2527  ANGLE   =      1686.4281  DIHED      =      1326.6519
 1-4 NB =       756.1223  1-4 EEL =      8673.9145  VDWAALS    =     16922.0976
 EELEC  =   -170222.1015  EHBOND  =         0.0000  RESTRAINT  =         0.0000
 EKCMT  =      9635.1157  VIRIAL  =     10758.2614  VOLUME     =    353173.8468
                                                    Density    =         1.0297
 ------------------------------------------------------------------------------


 NSTEP =   137500   TIME(PS) =     162.500  TEMP(K) =   299.62  PRESS =    46.5
 Etot   =   -118444.6664  EKtot   =     21808.6406  EPtot      =   -140253.3070
 BOND   =       623.6409  ANGLE   =      1689.8048  DIHED      =      1319.4293
 1-4 NB =       750.5240  1-4 EEL =      8637.3856  VDWAALS    =     17007.9752
 EELEC  =   -170282.0666  EHBOND  =         0.0000  RESTRAINT  =         0.0000
 EKCMT  =      9645.3098  VIRIAL  =      9290.6424  VOLUME     =    353254.0675
                                                    Density    =         1.0295
 ------------------------------------------------------------------------------


 NSTEP =   140000   TIME(PS) =     165.000  TEMP(K) =   301.29  PRESS =  -143.1
 Etot   =   -118382.4806  EKtot   =     21930.2129  EPtot      =   -140312.6935
 BOND   =       650.2911  ANGLE   =      1702.0685  DIHED      =      1292.7280
 1-4 NB =       762.6451  1-4 EEL =      8656.7205  VDWAALS    =     16922.5427
 EELEC  =   -170299.6893  EHBOND  =         0.0000  RESTRAINT  =         0.0000
 EKCMT  =      9692.3521  VIRIAL  =     10785.9422  VOLUME     =    353828.8300
                                                    Density    =         1.0278
 ------------------------------------------------------------------------------


 NSTEP =   142500   TIME(PS) =     167.500  TEMP(K) =   300.85  PRESS =   -51.2
 Etot   =   -118120.3476  EKtot   =     21898.0195  EPtot      =   -140018.3671
 BOND   =       677.1654  ANGLE   =      1696.0107  DIHED      =      1282.8588
 1-4 NB =       747.3298  1-4 EEL =      8642.2542  VDWAALS    =     16907.9319
 EELEC  =   -169971.9179  EHBOND  =         0.0000  RESTRAINT  =         0.0000
 EKCMT  =      9537.0075  VIRIAL  =      9927.0429  VOLUME     =    353148.8557
                                                    Density    =         1.0298
 ------------------------------------------------------------------------------


 NSTEP =   145000   TIME(PS) =     170.000  TEMP(K) =   299.83  PRESS =    85.4
 Etot   =   -118479.7053  EKtot   =     21823.5859  EPtot      =   -140303.2913
 BOND   =       648.4380  ANGLE   =      1698.0505  DIHED      =      1275.8096
 1-4 NB =       758.9157  1-4 EEL =      8647.7272  VDWAALS    =     17583.9641
 EELEC  =   -170916.1964  EHBOND  =         0.0000  RESTRAINT  =         0.0000
 EKCMT  =      9613.9424  VIRIAL  =      8960.7516  VOLUME     =    354290.6124
                                                    Density    =         1.0265
 ------------------------------------------------------------------------------


 NSTEP =   147500   TIME(PS) =     172.500  TEMP(K) =   299.85  PRESS =   -92.4
 Etot   =   -118445.0996  EKtot   =     21825.3770  EPtot      =   -140270.4765
 BOND   =       672.6429  ANGLE   =      1666.0399  DIHED      =      1289.4403
 1-4 NB =       769.0768  1-4 EEL =      8687.1762  VDWAALS    =     17019.5693
 EELEC  =   -170374.4219  EHBOND  =         0.0000  RESTRAINT  =         0.0000
 EKCMT  =      9555.2403  VIRIAL  =     10261.5435  VOLUME     =    354207.0766
                                                    Density    =         1.0267
 ------------------------------------------------------------------------------


 NSTEP =   150000   TIME(PS) =     175.000  TEMP(K) =   298.89  PRESS =   212.9
 Etot   =   -118352.1272  EKtot   =     21755.4414  EPtot      =   -140107.5686
 BOND   =       651.2952  ANGLE   =      1677.0349  DIHED      =      1316.9418
 1-4 NB =       760.9654  1-4 EEL =      8718.8464  VDWAALS    =     17225.5853
 EELEC  =   -170458.2376  EHBOND  =         0.0000  RESTRAINT  =         0.0000
 EKCMT  =      9600.2491  VIRIAL  =      7972.8100  VOLUME     =    353978.3573
                                                    Density    =         1.0274
 ------------------------------------------------------------------------------


 NSTEP =   152500   TIME(PS) =     177.500  TEMP(K) =   300.78  PRESS =  -119.6
 Etot   =   -118208.4421  EKtot   =     21893.0840  EPtot      =   -140101.5261
 BOND   =       639.1991  ANGLE   =      1656.2487  DIHED      =      1297.1917
 1-4 NB =       756.3993  1-4 EEL =      8741.4043  VDWAALS    =     16853.7140
 EELEC  =   -170045.6832  EHBOND  =         0.0000  RESTRAINT  =         0.0000
 EKCMT  =      9693.2487  VIRIAL  =     10607.9111  VOLUME     =    354306.4779
                                                    Density    =         1.0264
 ------------------------------------------------------------------------------


 NSTEP =   155000   TIME(PS) =     180.000  TEMP(K) =   300.80  PRESS =  -145.5
 Etot   =   -118172.4468  EKtot   =     21894.0488  EPtot      =   -140066.4956
 BOND   =       670.4653  ANGLE   =      1662.3841  DIHED      =      1325.9339
 1-4 NB =       748.5809  1-4 EEL =      8727.6193  VDWAALS    =     16763.4507
 EELEC  =   -169964.9299  EHBOND  =         0.0000  RESTRAINT  =         0.0000
 EKCMT  =      9617.9283  VIRIAL  =     10728.4779  VOLUME     =    353482.5794
                                                    Density    =         1.0288
 ------------------------------------------------------------------------------


 NSTEP =   157500   TIME(PS) =     182.500  TEMP(K) =   299.44  PRESS =   -99.4
 Etot   =   -118336.4186  EKtot   =     21795.0176  EPtot      =   -140131.4362
 BOND   =       686.8053  ANGLE   =      1629.4127  DIHED      =      1325.1946
 1-4 NB =       756.0338  1-4 EEL =      8685.0553  VDWAALS    =     16817.2552
 EELEC  =   -170031.1930  EHBOND  =         0.0000  RESTRAINT  =         0.0000
 EKCMT  =      9553.8359  VIRIAL  =     10310.9296  VOLUME     =    352804.3763
                                                    Density    =         1.0308
 ------------------------------------------------------------------------------


 NSTEP =   160000   TIME(PS) =     185.000  TEMP(K) =   301.65  PRESS =  -104.8
 Etot   =   -118230.4268  EKtot   =     21956.2363  EPtot      =   -140186.6631
 BOND   =       643.8937  ANGLE   =      1680.0088  DIHED      =      1316.2424
 1-4 NB =       751.8454  1-4 EEL =      8698.4356  VDWAALS    =     16850.9652
 EELEC  =   -170128.0542  EHBOND  =         0.0000  RESTRAINT  =         0.0000
 EKCMT  =      9646.7493  VIRIAL  =     10445.0476  VOLUME     =    352916.0429
                                                    Density    =         1.0305
 ------------------------------------------------------------------------------


 NSTEP =   162500   TIME(PS) =     187.500  TEMP(K) =   300.47  PRESS =   187.1
 Etot   =   -118248.5836  EKtot   =     21870.4297  EPtot      =   -140119.0133
 BOND   =       664.0380  ANGLE   =      1670.8866  DIHED      =      1306.3576
 1-4 NB =       761.9033  1-4 EEL =      8664.2454  VDWAALS    =     17062.6110
 EELEC  =   -170249.0550  EHBOND  =         0.0000  RESTRAINT  =         0.0000
 EKCMT  =      9542.1374  VIRIAL  =      8114.6597  VOLUME     =    353339.9982
                                                    Density    =         1.0292
 ------------------------------------------------------------------------------


 NSTEP =   165000   TIME(PS) =     190.000  TEMP(K) =   299.89  PRESS =     4.4
 Etot   =   -118444.3693  EKtot   =     21828.1621  EPtot      =   -140272.5314
 BOND   =       628.6709  ANGLE   =      1701.9397  DIHED      =      1314.7441
 1-4 NB =       755.3805  1-4 EEL =      8635.2960  VDWAALS    =     16835.9029
 EELEC  =   -170144.4657  EHBOND  =         0.0000  RESTRAINT  =         0.0000
 EKCMT  =      9522.3422  VIRIAL  =      9489.1106  VOLUME     =    353009.3910
                                                    Density    =         1.0302
 ------------------------------------------------------------------------------


 NSTEP =   167500   TIME(PS) =     192.500  TEMP(K) =   301.25  PRESS =    37.4
 Etot   =   -118019.4973  EKtot   =     21927.2812  EPtot      =   -139946.7786
 BOND   =       671.3729  ANGLE   =      1691.3303  DIHED      =      1301.0011
 1-4 NB =       760.8461  1-4 EEL =      8688.7263  VDWAALS    =     16992.6097
 EELEC  =   -170052.6650  EHBOND  =         0.0000  RESTRAINT  =         0.0000
 EKCMT  =      9702.6509  VIRIAL  =      9417.6095  VOLUME     =    353129.3772
                                                    Density    =         1.0299
 ------------------------------------------------------------------------------


 NSTEP =   170000   TIME(PS) =     195.000  TEMP(K) =   299.74  PRESS =    37.1
 Etot   =   -118321.3217  EKtot   =     21817.3398  EPtot      =   -140138.6616
 BOND   =       656.0216  ANGLE   =      1666.9414  DIHED      =      1295.7846
 1-4 NB =       745.0739  1-4 EEL =      8652.2704  VDWAALS    =     16863.3737
 EELEC  =   -170018.1272  EHBOND  =         0.0000  RESTRAINT  =         0.0000
 EKCMT  =      9565.2778  VIRIAL  =      9282.3342  VOLUME     =    353064.6975
                                                    Density    =         1.0300
 ------------------------------------------------------------------------------


 NSTEP =   172500   TIME(PS) =     197.500  TEMP(K) =   299.06  PRESS =  -112.0
 Etot   =   -118514.9330  EKtot   =     21767.4219  EPtot      =   -140282.3549
 BOND   =       657.7858  ANGLE   =      1657.6359  DIHED      =      1323.3556
 1-4 NB =       773.0637  1-4 EEL =      8738.6824  VDWAALS    =     17053.7900
 EELEC  =   -170486.6682  EHBOND  =         0.0000  RESTRAINT  =         0.0000
 EKCMT  =      9690.7445  VIRIAL  =     10545.5230  VOLUME     =    353482.1780
                                                    Density    =         1.0288
 ------------------------------------------------------------------------------


 NSTEP =   175000   TIME(PS) =     200.000  TEMP(K) =   298.92  PRESS =    49.5
 Etot   =   -118136.8144  EKtot   =     21757.5488  EPtot      =   -139894.3632
 BOND   =       656.0884  ANGLE   =      1675.0272  DIHED      =      1305.4933
 1-4 NB =       791.4272  1-4 EEL =      8657.1196  VDWAALS    =     17026.7584
 EELEC  =   -170006.2775  EHBOND  =         0.0000  RESTRAINT  =         0.0000
 EKCMT  =      9606.5505  VIRIAL  =      9229.3144  VOLUME     =    353101.5888
                                                    Density    =         1.0299
 ------------------------------------------------------------------------------


 NSTEP =   177500   TIME(PS) =     202.500  TEMP(K) =   297.56  PRESS =    -7.7
 Etot   =   -118452.4830  EKtot   =     21658.0996  EPtot      =   -140110.5826
 BOND   =       669.6418  ANGLE   =      1708.8319  DIHED      =      1328.6385
 1-4 NB =       764.5500  1-4 EEL =      8711.1750  VDWAALS    =     17237.6049
 EELEC  =   -170531.0247  EHBOND  =         0.0000  RESTRAINT  =         0.0000
 EKCMT  =      9580.8604  VIRIAL  =      9639.2833  VOLUME     =    353402.3158
                                                    Density    =         1.0291
 ------------------------------------------------------------------------------


 NSTEP =   180000   TIME(PS) =     205.000  TEMP(K) =   298.28  PRESS =   -21.4
 Etot   =   -118427.9830  EKtot   =     21711.0098  EPtot      =   -140138.9927
 BOND   =       659.6918  ANGLE   =      1663.7849  DIHED      =      1296.7966
 1-4 NB =       755.0576  1-4 EEL =      8676.2647  VDWAALS    =     17096.7781
 EELEC  =   -170287.3664  EHBOND  =         0.0000  RESTRAINT  =         0.0000
 EKCMT  =      9603.1155  VIRIAL  =      9766.3749  VOLUME     =    353821.8471
                                                    Density    =         1.0278
 ------------------------------------------------------------------------------


 NSTEP =   182500   TIME(PS) =     207.500  TEMP(K) =   301.30  PRESS =   213.6
 Etot   =   -118174.4062  EKtot   =     21931.0000  EPtot      =   -140105.4062
 BOND   =       676.9365  ANGLE   =      1710.3990  DIHED      =      1324.8143
 1-4 NB =       773.5499  1-4 EEL =      8684.7117  VDWAALS    =     17209.6824
 EELEC  =   -170485.5000  EHBOND  =         0.0000  RESTRAINT  =         0.0000
 EKCMT  =      9661.5724  VIRIAL  =      8029.5088  VOLUME     =    353817.3457
                                                    Density    =         1.0279
 ------------------------------------------------------------------------------


 NSTEP =   185000   TIME(PS) =     210.000  TEMP(K) =   300.94  PRESS =    44.3
 Etot   =   -118278.4358  EKtot   =     21904.5938  EPtot      =   -140183.0295
 BOND   =       711.4474  ANGLE   =      1628.7132  DIHED      =      1301.7533
 1-4 NB =       771.6570  1-4 EEL =      8717.3444  VDWAALS    =     17117.8209
 EELEC  =   -170431.7658  EHBOND  =         0.0000  RESTRAINT  =         0.0000
 EKCMT  =      9682.5600  VIRIAL  =      9343.8588  VOLUME     =    354384.2570
                                                    Density    =         1.0262
 ------------------------------------------------------------------------------


 NSTEP =   187500   TIME(PS) =     212.500  TEMP(K) =   297.23  PRESS =   195.0
 Etot   =   -118623.8892  EKtot   =     21634.3906  EPtot      =   -140258.2798
 BOND   =       673.2120  ANGLE   =      1667.7976  DIHED      =      1307.4773
 1-4 NB =       773.0229  1-4 EEL =      8658.5778  VDWAALS    =     17378.0785
 EELEC  =   -170716.4459  EHBOND  =         0.0000  RESTRAINT  =         0.0000
 EKCMT  =      9596.7500  VIRIAL  =      8107.1908  VOLUME     =    353714.7641
                                                    Density    =         1.0282
 ------------------------------------------------------------------------------


 NSTEP =   190000   TIME(PS) =     215.000  TEMP(K) =   300.07  PRESS =     2.4
 Etot   =   -118437.2535  EKtot   =     21841.3105  EPtot      =   -140278.5640
 BOND   =       667.8102  ANGLE   =      1672.3505  DIHED      =      1313.2807
 1-4 NB =       766.9178  1-4 EEL =      8706.8343  VDWAALS    =     17127.5135
 EELEC  =   -170533.2712  EHBOND  =         0.0000  RESTRAINT  =         0.0000
 EKCMT  =      9625.5116  VIRIAL  =      9606.8979  VOLUME     =    353491.4680
                                                    Density    =         1.0288
 ------------------------------------------------------------------------------


 NSTEP =   192500   TIME(PS) =     217.500  TEMP(K) =   297.66  PRESS =    21.2
 Etot   =   -118459.3470  EKtot   =     21665.6484  EPtot      =   -140124.9955
 BOND   =       632.9075  ANGLE   =      1698.0681  DIHED      =      1333.6477
 1-4 NB =       752.8190  1-4 EEL =      8665.2763  VDWAALS    =     17017.8789
 EELEC  =   -170225.5931  EHBOND  =         0.0000  RESTRAINT  =         0.0000
 EKCMT  =      9643.8737  VIRIAL  =      9482.2533  VOLUME     =    353180.9269
                                                    Density    =         1.0297
 ------------------------------------------------------------------------------


 NSTEP =   195000   TIME(PS) =     220.000  TEMP(K) =   301.41  PRESS =   -22.7
 Etot   =   -118026.9029  EKtot   =     21938.6543  EPtot      =   -139965.5572
 BOND   =       675.4964  ANGLE   =      1666.2530  DIHED      =      1308.5553
 1-4 NB =       746.7916  1-4 EEL =      8701.4937  VDWAALS    =     16896.1933
 EELEC  =   -169960.3405  EHBOND  =         0.0000  RESTRAINT  =         0.0000
 EKCMT  =      9619.0397  VIRIAL  =      9792.1207  VOLUME     =    353044.8607
                                                    Density    =         1.0301
 ------------------------------------------------------------------------------


 NSTEP =   197500   TIME(PS) =     222.500  TEMP(K) =   299.36  PRESS =    23.0
 Etot   =   -118167.8074  EKtot   =     21789.3203  EPtot      =   -139957.1277
 BOND   =       678.5695  ANGLE   =      1723.6701  DIHED      =      1307.7551
 1-4 NB =       749.2115  1-4 EEL =      8685.9429  VDWAALS    =     16853.6520
 EELEC  =   -169955.9288  EHBOND  =         0.0000  RESTRAINT  =         0.0000
 EKCMT  =      9596.4658  VIRIAL  =      9421.1613  VOLUME     =    353149.0607
                                                    Density    =         1.0298
 ------------------------------------------------------------------------------


 NSTEP =   200000   TIME(PS) =     225.000  TEMP(K) =   297.94  PRESS =   -64.4
 Etot   =   -118270.4653  EKtot   =     21686.2344  EPtot      =   -139956.6997
 BOND   =       638.5248  ANGLE   =      1699.1345  DIHED      =      1297.8837
 1-4 NB =       773.6213  1-4 EEL =      8652.7426  VDWAALS    =     16960.2523
 EELEC  =   -169978.8587  EHBOND  =         0.0000  RESTRAINT  =         0.0000
 EKCMT  =      9588.4180  VIRIAL  =     10078.8189  VOLUME     =    352761.4885
                                                    Density    =         1.0309
 ------------------------------------------------------------------------------


 NSTEP =   202500   TIME(PS) =     227.500  TEMP(K) =   298.24  PRESS =   -31.9
 Etot   =   -118340.0380  EKtot   =     21708.2656  EPtot      =   -140048.3036
 BOND   =       700.8184  ANGLE   =      1661.4558  DIHED      =      1298.5053
 1-4 NB =       772.2154  1-4 EEL =      8636.0451  VDWAALS    =     17016.8662
 EELEC  =   -170134.2097  EHBOND  =         0.0000  RESTRAINT  =         0.0000
 EKCMT  =      9549.4477  VIRIAL  =      9792.6577  VOLUME     =    353057.8720
                                                    Density    =         1.0301
 ------------------------------------------------------------------------------


 NSTEP =   205000   TIME(PS) =     230.000  TEMP(K) =   299.42  PRESS =    47.6
 Etot   =   -118212.8279  EKtot   =     21793.7891  EPtot      =   -140006.6169
 BOND   =       642.9708  ANGLE   =      1650.4508  DIHED      =      1273.8637
 1-4 NB =       778.8031  1-4 EEL =      8684.6829  VDWAALS    =     16866.2860
 EELEC  =   -169903.6742  EHBOND  =         0.0000  RESTRAINT  =         0.0000
 EKCMT  =      9642.0734  VIRIAL  =      9279.0132  VOLUME     =    353190.1919
                                                    Density    =         1.0297
 ------------------------------------------------------------------------------


 NSTEP =   207500   TIME(PS) =     232.500  TEMP(K) =   299.93  PRESS =  -127.2
 Etot   =   -118233.2929  EKtot   =     21830.9668  EPtot      =   -140064.2597
 BOND   =       636.8756  ANGLE   =      1691.1306  DIHED      =      1297.5797
 1-4 NB =       738.5567  1-4 EEL =      8653.1945  VDWAALS    =     16682.0088
 EELEC  =   -169763.6054  EHBOND  =         0.0000  RESTRAINT  =         0.0000
 EKCMT  =      9576.1106  VIRIAL  =     10542.7448  VOLUME     =    352099.7007
                                                    Density    =         1.0329
 ------------------------------------------------------------------------------


 NSTEP =   210000   TIME(PS) =     235.000  TEMP(K) =   297.92  PRESS =   -16.0
 Etot   =   -118341.8765  EKtot   =     21684.3027  EPtot      =   -140026.1792
 BOND   =       676.0616  ANGLE   =      1699.7134  DIHED      =      1299.0113
 1-4 NB =       748.0067  1-4 EEL =      8626.6273  VDWAALS    =     17220.5733
 EELEC  =   -170296.1727  EHBOND  =         0.0000  RESTRAINT  =         0.0000
 EKCMT  =      9499.4488  VIRIAL  =      9620.9194  VOLUME     =    351980.6819
                                                    Density    =         1.0332
 ------------------------------------------------------------------------------


 NSTEP =   212500   TIME(PS) =     237.500  TEMP(K) =   298.05  PRESS =  -160.9
 Etot   =   -118324.8077  EKtot   =     21694.0371  EPtot      =   -140018.8448
 BOND   =       639.9367  ANGLE   =      1725.9574  DIHED      =      1310.6991
 1-4 NB =       758.6546  1-4 EEL =      8657.6222  VDWAALS    =     16891.1092
 EELEC  =   -170002.8241  EHBOND  =         0.0000  RESTRAINT  =         0.0000
 EKCMT  =      9488.4034  VIRIAL  =     10712.3211  VOLUME     =    352277.5898
                                                    Density    =         1.0323
 ------------------------------------------------------------------------------


 NSTEP =   215000   TIME(PS) =     240.000  TEMP(K) =   301.40  PRESS =   176.0
 Etot   =   -118096.8214  EKtot   =     21937.8848  EPtot      =   -140034.7062
 BOND   =       630.7446  ANGLE   =      1660.2328  DIHED      =      1305.4368
 1-4 NB =       777.1071  1-4 EEL =      8690.0540  VDWAALS    =     17147.5360
 EELEC  =   -170245.8174  EHBOND  =         0.0000  RESTRAINT  =         0.0000
 EKCMT  =      9652.9157  VIRIAL  =      8310.8086  VOLUME     =    353259.5116
                                                    Density    =         1.0295
 ------------------------------------------------------------------------------


 NSTEP =   217500   TIME(PS) =     242.500  TEMP(K) =   298.11  PRESS =    -0.0
 Etot   =   -118373.1453  EKtot   =     21698.8008  EPtot      =   -140071.9461
 BOND   =       673.9766  ANGLE   =      1686.9559  DIHED      =      1289.3859
 1-4 NB =       779.2137  1-4 EEL =      8678.6047  VDWAALS    =     17325.3671
 EELEC  =   -170505.4500  EHBOND  =         0.0000  RESTRAINT  =         0.0000
 EKCMT  =      9621.2162  VIRIAL  =      9621.3291  VOLUME     =    353181.9840
                                                    Density    =         1.0297
 ------------------------------------------------------------------------------


 NSTEP =   220000   TIME(PS) =     245.000  TEMP(K) =   299.84  PRESS =  -168.7
 Etot   =   -118141.4729  EKtot   =     21824.1562  EPtot      =   -139965.6292
 BOND   =       619.1499  ANGLE   =      1702.5225  DIHED      =      1333.8532
 1-4 NB =       766.9125  1-4 EEL =      8669.3613  VDWAALS    =     16746.9094
 EELEC  =   -169804.3379  EHBOND  =         0.0000  RESTRAINT  =         0.0000
 EKCMT  =      9704.8187  VIRIAL  =     10991.4111  VOLUME     =    353140.8270
                                                    Density    =         1.0298
 ------------------------------------------------------------------------------


 NSTEP =   222500   TIME(PS) =     247.500  TEMP(K) =   298.74  PRESS =   205.0
 Etot   =   -118355.6129  EKtot   =     21744.6934  EPtot      =   -140100.3063
 BOND   =       659.4110  ANGLE   =      1667.0401  DIHED      =      1338.0642
 1-4 NB =       743.6071  1-4 EEL =      8638.2117  VDWAALS    =     17276.5826
 EELEC  =   -170423.2229  EHBOND  =         0.0000  RESTRAINT  =         0.0000
 EKCMT  =      9566.2742  VIRIAL  =      8003.2478  VOLUME     =    353099.4448
                                                    Density    =         1.0299
 ------------------------------------------------------------------------------


 NSTEP =   225000   TIME(PS) =     250.000  TEMP(K) =   300.77  PRESS =  -110.0
 Etot   =   -118106.1337  EKtot   =     21891.9473  EPtot      =   -139998.0810
 BOND   =       656.5898  ANGLE   =      1626.8676  DIHED      =      1320.6657
 1-4 NB =       751.3615  1-4 EEL =      8667.9037  VDWAALS    =     16827.8844
 EELEC  =   -169849.3536  EHBOND  =         0.0000  RESTRAINT  =         0.0000
 EKCMT  =      9604.7757  VIRIAL  =     10444.5979  VOLUME     =    353697.7130
                                                    Density    =         1.0282
 ------------------------------------------------------------------------------


 NSTEP =   227500   TIME(PS) =     252.500  TEMP(K) =   298.89  PRESS =  -243.1
 Etot   =   -118523.4706  EKtot   =     21755.0703  EPtot      =   -140278.5409
 BOND   =       657.6391  ANGLE   =      1751.2318  DIHED      =      1331.2927
 1-4 NB =       746.4927  1-4 EEL =      8642.4265  VDWAALS    =     16922.9434
 EELEC  =   -170330.5671  EHBOND  =         0.0000  RESTRAINT  =         0.0000
 EKCMT  =      9585.7394  VIRIAL  =     11436.0223  VOLUME     =    352459.9265
                                                    Density    =         1.0318
 ------------------------------------------------------------------------------


 NSTEP =   230000   TIME(PS) =     255.000  TEMP(K) =   298.82  PRESS =  -140.7
 Etot   =   -118295.7416  EKtot   =     21750.1172  EPtot      =   -140045.8588
 BOND   =       656.2435  ANGLE   =      1682.9146  DIHED      =      1319.6663
 1-4 NB =       752.9962  1-4 EEL =      8611.2659  VDWAALS    =     16747.0592
 EELEC  =   -169816.0045  EHBOND  =         0.0000  RESTRAINT  =         0.0000
 EKCMT  =      9584.9584  VIRIAL  =     10657.7944  VOLUME     =    353068.8606
                                                    Density    =         1.0300
 ------------------------------------------------------------------------------


 NSTEP =   232500   TIME(PS) =     257.500  TEMP(K) =   301.07  PRESS =    65.5
 Etot   =   -118516.0357  EKtot   =     21913.8125  EPtot      =   -140429.8482
 BOND   =       620.4206  ANGLE   =      1748.1253  DIHED      =      1301.4928
 1-4 NB =       767.6631  1-4 EEL =      8714.4488  VDWAALS    =     17129.0468
 EELEC  =   -170711.0456  EHBOND  =         0.0000  RESTRAINT  =         0.0000
 EKCMT  =      9616.7130  VIRIAL  =      9117.1705  VOLUME     =    353114.2169
                                                    Density    =         1.0299
 ------------------------------------------------------------------------------


 NSTEP =   235000   TIME(PS) =     260.000  TEMP(K) =   299.51  PRESS =   -11.1
 Etot   =   -118658.1988  EKtot   =     21800.5430  EPtot      =   -140458.7418
 BOND   =       649.8362  ANGLE   =      1691.6040  DIHED      =      1305.9644
 1-4 NB =       752.7074  1-4 EEL =      8690.7117  VDWAALS    =     17211.7006
 EELEC  =   -170761.2661  EHBOND  =         0.0000  RESTRAINT  =         0.0000
 EKCMT  =      9524.4317  VIRIAL  =      9609.1261  VOLUME     =    353168.6378
                                                    Density    =         1.0297
 ------------------------------------------------------------------------------


 NSTEP =   237500   TIME(PS) =     262.500  TEMP(K) =   300.43  PRESS =   150.7
 Etot   =   -118417.1071  EKtot   =     21867.2871  EPtot      =   -140284.3942
 BOND   =       655.9304  ANGLE   =      1709.2696  DIHED      =      1284.9062
 1-4 NB =       763.4396  1-4 EEL =      8637.6051  VDWAALS    =     17338.4713
 EELEC  =   -170674.0164  EHBOND  =         0.0000  RESTRAINT  =         0.0000
 EKCMT  =      9651.2933  VIRIAL  =      8501.6032  VOLUME     =    353378.6324
                                                    Density    =         1.0291
 ------------------------------------------------------------------------------


 NSTEP =   240000   TIME(PS) =     265.000  TEMP(K) =   301.60  PRESS =    33.6
 Etot   =   -118294.7696  EKtot   =     21952.3535  EPtot      =   -140247.1231
 BOND   =       662.9591  ANGLE   =      1675.8481  DIHED      =      1296.4468
 1-4 NB =       760.0413  1-4 EEL =      8731.6082  VDWAALS    =     16991.1634
 EELEC  =   -170365.1901  EHBOND  =         0.0000  RESTRAINT  =         0.0000
 EKCMT  =      9623.8743  VIRIAL  =      9367.7844  VOLUME     =    353511.1475
                                                    Density    =         1.0287
 ------------------------------------------------------------------------------


 NSTEP =   242500   TIME(PS) =     267.500  TEMP(K) =   299.45  PRESS =    50.0
 Etot   =   -118343.3527  EKtot   =     21795.7051  EPtot      =   -140139.0578
 BOND   =       634.0945  ANGLE   =      1702.3983  DIHED      =      1312.8151
 1-4 NB =       764.1907  1-4 EEL =      8656.4231  VDWAALS    =     17038.3678
 EELEC  =   -170247.3474  EHBOND  =         0.0000  RESTRAINT  =         0.0000
 EKCMT  =      9671.3483  VIRIAL  =      9290.1185  VOLUME     =    352959.0861
                                                    Density    =         1.0304
 ------------------------------------------------------------------------------


 NSTEP =   245000   TIME(PS) =     270.000  TEMP(K) =   300.72  PRESS =   148.1
 Etot   =   -118230.0181  EKtot   =     21888.4668  EPtot      =   -140118.4849
 BOND   =       645.7799  ANGLE   =      1702.7507  DIHED      =      1288.8556
 1-4 NB =       754.4399  1-4 EEL =      8660.1007  VDWAALS    =     17158.4825
 EELEC  =   -170328.8942  EHBOND  =         0.0000  RESTRAINT  =         0.0000
 EKCMT  =      9613.3014  VIRIAL  =      8483.0599  VOLUME     =    353510.7591
                                                    Density    =         1.0287
 ------------------------------------------------------------------------------


 NSTEP =   247500   TIME(PS) =     272.500  TEMP(K) =   300.59  PRESS =  -149.2
 Etot   =   -118573.0135  EKtot   =     21879.1719  EPtot      =   -140452.1854
 BOND   =       685.2587  ANGLE   =      1731.2428  DIHED      =      1321.3179
 1-4 NB =       749.8131  1-4 EEL =      8647.3877  VDWAALS    =     16828.6973
 EELEC  =   -170415.9028  EHBOND  =         0.0000  RESTRAINT  =         0.0000
 EKCMT  =      9627.8471  VIRIAL  =     10764.6336  VOLUME     =    352803.1479
                                                    Density    =         1.0308
 ------------------------------------------------------------------------------


 NSTEP =   250000   TIME(PS) =     275.000  TEMP(K) =   300.06  PRESS =  -141.0
 Etot   =   -118695.2348  EKtot   =     21840.2891  EPtot      =   -140535.5239
 BOND   =       649.7127  ANGLE   =      1708.7447  DIHED      =      1314.4058
 1-4 NB =       765.3409  1-4 EEL =      8672.9746  VDWAALS    =     17086.6989
 EELEC  =   -170733.4016  EHBOND  =         0.0000  RESTRAINT  =         0.0000
 EKCMT  =      9629.7381  VIRIAL  =     10703.6946  VOLUME     =    352712.0961
                                                    Density    =         1.0311
 ------------------------------------------------------------------------------


      A V E R A G E S   O V E R     100 S T E P S


 NSTEP =   250000   TIME(PS) =     275.000  TEMP(K) =   299.90  PRESS =   -21.9
 Etot   =   -118122.3546  EKtot   =     21829.0495  EPtot      =   -139951.4041
 BOND   =       659.1137  ANGLE   =      1687.1739  DIHED      =      1312.7656
 1-4 NB =       761.9436  1-4 EEL =      8670.4367  VDWAALS    =     17051.2961
 EELEC  =   -170094.1337  EHBOND  =         0.0000  RESTRAINT  =         0.0000
 EKCMT  =      9611.3058  VIRIAL  =      9795.6272  VOLUME     =    356461.5593
                                                    Density    =         1.0212
 ------------------------------------------------------------------------------


      R M S  F L U C T U A T I O N S


 NSTEP =   250000   TIME(PS) =     275.000  TEMP(K) =     1.47  PRESS =   135.9
 Etot   =       614.5862  EKtot   =       107.1827  EPtot      =       610.4408
 BOND   =        21.7966  ANGLE   =        32.1069  DIHED      =        16.8666
 1-4 NB =        11.7163  1-4 EEL =        33.4511  VDWAALS    =       205.9135
 EELEC  =       543.0305  EHBOND  =         0.0000  RESTRAINT  =         0.0000
 EKCMT  =        68.6880  VIRIAL  =      1094.8335  VOLUME     =     11734.2368
                                                    Density    =         0.0290
 ------------------------------------------------------------------------------

--------------------------------------------------------------------------------
   5.  TIMINGS
--------------------------------------------------------------------------------

|  NonSetup CPU Time in Major Routines:
|
|     Routine           Sec        %
|     ------------------------------
|     Nonbond         318.31   84.22
|     Bond              0.00    0.00
|     Angle             0.00    0.00
|     Dihedral          0.00    0.00
|     Shake             7.34    1.94
|     RunMD            51.60   13.65
|     Other             0.72    0.19
|     ------------------------------
|     Total           377.97

|  PME Nonbond Pairlist CPU Time:
|
|     Routine              Sec        %
|     ---------------------------------
|     Set Up Cit           0.00    0.00
|     Build List           0.00    0.00
|     ---------------------------------
|     Total                0.00    0.00

|  PME Direct Force CPU Time:
|
|     Routine              Sec        %
|     ---------------------------------
|     NonBonded Calc       0.00    0.00
|     Exclude Masked       0.00    0.00
|     Other                0.37    0.10
|     ---------------------------------
|     Total                0.37    0.10

|  PME Reciprocal Force CPU Time:
|
|     Routine              Sec        %
|     ---------------------------------
|     1D bspline           0.00    0.00
|     Grid Charges         0.00    0.00
|     Scalar Sum           0.00    0.00
|     Gradient Sum         0.00    0.00
|     FFT                  0.00    0.00
|     ---------------------------------
|     Total                0.00    0.00

|  Final Performance Info:
|     -----------------------------------------------------
|     Average timings for last    7500 steps:
|     Elapsed(s) =      11.47 Per Step(ms) =       1.53
|         ns/day =      56.48   seconds/ns =    1529.73
|
|     Average timings for all steps:
|     Elapsed(s) =     380.86 Per Step(ms) =       1.52
|         ns/day =      56.71   seconds/ns =    1523.45
|     -----------------------------------------------------

|  Setup CPU time:            1.58 seconds
|  NonSetup CPU time:       377.97 seconds
|  Total CPU time:          379.55 seconds     0.11 hours

|  Setup wall time:           2    seconds
|  NonSetup wall time:      381    seconds
|  Total wall time:         383    seconds     0.11 hours
