
          -------------------------------------------------------
          Amber 18 PMEMD                              2018
          -------------------------------------------------------

| PMEMD implementation of SANDER, Release 18

| Run on 07/06/2021 at 18:34:28

|   Executable path: pmemd.cuda
| Working directory: /home/bozhanng/Abs_MD/HEPC3-4_Fv_full_VN_relaxed
|          Hostname: bf21

  [-O]verwriting output

File Assignments:
|   MDIN: minall_HEPC3-4_Fv_full_VN_relaxed.in                                  
|  MDOUT: minall_HEPC3-4_Fv_full_VN_relaxed.out                                 
| INPCRD: minpro_HEPC3-4_Fv_full_VN_relaxed.crd                                 
|   PARM: HEPC3-4_Fv_full_VN_relaxed.parm7                                      
| RESTRT: minall_HEPC3-4_Fv_full_VN_relaxed.crd                                 
|   REFC: refc                                                                  
|  MDVEL: mdvel                                                                 
|   MDEN: mden                                                                  
|  MDCRD: mdcrd                                                                 
| MDINFO: mdinfo                                                                
|  MDFRC: mdfrc                                                                 


 Here is the input file:

Initial minimization                                                           
 &cntrl                                                                        
  ntx    = 1,       irest  = 0,       ntrx   = 1,      ntxo   = 1,             
  ntpr   = 50,      ntwx   = 0,       ntwv   = 0,      ntwe   = 0,             
                                                                               
  ntf    = 1,       ntb    = 1,                                                
  cut    = 8.0,     nsnb   = 10,                                               
                                                                               
  ibelly = 0,       ntr    = 0,                                                
                                                                               
  imin   = 1,                                                                  
  maxcyc = 10000,                                                              
  ncyc   = 500,                                                                
  ntmin  = 1,       dx0    = 0.1,     dxm    = 0.5,     drms   = 0.0001,       
                                                                               
  ntc    = 1,       tol    = 0.000001,                                         
                                                                               
 &end                                                                          


Note: ig = -1. Setting random seed to   284805 based on wallclock time in 
      microseconds.
| irandom = 1, using AMBER's internal random number generator (default).
| INFO:    The nsnb ctrl option does not affect nonbonded list update frequency.
|          It does affect steepest descent minimization freq if ntmin == 0
| INFO:    The dxm ctrl option is deprecated and ignored.
 
|--------------------- INFORMATION ----------------------
| GPU (CUDA) Version of PMEMD in use: NVIDIA GPU IN USE.
|                    Version 18.0.0
| 
|                      03/25/2018
| 
| Implementation by:
|                    Ross C. Walker     (SDSC)
|                    Scott Le Grand     (nVIDIA)
| 
| Version 18 performance extensions by:
|                    David Cerutti     (Rutgers)
| 
| Precision model in use:
|      [SPFP] - Single Precision Forces, 64-bit Fixed Point
|               Accumulation. (Default)
| 
|--------------------------------------------------------
 
|----------------- CITATION INFORMATION -----------------
|
|    When publishing work that utilized the CUDA version
|    of AMBER, please cite the following in addition to
|    the regular AMBER citations:
|
|  - Romelia Salomon-Ferrer; Andreas W. Goetz; Duncan
|    Poole; Scott Le Grand; Ross C. Walker "Routine
|    microsecond molecular dynamics simulations with
|    AMBER - Part II: Particle Mesh Ewald", J. Chem.
|    Theory Comput., 2013, 9 (9), pp3878-3888,
|    DOI: 10.1021/ct400314y.
|
|  - Andreas W. Goetz; Mark J. Williamson; Dong Xu;
|    Duncan Poole; Scott Le Grand; Ross C. Walker
|    "Routine microsecond molecular dynamics simulations
|    with AMBER - Part I: Generalized Born", J. Chem.
|    Theory Comput., 2012, 8 (5), pp1542-1555.
|
|  - Scott Le Grand; Andreas W. Goetz; Ross C. Walker
|    "SPFP: Speed without compromise - a mixed precision
|    model for GPU accelerated molecular dynamics
|    simulations.", Comp. Phys. Comm., 2013, 184
|    pp374-380, DOI: 10.1016/j.cpc.2012.09.022
|
|--------------------------------------------------------
 
|------------------- GPU DEVICE INFO --------------------
|
|            CUDA_VISIBLE_DEVICES: 3
|   CUDA Capable Devices Detected:      1
|           CUDA Device ID in use:      0
|                CUDA Device Name: GeForce GTX 1080
|     CUDA Device Global Mem Size:   8119 MB
| CUDA Device Num Multiprocessors:     20
|           CUDA Device Core Freq:   1.73 GHz
|
|--------------------------------------------------------
 
 
| Conditional Compilation Defines Used:
| PUBFFT
| BINTRAJ
| MKL
| CUDA
| EMIL

| Largest sphere to fit in unit cell has radius =    34.493

| New format PARM file being parsed.
| Version =    1.000 Date = 07/06/21 Time = 18:28:08

| Note: 1-4 EEL scale factors are being read from the topology file.

| Note: 1-4 VDW scale factors are being read from the topology file.
| Duplicated    0 dihedrals

| Duplicated    0 dihedrals

--------------------------------------------------------------------------------
   1.  RESOURCE   USE: 
--------------------------------------------------------------------------------

 getting new box info from bottom of inpcrd
 NATOM  =   46471 NTYPES =      18 NBONH =   33946 MBONA  =   12559
 NTHETH =    3916 MTHETA =    2476 NPHIH =    8205 MPHIA  =    7868
 NHPARM =       0 NPARM  =       0 NNB   =   94525 NRES   =   10978
 NBONA  =   12559 NTHETA =    2476 NPHIA =    7868 NUMBND =      72
 NUMANG =     171 NPTRA  =     194 NATYP =      36 NPHB   =       1
 IFBOX  =       1 NMXRS  =      25 IFCAP =       0 NEXTRA =   10737
 NCOPY  =       0

| Coordinate Index Table dimensions:    17   15   18
| Direct force subcell size =     4.5653    4.5991    4.6297

     BOX TYPE: RECTILINEAR

--------------------------------------------------------------------------------
   2.  CONTROL  DATA  FOR  THE  RUN
--------------------------------------------------------------------------------

default_name                                                                    

General flags:
     imin    =       1, nmropt  =       0

Nature and format of input:
     ntx     =       1, irest   =       0, ntrx    =       1

Nature and format of output:
     ntxo    =       1, ntpr    =      50, ntrx    =       1, ntwr    =       1
     iwrap   =       0, ntwx    =       0, ntwv    =       0, ntwe    =       0
     ioutfm  =       1, ntwprt  =       0, idecomp =       0, rbornstat=      0

Potential function:
     ntf     =       1, ntb     =       1, igb     =       0, nsnb    =      10
     ipol    =       0, gbsa    =       0, iesp    =       0
     dielc   =   1.00000, cut     =   8.00000, intdiel =   1.00000

Frozen or restrained atoms:
     ibelly  =       0, ntr     =       0

Energy minimization:
     maxcyc  =   10000, ncyc    =     500, ntmin   =       1
     dx0     =   0.10000, drms    =   0.00010

| Intermolecular bonds treatment:
|     no_intermolecular_bonds =       1

| Energy averages sample interval:
|     ene_avg_sampling =       1

Extra-points options:
     frameon =       1, chngmask=       1

Ewald parameters:
     verbose =       0, ew_type =       0, nbflag  =       1, use_pme =       1
     vdwmeth =       1, eedmeth =       1, netfrc  =       0
     Box X =   77.610   Box Y =   68.987   Box Z =   83.335
     Alpha =   90.000   Beta  =   90.000   Gamma =   90.000
     NFFT1 =   80       NFFT2 =   72       NFFT3 =   84
     Cutoff=    8.000   Tol   =0.100E-04
     Ewald Coefficient =  0.34864
     Interpolation order =    4
|      EXTRA_PTS, trim_bonds: num bonds BEFORE trim = 33946     0
|      EXTRA_PTS, trim_bonds: num bonds AFTER  trim = 33946     0
|      EXTRA_PTS, trim_bonds: num bonds BEFORE trim = 12559     0
|      EXTRA_PTS, trim_bonds: num bonds AFTER  trim =  1822     0
|      EXTRA_PTS, trim_theta: num angle BEFORE trim =  3916     0
|      EXTRA_PTS, trim_theta: num angle AFTER  trim =  3916     0
|      EXTRA_PTS, trim_theta: num angle BEFORE trim =  2476     0
|      EXTRA_PTS, trim_theta: num angle AFTER  trim =  2476     0
|      EXTRA_PTS, trim_phi:  num diheds BEFORE trim =  8205     0
|      EXTRA_PTS, trim_phi:  num diheds AFTER  trim =  8205     0
|      EXTRA_PTS, trim_phi:  num diheds BEFORE trim =  7868     0
|      EXTRA_PTS, trim_phi:  num diheds AFTER  trim =  7868     0

--------------------------------------------------------------------------------
   3.  ATOMIC COORDINATES AND VELOCITIES
--------------------------------------------------------------------------------

default_name                                                                    
 begin time read from input coords =     0.000 ps

 
 Number of triangulated 3-point waters found:    10737

     Sum of charges from parm topology file =   0.00005874
     Forcing neutrality...

| Dynamic Memory, Types Used:
| Reals             1212325
| Integers          2966011

| Nonbonded Pairs Initial Allocation:     7761818

| GPU memory information (estimate):
| KB of GPU memory in use:         0
| KB of CPU memory in use:         0

--------------------------------------------------------------------------------
   4.  RESULTS
--------------------------------------------------------------------------------



   NSTEP       ENERGY          RMS            GMAX         NAME    NUMBER
      1      -1.9189E+05     7.3094E-02     3.4468E+00     O       19416

 BOND    =    39558.5511  ANGLE   =      404.9973  DIHED      =      966.5762
 VDWAALS =    49935.1444  EEL     =  -292076.6694  HBOND      =        0.0000
 1-4 VDW =      664.0705  1-4 EEL =     8654.8288  RESTRAINT  =        0.0000


   NSTEP       ENERGY          RMS            GMAX         NAME    NUMBER
     50      -1.9191E+05     6.4396E-02     6.3677E+00     CD       1193

 BOND    =    39564.4307  ANGLE   =      405.4139  DIHED      =      966.6228
 VDWAALS =    49939.9130  EEL     =  -292103.3871  HBOND      =        0.0000
 1-4 VDW =      663.1759  1-4 EEL =     8654.2000  RESTRAINT  =        0.0000


   NSTEP       ENERGY          RMS            GMAX         NAME    NUMBER
    100      -1.9192E+05     4.1379E-02     1.1324E+00     H1      10069

 BOND    =    39568.0450  ANGLE   =      405.8507  DIHED      =      966.6405
 VDWAALS =    49944.9801  EEL     =  -292120.2119  HBOND      =        0.0000
 1-4 VDW =      662.5367  1-4 EEL =     8653.2401  RESTRAINT  =        0.0000


   NSTEP       ENERGY          RMS            GMAX         NAME    NUMBER
    150      -1.9193E+05     8.8550E-02     3.4752E+00     H1      33849

 BOND    =    39571.7192  ANGLE   =      406.2134  DIHED      =      966.6787
 VDWAALS =    49949.9211  EEL     =  -292135.5902  HBOND      =        0.0000
 1-4 VDW =      662.0289  1-4 EEL =     8652.1865  RESTRAINT  =        0.0000


   NSTEP       ENERGY          RMS            GMAX         NAME    NUMBER
    200      -1.9193E+05     1.2619E-01     6.1241E+00     H1      33849

 BOND    =    39575.0351  ANGLE   =      406.5262  DIHED      =      966.7320
 VDWAALS =    49954.4046  EEL     =  -292148.9509  HBOND      =        0.0000
 1-4 VDW =      661.6378  1-4 EEL =     8651.2120  RESTRAINT  =        0.0000


   NSTEP       ENERGY          RMS            GMAX         NAME    NUMBER
    250      -1.9194E+05     7.2584E-02     3.5553E+00     H2      33850

 BOND    =    39575.8202  ANGLE   =      406.8628  DIHED      =      966.8031
 VDWAALS =    49958.8827  EEL     =  -292159.4196  HBOND      =        0.0000
 1-4 VDW =      661.2932  1-4 EEL =     8650.3416  RESTRAINT  =        0.0000


   NSTEP       ENERGY          RMS            GMAX         NAME    NUMBER
    300      -1.9194E+05     1.0483E-01     4.8341E+00     H1      33849

 BOND    =    39576.7500  ANGLE   =      407.1430  DIHED      =      966.8883
 VDWAALS =    49963.2368  EEL     =  -292169.5041  HBOND      =        0.0000
 1-4 VDW =      661.0028  1-4 EEL =     8649.4933  RESTRAINT  =        0.0000


   NSTEP       ENERGY          RMS            GMAX         NAME    NUMBER
    350      -1.9195E+05     3.2517E-02     1.2945E+00     H2      37418

 BOND    =    39581.9810  ANGLE   =      407.3870  DIHED      =      966.9831
 VDWAALS =    49967.4807  EEL     =  -292183.7372  HBOND      =        0.0000
 1-4 VDW =      660.7545  1-4 EEL =     8648.7135  RESTRAINT  =        0.0000


   NSTEP       ENERGY          RMS            GMAX         NAME    NUMBER
    400      -1.9196E+05     8.6850E-02     2.7508E+00     H2      42810

 BOND    =    39588.9410  ANGLE   =      407.6474  DIHED      =      967.0830
 VDWAALS =    49971.7158  EEL     =  -292199.2129  HBOND      =        0.0000
 1-4 VDW =      660.5277  1-4 EEL =     8648.0229  RESTRAINT  =        0.0000


   NSTEP       ENERGY          RMS            GMAX         NAME    NUMBER
    450      -1.9196E+05     4.0736E-02     1.4422E+00     H2      37418

 BOND    =    39583.8956  ANGLE   =      407.8626  DIHED      =      967.1824
 VDWAALS =    49976.3131  EEL     =  -292202.9439  HBOND      =        0.0000
 1-4 VDW =      660.3416  1-4 EEL =     8647.4116  RESTRAINT  =        0.0000


   NSTEP       ENERGY          RMS            GMAX         NAME    NUMBER
    500      -1.9196E+05     7.5774E-02     1.9290E+00     H2      42810

 BOND    =    39580.8227  ANGLE   =      408.0913  DIHED      =      967.2861
 VDWAALS =    49981.1653  EEL     =  -292209.0104  HBOND      =        0.0000
 1-4 VDW =      660.1645  1-4 EEL =     8646.8529  RESTRAINT  =        0.0000


   NSTEP       ENERGY          RMS            GMAX         NAME    NUMBER
    550      -1.9199E+05     7.9408E-02     8.4872E+00     CD       1193

 BOND    =    39605.7983  ANGLE   =      409.0789  DIHED      =      968.0695
 VDWAALS =    50013.0618  EEL     =  -292290.0651  HBOND      =        0.0000
 1-4 VDW =      659.1487  1-4 EEL =     8644.3224  RESTRAINT  =        0.0000


   NSTEP       ENERGY          RMS            GMAX         NAME    NUMBER
    600      -1.9199E+05     8.5712E-02     8.4129E+00     O       37616

 BOND    =    39608.0920  ANGLE   =      410.4767  DIHED      =      967.7961
 VDWAALS =    50019.1070  EEL     =  -292303.7928  HBOND      =        0.0000
 1-4 VDW =      659.3566  1-4 EEL =     8644.2264  RESTRAINT  =        0.0000


   NSTEP       ENERGY          RMS            GMAX         NAME    NUMBER
    650      -1.9200E+05     3.3951E-01     4.4720E+01     CD       3079

 BOND    =    39619.3412  ANGLE   =      409.4019  DIHED      =      968.5501
 VDWAALS =    50038.1982  EEL     =  -292339.8937  HBOND      =        0.0000
 1-4 VDW =      658.9070  1-4 EEL =     8643.8649  RESTRAINT  =        0.0000


   NSTEP       ENERGY          RMS            GMAX         NAME    NUMBER
    700      -1.9201E+05     9.5219E-02     1.2613E+01     CD       3079

 BOND    =    39618.2904  ANGLE   =      411.4227  DIHED      =      968.1366
 VDWAALS =    50042.7926  EEL     =  -292352.2169  HBOND      =        0.0000
 1-4 VDW =      659.1173  1-4 EEL =     8644.0184  RESTRAINT  =        0.0000


   NSTEP       ENERGY          RMS            GMAX         NAME    NUMBER
    750      -1.9203E+05     5.2779E-02     4.6055E+00     O       45152

 BOND    =    39636.7714  ANGLE   =      410.9895  DIHED      =      968.5009
 VDWAALS =    50085.9269  EEL     =  -292436.3674  HBOND      =        0.0000
 1-4 VDW =      658.3364  1-4 EEL =     8643.3142  RESTRAINT  =        0.0000


   NSTEP       ENERGY          RMS            GMAX         NAME    NUMBER
    800      -1.9204E+05     9.4016E-02     1.1781E+01     C        1878

 BOND    =    39645.0374  ANGLE   =      410.5758  DIHED      =      968.5943
 VDWAALS =    50100.8021  EEL     =  -292466.5300  HBOND      =        0.0000
 1-4 VDW =      658.1899  1-4 EEL =     8642.9037  RESTRAINT  =        0.0000


   NSTEP       ENERGY          RMS            GMAX         NAME    NUMBER
    850      -1.9205E+05     4.9386E-02     2.7419E+00     O        2496

 BOND    =    39647.2433  ANGLE   =      411.4568  DIHED      =      968.6478
 VDWAALS =    50108.2778  EEL     =  -292482.8993  HBOND      =        0.0000
 1-4 VDW =      658.2292  1-4 EEL =     8642.9558  RESTRAINT  =        0.0000


   NSTEP       ENERGY          RMS            GMAX         NAME    NUMBER
    900      -1.9207E+05     8.6558E-02     5.5827E+00     C        1878

 BOND    =    39665.6615  ANGLE   =      412.2709  DIHED      =      969.0923
 VDWAALS =    50140.8148  EEL     =  -292557.7735  HBOND      =        0.0000
 1-4 VDW =      657.7219  1-4 EEL =     8641.8459  RESTRAINT  =        0.0000


   NSTEP       ENERGY          RMS            GMAX         NAME    NUMBER
    950      -1.9208E+05     2.4636E-02     1.0870E+00     O        2496

 BOND    =    39669.3164  ANGLE   =      412.6536  DIHED      =      969.2647
 VDWAALS =    50151.0847  EEL     =  -292578.5968  HBOND      =        0.0000
 1-4 VDW =      657.7552  1-4 EEL =     8641.5297  RESTRAINT  =        0.0000


   NSTEP       ENERGY          RMS            GMAX         NAME    NUMBER
   1000      -1.9208E+05     1.1750E-01     7.2365E+00     O        2496

 BOND    =    39674.4632  ANGLE   =      412.3938  DIHED      =      969.6895
 VDWAALS =    50161.4424  EEL     =  -292599.8399  HBOND      =        0.0000
 1-4 VDW =      657.5839  1-4 EEL =     8641.7177  RESTRAINT  =        0.0000


   NSTEP       ENERGY          RMS            GMAX         NAME    NUMBER
   1050      -1.9209E+05     2.7651E-02     2.2508E+00     OE1      3447

 BOND    =    39679.7155  ANGLE   =      413.5131  DIHED      =      969.8203
 VDWAALS =    50174.4549  EEL     =  -292627.7763  HBOND      =        0.0000
 1-4 VDW =      657.6857  1-4 EEL =     8640.7781  RESTRAINT  =        0.0000


   NSTEP       ENERGY          RMS            GMAX         NAME    NUMBER
   1100      -1.9210E+05     4.8592E-02     7.2500E+00     CD       3079

 BOND    =    39684.6244  ANGLE   =      412.8114  DIHED      =      970.1115
 VDWAALS =    50184.7952  EEL     =  -292648.7315  HBOND      =        0.0000
 1-4 VDW =      657.5000  1-4 EEL =     8640.8488  RESTRAINT  =        0.0000


   NSTEP       ENERGY          RMS            GMAX         NAME    NUMBER
   1150      -1.9210E+05     3.2750E-02     1.4369E+00     H1      11569

 BOND    =    39687.0250  ANGLE   =      413.2269  DIHED      =      970.2317
 VDWAALS =    50190.2669  EEL     =  -292660.8931  HBOND      =        0.0000
 1-4 VDW =      657.5402  1-4 EEL =     8640.6446  RESTRAINT  =        0.0000


   NSTEP       ENERGY          RMS            GMAX         NAME    NUMBER
   1200      -1.9211E+05     9.5289E-02     1.5368E+01     CD       3079

 BOND    =    39694.5082  ANGLE   =      413.7505  DIHED      =      970.6837
 VDWAALS =    50206.4092  EEL     =  -292695.6511  HBOND      =        0.0000
 1-4 VDW =      657.7215  1-4 EEL =     8640.3728  RESTRAINT  =        0.0000


   NSTEP       ENERGY          RMS            GMAX         NAME    NUMBER
   1250      -1.9212E+05     2.4156E-02     1.3874E+00     O        2496

 BOND    =    39697.1789  ANGLE   =      413.4878  DIHED      =      970.8029
 VDWAALS =    50215.4074  EEL     =  -292712.8785  HBOND      =        0.0000
 1-4 VDW =      657.7792  1-4 EEL =     8640.5124  RESTRAINT  =        0.0000


   NSTEP       ENERGY          RMS            GMAX         NAME    NUMBER
   1300      -1.9212E+05     1.9392E-02     9.1368E-01     CD       3079

 BOND    =    39699.7871  ANGLE   =      413.3373  DIHED      =      970.9236
 VDWAALS =    50222.2332  EEL     =  -292726.2286  HBOND      =        0.0000
 1-4 VDW =      657.8729  1-4 EEL =     8640.7311  RESTRAINT  =        0.0000


   NSTEP       ENERGY          RMS            GMAX         NAME    NUMBER
   1350      -1.9213E+05     2.1718E-01     1.5501E+01     CD       3079

 BOND    =    39716.7497  ANGLE   =      414.1267  DIHED      =      971.6288
 VDWAALS =    50252.8580  EEL     =  -292784.3362  HBOND      =        0.0000
 1-4 VDW =      657.9806  1-4 EEL =     8640.1757  RESTRAINT  =        0.0000


   NSTEP       ENERGY          RMS            GMAX         NAME    NUMBER
   1400      -1.9214E+05     1.0486E-01     6.7325E+00     O       42412

 BOND    =    39715.9971  ANGLE   =      412.9494  DIHED      =      971.6231
 VDWAALS =    50259.9435  EEL     =  -292797.9653  HBOND      =        0.0000
 1-4 VDW =      658.2625  1-4 EEL =     8641.8786  RESTRAINT  =        0.0000


   NSTEP       ENERGY          RMS            GMAX         NAME    NUMBER
   1450      -1.9214E+05     1.1922E-01     1.3933E+01     CD       3079

 BOND    =    39721.5894  ANGLE   =      412.4070  DIHED      =      971.6466
 VDWAALS =    50272.5974  EEL     =  -292820.0053  HBOND      =        0.0000
 1-4 VDW =      658.1771  1-4 EEL =     8641.3400  RESTRAINT  =        0.0000


   NSTEP       ENERGY          RMS            GMAX         NAME    NUMBER
   1500      -1.9215E+05     1.5384E-01     1.1163E+01     O       42412

 BOND    =    39729.7957  ANGLE   =      412.4942  DIHED      =      972.0904
 VDWAALS =    50291.5504  EEL     =  -292856.8655  HBOND      =        0.0000
 1-4 VDW =      658.5111  1-4 EEL =     8641.6523  RESTRAINT  =        0.0000


   NSTEP       ENERGY          RMS            GMAX         NAME    NUMBER
   1550      -1.9215E+05     3.0371E-02     2.2009E+00     CD       3079

 BOND    =    39730.5642  ANGLE   =      412.7042  DIHED      =      972.0743
 VDWAALS =    50298.1701  EEL     =  -292867.6605  HBOND      =        0.0000
 1-4 VDW =      658.3673  1-4 EEL =     8641.3007  RESTRAINT  =        0.0000


   NSTEP       ENERGY          RMS            GMAX         NAME    NUMBER
   1600      -1.9216E+05     4.1797E-02     1.7760E+00     OE1        14

 BOND    =    39734.9597  ANGLE   =      413.0789  DIHED      =      972.1837
 VDWAALS =    50307.8227  EEL     =  -292887.2368  HBOND      =        0.0000
 1-4 VDW =      658.5450  1-4 EEL =     8640.9680  RESTRAINT  =        0.0000


   NSTEP       ENERGY          RMS            GMAX         NAME    NUMBER
   1650      -1.9217E+05     3.9534E-02     1.5721E+00     H2      43206

 BOND    =    39740.1247  ANGLE   =      412.8829  DIHED      =      972.3214
 VDWAALS =    50321.3718  EEL     =  -292913.2375  HBOND      =        0.0000
 1-4 VDW =      658.5837  1-4 EEL =     8641.1713  RESTRAINT  =        0.0000


   NSTEP       ENERGY          RMS            GMAX         NAME    NUMBER
   1700      -1.9217E+05     2.9596E-02     1.2828E+00     CB        808

 BOND    =    39744.8022  ANGLE   =      412.6978  DIHED      =      972.4595
 VDWAALS =    50332.9962  EEL     =  -292936.0062  HBOND      =        0.0000
 1-4 VDW =      658.5398  1-4 EEL =     8641.4811  RESTRAINT  =        0.0000


   NSTEP       ENERGY          RMS            GMAX         NAME    NUMBER
   1750      -1.9218E+05     4.5001E-02     3.0975E+00     H2      14570

 BOND    =    39753.6901  ANGLE   =      412.7394  DIHED      =      972.5601
 VDWAALS =    50347.1470  EEL     =  -292965.0154  HBOND      =        0.0000
 1-4 VDW =      658.5081  1-4 EEL =     8641.6621  RESTRAINT  =        0.0000


   NSTEP       ENERGY          RMS            GMAX         NAME    NUMBER
   1800      -1.9218E+05     2.5875E-02     1.2836E+00     H1      42393

 BOND    =    39752.2150  ANGLE   =      412.7602  DIHED      =      972.6203
 VDWAALS =    50357.4183  EEL     =  -292978.3613  HBOND      =        0.0000
 1-4 VDW =      658.6068  1-4 EEL =     8642.0332  RESTRAINT  =        0.0000


   NSTEP       ENERGY          RMS            GMAX         NAME    NUMBER
   1850      -1.9219E+05     2.3859E-02     1.0346E+00     C         873

 BOND    =    39758.7338  ANGLE   =      412.7959  DIHED      =      972.7015
 VDWAALS =    50366.4744  EEL     =  -292998.0142  HBOND      =        0.0000
 1-4 VDW =      658.6597  1-4 EEL =     8642.3973  RESTRAINT  =        0.0000


   NSTEP       ENERGY          RMS            GMAX         NAME    NUMBER
   1900      -1.9219E+05     3.9020E-01     6.8555E+01     C        1878

 BOND    =    39772.0072  ANGLE   =      413.3572  DIHED      =      972.9712
 VDWAALS =    50392.9087  EEL     =  -293044.1982  HBOND      =        0.0000
 1-4 VDW =      658.7195  1-4 EEL =     8642.8060  RESTRAINT  =        0.0000


   NSTEP       ENERGY          RMS            GMAX         NAME    NUMBER
   1950      -1.9220E+05     6.3802E-02     5.8838E+00     OG       2011

 BOND    =    39771.0880  ANGLE   =      413.5899  DIHED      =      972.9091
 VDWAALS =    50397.5403  EEL     =  -293055.3993  HBOND      =        0.0000
 1-4 VDW =      658.9634  1-4 EEL =     8642.9892  RESTRAINT  =        0.0000


   NSTEP       ENERGY          RMS            GMAX         NAME    NUMBER
   2000      -1.9221E+05     1.8057E-01     1.6285E+01     C        1878

 BOND    =    39784.7963  ANGLE   =      414.8465  DIHED      =      973.5333
 VDWAALS =    50428.2658  EEL     =  -293110.6358  HBOND      =        0.0000
 1-4 VDW =      659.4185  1-4 EEL =     8643.4365  RESTRAINT  =        0.0000


   NSTEP       ENERGY          RMS            GMAX         NAME    NUMBER
   2050      -1.9221E+05     2.9653E-02     1.7666E+00     O       46452

 BOND    =    39786.9136  ANGLE   =      413.0019  DIHED      =      973.4979
 VDWAALS =    50432.5790  EEL     =  -293119.8702  HBOND      =        0.0000
 1-4 VDW =      659.1324  1-4 EEL =     8643.8252  RESTRAINT  =        0.0000


   NSTEP       ENERGY          RMS            GMAX         NAME    NUMBER
   2100      -1.9221E+05     3.2246E-02     5.3158E+00     C        1878

 BOND    =    39790.1195  ANGLE   =      413.3567  DIHED      =      973.6632
 VDWAALS =    50441.3698  EEL     =  -293135.9806  HBOND      =        0.0000
 1-4 VDW =      659.2921  1-4 EEL =     8643.7671  RESTRAINT  =        0.0000


   NSTEP       ENERGY          RMS            GMAX         NAME    NUMBER
   2150      -1.9222E+05     3.5899E-02     3.4736E+00     O       45904

 BOND    =    39797.4295  ANGLE   =      413.4011  DIHED      =      974.0408
 VDWAALS =    50456.9480  EEL     =  -293167.6629  HBOND      =        0.0000
 1-4 VDW =      659.4960  1-4 EEL =     8643.8896  RESTRAINT  =        0.0000


   NSTEP       ENERGY          RMS            GMAX         NAME    NUMBER
   2200      -1.9222E+05     4.1910E-02     5.3096E+00     C        1878

 BOND    =    39799.3578  ANGLE   =      413.3644  DIHED      =      974.0532
 VDWAALS =    50461.2993  EEL     =  -293176.4715  HBOND      =        0.0000
 1-4 VDW =      659.4995  1-4 EEL =     8644.1993  RESTRAINT  =        0.0000


   NSTEP       ENERGY          RMS            GMAX         NAME    NUMBER
   2250      -1.9223E+05     2.9031E-02     1.4079E+00     N         890

 BOND    =    39803.9412  ANGLE   =      413.4872  DIHED      =      974.2351
 VDWAALS =    50470.9596  EEL     =  -293195.7186  HBOND      =        0.0000
 1-4 VDW =      659.6272  1-4 EEL =     8644.0872  RESTRAINT  =        0.0000


   NSTEP       ENERGY          RMS            GMAX         NAME    NUMBER
   2300      -1.9223E+05     1.9395E-02     1.2398E+00     H2      18406

 BOND    =    39806.4048  ANGLE   =      413.4458  DIHED      =      974.2823
 VDWAALS =    50476.3105  EEL     =  -293205.8614  HBOND      =        0.0000
 1-4 VDW =      659.6338  1-4 EEL =     8644.1718  RESTRAINT  =        0.0000


   NSTEP       ENERGY          RMS            GMAX         NAME    NUMBER
   2350      -1.9224E+05     8.2687E-02     1.1437E+01     C         888

 BOND    =    39814.5557  ANGLE   =      413.7506  DIHED      =      974.5481
 VDWAALS =    50494.3473  EEL     =  -293239.7018  HBOND      =        0.0000
 1-4 VDW =      659.7142  1-4 EEL =     8644.3370  RESTRAINT  =        0.0000


   NSTEP       ENERGY          RMS            GMAX         NAME    NUMBER
   2400      -1.9225E+05     2.3079E-01     3.4538E+01     H1      18405

 BOND    =    39825.5514  ANGLE   =      413.4410  DIHED      =      974.7666
 VDWAALS =    50521.3087  EEL     =  -293285.1235  HBOND      =        0.0000
 1-4 VDW =      659.9064  1-4 EEL =     8644.3748  RESTRAINT  =        0.0000


   NSTEP       ENERGY          RMS            GMAX         NAME    NUMBER
   2450      -1.9225E+05     3.1890E-02     2.3561E+00     CG       2906

 BOND    =    39827.9311  ANGLE   =      413.5104  DIHED      =      974.8568
 VDWAALS =    50525.9016  EEL     =  -293298.2598  HBOND      =        0.0000
 1-4 VDW =      659.9475  1-4 EEL =     8644.5848  RESTRAINT  =        0.0000


   NSTEP       ENERGY          RMS            GMAX         NAME    NUMBER
   2500      -1.9226E+05     1.7117E-01     1.0852E+01     H2      18498

 BOND    =    39845.4794  ANGLE   =      413.2515  DIHED      =      975.1247
 VDWAALS =    50554.6359  EEL     =  -293356.7458  HBOND      =        0.0000
 1-4 VDW =      659.9280  1-4 EEL =     8646.1544  RESTRAINT  =        0.0000


   NSTEP       ENERGY          RMS            GMAX         NAME    NUMBER
   2550      -1.9227E+05     4.9072E-02     6.8762E+00     C        1878

 BOND    =    39842.0426  ANGLE   =      413.6846  DIHED      =      975.2994
 VDWAALS =    50558.7606  EEL     =  -293362.9538  HBOND      =        0.0000
 1-4 VDW =      660.1845  1-4 EEL =     8645.0670  RESTRAINT  =        0.0000


   NSTEP       ENERGY          RMS            GMAX         NAME    NUMBER
   2600      -1.9227E+05     8.1893E-02     5.0232E+00     H2      18498

 BOND    =    39846.8402  ANGLE   =      413.2092  DIHED      =      975.2976
 VDWAALS =    50568.3657  EEL     =  -293382.1355  HBOND      =        0.0000
 1-4 VDW =      660.0596  1-4 EEL =     8645.8341  RESTRAINT  =        0.0000


   NSTEP       ENERGY          RMS            GMAX         NAME    NUMBER
   2650      -1.9228E+05     5.2565E-02     5.3845E+00     C        1878

 BOND    =    39851.7099  ANGLE   =      413.5176  DIHED      =      975.4499
 VDWAALS =    50578.9659  EEL     =  -293403.2510  HBOND      =        0.0000
 1-4 VDW =      660.2353  1-4 EEL =     8645.8925  RESTRAINT  =        0.0000


   NSTEP       ENERGY          RMS            GMAX         NAME    NUMBER
   2700      -1.9228E+05     4.2197E-02     2.7688E+00     C        1878

 BOND    =    39851.8056  ANGLE   =      413.3249  DIHED      =      975.5252
 VDWAALS =    50583.4468  EEL     =  -293409.1420  HBOND      =        0.0000
 1-4 VDW =      660.2283  1-4 EEL =     8645.8746  RESTRAINT  =        0.0000


   NSTEP       ENERGY          RMS            GMAX         NAME    NUMBER
   2750      -1.9228E+05     1.2817E-01     9.7868E+00     C         265

 BOND    =    39857.6501  ANGLE   =      413.3312  DIHED      =      975.6967
 VDWAALS =    50596.6775  EEL     =  -293432.9876  HBOND      =        0.0000
 1-4 VDW =      660.2860  1-4 EEL =     8646.0014  RESTRAINT  =        0.0000


   NSTEP       ENERGY          RMS            GMAX         NAME    NUMBER
   2800      -1.9230E+05     3.9722E-02     2.7481E+00     O       33440

 BOND    =    39870.6842  ANGLE   =      413.4453  DIHED      =      976.3340
 VDWAALS =    50632.7314  EEL     =  -293495.7398  HBOND      =        0.0000
 1-4 VDW =      660.5560  1-4 EEL =     8646.5490  RESTRAINT  =        0.0000


   NSTEP       ENERGY          RMS            GMAX         NAME    NUMBER
   2850      -1.9230E+05     6.3948E-02     7.3591E+00     CD        564

 BOND    =    39873.4239  ANGLE   =      413.5280  DIHED      =      976.5361
 VDWAALS =    50639.4411  EEL     =  -293507.6975  HBOND      =        0.0000
 1-4 VDW =      660.5250  1-4 EEL =     8647.1523  RESTRAINT  =        0.0000


   NSTEP       ENERGY          RMS            GMAX         NAME    NUMBER
   2900      -1.9230E+05     4.4368E-02     5.1893E+00     C        1878

 BOND    =    39875.6065  ANGLE   =      413.5017  DIHED      =      976.5672
 VDWAALS =    50644.5739  EEL     =  -293517.1656  HBOND      =        0.0000
 1-4 VDW =      660.6299  1-4 EEL =     8646.6759  RESTRAINT  =        0.0000


   NSTEP       ENERGY          RMS            GMAX         NAME    NUMBER
   2950      -1.9231E+05     2.6986E-02     2.3304E+00     H2      38334

 BOND    =    39885.6188  ANGLE   =      413.4457  DIHED      =      977.1442
 VDWAALS =    50668.1684  EEL     =  -293562.0494  HBOND      =        0.0000
 1-4 VDW =      660.7962  1-4 EEL =     8646.9881  RESTRAINT  =        0.0000


   NSTEP       ENERGY          RMS            GMAX         NAME    NUMBER
   3000      -1.9231E+05     5.3107E-02     8.2125E+00     C        1878

 BOND    =    39888.6321  ANGLE   =      413.3560  DIHED      =      977.3090
 VDWAALS =    50674.7624  EEL     =  -293575.5988  HBOND      =        0.0000
 1-4 VDW =      660.8144  1-4 EEL =     8647.2910  RESTRAINT  =        0.0000


   NSTEP       ENERGY          RMS            GMAX         NAME    NUMBER
   3050      -1.9232E+05     4.3415E-02     6.1580E+00     C        1878

 BOND    =    39891.7697  ANGLE   =      413.3312  DIHED      =      977.5520
 VDWAALS =    50683.8564  EEL     =  -293594.1578  HBOND      =        0.0000
 1-4 VDW =      660.9136  1-4 EEL =     8647.2918  RESTRAINT  =        0.0000


   NSTEP       ENERGY          RMS            GMAX         NAME    NUMBER
   3100      -1.9232E+05     3.1448E-01     5.3113E+01     C        1878

 BOND    =    39894.8842  ANGLE   =      414.1793  DIHED      =      978.0638
 VDWAALS =    50690.7894  EEL     =  -293604.9668  HBOND      =        0.0000
 1-4 VDW =      661.1798  1-4 EEL =     8646.9430  RESTRAINT  =        0.0000


   NSTEP       ENERGY          RMS            GMAX         NAME    NUMBER
   3150      -1.9233E+05     9.4677E-02     4.9946E+00     H1      16461

 BOND    =    39896.4510  ANGLE   =      413.3917  DIHED      =      977.9419
 VDWAALS =    50695.4535  EEL     =  -293618.3687  HBOND      =        0.0000
 1-4 VDW =      661.0735  1-4 EEL =     8647.4216  RESTRAINT  =        0.0000


   NSTEP       ENERGY          RMS            GMAX         NAME    NUMBER
   3200      -1.9233E+05     9.1337E-02     1.0609E+01     C        1878

 BOND    =    39899.1128  ANGLE   =      413.0372  DIHED      =      978.1490
 VDWAALS =    50700.5789  EEL     =  -293629.5428  HBOND      =        0.0000
 1-4 VDW =      661.1732  1-4 EEL =     8647.4671  RESTRAINT  =        0.0000


   NSTEP       ENERGY          RMS            GMAX         NAME    NUMBER
   3250      -1.9234E+05     2.0267E-01     1.9080E+01     C        1878

 BOND    =    39901.2153  ANGLE   =      412.9464  DIHED      =      978.2892
 VDWAALS =    50707.6255  EEL     =  -293643.5461  HBOND      =        0.0000
 1-4 VDW =      661.1944  1-4 EEL =     8647.2498  RESTRAINT  =        0.0000


   NSTEP       ENERGY          RMS            GMAX         NAME    NUMBER
   3300      -1.9234E+05     5.8819E-02     2.8932E+00     CB       3241

 BOND    =    39903.8007  ANGLE   =      412.6718  DIHED      =      978.6207
 VDWAALS =    50716.2672  EEL     =  -293661.0975  HBOND      =        0.0000
 1-4 VDW =      661.2459  1-4 EEL =     8646.8771  RESTRAINT  =        0.0000


   NSTEP       ENERGY          RMS            GMAX         NAME    NUMBER
   3350      -1.9234E+05     6.0705E-02     8.1624E+00     C        1878

 BOND    =    39906.8249  ANGLE   =      412.6544  DIHED      =      978.8139
 VDWAALS =    50720.0857  EEL     =  -293670.1704  HBOND      =        0.0000
 1-4 VDW =      661.2722  1-4 EEL =     8646.6381  RESTRAINT  =        0.0000


   NSTEP       ENERGY          RMS            GMAX         NAME    NUMBER
   3400      -1.9235E+05     2.7092E-01     5.5456E+01     C        1878

 BOND    =    39913.8906  ANGLE   =      412.8407  DIHED      =      979.4685
 VDWAALS =    50733.0864  EEL     =  -293697.4004  HBOND      =        0.0000
 1-4 VDW =      661.4551  1-4 EEL =     8646.7857  RESTRAINT  =        0.0000


   NSTEP       ENERGY          RMS            GMAX         NAME    NUMBER
   3450      -1.9236E+05     3.4396E-02     3.3845E+00     H1      20953

 BOND    =    39916.5327  ANGLE   =      412.4557  DIHED      =      979.8603
 VDWAALS =    50741.1719  EEL     =  -293717.2692  HBOND      =        0.0000
 1-4 VDW =      661.4707  1-4 EEL =     8647.0700  RESTRAINT  =        0.0000


   NSTEP       ENERGY          RMS            GMAX         NAME    NUMBER
   3500      -1.9236E+05     5.8679E-02     9.9185E+00     O       20952

 BOND    =    39920.2937  ANGLE   =      412.8178  DIHED      =      980.0934
 VDWAALS =    50751.5933  EEL     =  -293735.8994  HBOND      =        0.0000
 1-4 VDW =      661.5750  1-4 EEL =     8646.9010  RESTRAINT  =        0.0000


   NSTEP       ENERGY          RMS            GMAX         NAME    NUMBER
   3550      -1.9237E+05     1.7237E-01     4.0611E+01     C        1878

 BOND    =    39925.1495  ANGLE   =      412.6372  DIHED      =      980.3760
 VDWAALS =    50762.3693  EEL     =  -293756.5120  HBOND      =        0.0000
 1-4 VDW =      661.5545  1-4 EEL =     8647.2746  RESTRAINT  =        0.0000


   NSTEP       ENERGY          RMS            GMAX         NAME    NUMBER
   3600      -1.9237E+05     3.1299E-02     3.2179E+00     H1      38309

 BOND    =    39927.2746  ANGLE   =      412.4272  DIHED      =      980.5871
 VDWAALS =    50768.9167  EEL     =  -293770.4912  HBOND      =        0.0000
 1-4 VDW =      661.6715  1-4 EEL =     8646.9924  RESTRAINT  =        0.0000


   NSTEP       ENERGY          RMS            GMAX         NAME    NUMBER
   3650      -1.9238E+05     8.3518E-02     8.8896E+00     C        2442

 BOND    =    39931.3261  ANGLE   =      412.2999  DIHED      =      980.8119
 VDWAALS =    50776.3411  EEL     =  -293788.1928  HBOND      =        0.0000
 1-4 VDW =      661.7637  1-4 EEL =     8646.9523  RESTRAINT  =        0.0000


   NSTEP       ENERGY          RMS            GMAX         NAME    NUMBER
   3700      -1.9238E+05     6.2185E-02     4.8766E+00     C        2442

 BOND    =    39932.8519  ANGLE   =      412.0629  DIHED      =      981.0235
 VDWAALS =    50781.2672  EEL     =  -293800.3963  HBOND      =        0.0000
 1-4 VDW =      661.7859  1-4 EEL =     8647.2317  RESTRAINT  =        0.0000


   NSTEP       ENERGY          RMS            GMAX         NAME    NUMBER
   3750      -1.9239E+05     2.7371E-02     1.3407E+00     CA       2429

 BOND    =    39937.4600  ANGLE   =      412.1760  DIHED      =      981.1252
 VDWAALS =    50785.9232  EEL     =  -293814.3092  HBOND      =        0.0000
 1-4 VDW =      661.8625  1-4 EEL =     8647.0445  RESTRAINT  =        0.0000


   NSTEP       ENERGY          RMS            GMAX         NAME    NUMBER
   3800      -1.9239E+05     8.2683E-02     6.0423E+00     CA       2446

 BOND    =    39944.9053  ANGLE   =      412.3553  DIHED      =      981.2528
 VDWAALS =    50791.0882  EEL     =  -293830.9247  HBOND      =        0.0000
 1-4 VDW =      661.9439  1-4 EEL =     8647.2256  RESTRAINT  =        0.0000


   NSTEP       ENERGY          RMS            GMAX         NAME    NUMBER
   3850      -1.9240E+05     4.8533E-02     5.3929E+00     CB       3269

 BOND    =    39947.3065  ANGLE   =      412.2944  DIHED      =      980.3182
 VDWAALS =    50809.9619  EEL     =  -293861.6470  HBOND      =        0.0000
 1-4 VDW =      661.9817  1-4 EEL =     8648.0900  RESTRAINT  =        0.0000


   NSTEP       ENERGY          RMS            GMAX         NAME    NUMBER
   3900      -1.9240E+05     5.8981E-02     1.0121E+01     C        1878

 BOND    =    39950.6477  ANGLE   =      411.9775  DIHED      =      980.1780
 VDWAALS =    50816.8913  EEL     =  -293874.9626  HBOND      =        0.0000
 1-4 VDW =      661.9917  1-4 EEL =     8648.6635  RESTRAINT  =        0.0000


   NSTEP       ENERGY          RMS            GMAX         NAME    NUMBER
   3950      -1.9241E+05     1.9903E-02     2.2702E+00     C        1878

 BOND    =    39952.2088  ANGLE   =      411.9748  DIHED      =      980.1496
 VDWAALS =    50820.8038  EEL     =  -293882.3833  HBOND      =        0.0000
 1-4 VDW =      662.0171  1-4 EEL =     8648.8503  RESTRAINT  =        0.0000


   NSTEP       ENERGY          RMS            GMAX         NAME    NUMBER
   4000      -1.9241E+05     4.0349E-02     6.4786E+00     C        1878

 BOND    =    39960.8037  ANGLE   =      412.0682  DIHED      =      980.1252
 VDWAALS =    50841.8236  EEL     =  -293920.6545  HBOND      =        0.0000
 1-4 VDW =      662.0336  1-4 EEL =     8649.4462  RESTRAINT  =        0.0000


   NSTEP       ENERGY          RMS            GMAX         NAME    NUMBER
   4050      -1.9242E+05     4.3289E-02     2.9185E+00     O       27032

 BOND    =    39964.1544  ANGLE   =      412.0421  DIHED      =      980.0197
 VDWAALS =    50849.9741  EEL     =  -293934.9095  HBOND      =        0.0000
 1-4 VDW =      662.1123  1-4 EEL =     8649.4208  RESTRAINT  =        0.0000


   NSTEP       ENERGY          RMS            GMAX         NAME    NUMBER
   4100      -1.9242E+05     4.4821E-02     3.4921E+00     O       27032

 BOND    =    39968.9359  ANGLE   =      412.1185  DIHED      =      979.9818
 VDWAALS =    50861.2966  EEL     =  -293954.9002  HBOND      =        0.0000
 1-4 VDW =      662.1377  1-4 EEL =     8649.5282  RESTRAINT  =        0.0000


   NSTEP       ENERGY          RMS            GMAX         NAME    NUMBER
   4150      -1.9242E+05     7.8202E-02     1.2042E+01     C        1878

 BOND    =    39971.4677  ANGLE   =      412.1336  DIHED      =      979.9682
 VDWAALS =    50866.7695  EEL     =  -293964.5942  HBOND      =        0.0000
 1-4 VDW =      662.1069  1-4 EEL =     8649.4332  RESTRAINT  =        0.0000


   NSTEP       ENERGY          RMS            GMAX         NAME    NUMBER
   4200      -1.9243E+05     3.0496E-02     3.2253E+00     C        1878

 BOND    =    39975.7680  ANGLE   =      412.1642  DIHED      =      979.9368
 VDWAALS =    50876.4966  EEL     =  -293981.9644  HBOND      =        0.0000
 1-4 VDW =      662.1484  1-4 EEL =     8649.3932  RESTRAINT  =        0.0000


   NSTEP       ENERGY          RMS            GMAX         NAME    NUMBER
   4250      -1.9243E+05     1.7709E-01     1.2602E+01     C        1878

 BOND    =    39983.6841  ANGLE   =      412.5044  DIHED      =      980.0075
 VDWAALS =    50894.4293  EEL     =  -294013.5951  HBOND      =        0.0000
 1-4 VDW =      662.2160  1-4 EEL =     8649.1341  RESTRAINT  =        0.0000


   NSTEP       ENERGY          RMS            GMAX         NAME    NUMBER
   4300      -1.9243E+05     2.0114E-02     1.2461E+00     CB        894

 BOND    =    39984.5509  ANGLE   =      412.3163  DIHED      =      979.8719
 VDWAALS =    50896.2758  EEL     =  -294018.5722  HBOND      =        0.0000
 1-4 VDW =      662.2424  1-4 EEL =     8649.3295  RESTRAINT  =        0.0000


   NSTEP       ENERGY          RMS            GMAX         NAME    NUMBER
   4350      -1.9244E+05     2.9217E-02     2.5453E+00     H2      21606

 BOND    =    39993.9349  ANGLE   =      412.7606  DIHED      =      979.8795
 VDWAALS =    50916.9673  EEL     =  -294058.6246  HBOND      =        0.0000
 1-4 VDW =      662.2667  1-4 EEL =     8649.0451  RESTRAINT  =        0.0000


   NSTEP       ENERGY          RMS            GMAX         NAME    NUMBER
   4400      -1.9245E+05     1.3144E-01     2.0585E+01     C        1878

 BOND    =    39996.2987  ANGLE   =      412.6017  DIHED      =      980.0216
 VDWAALS =    50919.5337  EEL     =  -294066.7867  HBOND      =        0.0000
 1-4 VDW =      662.1039  1-4 EEL =     8649.1450  RESTRAINT  =        0.0000


   NSTEP       ENERGY          RMS            GMAX         NAME    NUMBER
   4450      -1.9245E+05     5.5379E-02     1.1220E+01     C        1878

 BOND    =    39998.5377  ANGLE   =      412.9648  DIHED      =      979.8303
 VDWAALS =    50923.5395  EEL     =  -294078.2486  HBOND      =        0.0000
 1-4 VDW =      662.1224  1-4 EEL =     8648.6245  RESTRAINT  =        0.0000


   NSTEP       ENERGY          RMS            GMAX         NAME    NUMBER
   4500      -1.9246E+05     2.9290E-02     4.7138E+00     C        1878

 BOND    =    40001.2120  ANGLE   =      413.0537  DIHED      =      979.8743
 VDWAALS =    50928.9616  EEL     =  -294089.6504  HBOND      =        0.0000
 1-4 VDW =      662.0227  1-4 EEL =     8648.5882  RESTRAINT  =        0.0000


   NSTEP       ENERGY          RMS            GMAX         NAME    NUMBER
   4550      -1.9247E+05     3.3915E-02     3.6790E+00     O       21496

 BOND    =    40009.9632  ANGLE   =      414.6101  DIHED      =      980.2937
 VDWAALS =    50949.1215  EEL     =  -294132.2655  HBOND      =        0.0000
 1-4 VDW =      661.8741  1-4 EEL =     8647.3892  RESTRAINT  =        0.0000


   NSTEP       ENERGY          RMS            GMAX         NAME    NUMBER
   4600      -1.9247E+05     2.3194E-01     4.4009E+01     C        1878

 BOND    =    40014.8927  ANGLE   =      414.9516  DIHED      =      980.6130
 VDWAALS =    50957.2610  EEL     =  -294149.3717  HBOND      =        0.0000
 1-4 VDW =      661.8500  1-4 EEL =     8647.5668  RESTRAINT  =        0.0000


   NSTEP       ENERGY          RMS            GMAX         NAME    NUMBER
   4650      -1.9248E+05     1.4374E-01     1.2976E+01     CG2      3271

 BOND    =    40016.3132  ANGLE   =      415.2247  DIHED      =      980.7108
 VDWAALS =    50961.9899  EEL     =  -294158.7077  HBOND      =        0.0000
 1-4 VDW =      661.9133  1-4 EEL =     8647.2560  RESTRAINT  =        0.0000


   NSTEP       ENERGY          RMS            GMAX         NAME    NUMBER
   4700      -1.9249E+05     3.2694E-02     4.5747E+00     O       18816

 BOND    =    40023.3826  ANGLE   =      415.7552  DIHED      =      981.2523
 VDWAALS =    50983.2964  EEL     =  -294197.6456  HBOND      =        0.0000
 1-4 VDW =      662.0537  1-4 EEL =     8646.2263  RESTRAINT  =        0.0000


   NSTEP       ENERGY          RMS            GMAX         NAME    NUMBER
   4750      -1.9249E+05     4.8508E-02     2.1509E+00     O       18848

 BOND    =    40023.9166  ANGLE   =      415.8291  DIHED      =      981.1428
 VDWAALS =    50986.3375  EEL     =  -294203.4251  HBOND      =        0.0000
 1-4 VDW =      662.0683  1-4 EEL =     8646.2883  RESTRAINT  =        0.0000


   NSTEP       ENERGY          RMS            GMAX         NAME    NUMBER
   4800      -1.9249E+05     4.0320E-02     8.6642E+00     C        1878

 BOND    =    40028.1752  ANGLE   =      415.8076  DIHED      =      981.0307
 VDWAALS =    50997.2633  EEL     =  -294224.6682  HBOND      =        0.0000
 1-4 VDW =      662.1413  1-4 EEL =     8646.3526  RESTRAINT  =        0.0000


   NSTEP       ENERGY          RMS            GMAX         NAME    NUMBER
   4850      -1.9250E+05     8.9929E-02     5.0171E+00     H1      43961

 BOND    =    40031.5924  ANGLE   =      415.8309  DIHED      =      981.0883
 VDWAALS =    51007.1337  EEL     =  -294242.0245  HBOND      =        0.0000
 1-4 VDW =      662.2895  1-4 EEL =     8646.7306  RESTRAINT  =        0.0000


   NSTEP       ENERGY          RMS            GMAX         NAME    NUMBER
   4900      -1.9250E+05     1.3593E-02     1.4236E+00     H1      43961

 BOND    =    40032.9439  ANGLE   =      415.7163  DIHED      =      981.0330
 VDWAALS =    51008.9938  EEL     =  -294245.9869  HBOND      =        0.0000
 1-4 VDW =      662.2499  1-4 EEL =     8646.5207  RESTRAINT  =        0.0000


   NSTEP       ENERGY          RMS            GMAX         NAME    NUMBER
   4950      -1.9250E+05     1.1317E-01     5.4033E+00     O       34336

 BOND    =    40043.6502  ANGLE   =      415.6815  DIHED      =      981.0150
 VDWAALS =    51034.0727  EEL     =  -294287.8891  HBOND      =        0.0000
 1-4 VDW =      662.4171  1-4 EEL =     8646.7556  RESTRAINT  =        0.0000


   NSTEP       ENERGY          RMS            GMAX         NAME    NUMBER
   5000      -1.9251E+05     4.1008E-02     3.7234E+00     C        1878

 BOND    =    40051.3876  ANGLE   =      415.6413  DIHED      =      981.0285
 VDWAALS =    51051.8496  EEL     =  -294318.9899  HBOND      =        0.0000
 1-4 VDW =      662.5849  1-4 EEL =     8646.9706  RESTRAINT  =        0.0000


   NSTEP       ENERGY          RMS            GMAX         NAME    NUMBER
   5050      -1.9251E+05     4.6843E-02     2.2141E+00     C         287

 BOND    =    40051.7995  ANGLE   =      415.5264  DIHED      =      981.0703
 VDWAALS =    51054.9611  EEL     =  -294323.1762  HBOND      =        0.0000
 1-4 VDW =      662.6750  1-4 EEL =     8646.8808  RESTRAINT  =        0.0000


   NSTEP       ENERGY          RMS            GMAX         NAME    NUMBER
   5100      -1.9251E+05     2.4163E-02     3.2642E+00     C         287

 BOND    =    40053.4425  ANGLE   =      415.6018  DIHED      =      981.0343
 VDWAALS =    51059.1108  EEL     =  -294330.7889  HBOND      =        0.0000
 1-4 VDW =      662.6564  1-4 EEL =     8647.0206  RESTRAINT  =        0.0000


   NSTEP       ENERGY          RMS            GMAX         NAME    NUMBER
   5150      -1.9252E+05     1.5493E-02     1.2234E+00     H1      28629

 BOND    =    40058.3015  ANGLE   =      415.5164  DIHED      =      981.0420
 VDWAALS =    51070.4189  EEL     =  -294350.7442  HBOND      =        0.0000
 1-4 VDW =      662.7796  1-4 EEL =     8647.0790  RESTRAINT  =        0.0000


   NSTEP       ENERGY          RMS            GMAX         NAME    NUMBER
   5200      -1.9252E+05     2.6345E-02     1.9536E+00     CG       1705

 BOND    =    40060.6884  ANGLE   =      415.5352  DIHED      =      981.0479
 VDWAALS =    51076.0262  EEL     =  -294360.9520  HBOND      =        0.0000
 1-4 VDW =      662.8261  1-4 EEL =     8647.1389  RESTRAINT  =        0.0000


   NSTEP       ENERGY          RMS            GMAX         NAME    NUMBER
   5250      -1.9252E+05     4.6586E-02     5.2987E+00     CG       1705

 BOND    =    40067.1678  ANGLE   =      415.5361  DIHED      =      981.1115
 VDWAALS =    51089.8461  EEL     =  -294386.3950  HBOND      =        0.0000
 1-4 VDW =      662.9691  1-4 EEL =     8647.2962  RESTRAINT  =        0.0000


   NSTEP       ENERGY          RMS            GMAX         NAME    NUMBER
   5300      -1.9253E+05     2.3383E-01     1.8804E+01     H1      30093

 BOND    =    40092.0270  ANGLE   =      415.4563  DIHED      =      981.2018
 VDWAALS =    51115.2572  EEL     =  -294444.6116  HBOND      =        0.0000
 1-4 VDW =      663.2147  1-4 EEL =     8647.5839  RESTRAINT  =        0.0000


   NSTEP       ENERGY          RMS            GMAX         NAME    NUMBER
   5350      -1.9253E+05     2.1878E-02     1.0655E+00     H1      29241

 BOND    =    40081.4274  ANGLE   =      415.4261  DIHED      =      981.1760
 VDWAALS =    51119.8600  EEL     =  -294443.5074  HBOND      =        0.0000
 1-4 VDW =      663.2500  1-4 EEL =     8647.5921  RESTRAINT  =        0.0000


   NSTEP       ENERGY          RMS            GMAX         NAME    NUMBER
   5400      -1.9254E+05     4.7885E-02     3.5245E+00     C        1878

 BOND    =    40083.6249  ANGLE   =      415.4678  DIHED      =      981.2903
 VDWAALS =    51127.3869  EEL     =  -294457.7297  HBOND      =        0.0000
 1-4 VDW =      663.3237  1-4 EEL =     8647.6761  RESTRAINT  =        0.0000


   NSTEP       ENERGY          RMS            GMAX         NAME    NUMBER
   5450      -1.9254E+05     2.9247E-01     2.3701E+01     C        1878

 BOND    =    40089.0782  ANGLE   =      415.8956  DIHED      =      981.4242
 VDWAALS =    51132.4538  EEL     =  -294469.6204  HBOND      =        0.0000
 1-4 VDW =      663.3149  1-4 EEL =     8647.8080  RESTRAINT  =        0.0000


   NSTEP       ENERGY          RMS            GMAX         NAME    NUMBER
   5500      -1.9254E+05     2.5198E-01     2.6738E+01     C        1878

 BOND    =    40092.1805  ANGLE   =      415.6825  DIHED      =      981.4949
 VDWAALS =    51137.7670  EEL     =  -294483.1532  HBOND      =        0.0000
 1-4 VDW =      663.4286  1-4 EEL =     8648.1334  RESTRAINT  =        0.0000


   NSTEP       ENERGY          RMS            GMAX         NAME    NUMBER
   5550      -1.9255E+05     2.7965E-01     5.5016E+01     C        1878

 BOND    =    40091.7061  ANGLE   =      415.8091  DIHED      =      981.5746
 VDWAALS =    51139.6615  EEL     =  -294486.5230  HBOND      =        0.0000
 1-4 VDW =      663.5702  1-4 EEL =     8647.7184  RESTRAINT  =        0.0000


   NSTEP       ENERGY          RMS            GMAX         NAME    NUMBER
   5600      -1.9255E+05     3.9479E-02     4.1686E+00     CA        318

 BOND    =    40094.7863  ANGLE   =      415.5935  DIHED      =      981.5044
 VDWAALS =    51148.4044  EEL     =  -294505.5192  HBOND      =        0.0000
 1-4 VDW =      663.5121  1-4 EEL =     8647.9331  RESTRAINT  =        0.0000


   NSTEP       ENERGY          RMS            GMAX         NAME    NUMBER
   5650      -1.9256E+05     2.0269E-02     7.7640E-01     CZ3      1633

 BOND    =    40096.2695  ANGLE   =      415.6656  DIHED      =      981.5876
 VDWAALS =    51152.9270  EEL     =  -294514.2268  HBOND      =        0.0000
 1-4 VDW =      663.5969  1-4 EEL =     8648.1046  RESTRAINT  =        0.0000


   NSTEP       ENERGY          RMS            GMAX         NAME    NUMBER
   5700      -1.9256E+05     1.5500E-01     9.4063E+00     C        1878

 BOND    =    40097.9483  ANGLE   =      415.7189  DIHED      =      981.6722
 VDWAALS =    51164.9960  EEL     =  -294532.4276  HBOND      =        0.0000
 1-4 VDW =      663.6454  1-4 EEL =     8648.1472  RESTRAINT  =        0.0000


   NSTEP       ENERGY          RMS            GMAX         NAME    NUMBER
   5750      -1.9256E+05     3.2031E-02     6.6496E+00     C        1878

 BOND    =    40103.1973  ANGLE   =      415.5789  DIHED      =      981.7661
 VDWAALS =    51166.7929  EEL     =  -294541.4604  HBOND      =        0.0000
 1-4 VDW =      663.7959  1-4 EEL =     8648.3186  RESTRAINT  =        0.0000


   NSTEP       ENERGY          RMS            GMAX         NAME    NUMBER
   5800      -1.9256E+05     1.8163E-02     3.2496E+00     C        1878

 BOND    =    40103.0438  ANGLE   =      415.5782  DIHED      =      981.7495
 VDWAALS =    51166.8486  EEL     =  -294541.3100  HBOND      =        0.0000
 1-4 VDW =      663.7991  1-4 EEL =     8648.2635  RESTRAINT  =        0.0000


   NSTEP       ENERGY          RMS            GMAX         NAME    NUMBER
   5850      -1.9256E+05     2.9294E-01     1.3552E+01     CA        318

 BOND    =    40119.7295  ANGLE   =      415.8862  DIHED      =      982.3490
 VDWAALS =    51173.9413  EEL     =  -294566.1276  HBOND      =        0.0000
 1-4 VDW =      663.6598  1-4 EEL =     8648.6156  RESTRAINT  =        0.0000


   NSTEP       ENERGY          RMS            GMAX         NAME    NUMBER
   5900      -1.9257E+05     1.2741E-01     1.4909E+01     O       39944

 BOND    =    40110.5054  ANGLE   =      415.4346  DIHED      =      981.9658
 VDWAALS =    51179.8006  EEL     =  -294569.2563  HBOND      =        0.0000
 1-4 VDW =      664.0299  1-4 EEL =     8648.5552  RESTRAINT  =        0.0000


   NSTEP       ENERGY          RMS            GMAX         NAME    NUMBER
   5950      -1.9257E+05     1.2948E-01     2.0822E+01     C        1878

 BOND    =    40112.6879  ANGLE   =      415.2675  DIHED      =      982.1157
 VDWAALS =    51186.9891  EEL     =  -294583.1868  HBOND      =        0.0000
 1-4 VDW =      664.1361  1-4 EEL =     8648.5613  RESTRAINT  =        0.0000


   NSTEP       ENERGY          RMS            GMAX         NAME    NUMBER
   6000      -1.9258E+05     1.4661E-02     1.1331E+00     O       27292

 BOND    =    40112.9253  ANGLE   =      415.4309  DIHED      =      982.1056
 VDWAALS =    51189.8863  EEL     =  -294588.5817  HBOND      =        0.0000
 1-4 VDW =      664.0681  1-4 EEL =     8648.6318  RESTRAINT  =        0.0000


   NSTEP       ENERGY          RMS            GMAX         NAME    NUMBER
   6050      -1.9258E+05     4.1388E-02     3.5427E+00     CA        318

 BOND    =    40117.1434  ANGLE   =      415.4966  DIHED      =      982.2664
 VDWAALS =    51198.8587  EEL     =  -294605.6187  HBOND      =        0.0000
 1-4 VDW =      664.1686  1-4 EEL =     8648.6239  RESTRAINT  =        0.0000


   NSTEP       ENERGY          RMS            GMAX         NAME    NUMBER
   6100      -1.9258E+05     3.6403E-02     5.7583E+00     C        1878

 BOND    =    40117.8181  ANGLE   =      415.3128  DIHED      =      982.2829
 VDWAALS =    51200.7736  EEL     =  -294609.4563  HBOND      =        0.0000
 1-4 VDW =      664.1595  1-4 EEL =     8648.8911  RESTRAINT  =        0.0000


   NSTEP       ENERGY          RMS            GMAX         NAME    NUMBER
   6150      -1.9258E+05     4.9870E-02     5.6557E+00     CA        318

 BOND    =    40120.2130  ANGLE   =      415.2123  DIHED      =      982.3885
 VDWAALS =    51205.9103  EEL     =  -294619.2012  HBOND      =        0.0000
 1-4 VDW =      664.2715  1-4 EEL =     8648.7260  RESTRAINT  =        0.0000


   NSTEP       ENERGY          RMS            GMAX         NAME    NUMBER
   6200      -1.9260E+05     7.9886E-02     8.0253E+00     O       40172

 BOND    =    40134.2596  ANGLE   =      414.9079  DIHED      =      983.3329
 VDWAALS =    51238.8809  EEL     =  -294685.1885  HBOND      =        0.0000
 1-4 VDW =      664.5849  1-4 EEL =     8650.0007  RESTRAINT  =        0.0000


   NSTEP       ENERGY          RMS            GMAX         NAME    NUMBER
   6250      -1.9260E+05     1.2629E-01     1.2028E+01     CD       1193

 BOND    =    40138.8505  ANGLE   =      414.6431  DIHED      =      983.4364
 VDWAALS =    51249.5933  EEL     =  -294704.3109  HBOND      =        0.0000
 1-4 VDW =      664.8290  1-4 EEL =     8650.1715  RESTRAINT  =        0.0000


   NSTEP       ENERGY          RMS            GMAX         NAME    NUMBER
   6300      -1.9261E+05     7.0976E-02     4.1120E+00     CD       1193

 BOND    =    40142.2786  ANGLE   =      415.0032  DIHED      =      983.4624
 VDWAALS =    51259.5392  EEL     =  -294721.8774  HBOND      =        0.0000
 1-4 VDW =      664.7356  1-4 EEL =     8650.2506  RESTRAINT  =        0.0000


   NSTEP       ENERGY          RMS            GMAX         NAME    NUMBER
   6350      -1.9261E+05     6.7823E-02     4.7225E+00     C         287

 BOND    =    40148.3734  ANGLE   =      415.0948  DIHED      =      983.7422
 VDWAALS =    51268.8580  EEL     =  -294740.7873  HBOND      =        0.0000
 1-4 VDW =      664.8588  1-4 EEL =     8650.4823  RESTRAINT  =        0.0000


   NSTEP       ENERGY          RMS            GMAX         NAME    NUMBER
   6400      -1.9261E+05     1.2816E-02     8.3679E-01     H2      27426

 BOND    =    40148.6970  ANGLE   =      414.7060  DIHED      =      983.6078
 VDWAALS =    51270.4314  EEL     =  -294742.9041  HBOND      =        0.0000
 1-4 VDW =      664.8720  1-4 EEL =     8650.3096  RESTRAINT  =        0.0000


   NSTEP       ENERGY          RMS            GMAX         NAME    NUMBER
   6450      -1.9261E+05     1.4063E-02     8.3236E-01     H2      27426

 BOND    =    40151.5282  ANGLE   =      414.6743  DIHED      =      983.6848
 VDWAALS =    51277.2366  EEL     =  -294755.0492  HBOND      =        0.0000
 1-4 VDW =      664.9287  1-4 EEL =     8650.4180  RESTRAINT  =        0.0000


   NSTEP       ENERGY          RMS            GMAX         NAME    NUMBER
   6500      -1.9262E+05     1.8892E-02     1.1768E+00     H2      15386

 BOND    =    40158.7797  ANGLE   =      414.6186  DIHED      =      983.8429
 VDWAALS =    51294.7313  EEL     =  -294785.7201  HBOND      =        0.0000
 1-4 VDW =      665.0569  1-4 EEL =     8650.5777  RESTRAINT  =        0.0000


   NSTEP       ENERGY          RMS            GMAX         NAME    NUMBER
   6550      -1.9262E+05     2.1591E-02     2.0852E+00     CD       1193

 BOND    =    40160.8939  ANGLE   =      414.5756  DIHED      =      983.8798
 VDWAALS =    51300.9767  EEL     =  -294796.5116  HBOND      =        0.0000
 1-4 VDW =      665.1105  1-4 EEL =     8650.7084  RESTRAINT  =        0.0000


   NSTEP       ENERGY          RMS            GMAX         NAME    NUMBER
   6600      -1.9262E+05     9.6047E-02     1.2783E+01     CA       2058

 BOND    =    40167.0216  ANGLE   =      414.5582  DIHED      =      984.0030
 VDWAALS =    51311.0019  EEL     =  -294817.0426  HBOND      =        0.0000
 1-4 VDW =      665.2351  1-4 EEL =     8650.7526  RESTRAINT  =        0.0000


   NSTEP       ENERGY          RMS            GMAX         NAME    NUMBER
   6650      -1.9263E+05     1.3346E-01     2.1335E+01     O       17748

 BOND    =    40166.9834  ANGLE   =      414.5631  DIHED      =      984.0019
 VDWAALS =    51313.7465  EEL     =  -294821.2317  HBOND      =        0.0000
 1-4 VDW =      665.2643  1-4 EEL =     8650.9236  RESTRAINT  =        0.0000


   NSTEP       ENERGY          RMS            GMAX         NAME    NUMBER
   6700      -1.9263E+05     2.2713E-02     3.1603E+00     CD       1193

 BOND    =    40168.1159  ANGLE   =      414.5136  DIHED      =      984.0247
 VDWAALS =    51318.2751  EEL     =  -294829.2962  HBOND      =        0.0000
 1-4 VDW =      665.2831  1-4 EEL =     8650.9811  RESTRAINT  =        0.0000


   NSTEP       ENERGY          RMS            GMAX         NAME    NUMBER
   6750      -1.9263E+05     3.0045E-02     3.4767E+00     CD       1193

 BOND    =    40170.6470  ANGLE   =      414.4718  DIHED      =      984.0710
 VDWAALS =    51323.6794  EEL     =  -294839.0883  HBOND      =        0.0000
 1-4 VDW =      665.3195  1-4 EEL =     8651.0625  RESTRAINT  =        0.0000


   NSTEP       ENERGY          RMS            GMAX         NAME    NUMBER
   6800      -1.9263E+05     3.3882E-01     2.6528E+01     CD       1193

 BOND    =    40185.7368  ANGLE   =      415.0784  DIHED      =      984.7689
 VDWAALS =    51355.4817  EEL     =  -294892.7297  HBOND      =        0.0000
 1-4 VDW =      665.6881  1-4 EEL =     8651.3066  RESTRAINT  =        0.0000


   NSTEP       ENERGY          RMS            GMAX         NAME    NUMBER
   6850      -1.9264E+05     2.6917E-01     1.5767E+01     H1      12865

 BOND    =    40185.7708  ANGLE   =      414.7179  DIHED      =      984.3896
 VDWAALS =    51363.6769  EEL     =  -294903.4974  HBOND      =        0.0000
 1-4 VDW =      665.5455  1-4 EEL =     8651.6622  RESTRAINT  =        0.0000


   NSTEP       ENERGY          RMS            GMAX         NAME    NUMBER
   6900      -1.9264E+05     2.1992E-02     1.2013E+00     N        1217

 BOND    =    40184.0519  ANGLE   =      414.3206  DIHED      =      984.3281
 VDWAALS =    51364.7587  EEL     =  -294905.7585  HBOND      =        0.0000
 1-4 VDW =      665.6119  1-4 EEL =     8651.6376  RESTRAINT  =        0.0000


   NSTEP       ENERGY          RMS            GMAX         NAME    NUMBER
   6950      -1.9265E+05     1.5822E-01     1.9559E+01     C        2865

 BOND    =    40196.1867  ANGLE   =      414.6829  DIHED      =      985.4838
 VDWAALS =    51394.4435  EEL     =  -294957.5991  HBOND      =        0.0000
 1-4 VDW =      665.8761  1-4 EEL =     8651.9166  RESTRAINT  =        0.0000


   NSTEP       ENERGY          RMS            GMAX         NAME    NUMBER
   7000      -1.9265E+05     2.4248E-02     2.5708E+00     H1      27441

 BOND    =    40197.3327  ANGLE   =      414.1973  DIHED      =      984.5203
 VDWAALS =    51401.0177  EEL     =  -294967.5352  HBOND      =        0.0000
 1-4 VDW =      665.8660  1-4 EEL =     8651.8121  RESTRAINT  =        0.0000


   NSTEP       ENERGY          RMS            GMAX         NAME    NUMBER
   7050      -1.9265E+05     2.6300E-02     1.7684E+00     C        1878

 BOND    =    40199.6468  ANGLE   =      414.1565  DIHED      =      984.5258
 VDWAALS =    51403.6241  EEL     =  -294973.5482  HBOND      =        0.0000
 1-4 VDW =      665.8744  1-4 EEL =     8651.7785  RESTRAINT  =        0.0000


   NSTEP       ENERGY          RMS            GMAX         NAME    NUMBER
   7100      -1.9265E+05     1.3140E-02     7.5504E-01     H1      15385

 BOND    =    40198.9885  ANGLE   =      414.1934  DIHED      =      984.5240
 VDWAALS =    51404.7960  EEL     =  -294974.9780  HBOND      =        0.0000
 1-4 VDW =      665.8859  1-4 EEL =     8651.9071  RESTRAINT  =        0.0000


   NSTEP       ENERGY          RMS            GMAX         NAME    NUMBER
   7150      -1.9265E+05     1.2420E-02     7.5680E-01     H1      15385

 BOND    =    40199.0595  ANGLE   =      414.1899  DIHED      =      984.5244
 VDWAALS =    51404.8058  EEL     =  -294975.0508  HBOND      =        0.0000
 1-4 VDW =      665.8854  1-4 EEL =     8651.9013  RESTRAINT  =        0.0000


   NSTEP       ENERGY          RMS            GMAX         NAME    NUMBER
   7200      -1.9266E+05     8.4325E-02     1.2000E+01     C        1878

 BOND    =    40201.7565  ANGLE   =      414.2034  DIHED      =      984.5642
 VDWAALS =    51408.0665  EEL     =  -294982.6043  HBOND      =        0.0000
 1-4 VDW =      665.9138  1-4 EEL =     8651.8161  RESTRAINT  =        0.0000


   NSTEP       ENERGY          RMS            GMAX         NAME    NUMBER
   7250      -1.9266E+05     4.1907E-02     7.0306E+00     C        2865

 BOND    =    40202.6364  ANGLE   =      414.1265  DIHED      =      984.5895
 VDWAALS =    51410.5843  EEL     =  -294987.8694  HBOND      =        0.0000
 1-4 VDW =      665.9136  1-4 EEL =     8651.9302  RESTRAINT  =        0.0000


   NSTEP       ENERGY          RMS            GMAX         NAME    NUMBER
   7300      -1.9266E+05     1.7749E-02     2.2367E+00     C        1878

 BOND    =    40203.4615  ANGLE   =      414.1597  DIHED      =      984.5858
 VDWAALS =    51414.3292  EEL     =  -294995.2539  HBOND      =        0.0000
 1-4 VDW =      665.9249  1-4 EEL =     8651.8766  RESTRAINT  =        0.0000


   NSTEP       ENERGY          RMS            GMAX         NAME    NUMBER
   7350      -1.9266E+05     3.9226E-02     4.1724E+00     C        1878

 BOND    =    40207.6056  ANGLE   =      414.1815  DIHED      =      984.5927
 VDWAALS =    51417.2411  EEL     =  -295004.7670  HBOND      =        0.0000
 1-4 VDW =      665.9289  1-4 EEL =     8652.0339  RESTRAINT  =        0.0000


   NSTEP       ENERGY          RMS            GMAX         NAME    NUMBER
   7400      -1.9267E+05     2.7568E-02     1.3334E+00     H2      28206

 BOND    =    40209.6074  ANGLE   =      414.1571  DIHED      =      984.6527
 VDWAALS =    51422.9766  EEL     =  -295016.8615  HBOND      =        0.0000
 1-4 VDW =      665.9532  1-4 EEL =     8651.8872  RESTRAINT  =        0.0000


   NSTEP       ENERGY          RMS            GMAX         NAME    NUMBER
   7450      -1.9268E+05     5.8843E-02     9.4916E+00     C        1878

 BOND    =    40212.6267  ANGLE   =      414.1116  DIHED      =      984.6263
 VDWAALS =    51428.4313  EEL     =  -295032.7854  HBOND      =        0.0000
 1-4 VDW =      665.9656  1-4 EEL =     8651.8807  RESTRAINT  =        0.0000


   NSTEP       ENERGY          RMS            GMAX         NAME    NUMBER
   7500      -1.9268E+05     6.7058E-02     5.0797E+00     O       28204

 BOND    =    40210.5500  ANGLE   =      414.1946  DIHED      =      984.6276
 VDWAALS =    51431.0011  EEL     =  -295036.5370  HBOND      =        0.0000
 1-4 VDW =      665.9875  1-4 EEL =     8651.8228  RESTRAINT  =        0.0000


   NSTEP       ENERGY          RMS            GMAX         NAME    NUMBER
   7550      -1.9268E+05     2.8822E-02     2.5690E+00     O       28204

 BOND    =    40213.1265  ANGLE   =      414.1160  DIHED      =      984.6766
 VDWAALS =    51432.9062  EEL     =  -295042.8325  HBOND      =        0.0000
 1-4 VDW =      665.9683  1-4 EEL =     8651.8433  RESTRAINT  =        0.0000


   NSTEP       ENERGY          RMS            GMAX         NAME    NUMBER
   7600      -1.9268E+05     2.2977E-02     2.5211E+00     C        1878

 BOND    =    40212.9168  ANGLE   =      414.1237  DIHED      =      984.6466
 VDWAALS =    51435.8469  EEL     =  -295047.8166  HBOND      =        0.0000
 1-4 VDW =      665.9845  1-4 EEL =     8651.8896  RESTRAINT  =        0.0000


   NSTEP       ENERGY          RMS            GMAX         NAME    NUMBER
   7650      -1.9268E+05     2.1132E-02     2.2889E+00     C        1878

 BOND    =    40215.5050  ANGLE   =      414.0534  DIHED      =      984.6578
 VDWAALS =    51438.0072  EEL     =  -295053.5436  HBOND      =        0.0000
 1-4 VDW =      665.9771  1-4 EEL =     8651.9716  RESTRAINT  =        0.0000


   NSTEP       ENERGY          RMS            GMAX         NAME    NUMBER
   7700      -1.9269E+05     2.0417E-02     1.4846E+00     O       42348

 BOND    =    40221.8513  ANGLE   =      414.1370  DIHED      =      984.6669
 VDWAALS =    51452.0765  EEL     =  -295078.2917  HBOND      =        0.0000
 1-4 VDW =      666.0083  1-4 EEL =     8651.9131  RESTRAINT  =        0.0000


   NSTEP       ENERGY          RMS            GMAX         NAME    NUMBER
   7750      -1.9269E+05     1.3731E-02     6.7960E-01     O       42348

 BOND    =    40221.8421  ANGLE   =      414.1315  DIHED      =      984.6634
 VDWAALS =    51452.1268  EEL     =  -295078.3230  HBOND      =        0.0000
 1-4 VDW =      666.0049  1-4 EEL =     8651.9149  RESTRAINT  =        0.0000


   NSTEP       ENERGY          RMS            GMAX         NAME    NUMBER
   7800      -1.9269E+05     1.5468E-02     1.5350E+00     H1      42349

 BOND    =    40222.6209  ANGLE   =      414.1276  DIHED      =      984.6613
 VDWAALS =    51453.6455  EEL     =  -295081.0597  HBOND      =        0.0000
 1-4 VDW =      665.9989  1-4 EEL =     8651.9191  RESTRAINT  =        0.0000


   NSTEP       ENERGY          RMS            GMAX         NAME    NUMBER
   7850      -1.9269E+05     2.7398E-02     1.5093E+00     O       42348

 BOND    =    40224.9435  ANGLE   =      414.0849  DIHED      =      984.7025
 VDWAALS =    51458.6753  EEL     =  -295090.0751  HBOND      =        0.0000
 1-4 VDW =      666.0167  1-4 EEL =     8651.9731  RESTRAINT  =        0.0000


   NSTEP       ENERGY          RMS            GMAX         NAME    NUMBER
   7900      -1.9269E+05     1.1297E-02     5.4763E-01     H1      42093

 BOND    =    40226.3635  ANGLE   =      414.0911  DIHED      =      984.7197
 VDWAALS =    51461.7847  EEL     =  -295095.6508  HBOND      =        0.0000
 1-4 VDW =      666.0317  1-4 EEL =     8651.9688  RESTRAINT  =        0.0000


   NSTEP       ENERGY          RMS            GMAX         NAME    NUMBER
   7950      -1.9269E+05     2.3913E-02     1.0940E+00     C        3053

 BOND    =    40228.9658  ANGLE   =      414.0382  DIHED      =      984.7651
 VDWAALS =    51467.1889  EEL     =  -295105.2366  HBOND      =        0.0000
 1-4 VDW =      666.0436  1-4 EEL =     8651.9815  RESTRAINT  =        0.0000


   NSTEP       ENERGY          RMS            GMAX         NAME    NUMBER
   8000      -1.9269E+05     3.4158E-02     2.4721E+00     CD       3079

 BOND    =    40230.3168  ANGLE   =      414.0590  DIHED      =      984.7994
 VDWAALS =    51471.1023  EEL     =  -295111.8391  HBOND      =        0.0000
 1-4 VDW =      666.0952  1-4 EEL =     8651.9650  RESTRAINT  =        0.0000


   NSTEP       ENERGY          RMS            GMAX         NAME    NUMBER
   8050      -1.9269E+05     6.9322E-02     3.0130E+00     C        3053

 BOND    =    40231.4356  ANGLE   =      414.1501  DIHED      =      984.9169
 VDWAALS =    51476.9565  EEL     =  -295120.3878  HBOND      =        0.0000
 1-4 VDW =      666.1740  1-4 EEL =     8651.9668  RESTRAINT  =        0.0000


   NSTEP       ENERGY          RMS            GMAX         NAME    NUMBER
   8100      -1.9270E+05     9.7232E-03     1.2205E+00     H1      27105

 BOND    =    40234.5086  ANGLE   =      414.0492  DIHED      =      984.8828
 VDWAALS =    51479.7743  EEL     =  -295127.5554  HBOND      =        0.0000
 1-4 VDW =      666.1135  1-4 EEL =     8652.0383  RESTRAINT  =        0.0000


   NSTEP       ENERGY          RMS            GMAX         NAME    NUMBER
   8150      -1.9270E+05     1.4349E-02     1.4816E+00     H2      27106

 BOND    =    40241.1424  ANGLE   =      414.0304  DIHED      =      985.0522
 VDWAALS =    51494.6820  EEL     =  -295153.9229  HBOND      =        0.0000
 1-4 VDW =      666.2005  1-4 EEL =     8652.1269  RESTRAINT  =        0.0000


   NSTEP       ENERGY          RMS            GMAX         NAME    NUMBER
   8200      -1.9270E+05     1.3043E-02     1.2822E+00     H2      27106

 BOND    =    40241.1787  ANGLE   =      414.0305  DIHED      =      985.0523
 VDWAALS =    51494.6818  EEL     =  -295153.9546  HBOND      =        0.0000
 1-4 VDW =      666.2006  1-4 EEL =     8652.1267  RESTRAINT  =        0.0000


   NSTEP       ENERGY          RMS            GMAX         NAME    NUMBER
   8250      -1.9270E+05     1.3842E-02     6.5538E-01     O       40740

 BOND    =    40242.5478  ANGLE   =      414.0241  DIHED      =      985.1000
 VDWAALS =    51497.9042  EEL     =  -295159.7430  HBOND      =        0.0000
 1-4 VDW =      666.2358  1-4 EEL =     8652.1025  RESTRAINT  =        0.0000


   NSTEP       ENERGY          RMS            GMAX         NAME    NUMBER
   8300      -1.9270E+05     9.5166E-02     6.2659E+00     N        2860

 BOND    =    40244.2474  ANGLE   =      414.1296  DIHED      =      985.3815
 VDWAALS =    51502.8741  EEL     =  -295167.6021  HBOND      =        0.0000
 1-4 VDW =      666.3214  1-4 EEL =     8651.8886  RESTRAINT  =        0.0000


   NSTEP       ENERGY          RMS            GMAX         NAME    NUMBER
   8350      -1.9270E+05     2.4300E-02     5.1675E+00     C        1878

 BOND    =    40246.0498  ANGLE   =      414.0059  DIHED      =      985.1673
 VDWAALS =    51504.7498  EEL     =  -295172.5998  HBOND      =        0.0000
 1-4 VDW =      666.2932  1-4 EEL =     8652.1410  RESTRAINT  =        0.0000


   NSTEP       ENERGY          RMS            GMAX         NAME    NUMBER
   8400      -1.9270E+05     1.1677E-02     1.2915E+00     C        1878

 BOND    =    40245.8826  ANGLE   =      414.0066  DIHED      =      985.1699
 VDWAALS =    51504.7489  EEL     =  -295172.4523  HBOND      =        0.0000
 1-4 VDW =      666.2883  1-4 EEL =     8652.1633  RESTRAINT  =        0.0000


   NSTEP       ENERGY          RMS            GMAX         NAME    NUMBER
   8450      -1.9271E+05     2.8808E-02     1.6238E+00     C        3053

 BOND    =    40248.3055  ANGLE   =      414.0637  DIHED      =      985.3335
 VDWAALS =    51509.7526  EEL     =  -295182.2762  HBOND      =        0.0000
 1-4 VDW =      666.3647  1-4 EEL =     8652.1367  RESTRAINT  =        0.0000


   NSTEP       ENERGY          RMS            GMAX         NAME    NUMBER
   8500      -1.9271E+05     9.5673E-03     9.0774E-01     H2      29154

 BOND    =    40248.6487  ANGLE   =      414.0045  DIHED      =      985.2947
 VDWAALS =    51510.7584  EEL     =  -295184.0477  HBOND      =        0.0000
 1-4 VDW =      666.3727  1-4 EEL =     8652.1622  RESTRAINT  =        0.0000


   NSTEP       ENERGY          RMS            GMAX         NAME    NUMBER
   8550      -1.9271E+05     3.9703E-02     3.0060E+00     C        3053

 BOND    =    40249.4488  ANGLE   =      414.0587  DIHED      =      985.3034
 VDWAALS =    51512.7519  EEL     =  -295187.3690  HBOND      =        0.0000
 1-4 VDW =      666.3704  1-4 EEL =     8652.1792  RESTRAINT  =        0.0000


   NSTEP       ENERGY          RMS            GMAX         NAME    NUMBER
   8600      -1.9271E+05     1.7751E-02     1.3561E+00     CA       2068

 BOND    =    40249.9786  ANGLE   =      413.9856  DIHED      =      985.3386
 VDWAALS =    51513.3225  EEL     =  -295189.1520  HBOND      =        0.0000
 1-4 VDW =      666.4111  1-4 EEL =     8652.1479  RESTRAINT  =        0.0000


   NSTEP       ENERGY          RMS            GMAX         NAME    NUMBER
   8650      -1.9271E+05     1.5755E-02     1.4807E+00     CA       2068

 BOND    =    40250.1559  ANGLE   =      413.9767  DIHED      =      985.3272
 VDWAALS =    51513.6823  EEL     =  -295189.8752  HBOND      =        0.0000
 1-4 VDW =      666.4148  1-4 EEL =     8652.1803  RESTRAINT  =        0.0000


   NSTEP       ENERGY          RMS            GMAX         NAME    NUMBER
   8700      -1.9271E+05     1.4524E-02     1.2785E+00     CA       2068

 BOND    =    40250.1595  ANGLE   =      413.9778  DIHED      =      985.3274
 VDWAALS =    51513.6859  EEL     =  -295189.8883  HBOND      =        0.0000
 1-4 VDW =      666.4145  1-4 EEL =     8652.1802  RESTRAINT  =        0.0000


   NSTEP       ENERGY          RMS            GMAX         NAME    NUMBER
   8750      -1.9271E+05     1.3276E-02     1.0514E+00     CA       2068

 BOND    =    40250.1638  ANGLE   =      413.9790  DIHED      =      985.3276
 VDWAALS =    51513.6967  EEL     =  -295189.8927  HBOND      =        0.0000
 1-4 VDW =      666.4143  1-4 EEL =     8652.1801  RESTRAINT  =        0.0000


   NSTEP       ENERGY          RMS            GMAX         NAME    NUMBER
   8800      -1.9271E+05     2.4130E-02     2.2940E+00     C        1878

 BOND    =    40250.3977  ANGLE   =      413.9871  DIHED      =      985.3367
 VDWAALS =    51514.0039  EEL     =  -295190.6074  HBOND      =        0.0000
 1-4 VDW =      666.4208  1-4 EEL =     8652.1690  RESTRAINT  =        0.0000


   NSTEP       ENERGY          RMS            GMAX         NAME    NUMBER
   8850      -1.9271E+05     2.2981E-02     2.1504E+00     C        1878

 BOND    =    40250.3948  ANGLE   =      413.9872  DIHED      =      985.3366
 VDWAALS =    51514.0039  EEL     =  -295190.5911  HBOND      =        0.0000
 1-4 VDW =      666.4206  1-4 EEL =     8652.1698  RESTRAINT  =        0.0000


   NSTEP       ENERGY          RMS            GMAX         NAME    NUMBER
   8900      -1.9271E+05     1.6246E-01     2.0718E+01     H2      29154

 BOND    =    40255.9636  ANGLE   =      413.9586  DIHED      =      985.6077
 VDWAALS =    51519.2369  EEL     =  -295203.3337  HBOND      =        0.0000
 1-4 VDW =      666.4883  1-4 EEL =     8652.0225  RESTRAINT  =        0.0000


   NSTEP       ENERGY          RMS            GMAX         NAME    NUMBER
   8950      -1.9271E+05     6.6076E-02     7.3641E+00     CA       2862

 BOND    =    40254.3930  ANGLE   =      413.9199  DIHED      =      985.5126
 VDWAALS =    51521.9660  EEL     =  -295206.8868  HBOND      =        0.0000
 1-4 VDW =      666.5374  1-4 EEL =     8652.4214  RESTRAINT  =        0.0000


   NSTEP       ENERGY          RMS            GMAX         NAME    NUMBER
   9000      -1.9271E+05     1.5016E-02     1.2908E+00     H2      29154

 BOND    =    40255.3254  ANGLE   =      413.9147  DIHED      =      985.5136
 VDWAALS =    51523.9792  EEL     =  -295211.0827  HBOND      =        0.0000
 1-4 VDW =      666.5379  1-4 EEL =     8652.4229  RESTRAINT  =        0.0000


   NSTEP       ENERGY          RMS            GMAX         NAME    NUMBER
   9050      -1.9271E+05     1.1020E-02     6.5362E-01     O       29152

 BOND    =    40255.1755  ANGLE   =      413.9149  DIHED      =      985.5139
 VDWAALS =    51523.9951  EEL     =  -295210.9456  HBOND      =        0.0000
 1-4 VDW =      666.5371  1-4 EEL =     8652.4214  RESTRAINT  =        0.0000


   NSTEP       ENERGY          RMS            GMAX         NAME    NUMBER
   9100      -1.9271E+05     1.0923E-02     6.2751E-01     O       29152

 BOND    =    40255.1691  ANGLE   =      413.9149  DIHED      =      985.5138
 VDWAALS =    51523.9978  EEL     =  -295210.9363  HBOND      =        0.0000
 1-4 VDW =      666.5371  1-4 EEL =     8652.4209  RESTRAINT  =        0.0000


   NSTEP       ENERGY          RMS            GMAX         NAME    NUMBER
   9150      -1.9271E+05     1.0713E-02     5.8326E-01     O       37812

 BOND    =    40255.1562  ANGLE   =      413.9151  DIHED      =      985.5140
 VDWAALS =    51524.0042  EEL     =  -295210.9151  HBOND      =        0.0000
 1-4 VDW =      666.5370  1-4 EEL =     8652.4193  RESTRAINT  =        0.0000


   NSTEP       ENERGY          RMS            GMAX         NAME    NUMBER
   9200      -1.9271E+05     1.3387E-02     1.0928E+00     CB       3042

 BOND    =    40255.4412  ANGLE   =      413.9222  DIHED      =      985.5255
 VDWAALS =    51524.8862  EEL     =  -295212.4264  HBOND      =        0.0000
 1-4 VDW =      666.5445  1-4 EEL =     8652.3861  RESTRAINT  =        0.0000


   NSTEP       ENERGY          RMS            GMAX         NAME    NUMBER
   9250      -1.9272E+05     1.1270E-02     4.9866E-01     H2      29154

 BOND    =    40256.9982  ANGLE   =      413.8832  DIHED      =      985.5688
 VDWAALS =    51528.2638  EEL     =  -295219.0538  HBOND      =        0.0000
 1-4 VDW =      666.5914  1-4 EEL =     8652.4878  RESTRAINT  =        0.0000


   NSTEP       ENERGY          RMS            GMAX         NAME    NUMBER
   9300      -1.9272E+05     9.9134E-03     3.7977E-01     O       37812

 BOND    =    40257.8234  ANGLE   =      413.8736  DIHED      =      985.5894
 VDWAALS =    51530.0340  EEL     =  -295222.5131  HBOND      =        0.0000
 1-4 VDW =      666.6116  1-4 EEL =     8652.5418  RESTRAINT  =        0.0000


   NSTEP       ENERGY          RMS            GMAX         NAME    NUMBER
   9350      -1.9272E+05     6.3767E-02     4.5048E+00     H1      37813

 BOND    =    40261.0399  ANGLE   =      413.8876  DIHED      =      985.6696
 VDWAALS =    51533.3939  EEL     =  -295230.2577  HBOND      =        0.0000
 1-4 VDW =      666.6297  1-4 EEL =     8652.5427  RESTRAINT  =        0.0000


   NSTEP       ENERGY          RMS            GMAX         NAME    NUMBER
   9400      -1.9272E+05     2.8771E-02     1.6461E+00     O       37812

 BOND    =    40259.1986  ANGLE   =      413.9027  DIHED      =      985.6877
 VDWAALS =    51534.7000  EEL     =  -295230.5780  HBOND      =        0.0000
 1-4 VDW =      666.6637  1-4 EEL =     8652.6011  RESTRAINT  =        0.0000


   NSTEP       ENERGY          RMS            GMAX         NAME    NUMBER
   9450      -1.9272E+05     1.3294E-01     8.9079E+00     CD        655

 BOND    =    40258.8835  ANGLE   =      413.8986  DIHED      =      985.7304
 VDWAALS =    51537.6339  EEL     =  -295234.0188  HBOND      =        0.0000
 1-4 VDW =      666.6960  1-4 EEL =     8652.6506  RESTRAINT  =        0.0000


   NSTEP       ENERGY          RMS            GMAX         NAME    NUMBER
   9500      -1.9272E+05     1.4014E-02     4.9137E-01     H2      37814

 BOND    =    40260.8616  ANGLE   =      413.8314  DIHED      =      985.6779
 VDWAALS =    51537.7816  EEL     =  -295236.7982  HBOND      =        0.0000
 1-4 VDW =      666.7115  1-4 EEL =     8652.7580  RESTRAINT  =        0.0000


   NSTEP       ENERGY          RMS            GMAX         NAME    NUMBER
   9550      -1.9272E+05     1.2860E-02     1.0848E+00     C        2865

 BOND    =    40261.0514  ANGLE   =      413.8456  DIHED      =      985.6979
 VDWAALS =    51538.6096  EEL     =  -295238.1497  HBOND      =        0.0000
 1-4 VDW =      666.7231  1-4 EEL =     8652.7789  RESTRAINT  =        0.0000


   NSTEP       ENERGY          RMS            GMAX         NAME    NUMBER
   9600      -1.9272E+05     1.1879E-02     1.3094E+00     C        2098

 BOND    =    40261.7162  ANGLE   =      413.8412  DIHED      =      985.7092
 VDWAALS =    51539.7070  EEL     =  -295240.3671  HBOND      =        0.0000
 1-4 VDW =      666.7366  1-4 EEL =     8652.8124  RESTRAINT  =        0.0000


   NSTEP       ENERGY          RMS            GMAX         NAME    NUMBER
   9650      -1.9272E+05     1.1430E-02     1.2465E+00     C        2098

 BOND    =    40261.7173  ANGLE   =      413.8406  DIHED      =      985.7085
 VDWAALS =    51539.7091  EEL     =  -295240.3574  HBOND      =        0.0000
 1-4 VDW =      666.7367  1-4 EEL =     8652.8117  RESTRAINT  =        0.0000


   NSTEP       ENERGY          RMS            GMAX         NAME    NUMBER
   9700      -1.9272E+05     1.3737E-02     6.5551E-01     CB       3042

 BOND    =    40261.8169  ANGLE   =      413.8202  DIHED      =      985.7081
 VDWAALS =    51539.9289  EEL     =  -295240.7238  HBOND      =        0.0000
 1-4 VDW =      666.7431  1-4 EEL =     8652.8083  RESTRAINT  =        0.0000


   NSTEP       ENERGY          RMS            GMAX         NAME    NUMBER
   9750      -1.9273E+05     3.3287E-02     4.4557E+00     H2      37518

 BOND    =    40267.3942  ANGLE   =      413.7911  DIHED      =      985.8389
 VDWAALS =    51555.8318  EEL     =  -295268.2019  HBOND      =        0.0000
 1-4 VDW =      666.9698  1-4 EEL =     8653.1428  RESTRAINT  =        0.0000


   NSTEP       ENERGY          RMS            GMAX         NAME    NUMBER
   9800      -1.9273E+05     1.6869E-02     9.5636E-01     H2      37518

 BOND    =    40267.4284  ANGLE   =      413.7641  DIHED      =      985.8725
 VDWAALS =    51555.5118  EEL     =  -295268.3359  HBOND      =        0.0000
 1-4 VDW =      666.9472  1-4 EEL =     8653.2371  RESTRAINT  =        0.0000


   NSTEP       ENERGY          RMS            GMAX         NAME    NUMBER
   9850      -1.9273E+05     5.0642E-02     3.0498E+00     C        2110

 BOND    =    40269.6585  ANGLE   =      413.8980  DIHED      =      986.0094
 VDWAALS =    51562.7323  EEL     =  -295281.2180  HBOND      =        0.0000
 1-4 VDW =      667.1174  1-4 EEL =     8653.4908  RESTRAINT  =        0.0000


   NSTEP       ENERGY          RMS            GMAX         NAME    NUMBER
   9900      -1.9273E+05     4.2493E-02     6.0081E+00     CD       3079

 BOND    =    40269.9556  ANGLE   =      413.6777  DIHED      =      985.9638
 VDWAALS =    51563.2508  EEL     =  -295283.0008  HBOND      =        0.0000
 1-4 VDW =      667.0646  1-4 EEL =     8653.5488  RESTRAINT  =        0.0000


   NSTEP       ENERGY          RMS            GMAX         NAME    NUMBER
   9950      -1.9273E+05     1.9619E-02     1.0176E+00     H1      37517

 BOND    =    40270.7426  ANGLE   =      413.7252  DIHED      =      986.0050
 VDWAALS =    51566.3384  EEL     =  -295289.6087  HBOND      =        0.0000
 1-4 VDW =      667.1338  1-4 EEL =     8653.6693  RESTRAINT  =        0.0000


   NSTEP       ENERGY          RMS            GMAX         NAME    NUMBER
  10000      -1.9273E+05     1.4958E-02     8.0307E-01     H2      30750

 BOND    =    40271.5520  ANGLE   =      413.7416  DIHED      =      986.0364
 VDWAALS =    51567.3088  EEL     =  -295292.1168  HBOND      =        0.0000
 1-4 VDW =      667.1585  1-4 EEL =     8653.7091  RESTRAINT  =        0.0000


  Maximum number of minimization cycles reached.


                    FINAL RESULTS



   NSTEP       ENERGY          RMS            GMAX         NAME    NUMBER
  10000      -1.9273E+05     1.4958E-02     8.0307E-01     H2      30750

 BOND    =    40271.5520  ANGLE   =      413.7416  DIHED      =      986.0364
 VDWAALS =    51567.3088  EEL     =  -295292.1168  HBOND      =        0.0000
 1-4 VDW =      667.1585  1-4 EEL =     8653.7091  RESTRAINT  =        0.0000
--------------------------------------------------------------------------------
   5.  TIMINGS
--------------------------------------------------------------------------------

|  NonSetup CPU Time in Major Routines:
|
|     Routine           Sec        %
|     ------------------------------
|     Nonbond          18.49   34.77
|     Bond              0.00    0.00
|     Angle             0.00    0.00
|     Dihedral          0.00    0.00
|     Shake             0.00    0.00
|     Other            34.70   65.23
|     ------------------------------
|     Total            53.19

|  PME Nonbond Pairlist CPU Time:
|
|     Routine              Sec        %
|     ---------------------------------
|     Set Up Cit           0.00    0.00
|     Build List           0.00    0.00
|     ---------------------------------
|     Total                0.00    0.00

|  PME Direct Force CPU Time:
|
|     Routine              Sec        %
|     ---------------------------------
|     NonBonded Calc       0.00    0.00
|     Exclude Masked       0.00    0.00
|     Other                0.02    0.04
|     ---------------------------------
|     Total                0.02    0.04

|  PME Reciprocal Force CPU Time:
|
|     Routine              Sec        %
|     ---------------------------------
|     1D bspline           0.00    0.00
|     Grid Charges         0.00    0.00
|     Scalar Sum           0.00    0.00
|     Gradient Sum         0.00    0.00
|     FFT                  0.00    0.00
|     ---------------------------------
|     Total                0.00    0.00

|  Setup CPU time:            2.10 seconds
|  NonSetup CPU time:        53.19 seconds
|  Total CPU time:           55.30 seconds     0.02 hours

|  Setup wall time:           3    seconds
|  NonSetup wall time:       53    seconds
|  Total wall time:          56    seconds     0.02 hours
