
          -------------------------------------------------------
          Amber 18 PMEMD                              2018
          -------------------------------------------------------

| PMEMD implementation of SANDER, Release 18

| Run on 07/06/2021 at 18:33:52

|   Executable path: pmemd.cuda
| Working directory: /home/bozhanng/Abs_MD/HEPC3-4_Fv_full_VN_relaxed
|          Hostname: bf21

  [-O]verwriting output

File Assignments:
|   MDIN: minpro_HEPC3-4_Fv_full_VN_relaxed.in                                  
|  MDOUT: minpro_HEPC3-4_Fv_full_VN_relaxed.out                                 
| INPCRD: minsolv_HEPC3-4_Fv_full_VN_relaxed.crd                                
|   PARM: HEPC3-4_Fv_full_VN_relaxed.parm7                                      
| RESTRT: minpro_HEPC3-4_Fv_full_VN_relaxed.crd                                 
|   REFC: minsolv_HEPC3-4_Fv_full_VN_relaxed.crd                                
|  MDVEL: mdvel                                                                 
|   MDEN: mden                                                                  
|  MDCRD: mdcrd                                                                 
| MDINFO: mdinfo                                                                
|  MDFRC: mdfrc                                                                 


 Here is the input file:

Initial minimization                                                           
 &cntrl                                                                        
  ntx    = 1,       irest  = 0,       ntrx   = 1,      ntxo   = 1,             
  ntpr   = 50,      ntwx   = 0,       ntwv   = 0,      ntwe   = 0,             
                                                                               
  ntf    = 1,       ntb    = 1,                                                
  cut    = 8.0,     nsnb   = 10,                                               
                                                                               
  ibelly = 0,       ntr    = 1,                                                
                                                                               
  imin   = 1,                                                                  
  maxcyc = 10000,                                                              
  ncyc   = 2000,                                                               
  ntmin  = 1,       dx0    = 0.1,     drms   = 0.0001,                         
                                                                               
  ntc    = 1,       tol    = 0.000001,                                         
                                                                               
 &end                                                                          
Hold solvent fixed                                                             
5.0                                                                            
RES   235 9999999                                                              
END                                                                            
END                                                                            


Note: ig = -1. Setting random seed to   601822 based on wallclock time in 
      microseconds.
| irandom = 1, using AMBER's internal random number generator (default).
| INFO:    The nsnb ctrl option does not affect nonbonded list update frequency.
|          It does affect steepest descent minimization freq if ntmin == 0
 
|--------------------- INFORMATION ----------------------
| GPU (CUDA) Version of PMEMD in use: NVIDIA GPU IN USE.
|                    Version 18.0.0
| 
|                      03/25/2018
| 
| Implementation by:
|                    Ross C. Walker     (SDSC)
|                    Scott Le Grand     (nVIDIA)
| 
| Version 18 performance extensions by:
|                    David Cerutti     (Rutgers)
| 
| Precision model in use:
|      [SPFP] - Single Precision Forces, 64-bit Fixed Point
|               Accumulation. (Default)
| 
|--------------------------------------------------------
 
|----------------- CITATION INFORMATION -----------------
|
|    When publishing work that utilized the CUDA version
|    of AMBER, please cite the following in addition to
|    the regular AMBER citations:
|
|  - Romelia Salomon-Ferrer; Andreas W. Goetz; Duncan
|    Poole; Scott Le Grand; Ross C. Walker "Routine
|    microsecond molecular dynamics simulations with
|    AMBER - Part II: Particle Mesh Ewald", J. Chem.
|    Theory Comput., 2013, 9 (9), pp3878-3888,
|    DOI: 10.1021/ct400314y.
|
|  - Andreas W. Goetz; Mark J. Williamson; Dong Xu;
|    Duncan Poole; Scott Le Grand; Ross C. Walker
|    "Routine microsecond molecular dynamics simulations
|    with AMBER - Part I: Generalized Born", J. Chem.
|    Theory Comput., 2012, 8 (5), pp1542-1555.
|
|  - Scott Le Grand; Andreas W. Goetz; Ross C. Walker
|    "SPFP: Speed without compromise - a mixed precision
|    model for GPU accelerated molecular dynamics
|    simulations.", Comp. Phys. Comm., 2013, 184
|    pp374-380, DOI: 10.1016/j.cpc.2012.09.022
|
|--------------------------------------------------------
 
|------------------- GPU DEVICE INFO --------------------
|
|            CUDA_VISIBLE_DEVICES: 3
|   CUDA Capable Devices Detected:      1
|           CUDA Device ID in use:      0
|                CUDA Device Name: GeForce GTX 1080
|     CUDA Device Global Mem Size:   8119 MB
| CUDA Device Num Multiprocessors:     20
|           CUDA Device Core Freq:   1.73 GHz
|
|--------------------------------------------------------
 
 
| Conditional Compilation Defines Used:
| PUBFFT
| BINTRAJ
| MKL
| CUDA
| EMIL

| Largest sphere to fit in unit cell has radius =    34.493

| New format PARM file being parsed.
| Version =    1.000 Date = 07/06/21 Time = 18:28:08

| Note: 1-4 EEL scale factors are being read from the topology file.

| Note: 1-4 VDW scale factors are being read from the topology file.
| Duplicated    0 dihedrals

| Duplicated    0 dihedrals

--------------------------------------------------------------------------------
   1.  RESOURCE   USE: 
--------------------------------------------------------------------------------

 getting new box info from bottom of inpcrd
 NATOM  =   46471 NTYPES =      18 NBONH =   33946 MBONA  =   12559
 NTHETH =    3916 MTHETA =    2476 NPHIH =    8205 MPHIA  =    7868
 NHPARM =       0 NPARM  =       0 NNB   =   94525 NRES   =   10978
 NBONA  =   12559 NTHETA =    2476 NPHIA =    7868 NUMBND =      72
 NUMANG =     171 NPTRA  =     194 NATYP =      36 NPHB   =       1
 IFBOX  =       1 NMXRS  =      25 IFCAP =       0 NEXTRA =   10737
 NCOPY  =       0

| Coordinate Index Table dimensions:    17   15   18
| Direct force subcell size =     4.5653    4.5991    4.6297

     BOX TYPE: RECTILINEAR

--------------------------------------------------------------------------------
   2.  CONTROL  DATA  FOR  THE  RUN
--------------------------------------------------------------------------------

default_name                                                                    

General flags:
     imin    =       1, nmropt  =       0

Nature and format of input:
     ntx     =       1, irest   =       0, ntrx    =       1

Nature and format of output:
     ntxo    =       1, ntpr    =      50, ntrx    =       1, ntwr    =       1
     iwrap   =       0, ntwx    =       0, ntwv    =       0, ntwe    =       0
     ioutfm  =       1, ntwprt  =       0, idecomp =       0, rbornstat=      0

Potential function:
     ntf     =       1, ntb     =       1, igb     =       0, nsnb    =      10
     ipol    =       0, gbsa    =       0, iesp    =       0
     dielc   =   1.00000, cut     =   8.00000, intdiel =   1.00000

Frozen or restrained atoms:
     ibelly  =       0, ntr     =       1
     restraint_wt =   0.00000

Energy minimization:
     maxcyc  =   10000, ncyc    =    2000, ntmin   =       1
     dx0     =   0.10000, drms    =   0.00010

| Intermolecular bonds treatment:
|     no_intermolecular_bonds =       1

| Energy averages sample interval:
|     ene_avg_sampling =       1

Extra-points options:
     frameon =       1, chngmask=       1

Ewald parameters:
     verbose =       0, ew_type =       0, nbflag  =       1, use_pme =       1
     vdwmeth =       1, eedmeth =       1, netfrc  =       0
     Box X =   77.610   Box Y =   68.987   Box Z =   83.335
     Alpha =   90.000   Beta  =   90.000   Gamma =   90.000
     NFFT1 =   80       NFFT2 =   72       NFFT3 =   84
     Cutoff=    8.000   Tol   =0.100E-04
     Ewald Coefficient =  0.34864
     Interpolation order =    4

    LOADING THE CONSTRAINED ATOMS AS GROUPS


   5.  REFERENCE ATOM COORDINATES

  default_name                                                                    
    ----- READING GROUP     1; TITLE:
 Hold solvent fixed                                                          

     GROUP    1 HAS HARMONIC CONSTRAINTS     5.00000
 GRP    1 RES  235 TO 10978
      Number of atoms in this group  = 42955
    ----- END OF GROUP READ -----
|      EXTRA_PTS, trim_bonds: num bonds BEFORE trim = 33946     0
|      EXTRA_PTS, trim_bonds: num bonds AFTER  trim = 33946     0
|      EXTRA_PTS, trim_bonds: num bonds BEFORE trim = 12559     0
|      EXTRA_PTS, trim_bonds: num bonds AFTER  trim =  1822     0
|      EXTRA_PTS, trim_theta: num angle BEFORE trim =  3916     0
|      EXTRA_PTS, trim_theta: num angle AFTER  trim =  3916     0
|      EXTRA_PTS, trim_theta: num angle BEFORE trim =  2476     0
|      EXTRA_PTS, trim_theta: num angle AFTER  trim =  2476     0
|      EXTRA_PTS, trim_phi:  num diheds BEFORE trim =  8205     0
|      EXTRA_PTS, trim_phi:  num diheds AFTER  trim =  8205     0
|      EXTRA_PTS, trim_phi:  num diheds BEFORE trim =  7868     0
|      EXTRA_PTS, trim_phi:  num diheds AFTER  trim =  7868     0

--------------------------------------------------------------------------------
   3.  ATOMIC COORDINATES AND VELOCITIES
--------------------------------------------------------------------------------

default_name                                                                    
 begin time read from input coords =     0.000 ps

 
 Number of triangulated 3-point waters found:    10737

     Sum of charges from parm topology file =   0.00005874
     Forcing neutrality...

| Dynamic Memory, Types Used:
| Reals             1398209
| Integers          3012482

| Nonbonded Pairs Initial Allocation:     7761818

| GPU memory information (estimate):
| KB of GPU memory in use:         0
| KB of CPU memory in use:         0

--------------------------------------------------------------------------------
   4.  RESULTS
--------------------------------------------------------------------------------



   NSTEP       ENERGY          RMS            GMAX         NAME    NUMBER
      1      -1.9134E+05     1.9979E-01     1.0577E+01     CD       3079

 BOND    =    39461.3577  ANGLE   =      298.6670  DIHED      =      949.8268
 VDWAALS =    49861.4708  EEL     =  -291589.4848  HBOND      =        0.0000
 1-4 VDW =      769.9122  1-4 EEL =     8906.6374  RESTRAINT  =        0.0000


   NSTEP       ENERGY          RMS            GMAX         NAME    NUMBER
     50      -1.9143E+05     2.3275E-01     2.2268E+01     CD       1316

 BOND    =    39485.5194  ANGLE   =      328.3602  DIHED      =      957.0552
 VDWAALS =    49862.2456  EEL     =  -291645.1341  HBOND      =        0.0000
 1-4 VDW =      734.6065  1-4 EEL =     8845.3328  RESTRAINT  =        0.4028
 EAMBER  =  -191432.0144


   NSTEP       ENERGY          RMS            GMAX         NAME    NUMBER
    100      -1.9148E+05     3.3156E-01     2.3924E+01     CE3       679

 BOND    =    39495.6169  ANGLE   =      340.2362  DIHED      =      959.6890
 VDWAALS =    49865.1037  EEL     =  -291674.3670  HBOND      =        0.0000
 1-4 VDW =      719.3640  1-4 EEL =     8813.9033  RESTRAINT  =        1.4370
 EAMBER  =  -191480.4540


   NSTEP       ENERGY          RMS            GMAX         NAME    NUMBER
    150      -1.9152E+05     1.2226E-01     1.2728E+01     CE3       679

 BOND    =    39504.6533  ANGLE   =      348.1310  DIHED      =      961.2389
 VDWAALS =    49867.6555  EEL     =  -291703.7372  HBOND      =        0.0000
 1-4 VDW =      709.9666  1-4 EEL =     8792.7441  RESTRAINT  =        2.6869
 EAMBER  =  -191519.3477


   NSTEP       ENERGY          RMS            GMAX         NAME    NUMBER
    200      -1.9154E+05     8.7424E-02     7.1737E+00     CE3       679

 BOND    =    39509.9912  ANGLE   =      353.2810  DIHED      =      961.5999
 VDWAALS =    49869.8197  EEL     =  -291725.2411  HBOND      =        0.0000
 1-4 VDW =      703.7715  1-4 EEL =     8778.3016  RESTRAINT  =        3.8681
 EAMBER  =  -191548.4763


   NSTEP       ENERGY          RMS            GMAX         NAME    NUMBER
    250      -1.9157E+05     9.5735E-02     9.1969E+00     CE3       679

 BOND    =    39514.2092  ANGLE   =      356.9586  DIHED      =      960.9318
 VDWAALS =    49871.6898  EEL     =  -291743.5182  HBOND      =        0.0000
 1-4 VDW =      699.3734  1-4 EEL =     8768.1210  RESTRAINT  =        4.8715
 EAMBER  =  -191572.2344


   NSTEP       ENERGY          RMS            GMAX         NAME    NUMBER
    300      -1.9159E+05     2.4644E-01     3.0588E+01     CD       3079

 BOND    =    39518.9073  ANGLE   =      359.8410  DIHED      =      959.6589
 VDWAALS =    49873.1868  EEL     =  -291759.7469  HBOND      =        0.0000
 1-4 VDW =      695.9625  1-4 EEL =     8760.1675  RESTRAINT  =        5.7467
 EAMBER  =  -191592.0229


   NSTEP       ENERGY          RMS            GMAX         NAME    NUMBER
    350      -1.9160E+05     1.3408E-01     1.5263E+01     CE3       679

 BOND    =    39520.0665  ANGLE   =      361.8234  DIHED      =      958.5736
 VDWAALS =    49874.5824  EEL     =  -291772.4499  HBOND      =        0.0000
 1-4 VDW =      693.3976  1-4 EEL =     8753.7998  RESTRAINT  =        6.4718
 EAMBER  =  -191610.2067


   NSTEP       ENERGY          RMS            GMAX         NAME    NUMBER
    400      -1.9162E+05     2.1086E-01     2.2617E+01     CE3       679

 BOND    =    39522.3203  ANGLE   =      363.5234  DIHED      =      957.8631
 VDWAALS =    49875.6839  EEL     =  -291783.8398  HBOND      =        0.0000
 1-4 VDW =      691.3495  1-4 EEL =     8748.4868  RESTRAINT  =        7.1082
 EAMBER  =  -191624.6129


   NSTEP       ENERGY          RMS            GMAX         NAME    NUMBER
    450      -1.9163E+05     1.1982E-01     1.3218E+01     CE3       679

 BOND    =    39523.8689  ANGLE   =      364.7401  DIHED      =      957.4436
 VDWAALS =    49876.6145  EEL     =  -291794.4870  HBOND      =        0.0000
 1-4 VDW =      689.6575  1-4 EEL =     8744.1083  RESTRAINT  =        7.6762
 EAMBER  =  -191638.0540


   NSTEP       ENERGY          RMS            GMAX         NAME    NUMBER
    500      -1.9164E+05     1.9792E-01     3.8191E+01     CD       3079

 BOND    =    39525.1734  ANGLE   =      365.9727  DIHED      =      957.2583
 VDWAALS =    49877.7112  EEL     =  -291803.5033  HBOND      =        0.0000
 1-4 VDW =      688.2164  1-4 EEL =     8740.2713  RESTRAINT  =        8.1924
 EAMBER  =  -191648.9001


   NSTEP       ENERGY          RMS            GMAX         NAME    NUMBER
    550      -1.9165E+05     6.2041E-02     5.0442E+00     CE3       679

 BOND    =    39526.2339  ANGLE   =      367.0783  DIHED      =      957.1906
 VDWAALS =    49878.4948  EEL     =  -291812.6244  HBOND      =        0.0000
 1-4 VDW =      686.9208  1-4 EEL =     8737.0247  RESTRAINT  =        8.6654
 EAMBER  =  -191659.6814


   NSTEP       ENERGY          RMS            GMAX         NAME    NUMBER
    600      -1.9166E+05     1.4850E-01     1.5337E+01     CE3       679

 BOND    =    39527.5660  ANGLE   =      368.1824  DIHED      =      957.2049
 VDWAALS =    49879.3816  EEL     =  -291820.6549  HBOND      =        0.0000
 1-4 VDW =      685.7924  1-4 EEL =     8734.1233  RESTRAINT  =        9.1035
 EAMBER  =  -191668.4044


   NSTEP       ENERGY          RMS            GMAX         NAME    NUMBER
    650      -1.9167E+05     6.7028E-02     5.1932E+00     CD       3079

 BOND    =    39528.2686  ANGLE   =      368.9372  DIHED      =      957.2463
 VDWAALS =    49880.2050  EEL     =  -291828.0807  HBOND      =        0.0000
 1-4 VDW =      684.7907  1-4 EEL =     8731.5836  RESTRAINT  =        9.5120
 EAMBER  =  -191677.0494


   NSTEP       ENERGY          RMS            GMAX         NAME    NUMBER
    700      -1.9167E+05     3.8641E-02     2.0352E+00     HG1      1344

 BOND    =    39529.1359  ANGLE   =      369.8237  DIHED      =      957.3108
 VDWAALS =    49881.0101  EEL     =  -291835.1122  HBOND      =        0.0000
 1-4 VDW =      683.8771  1-4 EEL =     8729.2548  RESTRAINT  =        9.8960
 EAMBER  =  -191684.6998


   NSTEP       ENERGY          RMS            GMAX         NAME    NUMBER
    750      -1.9168E+05     3.9158E-02     1.8697E+00     HG1      1344

 BOND    =    39529.9757  ANGLE   =      370.6331  DIHED      =      957.3940
 VDWAALS =    49881.8048  EEL     =  -291841.7291  HBOND      =        0.0000
 1-4 VDW =      683.0371  1-4 EEL =     8727.0782  RESTRAINT  =       10.2681
 EAMBER  =  -191691.8061


   NSTEP       ENERGY          RMS            GMAX         NAME    NUMBER
    800      -1.9169E+05     1.2884E-01     1.7478E+01     CD       3079

 BOND    =    39530.7628  ANGLE   =      371.5247  DIHED      =      957.5063
 VDWAALS =    49882.7135  EEL     =  -291847.9882  HBOND      =        0.0000
 1-4 VDW =      682.2412  1-4 EEL =     8724.9233  RESTRAINT  =       10.6415
 EAMBER  =  -191698.3165


   NSTEP       ENERGY          RMS            GMAX         NAME    NUMBER
    850      -1.9169E+05     3.5916E-02     1.4504E+00     OE1      2438

 BOND    =    39531.4968  ANGLE   =      372.1358  DIHED      =      957.6160
 VDWAALS =    49883.3829  EEL     =  -291853.9223  HBOND      =        0.0000
 1-4 VDW =      681.5288  1-4 EEL =     8723.0118  RESTRAINT  =       10.9878
 EAMBER  =  -191704.7502


   NSTEP       ENERGY          RMS            GMAX         NAME    NUMBER
    900      -1.9170E+05     9.5533E-02     9.1132E+00     CD       3079

 BOND    =    39532.2641  ANGLE   =      372.8313  DIHED      =      957.7419
 VDWAALS =    49884.2298  EEL     =  -291859.6146  HBOND      =        0.0000
 1-4 VDW =      680.8367  1-4 EEL =     8721.0250  RESTRAINT  =       11.3452
 EAMBER  =  -191710.6858


   NSTEP       ENERGY          RMS            GMAX         NAME    NUMBER
    950      -1.9170E+05     4.0806E-02     1.8203E+00     CD1      1402

 BOND    =    39532.7788  ANGLE   =      373.6101  DIHED      =      957.8451
 VDWAALS =    49884.8995  EEL     =  -291864.9164  HBOND      =        0.0000
 1-4 VDW =      680.1965  1-4 EEL =     8719.0596  RESTRAINT  =       11.6905
 EAMBER  =  -191716.5267


   NSTEP       ENERGY          RMS            GMAX         NAME    NUMBER
   1000      -1.9171E+05     8.6179E-02     1.4116E+01     CD       3079

 BOND    =    39533.2360  ANGLE   =      374.3112  DIHED      =      957.9318
 VDWAALS =    49885.7462  EEL     =  -291869.7044  HBOND      =        0.0000
 1-4 VDW =      679.6073  1-4 EEL =     8717.1171  RESTRAINT  =       12.0305
 EAMBER  =  -191721.7547


   NSTEP       ENERGY          RMS            GMAX         NAME    NUMBER
   1050      -1.9171E+05     3.4177E-02     1.5443E+00     HG       1987

 BOND    =    39533.9043  ANGLE   =      374.8484  DIHED      =      958.0068
 VDWAALS =    49886.4552  EEL     =  -291874.4257  HBOND      =        0.0000
 1-4 VDW =      679.0442  1-4 EEL =     8715.2209  RESTRAINT  =       12.3652
 EAMBER  =  -191726.9459


   NSTEP       ENERGY          RMS            GMAX         NAME    NUMBER
   1100      -1.9172E+05     7.0101E-02     9.9570E+00     CD       3079

 BOND    =    39534.3577  ANGLE   =      375.4171  DIHED      =      958.1083
 VDWAALS =    49887.3200  EEL     =  -291878.8774  HBOND      =        0.0000
 1-4 VDW =      678.5174  1-4 EEL =     8713.2706  RESTRAINT  =       12.7041
 EAMBER  =  -191731.8863


   NSTEP       ENERGY          RMS            GMAX         NAME    NUMBER
   1150      -1.9172E+05     2.9751E-02     1.4295E+00     HG       1987

 BOND    =    39534.8523  ANGLE   =      376.0040  DIHED      =      958.2279
 VDWAALS =    49887.9801  EEL     =  -291883.0007  HBOND      =        0.0000
 1-4 VDW =      678.0494  1-4 EEL =     8711.4522  RESTRAINT  =       13.0163
 EAMBER  =  -191736.4348


   NSTEP       ENERGY          RMS            GMAX         NAME    NUMBER
   1200      -1.9173E+05     5.5262E-02     3.7697E+00     NE2      1479

 BOND    =    39535.3018  ANGLE   =      376.5787  DIHED      =      958.3792
 VDWAALS =    49888.7396  EEL     =  -291886.8480  HBOND      =        0.0000
 1-4 VDW =      677.5986  1-4 EEL =     8709.6258  RESTRAINT  =       13.3296
 EAMBER  =  -191740.6243


   NSTEP       ENERGY          RMS            GMAX         NAME    NUMBER
   1250      -1.9173E+05     2.5513E-02     1.2412E+00     HE22     2441

 BOND    =    39535.6817  ANGLE   =      376.9787  DIHED      =      958.5252
 VDWAALS =    49889.4039  EEL     =  -291890.3397  HBOND      =        0.0000
 1-4 VDW =      677.2107  1-4 EEL =     8708.0512  RESTRAINT  =       13.6052
 EAMBER  =  -191744.4882


   NSTEP       ENERGY          RMS            GMAX         NAME    NUMBER
   1300      -1.9173E+05     2.6099E-02     1.1727E+00     OE1      1194

 BOND    =    39536.0313  ANGLE   =      377.4308  DIHED      =      958.6597
 VDWAALS =    49890.0283  EEL     =  -291893.4470  HBOND      =        0.0000
 1-4 VDW =      676.8500  1-4 EEL =     8706.5374  RESTRAINT  =       13.8664
 EAMBER  =  -191747.9095


   NSTEP       ENERGY          RMS            GMAX         NAME    NUMBER
   1350      -1.9174E+05     8.6661E-02     6.9119E+00     H1      44565

 BOND    =    39536.4095  ANGLE   =      377.9177  DIHED      =      958.7730
 VDWAALS =    49890.7300  EEL     =  -291896.5952  HBOND      =        0.0000
 1-4 VDW =      676.4759  1-4 EEL =     8704.9386  RESTRAINT  =       14.1427
 EAMBER  =  -191751.3505


   NSTEP       ENERGY          RMS            GMAX         NAME    NUMBER
   1400      -1.9174E+05     1.1713E-01     8.4057E+00     H1      44565

 BOND    =    39536.7437  ANGLE   =      378.3844  DIHED      =      958.8306
 VDWAALS =    49891.4094  EEL     =  -291899.4771  HBOND      =        0.0000
 1-4 VDW =      676.1338  1-4 EEL =     8703.4528  RESTRAINT  =       14.3994
 EAMBER  =  -191754.5223


   NSTEP       ENERGY          RMS            GMAX         NAME    NUMBER
   1450      -1.9174E+05     2.9932E-02     1.1381E+00     HG1      2942

 BOND    =    39537.1191  ANGLE   =      378.8745  DIHED      =      958.8160
 VDWAALS =    49892.0968  EEL     =  -291902.8189  HBOND      =        0.0000
 1-4 VDW =      675.7911  1-4 EEL =     8701.9683  RESTRAINT  =       14.6586
 EAMBER  =  -191758.1531


   NSTEP       ENERGY          RMS            GMAX         NAME    NUMBER
   1500      -1.9175E+05     9.3874E-02     3.7180E+00     H2      41662

 BOND    =    39537.4663  ANGLE   =      379.3513  DIHED      =      958.7120
 VDWAALS =    49892.8157  EEL     =  -291905.5462  HBOND      =        0.0000
 1-4 VDW =      675.4668  1-4 EEL =     8700.5536  RESTRAINT  =       14.9124
 EAMBER  =  -191761.1806


   NSTEP       ENERGY          RMS            GMAX         NAME    NUMBER
   1550      -1.9175E+05     3.1729E-02     1.3987E+00     HG1      2942

 BOND    =    39537.8183  ANGLE   =      379.8054  DIHED      =      958.5351
 VDWAALS =    49893.5087  EEL     =  -291908.4889  HBOND      =        0.0000
 1-4 VDW =      675.1715  1-4 EEL =     8699.2371  RESTRAINT  =       15.1497
 EAMBER  =  -191764.4128


   NSTEP       ENERGY          RMS            GMAX         NAME    NUMBER
   1600      -1.9175E+05     2.2254E-02     1.3937E+00     HG1      2942

 BOND    =    39537.9700  ANGLE   =      380.2198  DIHED      =      958.3171
 VDWAALS =    49894.1198  EEL     =  -291910.9444  HBOND      =        0.0000
 1-4 VDW =      674.9003  1-4 EEL =     8698.0183  RESTRAINT  =       15.3786
 EAMBER  =  -191767.3992


   NSTEP       ENERGY          RMS            GMAX         NAME    NUMBER
   1650      -1.9175E+05     4.4582E-02     2.6587E+00     CE3       679

 BOND    =    39538.6876  ANGLE   =      380.6437  DIHED      =      958.0978
 VDWAALS =    49894.7228  EEL     =  -291913.8577  HBOND      =        0.0000
 1-4 VDW =      674.6402  1-4 EEL =     8696.8249  RESTRAINT  =       15.6036
 EAMBER  =  -191770.2405


   NSTEP       ENERGY          RMS            GMAX         NAME    NUMBER
   1700      -1.9176E+05     7.5404E-02     1.1983E+01     C        1878

 BOND    =    39538.8310  ANGLE   =      380.9905  DIHED      =      957.9152
 VDWAALS =    49895.2085  EEL     =  -291915.8552  HBOND      =        0.0000
 1-4 VDW =      674.4190  1-4 EEL =     8695.6596  RESTRAINT  =       15.8130
 EAMBER  =  -191772.8314


   NSTEP       ENERGY          RMS            GMAX         NAME    NUMBER
   1750      -1.9176E+05     2.0729E-02     1.0412E+00     HG1      2942

 BOND    =    39538.7528  ANGLE   =      381.3253  DIHED      =      957.7850
 VDWAALS =    49895.7794  EEL     =  -291917.8907  HBOND      =        0.0000
 1-4 VDW =      674.2187  1-4 EEL =     8694.7459  RESTRAINT  =       15.9952
 EAMBER  =  -191775.2837


   NSTEP       ENERGY          RMS            GMAX         NAME    NUMBER
   1800      -1.9176E+05     2.0712E-02     1.0345E+00     HG1      2942

 BOND    =    39538.7646  ANGLE   =      381.3425  DIHED      =      957.7794
 VDWAALS =    49895.8033  EEL     =  -291917.9941  HBOND      =        0.0000
 1-4 VDW =      674.2087  1-4 EEL =     8694.6955  RESTRAINT  =       16.0046
 EAMBER  =  -191775.4001


   NSTEP       ENERGY          RMS            GMAX         NAME    NUMBER
   1850      -1.9176E+05     2.0712E-02     1.0344E+00     HG1      2942

 BOND    =    39538.7647  ANGLE   =      381.3428  DIHED      =      957.7791
 VDWAALS =    49895.8039  EEL     =  -291917.9781  HBOND      =        0.0000
 1-4 VDW =      674.2086  1-4 EEL =     8694.6948  RESTRAINT  =       16.0048
 EAMBER  =  -191775.3842


   NSTEP       ENERGY          RMS            GMAX         NAME    NUMBER
   1900      -1.9176E+05     2.0712E-02     1.0343E+00     HG1      2942

 BOND    =    39538.7648  ANGLE   =      381.3430  DIHED      =      957.7790
 VDWAALS =    49895.8044  EEL     =  -291917.9653  HBOND      =        0.0000
 1-4 VDW =      674.2085  1-4 EEL =     8694.6941  RESTRAINT  =       16.0049
 EAMBER  =  -191775.3715


   NSTEP       ENERGY          RMS            GMAX         NAME    NUMBER
   1950      -1.9176E+05     2.0712E-02     1.0342E+00     HG1      2942

 BOND    =    39538.7649  ANGLE   =      381.3433  DIHED      =      957.7789
 VDWAALS =    49895.8045  EEL     =  -291917.9811  HBOND      =        0.0000
 1-4 VDW =      674.2083  1-4 EEL =     8694.6933  RESTRAINT  =       16.0050
 EAMBER  =  -191775.3879


   NSTEP       ENERGY          RMS            GMAX         NAME    NUMBER
   2000      -1.9176E+05     2.0711E-02     1.0341E+00     HG1      2942

 BOND    =    39538.7651  ANGLE   =      381.3435  DIHED      =      957.7789
 VDWAALS =    49895.8053  EEL     =  -291917.9772  HBOND      =        0.0000
 1-4 VDW =      674.2081  1-4 EEL =     8694.6926  RESTRAINT  =       16.0052
 EAMBER  =  -191775.3837


   NSTEP       ENERGY          RMS            GMAX         NAME    NUMBER
   2050      -1.9178E+05     5.9578E-02     4.0602E+00     O        3115

 BOND    =    39542.7561  ANGLE   =      386.1316  DIHED      =      958.5429
 VDWAALS =    49905.2608  EEL     =  -291948.6193  HBOND      =        0.0000
 1-4 VDW =      671.2939  1-4 EEL =     8681.2742  RESTRAINT  =       18.8475
 EAMBER  =  -191803.3598


   NSTEP       ENERGY          RMS            GMAX         NAME    NUMBER
   2100      -1.9180E+05     3.7687E-02     5.4949E+00     OG1      2941

 BOND    =    39543.0366  ANGLE   =      388.5531  DIHED      =      958.7380
 VDWAALS =    49906.8217  EEL     =  -291960.6175  HBOND      =        0.0000
 1-4 VDW =      671.1657  1-4 EEL =     8677.5740  RESTRAINT  =       19.6390
 EAMBER  =  -191814.7283


   NSTEP       ENERGY          RMS            GMAX         NAME    NUMBER
   2150      -1.9180E+05     1.7777E-02     1.5400E+00     HZ3       286

 BOND    =    39543.4770  ANGLE   =      389.7566  DIHED      =      958.8581
 VDWAALS =    49906.7532  EEL     =  -291963.8701  HBOND      =        0.0000
 1-4 VDW =      670.7233  1-4 EEL =     8675.4108  RESTRAINT  =       20.0855
 EAMBER  =  -191818.8910


   NSTEP       ENERGY          RMS            GMAX         NAME    NUMBER
   2200      -1.9180E+05     2.1814E-02     3.4258E+00     OG1      2941

 BOND    =    39543.6390  ANGLE   =      389.9943  DIHED      =      959.0482
 VDWAALS =    49907.0747  EEL     =  -291965.5988  HBOND      =        0.0000
 1-4 VDW =      670.5552  1-4 EEL =     8674.7425  RESTRAINT  =       20.2530
 EAMBER  =  -191820.5449


   NSTEP       ENERGY          RMS            GMAX         NAME    NUMBER
   2250      -1.9181E+05     4.2437E-02     6.5069E+00     CG       2107

 BOND    =    39544.2328  ANGLE   =      391.6984  DIHED      =      960.0224
 VDWAALS =    49908.4182  EEL     =  -291973.2586  HBOND      =        0.0000
 1-4 VDW =      669.9130  1-4 EEL =     8671.5001  RESTRAINT  =       20.9654
 EAMBER  =  -191827.4736


   NSTEP       ENERGY          RMS            GMAX         NAME    NUMBER
   2300      -1.9181E+05     1.3072E-01     1.3726E+01     OE1      1194

 BOND    =    39546.4667  ANGLE   =      392.5289  DIHED      =      961.3733
 VDWAALS =    49911.7312  EEL     =  -291985.4432  HBOND      =        0.0000
 1-4 VDW =      669.4380  1-4 EEL =     8668.2623  RESTRAINT  =       22.0174
 EAMBER  =  -191835.6427


   NSTEP       ENERGY          RMS            GMAX         NAME    NUMBER
   2350      -1.9182E+05     1.2884E-01     1.7595E+01     CD       3079

 BOND    =    39547.2526  ANGLE   =      394.3917  DIHED      =      961.1194
 VDWAALS =    49913.6325  EEL     =  -291994.9535  HBOND      =        0.0000
 1-4 VDW =      669.3292  1-4 EEL =     8666.8568  RESTRAINT  =       22.0414
 EAMBER  =  -191842.3713


   NSTEP       ENERGY          RMS            GMAX         NAME    NUMBER
   2400      -1.9183E+05     3.7587E-02     2.6401E+00     CD       1193

 BOND    =    39548.5453  ANGLE   =      392.9676  DIHED      =      961.6233
 VDWAALS =    49918.4003  EEL     =  -292005.2129  HBOND      =        0.0000
 1-4 VDW =      668.9668  1-4 EEL =     8667.7524  RESTRAINT  =       21.8916
 EAMBER  =  -191846.9572


   NSTEP       ENERGY          RMS            GMAX         NAME    NUMBER
   2450      -1.9183E+05     1.1571E-02     6.1837E-01     HG1      1007

 BOND    =    39549.1594  ANGLE   =      393.9918  DIHED      =      961.7353
 VDWAALS =    49918.9046  EEL     =  -292008.6343  HBOND      =        0.0000
 1-4 VDW =      668.9462  1-4 EEL =     8666.4143  RESTRAINT  =       22.0475
 EAMBER  =  -191849.4827


   NSTEP       ENERGY          RMS            GMAX         NAME    NUMBER
   2500      -1.9183E+05     4.1880E-02     2.7215E+00     HG1      1007

 BOND    =    39550.3346  ANGLE   =      395.6899  DIHED      =      962.4127
 VDWAALS =    49921.0100  EEL     =  -292017.9853  HBOND      =        0.0000
 1-4 VDW =      668.4864  1-4 EEL =     8664.4616  RESTRAINT  =       22.7152
 EAMBER  =  -191855.5900


   NSTEP       ENERGY          RMS            GMAX         NAME    NUMBER
   2550      -1.9184E+05     3.4355E-02     4.0811E+00     CD       1193

 BOND    =    39550.9744  ANGLE   =      396.2428  DIHED      =      961.8656
 VDWAALS =    49921.5586  EEL     =  -292021.3457  HBOND      =        0.0000
 1-4 VDW =      668.3214  1-4 EEL =     8664.0887  RESTRAINT  =       22.8975
 EAMBER  =  -191858.2942


   NSTEP       ENERGY          RMS            GMAX         NAME    NUMBER
   2600      -1.9184E+05     5.4793E-02     3.8102E+00     CB       1000

 BOND    =    39551.5240  ANGLE   =      396.4483  DIHED      =      961.7750
 VDWAALS =    49923.4484  EEL     =  -292026.1805  HBOND      =        0.0000
 1-4 VDW =      668.2054  1-4 EEL =     8664.2125  RESTRAINT  =       23.1367
 EAMBER  =  -191860.5669


   NSTEP       ENERGY          RMS            GMAX         NAME    NUMBER
   2650      -1.9184E+05     1.7822E-02     1.6561E+00     CD       3079

 BOND    =    39551.6473  ANGLE   =      396.9757  DIHED      =      961.6179
 VDWAALS =    49923.3492  EEL     =  -292027.7682  HBOND      =        0.0000
 1-4 VDW =      668.2409  1-4 EEL =     8663.8329  RESTRAINT  =       23.2503
 EAMBER  =  -191862.1044


   NSTEP       ENERGY          RMS            GMAX         NAME    NUMBER
   2700      -1.9184E+05     2.1346E-02     1.4388E+00     HA       1186

 BOND    =    39552.0700  ANGLE   =      397.6784  DIHED      =      961.9170
 VDWAALS =    49924.9304  EEL     =  -292032.2591  HBOND      =        0.0000
 1-4 VDW =      668.0380  1-4 EEL =     8663.1084  RESTRAINT  =       23.5408
 EAMBER  =  -191864.5169


   NSTEP       ENERGY          RMS            GMAX         NAME    NUMBER
   2750      -1.9184E+05     2.4714E-02     1.0381E+00     HG23     1005

 BOND    =    39552.0285  ANGLE   =      398.0355  DIHED      =      961.9541
 VDWAALS =    49925.6511  EEL     =  -292035.0748  HBOND      =        0.0000
 1-4 VDW =      667.9309  1-4 EEL =     8663.6872  RESTRAINT  =       23.6960
 EAMBER  =  -191865.7874


   NSTEP       ENERGY          RMS            GMAX         NAME    NUMBER
   2800      -1.9184E+05     3.2092E-02     3.2037E+00     C        1878

 BOND    =    39552.5621  ANGLE   =      398.5597  DIHED      =      962.1965
 VDWAALS =    49926.7043  EEL     =  -292038.5572  HBOND      =        0.0000
 1-4 VDW =      667.7207  1-4 EEL =     8662.9734  RESTRAINT  =       23.9362
 EAMBER  =  -191867.8405


   NSTEP       ENERGY          RMS            GMAX         NAME    NUMBER
   2850      -1.9185E+05     1.7818E-02     1.5139E+00     C        3252

 BOND    =    39553.3273  ANGLE   =      398.9469  DIHED      =      962.3597
 VDWAALS =    49927.3137  EEL     =  -292041.1165  HBOND      =        0.0000
 1-4 VDW =      667.5691  1-4 EEL =     8662.3115  RESTRAINT  =       24.1123
 EAMBER  =  -191869.2883


   NSTEP       ENERGY          RMS            GMAX         NAME    NUMBER
   2900      -1.9185E+05     1.2409E-02     7.7069E-01     HE21     3051

 BOND    =    39553.5553  ANGLE   =      399.2461  DIHED      =      962.5605
 VDWAALS =    49927.9754  EEL     =  -292043.4684  HBOND      =        0.0000
 1-4 VDW =      667.4547  1-4 EEL =     8662.1571  RESTRAINT  =       24.2718
 EAMBER  =  -191870.5194


   NSTEP       ENERGY          RMS            GMAX         NAME    NUMBER
   2950      -1.9185E+05     1.5597E-02     7.7536E-01     C        3252

 BOND    =    39553.5887  ANGLE   =      399.3457  DIHED      =      962.6342
 VDWAALS =    49928.1284  EEL     =  -292043.9340  HBOND      =        0.0000
 1-4 VDW =      667.4365  1-4 EEL =     8662.0362  RESTRAINT  =       24.3045
 EAMBER  =  -191870.7644


   NSTEP       ENERGY          RMS            GMAX         NAME    NUMBER
   3000      -1.9185E+05     1.7494E-02     1.5413E+00     C        1878

 BOND    =    39554.0788  ANGLE   =      399.5134  DIHED      =      962.7343
 VDWAALS =    49928.8090  EEL     =  -292045.6446  HBOND      =        0.0000
 1-4 VDW =      667.3004  1-4 EEL =     8661.5793  RESTRAINT  =       24.4297
 EAMBER  =  -191871.6293


   NSTEP       ENERGY          RMS            GMAX         NAME    NUMBER
   3050      -1.9185E+05     1.3639E-02     6.2318E-01     O       22056

 BOND    =    39554.0814  ANGLE   =      399.6951  DIHED      =      962.9152
 VDWAALS =    49929.3903  EEL     =  -292047.0638  HBOND      =        0.0000
 1-4 VDW =      667.2110  1-4 EEL =     8661.4033  RESTRAINT  =       24.5471
 EAMBER  =  -191872.3674


   NSTEP       ENERGY          RMS            GMAX         NAME    NUMBER
   3100      -1.9185E+05     8.2899E-03     4.4322E-01     HA       1186

 BOND    =    39554.4784  ANGLE   =      400.1035  DIHED      =      963.2214
 VDWAALS =    49930.7429  EEL     =  -292050.1341  HBOND      =        0.0000
 1-4 VDW =      667.0155  1-4 EEL =     8660.8621  RESTRAINT  =       24.7761
 EAMBER  =  -191873.7103


   NSTEP       ENERGY          RMS            GMAX         NAME    NUMBER
   3150      -1.9185E+05     8.0534E-03     1.3473E+00     CG       2257

 BOND    =    39554.5195  ANGLE   =      400.1610  DIHED      =      963.2621
 VDWAALS =    49930.9501  EEL     =  -292050.6182  HBOND      =        0.0000
 1-4 VDW =      667.0001  1-4 EEL =     8660.7512  RESTRAINT  =       24.8136
 EAMBER  =  -191873.9743


   NSTEP       ENERGY          RMS            GMAX         NAME    NUMBER
   3200      -1.9185E+05     6.5014E-03     3.3420E-01     OG        390

 BOND    =    39555.3295  ANGLE   =      401.1555  DIHED      =      963.9451
 VDWAALS =    49933.6911  EEL     =  -292056.8965  HBOND      =        0.0000
 1-4 VDW =      666.4418  1-4 EEL =     8659.2485  RESTRAINT  =       25.4545
 EAMBER  =  -191877.0851


   NSTEP       ENERGY          RMS            GMAX         NAME    NUMBER
   3250      -1.9185E+05     7.4359E-03     3.4124E-01     HA       1186

 BOND    =    39555.4768  ANGLE   =      401.1622  DIHED      =      963.8254
 VDWAALS =    49933.7056  EEL     =  -292057.2086  HBOND      =        0.0000
 1-4 VDW =      666.4294  1-4 EEL =     8659.1384  RESTRAINT  =       25.4722
 EAMBER  =  -191877.4709


   NSTEP       ENERGY          RMS            GMAX         NAME    NUMBER
   3300      -1.9185E+05     7.7974E-03     6.7790E-01     CA        736

 BOND    =    39555.5948  ANGLE   =      401.2488  DIHED      =      963.8046
 VDWAALS =    49933.6121  EEL     =  -292057.5197  HBOND      =        0.0000
 1-4 VDW =      666.3581  1-4 EEL =     8659.0411  RESTRAINT  =       25.5263
 EAMBER  =  -191877.8601


   NSTEP       ENERGY          RMS            GMAX         NAME    NUMBER
   3350      -1.9185E+05     7.3223E-03     6.0724E-01     CA        736

 BOND    =    39555.5808  ANGLE   =      401.2493  DIHED      =      963.8048
 VDWAALS =    49933.6117  EEL     =  -292057.5050  HBOND      =        0.0000
 1-4 VDW =      666.3584  1-4 EEL =     8659.0391  RESTRAINT  =       25.5263
 EAMBER  =  -191877.8608


   NSTEP       ENERGY          RMS            GMAX         NAME    NUMBER
   3400      -1.9185E+05     2.1658E-02     2.5226E+00     N        2678

 BOND    =    39555.6374  ANGLE   =      401.3525  DIHED      =      963.8151
 VDWAALS =    49933.5737  EEL     =  -292057.7088  HBOND      =        0.0000
 1-4 VDW =      666.3221  1-4 EEL =     8658.7744  RESTRAINT  =       25.5762
 EAMBER  =  -191878.2336


   NSTEP       ENERGY          RMS            GMAX         NAME    NUMBER
   3450      -1.9185E+05     6.1321E-03     2.6396E-01     HE21     2457

 BOND    =    39555.5391  ANGLE   =      401.3513  DIHED      =      963.8047
 VDWAALS =    49933.5931  EEL     =  -292057.6140  HBOND      =        0.0000
 1-4 VDW =      666.3065  1-4 EEL =     8658.7557  RESTRAINT  =       25.5794
 EAMBER  =  -191878.2636


   NSTEP       ENERGY          RMS            GMAX         NAME    NUMBER
   3500      -1.9185E+05     6.7541E-03     2.6447E-01     HE21     2457

 BOND    =    39555.5343  ANGLE   =      401.3585  DIHED      =      963.8042
 VDWAALS =    49933.5925  EEL     =  -292057.6121  HBOND      =        0.0000
 1-4 VDW =      666.3059  1-4 EEL =     8658.7562  RESTRAINT  =       25.5801
 EAMBER  =  -191878.2606


   NSTEP       ENERGY          RMS            GMAX         NAME    NUMBER
   3550      -1.9186E+05     1.9753E-02     2.3741E+00     CD       2260

 BOND    =    39556.9995  ANGLE   =      403.5246  DIHED      =      964.1663
 VDWAALS =    49934.5413  EEL     =  -292065.5246  HBOND      =        0.0000
 1-4 VDW =      664.9364  1-4 EEL =     8656.2693  RESTRAINT  =       26.6774
 EAMBER  =  -191885.0872


   NSTEP       ENERGY          RMS            GMAX         NAME    NUMBER
   3600      -1.9186E+05     5.8726E-03     4.5575E-01     CB       2254

 BOND    =    39556.9107  ANGLE   =      403.3295  DIHED      =      964.1842
 VDWAALS =    49934.8861  EEL     =  -292066.2115  HBOND      =        0.0000
 1-4 VDW =      664.9999  1-4 EEL =     8656.4844  RESTRAINT  =       26.6557
 EAMBER  =  -191885.4167


   NSTEP       ENERGY          RMS            GMAX         NAME    NUMBER
   3650      -1.9186E+05     5.2231E-03     2.1790E-01     HG        391

 BOND    =    39556.9669  ANGLE   =      403.3294  DIHED      =      964.1834
 VDWAALS =    49934.9157  EEL     =  -292066.3203  HBOND      =        0.0000
 1-4 VDW =      664.9892  1-4 EEL =     8656.5078  RESTRAINT  =       26.6579
 EAMBER  =  -191885.4279


   NSTEP       ENERGY          RMS            GMAX         NAME    NUMBER
   3700      -1.9186E+05     1.0548E-02     9.5816E-01     CA       1243

 BOND    =    39557.5722  ANGLE   =      403.4495  DIHED      =      964.2296
 VDWAALS =    49936.4861  EEL     =  -292069.9530  HBOND      =        0.0000
 1-4 VDW =      664.8516  1-4 EEL =     8656.6237  RESTRAINT  =       26.8344
 EAMBER  =  -191886.7403


   NSTEP       ENERGY          RMS            GMAX         NAME    NUMBER
   3750      -1.9186E+05     2.0654E-02     1.2939E+00     CA       2680

 BOND    =    39557.2432  ANGLE   =      403.3302  DIHED      =      964.2361
 VDWAALS =    49936.1620  EEL     =  -292069.4257  HBOND      =        0.0000
 1-4 VDW =      665.1099  1-4 EEL =     8656.4903  RESTRAINT  =       26.8084
 EAMBER  =  -191886.8540


   NSTEP       ENERGY          RMS            GMAX         NAME    NUMBER
   3800      -1.9186E+05     5.0475E-03     3.1539E-01     H2      27022

 BOND    =    39557.3877  ANGLE   =      403.4015  DIHED      =      964.2733
 VDWAALS =    49936.1048  EEL     =  -292069.7152  HBOND      =        0.0000
 1-4 VDW =      664.8613  1-4 EEL =     8656.5833  RESTRAINT  =       26.8402
 EAMBER  =  -191887.1033


   NSTEP       ENERGY          RMS            GMAX         NAME    NUMBER
   3850      -1.9186E+05     5.3832E-03     3.9789E-01     H2      27022

 BOND    =    39557.3605  ANGLE   =      403.4104  DIHED      =      964.3090
 VDWAALS =    49936.0887  EEL     =  -292069.6747  HBOND      =        0.0000
 1-4 VDW =      664.8766  1-4 EEL =     8656.4472  RESTRAINT  =       26.8516
 EAMBER  =  -191887.1822


   NSTEP       ENERGY          RMS            GMAX         NAME    NUMBER
   3900      -1.9186E+05     4.4330E-03     3.6967E-01     H2      27022

 BOND    =    39557.3732  ANGLE   =      403.4139  DIHED      =      964.3056
 VDWAALS =    49936.0776  EEL     =  -292069.6862  HBOND      =        0.0000
 1-4 VDW =      664.8763  1-4 EEL =     8656.4551  RESTRAINT  =       26.8523
 EAMBER  =  -191887.1846

     .... RESTARTED DUE TO LINMIN FAILURE ...


   NSTEP       ENERGY          RMS            GMAX         NAME    NUMBER
   3950      -1.9186E+05     4.2582E-03     2.3518E-01     HZ3       909

 BOND    =    39557.5512  ANGLE   =      403.5645  DIHED      =      964.5599
 VDWAALS =    49935.4785  EEL     =  -292070.3916  HBOND      =        0.0000
 1-4 VDW =      664.7187  1-4 EEL =     8656.4250  RESTRAINT  =       26.9690
 EAMBER  =  -191888.0939


   NSTEP       ENERGY          RMS            GMAX         NAME    NUMBER
   4000      -1.9186E+05     4.6431E-02     4.0715E+00     N        1779

 BOND    =    39557.5705  ANGLE   =      403.7203  DIHED      =      964.6649
 VDWAALS =    49935.4654  EEL     =  -292070.7944  HBOND      =        0.0000
 1-4 VDW =      664.6389  1-4 EEL =     8656.3651  RESTRAINT  =       27.0215
 EAMBER  =  -191888.3694


   NSTEP       ENERGY          RMS            GMAX         NAME    NUMBER
   4050      -1.9186E+05     2.6534E-02     2.3440E+00     CA       1781

 BOND    =    39557.6746  ANGLE   =      403.6370  DIHED      =      964.6672
 VDWAALS =    49935.4914  EEL     =  -292071.0051  HBOND      =        0.0000
 1-4 VDW =      664.6599  1-4 EEL =     8656.4582  RESTRAINT  =       27.0195
 EAMBER  =  -191888.4168


   NSTEP       ENERGY          RMS            GMAX         NAME    NUMBER
   4100      -1.9186E+05     4.5911E-03     2.4779E-01     HZ3       909

 BOND    =    39557.6158  ANGLE   =      403.6507  DIHED      =      964.6672
 VDWAALS =    49935.4764  EEL     =  -292070.9886  HBOND      =        0.0000
 1-4 VDW =      664.6628  1-4 EEL =     8656.4388  RESTRAINT  =       27.0199
 EAMBER  =  -191888.4770


   NSTEP       ENERGY          RMS            GMAX         NAME    NUMBER
   4150      -1.9186E+05     4.2435E-03     2.6846E-01     HZ1       907

 BOND    =    39557.6355  ANGLE   =      403.6618  DIHED      =      964.6705
 VDWAALS =    49935.4994  EEL     =  -292070.9900  HBOND      =        0.0000
 1-4 VDW =      664.6631  1-4 EEL =     8656.3899  RESTRAINT  =       27.0219
 EAMBER  =  -191888.4698


   NSTEP       ENERGY          RMS            GMAX         NAME    NUMBER
   4200      -1.9186E+05     5.5290E-03     7.1633E-01     C        2690

 BOND    =    39557.6102  ANGLE   =      403.6707  DIHED      =      964.6767
 VDWAALS =    49935.4969  EEL     =  -292071.0192  HBOND      =        0.0000
 1-4 VDW =      664.6722  1-4 EEL =     8656.3832  RESTRAINT  =       27.0254
 EAMBER  =  -191888.5093


   NSTEP       ENERGY          RMS            GMAX         NAME    NUMBER
   4250      -1.9186E+05     3.3396E-03     2.1726E-01     HZ1       907

 BOND    =    39557.6363  ANGLE   =      403.6643  DIHED      =      964.6793
 VDWAALS =    49935.4991  EEL     =  -292071.0587  HBOND      =        0.0000
 1-4 VDW =      664.6731  1-4 EEL =     8656.3923  RESTRAINT  =       27.0260
 EAMBER  =  -191888.5142


   NSTEP       ENERGY          RMS            GMAX         NAME    NUMBER
   4300      -1.9186E+05     5.0266E-03     1.5223E-01     HB2       388

 BOND    =    39558.0041  ANGLE   =      404.1972  DIHED      =      965.2986
 VDWAALS =    49935.0095  EEL     =  -292073.4327  HBOND      =        0.0000
 1-4 VDW =      664.4372  1-4 EEL =     8656.1182  RESTRAINT  =       27.3148
 EAMBER  =  -191890.3680


   NSTEP       ENERGY          RMS            GMAX         NAME    NUMBER
   4350      -1.9186E+05     7.6247E-03     5.7634E-01     C        1878

 BOND    =    39558.1522  ANGLE   =      404.2001  DIHED      =      965.3055
 VDWAALS =    49935.0135  EEL     =  -292073.6020  HBOND      =        0.0000
 1-4 VDW =      664.4316  1-4 EEL =     8656.1211  RESTRAINT  =       27.3150
 EAMBER  =  -191890.3780


   NSTEP       ENERGY          RMS            GMAX         NAME    NUMBER
   4400      -1.9186E+05     4.3274E-03     2.7784E-01     H2      25386

 BOND    =    39558.0764  ANGLE   =      404.2258  DIHED      =      965.3473
 VDWAALS =    49935.0639  EEL     =  -292073.6150  HBOND      =        0.0000
 1-4 VDW =      664.4005  1-4 EEL =     8656.0711  RESTRAINT  =       27.3315
 EAMBER  =  -191890.4300


   NSTEP       ENERGY          RMS            GMAX         NAME    NUMBER
   4450      -1.9186E+05     3.0841E-03     1.1863E-01     HD2       901

 BOND    =    39558.0744  ANGLE   =      404.2259  DIHED      =      965.3486
 VDWAALS =    49935.0613  EEL     =  -292073.6120  HBOND      =        0.0000
 1-4 VDW =      664.4031  1-4 EEL =     8656.0690  RESTRAINT  =       27.3319
 EAMBER  =  -191890.4297


   NSTEP       ENERGY          RMS            GMAX         NAME    NUMBER
   4500      -1.9186E+05     3.3605E-03     2.9701E-01     C        2690

 BOND    =    39558.0935  ANGLE   =      404.2689  DIHED      =      965.4143
 VDWAALS =    49935.0532  EEL     =  -292073.8140  HBOND      =        0.0000
 1-4 VDW =      664.3861  1-4 EEL =     8656.0090  RESTRAINT  =       27.3619
 EAMBER  =  -191890.5889


   NSTEP       ENERGY          RMS            GMAX         NAME    NUMBER
   4550      -1.9186E+05     8.8539E-03     5.9190E-01     H1      34753

 BOND    =    39558.0649  ANGLE   =      404.2730  DIHED      =      965.4267
 VDWAALS =    49935.0408  EEL     =  -292073.7786  HBOND      =        0.0000
 1-4 VDW =      664.3858  1-4 EEL =     8655.9919  RESTRAINT  =       27.3631
 EAMBER  =  -191890.5955


   NSTEP       ENERGY          RMS            GMAX         NAME    NUMBER
   4600      -1.9186E+05     6.2948E-03     3.7954E-01     H1      34753

 BOND    =    39558.0804  ANGLE   =      404.2711  DIHED      =      965.4210
 VDWAALS =    49935.0326  EEL     =  -292073.8000  HBOND      =        0.0000
 1-4 VDW =      664.3838  1-4 EEL =     8655.9984  RESTRAINT  =       27.3636
 EAMBER  =  -191890.6128

     .... RESTARTED DUE TO LINMIN FAILURE ...


   NSTEP       ENERGY          RMS            GMAX         NAME    NUMBER
   4650      -1.9186E+05     4.7501E-03     2.5841E-01     H1      34753

 BOND    =    39558.0843  ANGLE   =      404.2714  DIHED      =      965.4212
 VDWAALS =    49935.0333  EEL     =  -292073.8006  HBOND      =        0.0000
 1-4 VDW =      664.3837  1-4 EEL =     8655.9992  RESTRAINT  =       27.3636
 EAMBER  =  -191890.6075


   NSTEP       ENERGY          RMS            GMAX         NAME    NUMBER
   4700      -1.9186E+05     4.3206E-03     2.2333E-01     H1      34753

 BOND    =    39558.1020  ANGLE   =      404.2730  DIHED      =      965.4222
 VDWAALS =    49935.0388  EEL     =  -292073.8235  HBOND      =        0.0000
 1-4 VDW =      664.3834  1-4 EEL =     8656.0014  RESTRAINT  =       27.3639
 EAMBER  =  -191890.6027


   NSTEP       ENERGY          RMS            GMAX         NAME    NUMBER
   4750      -1.9186E+05     3.6844E-03     1.6407E-01     H1      34753

 BOND    =    39558.0997  ANGLE   =      404.2730  DIHED      =      965.4223
 VDWAALS =    49935.0373  EEL     =  -292073.8129  HBOND      =        0.0000
 1-4 VDW =      664.3835  1-4 EEL =     8656.0010  RESTRAINT  =       27.3639
 EAMBER  =  -191890.5962


   NSTEP       ENERGY          RMS            GMAX         NAME    NUMBER
   4800      -1.9186E+05     2.8990E-03     1.0600E-01     HD21      744

 BOND    =    39558.0957  ANGLE   =      404.2729  DIHED      =      965.4225
 VDWAALS =    49935.0366  EEL     =  -292073.8092  HBOND      =        0.0000
 1-4 VDW =      664.3834  1-4 EEL =     8656.0002  RESTRAINT  =       27.3640
 EAMBER  =  -191890.5978


   NSTEP       ENERGY          RMS            GMAX         NAME    NUMBER
   4850      -1.9186E+05     7.1140E-03     4.5322E-01     H1      34753

 BOND    =    39558.0892  ANGLE   =      404.2739  DIHED      =      965.4243
 VDWAALS =    49935.0351  EEL     =  -292073.7875  HBOND      =        0.0000
 1-4 VDW =      664.3822  1-4 EEL =     8655.9957  RESTRAINT  =       27.3653
 EAMBER  =  -191890.5870

     .... RESTARTED DUE TO LINMIN FAILURE ...


   NSTEP       ENERGY          RMS            GMAX         NAME    NUMBER
   4900      -1.9186E+05     2.7794E-03     1.0618E-01     HD21      744

 BOND    =    39558.0977  ANGLE   =      404.2764  DIHED      =      965.4270
 VDWAALS =    49935.0361  EEL     =  -292073.8145  HBOND      =        0.0000
 1-4 VDW =      664.3816  1-4 EEL =     8655.9952  RESTRAINT  =       27.3660
 EAMBER  =  -191890.6004


   NSTEP       ENERGY          RMS            GMAX         NAME    NUMBER
   4950      -1.9186E+05     5.5718E-03     3.0369E-01     CA       2680

 BOND    =    39558.5097  ANGLE   =      405.0530  DIHED      =      966.5538
 VDWAALS =    49934.6348  EEL     =  -292076.0165  HBOND      =        0.0000
 1-4 VDW =      663.9806  1-4 EEL =     8654.8461  RESTRAINT  =       27.8042
 EAMBER  =  -191892.4385


   NSTEP       ENERGY          RMS            GMAX         NAME    NUMBER
   5000      -1.9186E+05     3.7591E-03     2.3954E-01     HD21     2040

 BOND    =    39558.5552  ANGLE   =      404.9815  DIHED      =      966.5734
 VDWAALS =    49935.1719  EEL     =  -292076.7158  HBOND      =        0.0000
 1-4 VDW =      664.0693  1-4 EEL =     8654.8709  RESTRAINT  =       27.8022
 EAMBER  =  -191892.4936


   NSTEP       ENERGY          RMS            GMAX         NAME    NUMBER
   5050      -1.9186E+05     7.5004E-03     6.7060E-01     H1      35421

 BOND    =    39558.5469  ANGLE   =      404.9966  DIHED      =      966.5763
 VDWAALS =    49935.1476  EEL     =  -292076.6695  HBOND      =        0.0000
 1-4 VDW =      664.0708  1-4 EEL =     8654.8290  RESTRAINT  =       27.8045
 EAMBER  =  -191892.5024


   NSTEP       ENERGY          RMS            GMAX         NAME    NUMBER
   5100      -1.9186E+05     4.5028E-03     3.5103E-01     H1      35421

 BOND    =    39558.5498  ANGLE   =      404.9971  DIHED      =      966.5763
 VDWAALS =    49935.1499  EEL     =  -292076.6717  HBOND      =        0.0000
 1-4 VDW =      664.0706  1-4 EEL =     8654.8288  RESTRAINT  =       27.8045
 EAMBER  =  -191892.4993

     .... RESTARTED DUE TO LINMIN FAILURE ...

     .... RESTARTED DUE TO LINMIN FAILURE ...


                    FINAL RESULTS



   NSTEP       ENERGY          RMS            GMAX         NAME    NUMBER
   5139      -1.9186E+05     3.6835E-03     2.4874E-01     H1      35421

 BOND    =    39558.5509  ANGLE   =      404.9973  DIHED      =      966.5764
 VDWAALS =    49935.1501  EEL     =  -292076.6719  HBOND      =        0.0000
 1-4 VDW =      664.0705  1-4 EEL =     8654.8288  RESTRAINT  =       27.8045
 EAMBER  =  -191892.4979

     ***** REPEATED LINMIN FAILURE *****
--------------------------------------------------------------------------------
   5.  TIMINGS
--------------------------------------------------------------------------------

|  NonSetup CPU Time in Major Routines:
|
|     Routine           Sec        %
|     ------------------------------
|     Nonbond           9.68   29.02
|     Bond              0.00    0.00
|     Angle             0.00    0.00
|     Dihedral          0.00    0.00
|     Shake             0.00    0.00
|     Other            23.67   70.98
|     ------------------------------
|     Total            33.35

|  PME Nonbond Pairlist CPU Time:
|
|     Routine              Sec        %
|     ---------------------------------
|     Set Up Cit           0.00    0.00
|     Build List           0.00    0.00
|     ---------------------------------
|     Total                0.00    0.00

|  PME Direct Force CPU Time:
|
|     Routine              Sec        %
|     ---------------------------------
|     NonBonded Calc       0.00    0.00
|     Exclude Masked       0.00    0.00
|     Other                0.01    0.04
|     ---------------------------------
|     Total                0.01    0.04

|  PME Reciprocal Force CPU Time:
|
|     Routine              Sec        %
|     ---------------------------------
|     1D bspline           0.00    0.00
|     Grid Charges         0.00    0.00
|     Scalar Sum           0.00    0.00
|     Gradient Sum         0.00    0.00
|     FFT                  0.00    0.00
|     ---------------------------------
|     Total                0.00    0.00

|  Setup CPU time:            1.87 seconds
|  NonSetup CPU time:        33.35 seconds
|  Total CPU time:           35.22 seconds     0.01 hours

|  Setup wall time:           2    seconds
|  NonSetup wall time:       33    seconds
|  Total wall time:          35    seconds     0.01 hours
