
          -------------------------------------------------------
          Amber 18 PMEMD                              2018
          -------------------------------------------------------

| PMEMD implementation of SANDER, Release 18

| Run on 07/06/2021 at 21:22:24

|   Executable path: pmemd.cuda
| Working directory: /home/bozhanng/Abs_MD/HEPC3-4_Fv_straight_cm_correct_relaxed2
|          Hostname: bf21

  [-O]verwriting output

File Assignments:
|   MDIN: minall_HEPC3-4_Fv_straight_cm_correct_relaxed2.in                     
|  MDOUT: minall_HEPC3-4_Fv_straight_cm_correct_relaxed2.out                    
| INPCRD: minpro_HEPC3-4_Fv_straight_cm_correct_relaxed2.crd                    
|   PARM: HEPC3-4_Fv_straight_cm_correct_relaxed2.parm7                         
| RESTRT: minall_HEPC3-4_Fv_straight_cm_correct_relaxed2.crd                    
|   REFC: refc                                                                  
|  MDVEL: mdvel                                                                 
|   MDEN: mden                                                                  
|  MDCRD: mdcrd                                                                 
| MDINFO: mdinfo                                                                
|  MDFRC: mdfrc                                                                 


 Here is the input file:

Initial minimization                                                           
 &cntrl                                                                        
  ntx    = 1,       irest  = 0,       ntrx   = 1,      ntxo   = 1,             
  ntpr   = 50,      ntwx   = 0,       ntwv   = 0,      ntwe   = 0,             
                                                                               
  ntf    = 1,       ntb    = 1,                                                
  cut    = 8.0,     nsnb   = 10,                                               
                                                                               
  ibelly = 0,       ntr    = 0,                                                
                                                                               
  imin   = 1,                                                                  
  maxcyc = 10000,                                                              
  ncyc   = 500,                                                                
  ntmin  = 1,       dx0    = 0.1,     dxm    = 0.5,     drms   = 0.0001,       
                                                                               
  ntc    = 1,       tol    = 0.000001,                                         
                                                                               
 &end                                                                          


Note: ig = -1. Setting random seed to   311250 based on wallclock time in 
      microseconds.
| irandom = 1, using AMBER's internal random number generator (default).
| INFO:    The nsnb ctrl option does not affect nonbonded list update frequency.
|          It does affect steepest descent minimization freq if ntmin == 0
| INFO:    The dxm ctrl option is deprecated and ignored.
 
|--------------------- INFORMATION ----------------------
| GPU (CUDA) Version of PMEMD in use: NVIDIA GPU IN USE.
|                    Version 18.0.0
| 
|                      03/25/2018
| 
| Implementation by:
|                    Ross C. Walker     (SDSC)
|                    Scott Le Grand     (nVIDIA)
| 
| Version 18 performance extensions by:
|                    David Cerutti     (Rutgers)
| 
| Precision model in use:
|      [SPFP] - Single Precision Forces, 64-bit Fixed Point
|               Accumulation. (Default)
| 
|--------------------------------------------------------
 
|----------------- CITATION INFORMATION -----------------
|
|    When publishing work that utilized the CUDA version
|    of AMBER, please cite the following in addition to
|    the regular AMBER citations:
|
|  - Romelia Salomon-Ferrer; Andreas W. Goetz; Duncan
|    Poole; Scott Le Grand; Ross C. Walker "Routine
|    microsecond molecular dynamics simulations with
|    AMBER - Part II: Particle Mesh Ewald", J. Chem.
|    Theory Comput., 2013, 9 (9), pp3878-3888,
|    DOI: 10.1021/ct400314y.
|
|  - Andreas W. Goetz; Mark J. Williamson; Dong Xu;
|    Duncan Poole; Scott Le Grand; Ross C. Walker
|    "Routine microsecond molecular dynamics simulations
|    with AMBER - Part I: Generalized Born", J. Chem.
|    Theory Comput., 2012, 8 (5), pp1542-1555.
|
|  - Scott Le Grand; Andreas W. Goetz; Ross C. Walker
|    "SPFP: Speed without compromise - a mixed precision
|    model for GPU accelerated molecular dynamics
|    simulations.", Comp. Phys. Comm., 2013, 184
|    pp374-380, DOI: 10.1016/j.cpc.2012.09.022
|
|--------------------------------------------------------
 
|------------------- GPU DEVICE INFO --------------------
|
|            CUDA_VISIBLE_DEVICES: 0
|   CUDA Capable Devices Detected:      1
|           CUDA Device ID in use:      0
|                CUDA Device Name: GeForce GTX 1080
|     CUDA Device Global Mem Size:   8119 MB
| CUDA Device Num Multiprocessors:     20
|           CUDA Device Core Freq:   1.73 GHz
|
|--------------------------------------------------------
 
 
| Conditional Compilation Defines Used:
| PUBFFT
| BINTRAJ
| MKL
| CUDA
| EMIL

| Largest sphere to fit in unit cell has radius =    36.489

| New format PARM file being parsed.
| Version =    1.000 Date = 07/06/21 Time = 21:18:38

| Note: 1-4 EEL scale factors are being read from the topology file.

| Note: 1-4 VDW scale factors are being read from the topology file.
| Duplicated    0 dihedrals

| Duplicated    0 dihedrals

--------------------------------------------------------------------------------
   1.  RESOURCE   USE: 
--------------------------------------------------------------------------------

 getting new box info from bottom of inpcrd
 NATOM  =   48166 NTYPES =      18 NBONH =   35219 MBONA  =   12982
 NTHETH =    3908 MTHETA =    2472 NPHIH =    8186 MPHIA  =    7845
 NHPARM =       0 NPARM  =       0 NNB   =   97467 NRES   =   11404
 NBONA  =   12982 NTHETA =    2472 NPHIA =    7845 NUMBND =      72
 NUMANG =     171 NPTRA  =     194 NATYP =      36 NPHB   =       1
 IFBOX  =       1 NMXRS  =      25 IFCAP =       0 NEXTRA =   11163
 NCOPY  =       0

| Coordinate Index Table dimensions:    16   16   18
| Direct force subcell size =     4.7032    4.5612    4.6517

     BOX TYPE: RECTILINEAR

--------------------------------------------------------------------------------
   2.  CONTROL  DATA  FOR  THE  RUN
--------------------------------------------------------------------------------

default_name                                                                    

General flags:
     imin    =       1, nmropt  =       0

Nature and format of input:
     ntx     =       1, irest   =       0, ntrx    =       1

Nature and format of output:
     ntxo    =       1, ntpr    =      50, ntrx    =       1, ntwr    =       1
     iwrap   =       0, ntwx    =       0, ntwv    =       0, ntwe    =       0
     ioutfm  =       1, ntwprt  =       0, idecomp =       0, rbornstat=      0

Potential function:
     ntf     =       1, ntb     =       1, igb     =       0, nsnb    =      10
     ipol    =       0, gbsa    =       0, iesp    =       0
     dielc   =   1.00000, cut     =   8.00000, intdiel =   1.00000

Frozen or restrained atoms:
     ibelly  =       0, ntr     =       0

Energy minimization:
     maxcyc  =   10000, ncyc    =     500, ntmin   =       1
     dx0     =   0.10000, drms    =   0.00010

| Intermolecular bonds treatment:
|     no_intermolecular_bonds =       1

| Energy averages sample interval:
|     ene_avg_sampling =       1

Extra-points options:
     frameon =       1, chngmask=       1

Ewald parameters:
     verbose =       0, ew_type =       0, nbflag  =       1, use_pme =       1
     vdwmeth =       1, eedmeth =       1, netfrc  =       0
     Box X =   75.251   Box Y =   72.979   Box Z =   83.731
     Alpha =   90.000   Beta  =   90.000   Gamma =   90.000
     NFFT1 =   80       NFFT2 =   80       NFFT3 =   84
     Cutoff=    8.000   Tol   =0.100E-04
     Ewald Coefficient =  0.34864
     Interpolation order =    4
|      EXTRA_PTS, trim_bonds: num bonds BEFORE trim = 35219     0
|      EXTRA_PTS, trim_bonds: num bonds AFTER  trim = 35219     0
|      EXTRA_PTS, trim_bonds: num bonds BEFORE trim = 12982     0
|      EXTRA_PTS, trim_bonds: num bonds AFTER  trim =  1819     0
|      EXTRA_PTS, trim_theta: num angle BEFORE trim =  3908     0
|      EXTRA_PTS, trim_theta: num angle AFTER  trim =  3908     0
|      EXTRA_PTS, trim_theta: num angle BEFORE trim =  2472     0
|      EXTRA_PTS, trim_theta: num angle AFTER  trim =  2472     0
|      EXTRA_PTS, trim_phi:  num diheds BEFORE trim =  8186     0
|      EXTRA_PTS, trim_phi:  num diheds AFTER  trim =  8186     0
|      EXTRA_PTS, trim_phi:  num diheds BEFORE trim =  7845     0
|      EXTRA_PTS, trim_phi:  num diheds AFTER  trim =  7845     0

--------------------------------------------------------------------------------
   3.  ATOMIC COORDINATES AND VELOCITIES
--------------------------------------------------------------------------------

default_name                                                                    
 begin time read from input coords =     0.000 ps

 
 Number of triangulated 3-point waters found:    11163

     Sum of charges from parm topology file =   0.00006108
     Forcing neutrality...

| Dynamic Memory, Types Used:
| Reals             1252179
| Integers          3042063

| Nonbonded Pairs Initial Allocation:     8044926

| GPU memory information (estimate):
| KB of GPU memory in use:         0
| KB of CPU memory in use:         0

--------------------------------------------------------------------------------
   4.  RESULTS
--------------------------------------------------------------------------------



   NSTEP       ENERGY          RMS            GMAX         NAME    NUMBER
      1      -1.9642E+05     1.0276E-01     1.4436E+01     Cl-      3513

 BOND    =    38716.2495  ANGLE   =      412.5448  DIHED      =      958.8704
 VDWAALS =    46958.1997  EEL     =  -292841.2287  HBOND      =        0.0000
 1-4 VDW =      654.2984  1-4 EEL =     8725.6328  RESTRAINT  =        0.0000


   NSTEP       ENERGY          RMS            GMAX         NAME    NUMBER
     50      -1.9645E+05     2.3654E-01     2.8457E+01     H1      13468

 BOND    =    38723.9946  ANGLE   =      413.1384  DIHED      =      959.0836
 VDWAALS =    46972.6922  EEL     =  -292892.3562  HBOND      =        0.0000
 1-4 VDW =      653.5945  1-4 EEL =     8724.8152  RESTRAINT  =        0.0000


   NSTEP       ENERGY          RMS            GMAX         NAME    NUMBER
    100      -1.9647E+05     1.1785E-01     1.0981E+01     H1      13468

 BOND    =    38745.9229  ANGLE   =      413.5359  DIHED      =      959.2370
 VDWAALS =    46991.2214  EEL     =  -292952.1933  HBOND      =        0.0000
 1-4 VDW =      653.1051  1-4 EEL =     8723.8841  RESTRAINT  =        0.0000


   NSTEP       ENERGY          RMS            GMAX         NAME    NUMBER
    150      -1.9648E+05     5.9501E-02     1.9795E+00     H1      13468

 BOND    =    38748.2441  ANGLE   =      413.9032  DIHED      =      959.3683
 VDWAALS =    47010.2516  EEL     =  -292990.5322  HBOND      =        0.0000
 1-4 VDW =      652.7470  1-4 EEL =     8723.0872  RESTRAINT  =        0.0000


   NSTEP       ENERGY          RMS            GMAX         NAME    NUMBER
    200      -1.9650E+05     7.0966E-02     2.5558E+00     H2      13541

 BOND    =    38754.4507  ANGLE   =      414.2165  DIHED      =      959.5086
 VDWAALS =    47030.7266  EEL     =  -293033.6150  HBOND      =        0.0000
 1-4 VDW =      652.4432  1-4 EEL =     8722.3442  RESTRAINT  =        0.0000


   NSTEP       ENERGY          RMS            GMAX         NAME    NUMBER
    250      -1.9652E+05     1.6683E-01     9.6834E+00     H2      13541

 BOND    =    38745.0976  ANGLE   =      414.4826  DIHED      =      959.6458
 VDWAALS =    47051.3917  EEL     =  -293060.4504  HBOND      =        0.0000
 1-4 VDW =      652.2049  1-4 EEL =     8721.6525  RESTRAINT  =        0.0000


   NSTEP       ENERGY          RMS            GMAX         NAME    NUMBER
    300      -1.9653E+05     2.4153E-01     1.4744E+01     H2      13541

 BOND    =    38735.4073  ANGLE   =      414.7088  DIHED      =      959.7705
 VDWAALS =    47071.6539  EEL     =  -293085.7653  HBOND      =        0.0000
 1-4 VDW =      652.0153  1-4 EEL =     8721.0407  RESTRAINT  =        0.0000


   NSTEP       ENERGY          RMS            GMAX         NAME    NUMBER
    350      -1.9655E+05     1.4037E-01     8.0235E+00     H2      13541

 BOND    =    38824.9549  ANGLE   =      414.7733  DIHED      =      959.8805
 VDWAALS =    47090.1366  EEL     =  -293210.5225  HBOND      =        0.0000
 1-4 VDW =      651.8559  1-4 EEL =     8720.6247  RESTRAINT  =        0.0000


   NSTEP       ENERGY          RMS            GMAX         NAME    NUMBER
    400      -1.9656E+05     6.1150E-02     2.4784E+00     H1      32016

 BOND    =    38791.4595  ANGLE   =      414.9508  DIHED      =      959.9755
 VDWAALS =    47110.3931  EEL     =  -293212.7074  HBOND      =        0.0000
 1-4 VDW =      651.7550  1-4 EEL =     8720.1269  RESTRAINT  =        0.0000


   NSTEP       ENERGY          RMS            GMAX         NAME    NUMBER
    450      -1.9658E+05     1.2477E-01     5.9707E+00     CG       2298

 BOND    =    38773.6200  ANGLE   =      415.1180  DIHED      =      960.0653
 VDWAALS =    47130.5537  EEL     =  -293229.9413  HBOND      =        0.0000
 1-4 VDW =      651.6682  1-4 EEL =     8719.7217  RESTRAINT  =        0.0000


   NSTEP       ENERGY          RMS            GMAX         NAME    NUMBER
    500      -1.9659E+05     1.7472E-01     8.1719E+00     CG       2298

 BOND    =    38760.8134  ANGLE   =      415.2763  DIHED      =      960.1546
 VDWAALS =    47150.2883  EEL     =  -293251.5200  HBOND      =        0.0000
 1-4 VDW =      651.5914  1-4 EEL =     8719.3979  RESTRAINT  =        0.0000


   NSTEP       ENERGY          RMS            GMAX         NAME    NUMBER
    550      -1.9669E+05     1.5194E-01     1.4964E+01     CG       1060

 BOND    =    38895.7254  ANGLE   =      416.1003  DIHED      =      960.9129
 VDWAALS =    47291.1599  EEL     =  -293624.4538  HBOND      =        0.0000
 1-4 VDW =      651.1204  1-4 EEL =     8717.8194  RESTRAINT  =        0.0000


   NSTEP       ENERGY          RMS            GMAX         NAME    NUMBER
    600      -1.9670E+05     1.7049E-01     1.5885E+01     O       42187

 BOND    =    38896.6597  ANGLE   =      416.4337  DIHED      =      960.9833
 VDWAALS =    47307.2894  EEL     =  -293654.9648  HBOND      =        0.0000
 1-4 VDW =      651.1154  1-4 EEL =     8717.7760  RESTRAINT  =        0.0000


   NSTEP       ENERGY          RMS            GMAX         NAME    NUMBER
    650      -1.9672E+05     7.5886E-02     7.1780E+00     CG       1060

 BOND    =    38913.3229  ANGLE   =      416.0022  DIHED      =      961.1544
 VDWAALS =    47329.4740  EEL     =  -293712.1735  HBOND      =        0.0000
 1-4 VDW =      651.0697  1-4 EEL =     8718.0835  RESTRAINT  =        0.0000


   NSTEP       ENERGY          RMS            GMAX         NAME    NUMBER
    700      -1.9674E+05     1.1805E-01     7.6485E+00     O       32015

 BOND    =    38927.4016  ANGLE   =      417.3108  DIHED      =      961.4517
 VDWAALS =    47351.6490  EEL     =  -293767.4952  HBOND      =        0.0000
 1-4 VDW =      651.0708  1-4 EEL =     8717.4843  RESTRAINT  =        0.0000


   NSTEP       ENERGY          RMS            GMAX         NAME    NUMBER
    750      -1.9675E+05     1.2672E-01     1.2349E+01     CG       1060

 BOND    =    38931.3420  ANGLE   =      415.9733  DIHED      =      961.5695
 VDWAALS =    47366.7505  EEL     =  -293796.5949  HBOND      =        0.0000
 1-4 VDW =      650.9835  1-4 EEL =     8718.3010  RESTRAINT  =        0.0000


   NSTEP       ENERGY          RMS            GMAX         NAME    NUMBER
    800      -1.9676E+05     1.0324E-01     6.6059E+00     CG       1328

 BOND    =    38938.9281  ANGLE   =      417.0968  DIHED      =      961.5400
 VDWAALS =    47378.4032  EEL     =  -293826.3379  HBOND      =        0.0000
 1-4 VDW =      651.0122  1-4 EEL =     8717.5608  RESTRAINT  =        0.0000


   NSTEP       ENERGY          RMS            GMAX         NAME    NUMBER
    850      -1.9677E+05     1.8533E-01     1.6891E+01     CG       1328

 BOND    =    38946.9506  ANGLE   =      416.2027  DIHED      =      961.8915
 VDWAALS =    47395.8552  EEL     =  -293862.2289  HBOND      =        0.0000
 1-4 VDW =      650.9642  1-4 EEL =     8718.3600  RESTRAINT  =        0.0000


   NSTEP       ENERGY          RMS            GMAX         NAME    NUMBER
    900      -1.9679E+05     9.4392E-02     5.5729E+00     O       32015

 BOND    =    38956.2486  ANGLE   =      417.1434  DIHED      =      961.6869
 VDWAALS =    47412.4466  EEL     =  -293901.9286  HBOND      =        0.0000
 1-4 VDW =      650.9917  1-4 EEL =     8717.5971  RESTRAINT  =        0.0000


   NSTEP       ENERGY          RMS            GMAX         NAME    NUMBER
    950      -1.9680E+05     1.5934E-01     2.9901E+01     CG       1328

 BOND    =    38964.5500  ANGLE   =      416.3002  DIHED      =      961.9424
 VDWAALS =    47428.1375  EEL     =  -293936.1065  HBOND      =        0.0000
 1-4 VDW =      650.8908  1-4 EEL =     8718.2493  RESTRAINT  =        0.0000


   NSTEP       ENERGY          RMS            GMAX         NAME    NUMBER
   1000      -1.9681E+05     1.0072E-01     6.1514E+00     O       32015

 BOND    =    38976.6393  ANGLE   =      417.5777  DIHED      =      961.8443
 VDWAALS =    47450.9464  EEL     =  -293989.4668  HBOND      =        0.0000
 1-4 VDW =      650.9954  1-4 EEL =     8717.6472  RESTRAINT  =        0.0000


   NSTEP       ENERGY          RMS            GMAX         NAME    NUMBER
   1050      -1.9688E+05     1.3328E-01     1.5573E+01     CG       1328

 BOND    =    39025.0019  ANGLE   =      416.9201  DIHED      =      962.2221
 VDWAALS =    47542.6495  EEL     =  -294197.3135  HBOND      =        0.0000
 1-4 VDW =      650.7762  1-4 EEL =     8717.9761  RESTRAINT  =        0.0000


   NSTEP       ENERGY          RMS            GMAX         NAME    NUMBER
   1100      -1.9689E+05     7.9735E-02     8.7206E+00     CG       1328

 BOND    =    39033.7524  ANGLE   =      417.5898  DIHED      =      962.1511
 VDWAALS =    47556.6467  EEL     =  -294231.5076  HBOND      =        0.0000
 1-4 VDW =      650.9142  1-4 EEL =     8718.0844  RESTRAINT  =        0.0000


   NSTEP       ENERGY          RMS            GMAX         NAME    NUMBER
   1150      -1.9690E+05     1.1971E-01     6.9149E+00     O       32231

 BOND    =    39040.4544  ANGLE   =      416.6463  DIHED      =      962.4371
 VDWAALS =    47570.3582  EEL     =  -294262.0262  HBOND      =        0.0000
 1-4 VDW =      650.7675  1-4 EEL =     8718.1565  RESTRAINT  =        0.0000


   NSTEP       ENERGY          RMS            GMAX         NAME    NUMBER
   1200      -1.9691E+05     1.7214E-01     3.7040E+01     CG       1328

 BOND    =    39047.5406  ANGLE   =      417.9288  DIHED      =      962.2579
 VDWAALS =    47584.7462  EEL     =  -294295.9710  HBOND      =        0.0000
 1-4 VDW =      650.9817  1-4 EEL =     8718.1906  RESTRAINT  =        0.0000


   NSTEP       ENERGY          RMS            GMAX         NAME    NUMBER
   1250      -1.9692E+05     9.8415E-02     1.0378E+01     CG       1328

 BOND    =    39054.4528  ANGLE   =      416.6147  DIHED      =      962.5098
 VDWAALS =    47597.1094  EEL     =  -294324.0428  HBOND      =        0.0000
 1-4 VDW =      650.8186  1-4 EEL =     8718.2950  RESTRAINT  =        0.0000


   NSTEP       ENERGY          RMS            GMAX         NAME    NUMBER
   1300      -1.9693E+05     1.4234E-01     2.0862E+01     CG       1328

 BOND    =    39060.8306  ANGLE   =      418.0824  DIHED      =      962.3635
 VDWAALS =    47609.2933  EEL     =  -294353.6691  HBOND      =        0.0000
 1-4 VDW =      651.0071  1-4 EEL =     8718.3740  RESTRAINT  =        0.0000


   NSTEP       ENERGY          RMS            GMAX         NAME    NUMBER
   1350      -1.9694E+05     8.3716E-02     9.8157E+00     CG       1328

 BOND    =    39067.3873  ANGLE   =      416.8243  DIHED      =      962.4482
 VDWAALS =    47621.4303  EEL     =  -294381.3005  HBOND      =        0.0000
 1-4 VDW =      650.8868  1-4 EEL =     8718.3915  RESTRAINT  =        0.0000


   NSTEP       ENERGY          RMS            GMAX         NAME    NUMBER
   1400      -1.9696E+05     2.1675E-01     3.5363E+01     CG       1328

 BOND    =    39076.7413  ANGLE   =      418.3153  DIHED      =      962.6206
 VDWAALS =    47637.2821  EEL     =  -294419.7441  HBOND      =        0.0000
 1-4 VDW =      651.0734  1-4 EEL =     8718.6201  RESTRAINT  =        0.0000


   NSTEP       ENERGY          RMS            GMAX         NAME    NUMBER
   1450      -1.9700E+05     1.2379E-01     1.0911E+01     O       44079

 BOND    =    39106.0736  ANGLE   =      416.7383  DIHED      =      962.5042
 VDWAALS =    47702.1500  EEL     =  -294557.5939  HBOND      =        0.0000
 1-4 VDW =      651.0206  1-4 EEL =     8718.9096  RESTRAINT  =        0.0000


   NSTEP       ENERGY          RMS            GMAX         NAME    NUMBER
   1500      -1.9702E+05     2.1731E-01     3.0197E+01     CG       1328

 BOND    =    39128.7645  ANGLE   =      419.4749  DIHED      =      962.4439
 VDWAALS =    47726.5058  EEL     =  -294623.1752  HBOND      =        0.0000
 1-4 VDW =      651.4448  1-4 EEL =     8718.8283  RESTRAINT  =        0.0000


   NSTEP       ENERGY          RMS            GMAX         NAME    NUMBER
   1550      -1.9703E+05     7.3624E-02     8.1822E+00     CG       1328

 BOND    =    39125.0421  ANGLE   =      416.7714  DIHED      =      962.4924
 VDWAALS =    47739.2611  EEL     =  -294639.9927  HBOND      =        0.0000
 1-4 VDW =      651.1181  1-4 EEL =     8719.0419  RESTRAINT  =        0.0000


   NSTEP       ENERGY          RMS            GMAX         NAME    NUMBER
   1600      -1.9704E+05     1.4713E-01     1.4932E+01     CG       1328

 BOND    =    39131.3031  ANGLE   =      418.9547  DIHED      =      962.3503
 VDWAALS =    47753.4534  EEL     =  -294672.1107  HBOND      =        0.0000
 1-4 VDW =      651.3921  1-4 EEL =     8718.9651  RESTRAINT  =        0.0000


   NSTEP       ENERGY          RMS            GMAX         NAME    NUMBER
   1650      -1.9706E+05     1.1646E-01     1.4149E+01     CG       1328

 BOND    =    39148.5353  ANGLE   =      416.7494  DIHED      =      962.4921
 VDWAALS =    47787.9419  EEL     =  -294746.1221  HBOND      =        0.0000
 1-4 VDW =      651.2405  1-4 EEL =     8719.1584  RESTRAINT  =        0.0000


   NSTEP       ENERGY          RMS            GMAX         NAME    NUMBER
   1700      -1.9707E+05     2.3461E-01     5.7743E+01     CG       1328

 BOND    =    39155.7339  ANGLE   =      419.4916  DIHED      =      962.3633
 VDWAALS =    47804.3551  EEL     =  -294782.7974  HBOND      =        0.0000
 1-4 VDW =      651.5922  1-4 EEL =     8718.8299  RESTRAINT  =        0.0000


   NSTEP       ENERGY          RMS            GMAX         NAME    NUMBER
   1750      -1.9709E+05     5.7774E-02     6.2701E+00     CG       1328

 BOND    =    39167.8502  ANGLE   =      417.2219  DIHED      =      962.3564
 VDWAALS =    47831.8145  EEL     =  -294839.9318  HBOND      =        0.0000
 1-4 VDW =      651.4462  1-4 EEL =     8719.0044  RESTRAINT  =        0.0000


   NSTEP       ENERGY          RMS            GMAX         NAME    NUMBER
   1800      -1.9710E+05     1.3915E-01     2.8925E+01     CG       1328

 BOND    =    39174.4127  ANGLE   =      418.5640  DIHED      =      962.3343
 VDWAALS =    47844.8256  EEL     =  -294869.1247  HBOND      =        0.0000
 1-4 VDW =      651.6520  1-4 EEL =     8718.8815  RESTRAINT  =        0.0000


   NSTEP       ENERGY          RMS            GMAX         NAME    NUMBER
   1850      -1.9711E+05     1.0097E-01     1.0027E+01     CG       1328

 BOND    =    39180.2599  ANGLE   =      416.8775  DIHED      =      962.5987
 VDWAALS =    47857.1351  EEL     =  -294893.9039  HBOND      =        0.0000
 1-4 VDW =      651.4702  1-4 EEL =     8719.0544  RESTRAINT  =        0.0000


   NSTEP       ENERGY          RMS            GMAX         NAME    NUMBER
   1900      -1.9711E+05     9.2709E-02     1.2765E+01     CG       1328

 BOND    =    39184.4712  ANGLE   =      418.3531  DIHED      =      962.3833
 VDWAALS =    47866.8200  EEL     =  -294916.2293  HBOND      =        0.0000
 1-4 VDW =      651.6876  1-4 EEL =     8718.9223  RESTRAINT  =        0.0000


   NSTEP       ENERGY          RMS            GMAX         NAME    NUMBER
   1950      -1.9712E+05     8.7688E-02     7.2373E+00     CG       1328

 BOND    =    39190.1441  ANGLE   =      417.0124  DIHED      =      962.6494
 VDWAALS =    47877.7398  EEL     =  -294938.8110  HBOND      =        0.0000
 1-4 VDW =      651.5541  1-4 EEL =     8719.0660  RESTRAINT  =        0.0000


   NSTEP       ENERGY          RMS            GMAX         NAME    NUMBER
   2000      -1.9713E+05     1.1530E-01     7.2811E+00     C        3440

 BOND    =    39195.2609  ANGLE   =      418.8060  DIHED      =      962.5166
 VDWAALS =    47888.0784  EEL     =  -294963.2435  HBOND      =        0.0000
 1-4 VDW =      651.7867  1-4 EEL =     8718.9471  RESTRAINT  =        0.0000


   NSTEP       ENERGY          RMS            GMAX         NAME    NUMBER
   2050      -1.9714E+05     4.0709E-01     6.9801E+01     CD       3437

 BOND    =    39204.9972  ANGLE   =      417.1685  DIHED      =      962.7307
 VDWAALS =    47907.0929  EEL     =  -295000.0741  HBOND      =        0.0000
 1-4 VDW =      651.6864  1-4 EEL =     8719.0543  RESTRAINT  =        0.0000


   NSTEP       ENERGY          RMS            GMAX         NAME    NUMBER
   2100      -1.9717E+05     4.2878E-02     2.7892E+00     CD       3437

 BOND    =    39228.5576  ANGLE   =      417.9687  DIHED      =      962.9068
 VDWAALS =    47954.0542  EEL     =  -295109.1110  HBOND      =        0.0000
 1-4 VDW =      651.9038  1-4 EEL =     8719.3346  RESTRAINT  =        0.0000


   NSTEP       ENERGY          RMS            GMAX         NAME    NUMBER
   2150      -1.9720E+05     1.0809E-01     1.2118E+01     CD       3437

 BOND    =    39246.1391  ANGLE   =      417.2726  DIHED      =      963.4025
 VDWAALS =    47986.6645  EEL     =  -295183.3162  HBOND      =        0.0000
 1-4 VDW =      651.9774  1-4 EEL =     8719.5211  RESTRAINT  =        0.0000


   NSTEP       ENERGY          RMS            GMAX         NAME    NUMBER
   2200      -1.9721E+05     7.5423E-02     6.9680E+00     CD       3437

 BOND    =    39248.2395  ANGLE   =      418.8340  DIHED      =      963.2233
 VDWAALS =    47993.5916  EEL     =  -295200.6984  HBOND      =        0.0000
 1-4 VDW =      652.0528  1-4 EEL =     8719.6390  RESTRAINT  =        0.0000


   NSTEP       ENERGY          RMS            GMAX         NAME    NUMBER
   2250      -1.9721E+05     1.7398E-01     3.6526E+01     CD       3437

 BOND    =    39255.6977  ANGLE   =      417.3406  DIHED      =      963.6137
 VDWAALS =    48006.4280  EEL     =  -295227.9719  HBOND      =        0.0000
 1-4 VDW =      652.0349  1-4 EEL =     8719.6657  RESTRAINT  =        0.0000


   NSTEP       ENERGY          RMS            GMAX         NAME    NUMBER
   2300      -1.9723E+05     5.4023E-02     5.0039E+00     CD       3437

 BOND    =    39264.5959  ANGLE   =      418.4949  DIHED      =      963.5326
 VDWAALS =    48023.2128  EEL     =  -295270.7606  HBOND      =        0.0000
 1-4 VDW =      652.1226  1-4 EEL =     8719.8161  RESTRAINT  =        0.0000


   NSTEP       ENERGY          RMS            GMAX         NAME    NUMBER
   2350      -1.9725E+05     2.3418E-01     1.6669E+01     H1      35268

 BOND    =    39279.8246  ANGLE   =      417.6533  DIHED      =      964.0629
 VDWAALS =    48047.6679  EEL     =  -295328.0645  HBOND      =        0.0000
 1-4 VDW =      652.1178  1-4 EEL =     8720.0314  RESTRAINT  =        0.0000


   NSTEP       ENERGY          RMS            GMAX         NAME    NUMBER
   2400      -1.9726E+05     6.0363E-02     4.3166E+00     CG       1328

 BOND    =    39282.6419  ANGLE   =      418.9412  DIHED      =      963.8148
 VDWAALS =    48058.2698  EEL     =  -295352.8061  HBOND      =        0.0000
 1-4 VDW =      652.2747  1-4 EEL =     8719.9113  RESTRAINT  =        0.0000


   NSTEP       ENERGY          RMS            GMAX         NAME    NUMBER
   2450      -1.9727E+05     1.5029E-01     1.2096E+01     C        3440

 BOND    =    39292.9493  ANGLE   =      417.5342  DIHED      =      964.7165
 VDWAALS =    48077.3376  EEL     =  -295393.9057  HBOND      =        0.0000
 1-4 VDW =      652.1176  1-4 EEL =     8720.2926  RESTRAINT  =        0.0000


   NSTEP       ENERGY          RMS            GMAX         NAME    NUMBER
   2500      -1.9728E+05     5.5168E-02     3.3832E+00     O       39375

 BOND    =    39299.0318  ANGLE   =      418.8631  DIHED      =      964.1181
 VDWAALS =    48093.5502  EEL     =  -295430.6151  HBOND      =        0.0000
 1-4 VDW =      652.3281  1-4 EEL =     8720.0886  RESTRAINT  =        0.0000


   NSTEP       ENERGY          RMS            GMAX         NAME    NUMBER
   2550      -1.9732E+05     1.1552E-01     2.3622E+01     CG       1328

 BOND    =    39323.5154  ANGLE   =      418.3585  DIHED      =      964.7593
 VDWAALS =    48149.1825  EEL     =  -295546.7619  HBOND      =        0.0000
 1-4 VDW =      652.3351  1-4 EEL =     8720.4738  RESTRAINT  =        0.0000


   NSTEP       ENERGY          RMS            GMAX         NAME    NUMBER
   2600      -1.9733E+05     8.0377E-02     5.2706E+00     CG       1328

 BOND    =    39328.7109  ANGLE   =      419.8615  DIHED      =      964.5744
 VDWAALS =    48161.3517  EEL     =  -295573.3465  HBOND      =        0.0000
 1-4 VDW =      652.5297  1-4 EEL =     8720.2636  RESTRAINT  =        0.0000


   NSTEP       ENERGY          RMS            GMAX         NAME    NUMBER
   2650      -1.9733E+05     1.6257E-01     1.6193E+01     CG       1328

 BOND    =    39339.2383  ANGLE   =      418.5877  DIHED      =      964.9123
 VDWAALS =    48176.6248  EEL     =  -295606.2730  HBOND      =        0.0000
 1-4 VDW =      652.4536  1-4 EEL =     8720.5173  RESTRAINT  =        0.0000


   NSTEP       ENERGY          RMS            GMAX         NAME    NUMBER
   2700      -1.9735E+05     1.7462E-01     3.4119E+01     CG       1328

 BOND    =    39352.5250  ANGLE   =      420.4832  DIHED      =      964.8892
 VDWAALS =    48205.5918  EEL     =  -295668.2125  HBOND      =        0.0000
 1-4 VDW =      652.5432  1-4 EEL =     8720.4908  RESTRAINT  =        0.0000


   NSTEP       ENERGY          RMS            GMAX         NAME    NUMBER
   2750      -1.9736E+05     7.5849E-02     5.8974E+00     CG       1328

 BOND    =    39355.8072  ANGLE   =      418.6457  DIHED      =      965.2493
 VDWAALS =    48216.4441  EEL     =  -295687.6065  HBOND      =        0.0000
 1-4 VDW =      652.4913  1-4 EEL =     8720.6719  RESTRAINT  =        0.0000


   NSTEP       ENERGY          RMS            GMAX         NAME    NUMBER
   2800      -1.9736E+05     1.3279E-01     2.9645E+01     CG       1328

 BOND    =    39360.4299  ANGLE   =      420.2409  DIHED      =      965.0610
 VDWAALS =    48226.0518  EEL     =  -295709.1325  HBOND      =        0.0000
 1-4 VDW =      652.5674  1-4 EEL =     8720.5835  RESTRAINT  =        0.0000


   NSTEP       ENERGY          RMS            GMAX         NAME    NUMBER
   2850      -1.9739E+05     4.5232E-02     2.8097E+00     CG       1328

 BOND    =    39381.7553  ANGLE   =      419.6804  DIHED      =      965.6309
 VDWAALS =    48273.4028  EEL     =  -295807.2537  HBOND      =        0.0000
 1-4 VDW =      652.5819  1-4 EEL =     8720.9064  RESTRAINT  =        0.0000


   NSTEP       ENERGY          RMS            GMAX         NAME    NUMBER
   2900      -1.9744E+05     9.9558E-02     1.0738E+01     H2      13505

 BOND    =    39413.9795  ANGLE   =      420.0437  DIHED      =      966.7755
 VDWAALS =    48348.3339  EEL     =  -295961.7137  HBOND      =        0.0000
 1-4 VDW =      652.7500  1-4 EEL =     8721.6793  RESTRAINT  =        0.0000


   NSTEP       ENERGY          RMS            GMAX         NAME    NUMBER
   2950      -1.9745E+05     1.7023E-01     1.8458E+01     CG       1328

 BOND    =    39424.4201  ANGLE   =      420.0229  DIHED      =      967.8452
 VDWAALS =    48364.0833  EEL     =  -295998.9617  HBOND      =        0.0000
 1-4 VDW =      652.6765  1-4 EEL =     8721.9095  RESTRAINT  =        0.0000


   NSTEP       ENERGY          RMS            GMAX         NAME    NUMBER
   3000      -1.9746E+05     1.0986E-01     7.7643E+00     O       10671

 BOND    =    39431.9352  ANGLE   =      419.7107  DIHED      =      967.5464
 VDWAALS =    48384.8951  EEL     =  -296040.5394  HBOND      =        0.0000
 1-4 VDW =      652.8115  1-4 EEL =     8721.8835  RESTRAINT  =        0.0000


   NSTEP       ENERGY          RMS            GMAX         NAME    NUMBER
   3050      -1.9749E+05     9.7640E-02     1.1103E+01     CG       1328

 BOND    =    39456.7004  ANGLE   =      419.6704  DIHED      =      968.0798
 VDWAALS =    48429.2323  EEL     =  -296139.5087  HBOND      =        0.0000
 1-4 VDW =      652.8924  1-4 EEL =     8722.5598  RESTRAINT  =        0.0000


   NSTEP       ENERGY          RMS            GMAX         NAME    NUMBER
   3100      -1.9750E+05     5.9333E-02     5.8319E+00     CZ       2118

 BOND    =    39461.3896  ANGLE   =      419.9775  DIHED      =      968.5275
 VDWAALS =    48445.0701  EEL     =  -296171.3573  HBOND      =        0.0000
 1-4 VDW =      652.9440  1-4 EEL =     8722.4462  RESTRAINT  =        0.0000


   NSTEP       ENERGY          RMS            GMAX         NAME    NUMBER
   3150      -1.9751E+05     1.7500E-01     2.9020E+01     CG       1328

 BOND    =    39467.9586  ANGLE   =      419.8344  DIHED      =      968.9415
 VDWAALS =    48459.7810  EEL     =  -296201.9238  HBOND      =        0.0000
 1-4 VDW =      652.8307  1-4 EEL =     8722.6715  RESTRAINT  =        0.0000


   NSTEP       ENERGY          RMS            GMAX         NAME    NUMBER
   3200      -1.9752E+05     5.8236E-02     6.3719E+00     CG       1328

 BOND    =    39475.0353  ANGLE   =      420.1691  DIHED      =      968.9387
 VDWAALS =    48472.8446  EEL     =  -296234.5564  HBOND      =        0.0000
 1-4 VDW =      652.8064  1-4 EEL =     8722.4275  RESTRAINT  =        0.0000


   NSTEP       ENERGY          RMS            GMAX         NAME    NUMBER
   3250      -1.9754E+05     3.1450E-01     4.5651E+01     H1      36328

 BOND    =    39495.2884  ANGLE   =      420.3293  DIHED      =      970.8640
 VDWAALS =    48506.5380  EEL     =  -296313.1280  HBOND      =        0.0000
 1-4 VDW =      652.8374  1-4 EEL =     8723.0619  RESTRAINT  =        0.0000


   NSTEP       ENERGY          RMS            GMAX         NAME    NUMBER
   3300      -1.9756E+05     5.5255E-02     5.3786E+00     CG       1328

 BOND    =    39495.9441  ANGLE   =      419.9524  DIHED      =      969.5813
 VDWAALS =    48514.9467  EEL     =  -296334.5405  HBOND      =        0.0000
 1-4 VDW =      652.7870  1-4 EEL =     8723.6863  RESTRAINT  =        0.0000


   NSTEP       ENERGY          RMS            GMAX         NAME    NUMBER
   3350      -1.9757E+05     1.8312E-01     1.7383E+01     CZ       2118

 BOND    =    39505.4088  ANGLE   =      419.9603  DIHED      =      970.0786
 VDWAALS =    48533.7627  EEL     =  -296378.2682  HBOND      =        0.0000
 1-4 VDW =      652.8770  1-4 EEL =     8724.5212  RESTRAINT  =        0.0000


   NSTEP       ENERGY          RMS            GMAX         NAME    NUMBER
   3400      -1.9759E+05     5.7487E-02     6.1493E+00     CZ       2118

 BOND    =    39512.3017  ANGLE   =      419.7576  DIHED      =      969.9506
 VDWAALS =    48551.6937  EEL     =  -296417.6848  HBOND      =        0.0000
 1-4 VDW =      652.9231  1-4 EEL =     8724.9217  RESTRAINT  =        0.0000


   NSTEP       ENERGY          RMS            GMAX         NAME    NUMBER
   3450      -1.9760E+05     1.7066E-01     1.9361E+01     CZ       2118

 BOND    =    39529.1297  ANGLE   =      420.1476  DIHED      =      971.5873
 VDWAALS =    48580.1725  EEL     =  -296481.5343  HBOND      =        0.0000
 1-4 VDW =      653.0828  1-4 EEL =     8724.7336  RESTRAINT  =        0.0000


   NSTEP       ENERGY          RMS            GMAX         NAME    NUMBER
   3500      -1.9763E+05     7.2427E-02     8.0550E+00     CD       3437

 BOND    =    39543.3496  ANGLE   =      419.3942  DIHED      =      970.6950
 VDWAALS =    48629.3459  EEL     =  -296572.9759  HBOND      =        0.0000
 1-4 VDW =      653.2007  1-4 EEL =     8726.7603  RESTRAINT  =        0.0000


   NSTEP       ENERGY          RMS            GMAX         NAME    NUMBER
   3550      -1.9764E+05     8.5240E-02     7.8832E+00     CD       3437

 BOND    =    39554.0326  ANGLE   =      419.5864  DIHED      =      971.1325
 VDWAALS =    48638.8142  EEL     =  -296598.9676  HBOND      =        0.0000
 1-4 VDW =      653.1860  1-4 EEL =     8726.0042  RESTRAINT  =        0.0000


   NSTEP       ENERGY          RMS            GMAX         NAME    NUMBER
   3600      -1.9764E+05     1.1145E-01     1.6574E+01     CD       3437

 BOND    =    39554.8993  ANGLE   =      419.3955  DIHED      =      970.9772
 VDWAALS =    48648.4393  EEL     =  -296615.3072  HBOND      =        0.0000
 1-4 VDW =      653.2082  1-4 EEL =     8726.3995  RESTRAINT  =        0.0000


   NSTEP       ENERGY          RMS            GMAX         NAME    NUMBER
   3650      -1.9765E+05     5.3740E-02     6.1560E+00     CZ       2118

 BOND    =    39560.7677  ANGLE   =      419.5200  DIHED      =      971.1965
 VDWAALS =    48658.1264  EEL     =  -296637.8242  HBOND      =        0.0000
 1-4 VDW =      653.2321  1-4 EEL =     8726.2682  RESTRAINT  =        0.0000


   NSTEP       ENERGY          RMS            GMAX         NAME    NUMBER
   3700      -1.9766E+05     1.3561E-01     1.7200E+01     CD       3437

 BOND    =    39567.3253  ANGLE   =      419.3954  DIHED      =      971.1698
 VDWAALS =    48672.7597  EEL     =  -296666.7819  HBOND      =        0.0000
 1-4 VDW =      653.2538  1-4 EEL =     8726.6337  RESTRAINT  =        0.0000


   NSTEP       ENERGY          RMS            GMAX         NAME    NUMBER
   3750      -1.9766E+05     6.2511E-02     7.4295E+00     CZ       2118

 BOND    =    39572.0734  ANGLE   =      419.5451  DIHED      =      971.4176
 VDWAALS =    48680.8593  EEL     =  -296685.5007  HBOND      =        0.0000
 1-4 VDW =      653.2726  1-4 EEL =     8726.4597  RESTRAINT  =        0.0000


   NSTEP       ENERGY          RMS            GMAX         NAME    NUMBER
   3800      -1.9767E+05     9.0804E-02     1.0903E+01     CD       3437

 BOND    =    39576.3629  ANGLE   =      419.3884  DIHED      =      971.2410
 VDWAALS =    48690.7559  EEL     =  -296704.6962  HBOND      =        0.0000
 1-4 VDW =      653.2836  1-4 EEL =     8726.7477  RESTRAINT  =        0.0000


   NSTEP       ENERGY          RMS            GMAX         NAME    NUMBER
   3850      -1.9767E+05     1.3342E-01     2.1850E+01     CD       3437

 BOND    =    39581.1644  ANGLE   =      419.5710  DIHED      =      971.6063
 VDWAALS =    48699.8452  EEL     =  -296723.6520  HBOND      =        0.0000
 1-4 VDW =      653.3025  1-4 EEL =     8726.5794  RESTRAINT  =        0.0000


   NSTEP       ENERGY          RMS            GMAX         NAME    NUMBER
   3900      -1.9768E+05     1.3205E-01     2.8028E+01     CD       3437

 BOND    =    39586.3550  ANGLE   =      419.4269  DIHED      =      971.3759
 VDWAALS =    48711.9791  EEL     =  -296746.7633  HBOND      =        0.0000
 1-4 VDW =      653.3048  1-4 EEL =     8726.9115  RESTRAINT  =        0.0000


   NSTEP       ENERGY          RMS            GMAX         NAME    NUMBER
   3950      -1.9770E+05     4.5028E-02     3.7402E+00     CD       2113

 BOND    =    39609.1489  ANGLE   =      419.5275  DIHED      =      971.7333
 VDWAALS =    48761.2859  EEL     =  -296844.3957  HBOND      =        0.0000
 1-4 VDW =      653.3525  1-4 EEL =     8727.0579  RESTRAINT  =        0.0000


   NSTEP       ENERGY          RMS            GMAX         NAME    NUMBER
   4000      -1.9772E+05     2.6373E-01     2.8208E+01     H2      44829

 BOND    =    39636.2163  ANGLE   =      420.8696  DIHED      =      973.0075
 VDWAALS =    48809.0096  EEL     =  -296942.0041  HBOND      =        0.0000
 1-4 VDW =      653.3929  1-4 EEL =     8728.6090  RESTRAINT  =        0.0000


   NSTEP       ENERGY          RMS            GMAX         NAME    NUMBER
   4050      -1.9773E+05     8.6145E-02     9.9878E+00     CD       3437

 BOND    =    39634.0584  ANGLE   =      419.7907  DIHED      =      972.2506
 VDWAALS =    48814.9608  EEL     =  -296952.9875  HBOND      =        0.0000
 1-4 VDW =      653.4071  1-4 EEL =     8727.2767  RESTRAINT  =        0.0000


   NSTEP       ENERGY          RMS            GMAX         NAME    NUMBER
   4100      -1.9774E+05     1.1989E-01     8.0930E+00     C        3459

 BOND    =    39642.3418  ANGLE   =      419.8997  DIHED      =      972.5038
 VDWAALS =    48833.4479  EEL     =  -296989.9969  HBOND      =        0.0000
 1-4 VDW =      653.3627  1-4 EEL =     8728.1919  RESTRAINT  =        0.0000


   NSTEP       ENERGY          RMS            GMAX         NAME    NUMBER
   4150      -1.9775E+05     2.1153E-01     2.5862E+01     CB       2107

 BOND    =    39654.9590  ANGLE   =      420.6438  DIHED      =      972.7307
 VDWAALS =    48853.8416  EEL     =  -297034.7773  HBOND      =        0.0000
 1-4 VDW =      653.4359  1-4 EEL =     8726.6197  RESTRAINT  =        0.0000


   NSTEP       ENERGY          RMS            GMAX         NAME    NUMBER
   4200      -1.9777E+05     5.2605E-02     5.7701E+00     CD       3437

 BOND    =    39662.5914  ANGLE   =      419.7476  DIHED      =      972.6776
 VDWAALS =    48877.3346  EEL     =  -297081.3525  HBOND      =        0.0000
 1-4 VDW =      653.4083  1-4 EEL =     8727.8377  RESTRAINT  =        0.0000


   NSTEP       ENERGY          RMS            GMAX         NAME    NUMBER
   4250      -1.9777E+05     9.2124E-02     1.5435E+01     CD       3437

 BOND    =    39666.6810  ANGLE   =      420.0103  DIHED      =      972.8506
 VDWAALS =    48886.2485  EEL     =  -297099.2033  HBOND      =        0.0000
 1-4 VDW =      653.4360  1-4 EEL =     8727.5034  RESTRAINT  =        0.0000


   NSTEP       ENERGY          RMS            GMAX         NAME    NUMBER
   4300      -1.9777E+05     4.4000E-01     5.3431E+01     CD       3437

 BOND    =    39675.9358  ANGLE   =      420.8870  DIHED      =      973.0775
 VDWAALS =    48899.4019  EEL     =  -297124.9463  HBOND      =        0.0000
 1-4 VDW =      653.3741  1-4 EEL =     8729.0990  RESTRAINT  =        0.0000


   NSTEP       ENERGY          RMS            GMAX         NAME    NUMBER
   4350      -1.9778E+05     4.1986E-02     4.5425E+00     CD       3437

 BOND    =    39675.7716  ANGLE   =      419.8449  DIHED      =      972.9485
 VDWAALS =    48905.7992  EEL     =  -297139.8037  HBOND      =        0.0000
 1-4 VDW =      653.4331  1-4 EEL =     8727.9738  RESTRAINT  =        0.0000


   NSTEP       ENERGY          RMS            GMAX         NAME    NUMBER
   4400      -1.9783E+05     1.0833E-01     1.2911E+01     H2      12957

 BOND    =    39719.0950  ANGLE   =      420.1659  DIHED      =      973.7998
 VDWAALS =    48992.2412  EEL     =  -297315.7973  HBOND      =        0.0000
 1-4 VDW =      653.5098  1-4 EEL =     8728.2142  RESTRAINT  =        0.0000


   NSTEP       ENERGY          RMS            GMAX         NAME    NUMBER
   4450      -1.9784E+05     2.0528E-01     2.5420E+01     CD       3437

 BOND    =    39720.3252  ANGLE   =      420.6122  DIHED      =      973.8896
 VDWAALS =    49000.3751  EEL     =  -297333.4880  HBOND      =        0.0000
 1-4 VDW =      653.5869  1-4 EEL =     8727.9370  RESTRAINT  =        0.0000


   NSTEP       ENERGY          RMS            GMAX         NAME    NUMBER
   4500      -1.9784E+05     2.8707E-02     2.6911E+00     CD       3437

 BOND    =    39725.6132  ANGLE   =      420.1956  DIHED      =      973.8570
 VDWAALS =    49011.3283  EEL     =  -297357.4418  HBOND      =        0.0000
 1-4 VDW =      653.5897  1-4 EEL =     8728.3969  RESTRAINT  =        0.0000


   NSTEP       ENERGY          RMS            GMAX         NAME    NUMBER
   4550      -1.9789E+05     1.9246E-01     1.5938E+01     O       12887

 BOND    =    39766.8295  ANGLE   =      421.6421  DIHED      =      974.8006
 VDWAALS =    49100.1652  EEL     =  -297531.9202  HBOND      =        0.0000
 1-4 VDW =      653.8316  1-4 EEL =     8729.2956  RESTRAINT  =        0.0000


   NSTEP       ENERGY          RMS            GMAX         NAME    NUMBER
   4600      -1.9790E+05     9.7627E-02     9.3707E+00     CZ       1286

 BOND    =    39766.4777  ANGLE   =      420.3035  DIHED      =      974.7616
 VDWAALS =    49111.8510  EEL     =  -297552.6450  HBOND      =        0.0000
 1-4 VDW =      653.6783  1-4 EEL =     8728.9802  RESTRAINT  =        0.0000


   NSTEP       ENERGY          RMS            GMAX         NAME    NUMBER
   4650      -1.9790E+05     5.0810E-02     6.9421E+00     CD       3437

 BOND    =    39770.7617  ANGLE   =      420.4079  DIHED      =      974.7190
 VDWAALS =    49120.9918  EEL     =  -297571.7719  HBOND      =        0.0000
 1-4 VDW =      653.7565  1-4 EEL =     8729.3244  RESTRAINT  =        0.0000


   NSTEP       ENERGY          RMS            GMAX         NAME    NUMBER
   4700      -1.9791E+05     4.3132E-01     5.1942E+01     CD       3437

 BOND    =    39793.3029  ANGLE   =      421.2702  DIHED      =      975.4988
 VDWAALS =    49154.2673  EEL     =  -297640.8232  HBOND      =        0.0000
 1-4 VDW =      653.8333  1-4 EEL =     8728.9415  RESTRAINT  =        0.0000


   NSTEP       ENERGY          RMS            GMAX         NAME    NUMBER
   4750      -1.9793E+05     6.8956E-02     8.5778E+00     CD       3437

 BOND    =    39795.2870  ANGLE   =      420.7068  DIHED      =      975.0183
 VDWAALS =    49169.1284  EEL     =  -297671.3885  HBOND      =        0.0000
 1-4 VDW =      653.8899  1-4 EEL =     8729.6723  RESTRAINT  =        0.0000


   NSTEP       ENERGY          RMS            GMAX         NAME    NUMBER
   4800      -1.9793E+05     6.5017E-02     5.8952E+00     CZ       1286

 BOND    =    39799.0403  ANGLE   =      420.5401  DIHED      =      975.1878
 VDWAALS =    49180.3095  EEL     =  -297693.5601  HBOND      =        0.0000
 1-4 VDW =      653.8846  1-4 EEL =     8730.0238  RESTRAINT  =        0.0000


   NSTEP       ENERGY          RMS            GMAX         NAME    NUMBER
   4850      -1.9794E+05     4.4407E-02     4.4436E+00     CD       3437

 BOND    =    39801.7158  ANGLE   =      420.5657  DIHED      =      975.0889
 VDWAALS =    49186.2774  EEL     =  -297705.8070  HBOND      =        0.0000
 1-4 VDW =      653.9107  1-4 EEL =     8729.6285  RESTRAINT  =        0.0000


   NSTEP       ENERGY          RMS            GMAX         NAME    NUMBER
   4900      -1.9795E+05     4.1470E-02     2.5032E+00     NH1      2119

 BOND    =    39810.5372  ANGLE   =      420.5744  DIHED      =      975.1387
 VDWAALS =    49205.5906  EEL     =  -297745.9650  HBOND      =        0.0000
 1-4 VDW =      653.9339  1-4 EEL =     8729.6827  RESTRAINT  =        0.0000


   NSTEP       ENERGY          RMS            GMAX         NAME    NUMBER
   4950      -1.9796E+05     7.7311E-02     8.2268E+00     CD       3437

 BOND    =    39816.4966  ANGLE   =      420.5256  DIHED      =      975.3639
 VDWAALS =    49217.5877  EEL     =  -297771.0720  HBOND      =        0.0000
 1-4 VDW =      653.8553  1-4 EEL =     8730.1416  RESTRAINT  =        0.0000


   NSTEP       ENERGY          RMS            GMAX         NAME    NUMBER
   5000      -1.9796E+05     4.5234E-02     2.8688E+00     NH1      2119

 BOND    =    39820.9047  ANGLE   =      420.6763  DIHED      =      975.2066
 VDWAALS =    49227.1318  EEL     =  -297790.5554  HBOND      =        0.0000
 1-4 VDW =      653.9492  1-4 EEL =     8729.6448  RESTRAINT  =        0.0000


   NSTEP       ENERGY          RMS            GMAX         NAME    NUMBER
   5050      -1.9799E+05     5.2758E-02     5.8127E+00     H1      33932

 BOND    =    39843.9213  ANGLE   =      420.8812  DIHED      =      975.2584
 VDWAALS =    49278.2889  EEL     =  -297891.9785  HBOND      =        0.0000
 1-4 VDW =      653.9451  1-4 EEL =     8729.9682  RESTRAINT  =        0.0000


   NSTEP       ENERGY          RMS            GMAX         NAME    NUMBER
   5100      -1.9800E+05     6.3931E-02     4.4518E+00     CG       2110

 BOND    =    39849.1251  ANGLE   =      420.6702  DIHED      =      975.3373
 VDWAALS =    49290.0887  EEL     =  -297915.2399  HBOND      =        0.0000
 1-4 VDW =      653.8731  1-4 EEL =     8730.4338  RESTRAINT  =        0.0000


   NSTEP       ENERGY          RMS            GMAX         NAME    NUMBER
   5150      -1.9801E+05     5.8712E-02     7.8608E+00     CD       3437

 BOND    =    39857.6884  ANGLE   =      421.4112  DIHED      =      975.1444
 VDWAALS =    49309.5241  EEL     =  -297952.9251  HBOND      =        0.0000
 1-4 VDW =      653.9898  1-4 EEL =     8730.1237  RESTRAINT  =        0.0000


   NSTEP       ENERGY          RMS            GMAX         NAME    NUMBER
   5200      -1.9801E+05     5.4849E-02     7.6215E+00     CD       3437

 BOND    =    39860.4050  ANGLE   =      420.6340  DIHED      =      975.2123
 VDWAALS =    49318.0254  EEL     =  -297967.6631  HBOND      =        0.0000
 1-4 VDW =      653.8736  1-4 EEL =     8730.5632  RESTRAINT  =        0.0000


   NSTEP       ENERGY          RMS            GMAX         NAME    NUMBER
   5250      -1.9801E+05     6.0306E-02     4.4413E+00     CD       3437

 BOND    =    39863.0533  ANGLE   =      421.3761  DIHED      =      975.0690
 VDWAALS =    49324.9019  EEL     =  -297981.0491  HBOND      =        0.0000
 1-4 VDW =      654.0377  1-4 EEL =     8730.3169  RESTRAINT  =        0.0000


   NSTEP       ENERGY          RMS            GMAX         NAME    NUMBER
   5300      -1.9803E+05     4.9158E-02     2.2043E+00     HH11     2120

 BOND    =    39878.5305  ANGLE   =      420.5661  DIHED      =      974.9569
 VDWAALS =    49360.3951  EEL     =  -298048.8139  HBOND      =        0.0000
 1-4 VDW =      654.0293  1-4 EEL =     8730.9270  RESTRAINT  =        0.0000


   NSTEP       ENERGY          RMS            GMAX         NAME    NUMBER
   5350      -1.9803E+05     4.8201E-02     4.0540E+00     CD       3437

 BOND    =    39882.5903  ANGLE   =      421.0779  DIHED      =      974.7841
 VDWAALS =    49366.6924  EEL     =  -298062.9138  HBOND      =        0.0000
 1-4 VDW =      654.1906  1-4 EEL =     8730.6513  RESTRAINT  =        0.0000


   NSTEP       ENERGY          RMS            GMAX         NAME    NUMBER
   5400      -1.9804E+05     9.6985E-02     9.6212E+00     CD       3437

 BOND    =    39892.1539  ANGLE   =      420.2470  DIHED      =      974.9290
 VDWAALS =    49386.8985  EEL     =  -298101.1633  HBOND      =        0.0000
 1-4 VDW =      654.0439  1-4 EEL =     8731.3245  RESTRAINT  =        0.0000


   NSTEP       ENERGY          RMS            GMAX         NAME    NUMBER
   5450      -1.9805E+05     4.2740E-02     2.9934E+00     CG       1278

 BOND    =    39895.1165  ANGLE   =      421.2127  DIHED      =      974.5933
 VDWAALS =    49396.6427  EEL     =  -298119.8103  HBOND      =        0.0000
 1-4 VDW =      654.2524  1-4 EEL =     8731.0107  RESTRAINT  =        0.0000


   NSTEP       ENERGY          RMS            GMAX         NAME    NUMBER
   5500      -1.9806E+05     3.6880E-02     3.1951E+00     CB        244

 BOND    =    39903.9273  ANGLE   =      420.8415  DIHED      =      974.5273
 VDWAALS =    49417.6036  EEL     =  -298158.8427  HBOND      =        0.0000
 1-4 VDW =      654.3058  1-4 EEL =     8731.1139  RESTRAINT  =        0.0000


   NSTEP       ENERGY          RMS            GMAX         NAME    NUMBER
   5550      -1.9807E+05     1.1239E-01     6.8087E+00     H2      41865

 BOND    =    39914.4554  ANGLE   =      422.3959  DIHED      =      974.3839
 VDWAALS =    49436.3831  EEL     =  -298198.0990  HBOND      =        0.0000
 1-4 VDW =      654.6417  1-4 EEL =     8730.7649  RESTRAINT  =        0.0000


   NSTEP       ENERGY          RMS            GMAX         NAME    NUMBER
   5600      -1.9807E+05     3.3584E-02     1.9519E+00     O       42267

 BOND    =    39917.7569  ANGLE   =      420.6722  DIHED      =      974.4483
 VDWAALS =    49450.5069  EEL     =  -298222.2247  HBOND      =        0.0000
 1-4 VDW =      654.4092  1-4 EEL =     8731.2849  RESTRAINT  =        0.0000


   NSTEP       ENERGY          RMS            GMAX         NAME    NUMBER
   5650      -1.9808E+05     1.4118E-01     8.5996E+00     C        2636

 BOND    =    39924.9020  ANGLE   =      423.7182  DIHED      =      974.4720
 VDWAALS =    49464.2190  EEL     =  -298254.3774  HBOND      =        0.0000
 1-4 VDW =      654.9394  1-4 EEL =     8730.5956  RESTRAINT  =        0.0000


   NSTEP       ENERGY          RMS            GMAX         NAME    NUMBER
   5700      -1.9809E+05     5.1388E-02     4.6003E+00     O       27307

 BOND    =    39929.3449  ANGLE   =      420.8609  DIHED      =      974.3805
 VDWAALS =    49476.1302  EEL     =  -298277.3873  HBOND      =        0.0000
 1-4 VDW =      654.5833  1-4 EEL =     8731.2098  RESTRAINT  =        0.0000


   NSTEP       ENERGY          RMS            GMAX         NAME    NUMBER
   5750      -1.9810E+05     7.3194E-02     4.9718E+00     O       27027

 BOND    =    39937.9413  ANGLE   =      420.9548  DIHED      =      974.3341
 VDWAALS =    49496.6117  EEL     =  -298318.6095  HBOND      =        0.0000
 1-4 VDW =      654.7123  1-4 EEL =     8731.5294  RESTRAINT  =        0.0000


   NSTEP       ENERGY          RMS            GMAX         NAME    NUMBER
   5800      -1.9812E+05     5.0545E-02     5.2202E+00     CD       3437

 BOND    =    39953.2419  ANGLE   =      420.9605  DIHED      =      974.2633
 VDWAALS =    49532.7991  EEL     =  -298388.3237  HBOND      =        0.0000
 1-4 VDW =      654.9643  1-4 EEL =     8731.3099  RESTRAINT  =        0.0000


   NSTEP       ENERGY          RMS            GMAX         NAME    NUMBER
   5850      -1.9812E+05     7.8227E-02     1.2495E+01     CD       3437

 BOND    =    39954.5842  ANGLE   =      420.7667  DIHED      =      974.4264
 VDWAALS =    49538.4064  EEL     =  -298397.9986  HBOND      =        0.0000
 1-4 VDW =      654.9629  1-4 EEL =     8731.1581  RESTRAINT  =        0.0000


   NSTEP       ENERGY          RMS            GMAX         NAME    NUMBER
   5900      -1.9813E+05     5.8879E-02     1.0658E+01     CD       3437

 BOND    =    39957.0528  ANGLE   =      420.9797  DIHED      =      974.2223
 VDWAALS =    49543.5449  EEL     =  -298408.8138  HBOND      =        0.0000
 1-4 VDW =      655.0101  1-4 EEL =     8731.3284  RESTRAINT  =        0.0000


   NSTEP       ENERGY          RMS            GMAX         NAME    NUMBER
   5950      -1.9815E+05     4.7624E-01     6.7952E+01     CD       3437

 BOND    =    40003.1748  ANGLE   =      421.3330  DIHED      =      974.6844
 VDWAALS =    49601.0636  EEL     =  -298536.6227  HBOND      =        0.0000
 1-4 VDW =      655.1502  1-4 EEL =     8731.2245  RESTRAINT  =        0.0000


   NSTEP       ENERGY          RMS            GMAX         NAME    NUMBER
   6000      -1.9816E+05     1.2550E-01     1.7227E+01     CD       3437

 BOND    =    39985.6615  ANGLE   =      421.1742  DIHED      =      974.0866
 VDWAALS =    49603.9113  EEL     =  -298531.3937  HBOND      =        0.0000
 1-4 VDW =      655.2058  1-4 EEL =     8730.6193  RESTRAINT  =        0.0000


   NSTEP       ENERGY          RMS            GMAX         NAME    NUMBER
   6050      -1.9817E+05     4.5973E-02     6.8703E+00     CD       3437

 BOND    =    39987.8180  ANGLE   =      420.8267  DIHED      =      973.9447
 VDWAALS =    49609.6679  EEL     =  -298543.7523  HBOND      =        0.0000
 1-4 VDW =      655.1849  1-4 EEL =     8730.8049  RESTRAINT  =        0.0000


   NSTEP       ENERGY          RMS            GMAX         NAME    NUMBER
   6100      -1.9818E+05     3.4535E-02     4.8518E+00     CD       3437

 BOND    =    39994.5920  ANGLE   =      421.0080  DIHED      =      973.6294
 VDWAALS =    49622.5206  EEL     =  -298572.9723  HBOND      =        0.0000
 1-4 VDW =      655.1195  1-4 EEL =     8730.4117  RESTRAINT  =        0.0000


   NSTEP       ENERGY          RMS            GMAX         NAME    NUMBER
   6150      -1.9818E+05     1.0042E-01     9.4973E+00     H1      41844

 BOND    =    39999.7284  ANGLE   =      421.0593  DIHED      =      973.5466
 VDWAALS =    49633.1652  EEL     =  -298596.5389  HBOND      =        0.0000
 1-4 VDW =      655.0103  1-4 EEL =     8729.9056  RESTRAINT  =        0.0000


   NSTEP       ENERGY          RMS            GMAX         NAME    NUMBER
   6200      -1.9819E+05     8.0601E-02     1.1167E+01     O       27731

 BOND    =    40002.6871  ANGLE   =      421.4472  DIHED      =      973.0601
 VDWAALS =    49646.6045  EEL     =  -298623.2721  HBOND      =        0.0000
 1-4 VDW =      655.0280  1-4 EEL =     8729.6135  RESTRAINT  =        0.0000


   NSTEP       ENERGY          RMS            GMAX         NAME    NUMBER
   6250      -1.9821E+05     5.5645E-02     5.8961E+00     CD       3437

 BOND    =    40020.8304  ANGLE   =      421.5582  DIHED      =      972.7983
 VDWAALS =    49670.4898  EEL     =  -298679.6366  HBOND      =        0.0000
 1-4 VDW =      655.0837  1-4 EEL =     8729.1863  RESTRAINT  =        0.0000


   NSTEP       ENERGY          RMS            GMAX         NAME    NUMBER
   6300      -1.9822E+05     9.7723E-02     1.4799E+01     CD       3437

 BOND    =    40032.0378  ANGLE   =      421.5067  DIHED      =      972.7261
 VDWAALS =    49690.7348  EEL     =  -298724.5763  HBOND      =        0.0000
 1-4 VDW =      655.2621  1-4 EEL =     8729.0265  RESTRAINT  =        0.0000


   NSTEP       ENERGY          RMS            GMAX         NAME    NUMBER
   6350      -1.9823E+05     3.2326E-01     2.6189E+01     O       42151

 BOND    =    40052.0509  ANGLE   =      422.0316  DIHED      =      973.1602
 VDWAALS =    49704.6844  EEL     =  -298765.9138  HBOND      =        0.0000
 1-4 VDW =      655.3479  1-4 EEL =     8728.4451  RESTRAINT  =        0.0000


   NSTEP       ENERGY          RMS            GMAX         NAME    NUMBER
   6400      -1.9824E+05     4.7281E-02     4.5811E+00     CD       3437

 BOND    =    40038.5808  ANGLE   =      421.4857  DIHED      =      972.7472
 VDWAALS =    49709.5911  EEL     =  -298764.2041  HBOND      =        0.0000
 1-4 VDW =      655.4008  1-4 EEL =     8728.5693  RESTRAINT  =        0.0000


   NSTEP       ENERGY          RMS            GMAX         NAME    NUMBER
   6450      -1.9824E+05     6.8447E-02     8.5128E+00     CD       3437

 BOND    =    40042.1916  ANGLE   =      421.4343  DIHED      =      972.7400
 VDWAALS =    49715.1092  EEL     =  -298776.8920  HBOND      =        0.0000
 1-4 VDW =      655.4475  1-4 EEL =     8728.4902  RESTRAINT  =        0.0000


   NSTEP       ENERGY          RMS            GMAX         NAME    NUMBER
   6500      -1.9825E+05     8.3557E-02     7.5830E+00     CB        255

 BOND    =    40051.8081  ANGLE   =      421.6490  DIHED      =      972.8920
 VDWAALS =    49724.5316  EEL     =  -298801.9941  HBOND      =        0.0000
 1-4 VDW =      655.4869  1-4 EEL =     8728.3518  RESTRAINT  =        0.0000


   NSTEP       ENERGY          RMS            GMAX         NAME    NUMBER
   6550      -1.9825E+05     1.6158E-01     1.9295E+01     CB        255

 BOND    =    40051.8768  ANGLE   =      421.7183  DIHED      =      972.8151
 VDWAALS =    49736.5614  EEL     =  -298820.6742  HBOND      =        0.0000
 1-4 VDW =      655.5908  1-4 EEL =     8728.1909  RESTRAINT  =        0.0000


   NSTEP       ENERGY          RMS            GMAX         NAME    NUMBER
   6600      -1.9829E+05     8.2023E-02     1.1777E+01     CD       3437

 BOND    =    40080.1071  ANGLE   =      421.9687  DIHED      =      973.0305
 VDWAALS =    49801.8692  EEL     =  -298949.5271  HBOND      =        0.0000
 1-4 VDW =      655.7622  1-4 EEL =     8727.3884  RESTRAINT  =        0.0000


   NSTEP       ENERGY          RMS            GMAX         NAME    NUMBER
   6650      -1.9829E+05     6.6092E-02     8.1477E+00     CD       3437

 BOND    =    40083.3046  ANGLE   =      421.9179  DIHED      =      973.0604
 VDWAALS =    49809.2924  EEL     =  -298965.0185  HBOND      =        0.0000
 1-4 VDW =      655.7647  1-4 EEL =     8727.4469  RESTRAINT  =        0.0000


   NSTEP       ENERGY          RMS            GMAX         NAME    NUMBER
   6700      -1.9830E+05     1.0729E-01     1.7129E+01     CD       3437

 BOND    =    40086.9607  ANGLE   =      422.3845  DIHED      =      973.3180
 VDWAALS =    49819.2311  EEL     =  -298985.1562  HBOND      =        0.0000
 1-4 VDW =      655.7765  1-4 EEL =     8727.4233  RESTRAINT  =        0.0000


   NSTEP       ENERGY          RMS            GMAX         NAME    NUMBER
   6750      -1.9830E+05     3.6129E-02     4.1230E+00     CD       3437

 BOND    =    40090.5515  ANGLE   =      422.0839  DIHED      =      973.1582
 VDWAALS =    49824.8187  EEL     =  -298997.8961  HBOND      =        0.0000
 1-4 VDW =      655.7783  1-4 EEL =     8727.4713  RESTRAINT  =        0.0000


   NSTEP       ENERGY          RMS            GMAX         NAME    NUMBER
   6800      -1.9831E+05     2.4049E-01     4.0059E+01     CD       3437

 BOND    =    40095.9986  ANGLE   =      422.5322  DIHED      =      973.5678
 VDWAALS =    49833.4779  EEL     =  -299017.1899  HBOND      =        0.0000
 1-4 VDW =      655.8242  1-4 EEL =     8727.4239  RESTRAINT  =        0.0000


   NSTEP       ENERGY          RMS            GMAX         NAME    NUMBER
   6850      -1.9832E+05     3.1469E-02     2.4235E+00     H1      36728

 BOND    =    40102.2800  ANGLE   =      422.2780  DIHED      =      973.3265
 VDWAALS =    49849.0750  EEL     =  -299052.0561  HBOND      =        0.0000
 1-4 VDW =      655.8360  1-4 EEL =     8727.3802  RESTRAINT  =        0.0000


   NSTEP       ENERGY          RMS            GMAX         NAME    NUMBER
   6900      -1.9833E+05     3.5430E-01     6.9788E+01     CD       3437

 BOND    =    40109.5122  ANGLE   =      422.8596  DIHED      =      973.4452
 VDWAALS =    49864.5205  EEL     =  -299081.3266  HBOND      =        0.0000
 1-4 VDW =      655.8753  1-4 EEL =     8727.4289  RESTRAINT  =        0.0000


   NSTEP       ENERGY          RMS            GMAX         NAME    NUMBER
   6950      -1.9834E+05     7.0088E-02     7.3095E+00     H1      36728

 BOND    =    40113.0497  ANGLE   =      422.4589  DIHED      =      973.3718
 VDWAALS =    49874.2144  EEL     =  -299102.6204  HBOND      =        0.0000
 1-4 VDW =      655.8482  1-4 EEL =     8727.4760  RESTRAINT  =        0.0000


   NSTEP       ENERGY          RMS            GMAX         NAME    NUMBER
   7000      -1.9834E+05     4.3916E-02     2.9463E+00     H1      36728

 BOND    =    40119.6185  ANGLE   =      422.4729  DIHED      =      973.4417
 VDWAALS =    49888.1327  EEL     =  -299130.1805  HBOND      =        0.0000
 1-4 VDW =      655.9061  1-4 EEL =     8727.3870  RESTRAINT  =        0.0000


   NSTEP       ENERGY          RMS            GMAX         NAME    NUMBER
   7050      -1.9835E+05     2.9355E-01     4.8000E+01     CD       3437

 BOND    =    40127.4359  ANGLE   =      422.8439  DIHED      =      973.5278
 VDWAALS =    49903.7435  EEL     =  -299159.7778  HBOND      =        0.0000
 1-4 VDW =      656.0737  1-4 EEL =     8727.2862  RESTRAINT  =        0.0000


   NSTEP       ENERGY          RMS            GMAX         NAME    NUMBER
   7100      -1.9836E+05     3.9253E-02     2.9705E+00     H1      36728

 BOND    =    40129.8563  ANGLE   =      422.3993  DIHED      =      973.4797
 VDWAALS =    49913.1239  EEL     =  -299178.7410  HBOND      =        0.0000
 1-4 VDW =      655.9706  1-4 EEL =     8727.4899  RESTRAINT  =        0.0000


   NSTEP       ENERGY          RMS            GMAX         NAME    NUMBER
   7150      -1.9836E+05     4.1402E-01     5.6079E+01     CD       3437

 BOND    =    40139.4040  ANGLE   =      423.6359  DIHED      =      974.0030
 VDWAALS =    49926.0357  EEL     =  -299205.0733  HBOND      =        0.0000
 1-4 VDW =      656.3096  1-4 EEL =     8726.8056  RESTRAINT  =        0.0000


   NSTEP       ENERGY          RMS            GMAX         NAME    NUMBER
   7200      -1.9838E+05     4.2179E-02     4.2529E+00     CD       3437

 BOND    =    40147.0691  ANGLE   =      422.5300  DIHED      =      973.6041
 VDWAALS =    49952.6289  EEL     =  -299260.8779  HBOND      =        0.0000
 1-4 VDW =      656.0172  1-4 EEL =     8727.4436  RESTRAINT  =        0.0000


   NSTEP       ENERGY          RMS            GMAX         NAME    NUMBER
   7250      -1.9839E+05     3.7308E-02     4.4039E+00     CD       3437

 BOND    =    40150.8324  ANGLE   =      422.4642  DIHED      =      973.6172
 VDWAALS =    49959.9032  EEL     =  -299276.5183  HBOND      =        0.0000
 1-4 VDW =      656.0589  1-4 EEL =     8727.4081  RESTRAINT  =        0.0000


   NSTEP       ENERGY          RMS            GMAX         NAME    NUMBER
   7300      -1.9839E+05     1.1060E-01     7.7477E+00     CD       3437

 BOND    =    40161.2244  ANGLE   =      422.6149  DIHED      =      973.6272
 VDWAALS =    49974.9235  EEL     =  -299310.8661  HBOND      =        0.0000
 1-4 VDW =      656.0889  1-4 EEL =     8727.7682  RESTRAINT  =        0.0000


   NSTEP       ENERGY          RMS            GMAX         NAME    NUMBER
   7350      -1.9841E+05     1.2520E-01     2.3367E+01     CD       3437

 BOND    =    40170.0113  ANGLE   =      422.2986  DIHED      =      973.6887
 VDWAALS =    50000.7799  EEL     =  -299360.8038  HBOND      =        0.0000
 1-4 VDW =      656.0623  1-4 EEL =     8727.7350  RESTRAINT  =        0.0000


   NSTEP       ENERGY          RMS            GMAX         NAME    NUMBER
   7400      -1.9841E+05     4.9791E-02     3.7833E+00     CD       3437

 BOND    =    40172.6869  ANGLE   =      422.7515  DIHED      =      973.5297
 VDWAALS =    50005.4927  EEL     =  -299372.5121  HBOND      =        0.0000
 1-4 VDW =      656.3137  1-4 EEL =     8727.5407  RESTRAINT  =        0.0000


   NSTEP       ENERGY          RMS            GMAX         NAME    NUMBER
   7450      -1.9842E+05     1.4021E-01     7.9665E+00     O       32327

 BOND    =    40177.4005  ANGLE   =      422.6885  DIHED      =      973.5797
 VDWAALS =    50017.8258  EEL     =  -299395.0947  HBOND      =        0.0000
 1-4 VDW =      656.2819  1-4 EEL =     8727.5435  RESTRAINT  =        0.0000


   NSTEP       ENERGY          RMS            GMAX         NAME    NUMBER
   7500      -1.9843E+05     3.1699E-02     1.4821E+00     CB        664

 BOND    =    40183.2154  ANGLE   =      422.3257  DIHED      =      973.3586
 VDWAALS =    50026.0411  EEL     =  -299414.5725  HBOND      =        0.0000
 1-4 VDW =      656.2795  1-4 EEL =     8727.7241  RESTRAINT  =        0.0000


   NSTEP       ENERGY          RMS            GMAX         NAME    NUMBER
   7550      -1.9843E+05     2.8014E-02     3.2864E+00     CD       3437

 BOND    =    40187.1667  ANGLE   =      422.3024  DIHED      =      973.2830
 VDWAALS =    50035.3432  EEL     =  -299432.8596  HBOND      =        0.0000
 1-4 VDW =      656.3199  1-4 EEL =     8727.7171  RESTRAINT  =        0.0000


   NSTEP       ENERGY          RMS            GMAX         NAME    NUMBER
   7600      -1.9844E+05     3.1743E-01     6.7493E+01     CD       3437

 BOND    =    40199.0383  ANGLE   =      423.2904  DIHED      =      973.3301
 VDWAALS =    50052.3111  EEL     =  -299468.7570  HBOND      =        0.0000
 1-4 VDW =      656.4675  1-4 EEL =     8728.0252  RESTRAINT  =        0.0000


   NSTEP       ENERGY          RMS            GMAX         NAME    NUMBER
   7650      -1.9845E+05     4.6175E-02     5.8498E+00     CD       3437

 BOND    =    40200.4852  ANGLE   =      422.2226  DIHED      =      973.0338
 VDWAALS =    50062.4823  EEL     =  -299488.5993  HBOND      =        0.0000
 1-4 VDW =      656.5047  1-4 EEL =     8727.8287  RESTRAINT  =        0.0000


   NSTEP       ENERGY          RMS            GMAX         NAME    NUMBER
   7700      -1.9845E+05     1.0514E-01     9.8592E+00     CB        387

 BOND    =    40200.5698  ANGLE   =      422.1693  DIHED      =      972.9477
 VDWAALS =    50071.0966  EEL     =  -299502.9957  HBOND      =        0.0000
 1-4 VDW =      656.5601  1-4 EEL =     8728.0216  RESTRAINT  =        0.0000


   NSTEP       ENERGY          RMS            GMAX         NAME    NUMBER
   7750      -1.9845E+05     4.6209E-01     5.6605E+01     CB        387

 BOND    =    40229.4419  ANGLE   =      423.4188  DIHED      =      973.0345
 VDWAALS =    50078.0559  EEL     =  -299538.4368  HBOND      =        0.0000
 1-4 VDW =      656.7280  1-4 EEL =     8728.8845  RESTRAINT  =        0.0000


   NSTEP       ENERGY          RMS            GMAX         NAME    NUMBER
   7800      -1.9846E+05     6.1478E-01     5.2348E+01     CD       3437

 BOND    =    40174.4139  ANGLE   =      423.6761  DIHED      =      973.1785
 VDWAALS =    50103.6511  EEL     =  -299521.1394  HBOND      =        0.0000
 1-4 VDW =      656.8842  1-4 EEL =     8729.0933  RESTRAINT  =        0.0000


   NSTEP       ENERGY          RMS            GMAX         NAME    NUMBER
   7850      -1.9848E+05     7.4271E-02     1.1431E+01     CD       3437

 BOND    =    40221.6073  ANGLE   =      422.5628  DIHED      =      972.6677
 VDWAALS =    50106.9508  EEL     =  -299584.3285  HBOND      =        0.0000
 1-4 VDW =      656.8271  1-4 EEL =     8727.9475  RESTRAINT  =        0.0000


   NSTEP       ENERGY          RMS            GMAX         NAME    NUMBER
   7900      -1.9848E+05     2.6346E-02     1.7067E+00     O       32327

 BOND    =    40227.8578  ANGLE   =      422.1010  DIHED      =      972.7502
 VDWAALS =    50120.6738  EEL     =  -299612.2680  HBOND      =        0.0000
 1-4 VDW =      656.8255  1-4 EEL =     8728.2007  RESTRAINT  =        0.0000


   NSTEP       ENERGY          RMS            GMAX         NAME    NUMBER
   7950      -1.9849E+05     1.8490E-01     1.8451E+01     CD       3437

 BOND    =    40236.1336  ANGLE   =      422.7239  DIHED      =      972.7775
 VDWAALS =    50137.6257  EEL     =  -299644.4007  HBOND      =        0.0000
 1-4 VDW =      656.9632  1-4 EEL =     8727.8667  RESTRAINT  =        0.0000


   NSTEP       ENERGY          RMS            GMAX         NAME    NUMBER
   8000      -1.9849E+05     2.1447E-02     1.4707E+00     CD       3437

 BOND    =    40237.2788  ANGLE   =      422.1596  DIHED      =      972.6975
 VDWAALS =    50144.3906  EEL     =  -299656.3335  HBOND      =        0.0000
 1-4 VDW =      656.9125  1-4 EEL =     8728.2559  RESTRAINT  =        0.0000


   NSTEP       ENERGY          RMS            GMAX         NAME    NUMBER
   8050      -1.9850E+05     2.8699E-01     4.0936E+01     CD       3437

 BOND    =    40249.7591  ANGLE   =      424.3946  DIHED      =      975.2328
 VDWAALS =    50166.2990  EEL     =  -299696.4530  HBOND      =        0.0000
 1-4 VDW =      656.7882  1-4 EEL =     8728.1626  RESTRAINT  =        0.0000


   NSTEP       ENERGY          RMS            GMAX         NAME    NUMBER
   8100      -1.9851E+05     5.2349E-02     6.4413E+00     CD       3437

 BOND    =    40246.7660  ANGLE   =      422.2353  DIHED      =      972.7587
 VDWAALS =    50169.8816  EEL     =  -299703.0382  HBOND      =        0.0000
 1-4 VDW =      656.9821  1-4 EEL =     8728.3910  RESTRAINT  =        0.0000


   NSTEP       ENERGY          RMS            GMAX         NAME    NUMBER
   8150      -1.9851E+05     3.7224E-02     2.1919E+00     CD       3437

 BOND    =    40248.0848  ANGLE   =      422.1700  DIHED      =      972.7783
 VDWAALS =    50174.0305  EEL     =  -299710.2686  HBOND      =        0.0000
 1-4 VDW =      656.9468  1-4 EEL =     8728.3607  RESTRAINT  =        0.0000


   NSTEP       ENERGY          RMS            GMAX         NAME    NUMBER
   8200      -1.9851E+05     5.1925E-02     4.8138E+00     CB        834

 BOND    =    40250.4906  ANGLE   =      422.2354  DIHED      =      972.7953
 VDWAALS =    50180.1734  EEL     =  -299722.0901  HBOND      =        0.0000
 1-4 VDW =      656.9905  1-4 EEL =     8728.4681  RESTRAINT  =        0.0000


   NSTEP       ENERGY          RMS            GMAX         NAME    NUMBER
   8250      -1.9851E+05     6.9604E-02     9.1884E+00     CD       3437

 BOND    =    40251.8873  ANGLE   =      422.2669  DIHED      =      972.8162
 VDWAALS =    50184.0870  EEL     =  -299729.0933  HBOND      =        0.0000
 1-4 VDW =      656.9744  1-4 EEL =     8728.2998  RESTRAINT  =        0.0000


   NSTEP       ENERGY          RMS            GMAX         NAME    NUMBER
   8300      -1.9851E+05     7.7683E-02     1.6179E+01     CD       3437

 BOND    =    40253.2502  ANGLE   =      422.3342  DIHED      =      972.7960
 VDWAALS =    50188.4362  EEL     =  -299737.2928  HBOND      =        0.0000
 1-4 VDW =      657.0023  1-4 EEL =     8728.5439  RESTRAINT  =        0.0000


   NSTEP       ENERGY          RMS            GMAX         NAME    NUMBER
   8350      -1.9852E+05     2.0794E-02     1.6919E+00     CD       3437

 BOND    =    40256.0302  ANGLE   =      422.2091  DIHED      =      972.8545
 VDWAALS =    50195.7225  EEL     =  -299751.2901  HBOND      =        0.0000
 1-4 VDW =      656.9927  1-4 EEL =     8728.4894  RESTRAINT  =        0.0000


   NSTEP       ENERGY          RMS            GMAX         NAME    NUMBER
   8400      -1.9852E+05     1.3080E-01     9.7560E+00     H1      44436

 BOND    =    40258.3562  ANGLE   =      422.4128  DIHED      =      972.8814
 VDWAALS =    50202.8432  EEL     =  -299764.2784  HBOND      =        0.0000
 1-4 VDW =      657.0358  1-4 EEL =     8728.6950  RESTRAINT  =        0.0000


   NSTEP       ENERGY          RMS            GMAX         NAME    NUMBER
   8450      -1.9853E+05     1.8301E-02     8.6477E-01     OE1      1317

 BOND    =    40261.1145  ANGLE   =      422.2580  DIHED      =      972.9453
 VDWAALS =    50208.8851  EEL     =  -299777.0296  HBOND      =        0.0000
 1-4 VDW =      657.0140  1-4 EEL =     8728.6295  RESTRAINT  =        0.0000


   NSTEP       ENERGY          RMS            GMAX         NAME    NUMBER
   8500      -1.9854E+05     5.5965E-02     9.8938E+00     CD       3437

 BOND    =    40271.4627  ANGLE   =      421.9594  DIHED      =      973.3782
 VDWAALS =    50235.6528  EEL     =  -299829.8097  HBOND      =        0.0000
 1-4 VDW =      656.9527  1-4 EEL =     8729.0211  RESTRAINT  =        0.0000


   NSTEP       ENERGY          RMS            GMAX         NAME    NUMBER
   8550      -1.9855E+05     5.2705E-02     6.7882E+00     CD       3437

 BOND    =    40278.9515  ANGLE   =      422.5121  DIHED      =      973.6139
 VDWAALS =    50256.2362  EEL     =  -299868.7447  HBOND      =        0.0000
 1-4 VDW =      656.9940  1-4 EEL =     8729.0985  RESTRAINT  =        0.0000


   NSTEP       ENERGY          RMS            GMAX         NAME    NUMBER
   8600      -1.9856E+05     1.0732E-01     1.4138E+01     CD       1316

 BOND    =    40283.7754  ANGLE   =      423.2678  DIHED      =      973.5195
 VDWAALS =    50266.1866  EEL     =  -299888.1963  HBOND      =        0.0000
 1-4 VDW =      657.0436  1-4 EEL =     8728.8340  RESTRAINT  =        0.0000


   NSTEP       ENERGY          RMS            GMAX         NAME    NUMBER
   8650      -1.9856E+05     2.2824E-02     1.2052E+00     CA        662

 BOND    =    40292.0825  ANGLE   =      422.7488  DIHED      =      973.6308
 VDWAALS =    50289.5229  EEL     =  -299928.8364  HBOND      =        0.0000
 1-4 VDW =      657.0155  1-4 EEL =     8729.1146  RESTRAINT  =        0.0000


   NSTEP       ENERGY          RMS            GMAX         NAME    NUMBER
   8700      -1.9857E+05     2.2957E-02     1.9416E+00     H2      30293

 BOND    =    40296.4694  ANGLE   =      422.8722  DIHED      =      973.6987
 VDWAALS =    50302.7156  EEL     =  -299951.3612  HBOND      =        0.0000
 1-4 VDW =      657.1230  1-4 EEL =     8729.1325  RESTRAINT  =        0.0000


   NSTEP       ENERGY          RMS            GMAX         NAME    NUMBER
   8750      -1.9858E+05     6.0836E-02     6.3021E+00     CD       3437

 BOND    =    40306.5451  ANGLE   =      422.9025  DIHED      =      973.8547
 VDWAALS =    50326.5355  EEL     =  -299993.9451  HBOND      =        0.0000
 1-4 VDW =      657.3210  1-4 EEL =     8729.3786  RESTRAINT  =        0.0000


   NSTEP       ENERGY          RMS            GMAX         NAME    NUMBER
   8800      -1.9859E+05     6.9146E-02     6.9885E+00     CD       3437

 BOND    =    40319.9501  ANGLE   =      422.8388  DIHED      =      973.9595
 VDWAALS =    50353.4666  EEL     =  -300044.5651  HBOND      =        0.0000
 1-4 VDW =      657.5319  1-4 EEL =     8729.8073  RESTRAINT  =        0.0000


   NSTEP       ENERGY          RMS            GMAX         NAME    NUMBER
   8850      -1.9859E+05     7.8250E-02     6.8207E+00     CG       1313

 BOND    =    40322.6668  ANGLE   =      422.6959  DIHED      =      974.1394
 VDWAALS =    50362.1588  EEL     =  -300059.1700  HBOND      =        0.0000
 1-4 VDW =      657.4704  1-4 EEL =     8729.9584  RESTRAINT  =        0.0000


   NSTEP       ENERGY          RMS            GMAX         NAME    NUMBER
   8900      -1.9860E+05     1.9966E-02     6.2590E-01     HG1      1129

 BOND    =    40327.0694  ANGLE   =      422.6840  DIHED      =      974.0718
 VDWAALS =    50374.1952  EEL     =  -300081.5524  HBOND      =        0.0000
 1-4 VDW =      657.6055  1-4 EEL =     8730.0698  RESTRAINT  =        0.0000


   NSTEP       ENERGY          RMS            GMAX         NAME    NUMBER
   8950      -1.9860E+05     5.6987E-02     7.0158E+00     CD       3437

 BOND    =    40330.3484  ANGLE   =      422.8637  DIHED      =      974.0720
 VDWAALS =    50384.3838  EEL     =  -300099.1450  HBOND      =        0.0000
 1-4 VDW =      657.6738  1-4 EEL =     8730.2173  RESTRAINT  =        0.0000


   NSTEP       ENERGY          RMS            GMAX         NAME    NUMBER
   9000      -1.9860E+05     5.5021E-02     4.6913E+00     CD       3437

 BOND    =    40337.3929  ANGLE   =      422.7034  DIHED      =      973.9950
 VDWAALS =    50396.3202  EEL     =  -300122.6229  HBOND      =        0.0000
 1-4 VDW =      657.7392  1-4 EEL =     8730.3224  RESTRAINT  =        0.0000


   NSTEP       ENERGY          RMS            GMAX         NAME    NUMBER
   9050      -1.9861E+05     8.4700E-02     5.4574E+00     CB       1310

 BOND    =    40338.9416  ANGLE   =      422.4811  DIHED      =      973.9509
 VDWAALS =    50403.1310  EEL     =  -300132.9983  HBOND      =        0.0000
 1-4 VDW =      657.7252  1-4 EEL =     8730.3939  RESTRAINT  =        0.0000


   NSTEP       ENERGY          RMS            GMAX         NAME    NUMBER
   9100      -1.9861E+05     4.3460E-02     2.1781E+00     CB       1310

 BOND    =    40343.2185  ANGLE   =      422.6025  DIHED      =      973.8697
 VDWAALS =    50409.5665  EEL     =  -300146.5540  HBOND      =        0.0000
 1-4 VDW =      657.8029  1-4 EEL =     8730.3588  RESTRAINT  =        0.0000


   NSTEP       ENERGY          RMS            GMAX         NAME    NUMBER
   9150      -1.9862E+05     2.4524E-01     3.4727E+01     CD       3437

 BOND    =    40352.2628  ANGLE   =      421.9985  DIHED      =      973.9673
 VDWAALS =    50444.1647  EEL     =  -300199.4223  HBOND      =        0.0000
 1-4 VDW =      657.7206  1-4 EEL =     8730.8378  RESTRAINT  =        0.0000


   NSTEP       ENERGY          RMS            GMAX         NAME    NUMBER
   9200      -1.9860E+05     1.0431E+00     1.4746E+02     CD       3437

 BOND    =    40340.1326  ANGLE   =      424.0459  DIHED      =      974.4072
 VDWAALS =    50471.0141  EEL     =  -300194.8196  HBOND      =        0.0000
 1-4 VDW =      658.4040  1-4 EEL =     8729.9921  RESTRAINT  =        0.0000


   NSTEP       ENERGY          RMS            GMAX         NAME    NUMBER
   9250      -1.9863E+05     7.7785E-02     7.6630E+00     H2      44985

 BOND    =    40378.7178  ANGLE   =      422.4830  DIHED      =      973.8824
 VDWAALS =    50473.8625  EEL     =  -300273.0232  HBOND      =        0.0000
 1-4 VDW =      658.1691  1-4 EEL =     8730.9984  RESTRAINT  =        0.0000


   NSTEP       ENERGY          RMS            GMAX         NAME    NUMBER
   9300      -1.9864E+05     9.2135E-02     1.6580E+01     CD       3437

 BOND    =    40374.8643  ANGLE   =      422.2438  DIHED      =      973.9886
 VDWAALS =    50479.4846  EEL     =  -300279.2754  HBOND      =        0.0000
 1-4 VDW =      658.2016  1-4 EEL =     8731.0028  RESTRAINT  =        0.0000


   NSTEP       ENERGY          RMS            GMAX         NAME    NUMBER
   9350      -1.9864E+05     2.5965E-02     1.9273E+00     CD       3437

 BOND    =    40379.4929  ANGLE   =      422.4970  DIHED      =      973.9019
 VDWAALS =    50484.5713  EEL     =  -300293.7937  HBOND      =        0.0000
 1-4 VDW =      658.2726  1-4 EEL =     8731.1952  RESTRAINT  =        0.0000


   NSTEP       ENERGY          RMS            GMAX         NAME    NUMBER
   9400      -1.9865E+05     1.6913E-01     2.1761E+01     CD       3437

 BOND    =    40382.1631  ANGLE   =      422.3753  DIHED      =      973.9674
 VDWAALS =    50489.4281  EEL     =  -300304.5002  HBOND      =        0.0000
 1-4 VDW =      658.2970  1-4 EEL =     8731.3158  RESTRAINT  =        0.0000


   NSTEP       ENERGY          RMS            GMAX         NAME    NUMBER
   9450      -1.9866E+05     2.8964E-01     4.5824E+01     CD       3437

 BOND    =    40384.7851  ANGLE   =      423.6946  DIHED      =      974.1435
 VDWAALS =    50510.0401  EEL     =  -300339.5777  HBOND      =        0.0000
 1-4 VDW =      658.4355  1-4 EEL =     8730.9471  RESTRAINT  =        0.0000


   NSTEP       ENERGY          RMS            GMAX         NAME    NUMBER
   9500      -1.9866E+05     5.4619E-02     4.5881E+00     CD       3437

 BOND    =    40390.9142  ANGLE   =      422.3223  DIHED      =      974.0614
 VDWAALS =    50513.0241  EEL     =  -300355.1465  HBOND      =        0.0000
 1-4 VDW =      658.4360  1-4 EEL =     8731.5654  RESTRAINT  =        0.0000


   NSTEP       ENERGY          RMS            GMAX         NAME    NUMBER
   9550      -1.9867E+05     3.1485E-02     2.6856E+00     CD       3437

 BOND    =    40397.8494  ANGLE   =      422.1478  DIHED      =      974.0705
 VDWAALS =    50518.3756  EEL     =  -300371.2998  HBOND      =        0.0000
 1-4 VDW =      658.4585  1-4 EEL =     8731.5427  RESTRAINT  =        0.0000


   NSTEP       ENERGY          RMS            GMAX         NAME    NUMBER
   9600      -1.9868E+05     6.8995E-02     4.8704E+00     CE3       679

 BOND    =    40406.1581  ANGLE   =      422.3662  DIHED      =      974.3598
 VDWAALS =    50533.6019  EEL     =  -300402.8996  HBOND      =        0.0000
 1-4 VDW =      658.6120  1-4 EEL =     8731.5143  RESTRAINT  =        0.0000


   NSTEP       ENERGY          RMS            GMAX         NAME    NUMBER
   9650      -1.9869E+05     8.3149E-02     7.5698E+00     H1      22948

 BOND    =    40413.4468  ANGLE   =      422.0268  DIHED      =      974.2783
 VDWAALS =    50556.5617  EEL     =  -300443.4147  HBOND      =        0.0000
 1-4 VDW =      658.6530  1-4 EEL =     8731.7749  RESTRAINT  =        0.0000


   NSTEP       ENERGY          RMS            GMAX         NAME    NUMBER
   9700      -1.9869E+05     9.5696E-02     8.8074E+00     CB        936

 BOND    =    40415.5215  ANGLE   =      422.1984  DIHED      =      974.1379
 VDWAALS =    50560.1427  EEL     =  -300452.0204  HBOND      =        0.0000
 1-4 VDW =      658.6515  1-4 EEL =     8731.8775  RESTRAINT  =        0.0000


   NSTEP       ENERGY          RMS            GMAX         NAME    NUMBER
   9750      -1.9870E+05     4.9729E-02     2.5843E+00     CD       1756

 BOND    =    40420.5024  ANGLE   =      422.1018  DIHED      =      974.2003
 VDWAALS =    50574.8809  EEL     =  -300478.9268  HBOND      =        0.0000
 1-4 VDW =      658.8098  1-4 EEL =     8732.0878  RESTRAINT  =        0.0000


   NSTEP       ENERGY          RMS            GMAX         NAME    NUMBER
   9800      -1.9870E+05     4.9362E-02     6.3759E+00     CD       3437

 BOND    =    40424.6197  ANGLE   =      421.9599  DIHED      =      974.2197
 VDWAALS =    50584.8268  EEL     =  -300497.5606  HBOND      =        0.0000
 1-4 VDW =      658.9102  1-4 EEL =     8732.1996  RESTRAINT  =        0.0000


   NSTEP       ENERGY          RMS            GMAX         NAME    NUMBER
   9850      -1.9870E+05     3.9756E-02     3.4491E+00     CD       3437

 BOND    =    40425.3975  ANGLE   =      421.9530  DIHED      =      974.2174
 VDWAALS =    50587.3239  EEL     =  -300502.0461  HBOND      =        0.0000
 1-4 VDW =      658.9220  1-4 EEL =     8732.2148  RESTRAINT  =        0.0000


   NSTEP       ENERGY          RMS            GMAX         NAME    NUMBER
   9900      -1.9871E+05     5.3806E-02     7.1721E+00     CD       3437

 BOND    =    40430.5843  ANGLE   =      421.9625  DIHED      =      974.2128
 VDWAALS =    50597.7239  EEL     =  -300523.0359  HBOND      =        0.0000
 1-4 VDW =      658.9915  1-4 EEL =     8732.5041  RESTRAINT  =        0.0000


   NSTEP       ENERGY          RMS            GMAX         NAME    NUMBER
   9950      -1.9871E+05     3.2261E-01     5.0288E+01     H1      45632

 BOND    =    40435.9124  ANGLE   =      421.8305  DIHED      =      974.5333
 VDWAALS =    50614.0749  EEL     =  -300551.9749  HBOND      =        0.0000
 1-4 VDW =      658.9838  1-4 EEL =     8732.6328  RESTRAINT  =        0.0000


   NSTEP       ENERGY          RMS            GMAX         NAME    NUMBER
  10000      -1.9872E+05     2.2917E-02     1.7298E+00     CD       3437

 BOND    =    40439.6922  ANGLE   =      421.7483  DIHED      =      974.2958
 VDWAALS =    50617.2074  EEL     =  -300564.6507  HBOND      =        0.0000
 1-4 VDW =      659.1745  1-4 EEL =     8732.7406  RESTRAINT  =        0.0000


  Maximum number of minimization cycles reached.


                    FINAL RESULTS



   NSTEP       ENERGY          RMS            GMAX         NAME    NUMBER
  10000      -1.9872E+05     2.2917E-02     1.7298E+00     CD       3437

 BOND    =    40439.6922  ANGLE   =      421.7483  DIHED      =      974.2958
 VDWAALS =    50617.2074  EEL     =  -300564.6507  HBOND      =        0.0000
 1-4 VDW =      659.1745  1-4 EEL =     8732.7406  RESTRAINT  =        0.0000
--------------------------------------------------------------------------------
   5.  TIMINGS
--------------------------------------------------------------------------------

|  NonSetup CPU Time in Major Routines:
|
|     Routine           Sec        %
|     ------------------------------
|     Nonbond          19.02   34.47
|     Bond              0.00    0.00
|     Angle             0.00    0.00
|     Dihedral          0.00    0.00
|     Shake             0.00    0.00
|     Other            36.15   65.53
|     ------------------------------
|     Total            55.17

|  PME Nonbond Pairlist CPU Time:
|
|     Routine              Sec        %
|     ---------------------------------
|     Set Up Cit           0.00    0.00
|     Build List           0.00    0.00
|     ---------------------------------
|     Total                0.00    0.00

|  PME Direct Force CPU Time:
|
|     Routine              Sec        %
|     ---------------------------------
|     NonBonded Calc       0.00    0.00
|     Exclude Masked       0.00    0.00
|     Other                0.02    0.04
|     ---------------------------------
|     Total                0.02    0.04

|  PME Reciprocal Force CPU Time:
|
|     Routine              Sec        %
|     ---------------------------------
|     1D bspline           0.00    0.00
|     Grid Charges         0.00    0.00
|     Scalar Sum           0.00    0.00
|     Gradient Sum         0.00    0.00
|     FFT                  0.00    0.00
|     ---------------------------------
|     Total                0.00    0.00

|  Setup CPU time:            2.20 seconds
|  NonSetup CPU time:        55.17 seconds
|  Total CPU time:           57.37 seconds     0.02 hours

|  Setup wall time:           3    seconds
|  NonSetup wall time:       55    seconds
|  Total wall time:          58    seconds     0.02 hours
