
          -------------------------------------------------------
          Amber 18 PMEMD                              2018
          -------------------------------------------------------

| PMEMD implementation of SANDER, Release 18

| Run on 07/02/2021 at 13:06:48

|   Executable path: pmemd.cuda
| Working directory: /home/bozhanng/Abs_MD/HEPC3_Fv_bent_cm_relaxed2
|          Hostname: bf22

  [-O]verwriting output

File Assignments:
|   MDIN: minall_HEPC3_Fv_bent_cm_relaxed2.in                                   
|  MDOUT: minall_HEPC3_Fv_bent_cm_relaxed2.out                                  
| INPCRD: minpro_HEPC3_Fv_bent_cm_relaxed2.crd                                  
|   PARM: HEPC3_Fv_bent_cm_relaxed2.parm7                                       
| RESTRT: minall_HEPC3_Fv_bent_cm_relaxed2.crd                                  
|   REFC: refc                                                                  
|  MDVEL: mdvel                                                                 
|   MDEN: mden                                                                  
|  MDCRD: mdcrd                                                                 
| MDINFO: mdinfo                                                                
|  MDFRC: mdfrc                                                                 


 Here is the input file:

Initial minimization                                                           
 &cntrl                                                                        
  ntx    = 1,       irest  = 0,       ntrx   = 1,      ntxo   = 1,             
  ntpr   = 50,      ntwx   = 0,       ntwv   = 0,      ntwe   = 0,             
                                                                               
  ntf    = 1,       ntb    = 1,                                                
  cut    = 8.0,     nsnb   = 10,                                               
                                                                               
  ibelly = 0,       ntr    = 0,                                                
                                                                               
  imin   = 1,                                                                  
  maxcyc = 10000,                                                              
  ncyc   = 500,                                                                
  ntmin  = 1,       dx0    = 0.1,     dxm    = 0.5,     drms   = 0.0001,       
                                                                               
  ntc    = 1,       tol    = 0.000001,                                         
                                                                               
 &end                                                                          


Note: ig = -1. Setting random seed to   739005 based on wallclock time in 
      microseconds.
| irandom = 1, using AMBER's internal random number generator (default).
| INFO:    The nsnb ctrl option does not affect nonbonded list update frequency.
|          It does affect steepest descent minimization freq if ntmin == 0
| INFO:    The dxm ctrl option is deprecated and ignored.
 
|--------------------- INFORMATION ----------------------
| GPU (CUDA) Version of PMEMD in use: NVIDIA GPU IN USE.
|                    Version 18.0.0
| 
|                      03/25/2018
| 
| Implementation by:
|                    Ross C. Walker     (SDSC)
|                    Scott Le Grand     (nVIDIA)
| 
| Version 18 performance extensions by:
|                    David Cerutti     (Rutgers)
| 
| Precision model in use:
|      [SPFP] - Single Precision Forces, 64-bit Fixed Point
|               Accumulation. (Default)
| 
|--------------------------------------------------------
 
|----------------- CITATION INFORMATION -----------------
|
|    When publishing work that utilized the CUDA version
|    of AMBER, please cite the following in addition to
|    the regular AMBER citations:
|
|  - Romelia Salomon-Ferrer; Andreas W. Goetz; Duncan
|    Poole; Scott Le Grand; Ross C. Walker "Routine
|    microsecond molecular dynamics simulations with
|    AMBER - Part II: Particle Mesh Ewald", J. Chem.
|    Theory Comput., 2013, 9 (9), pp3878-3888,
|    DOI: 10.1021/ct400314y.
|
|  - Andreas W. Goetz; Mark J. Williamson; Dong Xu;
|    Duncan Poole; Scott Le Grand; Ross C. Walker
|    "Routine microsecond molecular dynamics simulations
|    with AMBER - Part I: Generalized Born", J. Chem.
|    Theory Comput., 2012, 8 (5), pp1542-1555.
|
|  - Scott Le Grand; Andreas W. Goetz; Ross C. Walker
|    "SPFP: Speed without compromise - a mixed precision
|    model for GPU accelerated molecular dynamics
|    simulations.", Comp. Phys. Comm., 2013, 184
|    pp374-380, DOI: 10.1016/j.cpc.2012.09.022
|
|--------------------------------------------------------
 
|------------------- GPU DEVICE INFO --------------------
|
|            CUDA_VISIBLE_DEVICES: 0
|   CUDA Capable Devices Detected:      1
|           CUDA Device ID in use:      0
|                CUDA Device Name: GeForce GTX 1080
|     CUDA Device Global Mem Size:   8119 MB
| CUDA Device Num Multiprocessors:     20
|           CUDA Device Core Freq:   1.73 GHz
|
|--------------------------------------------------------
 
 
| Conditional Compilation Defines Used:
| PUBFFT
| BINTRAJ
| MKL
| CUDA
| EMIL

| Largest sphere to fit in unit cell has radius =    35.843

| New format PARM file being parsed.
| Version =    1.000 Date = 07/02/21 Time = 12:56:37

| Note: 1-4 EEL scale factors are being read from the topology file.

| Note: 1-4 VDW scale factors are being read from the topology file.
| Duplicated    0 dihedrals

| Duplicated    0 dihedrals

--------------------------------------------------------------------------------
   1.  RESOURCE   USE: 
--------------------------------------------------------------------------------

 getting new box info from bottom of inpcrd
 NATOM  =   45884 NTYPES =      18 NBONH =   33502 MBONA  =   12419
 NTHETH =    3896 MTHETA =    2482 NPHIH =    8215 MPHIA  =    7890
 NHPARM =       0 NPARM  =       0 NNB   =   93476 NRES   =   10829
 NBONA  =   12419 NTHETA =    2482 NPHIA =    7890 NUMBND =      72
 NUMANG =     171 NPTRA  =     194 NATYP =      36 NPHB   =       1
 IFBOX  =       1 NMXRS  =      25 IFCAP =       0 NEXTRA =   10592
 NCOPY  =       0

| Coordinate Index Table dimensions:    16   15   18
| Direct force subcell size =     4.6726    4.7791    4.5467

     BOX TYPE: RECTILINEAR

--------------------------------------------------------------------------------
   2.  CONTROL  DATA  FOR  THE  RUN
--------------------------------------------------------------------------------

default_name                                                                    

General flags:
     imin    =       1, nmropt  =       0

Nature and format of input:
     ntx     =       1, irest   =       0, ntrx    =       1

Nature and format of output:
     ntxo    =       1, ntpr    =      50, ntrx    =       1, ntwr    =       1
     iwrap   =       0, ntwx    =       0, ntwv    =       0, ntwe    =       0
     ioutfm  =       1, ntwprt  =       0, idecomp =       0, rbornstat=      0

Potential function:
     ntf     =       1, ntb     =       1, igb     =       0, nsnb    =      10
     ipol    =       0, gbsa    =       0, iesp    =       0
     dielc   =   1.00000, cut     =   8.00000, intdiel =   1.00000

Frozen or restrained atoms:
     ibelly  =       0, ntr     =       0

Energy minimization:
     maxcyc  =   10000, ncyc    =     500, ntmin   =       1
     dx0     =   0.10000, drms    =   0.00010

| Intermolecular bonds treatment:
|     no_intermolecular_bonds =       1

| Energy averages sample interval:
|     ene_avg_sampling =       1

Extra-points options:
     frameon =       1, chngmask=       1

Ewald parameters:
     verbose =       0, ew_type =       0, nbflag  =       1, use_pme =       1
     vdwmeth =       1, eedmeth =       1, netfrc  =       0
     Box X =   74.761   Box Y =   71.687   Box Z =   81.841
     Alpha =   90.000   Beta  =   90.000   Gamma =   90.000
     NFFT1 =   80       NFFT2 =   72       NFFT3 =   84
     Cutoff=    8.000   Tol   =0.100E-04
     Ewald Coefficient =  0.34864
     Interpolation order =    4
|      EXTRA_PTS, trim_bonds: num bonds BEFORE trim = 33502     0
|      EXTRA_PTS, trim_bonds: num bonds AFTER  trim = 33502     0
|      EXTRA_PTS, trim_bonds: num bonds BEFORE trim = 12419     0
|      EXTRA_PTS, trim_bonds: num bonds AFTER  trim =  1827     0
|      EXTRA_PTS, trim_theta: num angle BEFORE trim =  3896     0
|      EXTRA_PTS, trim_theta: num angle AFTER  trim =  3896     0
|      EXTRA_PTS, trim_theta: num angle BEFORE trim =  2482     0
|      EXTRA_PTS, trim_theta: num angle AFTER  trim =  2482     0
|      EXTRA_PTS, trim_phi:  num diheds BEFORE trim =  8215     0
|      EXTRA_PTS, trim_phi:  num diheds AFTER  trim =  8215     0
|      EXTRA_PTS, trim_phi:  num diheds BEFORE trim =  7890     0
|      EXTRA_PTS, trim_phi:  num diheds AFTER  trim =  7890     0

--------------------------------------------------------------------------------
   3.  ATOMIC COORDINATES AND VELOCITIES
--------------------------------------------------------------------------------

default_name                                                                    
 begin time read from input coords =     0.000 ps

 
 Number of triangulated 3-point waters found:    10592

     Sum of charges from parm topology file =   0.00005795
     Forcing neutrality...

| Dynamic Memory, Types Used:
| Reals             1198541
| Integers          2939536

| Nonbonded Pairs Initial Allocation:     7663775

| GPU memory information (estimate):
| KB of GPU memory in use:         0
| KB of CPU memory in use:         0

--------------------------------------------------------------------------------
   4.  RESULTS
--------------------------------------------------------------------------------



   NSTEP       ENERGY          RMS            GMAX         NAME    NUMBER
      1      -1.8934E+05     6.3102E-02     3.2603E+00     O       30861

 BOND    =    38890.8872  ANGLE   =      386.6476  DIHED      =      983.8779
 VDWAALS =    48694.0668  EEL     =  -287664.3194  HBOND      =        0.0000
 1-4 VDW =      674.7734  1-4 EEL =     8691.0181  RESTRAINT  =        0.0000


   NSTEP       ENERGY          RMS            GMAX         NAME    NUMBER
     50      -1.8936E+05     7.0699E-02     7.1408E+00     C        1874

 BOND    =    38896.0547  ANGLE   =      387.0186  DIHED      =      984.1777
 VDWAALS =    48698.8621  EEL     =  -287686.7418  HBOND      =        0.0000
 1-4 VDW =      674.0290  1-4 EEL =     8690.2249  RESTRAINT  =        0.0000


   NSTEP       ENERGY          RMS            GMAX         NAME    NUMBER
    100      -1.8936E+05     1.4671E-01     9.4579E+00     H2      30839

 BOND    =    38898.6274  ANGLE   =      387.5271  DIHED      =      984.3938
 VDWAALS =    48704.4861  EEL     =  -287701.8790  HBOND      =        0.0000
 1-4 VDW =      673.4897  1-4 EEL =     8689.2619  RESTRAINT  =        0.0000


   NSTEP       ENERGY          RMS            GMAX         NAME    NUMBER
    150      -1.8937E+05     8.6429E-02     4.5070E+00     H1      30862

 BOND    =    38904.7240  ANGLE   =      387.8340  DIHED      =      984.5592
 VDWAALS =    48709.7737  EEL     =  -287719.9262  HBOND      =        0.0000
 1-4 VDW =      673.1161  1-4 EEL =     8688.3469  RESTRAINT  =        0.0000


   NSTEP       ENERGY          RMS            GMAX         NAME    NUMBER
    200      -1.8938E+05     1.2406E-01     7.4745E+00     H1      30862

 BOND    =    38908.8241  ANGLE   =      388.1971  DIHED      =      984.6909
 VDWAALS =    48714.6716  EEL     =  -287734.6203  HBOND      =        0.0000
 1-4 VDW =      672.8031  1-4 EEL =     8687.5476  RESTRAINT  =        0.0000


   NSTEP       ENERGY          RMS            GMAX         NAME    NUMBER
    250      -1.8938E+05     7.1254E-02     3.5020E+00     H1      30862

 BOND    =    38907.3216  ANGLE   =      388.5332  DIHED      =      984.8010
 VDWAALS =    48719.4125  EEL     =  -287743.1879  HBOND      =        0.0000
 1-4 VDW =      672.5374  1-4 EEL =     8686.8286  RESTRAINT  =        0.0000


   NSTEP       ENERGY          RMS            GMAX         NAME    NUMBER
    300      -1.8939E+05     1.0466E-01     5.1709E+00     H1      30862

 BOND    =    38908.4128  ANGLE   =      388.7978  DIHED      =      984.8911
 VDWAALS =    48723.7157  EEL     =  -287753.0760  HBOND      =        0.0000
 1-4 VDW =      672.3271  1-4 EEL =     8686.1678  RESTRAINT  =        0.0000


   NSTEP       ENERGY          RMS            GMAX         NAME    NUMBER
    350      -1.8939E+05     3.1655E-02     8.5932E-01     H1      30862

 BOND    =    38914.0510  ANGLE   =      389.0730  DIHED      =      984.9698
 VDWAALS =    48727.5023  EEL     =  -287766.9091  HBOND      =        0.0000
 1-4 VDW =      672.1375  1-4 EEL =     8685.5889  RESTRAINT  =        0.0000


   NSTEP       ENERGY          RMS            GMAX         NAME    NUMBER
    400      -1.8940E+05     8.5679E-02     3.6931E+00     C        3049

 BOND    =    38919.9275  ANGLE   =      389.3278  DIHED      =      985.0426
 VDWAALS =    48731.1060  EEL     =  -287780.4802  HBOND      =        0.0000
 1-4 VDW =      671.9679  1-4 EEL =     8685.0345  RESTRAINT  =        0.0000


   NSTEP       ENERGY          RMS            GMAX         NAME    NUMBER
    450      -1.8940E+05     3.9081E-02     1.1671E+00     C        3049

 BOND    =    38916.0203  ANGLE   =      389.5116  DIHED      =      985.1090
 VDWAALS =    48734.8042  EEL     =  -287784.2919  HBOND      =        0.0000
 1-4 VDW =      671.8275  1-4 EEL =     8684.5269  RESTRAINT  =        0.0000


   NSTEP       ENERGY          RMS            GMAX         NAME    NUMBER
    500      -1.8941E+05     7.4097E-02     2.5868E+00     C        3049

 BOND    =    38914.4796  ANGLE   =      389.7077  DIHED      =      985.1718
 VDWAALS =    48738.4291  EEL     =  -287790.2157  HBOND      =        0.0000
 1-4 VDW =      671.6931  1-4 EEL =     8684.0554  RESTRAINT  =        0.0000


   NSTEP       ENERGY          RMS            GMAX         NAME    NUMBER
    550      -1.8945E+05     6.0486E-02     6.0246E+00     O       29097

 BOND    =    38939.7605  ANGLE   =      391.2116  DIHED      =      985.9930
 VDWAALS =    48769.0676  EEL     =  -287881.3640  HBOND      =        0.0000
 1-4 VDW =      670.4189  1-4 EEL =     8679.8867  RESTRAINT  =        0.0000


   NSTEP       ENERGY          RMS            GMAX         NAME    NUMBER
    600      -1.8947E+05     8.8400E-02     8.1364E+00     CD        472

 BOND    =    38949.8831  ANGLE   =      392.3512  DIHED      =      985.8898
 VDWAALS =    48791.7499  EEL     =  -287937.2155  HBOND      =        0.0000
 1-4 VDW =      670.3744  1-4 EEL =     8678.9846  RESTRAINT  =        0.0000


   NSTEP       ENERGY          RMS            GMAX         NAME    NUMBER
    650      -1.8948E+05     1.9368E-01     1.7253E+01     CD        472

 BOND    =    38957.4073  ANGLE   =      392.2050  DIHED      =      986.0597
 VDWAALS =    48806.9934  EEL     =  -287971.2772  HBOND      =        0.0000
 1-4 VDW =      670.1459  1-4 EEL =     8678.6605  RESTRAINT  =        0.0000


   NSTEP       ENERGY          RMS            GMAX         NAME    NUMBER
    700      -1.8949E+05     9.5961E-02     1.3340E+01     CD        472

 BOND    =    38959.2686  ANGLE   =      392.6611  DIHED      =      985.3709
 VDWAALS =    48810.7095  EEL     =  -287982.4403  HBOND      =        0.0000
 1-4 VDW =      669.9733  1-4 EEL =     8678.6074  RESTRAINT  =        0.0000


   NSTEP       ENERGY          RMS            GMAX         NAME    NUMBER
    750      -1.8950E+05     1.0273E-01     1.0419E+01     CG       1701

 BOND    =    38966.1035  ANGLE   =      392.1378  DIHED      =      985.0662
 VDWAALS =    48824.9439  EEL     =  -288012.9347  HBOND      =        0.0000
 1-4 VDW =      669.8431  1-4 EEL =     8679.0028  RESTRAINT  =        0.0000


   NSTEP       ENERGY          RMS            GMAX         NAME    NUMBER
    800      -1.8950E+05     9.8918E-02     8.8659E+00     O       19281

 BOND    =    38971.5492  ANGLE   =      392.9923  DIHED      =      984.4125
 VDWAALS =    48834.4803  EEL     =  -288034.1296  HBOND      =        0.0000
 1-4 VDW =      669.7087  1-4 EEL =     8678.7547  RESTRAINT  =        0.0000


   NSTEP       ENERGY          RMS            GMAX         NAME    NUMBER
    850      -1.8952E+05     1.7516E-01     1.7261E+01     HG1      1062

 BOND    =    38985.9885  ANGLE   =      395.0045  DIHED      =      984.5726
 VDWAALS =    48870.7966  EEL     =  -288107.5989  HBOND      =        0.0000
 1-4 VDW =      669.3021  1-4 EEL =     8678.3007  RESTRAINT  =        0.0000


   NSTEP       ENERGY          RMS            GMAX         NAME    NUMBER
    900      -1.8953E+05     3.9056E-02     2.5277E+00     C         848

 BOND    =    38989.1850  ANGLE   =      393.1384  DIHED      =      984.2305
 VDWAALS =    48875.7937  EEL     =  -288119.3516  HBOND      =        0.0000
 1-4 VDW =      669.2655  1-4 EEL =     8678.4069  RESTRAINT  =        0.0000


   NSTEP       ENERGY          RMS            GMAX         NAME    NUMBER
    950      -1.8954E+05     6.0315E-02     6.5211E+00     C         848

 BOND    =    39001.2394  ANGLE   =      393.2158  DIHED      =      984.2202
 VDWAALS =    48899.8645  EEL     =  -288170.0689  HBOND      =        0.0000
 1-4 VDW =      668.9908  1-4 EEL =     8678.2602  RESTRAINT  =        0.0000


   NSTEP       ENERGY          RMS            GMAX         NAME    NUMBER
   1000      -1.8955E+05     2.9207E-02     3.0448E+00     C         848

 BOND    =    39003.2981  ANGLE   =      393.1580  DIHED      =      984.2129
 VDWAALS =    48904.9801  EEL     =  -288180.5933  HBOND      =        0.0000
 1-4 VDW =      669.0371  1-4 EEL =     8678.0046  RESTRAINT  =        0.0000


   NSTEP       ENERGY          RMS            GMAX         NAME    NUMBER
   1050      -1.8956E+05     5.5320E-02     7.2213E+00     C         848

 BOND    =    39016.0119  ANGLE   =      393.3750  DIHED      =      984.2246
 VDWAALS =    48934.7575  EEL     =  -288238.5384  HBOND      =        0.0000
 1-4 VDW =      668.7689  1-4 EEL =     8677.8873  RESTRAINT  =        0.0000


   NSTEP       ENERGY          RMS            GMAX         NAME    NUMBER
   1100      -1.8957E+05     4.3398E-02     4.3079E+00     C         848

 BOND    =    39017.8307  ANGLE   =      393.4689  DIHED      =      984.2841
 VDWAALS =    48938.5216  EEL     =  -288247.0154  HBOND      =        0.0000
 1-4 VDW =      668.8815  1-4 EEL =     8677.6554  RESTRAINT  =        0.0000


   NSTEP       ENERGY          RMS            GMAX         NAME    NUMBER
   1150      -1.8957E+05     1.2960E-01     1.8395E+01     CG       1701

 BOND    =    39024.5370  ANGLE   =      393.7313  DIHED      =      984.7731
 VDWAALS =    48952.4428  EEL     =  -288274.7548  HBOND      =        0.0000
 1-4 VDW =      668.9607  1-4 EEL =     8677.4577  RESTRAINT  =        0.0000


   NSTEP       ENERGY          RMS            GMAX         NAME    NUMBER
   1200      -1.8958E+05     2.9381E-01     2.1635E+01     OG       2852

 BOND    =    39041.0105  ANGLE   =      393.2242  DIHED      =      984.3349
 VDWAALS =    48979.7472  EEL     =  -288327.9602  HBOND      =        0.0000
 1-4 VDW =      668.5141  1-4 EEL =     8677.7895  RESTRAINT  =        0.0000


   NSTEP       ENERGY          RMS            GMAX         NAME    NUMBER
   1250      -1.8959E+05     4.9465E-02     3.9919E+00     CG       1701

 BOND    =    39038.8022  ANGLE   =      393.6194  DIHED      =      984.0977
 VDWAALS =    48985.0390  EEL     =  -288336.7229  HBOND      =        0.0000
 1-4 VDW =      668.5965  1-4 EEL =     8677.9285  RESTRAINT  =        0.0000


   NSTEP       ENERGY          RMS            GMAX         NAME    NUMBER
   1300      -1.8959E+05     3.1332E-02     2.1554E+00     CG       1701

 BOND    =    39043.7714  ANGLE   =      393.6190  DIHED      =      983.7877
 VDWAALS =    48995.6744  EEL     =  -288357.2392  HBOND      =        0.0000
 1-4 VDW =      668.5723  1-4 EEL =     8678.0107  RESTRAINT  =        0.0000


   NSTEP       ENERGY          RMS            GMAX         NAME    NUMBER
   1350      -1.8960E+05     3.6689E-02     2.8812E+00     OG       2852

 BOND    =    39047.4888  ANGLE   =      393.6984  DIHED      =      983.6589
 VDWAALS =    49005.7133  EEL     =  -288375.8267  HBOND      =        0.0000
 1-4 VDW =      668.6196  1-4 EEL =     8677.9659  RESTRAINT  =        0.0000


   NSTEP       ENERGY          RMS            GMAX         NAME    NUMBER
   1400      -1.8961E+05     3.2425E-01     2.3119E+01     OG       2852

 BOND    =    39059.9439  ANGLE   =      394.6039  DIHED      =      983.5476
 VDWAALS =    49034.3484  EEL     =  -288428.1047  HBOND      =        0.0000
 1-4 VDW =      668.4842  1-4 EEL =     8678.2811  RESTRAINT  =        0.0000


   NSTEP       ENERGY          RMS            GMAX         NAME    NUMBER
   1450      -1.8962E+05     6.4830E-02     7.3155E+00     C        3510

 BOND    =    39061.3434  ANGLE   =      394.1939  DIHED      =      983.6390
 VDWAALS =    49040.1480  EEL     =  -288441.4491  HBOND      =        0.0000
 1-4 VDW =      668.5269  1-4 EEL =     8677.9265  RESTRAINT  =        0.0000


   NSTEP       ENERGY          RMS            GMAX         NAME    NUMBER
   1500      -1.8962E+05     7.6492E-02     1.2290E+01     C        3510

 BOND    =    39064.1149  ANGLE   =      394.2739  DIHED      =      983.6855
 VDWAALS =    49045.7984  EEL     =  -288453.5420  HBOND      =        0.0000
 1-4 VDW =      668.4965  1-4 EEL =     8677.8621  RESTRAINT  =        0.0000


   NSTEP       ENERGY          RMS            GMAX         NAME    NUMBER
   1550      -1.8962E+05     3.7210E-02     2.4133E+00     CA       2840

 BOND    =    39067.2557  ANGLE   =      393.8726  DIHED      =      983.7397
 VDWAALS =    49051.8260  EEL     =  -288467.1993  HBOND      =        0.0000
 1-4 VDW =      668.4694  1-4 EEL =     8677.9676  RESTRAINT  =        0.0000


   NSTEP       ENERGY          RMS            GMAX         NAME    NUMBER
   1600      -1.8964E+05     6.8171E-02     9.7239E+00     C        3510

 BOND    =    39075.6254  ANGLE   =      394.3488  DIHED      =      983.9805
 VDWAALS =    49072.4567  EEL     =  -288511.3617  HBOND      =        0.0000
 1-4 VDW =      668.3610  1-4 EEL =     8677.7119  RESTRAINT  =        0.0000


   NSTEP       ENERGY          RMS            GMAX         NAME    NUMBER
   1650      -1.8964E+05     6.0715E-01     1.4543E+02     C        3510

 BOND    =    39089.9620  ANGLE   =      394.7691  DIHED      =      984.0954
 VDWAALS =    49079.4349  EEL     =  -288530.6690  HBOND      =        0.0000
 1-4 VDW =      668.3297  1-4 EEL =     8677.9913  RESTRAINT  =        0.0000


   NSTEP       ENERGY          RMS            GMAX         NAME    NUMBER
   1700      -1.8967E+05     7.1173E-02     9.1628E+00     C        3510

 BOND    =    39092.3017  ANGLE   =      394.1309  DIHED      =      984.6212
 VDWAALS =    49114.6183  EEL     =  -288597.4557  HBOND      =        0.0000
 1-4 VDW =      668.2186  1-4 EEL =     8677.6870  RESTRAINT  =        0.0000


   NSTEP       ENERGY          RMS            GMAX         NAME    NUMBER
   1750      -1.8967E+05     2.3251E-02     2.1926E+00     H2      32815

 BOND    =    39098.8287  ANGLE   =      394.0542  DIHED      =      984.5933
 VDWAALS =    49122.6611  EEL     =  -288616.9302  HBOND      =        0.0000
 1-4 VDW =      668.1891  1-4 EEL =     8677.7910  RESTRAINT  =        0.0000


   NSTEP       ENERGY          RMS            GMAX         NAME    NUMBER
   1800      -1.8968E+05     3.6654E-02     2.8276E+00     H1      32814

 BOND    =    39105.7496  ANGLE   =      394.0815  DIHED      =      984.6679
 VDWAALS =    49132.9334  EEL     =  -288639.9033  HBOND      =        0.0000
 1-4 VDW =      668.1436  1-4 EEL =     8677.6559  RESTRAINT  =        0.0000


   NSTEP       ENERGY          RMS            GMAX         NAME    NUMBER
   1850      -1.8969E+05     1.4575E-01     1.5126E+01     CD        831

 BOND    =    39112.8363  ANGLE   =      394.4451  DIHED      =      985.2757
 VDWAALS =    49159.5548  EEL     =  -288688.2942  HBOND      =        0.0000
 1-4 VDW =      668.2415  1-4 EEL =     8678.0306  RESTRAINT  =        0.0000


   NSTEP       ENERGY          RMS            GMAX         NAME    NUMBER
   1900      -1.8970E+05     1.1523E-01     1.5040E+01     C        3510

 BOND    =    39116.9797  ANGLE   =      394.4256  DIHED      =      985.1712
 VDWAALS =    49165.0228  EEL     =  -288702.3883  HBOND      =        0.0000
 1-4 VDW =      668.0129  1-4 EEL =     8677.6974  RESTRAINT  =        0.0000


   NSTEP       ENERGY          RMS            GMAX         NAME    NUMBER
   1950      -1.8970E+05     2.0993E-02     1.8745E+00     C        3510

 BOND    =    39117.8279  ANGLE   =      394.0422  DIHED      =      985.2249
 VDWAALS =    49168.2262  EEL     =  -288708.7237  HBOND      =        0.0000
 1-4 VDW =      668.0722  1-4 EEL =     8677.8636  RESTRAINT  =        0.0000


   NSTEP       ENERGY          RMS            GMAX         NAME    NUMBER
   2000      -1.8971E+05     5.6257E-02     7.5071E+00     C        3510

 BOND    =    39126.1001  ANGLE   =      394.0763  DIHED      =      985.7253
 VDWAALS =    49187.8797  EEL     =  -288751.4951  HBOND      =        0.0000
 1-4 VDW =      667.9782  1-4 EEL =     8678.2128  RESTRAINT  =        0.0000


   NSTEP       ENERGY          RMS            GMAX         NAME    NUMBER
   2050      -1.8972E+05     9.7339E-02     1.0591E+01     H2       8499

 BOND    =    39127.2908  ANGLE   =      394.0935  DIHED      =      985.9314
 VDWAALS =    49193.0137  EEL     =  -288762.5046  HBOND      =        0.0000
 1-4 VDW =      667.9456  1-4 EEL =     8678.3548  RESTRAINT  =        0.0000


   NSTEP       ENERGY          RMS            GMAX         NAME    NUMBER
   2100      -1.8972E+05     5.6345E-02     3.3241E+00     O        7349

 BOND    =    39134.5469  ANGLE   =      394.1588  DIHED      =      986.0577
 VDWAALS =    49196.7052  EEL     =  -288778.6205  HBOND      =        0.0000
 1-4 VDW =      667.9400  1-4 EEL =     8678.4187  RESTRAINT  =        0.0000


   NSTEP       ENERGY          RMS            GMAX         NAME    NUMBER
   2150      -1.8973E+05     3.8852E-02     1.6711E+00     O       32813

 BOND    =    39134.6811  ANGLE   =      394.2846  DIHED      =      986.0806
 VDWAALS =    49199.7574  EEL     =  -288786.2482  HBOND      =        0.0000
 1-4 VDW =      667.8851  1-4 EEL =     8678.2705  RESTRAINT  =        0.0000


   NSTEP       ENERGY          RMS            GMAX         NAME    NUMBER
   2200      -1.8973E+05     1.1528E-01     5.7994E+00     CG       1701

 BOND    =    39141.8636  ANGLE   =      394.2196  DIHED      =      986.5275
 VDWAALS =    49206.2912  EEL     =  -288806.3521  HBOND      =        0.0000
 1-4 VDW =      667.9611  1-4 EEL =     8678.6544  RESTRAINT  =        0.0000


   NSTEP       ENERGY          RMS            GMAX         NAME    NUMBER
   2250      -1.8974E+05     8.9904E-02     1.5006E+01     CG       1701

 BOND    =    39142.1538  ANGLE   =      394.4421  DIHED      =      986.3633
 VDWAALS =    49210.6877  EEL     =  -288815.0364  HBOND      =        0.0000
 1-4 VDW =      667.8767  1-4 EEL =     8678.3159  RESTRAINT  =        0.0000


   NSTEP       ENERGY          RMS            GMAX         NAME    NUMBER
   2300      -1.8974E+05     2.6414E-02     1.1450E+00     O       38413

 BOND    =    39145.5792  ANGLE   =      394.2445  DIHED      =      986.5214
 VDWAALS =    49216.4934  EEL     =  -288829.0303  HBOND      =        0.0000
 1-4 VDW =      667.9137  1-4 EEL =     8678.3916  RESTRAINT  =        0.0000


   NSTEP       ENERGY          RMS            GMAX         NAME    NUMBER
   2350      -1.8975E+05     9.5239E-02     1.0445E+01     CG       1701

 BOND    =    39152.3050  ANGLE   =      394.1972  DIHED      =      986.7852
 VDWAALS =    49229.2202  EEL     =  -288856.3114  HBOND      =        0.0000
 1-4 VDW =      667.8757  1-4 EEL =     8678.6081  RESTRAINT  =        0.0000


   NSTEP       ENERGY          RMS            GMAX         NAME    NUMBER
   2400      -1.8975E+05     4.1868E-01     5.1867E+01     C        3510

 BOND    =    39163.7935  ANGLE   =      395.4635  DIHED      =      987.2013
 VDWAALS =    49243.3870  EEL     =  -288884.0108  HBOND      =        0.0000
 1-4 VDW =      667.6964  1-4 EEL =     8677.9989  RESTRAINT  =        0.0000


   NSTEP       ENERGY          RMS            GMAX         NAME    NUMBER
   2450      -1.8976E+05     6.6966E-02     6.0520E+00     CG       1701

 BOND    =    39163.1627  ANGLE   =      394.5553  DIHED      =      987.2615
 VDWAALS =    49251.3889  EEL     =  -288901.1093  HBOND      =        0.0000
 1-4 VDW =      668.0655  1-4 EEL =     8678.4240  RESTRAINT  =        0.0000


   NSTEP       ENERGY          RMS            GMAX         NAME    NUMBER
   2500      -1.8976E+05     1.0338E-01     1.0101E+01     CA       1104

 BOND    =    39165.5077  ANGLE   =      394.2301  DIHED      =      987.5240
 VDWAALS =    49260.6100  EEL     =  -288916.5132  HBOND      =        0.0000
 1-4 VDW =      668.1136  1-4 EEL =     8678.4786  RESTRAINT  =        0.0000


   NSTEP       ENERGY          RMS            GMAX         NAME    NUMBER
   2550      -1.8976E+05     2.1275E-02     1.1912E+00     CA        730

 BOND    =    39169.5889  ANGLE   =      394.3197  DIHED      =      987.4838
 VDWAALS =    49264.0296  EEL     =  -288926.3119  HBOND      =        0.0000
 1-4 VDW =      668.0017  1-4 EEL =     8678.5684  RESTRAINT  =        0.0000


   NSTEP       ENERGY          RMS            GMAX         NAME    NUMBER
   2600      -1.8977E+05     4.0899E-02     2.5082E+00     HE1      2335

 BOND    =    39176.5253  ANGLE   =      394.3857  DIHED      =      987.7985
 VDWAALS =    49280.2167  EEL     =  -288957.3213  HBOND      =        0.0000
 1-4 VDW =      668.1280  1-4 EEL =     8678.5642  RESTRAINT  =        0.0000


   NSTEP       ENERGY          RMS            GMAX         NAME    NUMBER
   2650      -1.8977E+05     3.6565E-02     1.9427E+00     CD        831

 BOND    =    39180.6439  ANGLE   =      394.4408  DIHED      =      987.9720
 VDWAALS =    49284.5524  EEL     =  -288968.1168  HBOND      =        0.0000
 1-4 VDW =      668.0446  1-4 EEL =     8678.7335  RESTRAINT  =        0.0000


   NSTEP       ENERGY          RMS            GMAX         NAME    NUMBER
   2700      -1.8977E+05     2.0101E-01     1.7046E+01     C        3510

 BOND    =    39185.9669  ANGLE   =      395.8179  DIHED      =      988.9062
 VDWAALS =    49292.5361  EEL     =  -288984.1927  HBOND      =        0.0000
 1-4 VDW =      668.0616  1-4 EEL =     8678.9260  RESTRAINT  =        0.0000


   NSTEP       ENERGY          RMS            GMAX         NAME    NUMBER
   2750      -1.8978E+05     1.1083E-01     7.6538E+00     CD        831

 BOND    =    39185.3624  ANGLE   =      394.6995  DIHED      =      988.1915
 VDWAALS =    49298.6635  EEL     =  -288993.8479  HBOND      =        0.0000
 1-4 VDW =      667.9060  1-4 EEL =     8678.6270  RESTRAINT  =        0.0000


   NSTEP       ENERGY          RMS            GMAX         NAME    NUMBER
   2800      -1.8979E+05     1.6314E-01     2.2520E+01     H1      24482

 BOND    =    39197.1466  ANGLE   =      395.5375  DIHED      =      988.6370
 VDWAALS =    49317.7978  EEL     =  -289033.6155  HBOND      =        0.0000
 1-4 VDW =      668.2268  1-4 EEL =     8678.2552  RESTRAINT  =        0.0000


   NSTEP       ENERGY          RMS            GMAX         NAME    NUMBER
   2850      -1.8979E+05     4.3787E-02     6.2199E+00     O       34337

 BOND    =    39199.4445  ANGLE   =      394.5882  DIHED      =      988.6681
 VDWAALS =    49324.7163  EEL     =  -289048.4578  HBOND      =        0.0000
 1-4 VDW =      668.0642  1-4 EEL =     8678.7308  RESTRAINT  =        0.0000


   NSTEP       ENERGY          RMS            GMAX         NAME    NUMBER
   2900      -1.8980E+05     2.6610E-01     4.1955E+01     CG       1701

 BOND    =    39214.6550  ANGLE   =      394.9994  DIHED      =      989.4104
 VDWAALS =    49334.1037  EEL     =  -289076.4313  HBOND      =        0.0000
 1-4 VDW =      668.2057  1-4 EEL =     8678.9198  RESTRAINT  =        0.0000


   NSTEP       ENERGY          RMS            GMAX         NAME    NUMBER
   2950      -1.8981E+05     5.1782E-02     5.7815E+00     CG       1701

 BOND    =    39211.8660  ANGLE   =      394.6569  DIHED      =      989.3101
 VDWAALS =    49347.1114  EEL     =  -289096.5271  HBOND      =        0.0000
 1-4 VDW =      668.1058  1-4 EEL =     8678.8905  RESTRAINT  =        0.0000


   NSTEP       ENERGY          RMS            GMAX         NAME    NUMBER
   3000      -1.8981E+05     5.8569E-02     5.8928E+00     CZ       1520

 BOND    =    39213.8751  ANGLE   =      394.8869  DIHED      =      989.3086
 VDWAALS =    49352.1540  EEL     =  -289107.3431  HBOND      =        0.0000
 1-4 VDW =      668.0819  1-4 EEL =     8678.6753  RESTRAINT  =        0.0000


   NSTEP       ENERGY          RMS            GMAX         NAME    NUMBER
   3050      -1.8981E+05     3.4129E-02     2.5758E+00     H1       4130

 BOND    =    39216.0084  ANGLE   =      394.6982  DIHED      =      989.5816
 VDWAALS =    49355.9515  EEL     =  -289116.8836  HBOND      =        0.0000
 1-4 VDW =      668.1159  1-4 EEL =     8678.8236  RESTRAINT  =        0.0000


   NSTEP       ENERGY          RMS            GMAX         NAME    NUMBER
   3100      -1.8981E+05     7.2816E-01     1.0307E+02     H2       4131

 BOND    =    39245.6853  ANGLE   =      396.6552  DIHED      =      990.4095
 VDWAALS =    49375.1764  EEL     =  -289163.7901  HBOND      =        0.0000
 1-4 VDW =      668.3093  1-4 EEL =     8678.1589  RESTRAINT  =        0.0000


   NSTEP       ENERGY          RMS            GMAX         NAME    NUMBER
   3150      -1.8983E+05     5.3455E-02     4.6767E+00     O        4217

 BOND    =    39229.2542  ANGLE   =      394.7265  DIHED      =      990.3292
 VDWAALS =    49378.1809  EEL     =  -289171.0895  HBOND      =        0.0000
 1-4 VDW =      668.3042  1-4 EEL =     8678.8584  RESTRAINT  =        0.0000


   NSTEP       ENERGY          RMS            GMAX         NAME    NUMBER
   3200      -1.8984E+05     2.0696E-02     2.0062E+00     C        3510

 BOND    =    39235.0516  ANGLE   =      394.6868  DIHED      =      990.7860
 VDWAALS =    49391.6434  EEL     =  -289199.6847  HBOND      =        0.0000
 1-4 VDW =      668.3713  1-4 EEL =     8679.0729  RESTRAINT  =        0.0000


   NSTEP       ENERGY          RMS            GMAX         NAME    NUMBER
   3250      -1.8985E+05     4.1308E-02     3.8032E+00     CD        831

 BOND    =    39242.4445  ANGLE   =      394.6505  DIHED      =      991.0948
 VDWAALS =    49405.2461  EEL     =  -289227.6600  HBOND      =        0.0000
 1-4 VDW =      668.4214  1-4 EEL =     8679.1603  RESTRAINT  =        0.0000


   NSTEP       ENERGY          RMS            GMAX         NAME    NUMBER
   3300      -1.8985E+05     3.6054E-02     4.8736E+00     C        3510

 BOND    =    39244.9227  ANGLE   =      394.7855  DIHED      =      991.2421
 VDWAALS =    49410.4826  EEL     =  -289238.1560  HBOND      =        0.0000
 1-4 VDW =      668.4286  1-4 EEL =     8679.2421  RESTRAINT  =        0.0000


   NSTEP       ENERGY          RMS            GMAX         NAME    NUMBER
   3350      -1.8985E+05     1.0500E-01     1.6409E+01     CD        831

 BOND    =    39244.0830  ANGLE   =      395.0670  DIHED      =      991.4482
 VDWAALS =    49418.9482  EEL     =  -289250.4463  HBOND      =        0.0000
 1-4 VDW =      668.4549  1-4 EEL =     8679.2102  RESTRAINT  =        0.0000


   NSTEP       ENERGY          RMS            GMAX         NAME    NUMBER
   3400      -1.8986E+05     6.9773E-02     7.2944E+00     O       34045

 BOND    =    39254.5822  ANGLE   =      395.0007  DIHED      =      992.1875
 VDWAALS =    49430.4676  EEL     =  -289282.6588  HBOND      =        0.0000
 1-4 VDW =      668.5389  1-4 EEL =     8679.4169  RESTRAINT  =        0.0000


   NSTEP       ENERGY          RMS            GMAX         NAME    NUMBER
   3450      -1.8986E+05     4.0102E-01     6.8408E+01     CG       1701

 BOND    =    39261.6553  ANGLE   =      395.5763  DIHED      =      992.8900
 VDWAALS =    49435.4813  EEL     =  -289296.7889  HBOND      =        0.0000
 1-4 VDW =      668.3709  1-4 EEL =     8679.4908  RESTRAINT  =        0.0000


   NSTEP       ENERGY          RMS            GMAX         NAME    NUMBER
   3500      -1.8987E+05     3.6800E-02     4.9911E+00     C        3510

 BOND    =    39260.9253  ANGLE   =      395.0118  DIHED      =      992.3282
 VDWAALS =    49441.0821  EEL     =  -289309.1180  HBOND      =        0.0000
 1-4 VDW =      668.4438  1-4 EEL =     8679.6386  RESTRAINT  =        0.0000


   NSTEP       ENERGY          RMS            GMAX         NAME    NUMBER
   3550      -1.8987E+05     7.9126E-02     8.0582E+00     C        3510

 BOND    =    39263.6287  ANGLE   =      394.8524  DIHED      =      992.9135
 VDWAALS =    49447.3513  EEL     =  -289322.0002  HBOND      =        0.0000
 1-4 VDW =      668.4488  1-4 EEL =     8679.9146  RESTRAINT  =        0.0000


   NSTEP       ENERGY          RMS            GMAX         NAME    NUMBER
   3600      -1.8988E+05     1.1811E-01     1.6146E+01     H2      31227

 BOND    =    39270.8781  ANGLE   =      394.6160  DIHED      =      993.0282
 VDWAALS =    49459.6737  EEL     =  -289347.8713  HBOND      =        0.0000
 1-4 VDW =      668.4737  1-4 EEL =     8680.1834  RESTRAINT  =        0.0000


   NSTEP       ENERGY          RMS            GMAX         NAME    NUMBER
   3650      -1.8989E+05     3.3339E-02     4.2101E+00     C        3510

 BOND    =    39271.5709  ANGLE   =      394.7486  DIHED      =      993.1830
 VDWAALS =    49466.9940  EEL     =  -289360.3492  HBOND      =        0.0000
 1-4 VDW =      668.5467  1-4 EEL =     8680.2058  RESTRAINT  =        0.0000


   NSTEP       ENERGY          RMS            GMAX         NAME    NUMBER
   3700      -1.8989E+05     5.4339E-02     3.6355E+00     CB       2899

 BOND    =    39275.5465  ANGLE   =      394.8525  DIHED      =      993.6698
 VDWAALS =    49480.0108  EEL     =  -289385.4242  HBOND      =        0.0000
 1-4 VDW =      668.6352  1-4 EEL =     8680.4038  RESTRAINT  =        0.0000


   NSTEP       ENERGY          RMS            GMAX         NAME    NUMBER
   3750      -1.8990E+05     8.6830E-02     6.3450E+00     CG       2902

 BOND    =    39276.6644  ANGLE   =      394.9277  DIHED      =      993.9945
 VDWAALS =    49486.6353  EEL     =  -289398.4650  HBOND      =        0.0000
 1-4 VDW =      668.6696  1-4 EEL =     8680.6629  RESTRAINT  =        0.0000


   NSTEP       ENERGY          RMS            GMAX         NAME    NUMBER
   3800      -1.8990E+05     5.1393E-02     4.0646E+00     CG       2902

 BOND    =    39282.1509  ANGLE   =      394.8800  DIHED      =      994.1543
 VDWAALS =    49490.1536  EEL     =  -289411.1584  HBOND      =        0.0000
 1-4 VDW =      668.7089  1-4 EEL =     8680.8653  RESTRAINT  =        0.0000


   NSTEP       ENERGY          RMS            GMAX         NAME    NUMBER
   3850      -1.8990E+05     3.4558E-02     2.7997E+00     O        7609

 BOND    =    39284.2905  ANGLE   =      394.8675  DIHED      =      994.3709
 VDWAALS =    49494.4081  EEL     =  -289421.1536  HBOND      =        0.0000
 1-4 VDW =      668.7605  1-4 EEL =     8680.9625  RESTRAINT  =        0.0000


   NSTEP       ENERGY          RMS            GMAX         NAME    NUMBER
   3900      -1.8992E+05     4.6977E-02     6.8721E+00     H1       4314

 BOND    =    39294.4709  ANGLE   =      394.8944  DIHED      =      995.6663
 VDWAALS =    49511.9597  EEL     =  -289466.4524  HBOND      =        0.0000
 1-4 VDW =      668.8466  1-4 EEL =     8681.7724  RESTRAINT  =        0.0000


   NSTEP       ENERGY          RMS            GMAX         NAME    NUMBER
   3950      -1.8992E+05     3.8591E-02     4.0131E+00     CG       1701

 BOND    =    39296.1054  ANGLE   =      395.1032  DIHED      =      995.8698
 VDWAALS =    49516.0090  EEL     =  -289474.9228  HBOND      =        0.0000
 1-4 VDW =      668.9239  1-4 EEL =     8681.6952  RESTRAINT  =        0.0000


   NSTEP       ENERGY          RMS            GMAX         NAME    NUMBER
   4000      -1.8993E+05     1.0722E-01     8.6211E+00     H1      39042

 BOND    =    39298.1353  ANGLE   =      395.1408  DIHED      =      996.3882
 VDWAALS =    49523.1274  EEL     =  -289489.1958  HBOND      =        0.0000
 1-4 VDW =      668.8817  1-4 EEL =     8682.1543  RESTRAINT  =        0.0000


   NSTEP       ENERGY          RMS            GMAX         NAME    NUMBER
   4050      -1.8994E+05     5.0949E-02     5.7453E+00     CG       2902

 BOND    =    39304.3388  ANGLE   =      395.3557  DIHED      =      997.1855
 VDWAALS =    49538.2226  EEL     =  -289522.8618  HBOND      =        0.0000
 1-4 VDW =      668.8977  1-4 EEL =     8683.0771  RESTRAINT  =        0.0000


   NSTEP       ENERGY          RMS            GMAX         NAME    NUMBER
   4100      -1.8994E+05     8.8877E-02     1.1637E+01     CG       2902

 BOND    =    39307.5583  ANGLE   =      394.7958  DIHED      =      996.7626
 VDWAALS =    49545.9702  EEL     =  -289540.1421  HBOND      =        0.0000
 1-4 VDW =      668.8512  1-4 EEL =     8683.9418  RESTRAINT  =        0.0000


   NSTEP       ENERGY          RMS            GMAX         NAME    NUMBER
   4150      -1.8995E+05     3.7877E-02     3.0892E+00     C        3510

 BOND    =    39309.6857  ANGLE   =      395.3907  DIHED      =      996.4742
 VDWAALS =    49551.8588  EEL     =  -289554.1742  HBOND      =        0.0000
 1-4 VDW =      669.0764  1-4 EEL =     8683.9828  RESTRAINT  =        0.0000


   NSTEP       ENERGY          RMS            GMAX         NAME    NUMBER
   4200      -1.8995E+05     4.5270E-02     2.8640E+00     C        2925

 BOND    =    39312.3252  ANGLE   =      394.7653  DIHED      =      996.5154
 VDWAALS =    49558.9608  EEL     =  -289568.2905  HBOND      =        0.0000
 1-4 VDW =      669.0356  1-4 EEL =     8684.4825  RESTRAINT  =        0.0000


   NSTEP       ENERGY          RMS            GMAX         NAME    NUMBER
   4250      -1.8995E+05     1.8987E-02     1.2950E+00     C        3510

 BOND    =    39313.1441  ANGLE   =      395.0132  DIHED      =      996.6466
 VDWAALS =    49561.9440  EEL     =  -289574.5043  HBOND      =        0.0000
 1-4 VDW =      669.1155  1-4 EEL =     8684.5016  RESTRAINT  =        0.0000


   NSTEP       ENERGY          RMS            GMAX         NAME    NUMBER
   4300      -1.8996E+05     2.2337E-01     2.4962E+01     CB       2931

 BOND    =    39323.7976  ANGLE   =      395.6473  DIHED      =      997.4515
 VDWAALS =    49586.9328  EEL     =  -289621.9986  HBOND      =        0.0000
 1-4 VDW =      669.3557  1-4 EEL =     8684.3777  RESTRAINT  =        0.0000


   NSTEP       ENERGY          RMS            GMAX         NAME    NUMBER
   4350      -1.8997E+05     3.6801E-02     2.0576E+00     CA       2929

 BOND    =    39324.8319  ANGLE   =      395.1681  DIHED      =      997.7188
 VDWAALS =    49593.2688  EEL     =  -289634.2107  HBOND      =        0.0000
 1-4 VDW =      669.3055  1-4 EEL =     8684.6785  RESTRAINT  =        0.0000


   NSTEP       ENERGY          RMS            GMAX         NAME    NUMBER
   4400      -1.8998E+05     2.4530E-02     1.3015E+00     C        3510

 BOND    =    39332.2860  ANGLE   =      395.2323  DIHED      =      998.3336
 VDWAALS =    49613.0728  EEL     =  -289671.1789  HBOND      =        0.0000
 1-4 VDW =      669.3566  1-4 EEL =     8684.7764  RESTRAINT  =        0.0000


   NSTEP       ENERGY          RMS            GMAX         NAME    NUMBER
   4450      -1.8998E+05     4.4049E-02     3.9445E+00     CG2      2933

 BOND    =    39335.8780  ANGLE   =      395.1085  DIHED      =      998.3802
 VDWAALS =    49619.7065  EEL     =  -289684.1506  HBOND      =        0.0000
 1-4 VDW =      669.3592  1-4 EEL =     8684.7245  RESTRAINT  =        0.0000


   NSTEP       ENERGY          RMS            GMAX         NAME    NUMBER
   4500      -1.8998E+05     1.2160E-01     2.1482E+01     C        3510

 BOND    =    39339.8880  ANGLE   =      395.2910  DIHED      =      998.6597
 VDWAALS =    49628.4262  EEL     =  -289701.4449  HBOND      =        0.0000
 1-4 VDW =      669.4417  1-4 EEL =     8684.9419  RESTRAINT  =        0.0000


   NSTEP       ENERGY          RMS            GMAX         NAME    NUMBER
   4550      -1.8999E+05     3.7645E-02     4.1843E+00     C        3510

 BOND    =    39342.9539  ANGLE   =      395.2974  DIHED      =      998.4734
 VDWAALS =    49633.1814  EEL     =  -289711.7052  HBOND      =        0.0000
 1-4 VDW =      669.4408  1-4 EEL =     8684.9285  RESTRAINT  =        0.0000


   NSTEP       ENERGY          RMS            GMAX         NAME    NUMBER
   4600      -1.8999E+05     5.2024E-02     4.1988E+00     H2      24115

 BOND    =    39346.1900  ANGLE   =      395.3192  DIHED      =      998.1024
 VDWAALS =    49639.0357  EEL     =  -289723.8028  HBOND      =        0.0000
 1-4 VDW =      669.4834  1-4 EEL =     8684.9247  RESTRAINT  =        0.0000


   NSTEP       ENERGY          RMS            GMAX         NAME    NUMBER
   4650      -1.8999E+05     5.1785E-02     4.4159E+00     CZ        565

 BOND    =    39349.2806  ANGLE   =      395.3049  DIHED      =      997.6172
 VDWAALS =    49646.0009  EEL     =  -289737.6486  HBOND      =        0.0000
 1-4 VDW =      669.5378  1-4 EEL =     8685.0593  RESTRAINT  =        0.0000


   NSTEP       ENERGY          RMS            GMAX         NAME    NUMBER
   4700      -1.9000E+05     1.0064E-01     1.6011E+01     HG1      1955

 BOND    =    39352.5149  ANGLE   =      395.2567  DIHED      =      997.4477
 VDWAALS =    49652.1711  EEL     =  -289749.9795  HBOND      =        0.0000
 1-4 VDW =      669.5648  1-4 EEL =     8685.3355  RESTRAINT  =        0.0000


   NSTEP       ENERGY          RMS            GMAX         NAME    NUMBER
   4750      -1.9001E+05     8.0819E-02     8.9612E+00     H2      19087

 BOND    =    39358.9542  ANGLE   =      395.2548  DIHED      =      997.5169
 VDWAALS =    49673.3489  EEL     =  -289786.9113  HBOND      =        0.0000
 1-4 VDW =      669.8649  1-4 EEL =     8685.7967  RESTRAINT  =        0.0000


   NSTEP       ENERGY          RMS            GMAX         NAME    NUMBER
   4800      -1.9001E+05     3.2531E-02     3.8238E+00     CG       1701

 BOND    =    39363.5266  ANGLE   =      395.3556  DIHED      =      997.7257
 VDWAALS =    49681.0334  EEL     =  -289803.4111  HBOND      =        0.0000
 1-4 VDW =      669.8549  1-4 EEL =     8686.1208  RESTRAINT  =        0.0000


   NSTEP       ENERGY          RMS            GMAX         NAME    NUMBER
   4850      -1.9002E+05     1.6079E-01     2.4436E+01     H1      26278

 BOND    =    39377.0478  ANGLE   =      395.8424  DIHED      =      998.5265
 VDWAALS =    49706.3474  EEL     =  -289852.1244  HBOND      =        0.0000
 1-4 VDW =      670.1003  1-4 EEL =     8686.7734  RESTRAINT  =        0.0000


   NSTEP       ENERGY          RMS            GMAX         NAME    NUMBER
   4900      -1.9002E+05     2.8978E-02     2.8938E+00     H1      26278

 BOND    =    39376.3899  ANGLE   =      395.4682  DIHED      =      998.4291
 VDWAALS =    49708.7767  EEL     =  -289858.0387  HBOND      =        0.0000
 1-4 VDW =      670.0436  1-4 EEL =     8686.8011  RESTRAINT  =        0.0000


   NSTEP       ENERGY          RMS            GMAX         NAME    NUMBER
   4950      -1.9002E+05     3.1736E-02     2.5487E+00     C        3327

 BOND    =    39378.5684  ANGLE   =      395.4553  DIHED      =      998.5231
 VDWAALS =    49713.7111  EEL     =  -289867.8659  HBOND      =        0.0000
 1-4 VDW =      670.0738  1-4 EEL =     8687.0671  RESTRAINT  =        0.0000


   NSTEP       ENERGY          RMS            GMAX         NAME    NUMBER
   5000      -1.9003E+05     3.7285E-02     3.8318E+00     CG       1701

 BOND    =    39381.3284  ANGLE   =      395.4622  DIHED      =      998.6711
 VDWAALS =    49719.3276  EEL     =  -289879.2926  HBOND      =        0.0000
 1-4 VDW =      670.1173  1-4 EEL =     8687.2361  RESTRAINT  =        0.0000


   NSTEP       ENERGY          RMS            GMAX         NAME    NUMBER
   5050      -1.9003E+05     5.9621E-02     7.1011E+00     H2      26279

 BOND    =    39385.6486  ANGLE   =      395.4787  DIHED      =      998.9105
 VDWAALS =    49727.9915  EEL     =  -289898.0637  HBOND      =        0.0000
 1-4 VDW =      670.1800  1-4 EEL =     8687.6412  RESTRAINT  =        0.0000


   NSTEP       ENERGY          RMS            GMAX         NAME    NUMBER
   5100      -1.9004E+05     5.4169E-02     6.4460E+00     C        3510

 BOND    =    39387.9671  ANGLE   =      395.5303  DIHED      =      999.1364
 VDWAALS =    49733.0916  EEL     =  -289910.5065  HBOND      =        0.0000
 1-4 VDW =      670.3395  1-4 EEL =     8687.7138  RESTRAINT  =        0.0000


   NSTEP       ENERGY          RMS            GMAX         NAME    NUMBER
   5150      -1.9004E+05     3.0253E-02     2.9777E+00     O       26277

 BOND    =    39390.7555  ANGLE   =      395.3944  DIHED      =      999.1557
 VDWAALS =    49738.6938  EEL     =  -289924.0387  HBOND      =        0.0000
 1-4 VDW =      670.3207  1-4 EEL =     8688.1721  RESTRAINT  =        0.0000


   NSTEP       ENERGY          RMS            GMAX         NAME    NUMBER
   5200      -1.9004E+05     5.4253E-02     5.0477E+00     C        3510

 BOND    =    39392.5693  ANGLE   =      395.5481  DIHED      =      999.3332
 VDWAALS =    49744.2424  EEL     =  -289934.5696  HBOND      =        0.0000
 1-4 VDW =      670.5068  1-4 EEL =     8688.3287  RESTRAINT  =        0.0000


   NSTEP       ENERGY          RMS            GMAX         NAME    NUMBER
   5250      -1.9005E+05     6.9590E-02     3.8442E+00     C        3510

 BOND    =    39397.3490  ANGLE   =      395.3955  DIHED      =      999.2911
 VDWAALS =    49758.2745  EEL     =  -289961.2464  HBOND      =        0.0000
 1-4 VDW =      670.5150  1-4 EEL =     8689.1465  RESTRAINT  =        0.0000


   NSTEP       ENERGY          RMS            GMAX         NAME    NUMBER
   5300      -1.9006E+05     1.3593E-01     1.5402E+01     C        3510

 BOND    =    39402.1169  ANGLE   =      395.7997  DIHED      =      999.4366
 VDWAALS =    49769.8949  EEL     =  -289985.0052  HBOND      =        0.0000
 1-4 VDW =      670.5560  1-4 EEL =     8690.0876  RESTRAINT  =        0.0000


   NSTEP       ENERGY          RMS            GMAX         NAME    NUMBER
   5350      -1.9006E+05     5.4238E-02     4.6323E+00     O       41009

 BOND    =    39405.0761  ANGLE   =      395.2999  DIHED      =      999.5818
 VDWAALS =    49774.2174  EEL     =  -289995.9138  HBOND      =        0.0000
 1-4 VDW =      670.8574  1-4 EEL =     8690.2054  RESTRAINT  =        0.0000


   NSTEP       ENERGY          RMS            GMAX         NAME    NUMBER
   5400      -1.9006E+05     6.2139E-02     3.5162E+00     HG22     1952

 BOND    =    39407.5570  ANGLE   =      395.4065  DIHED      =      999.7510
 VDWAALS =    49779.7848  EEL     =  -290007.2460  HBOND      =        0.0000
 1-4 VDW =      670.8788  1-4 EEL =     8690.5589  RESTRAINT  =        0.0000


   NSTEP       ENERGY          RMS            GMAX         NAME    NUMBER
   5450      -1.9006E+05     1.6110E-02     5.1521E-01     CG2      1950

 BOND    =    39408.5059  ANGLE   =      395.2584  DIHED      =      999.8125
 VDWAALS =    49782.3145  EEL     =  -290012.3223  HBOND      =        0.0000
 1-4 VDW =      670.9799  1-4 EEL =     8690.7874  RESTRAINT  =        0.0000


   NSTEP       ENERGY          RMS            GMAX         NAME    NUMBER
   5500      -1.9007E+05     2.3207E-01     8.2094E+00     CG2      1950

 BOND    =    39414.5396  ANGLE   =      395.7131  DIHED      =     1000.1689
 VDWAALS =    49791.2182  EEL     =  -290030.7623  HBOND      =        0.0000
 1-4 VDW =      670.8817  1-4 EEL =     8691.7738  RESTRAINT  =        0.0000


   NSTEP       ENERGY          RMS            GMAX         NAME    NUMBER
   5550      -1.9007E+05     2.6702E-02     2.1992E+00     CD        675

 BOND    =    39412.7054  ANGLE   =      395.1956  DIHED      =     1000.0875
 VDWAALS =    49792.3889  EEL     =  -290032.1785  HBOND      =        0.0000
 1-4 VDW =      671.1096  1-4 EEL =     8691.5941  RESTRAINT  =        0.0000


   NSTEP       ENERGY          RMS            GMAX         NAME    NUMBER
   5600      -1.9007E+05     1.0677E-01     5.7277E+00     CD        675

 BOND    =    39418.8841  ANGLE   =      395.4643  DIHED      =     1000.7090
 VDWAALS =    49804.6359  EEL     =  -290057.5448  HBOND      =        0.0000
 1-4 VDW =      671.5561  1-4 EEL =     8692.0897  RESTRAINT  =        0.0000


   NSTEP       ENERGY          RMS            GMAX         NAME    NUMBER
   5650      -1.9008E+05     5.2105E-02     4.2463E+00     CA       1569

 BOND    =    39418.7328  ANGLE   =      395.1424  DIHED      =     1000.5993
 VDWAALS =    49808.2588  EEL     =  -290063.2429  HBOND      =        0.0000
 1-4 VDW =      671.3997  1-4 EEL =     8692.6631  RESTRAINT  =        0.0000


   NSTEP       ENERGY          RMS            GMAX         NAME    NUMBER
   5700      -1.9009E+05     2.6377E-02     2.2091E+00     C        1572

 BOND    =    39428.2236  ANGLE   =      395.2359  DIHED      =     1001.3022
 VDWAALS =    49827.5753  EEL     =  -290105.8203  HBOND      =        0.0000
 1-4 VDW =      671.7313  1-4 EEL =     8694.1565  RESTRAINT  =        0.0000


   NSTEP       ENERGY          RMS            GMAX         NAME    NUMBER
   5750      -1.9009E+05     3.3773E-02     4.1590E+00     CD        675

 BOND    =    39431.6764  ANGLE   =      395.1791  DIHED      =     1001.7548
 VDWAALS =    49840.0463  EEL     =  -290130.5548  HBOND      =        0.0000
 1-4 VDW =      671.9146  1-4 EEL =     8695.1400  RESTRAINT  =        0.0000


   NSTEP       ENERGY          RMS            GMAX         NAME    NUMBER
   5800      -1.9010E+05     1.4960E-01     1.8230E+01     CD        675

 BOND    =    39438.1098  ANGLE   =      395.6172  DIHED      =     1002.8925
 VDWAALS =    49853.0839  EEL     =  -290156.2742  HBOND      =        0.0000
 1-4 VDW =      672.1831  1-4 EEL =     8695.9009  RESTRAINT  =        0.0000


   NSTEP       ENERGY          RMS            GMAX         NAME    NUMBER
   5850      -1.9010E+05     3.0085E-02     3.5020E+00     CD        675

 BOND    =    39439.4158  ANGLE   =      395.1822  DIHED      =     1002.1223
 VDWAALS =    49858.2311  EEL     =  -290164.9607  HBOND      =        0.0000
 1-4 VDW =      672.0699  1-4 EEL =     8696.1666  RESTRAINT  =        0.0000


   NSTEP       ENERGY          RMS            GMAX         NAME    NUMBER
   5900      -1.9010E+05     2.5412E-02     1.5059E+00     CG       2103

 BOND    =    39441.4351  ANGLE   =      395.3316  DIHED      =     1002.2636
 VDWAALS =    49863.5745  EEL     =  -290174.8268  HBOND      =        0.0000
 1-4 VDW =      672.0820  1-4 EEL =     8696.3370  RESTRAINT  =        0.0000


   NSTEP       ENERGY          RMS            GMAX         NAME    NUMBER
   5950      -1.9010E+05     2.9145E-01     1.8536E+01     CD        675

 BOND    =    39450.0705  ANGLE   =      395.7096  DIHED      =     1002.4910
 VDWAALS =    49871.6195  EEL     =  -290193.2452  HBOND      =        0.0000
 1-4 VDW =      672.1775  1-4 EEL =     8696.7621  RESTRAINT  =        0.0000


   NSTEP       ENERGY          RMS            GMAX         NAME    NUMBER
   6000      -1.9011E+05     4.3591E-02     3.3537E+00     CA       1569

 BOND    =    39443.2423  ANGLE   =      395.3318  DIHED      =     1002.4809
 VDWAALS =    49875.7505  EEL     =  -290194.1484  HBOND      =        0.0000
 1-4 VDW =      672.1688  1-4 EEL =     8696.8764  RESTRAINT  =        0.0000


   NSTEP       ENERGY          RMS            GMAX         NAME    NUMBER
   6050      -1.9011E+05     1.3591E-02     4.6691E-01     O       31169

 BOND    =    39447.1360  ANGLE   =      395.3507  DIHED      =     1002.4659
 VDWAALS =    49875.9025  EEL     =  -290198.3668  HBOND      =        0.0000
 1-4 VDW =      672.1613  1-4 EEL =     8696.8840  RESTRAINT  =        0.0000


   NSTEP       ENERGY          RMS            GMAX         NAME    NUMBER
   6100      -1.9011E+05     1.6037E-02     4.6750E-01     O       31169

 BOND    =    39446.4240  ANGLE   =      395.3418  DIHED      =     1002.4665
 VDWAALS =    49875.9571  EEL     =  -290197.7013  HBOND      =        0.0000
 1-4 VDW =      672.1611  1-4 EEL =     8696.8832  RESTRAINT  =        0.0000


   NSTEP       ENERGY          RMS            GMAX         NAME    NUMBER
   6150      -1.9012E+05     3.5939E-02     2.6660E+00     C         265

 BOND    =    39457.6448  ANGLE   =      395.6527  DIHED      =     1002.7327
 VDWAALS =    49905.6510  EEL     =  -290252.9222  HBOND      =        0.0000
 1-4 VDW =      672.2875  1-4 EEL =     8697.9959  RESTRAINT  =        0.0000


   NSTEP       ENERGY          RMS            GMAX         NAME    NUMBER
   6200      -1.9013E+05     8.6615E-02     8.2292E+00     C         265

 BOND    =    39462.9844  ANGLE   =      396.3681  DIHED      =     1002.7317
 VDWAALS =    49913.9986  EEL     =  -290271.7614  HBOND      =        0.0000
 1-4 VDW =      672.2394  1-4 EEL =     8698.4106  RESTRAINT  =        0.0000


   NSTEP       ENERGY          RMS            GMAX         NAME    NUMBER
   6250      -1.9013E+05     1.0811E-01     1.3423E+01     CA       1569

 BOND    =    39463.9549  ANGLE   =      396.1102  DIHED      =     1002.6308
 VDWAALS =    49919.1328  EEL     =  -290280.2564  HBOND      =        0.0000
 1-4 VDW =      672.3496  1-4 EEL =     8698.4462  RESTRAINT  =        0.0000


   NSTEP       ENERGY          RMS            GMAX         NAME    NUMBER
   6300      -1.9013E+05     1.6930E-02     1.2304E+00     CA       1569

 BOND    =    39464.5877  ANGLE   =      396.0064  DIHED      =     1002.4906
 VDWAALS =    49918.9892  EEL     =  -290281.1232  HBOND      =        0.0000
 1-4 VDW =      672.2354  1-4 EEL =     8698.5143  RESTRAINT  =        0.0000


   NSTEP       ENERGY          RMS            GMAX         NAME    NUMBER
   6350      -1.9014E+05     5.1355E-02     5.7203E+00     OG1      3132

 BOND    =    39472.7403  ANGLE   =      397.0171  DIHED      =     1001.6169
 VDWAALS =    49940.9322  EEL     =  -290326.8140  HBOND      =        0.0000
 1-4 VDW =      671.8912  1-4 EEL =     8699.0364  RESTRAINT  =        0.0000


   NSTEP       ENERGY          RMS            GMAX         NAME    NUMBER
   6400      -1.9015E+05     4.5793E-02     7.4032E+00     HG1      3133

 BOND    =    39474.8996  ANGLE   =      396.9161  DIHED      =     1001.1393
 VDWAALS =    49943.4384  EEL     =  -290335.3761  HBOND      =        0.0000
 1-4 VDW =      671.8659  1-4 EEL =     8699.5208  RESTRAINT  =        0.0000


   NSTEP       ENERGY          RMS            GMAX         NAME    NUMBER
   6450      -1.9016E+05     7.7003E-02     7.4118E+00     CG       2103

 BOND    =    39481.1491  ANGLE   =      397.4913  DIHED      =     1000.5388
 VDWAALS =    49957.5271  EEL     =  -290366.9558  HBOND      =        0.0000
 1-4 VDW =      672.3831  1-4 EEL =     8700.4940  RESTRAINT  =        0.0000


   NSTEP       ENERGY          RMS            GMAX         NAME    NUMBER
   6500      -1.9016E+05     3.6537E-02     2.1833E+00     CG2      3128

 BOND    =    39482.7884  ANGLE   =      397.1810  DIHED      =     1000.4874
 VDWAALS =    49962.6122  EEL     =  -290377.8780  HBOND      =        0.0000
 1-4 VDW =      672.0803  1-4 EEL =     8701.1558  RESTRAINT  =        0.0000


   NSTEP       ENERGY          RMS            GMAX         NAME    NUMBER
   6550      -1.9017E+05     5.0227E-02     6.6030E+00     CG       2103

 BOND    =    39486.4996  ANGLE   =      397.1199  DIHED      =     1000.5139
 VDWAALS =    49972.6445  EEL     =  -290397.2128  HBOND      =        0.0000
 1-4 VDW =      672.0952  1-4 EEL =     8701.2603  RESTRAINT  =        0.0000


   NSTEP       ENERGY          RMS            GMAX         NAME    NUMBER
   6600      -1.9017E+05     2.7661E-01     1.6478E+01     CG       2103

 BOND    =    39509.9103  ANGLE   =      397.5036  DIHED      =     1000.6165
 VDWAALS =    49995.1094  EEL     =  -290451.7963  HBOND      =        0.0000
 1-4 VDW =      672.1461  1-4 EEL =     8701.8319  RESTRAINT  =        0.0000


   NSTEP       ENERGY          RMS            GMAX         NAME    NUMBER
   6650      -1.9018E+05     2.1731E-02     1.2777E+00     CG       2103

 BOND    =    39498.2850  ANGLE   =      397.4458  DIHED      =     1000.5754
 VDWAALS =    49998.4446  EEL     =  -290447.2333  HBOND      =        0.0000
 1-4 VDW =      672.2762  1-4 EEL =     8701.8987  RESTRAINT  =        0.0000


   NSTEP       ENERGY          RMS            GMAX         NAME    NUMBER
   6700      -1.9018E+05     3.9708E-02     4.7452E+00     O       21437

 BOND    =    39502.4314  ANGLE   =      397.5221  DIHED      =     1000.6202
 VDWAALS =    50008.8987  EEL     =  -290465.1283  HBOND      =        0.0000
 1-4 VDW =      672.4020  1-4 EEL =     8702.1407  RESTRAINT  =        0.0000


   NSTEP       ENERGY          RMS            GMAX         NAME    NUMBER
   6750      -1.9019E+05     2.9121E-02     2.0964E+00     OD1      2104

 BOND    =    39514.7203  ANGLE   =      398.1908  DIHED      =     1000.8061
 VDWAALS =    50038.5320  EEL     =  -290517.6595  HBOND      =        0.0000
 1-4 VDW =      672.5179  1-4 EEL =     8702.6477  RESTRAINT  =        0.0000


   NSTEP       ENERGY          RMS            GMAX         NAME    NUMBER
   6800      -1.9019E+05     1.9130E-01     1.7797E+01     C        3510

 BOND    =    39518.1977  ANGLE   =      398.1701  DIHED      =     1000.8686
 VDWAALS =    50047.4472  EEL     =  -290533.9730  HBOND      =        0.0000
 1-4 VDW =      672.6223  1-4 EEL =     8703.2129  RESTRAINT  =        0.0000


   NSTEP       ENERGY          RMS            GMAX         NAME    NUMBER
   6850      -1.9020E+05     4.0246E-01     7.7783E+01     C        3510

 BOND    =    39526.8203  ANGLE   =      398.1804  DIHED      =     1000.7788
 VDWAALS =    50062.0367  EEL     =  -290559.7425  HBOND      =        0.0000
 1-4 VDW =      673.1692  1-4 EEL =     8702.6344  RESTRAINT  =        0.0000


   NSTEP       ENERGY          RMS            GMAX         NAME    NUMBER
   6900      -1.9020E+05     1.4657E-02     1.0427E+00     HD21     2684

 BOND    =    39524.0059  ANGLE   =      398.0706  DIHED      =     1000.6263
 VDWAALS =    50064.4726  EEL     =  -290563.8097  HBOND      =        0.0000
 1-4 VDW =      672.9167  1-4 EEL =     8702.2473  RESTRAINT  =        0.0000


   NSTEP       ENERGY          RMS            GMAX         NAME    NUMBER
   6950      -1.9020E+05     2.4204E-02     1.8398E+00     O       10409

 BOND    =    39526.5164  ANGLE   =      398.0526  DIHED      =     1000.5978
 VDWAALS =    50070.3178  EEL     =  -290574.8066  HBOND      =        0.0000
 1-4 VDW =      672.9319  1-4 EEL =     8702.0479  RESTRAINT  =        0.0000


   NSTEP       ENERGY          RMS            GMAX         NAME    NUMBER
   7000      -1.9021E+05     5.8011E-02     1.1121E+01     C        3510

 BOND    =    39528.0324  ANGLE   =      398.0103  DIHED      =     1000.6566
 VDWAALS =    50076.5137  EEL     =  -290584.9556  HBOND      =        0.0000
 1-4 VDW =      673.0357  1-4 EEL =     8701.6859  RESTRAINT  =        0.0000


   NSTEP       ENERGY          RMS            GMAX         NAME    NUMBER
   7050      -1.9021E+05     2.4038E-02     2.3261E+00     O       18929

 BOND    =    39533.1373  ANGLE   =      397.9353  DIHED      =     1001.0211
 VDWAALS =    50090.5218  EEL     =  -290610.4726  HBOND      =        0.0000
 1-4 VDW =      673.1568  1-4 EEL =     8700.9607  RESTRAINT  =        0.0000


   NSTEP       ENERGY          RMS            GMAX         NAME    NUMBER
   7100      -1.9022E+05     3.5089E-02     5.5605E+00     HG1       507

 BOND    =    39535.4132  ANGLE   =      398.2944  DIHED      =     1000.9146
 VDWAALS =    50095.3157  EEL     =  -290620.3084  HBOND      =        0.0000
 1-4 VDW =      673.1985  1-4 EEL =     8700.3999  RESTRAINT  =        0.0000


   NSTEP       ENERGY          RMS            GMAX         NAME    NUMBER
   7150      -1.9022E+05     4.7765E-02     4.5763E+00     C        3510

 BOND    =    39538.6441  ANGLE   =      398.4660  DIHED      =     1000.0659
 VDWAALS =    50100.9482  EEL     =  -290632.6267  HBOND      =        0.0000
 1-4 VDW =      673.2250  1-4 EEL =     8700.3939  RESTRAINT  =        0.0000


   NSTEP       ENERGY          RMS            GMAX         NAME    NUMBER
   7200      -1.9022E+05     4.0152E-02     7.8132E+00     C        3510

 BOND    =    39540.0207  ANGLE   =      398.2944  DIHED      =      999.9054
 VDWAALS =    50106.0979  EEL     =  -290642.1740  HBOND      =        0.0000
 1-4 VDW =      673.3188  1-4 EEL =     8700.1828  RESTRAINT  =        0.0000


   NSTEP       ENERGY          RMS            GMAX         NAME    NUMBER
   7250      -1.9023E+05     1.5215E-02     8.1491E-01     CB        500

 BOND    =    39541.9894  ANGLE   =      398.3931  DIHED      =      999.9578
 VDWAALS =    50110.4084  EEL     =  -290650.6685  HBOND      =        0.0000
 1-4 VDW =      673.3235  1-4 EEL =     8699.6134  RESTRAINT  =        0.0000


   NSTEP       ENERGY          RMS            GMAX         NAME    NUMBER
   7300      -1.9023E+05     1.4391E-02     7.3399E-01     H1      16458

 BOND    =    39541.9490  ANGLE   =      398.3945  DIHED      =      999.9581
 VDWAALS =    50110.4165  EEL     =  -290650.6347  HBOND      =        0.0000
 1-4 VDW =      673.3232  1-4 EEL =     8699.6140  RESTRAINT  =        0.0000


   NSTEP       ENERGY          RMS            GMAX         NAME    NUMBER
   7350      -1.9023E+05     3.6708E-02     2.7069E+00     C        3510

 BOND    =    39543.7124  ANGLE   =      398.5276  DIHED      =     1000.0576
 VDWAALS =    50114.8367  EEL     =  -290659.5250  HBOND      =        0.0000
 1-4 VDW =      673.3584  1-4 EEL =     8699.3452  RESTRAINT  =        0.0000


   NSTEP       ENERGY          RMS            GMAX         NAME    NUMBER
   7400      -1.9023E+05     1.3441E-01     1.7697E+01     H1      31322

 BOND    =    39541.3182  ANGLE   =      398.5090  DIHED      =     1000.4227
 VDWAALS =    50121.9481  EEL     =  -290668.7093  HBOND      =        0.0000
 1-4 VDW =      673.4487  1-4 EEL =     8699.5698  RESTRAINT  =        0.0000


   NSTEP       ENERGY          RMS            GMAX         NAME    NUMBER
   7450      -1.9024E+05     5.9839E-02     7.9922E+00     H2      31323

 BOND    =    39551.7615  ANGLE   =      398.5287  DIHED      =     1000.4408
 VDWAALS =    50130.9337  EEL     =  -290693.2269  HBOND      =        0.0000
 1-4 VDW =      673.5078  1-4 EEL =     8699.0741  RESTRAINT  =        0.0000


   NSTEP       ENERGY          RMS            GMAX         NAME    NUMBER
   7500      -1.9024E+05     2.8559E-02     2.3251E+00     O       31321

 BOND    =    39553.5446  ANGLE   =      398.4208  DIHED      =     1000.5912
 VDWAALS =    50134.7065  EEL     =  -290702.5118  HBOND      =        0.0000
 1-4 VDW =      673.5985  1-4 EEL =     8699.4237  RESTRAINT  =        0.0000


   NSTEP       ENERGY          RMS            GMAX         NAME    NUMBER
   7550      -1.9024E+05     3.8488E-02     2.6824E+00     H1      31322

 BOND    =    39555.1259  ANGLE   =      398.4445  DIHED      =     1000.6893
 VDWAALS =    50138.2572  EEL     =  -290709.4917  HBOND      =        0.0000
 1-4 VDW =      673.7188  1-4 EEL =     8699.3036  RESTRAINT  =        0.0000


   NSTEP       ENERGY          RMS            GMAX         NAME    NUMBER
   7600      -1.9025E+05     7.4719E-02     4.4472E+00     O       31497

 BOND    =    39557.2136  ANGLE   =      398.2411  DIHED      =     1000.8335
 VDWAALS =    50141.7420  EEL     =  -290716.7940  HBOND      =        0.0000
 1-4 VDW =      673.7834  1-4 EEL =     8699.3840  RESTRAINT  =        0.0000


   NSTEP       ENERGY          RMS            GMAX         NAME    NUMBER
   7650      -1.9025E+05     5.3325E-02     3.5436E+00     CG       1701

 BOND    =    39557.4542  ANGLE   =      398.4088  DIHED      =     1000.8723
 VDWAALS =    50143.7467  EEL     =  -290721.0808  HBOND      =        0.0000
 1-4 VDW =      673.7660  1-4 EEL =     8699.7509  RESTRAINT  =        0.0000


   NSTEP       ENERGY          RMS            GMAX         NAME    NUMBER
   7700      -1.9025E+05     7.6624E-02     6.3967E+00     C        2106

 BOND    =    39560.9415  ANGLE   =      397.8267  DIHED      =     1001.3206
 VDWAALS =    50149.6722  EEL     =  -290733.0776  HBOND      =        0.0000
 1-4 VDW =      673.7705  1-4 EEL =     8699.9938  RESTRAINT  =        0.0000


   NSTEP       ENERGY          RMS            GMAX         NAME    NUMBER
   7750      -1.9025E+05     7.7987E-02     5.0516E+00     C        2106

 BOND    =    39562.7358  ANGLE   =      397.9393  DIHED      =     1001.4685
 VDWAALS =    50154.3080  EEL     =  -290742.2194  HBOND      =        0.0000
 1-4 VDW =      673.9268  1-4 EEL =     8699.9199  RESTRAINT  =        0.0000


   NSTEP       ENERGY          RMS            GMAX         NAME    NUMBER
   7800      -1.9025E+05     1.4845E-02     1.0662E+00     C        2106

 BOND    =    39562.4169  ANGLE   =      398.0935  DIHED      =     1001.3268
 VDWAALS =    50155.7442  EEL     =  -290744.8012  HBOND      =        0.0000
 1-4 VDW =      673.9088  1-4 EEL =     8700.1778  RESTRAINT  =        0.0000


   NSTEP       ENERGY          RMS            GMAX         NAME    NUMBER
   7850      -1.9025E+05     1.3989E-01     6.9309E+00     H1      39802

 BOND    =    39561.9267  ANGLE   =      398.8458  DIHED      =     1001.4148
 VDWAALS =    50160.1710  EEL     =  -290750.9364  HBOND      =        0.0000
 1-4 VDW =      673.9711  1-4 EEL =     8700.4187  RESTRAINT  =        0.0000


   NSTEP       ENERGY          RMS            GMAX         NAME    NUMBER
   7900      -1.9026E+05     1.1440E-02     4.3109E-01     H2      29391

 BOND    =    39564.9081  ANGLE   =      398.1288  DIHED      =     1001.5202
 VDWAALS =    50162.8650  EEL     =  -290757.8033  HBOND      =        0.0000
 1-4 VDW =      673.9711  1-4 EEL =     8700.4900  RESTRAINT  =        0.0000


   NSTEP       ENERGY          RMS            GMAX         NAME    NUMBER
   7950      -1.9026E+05     1.0759E-02     4.4347E-01     H2      29391

 BOND    =    39564.9130  ANGLE   =      398.1255  DIHED      =     1001.5210
 VDWAALS =    50162.8728  EEL     =  -290757.8147  HBOND      =        0.0000
 1-4 VDW =      673.9715  1-4 EEL =     8700.4895  RESTRAINT  =        0.0000


   NSTEP       ENERGY          RMS            GMAX         NAME    NUMBER
   8000      -1.9026E+05     2.0471E-01     2.0965E+01     H2      29391

 BOND    =    39583.6272  ANGLE   =      398.8364  DIHED      =     1003.1275
 VDWAALS =    50197.6188  EEL     =  -290821.9672  HBOND      =        0.0000
 1-4 VDW =      674.2072  1-4 EEL =     8701.9332  RESTRAINT  =        0.0000


   NSTEP       ENERGY          RMS            GMAX         NAME    NUMBER
   8050      -1.9027E+05     5.1704E-02     2.6422E+00     CA       2897

 BOND    =    39579.1709  ANGLE   =      397.8812  DIHED      =     1002.5725
 VDWAALS =    50200.6275  EEL     =  -290823.6895  HBOND      =        0.0000
 1-4 VDW =      674.4135  1-4 EEL =     8701.4827  RESTRAINT  =        0.0000


   NSTEP       ENERGY          RMS            GMAX         NAME    NUMBER
   8100      -1.9027E+05     5.6749E-02     7.5169E+00     O       29289

 BOND    =    39583.1953  ANGLE   =      397.9405  DIHED      =     1002.5953
 VDWAALS =    50205.8375  EEL     =  -290836.2203  HBOND      =        0.0000
 1-4 VDW =      674.4201  1-4 EEL =     8701.6248  RESTRAINT  =        0.0000


   NSTEP       ENERGY          RMS            GMAX         NAME    NUMBER
   8150      -1.9027E+05     1.4393E-01     7.8173E+00     H1      45490

 BOND    =    39582.5685  ANGLE   =      398.2685  DIHED      =     1002.9786
 VDWAALS =    50211.4382  EEL     =  -290844.4899  HBOND      =        0.0000
 1-4 VDW =      674.5534  1-4 EEL =     8701.9636  RESTRAINT  =        0.0000


   NSTEP       ENERGY          RMS            GMAX         NAME    NUMBER
   8200      -1.9028E+05     3.1742E-01     4.8135E+01     CG       1701

 BOND    =    39583.9093  ANGLE   =      398.5629  DIHED      =     1003.1442
 VDWAALS =    50216.1616  EEL     =  -290853.1237  HBOND      =        0.0000
 1-4 VDW =      674.4800  1-4 EEL =     8701.7700  RESTRAINT  =        0.0000


   NSTEP       ENERGY          RMS            GMAX         NAME    NUMBER
   8250      -1.9028E+05     3.1697E-02     1.6225E+00     H1      45490

 BOND    =    39584.3979  ANGLE   =      398.0514  DIHED      =     1003.0037
 VDWAALS =    50218.4711  EEL     =  -290859.4849  HBOND      =        0.0000
 1-4 VDW =      674.5378  1-4 EEL =     8701.7325  RESTRAINT  =        0.0000


   NSTEP       ENERGY          RMS            GMAX         NAME    NUMBER
   8300      -1.9028E+05     2.6758E-01     4.2178E+01     CG       1701

 BOND    =    39591.7221  ANGLE   =      398.3351  DIHED      =     1003.2837
 VDWAALS =    50224.2650  EEL     =  -290872.0588  HBOND      =        0.0000
 1-4 VDW =      674.5174  1-4 EEL =     8701.5492  RESTRAINT  =        0.0000


   NSTEP       ENERGY          RMS            GMAX         NAME    NUMBER
   8350      -1.9028E+05     3.5160E-02     1.9898E+00     C        2722

 BOND    =    39587.6351  ANGLE   =      398.1377  DIHED      =     1003.3553
 VDWAALS =    50227.4172  EEL     =  -290876.3890  HBOND      =        0.0000
 1-4 VDW =      674.6048  1-4 EEL =     8701.5544  RESTRAINT  =        0.0000


   NSTEP       ENERGY          RMS            GMAX         NAME    NUMBER
   8400      -1.9029E+05     3.2653E-02     1.9288E+00     O       29289

 BOND    =    39590.0240  ANGLE   =      398.1553  DIHED      =     1003.5792
 VDWAALS =    50232.6827  EEL     =  -290886.7381  HBOND      =        0.0000
 1-4 VDW =      674.6421  1-4 EEL =     8701.8641  RESTRAINT  =        0.0000


   NSTEP       ENERGY          RMS            GMAX         NAME    NUMBER
   8450      -1.9029E+05     1.6223E-02     9.8131E-01     O       29289

 BOND    =    39590.1096  ANGLE   =      398.1512  DIHED      =     1003.5300
 VDWAALS =    50232.7377  EEL     =  -290886.7953  HBOND      =        0.0000
 1-4 VDW =      674.6650  1-4 EEL =     8701.6937  RESTRAINT  =        0.0000


   NSTEP       ENERGY          RMS            GMAX         NAME    NUMBER
   8500      -1.9029E+05     1.1708E-02     6.2297E-01     O       29289

 BOND    =    39590.1051  ANGLE   =      398.1504  DIHED      =     1003.5304
 VDWAALS =    50232.7519  EEL     =  -290886.8091  HBOND      =        0.0000
 1-4 VDW =      674.6669  1-4 EEL =     8701.6936  RESTRAINT  =        0.0000


   NSTEP       ENERGY          RMS            GMAX         NAME    NUMBER
   8550      -1.9029E+05     1.1749E-02     7.3314E-01     H2      32035

 BOND    =    39591.9251  ANGLE   =      398.1582  DIHED      =     1003.6626
 VDWAALS =    50236.8955  EEL     =  -290894.8548  HBOND      =        0.0000
 1-4 VDW =      674.7076  1-4 EEL =     8701.7868  RESTRAINT  =        0.0000


   NSTEP       ENERGY          RMS            GMAX         NAME    NUMBER
   8600      -1.9029E+05     3.8201E-02     3.9345E+00     H1      32034

 BOND    =    39598.6915  ANGLE   =      398.2423  DIHED      =     1004.1804
 VDWAALS =    50251.6328  EEL     =  -290924.7410  HBOND      =        0.0000
 1-4 VDW =      674.8345  1-4 EEL =     8702.3240  RESTRAINT  =        0.0000


   NSTEP       ENERGY          RMS            GMAX         NAME    NUMBER
   8650      -1.9030E+05     2.5347E-02     2.8525E+00     H1      32034

 BOND    =    39598.9591  ANGLE   =      398.1969  DIHED      =     1004.1949
 VDWAALS =    50253.2824  EEL     =  -290927.9892  HBOND      =        0.0000
 1-4 VDW =      674.8837  1-4 EEL =     8702.4117  RESTRAINT  =        0.0000


   NSTEP       ENERGY          RMS            GMAX         NAME    NUMBER
   8700      -1.9030E+05     5.7209E-02     3.6982E+00     CD        675

 BOND    =    39600.6261  ANGLE   =      398.2159  DIHED      =     1004.3640
 VDWAALS =    50259.3356  EEL     =  -290939.8754  HBOND      =        0.0000
 1-4 VDW =      674.9574  1-4 EEL =     8702.7437  RESTRAINT  =        0.0000


   NSTEP       ENERGY          RMS            GMAX         NAME    NUMBER
   8750      -1.9030E+05     1.8604E-02     9.8274E-01     H2      32035

 BOND    =    39601.9012  ANGLE   =      398.1683  DIHED      =     1004.3882
 VDWAALS =    50262.0659  EEL     =  -290945.3306  HBOND      =        0.0000
 1-4 VDW =      674.9493  1-4 EEL =     8702.8208  RESTRAINT  =        0.0000


   NSTEP       ENERGY          RMS            GMAX         NAME    NUMBER
   8800      -1.9030E+05     1.3979E-02     9.4767E-01     H2      32035

 BOND    =    39601.8197  ANGLE   =      398.1645  DIHED      =     1004.3898
 VDWAALS =    50262.0737  EEL     =  -290945.2520  HBOND      =        0.0000
 1-4 VDW =      674.9502  1-4 EEL =     8702.8215  RESTRAINT  =        0.0000


   NSTEP       ENERGY          RMS            GMAX         NAME    NUMBER
   8850      -1.9030E+05     1.2927E-02     5.5402E-01     CB        137

 BOND    =    39603.0154  ANGLE   =      398.1538  DIHED      =     1004.4643
 VDWAALS =    50265.5496  EEL     =  -290951.6221  HBOND      =        0.0000
 1-4 VDW =      674.9764  1-4 EEL =     8702.9633  RESTRAINT  =        0.0000


   NSTEP       ENERGY          RMS            GMAX         NAME    NUMBER
   8900      -1.9031E+05     1.1733E-01     9.3417E+00     C        2972

 BOND    =    39605.0209  ANGLE   =      398.2775  DIHED      =     1004.7649
 VDWAALS =    50276.4606  EEL     =  -290969.0121  HBOND      =        0.0000
 1-4 VDW =      675.0360  1-4 EEL =     8703.3262  RESTRAINT  =        0.0000


   NSTEP       ENERGY          RMS            GMAX         NAME    NUMBER
   8950      -1.9031E+05     3.4531E-02     2.7300E+00     N        2974

 BOND    =    39607.7834  ANGLE   =      398.0904  DIHED      =     1004.8456
 VDWAALS =    50279.5769  EEL     =  -290977.1302  HBOND      =        0.0000
 1-4 VDW =      675.1160  1-4 EEL =     8703.6073  RESTRAINT  =        0.0000


   NSTEP       ENERGY          RMS            GMAX         NAME    NUMBER
   9000      -1.9031E+05     5.3811E-02     3.5625E+00     H2      27099

 BOND    =    39611.6552  ANGLE   =      398.1132  DIHED      =     1005.1088
 VDWAALS =    50288.4834  EEL     =  -290994.9042  HBOND      =        0.0000
 1-4 VDW =      675.2330  1-4 EEL =     8704.0067  RESTRAINT  =        0.0000


   NSTEP       ENERGY          RMS            GMAX         NAME    NUMBER
   9050      -1.9031E+05     2.4406E-02     1.3459E+00     H2      27099

 BOND    =    39612.4810  ANGLE   =      398.0704  DIHED      =     1005.1894
 VDWAALS =    50291.9188  EEL     =  -291000.8178  HBOND      =        0.0000
 1-4 VDW =      675.2114  1-4 EEL =     8704.0865  RESTRAINT  =        0.0000


   NSTEP       ENERGY          RMS            GMAX         NAME    NUMBER
   9100      -1.9032E+05     6.7243E-02     4.9592E+00     HA       2898

 BOND    =    39615.3942  ANGLE   =      398.3813  DIHED      =     1005.4699
 VDWAALS =    50298.5607  EEL     =  -291014.1061  HBOND      =        0.0000
 1-4 VDW =      675.2549  1-4 EEL =     8704.2340  RESTRAINT  =        0.0000


   NSTEP       ENERGY          RMS            GMAX         NAME    NUMBER
   9150      -1.9032E+05     3.2168E-02     4.1123E+00     CD       3442

 BOND    =    39615.6072  ANGLE   =      398.1426  DIHED      =     1005.4222
 VDWAALS =    50298.7440  EEL     =  -291016.1140  HBOND      =        0.0000
 1-4 VDW =      675.3056  1-4 EEL =     8704.3786  RESTRAINT  =        0.0000


   NSTEP       ENERGY          RMS            GMAX         NAME    NUMBER
   9200      -1.9032E+05     2.1410E-02     1.1010E+00     O       32705

 BOND    =    39616.1896  ANGLE   =      398.2443  DIHED      =     1005.5000
 VDWAALS =    50300.8340  EEL     =  -291021.1257  HBOND      =        0.0000
 1-4 VDW =      675.3682  1-4 EEL =     8704.4680  RESTRAINT  =        0.0000


   NSTEP       ENERGY          RMS            GMAX         NAME    NUMBER
   9250      -1.9032E+05     2.2364E-02     1.2998E+00     CD       3442

 BOND    =    39616.9461  ANGLE   =      398.2891  DIHED      =     1005.5807
 VDWAALS =    50302.3054  EEL     =  -291024.6107  HBOND      =        0.0000
 1-4 VDW =      675.3840  1-4 EEL =     8704.5061  RESTRAINT  =        0.0000


   NSTEP       ENERGY          RMS            GMAX         NAME    NUMBER
   9300      -1.9032E+05     2.5774E-01     2.3858E+01     O       34609

 BOND    =    39631.4830  ANGLE   =      398.7286  DIHED      =     1006.2850
 VDWAALS =    50312.7874  EEL     =  -291053.9907  HBOND      =        0.0000
 1-4 VDW =      675.5466  1-4 EEL =     8704.9579  RESTRAINT  =        0.0000


   NSTEP       ENERGY          RMS            GMAX         NAME    NUMBER
   9350      -1.9033E+05     4.4642E-02     4.4226E+00     CD        675

 BOND    =    39622.7593  ANGLE   =      398.3485  DIHED      =     1006.0340
 VDWAALS =    50313.2329  EEL     =  -291050.0220  HBOND      =        0.0000
 1-4 VDW =      675.5183  1-4 EEL =     8705.0333  RESTRAINT  =        0.0000


   NSTEP       ENERGY          RMS            GMAX         NAME    NUMBER
   9400      -1.9033E+05     4.3748E-02     5.0065E+00     CD        675

 BOND    =    39624.5806  ANGLE   =      398.4174  DIHED      =     1006.3210
 VDWAALS =    50317.5686  EEL     =  -291060.0400  HBOND      =        0.0000
 1-4 VDW =      675.5952  1-4 EEL =     8705.2155  RESTRAINT  =        0.0000


   NSTEP       ENERGY          RMS            GMAX         NAME    NUMBER
   9450      -1.9033E+05     2.1725E-02     3.0652E+00     CD        675

 BOND    =    39624.8137  ANGLE   =      398.4879  DIHED      =     1006.4116
 VDWAALS =    50317.8230  EEL     =  -291062.1860  HBOND      =        0.0000
 1-4 VDW =      675.6224  1-4 EEL =     8705.2627  RESTRAINT  =        0.0000


   NSTEP       ENERGY          RMS            GMAX         NAME    NUMBER
   9500      -1.9034E+05     4.2565E-02     3.3714E+00     CD        675

 BOND    =    39625.6213  ANGLE   =      398.4685  DIHED      =     1006.5045
 VDWAALS =    50318.9788  EEL     =  -291066.0822  HBOND      =        0.0000
 1-4 VDW =      675.6257  1-4 EEL =     8705.4358  RESTRAINT  =        0.0000


   NSTEP       ENERGY          RMS            GMAX         NAME    NUMBER
   9550      -1.9034E+05     2.7858E-01     3.2497E+01     CG       1886

 BOND    =    39627.9628  ANGLE   =      399.0169  DIHED      =     1006.7049
 VDWAALS =    50321.9139  EEL     =  -291077.8835  HBOND      =        0.0000
 1-4 VDW =      675.6992  1-4 EEL =     8705.8460  RESTRAINT  =        0.0000


   NSTEP       ENERGY          RMS            GMAX         NAME    NUMBER
   9600      -1.9034E+05     3.1872E-01     4.1031E+01     CG       1886

 BOND    =    39629.2596  ANGLE   =      398.9850  DIHED      =     1006.7211
 VDWAALS =    50322.4952  EEL     =  -291083.8265  HBOND      =        0.0000
 1-4 VDW =      675.8123  1-4 EEL =     8705.8846  RESTRAINT  =        0.0000


   NSTEP       ENERGY          RMS            GMAX         NAME    NUMBER
   9650      -1.9035E+05     3.8440E-01     4.7822E+01     CG       1886

 BOND    =    39634.4185  ANGLE   =      399.2498  DIHED      =     1006.7894
 VDWAALS =    50328.1550  EEL     =  -291099.9360  HBOND      =        0.0000
 1-4 VDW =      676.0559  1-4 EEL =     8706.0809  RESTRAINT  =        0.0000


   NSTEP       ENERGY          RMS            GMAX         NAME    NUMBER
   9700      -1.9035E+05     2.3985E-02     1.9178E+00     CB       2045

 BOND    =    39632.4088  ANGLE   =      398.8014  DIHED      =     1006.7150
 VDWAALS =    50330.9149  EEL     =  -291105.8943  HBOND      =        0.0000
 1-4 VDW =      676.1328  1-4 EEL =     8706.2338  RESTRAINT  =        0.0000


   NSTEP       ENERGY          RMS            GMAX         NAME    NUMBER
   9750      -1.9036E+05     1.5598E-02     9.1057E-01     CD        675

 BOND    =    39632.7791  ANGLE   =      398.7666  DIHED      =     1006.7468
 VDWAALS =    50331.6821  EEL     =  -291107.5851  HBOND      =        0.0000
 1-4 VDW =      676.1510  1-4 EEL =     8706.2205  RESTRAINT  =        0.0000


   NSTEP       ENERGY          RMS            GMAX         NAME    NUMBER
   9800      -1.9036E+05     2.3613E-02     2.0336E+00     CD        675

 BOND    =    39633.8453  ANGLE   =      398.7440  DIHED      =     1006.8680
 VDWAALS =    50333.8464  EEL     =  -291112.4681  HBOND      =        0.0000
 1-4 VDW =      676.2247  1-4 EEL =     8706.2524  RESTRAINT  =        0.0000


   NSTEP       ENERGY          RMS            GMAX         NAME    NUMBER
   9850      -1.9036E+05     2.6752E-01     2.1296E+01     OG       2048

 BOND    =    39640.2739  ANGLE   =      398.5928  DIHED      =     1007.3884
 VDWAALS =    50343.8697  EEL     =  -291133.8123  HBOND      =        0.0000
 1-4 VDW =      676.4201  1-4 EEL =     8706.5810  RESTRAINT  =        0.0000


   NSTEP       ENERGY          RMS            GMAX         NAME    NUMBER
   9900      -1.9037E+05     6.9532E-02     6.8420E+00     CA       1881

 BOND    =    39640.1347  ANGLE   =      398.7583  DIHED      =     1007.7051
 VDWAALS =    50349.5222  EEL     =  -291147.9767  HBOND      =        0.0000
 1-4 VDW =      677.0368  1-4 EEL =     8706.6380  RESTRAINT  =        0.0000


   NSTEP       ENERGY          RMS            GMAX         NAME    NUMBER
   9950      -1.9038E+05     3.6034E-02     3.6103E+00     CB       1883

 BOND    =    39644.2703  ANGLE   =      397.6190  DIHED      =     1007.4998
 VDWAALS =    50358.0173  EEL     =  -291168.5038  HBOND      =        0.0000
 1-4 VDW =      677.6803  1-4 EEL =     8707.4923  RESTRAINT  =        0.0000


   NSTEP       ENERGY          RMS            GMAX         NAME    NUMBER
  10000      -1.9038E+05     5.3272E-02     3.6931E+00     H2      27127

 BOND    =    39647.3212  ANGLE   =      397.3222  DIHED      =     1007.5475
 VDWAALS =    50361.6966  EEL     =  -291177.4839  HBOND      =        0.0000
 1-4 VDW =      677.7505  1-4 EEL =     8707.6555  RESTRAINT  =        0.0000


  Maximum number of minimization cycles reached.


                    FINAL RESULTS



   NSTEP       ENERGY          RMS            GMAX         NAME    NUMBER
  10000      -1.9038E+05     5.3272E-02     3.6931E+00     H2      27127

 BOND    =    39647.3212  ANGLE   =      397.3222  DIHED      =     1007.5475
 VDWAALS =    50361.6966  EEL     =  -291177.4839  HBOND      =        0.0000
 1-4 VDW =      677.7505  1-4 EEL =     8707.6555  RESTRAINT  =        0.0000
--------------------------------------------------------------------------------
   5.  TIMINGS
--------------------------------------------------------------------------------

|  NonSetup CPU Time in Major Routines:
|
|     Routine           Sec        %
|     ------------------------------
|     Nonbond          18.17   35.17
|     Bond              0.00    0.00
|     Angle             0.00    0.00
|     Dihedral          0.00    0.00
|     Shake             0.00    0.00
|     Other            33.50   64.83
|     ------------------------------
|     Total            51.68

|  PME Nonbond Pairlist CPU Time:
|
|     Routine              Sec        %
|     ---------------------------------
|     Set Up Cit           0.00    0.00
|     Build List           0.00    0.00
|     ---------------------------------
|     Total                0.00    0.00

|  PME Direct Force CPU Time:
|
|     Routine              Sec        %
|     ---------------------------------
|     NonBonded Calc       0.00    0.00
|     Exclude Masked       0.00    0.00
|     Other                0.02    0.05
|     ---------------------------------
|     Total                0.02    0.05

|  PME Reciprocal Force CPU Time:
|
|     Routine              Sec        %
|     ---------------------------------
|     1D bspline           0.00    0.00
|     Grid Charges         0.00    0.00
|     Scalar Sum           0.00    0.00
|     Gradient Sum         0.00    0.00
|     FFT                  0.00    0.00
|     ---------------------------------
|     Total                0.00    0.00

|  Setup CPU time:            2.13 seconds
|  NonSetup CPU time:        51.68 seconds
|  Total CPU time:           53.81 seconds     0.01 hours

|  Setup wall time:           2    seconds
|  NonSetup wall time:       52    seconds
|  Total wall time:          54    seconds     0.01 hours
